[2024-09-02T21:35:06.806+0000] {processor.py:161} INFO - Started process (PID=93) to work on /home/airflow/.local/lib/python3.12/site-packages/airflow/example_dags/example_complex.py
[2024-09-02T21:35:06.809+0000] {processor.py:830} INFO - Processing file /home/airflow/.local/lib/python3.12/site-packages/airflow/example_dags/example_complex.py for tasks to queue
[2024-09-02T21:35:06.816+0000] {logging_mixin.py:188} INFO - [2024-09-02T21:35:06.815+0000] {dagbag.py:545} INFO - Filling up the DagBag from /home/airflow/.local/lib/python3.12/site-packages/airflow/example_dags/example_complex.py
[2024-09-02T21:35:06.873+0000] {processor.py:840} INFO - DAG(s) 'example_complex' retrieved from /home/airflow/.local/lib/python3.12/site-packages/airflow/example_dags/example_complex.py
[2024-09-02T21:35:07.364+0000] {logging_mixin.py:188} INFO - [2024-09-02T21:35:07.362+0000] {override.py:1829} INFO - Created Permission View: can edit on DAG:example_complex
[2024-09-02T21:35:07.401+0000] {logging_mixin.py:188} INFO - [2024-09-02T21:35:07.400+0000] {override.py:1829} INFO - Created Permission View: can delete on DAG:example_complex
[2024-09-02T21:35:07.421+0000] {logging_mixin.py:188} INFO - [2024-09-02T21:35:07.420+0000] {override.py:1829} INFO - Created Permission View: can read on DAG:example_complex
[2024-09-02T21:35:07.425+0000] {logging_mixin.py:188} INFO - [2024-09-02T21:35:07.424+0000] {dag.py:3096} INFO - Sync 1 DAGs
[2024-09-02T21:35:07.476+0000] {logging_mixin.py:188} INFO - [2024-09-02T21:35:07.475+0000] {dag.py:3118} INFO - Creating ORM DAG for example_complex
[2024-09-02T21:35:07.481+0000] {logging_mixin.py:188} INFO - [2024-09-02T21:35:07.480+0000] {dag.py:3954} INFO - Setting next_dagrun for example_complex to None, run_after=None
[2024-09-02T21:35:07.542+0000] {processor.py:183} INFO - Processing /home/airflow/.local/lib/python3.12/site-packages/airflow/example_dags/example_complex.py took 0.756 seconds
[2024-09-02T21:35:38.695+0000] {processor.py:161} INFO - Started process (PID=152) to work on /home/airflow/.local/lib/python3.12/site-packages/airflow/example_dags/example_complex.py
[2024-09-02T21:35:38.715+0000] {processor.py:830} INFO - Processing file /home/airflow/.local/lib/python3.12/site-packages/airflow/example_dags/example_complex.py for tasks to queue
[2024-09-02T21:35:38.756+0000] {logging_mixin.py:188} INFO - [2024-09-02T21:35:38.755+0000] {dagbag.py:545} INFO - Filling up the DagBag from /home/airflow/.local/lib/python3.12/site-packages/airflow/example_dags/example_complex.py
[2024-09-02T21:35:38.874+0000] {processor.py:840} INFO - DAG(s) 'example_complex' retrieved from /home/airflow/.local/lib/python3.12/site-packages/airflow/example_dags/example_complex.py
[2024-09-02T21:35:39.213+0000] {logging_mixin.py:188} INFO - [2024-09-02T21:35:39.212+0000] {dag.py:3096} INFO - Sync 1 DAGs
[2024-09-02T21:35:39.352+0000] {logging_mixin.py:188} INFO - [2024-09-02T21:35:39.351+0000] {dag.py:3954} INFO - Setting next_dagrun for example_complex to None, run_after=None
[2024-09-02T21:35:39.494+0000] {processor.py:183} INFO - Processing /home/airflow/.local/lib/python3.12/site-packages/airflow/example_dags/example_complex.py took 0.835 seconds
[2024-09-02T21:36:10.802+0000] {processor.py:161} INFO - Started process (PID=212) to work on /home/airflow/.local/lib/python3.12/site-packages/airflow/example_dags/example_complex.py
[2024-09-02T21:36:10.808+0000] {processor.py:830} INFO - Processing file /home/airflow/.local/lib/python3.12/site-packages/airflow/example_dags/example_complex.py for tasks to queue
[2024-09-02T21:36:10.817+0000] {logging_mixin.py:188} INFO - [2024-09-02T21:36:10.816+0000] {dagbag.py:545} INFO - Filling up the DagBag from /home/airflow/.local/lib/python3.12/site-packages/airflow/example_dags/example_complex.py
[2024-09-02T21:36:10.893+0000] {processor.py:840} INFO - DAG(s) 'example_complex' retrieved from /home/airflow/.local/lib/python3.12/site-packages/airflow/example_dags/example_complex.py
[2024-09-02T21:36:11.075+0000] {logging_mixin.py:188} INFO - [2024-09-02T21:36:11.075+0000] {dag.py:3096} INFO - Sync 1 DAGs
[2024-09-02T21:36:11.137+0000] {logging_mixin.py:188} INFO - [2024-09-02T21:36:11.136+0000] {dag.py:3954} INFO - Setting next_dagrun for example_complex to None, run_after=None
[2024-09-02T21:36:11.251+0000] {processor.py:183} INFO - Processing /home/airflow/.local/lib/python3.12/site-packages/airflow/example_dags/example_complex.py took 0.476 seconds
[2024-09-02T21:38:39.794+0000] {processor.py:161} INFO - Started process (PID=84) to work on /home/airflow/.local/lib/python3.12/site-packages/airflow/example_dags/example_complex.py
[2024-09-02T21:38:39.798+0000] {processor.py:830} INFO - Processing file /home/airflow/.local/lib/python3.12/site-packages/airflow/example_dags/example_complex.py for tasks to queue
[2024-09-02T21:38:39.805+0000] {logging_mixin.py:188} INFO - [2024-09-02T21:38:39.804+0000] {dagbag.py:545} INFO - Filling up the DagBag from /home/airflow/.local/lib/python3.12/site-packages/airflow/example_dags/example_complex.py
[2024-09-02T21:38:39.896+0000] {processor.py:840} INFO - DAG(s) 'example_complex' retrieved from /home/airflow/.local/lib/python3.12/site-packages/airflow/example_dags/example_complex.py
[2024-09-02T21:38:40.703+0000] {logging_mixin.py:188} INFO - [2024-09-02T21:38:40.701+0000] {override.py:1829} INFO - Created Permission View: can edit on DAG:example_complex
[2024-09-02T21:38:40.735+0000] {logging_mixin.py:188} INFO - [2024-09-02T21:38:40.735+0000] {override.py:1829} INFO - Created Permission View: can read on DAG:example_complex
[2024-09-02T21:38:40.755+0000] {logging_mixin.py:188} INFO - [2024-09-02T21:38:40.754+0000] {override.py:1829} INFO - Created Permission View: can delete on DAG:example_complex
[2024-09-02T21:38:40.757+0000] {logging_mixin.py:188} INFO - [2024-09-02T21:38:40.757+0000] {dag.py:3096} INFO - Sync 1 DAGs
[2024-09-02T21:38:40.835+0000] {logging_mixin.py:188} INFO - [2024-09-02T21:38:40.834+0000] {dag.py:3118} INFO - Creating ORM DAG for example_complex
[2024-09-02T21:38:40.838+0000] {logging_mixin.py:188} INFO - [2024-09-02T21:38:40.838+0000] {dag.py:3954} INFO - Setting next_dagrun for example_complex to None, run_after=None
[2024-09-02T21:38:40.921+0000] {processor.py:183} INFO - Processing /home/airflow/.local/lib/python3.12/site-packages/airflow/example_dags/example_complex.py took 1.154 seconds
[2024-09-02T21:39:11.599+0000] {processor.py:161} INFO - Started process (PID=151) to work on /home/airflow/.local/lib/python3.12/site-packages/airflow/example_dags/example_complex.py
[2024-09-02T21:39:11.601+0000] {processor.py:830} INFO - Processing file /home/airflow/.local/lib/python3.12/site-packages/airflow/example_dags/example_complex.py for tasks to queue
[2024-09-02T21:39:11.602+0000] {logging_mixin.py:188} INFO - [2024-09-02T21:39:11.602+0000] {dagbag.py:545} INFO - Filling up the DagBag from /home/airflow/.local/lib/python3.12/site-packages/airflow/example_dags/example_complex.py
[2024-09-02T21:39:11.617+0000] {processor.py:840} INFO - DAG(s) 'example_complex' retrieved from /home/airflow/.local/lib/python3.12/site-packages/airflow/example_dags/example_complex.py
[2024-09-02T21:39:11.655+0000] {logging_mixin.py:188} INFO - [2024-09-02T21:39:11.655+0000] {dag.py:3096} INFO - Sync 1 DAGs
[2024-09-02T21:39:11.670+0000] {logging_mixin.py:188} INFO - [2024-09-02T21:39:11.669+0000] {dag.py:3954} INFO - Setting next_dagrun for example_complex to None, run_after=None
[2024-09-02T21:39:11.692+0000] {processor.py:183} INFO - Processing /home/airflow/.local/lib/python3.12/site-packages/airflow/example_dags/example_complex.py took 0.097 seconds
[2024-09-02T21:39:41.782+0000] {processor.py:161} INFO - Started process (PID=210) to work on /home/airflow/.local/lib/python3.12/site-packages/airflow/example_dags/example_complex.py
[2024-09-02T21:39:41.784+0000] {processor.py:830} INFO - Processing file /home/airflow/.local/lib/python3.12/site-packages/airflow/example_dags/example_complex.py for tasks to queue
[2024-09-02T21:39:41.788+0000] {logging_mixin.py:188} INFO - [2024-09-02T21:39:41.787+0000] {dagbag.py:545} INFO - Filling up the DagBag from /home/airflow/.local/lib/python3.12/site-packages/airflow/example_dags/example_complex.py
[2024-09-02T21:39:41.806+0000] {processor.py:840} INFO - DAG(s) 'example_complex' retrieved from /home/airflow/.local/lib/python3.12/site-packages/airflow/example_dags/example_complex.py
[2024-09-02T21:39:41.862+0000] {logging_mixin.py:188} INFO - [2024-09-02T21:39:41.861+0000] {dag.py:3096} INFO - Sync 1 DAGs
[2024-09-02T21:39:41.878+0000] {logging_mixin.py:188} INFO - [2024-09-02T21:39:41.877+0000] {dag.py:3954} INFO - Setting next_dagrun for example_complex to None, run_after=None
[2024-09-02T21:39:41.910+0000] {processor.py:183} INFO - Processing /home/airflow/.local/lib/python3.12/site-packages/airflow/example_dags/example_complex.py took 0.139 seconds
[2024-09-02T21:40:12.199+0000] {processor.py:161} INFO - Started process (PID=271) to work on /home/airflow/.local/lib/python3.12/site-packages/airflow/example_dags/example_complex.py
[2024-09-02T21:40:12.200+0000] {processor.py:830} INFO - Processing file /home/airflow/.local/lib/python3.12/site-packages/airflow/example_dags/example_complex.py for tasks to queue
[2024-09-02T21:40:12.202+0000] {logging_mixin.py:188} INFO - [2024-09-02T21:40:12.202+0000] {dagbag.py:545} INFO - Filling up the DagBag from /home/airflow/.local/lib/python3.12/site-packages/airflow/example_dags/example_complex.py
[2024-09-02T21:40:12.212+0000] {processor.py:840} INFO - DAG(s) 'example_complex' retrieved from /home/airflow/.local/lib/python3.12/site-packages/airflow/example_dags/example_complex.py
[2024-09-02T21:40:12.249+0000] {logging_mixin.py:188} INFO - [2024-09-02T21:40:12.249+0000] {dag.py:3096} INFO - Sync 1 DAGs
[2024-09-02T21:40:12.265+0000] {logging_mixin.py:188} INFO - [2024-09-02T21:40:12.264+0000] {dag.py:3954} INFO - Setting next_dagrun for example_complex to None, run_after=None
[2024-09-02T21:40:12.288+0000] {processor.py:183} INFO - Processing /home/airflow/.local/lib/python3.12/site-packages/airflow/example_dags/example_complex.py took 0.094 seconds
[2024-09-02T21:40:42.631+0000] {processor.py:161} INFO - Started process (PID=331) to work on /home/airflow/.local/lib/python3.12/site-packages/airflow/example_dags/example_complex.py
[2024-09-02T21:40:42.633+0000] {processor.py:830} INFO - Processing file /home/airflow/.local/lib/python3.12/site-packages/airflow/example_dags/example_complex.py for tasks to queue
[2024-09-02T21:40:42.636+0000] {logging_mixin.py:188} INFO - [2024-09-02T21:40:42.635+0000] {dagbag.py:545} INFO - Filling up the DagBag from /home/airflow/.local/lib/python3.12/site-packages/airflow/example_dags/example_complex.py
[2024-09-02T21:40:42.655+0000] {processor.py:840} INFO - DAG(s) 'example_complex' retrieved from /home/airflow/.local/lib/python3.12/site-packages/airflow/example_dags/example_complex.py
[2024-09-02T21:40:42.721+0000] {logging_mixin.py:188} INFO - [2024-09-02T21:40:42.721+0000] {dag.py:3096} INFO - Sync 1 DAGs
[2024-09-02T21:40:42.752+0000] {logging_mixin.py:188} INFO - [2024-09-02T21:40:42.752+0000] {dag.py:3954} INFO - Setting next_dagrun for example_complex to None, run_after=None
[2024-09-02T21:40:42.792+0000] {processor.py:183} INFO - Processing /home/airflow/.local/lib/python3.12/site-packages/airflow/example_dags/example_complex.py took 0.174 seconds
[2024-09-02T21:41:13.093+0000] {processor.py:161} INFO - Started process (PID=391) to work on /home/airflow/.local/lib/python3.12/site-packages/airflow/example_dags/example_complex.py
[2024-09-02T21:41:13.094+0000] {processor.py:830} INFO - Processing file /home/airflow/.local/lib/python3.12/site-packages/airflow/example_dags/example_complex.py for tasks to queue
[2024-09-02T21:41:13.096+0000] {logging_mixin.py:188} INFO - [2024-09-02T21:41:13.096+0000] {dagbag.py:545} INFO - Filling up the DagBag from /home/airflow/.local/lib/python3.12/site-packages/airflow/example_dags/example_complex.py
[2024-09-02T21:41:13.108+0000] {processor.py:840} INFO - DAG(s) 'example_complex' retrieved from /home/airflow/.local/lib/python3.12/site-packages/airflow/example_dags/example_complex.py
[2024-09-02T21:41:13.150+0000] {logging_mixin.py:188} INFO - [2024-09-02T21:41:13.149+0000] {dag.py:3096} INFO - Sync 1 DAGs
[2024-09-02T21:41:13.167+0000] {logging_mixin.py:188} INFO - [2024-09-02T21:41:13.167+0000] {dag.py:3954} INFO - Setting next_dagrun for example_complex to None, run_after=None
[2024-09-02T21:41:13.193+0000] {processor.py:183} INFO - Processing /home/airflow/.local/lib/python3.12/site-packages/airflow/example_dags/example_complex.py took 0.106 seconds
[2024-09-02T21:44:32.891+0000] {processor.py:161} INFO - Started process (PID=85) to work on /home/airflow/.local/lib/python3.12/site-packages/airflow/example_dags/example_complex.py
[2024-09-02T21:44:32.893+0000] {processor.py:830} INFO - Processing file /home/airflow/.local/lib/python3.12/site-packages/airflow/example_dags/example_complex.py for tasks to queue
[2024-09-02T21:44:32.898+0000] {logging_mixin.py:188} INFO - [2024-09-02T21:44:32.897+0000] {dagbag.py:545} INFO - Filling up the DagBag from /home/airflow/.local/lib/python3.12/site-packages/airflow/example_dags/example_complex.py
[2024-09-02T21:44:32.929+0000] {processor.py:840} INFO - DAG(s) 'example_complex' retrieved from /home/airflow/.local/lib/python3.12/site-packages/airflow/example_dags/example_complex.py
[2024-09-02T21:44:33.186+0000] {logging_mixin.py:188} INFO - [2024-09-02T21:44:33.185+0000] {override.py:1829} INFO - Created Permission View: can read on DAG:example_complex
[2024-09-02T21:44:33.206+0000] {logging_mixin.py:188} INFO - [2024-09-02T21:44:33.205+0000] {override.py:1829} INFO - Created Permission View: can delete on DAG:example_complex
[2024-09-02T21:44:33.218+0000] {logging_mixin.py:188} INFO - [2024-09-02T21:44:33.218+0000] {override.py:1829} INFO - Created Permission View: can edit on DAG:example_complex
[2024-09-02T21:44:33.220+0000] {logging_mixin.py:188} INFO - [2024-09-02T21:44:33.219+0000] {dag.py:3096} INFO - Sync 1 DAGs
[2024-09-02T21:44:33.253+0000] {logging_mixin.py:188} INFO - [2024-09-02T21:44:33.253+0000] {dag.py:3118} INFO - Creating ORM DAG for example_complex
[2024-09-02T21:44:33.256+0000] {logging_mixin.py:188} INFO - [2024-09-02T21:44:33.255+0000] {dag.py:3954} INFO - Setting next_dagrun for example_complex to None, run_after=None
[2024-09-02T21:44:33.295+0000] {processor.py:183} INFO - Processing /home/airflow/.local/lib/python3.12/site-packages/airflow/example_dags/example_complex.py took 0.416 seconds
[2024-09-02T21:45:03.361+0000] {processor.py:161} INFO - Started process (PID=144) to work on /home/airflow/.local/lib/python3.12/site-packages/airflow/example_dags/example_complex.py
[2024-09-02T21:45:03.363+0000] {processor.py:830} INFO - Processing file /home/airflow/.local/lib/python3.12/site-packages/airflow/example_dags/example_complex.py for tasks to queue
[2024-09-02T21:45:03.366+0000] {logging_mixin.py:188} INFO - [2024-09-02T21:45:03.365+0000] {dagbag.py:545} INFO - Filling up the DagBag from /home/airflow/.local/lib/python3.12/site-packages/airflow/example_dags/example_complex.py
[2024-09-02T21:45:03.383+0000] {processor.py:840} INFO - DAG(s) 'example_complex' retrieved from /home/airflow/.local/lib/python3.12/site-packages/airflow/example_dags/example_complex.py
[2024-09-02T21:45:03.437+0000] {logging_mixin.py:188} INFO - [2024-09-02T21:45:03.437+0000] {dag.py:3096} INFO - Sync 1 DAGs
[2024-09-02T21:45:03.458+0000] {logging_mixin.py:188} INFO - [2024-09-02T21:45:03.458+0000] {dag.py:3954} INFO - Setting next_dagrun for example_complex to None, run_after=None
[2024-09-02T21:45:03.482+0000] {processor.py:183} INFO - Processing /home/airflow/.local/lib/python3.12/site-packages/airflow/example_dags/example_complex.py took 0.130 seconds
[2024-09-02T21:45:34.027+0000] {processor.py:161} INFO - Started process (PID=204) to work on /home/airflow/.local/lib/python3.12/site-packages/airflow/example_dags/example_complex.py
[2024-09-02T21:45:34.029+0000] {processor.py:830} INFO - Processing file /home/airflow/.local/lib/python3.12/site-packages/airflow/example_dags/example_complex.py for tasks to queue
[2024-09-02T21:45:34.032+0000] {logging_mixin.py:188} INFO - [2024-09-02T21:45:34.032+0000] {dagbag.py:545} INFO - Filling up the DagBag from /home/airflow/.local/lib/python3.12/site-packages/airflow/example_dags/example_complex.py
[2024-09-02T21:45:34.055+0000] {processor.py:840} INFO - DAG(s) 'example_complex' retrieved from /home/airflow/.local/lib/python3.12/site-packages/airflow/example_dags/example_complex.py
[2024-09-02T21:45:34.100+0000] {logging_mixin.py:188} INFO - [2024-09-02T21:45:34.100+0000] {dag.py:3096} INFO - Sync 1 DAGs
[2024-09-02T21:45:34.124+0000] {logging_mixin.py:188} INFO - [2024-09-02T21:45:34.123+0000] {dag.py:3954} INFO - Setting next_dagrun for example_complex to None, run_after=None
[2024-09-02T21:45:34.176+0000] {processor.py:183} INFO - Processing /home/airflow/.local/lib/python3.12/site-packages/airflow/example_dags/example_complex.py took 0.163 seconds
[2024-09-02T21:46:04.578+0000] {processor.py:161} INFO - Started process (PID=266) to work on /home/airflow/.local/lib/python3.12/site-packages/airflow/example_dags/example_complex.py
[2024-09-02T21:46:04.580+0000] {processor.py:830} INFO - Processing file /home/airflow/.local/lib/python3.12/site-packages/airflow/example_dags/example_complex.py for tasks to queue
[2024-09-02T21:46:04.584+0000] {logging_mixin.py:188} INFO - [2024-09-02T21:46:04.583+0000] {dagbag.py:545} INFO - Filling up the DagBag from /home/airflow/.local/lib/python3.12/site-packages/airflow/example_dags/example_complex.py
[2024-09-02T21:46:04.607+0000] {processor.py:840} INFO - DAG(s) 'example_complex' retrieved from /home/airflow/.local/lib/python3.12/site-packages/airflow/example_dags/example_complex.py
[2024-09-02T21:46:04.670+0000] {logging_mixin.py:188} INFO - [2024-09-02T21:46:04.670+0000] {dag.py:3096} INFO - Sync 1 DAGs
[2024-09-02T21:46:04.696+0000] {logging_mixin.py:188} INFO - [2024-09-02T21:46:04.695+0000] {dag.py:3954} INFO - Setting next_dagrun for example_complex to None, run_after=None
[2024-09-02T21:46:04.732+0000] {processor.py:183} INFO - Processing /home/airflow/.local/lib/python3.12/site-packages/airflow/example_dags/example_complex.py took 0.165 seconds
[2024-09-02T21:46:35.443+0000] {processor.py:161} INFO - Started process (PID=326) to work on /home/airflow/.local/lib/python3.12/site-packages/airflow/example_dags/example_complex.py
[2024-09-02T21:46:35.444+0000] {processor.py:830} INFO - Processing file /home/airflow/.local/lib/python3.12/site-packages/airflow/example_dags/example_complex.py for tasks to queue
[2024-09-02T21:46:35.447+0000] {logging_mixin.py:188} INFO - [2024-09-02T21:46:35.446+0000] {dagbag.py:545} INFO - Filling up the DagBag from /home/airflow/.local/lib/python3.12/site-packages/airflow/example_dags/example_complex.py
[2024-09-02T21:46:35.461+0000] {processor.py:840} INFO - DAG(s) 'example_complex' retrieved from /home/airflow/.local/lib/python3.12/site-packages/airflow/example_dags/example_complex.py
[2024-09-02T21:46:35.505+0000] {logging_mixin.py:188} INFO - [2024-09-02T21:46:35.504+0000] {dag.py:3096} INFO - Sync 1 DAGs
[2024-09-02T21:46:35.522+0000] {logging_mixin.py:188} INFO - [2024-09-02T21:46:35.521+0000] {dag.py:3954} INFO - Setting next_dagrun for example_complex to None, run_after=None
[2024-09-02T21:46:35.556+0000] {processor.py:183} INFO - Processing /home/airflow/.local/lib/python3.12/site-packages/airflow/example_dags/example_complex.py took 0.123 seconds
[2024-09-02T21:47:06.234+0000] {processor.py:161} INFO - Started process (PID=386) to work on /home/airflow/.local/lib/python3.12/site-packages/airflow/example_dags/example_complex.py
[2024-09-02T21:47:06.235+0000] {processor.py:830} INFO - Processing file /home/airflow/.local/lib/python3.12/site-packages/airflow/example_dags/example_complex.py for tasks to queue
[2024-09-02T21:47:06.238+0000] {logging_mixin.py:188} INFO - [2024-09-02T21:47:06.238+0000] {dagbag.py:545} INFO - Filling up the DagBag from /home/airflow/.local/lib/python3.12/site-packages/airflow/example_dags/example_complex.py
[2024-09-02T21:47:06.250+0000] {processor.py:840} INFO - DAG(s) 'example_complex' retrieved from /home/airflow/.local/lib/python3.12/site-packages/airflow/example_dags/example_complex.py
[2024-09-02T21:47:06.293+0000] {logging_mixin.py:188} INFO - [2024-09-02T21:47:06.292+0000] {dag.py:3096} INFO - Sync 1 DAGs
[2024-09-02T21:47:06.310+0000] {logging_mixin.py:188} INFO - [2024-09-02T21:47:06.310+0000] {dag.py:3954} INFO - Setting next_dagrun for example_complex to None, run_after=None
[2024-09-02T21:47:06.338+0000] {processor.py:183} INFO - Processing /home/airflow/.local/lib/python3.12/site-packages/airflow/example_dags/example_complex.py took 0.113 seconds
[2024-09-02T21:47:36.719+0000] {processor.py:161} INFO - Started process (PID=446) to work on /home/airflow/.local/lib/python3.12/site-packages/airflow/example_dags/example_complex.py
[2024-09-02T21:47:36.721+0000] {processor.py:830} INFO - Processing file /home/airflow/.local/lib/python3.12/site-packages/airflow/example_dags/example_complex.py for tasks to queue
[2024-09-02T21:47:36.724+0000] {logging_mixin.py:188} INFO - [2024-09-02T21:47:36.724+0000] {dagbag.py:545} INFO - Filling up the DagBag from /home/airflow/.local/lib/python3.12/site-packages/airflow/example_dags/example_complex.py
[2024-09-02T21:47:36.745+0000] {processor.py:840} INFO - DAG(s) 'example_complex' retrieved from /home/airflow/.local/lib/python3.12/site-packages/airflow/example_dags/example_complex.py
[2024-09-02T21:47:36.819+0000] {logging_mixin.py:188} INFO - [2024-09-02T21:47:36.818+0000] {dag.py:3096} INFO - Sync 1 DAGs
[2024-09-02T21:47:36.845+0000] {logging_mixin.py:188} INFO - [2024-09-02T21:47:36.845+0000] {dag.py:3954} INFO - Setting next_dagrun for example_complex to None, run_after=None
[2024-09-02T21:47:36.880+0000] {processor.py:183} INFO - Processing /home/airflow/.local/lib/python3.12/site-packages/airflow/example_dags/example_complex.py took 0.173 seconds
[2024-09-02T21:48:07.856+0000] {processor.py:161} INFO - Started process (PID=506) to work on /home/airflow/.local/lib/python3.12/site-packages/airflow/example_dags/example_complex.py
[2024-09-02T21:48:07.858+0000] {processor.py:830} INFO - Processing file /home/airflow/.local/lib/python3.12/site-packages/airflow/example_dags/example_complex.py for tasks to queue
[2024-09-02T21:48:07.862+0000] {logging_mixin.py:188} INFO - [2024-09-02T21:48:07.861+0000] {dagbag.py:545} INFO - Filling up the DagBag from /home/airflow/.local/lib/python3.12/site-packages/airflow/example_dags/example_complex.py
[2024-09-02T21:48:07.879+0000] {processor.py:840} INFO - DAG(s) 'example_complex' retrieved from /home/airflow/.local/lib/python3.12/site-packages/airflow/example_dags/example_complex.py
[2024-09-02T21:48:07.928+0000] {logging_mixin.py:188} INFO - [2024-09-02T21:48:07.927+0000] {dag.py:3096} INFO - Sync 1 DAGs
[2024-09-02T21:48:07.960+0000] {logging_mixin.py:188} INFO - [2024-09-02T21:48:07.959+0000] {dag.py:3954} INFO - Setting next_dagrun for example_complex to None, run_after=None
[2024-09-02T21:48:07.998+0000] {processor.py:183} INFO - Processing /home/airflow/.local/lib/python3.12/site-packages/airflow/example_dags/example_complex.py took 0.152 seconds
[2024-09-02T21:48:38.947+0000] {processor.py:161} INFO - Started process (PID=566) to work on /home/airflow/.local/lib/python3.12/site-packages/airflow/example_dags/example_complex.py
[2024-09-02T21:48:38.949+0000] {processor.py:830} INFO - Processing file /home/airflow/.local/lib/python3.12/site-packages/airflow/example_dags/example_complex.py for tasks to queue
[2024-09-02T21:48:38.955+0000] {logging_mixin.py:188} INFO - [2024-09-02T21:48:38.954+0000] {dagbag.py:545} INFO - Filling up the DagBag from /home/airflow/.local/lib/python3.12/site-packages/airflow/example_dags/example_complex.py
[2024-09-02T21:48:38.981+0000] {processor.py:840} INFO - DAG(s) 'example_complex' retrieved from /home/airflow/.local/lib/python3.12/site-packages/airflow/example_dags/example_complex.py
[2024-09-02T21:48:39.043+0000] {logging_mixin.py:188} INFO - [2024-09-02T21:48:39.042+0000] {dag.py:3096} INFO - Sync 1 DAGs
[2024-09-02T21:48:39.064+0000] {logging_mixin.py:188} INFO - [2024-09-02T21:48:39.063+0000] {dag.py:3954} INFO - Setting next_dagrun for example_complex to None, run_after=None
[2024-09-02T21:48:39.089+0000] {processor.py:183} INFO - Processing /home/airflow/.local/lib/python3.12/site-packages/airflow/example_dags/example_complex.py took 0.153 seconds
[2024-09-02T21:49:09.733+0000] {processor.py:161} INFO - Started process (PID=626) to work on /home/airflow/.local/lib/python3.12/site-packages/airflow/example_dags/example_complex.py
[2024-09-02T21:49:09.736+0000] {processor.py:830} INFO - Processing file /home/airflow/.local/lib/python3.12/site-packages/airflow/example_dags/example_complex.py for tasks to queue
[2024-09-02T21:49:09.741+0000] {logging_mixin.py:188} INFO - [2024-09-02T21:49:09.740+0000] {dagbag.py:545} INFO - Filling up the DagBag from /home/airflow/.local/lib/python3.12/site-packages/airflow/example_dags/example_complex.py
[2024-09-02T21:49:09.768+0000] {processor.py:840} INFO - DAG(s) 'example_complex' retrieved from /home/airflow/.local/lib/python3.12/site-packages/airflow/example_dags/example_complex.py
[2024-09-02T21:49:09.893+0000] {logging_mixin.py:188} INFO - [2024-09-02T21:49:09.892+0000] {dag.py:3096} INFO - Sync 1 DAGs
[2024-09-02T21:49:09.948+0000] {logging_mixin.py:188} INFO - [2024-09-02T21:49:09.948+0000] {dag.py:3954} INFO - Setting next_dagrun for example_complex to None, run_after=None
[2024-09-02T21:49:10.013+0000] {processor.py:183} INFO - Processing /home/airflow/.local/lib/python3.12/site-packages/airflow/example_dags/example_complex.py took 0.295 seconds
[2024-09-02T21:49:40.562+0000] {processor.py:161} INFO - Started process (PID=686) to work on /home/airflow/.local/lib/python3.12/site-packages/airflow/example_dags/example_complex.py
[2024-09-02T21:49:40.563+0000] {processor.py:830} INFO - Processing file /home/airflow/.local/lib/python3.12/site-packages/airflow/example_dags/example_complex.py for tasks to queue
[2024-09-02T21:49:40.566+0000] {logging_mixin.py:188} INFO - [2024-09-02T21:49:40.565+0000] {dagbag.py:545} INFO - Filling up the DagBag from /home/airflow/.local/lib/python3.12/site-packages/airflow/example_dags/example_complex.py
[2024-09-02T21:49:40.585+0000] {processor.py:840} INFO - DAG(s) 'example_complex' retrieved from /home/airflow/.local/lib/python3.12/site-packages/airflow/example_dags/example_complex.py
[2024-09-02T21:49:40.635+0000] {logging_mixin.py:188} INFO - [2024-09-02T21:49:40.634+0000] {dag.py:3096} INFO - Sync 1 DAGs
[2024-09-02T21:49:40.656+0000] {logging_mixin.py:188} INFO - [2024-09-02T21:49:40.655+0000] {dag.py:3954} INFO - Setting next_dagrun for example_complex to None, run_after=None
[2024-09-02T21:49:40.682+0000] {processor.py:183} INFO - Processing /home/airflow/.local/lib/python3.12/site-packages/airflow/example_dags/example_complex.py took 0.128 seconds
[2024-09-02T21:50:10.954+0000] {processor.py:161} INFO - Started process (PID=745) to work on /home/airflow/.local/lib/python3.12/site-packages/airflow/example_dags/example_complex.py
[2024-09-02T21:50:10.958+0000] {processor.py:830} INFO - Processing file /home/airflow/.local/lib/python3.12/site-packages/airflow/example_dags/example_complex.py for tasks to queue
[2024-09-02T21:50:10.973+0000] {logging_mixin.py:188} INFO - [2024-09-02T21:50:10.971+0000] {dagbag.py:545} INFO - Filling up the DagBag from /home/airflow/.local/lib/python3.12/site-packages/airflow/example_dags/example_complex.py
[2024-09-02T21:50:11.011+0000] {processor.py:840} INFO - DAG(s) 'example_complex' retrieved from /home/airflow/.local/lib/python3.12/site-packages/airflow/example_dags/example_complex.py
[2024-09-02T21:50:11.105+0000] {logging_mixin.py:188} INFO - [2024-09-02T21:50:11.104+0000] {dag.py:3096} INFO - Sync 1 DAGs
[2024-09-02T21:50:11.132+0000] {logging_mixin.py:188} INFO - [2024-09-02T21:50:11.132+0000] {dag.py:3954} INFO - Setting next_dagrun for example_complex to None, run_after=None
[2024-09-02T21:50:11.167+0000] {processor.py:183} INFO - Processing /home/airflow/.local/lib/python3.12/site-packages/airflow/example_dags/example_complex.py took 0.243 seconds
[2024-09-02T21:50:41.389+0000] {processor.py:161} INFO - Started process (PID=805) to work on /home/airflow/.local/lib/python3.12/site-packages/airflow/example_dags/example_complex.py
[2024-09-02T21:50:41.391+0000] {processor.py:830} INFO - Processing file /home/airflow/.local/lib/python3.12/site-packages/airflow/example_dags/example_complex.py for tasks to queue
[2024-09-02T21:50:41.394+0000] {logging_mixin.py:188} INFO - [2024-09-02T21:50:41.394+0000] {dagbag.py:545} INFO - Filling up the DagBag from /home/airflow/.local/lib/python3.12/site-packages/airflow/example_dags/example_complex.py
[2024-09-02T21:50:41.410+0000] {processor.py:840} INFO - DAG(s) 'example_complex' retrieved from /home/airflow/.local/lib/python3.12/site-packages/airflow/example_dags/example_complex.py
[2024-09-02T21:50:41.462+0000] {logging_mixin.py:188} INFO - [2024-09-02T21:50:41.461+0000] {dag.py:3096} INFO - Sync 1 DAGs
[2024-09-02T21:50:41.482+0000] {logging_mixin.py:188} INFO - [2024-09-02T21:50:41.481+0000] {dag.py:3954} INFO - Setting next_dagrun for example_complex to None, run_after=None
[2024-09-02T21:50:41.510+0000] {processor.py:183} INFO - Processing /home/airflow/.local/lib/python3.12/site-packages/airflow/example_dags/example_complex.py took 0.131 seconds
[2024-09-02T21:51:11.732+0000] {processor.py:161} INFO - Started process (PID=864) to work on /home/airflow/.local/lib/python3.12/site-packages/airflow/example_dags/example_complex.py
[2024-09-02T21:51:11.733+0000] {processor.py:830} INFO - Processing file /home/airflow/.local/lib/python3.12/site-packages/airflow/example_dags/example_complex.py for tasks to queue
[2024-09-02T21:51:11.735+0000] {logging_mixin.py:188} INFO - [2024-09-02T21:51:11.734+0000] {dagbag.py:545} INFO - Filling up the DagBag from /home/airflow/.local/lib/python3.12/site-packages/airflow/example_dags/example_complex.py
[2024-09-02T21:51:11.745+0000] {processor.py:840} INFO - DAG(s) 'example_complex' retrieved from /home/airflow/.local/lib/python3.12/site-packages/airflow/example_dags/example_complex.py
[2024-09-02T21:51:11.780+0000] {logging_mixin.py:188} INFO - [2024-09-02T21:51:11.780+0000] {dag.py:3096} INFO - Sync 1 DAGs
[2024-09-02T21:51:11.795+0000] {logging_mixin.py:188} INFO - [2024-09-02T21:51:11.795+0000] {dag.py:3954} INFO - Setting next_dagrun for example_complex to None, run_after=None
[2024-09-02T21:51:11.827+0000] {processor.py:183} INFO - Processing /home/airflow/.local/lib/python3.12/site-packages/airflow/example_dags/example_complex.py took 0.101 seconds
[2024-09-02T21:51:41.954+0000] {processor.py:161} INFO - Started process (PID=924) to work on /home/airflow/.local/lib/python3.12/site-packages/airflow/example_dags/example_complex.py
[2024-09-02T21:51:41.955+0000] {processor.py:830} INFO - Processing file /home/airflow/.local/lib/python3.12/site-packages/airflow/example_dags/example_complex.py for tasks to queue
[2024-09-02T21:51:41.957+0000] {logging_mixin.py:188} INFO - [2024-09-02T21:51:41.956+0000] {dagbag.py:545} INFO - Filling up the DagBag from /home/airflow/.local/lib/python3.12/site-packages/airflow/example_dags/example_complex.py
[2024-09-02T21:51:41.966+0000] {processor.py:840} INFO - DAG(s) 'example_complex' retrieved from /home/airflow/.local/lib/python3.12/site-packages/airflow/example_dags/example_complex.py
[2024-09-02T21:51:41.996+0000] {logging_mixin.py:188} INFO - [2024-09-02T21:51:41.996+0000] {dag.py:3096} INFO - Sync 1 DAGs
[2024-09-02T21:51:42.009+0000] {logging_mixin.py:188} INFO - [2024-09-02T21:51:42.008+0000] {dag.py:3954} INFO - Setting next_dagrun for example_complex to None, run_after=None
[2024-09-02T21:51:42.041+0000] {processor.py:183} INFO - Processing /home/airflow/.local/lib/python3.12/site-packages/airflow/example_dags/example_complex.py took 0.092 seconds
[2024-09-02T21:52:12.998+0000] {processor.py:161} INFO - Started process (PID=985) to work on /home/airflow/.local/lib/python3.12/site-packages/airflow/example_dags/example_complex.py
[2024-09-02T21:52:12.999+0000] {processor.py:830} INFO - Processing file /home/airflow/.local/lib/python3.12/site-packages/airflow/example_dags/example_complex.py for tasks to queue
[2024-09-02T21:52:13.002+0000] {logging_mixin.py:188} INFO - [2024-09-02T21:52:13.001+0000] {dagbag.py:545} INFO - Filling up the DagBag from /home/airflow/.local/lib/python3.12/site-packages/airflow/example_dags/example_complex.py
[2024-09-02T21:52:13.015+0000] {processor.py:840} INFO - DAG(s) 'example_complex' retrieved from /home/airflow/.local/lib/python3.12/site-packages/airflow/example_dags/example_complex.py
[2024-09-02T21:52:13.059+0000] {logging_mixin.py:188} INFO - [2024-09-02T21:52:13.058+0000] {dag.py:3096} INFO - Sync 1 DAGs
[2024-09-02T21:52:13.075+0000] {logging_mixin.py:188} INFO - [2024-09-02T21:52:13.075+0000] {dag.py:3954} INFO - Setting next_dagrun for example_complex to None, run_after=None
[2024-09-02T21:52:13.109+0000] {processor.py:183} INFO - Processing /home/airflow/.local/lib/python3.12/site-packages/airflow/example_dags/example_complex.py took 0.116 seconds
[2024-09-02T21:52:43.423+0000] {processor.py:161} INFO - Started process (PID=1045) to work on /home/airflow/.local/lib/python3.12/site-packages/airflow/example_dags/example_complex.py
[2024-09-02T21:52:43.424+0000] {processor.py:830} INFO - Processing file /home/airflow/.local/lib/python3.12/site-packages/airflow/example_dags/example_complex.py for tasks to queue
[2024-09-02T21:52:43.425+0000] {logging_mixin.py:188} INFO - [2024-09-02T21:52:43.425+0000] {dagbag.py:545} INFO - Filling up the DagBag from /home/airflow/.local/lib/python3.12/site-packages/airflow/example_dags/example_complex.py
[2024-09-02T21:52:43.437+0000] {processor.py:840} INFO - DAG(s) 'example_complex' retrieved from /home/airflow/.local/lib/python3.12/site-packages/airflow/example_dags/example_complex.py
[2024-09-02T21:52:43.478+0000] {logging_mixin.py:188} INFO - [2024-09-02T21:52:43.478+0000] {dag.py:3096} INFO - Sync 1 DAGs
[2024-09-02T21:52:43.495+0000] {logging_mixin.py:188} INFO - [2024-09-02T21:52:43.495+0000] {dag.py:3954} INFO - Setting next_dagrun for example_complex to None, run_after=None
[2024-09-02T21:52:43.532+0000] {processor.py:183} INFO - Processing /home/airflow/.local/lib/python3.12/site-packages/airflow/example_dags/example_complex.py took 0.114 seconds
[2024-09-02T21:53:13.995+0000] {processor.py:161} INFO - Started process (PID=1105) to work on /home/airflow/.local/lib/python3.12/site-packages/airflow/example_dags/example_complex.py
[2024-09-02T21:53:13.997+0000] {processor.py:830} INFO - Processing file /home/airflow/.local/lib/python3.12/site-packages/airflow/example_dags/example_complex.py for tasks to queue
[2024-09-02T21:53:14.000+0000] {logging_mixin.py:188} INFO - [2024-09-02T21:53:14.000+0000] {dagbag.py:545} INFO - Filling up the DagBag from /home/airflow/.local/lib/python3.12/site-packages/airflow/example_dags/example_complex.py
[2024-09-02T21:53:14.018+0000] {processor.py:840} INFO - DAG(s) 'example_complex' retrieved from /home/airflow/.local/lib/python3.12/site-packages/airflow/example_dags/example_complex.py
[2024-09-02T21:53:14.062+0000] {logging_mixin.py:188} INFO - [2024-09-02T21:53:14.062+0000] {dag.py:3096} INFO - Sync 1 DAGs
[2024-09-02T21:53:14.079+0000] {logging_mixin.py:188} INFO - [2024-09-02T21:53:14.079+0000] {dag.py:3954} INFO - Setting next_dagrun for example_complex to None, run_after=None
[2024-09-02T21:53:14.108+0000] {processor.py:183} INFO - Processing /home/airflow/.local/lib/python3.12/site-packages/airflow/example_dags/example_complex.py took 0.122 seconds
[2024-09-02T21:53:44.946+0000] {processor.py:161} INFO - Started process (PID=1165) to work on /home/airflow/.local/lib/python3.12/site-packages/airflow/example_dags/example_complex.py
[2024-09-02T21:53:44.948+0000] {processor.py:830} INFO - Processing file /home/airflow/.local/lib/python3.12/site-packages/airflow/example_dags/example_complex.py for tasks to queue
[2024-09-02T21:53:44.951+0000] {logging_mixin.py:188} INFO - [2024-09-02T21:53:44.951+0000] {dagbag.py:545} INFO - Filling up the DagBag from /home/airflow/.local/lib/python3.12/site-packages/airflow/example_dags/example_complex.py
[2024-09-02T21:53:44.965+0000] {processor.py:840} INFO - DAG(s) 'example_complex' retrieved from /home/airflow/.local/lib/python3.12/site-packages/airflow/example_dags/example_complex.py
[2024-09-02T21:53:45.024+0000] {logging_mixin.py:188} INFO - [2024-09-02T21:53:45.024+0000] {dag.py:3096} INFO - Sync 1 DAGs
[2024-09-02T21:53:45.042+0000] {logging_mixin.py:188} INFO - [2024-09-02T21:53:45.042+0000] {dag.py:3954} INFO - Setting next_dagrun for example_complex to None, run_after=None
[2024-09-02T21:53:45.082+0000] {processor.py:183} INFO - Processing /home/airflow/.local/lib/python3.12/site-packages/airflow/example_dags/example_complex.py took 0.144 seconds
[2024-09-02T21:54:15.341+0000] {processor.py:161} INFO - Started process (PID=1226) to work on /home/airflow/.local/lib/python3.12/site-packages/airflow/example_dags/example_complex.py
[2024-09-02T21:54:15.342+0000] {processor.py:830} INFO - Processing file /home/airflow/.local/lib/python3.12/site-packages/airflow/example_dags/example_complex.py for tasks to queue
[2024-09-02T21:54:15.344+0000] {logging_mixin.py:188} INFO - [2024-09-02T21:54:15.344+0000] {dagbag.py:545} INFO - Filling up the DagBag from /home/airflow/.local/lib/python3.12/site-packages/airflow/example_dags/example_complex.py
[2024-09-02T21:54:15.355+0000] {processor.py:840} INFO - DAG(s) 'example_complex' retrieved from /home/airflow/.local/lib/python3.12/site-packages/airflow/example_dags/example_complex.py
[2024-09-02T21:54:15.395+0000] {logging_mixin.py:188} INFO - [2024-09-02T21:54:15.395+0000] {dag.py:3096} INFO - Sync 1 DAGs
[2024-09-02T21:54:15.411+0000] {logging_mixin.py:188} INFO - [2024-09-02T21:54:15.411+0000] {dag.py:3954} INFO - Setting next_dagrun for example_complex to None, run_after=None
[2024-09-02T21:54:15.436+0000] {processor.py:183} INFO - Processing /home/airflow/.local/lib/python3.12/site-packages/airflow/example_dags/example_complex.py took 0.100 seconds
[2024-09-02T21:54:46.076+0000] {processor.py:161} INFO - Started process (PID=1286) to work on /home/airflow/.local/lib/python3.12/site-packages/airflow/example_dags/example_complex.py
[2024-09-02T21:54:46.077+0000] {processor.py:830} INFO - Processing file /home/airflow/.local/lib/python3.12/site-packages/airflow/example_dags/example_complex.py for tasks to queue
[2024-09-02T21:54:46.079+0000] {logging_mixin.py:188} INFO - [2024-09-02T21:54:46.078+0000] {dagbag.py:545} INFO - Filling up the DagBag from /home/airflow/.local/lib/python3.12/site-packages/airflow/example_dags/example_complex.py
[2024-09-02T21:54:46.089+0000] {processor.py:840} INFO - DAG(s) 'example_complex' retrieved from /home/airflow/.local/lib/python3.12/site-packages/airflow/example_dags/example_complex.py
[2024-09-02T21:54:46.129+0000] {logging_mixin.py:188} INFO - [2024-09-02T21:54:46.128+0000] {dag.py:3096} INFO - Sync 1 DAGs
[2024-09-02T21:54:46.143+0000] {logging_mixin.py:188} INFO - [2024-09-02T21:54:46.143+0000] {dag.py:3954} INFO - Setting next_dagrun for example_complex to None, run_after=None
[2024-09-02T21:54:46.175+0000] {processor.py:183} INFO - Processing /home/airflow/.local/lib/python3.12/site-packages/airflow/example_dags/example_complex.py took 0.104 seconds
[2024-09-02T21:55:16.588+0000] {processor.py:161} INFO - Started process (PID=1348) to work on /home/airflow/.local/lib/python3.12/site-packages/airflow/example_dags/example_complex.py
[2024-09-02T21:55:16.589+0000] {processor.py:830} INFO - Processing file /home/airflow/.local/lib/python3.12/site-packages/airflow/example_dags/example_complex.py for tasks to queue
[2024-09-02T21:55:16.592+0000] {logging_mixin.py:188} INFO - [2024-09-02T21:55:16.591+0000] {dagbag.py:545} INFO - Filling up the DagBag from /home/airflow/.local/lib/python3.12/site-packages/airflow/example_dags/example_complex.py
[2024-09-02T21:55:16.606+0000] {processor.py:840} INFO - DAG(s) 'example_complex' retrieved from /home/airflow/.local/lib/python3.12/site-packages/airflow/example_dags/example_complex.py
[2024-09-02T21:55:16.654+0000] {logging_mixin.py:188} INFO - [2024-09-02T21:55:16.654+0000] {dag.py:3096} INFO - Sync 1 DAGs
[2024-09-02T21:55:16.673+0000] {logging_mixin.py:188} INFO - [2024-09-02T21:55:16.673+0000] {dag.py:3954} INFO - Setting next_dagrun for example_complex to None, run_after=None
[2024-09-02T21:55:16.704+0000] {processor.py:183} INFO - Processing /home/airflow/.local/lib/python3.12/site-packages/airflow/example_dags/example_complex.py took 0.125 seconds
[2024-09-02T21:55:47.417+0000] {processor.py:161} INFO - Started process (PID=1412) to work on /home/airflow/.local/lib/python3.12/site-packages/airflow/example_dags/example_complex.py
[2024-09-02T21:55:47.418+0000] {processor.py:830} INFO - Processing file /home/airflow/.local/lib/python3.12/site-packages/airflow/example_dags/example_complex.py for tasks to queue
[2024-09-02T21:55:47.420+0000] {logging_mixin.py:188} INFO - [2024-09-02T21:55:47.420+0000] {dagbag.py:545} INFO - Filling up the DagBag from /home/airflow/.local/lib/python3.12/site-packages/airflow/example_dags/example_complex.py
[2024-09-02T21:55:47.433+0000] {processor.py:840} INFO - DAG(s) 'example_complex' retrieved from /home/airflow/.local/lib/python3.12/site-packages/airflow/example_dags/example_complex.py
[2024-09-02T21:55:47.474+0000] {logging_mixin.py:188} INFO - [2024-09-02T21:55:47.474+0000] {dag.py:3096} INFO - Sync 1 DAGs
[2024-09-02T21:55:47.491+0000] {logging_mixin.py:188} INFO - [2024-09-02T21:55:47.491+0000] {dag.py:3954} INFO - Setting next_dagrun for example_complex to None, run_after=None
[2024-09-02T21:55:47.532+0000] {processor.py:183} INFO - Processing /home/airflow/.local/lib/python3.12/site-packages/airflow/example_dags/example_complex.py took 0.124 seconds
