[2024-09-02T21:34:56.540+0000] {processor.py:161} INFO - Started process (PID=81) to work on /home/airflow/.local/lib/python3.12/site-packages/airflow/example_dags/example_xcom.py
[2024-09-02T21:34:56.559+0000] {processor.py:830} INFO - Processing file /home/airflow/.local/lib/python3.12/site-packages/airflow/example_dags/example_xcom.py for tasks to queue
[2024-09-02T21:34:56.577+0000] {logging_mixin.py:188} INFO - [2024-09-02T21:34:56.576+0000] {dagbag.py:545} INFO - Filling up the DagBag from /home/airflow/.local/lib/python3.12/site-packages/airflow/example_dags/example_xcom.py
[2024-09-02T21:34:56.638+0000] {processor.py:840} INFO - DAG(s) 'example_xcom' retrieved from /home/airflow/.local/lib/python3.12/site-packages/airflow/example_dags/example_xcom.py
[2024-09-02T21:34:57.736+0000] {logging_mixin.py:188} INFO - [2024-09-02T21:34:57.724+0000] {override.py:1829} INFO - Created Permission View: can edit on DAG:example_xcom
[2024-09-02T21:34:57.870+0000] {logging_mixin.py:188} INFO - [2024-09-02T21:34:57.860+0000] {override.py:1829} INFO - Created Permission View: can delete on DAG:example_xcom
[2024-09-02T21:34:57.939+0000] {logging_mixin.py:188} INFO - [2024-09-02T21:34:57.938+0000] {override.py:1829} INFO - Created Permission View: can read on DAG:example_xcom
[2024-09-02T21:34:57.943+0000] {logging_mixin.py:188} INFO - [2024-09-02T21:34:57.942+0000] {dag.py:3096} INFO - Sync 1 DAGs
[2024-09-02T21:34:58.059+0000] {logging_mixin.py:188} INFO - [2024-09-02T21:34:58.059+0000] {dag.py:3118} INFO - Creating ORM DAG for example_xcom
[2024-09-02T21:34:58.146+0000] {logging_mixin.py:188} INFO - [2024-09-02T21:34:58.145+0000] {dag.py:3954} INFO - Setting next_dagrun for example_xcom to 2021-01-01 00:00:00+00:00, run_after=2021-01-01 00:00:00+00:00
[2024-09-02T21:34:58.254+0000] {processor.py:183} INFO - Processing /home/airflow/.local/lib/python3.12/site-packages/airflow/example_dags/example_xcom.py took 1.741 seconds
[2024-09-02T21:35:30.199+0000] {processor.py:161} INFO - Started process (PID=140) to work on /home/airflow/.local/lib/python3.12/site-packages/airflow/example_dags/example_xcom.py
[2024-09-02T21:35:30.207+0000] {processor.py:830} INFO - Processing file /home/airflow/.local/lib/python3.12/site-packages/airflow/example_dags/example_xcom.py for tasks to queue
[2024-09-02T21:35:30.218+0000] {logging_mixin.py:188} INFO - [2024-09-02T21:35:30.217+0000] {dagbag.py:545} INFO - Filling up the DagBag from /home/airflow/.local/lib/python3.12/site-packages/airflow/example_dags/example_xcom.py
[2024-09-02T21:35:30.262+0000] {processor.py:840} INFO - DAG(s) 'example_xcom' retrieved from /home/airflow/.local/lib/python3.12/site-packages/airflow/example_dags/example_xcom.py
[2024-09-02T21:35:30.744+0000] {logging_mixin.py:188} INFO - [2024-09-02T21:35:30.743+0000] {dag.py:3096} INFO - Sync 1 DAGs
[2024-09-02T21:35:30.962+0000] {logging_mixin.py:188} INFO - [2024-09-02T21:35:30.961+0000] {dag.py:3954} INFO - Setting next_dagrun for example_xcom to 2021-01-01 00:00:00+00:00, run_after=2021-01-01 00:00:00+00:00
[2024-09-02T21:35:32.534+0000] {processor.py:183} INFO - Processing /home/airflow/.local/lib/python3.12/site-packages/airflow/example_dags/example_xcom.py took 2.375 seconds
[2024-09-02T21:36:03.850+0000] {processor.py:161} INFO - Started process (PID=198) to work on /home/airflow/.local/lib/python3.12/site-packages/airflow/example_dags/example_xcom.py
[2024-09-02T21:36:03.858+0000] {processor.py:830} INFO - Processing file /home/airflow/.local/lib/python3.12/site-packages/airflow/example_dags/example_xcom.py for tasks to queue
[2024-09-02T21:36:03.880+0000] {logging_mixin.py:188} INFO - [2024-09-02T21:36:03.879+0000] {dagbag.py:545} INFO - Filling up the DagBag from /home/airflow/.local/lib/python3.12/site-packages/airflow/example_dags/example_xcom.py
[2024-09-02T21:36:03.969+0000] {processor.py:840} INFO - DAG(s) 'example_xcom' retrieved from /home/airflow/.local/lib/python3.12/site-packages/airflow/example_dags/example_xcom.py
[2024-09-02T21:36:04.126+0000] {logging_mixin.py:188} INFO - [2024-09-02T21:36:04.125+0000] {dag.py:3096} INFO - Sync 1 DAGs
[2024-09-02T21:36:04.268+0000] {logging_mixin.py:188} INFO - [2024-09-02T21:36:04.267+0000] {dag.py:3954} INFO - Setting next_dagrun for example_xcom to 2021-01-01 00:00:00+00:00, run_after=2021-01-01 00:00:00+00:00
[2024-09-02T21:36:04.403+0000] {processor.py:183} INFO - Processing /home/airflow/.local/lib/python3.12/site-packages/airflow/example_dags/example_xcom.py took 0.586 seconds
[2024-09-02T21:38:33.685+0000] {processor.py:161} INFO - Started process (PID=72) to work on /home/airflow/.local/lib/python3.12/site-packages/airflow/example_dags/example_xcom.py
[2024-09-02T21:38:33.692+0000] {processor.py:830} INFO - Processing file /home/airflow/.local/lib/python3.12/site-packages/airflow/example_dags/example_xcom.py for tasks to queue
[2024-09-02T21:38:33.702+0000] {logging_mixin.py:188} INFO - [2024-09-02T21:38:33.700+0000] {dagbag.py:545} INFO - Filling up the DagBag from /home/airflow/.local/lib/python3.12/site-packages/airflow/example_dags/example_xcom.py
[2024-09-02T21:38:33.756+0000] {processor.py:840} INFO - DAG(s) 'example_xcom' retrieved from /home/airflow/.local/lib/python3.12/site-packages/airflow/example_dags/example_xcom.py
[2024-09-02T21:38:34.150+0000] {logging_mixin.py:188} INFO - [2024-09-02T21:38:34.148+0000] {override.py:1829} INFO - Created Permission View: can edit on DAG:example_xcom
[2024-09-02T21:38:34.180+0000] {logging_mixin.py:188} INFO - [2024-09-02T21:38:34.179+0000] {override.py:1829} INFO - Created Permission View: can read on DAG:example_xcom
[2024-09-02T21:38:34.212+0000] {logging_mixin.py:188} INFO - [2024-09-02T21:38:34.206+0000] {override.py:1829} INFO - Created Permission View: can delete on DAG:example_xcom
[2024-09-02T21:38:34.214+0000] {logging_mixin.py:188} INFO - [2024-09-02T21:38:34.214+0000] {dag.py:3096} INFO - Sync 1 DAGs
[2024-09-02T21:38:34.300+0000] {logging_mixin.py:188} INFO - [2024-09-02T21:38:34.299+0000] {dag.py:3118} INFO - Creating ORM DAG for example_xcom
[2024-09-02T21:38:34.352+0000] {logging_mixin.py:188} INFO - [2024-09-02T21:38:34.351+0000] {dag.py:3954} INFO - Setting next_dagrun for example_xcom to 2021-01-01 00:00:00+00:00, run_after=2021-01-01 00:00:00+00:00
[2024-09-02T21:38:34.415+0000] {processor.py:183} INFO - Processing /home/airflow/.local/lib/python3.12/site-packages/airflow/example_dags/example_xcom.py took 0.758 seconds
[2024-09-02T21:39:04.704+0000] {processor.py:161} INFO - Started process (PID=131) to work on /home/airflow/.local/lib/python3.12/site-packages/airflow/example_dags/example_xcom.py
[2024-09-02T21:39:04.705+0000] {processor.py:830} INFO - Processing file /home/airflow/.local/lib/python3.12/site-packages/airflow/example_dags/example_xcom.py for tasks to queue
[2024-09-02T21:39:04.707+0000] {logging_mixin.py:188} INFO - [2024-09-02T21:39:04.706+0000] {dagbag.py:545} INFO - Filling up the DagBag from /home/airflow/.local/lib/python3.12/site-packages/airflow/example_dags/example_xcom.py
[2024-09-02T21:39:04.713+0000] {processor.py:840} INFO - DAG(s) 'example_xcom' retrieved from /home/airflow/.local/lib/python3.12/site-packages/airflow/example_dags/example_xcom.py
[2024-09-02T21:39:04.735+0000] {logging_mixin.py:188} INFO - [2024-09-02T21:39:04.734+0000] {dag.py:3096} INFO - Sync 1 DAGs
[2024-09-02T21:39:04.754+0000] {logging_mixin.py:188} INFO - [2024-09-02T21:39:04.754+0000] {dag.py:3954} INFO - Setting next_dagrun for example_xcom to 2021-01-01 00:00:00+00:00, run_after=2021-01-01 00:00:00+00:00
[2024-09-02T21:39:04.771+0000] {processor.py:183} INFO - Processing /home/airflow/.local/lib/python3.12/site-packages/airflow/example_dags/example_xcom.py took 0.073 seconds
[2024-09-02T21:39:35.308+0000] {processor.py:161} INFO - Started process (PID=191) to work on /home/airflow/.local/lib/python3.12/site-packages/airflow/example_dags/example_xcom.py
[2024-09-02T21:39:35.310+0000] {processor.py:830} INFO - Processing file /home/airflow/.local/lib/python3.12/site-packages/airflow/example_dags/example_xcom.py for tasks to queue
[2024-09-02T21:39:35.314+0000] {logging_mixin.py:188} INFO - [2024-09-02T21:39:35.313+0000] {dagbag.py:545} INFO - Filling up the DagBag from /home/airflow/.local/lib/python3.12/site-packages/airflow/example_dags/example_xcom.py
[2024-09-02T21:39:35.330+0000] {processor.py:840} INFO - DAG(s) 'example_xcom' retrieved from /home/airflow/.local/lib/python3.12/site-packages/airflow/example_dags/example_xcom.py
[2024-09-02T21:39:35.372+0000] {logging_mixin.py:188} INFO - [2024-09-02T21:39:35.372+0000] {dag.py:3096} INFO - Sync 1 DAGs
[2024-09-02T21:39:35.424+0000] {logging_mixin.py:188} INFO - [2024-09-02T21:39:35.423+0000] {dag.py:3954} INFO - Setting next_dagrun for example_xcom to 2021-01-01 00:00:00+00:00, run_after=2021-01-01 00:00:00+00:00
[2024-09-02T21:39:35.463+0000] {processor.py:183} INFO - Processing /home/airflow/.local/lib/python3.12/site-packages/airflow/example_dags/example_xcom.py took 0.166 seconds
[2024-09-02T21:40:05.982+0000] {processor.py:161} INFO - Started process (PID=251) to work on /home/airflow/.local/lib/python3.12/site-packages/airflow/example_dags/example_xcom.py
[2024-09-02T21:40:05.983+0000] {processor.py:830} INFO - Processing file /home/airflow/.local/lib/python3.12/site-packages/airflow/example_dags/example_xcom.py for tasks to queue
[2024-09-02T21:40:05.985+0000] {logging_mixin.py:188} INFO - [2024-09-02T21:40:05.984+0000] {dagbag.py:545} INFO - Filling up the DagBag from /home/airflow/.local/lib/python3.12/site-packages/airflow/example_dags/example_xcom.py
[2024-09-02T21:40:05.991+0000] {processor.py:840} INFO - DAG(s) 'example_xcom' retrieved from /home/airflow/.local/lib/python3.12/site-packages/airflow/example_dags/example_xcom.py
[2024-09-02T21:40:06.009+0000] {logging_mixin.py:188} INFO - [2024-09-02T21:40:06.009+0000] {dag.py:3096} INFO - Sync 1 DAGs
[2024-09-02T21:40:06.030+0000] {logging_mixin.py:188} INFO - [2024-09-02T21:40:06.029+0000] {dag.py:3954} INFO - Setting next_dagrun for example_xcom to 2021-01-01 00:00:00+00:00, run_after=2021-01-01 00:00:00+00:00
[2024-09-02T21:40:06.050+0000] {processor.py:183} INFO - Processing /home/airflow/.local/lib/python3.12/site-packages/airflow/example_dags/example_xcom.py took 0.073 seconds
[2024-09-02T21:40:36.229+0000] {processor.py:161} INFO - Started process (PID=311) to work on /home/airflow/.local/lib/python3.12/site-packages/airflow/example_dags/example_xcom.py
[2024-09-02T21:40:36.230+0000] {processor.py:830} INFO - Processing file /home/airflow/.local/lib/python3.12/site-packages/airflow/example_dags/example_xcom.py for tasks to queue
[2024-09-02T21:40:36.232+0000] {logging_mixin.py:188} INFO - [2024-09-02T21:40:36.232+0000] {dagbag.py:545} INFO - Filling up the DagBag from /home/airflow/.local/lib/python3.12/site-packages/airflow/example_dags/example_xcom.py
[2024-09-02T21:40:36.245+0000] {processor.py:840} INFO - DAG(s) 'example_xcom' retrieved from /home/airflow/.local/lib/python3.12/site-packages/airflow/example_dags/example_xcom.py
[2024-09-02T21:40:36.280+0000] {logging_mixin.py:188} INFO - [2024-09-02T21:40:36.279+0000] {dag.py:3096} INFO - Sync 1 DAGs
[2024-09-02T21:40:36.316+0000] {logging_mixin.py:188} INFO - [2024-09-02T21:40:36.315+0000] {dag.py:3954} INFO - Setting next_dagrun for example_xcom to 2021-01-01 00:00:00+00:00, run_after=2021-01-01 00:00:00+00:00
[2024-09-02T21:40:36.350+0000] {processor.py:183} INFO - Processing /home/airflow/.local/lib/python3.12/site-packages/airflow/example_dags/example_xcom.py took 0.128 seconds
[2024-09-02T21:41:06.603+0000] {processor.py:161} INFO - Started process (PID=371) to work on /home/airflow/.local/lib/python3.12/site-packages/airflow/example_dags/example_xcom.py
[2024-09-02T21:41:06.604+0000] {processor.py:830} INFO - Processing file /home/airflow/.local/lib/python3.12/site-packages/airflow/example_dags/example_xcom.py for tasks to queue
[2024-09-02T21:41:06.606+0000] {logging_mixin.py:188} INFO - [2024-09-02T21:41:06.606+0000] {dagbag.py:545} INFO - Filling up the DagBag from /home/airflow/.local/lib/python3.12/site-packages/airflow/example_dags/example_xcom.py
[2024-09-02T21:41:06.613+0000] {processor.py:840} INFO - DAG(s) 'example_xcom' retrieved from /home/airflow/.local/lib/python3.12/site-packages/airflow/example_dags/example_xcom.py
[2024-09-02T21:41:06.635+0000] {logging_mixin.py:188} INFO - [2024-09-02T21:41:06.634+0000] {dag.py:3096} INFO - Sync 1 DAGs
[2024-09-02T21:41:06.668+0000] {logging_mixin.py:188} INFO - [2024-09-02T21:41:06.668+0000] {dag.py:3954} INFO - Setting next_dagrun for example_xcom to 2021-01-01 00:00:00+00:00, run_after=2021-01-01 00:00:00+00:00
[2024-09-02T21:41:06.710+0000] {processor.py:183} INFO - Processing /home/airflow/.local/lib/python3.12/site-packages/airflow/example_dags/example_xcom.py took 0.111 seconds
[2024-09-02T21:44:27.716+0000] {processor.py:161} INFO - Started process (PID=73) to work on /home/airflow/.local/lib/python3.12/site-packages/airflow/example_dags/example_xcom.py
[2024-09-02T21:44:27.719+0000] {processor.py:830} INFO - Processing file /home/airflow/.local/lib/python3.12/site-packages/airflow/example_dags/example_xcom.py for tasks to queue
[2024-09-02T21:44:27.724+0000] {logging_mixin.py:188} INFO - [2024-09-02T21:44:27.723+0000] {dagbag.py:545} INFO - Filling up the DagBag from /home/airflow/.local/lib/python3.12/site-packages/airflow/example_dags/example_xcom.py
[2024-09-02T21:44:27.758+0000] {processor.py:840} INFO - DAG(s) 'example_xcom' retrieved from /home/airflow/.local/lib/python3.12/site-packages/airflow/example_dags/example_xcom.py
[2024-09-02T21:44:28.089+0000] {logging_mixin.py:188} INFO - [2024-09-02T21:44:28.087+0000] {override.py:1829} INFO - Created Permission View: can read on DAG:example_xcom
[2024-09-02T21:44:28.116+0000] {logging_mixin.py:188} INFO - [2024-09-02T21:44:28.115+0000] {override.py:1829} INFO - Created Permission View: can delete on DAG:example_xcom
[2024-09-02T21:44:28.130+0000] {logging_mixin.py:188} INFO - [2024-09-02T21:44:28.130+0000] {override.py:1829} INFO - Created Permission View: can edit on DAG:example_xcom
[2024-09-02T21:44:28.132+0000] {logging_mixin.py:188} INFO - [2024-09-02T21:44:28.132+0000] {dag.py:3096} INFO - Sync 1 DAGs
[2024-09-02T21:44:28.167+0000] {logging_mixin.py:188} INFO - [2024-09-02T21:44:28.166+0000] {dag.py:3118} INFO - Creating ORM DAG for example_xcom
[2024-09-02T21:44:28.194+0000] {logging_mixin.py:188} INFO - [2024-09-02T21:44:28.194+0000] {dag.py:3954} INFO - Setting next_dagrun for example_xcom to 2021-01-01 00:00:00+00:00, run_after=2021-01-01 00:00:00+00:00
[2024-09-02T21:44:28.248+0000] {processor.py:183} INFO - Processing /home/airflow/.local/lib/python3.12/site-packages/airflow/example_dags/example_xcom.py took 0.548 seconds
[2024-09-02T21:44:58.322+0000] {processor.py:161} INFO - Started process (PID=131) to work on /home/airflow/.local/lib/python3.12/site-packages/airflow/example_dags/example_xcom.py
[2024-09-02T21:44:58.324+0000] {processor.py:830} INFO - Processing file /home/airflow/.local/lib/python3.12/site-packages/airflow/example_dags/example_xcom.py for tasks to queue
[2024-09-02T21:44:58.325+0000] {logging_mixin.py:188} INFO - [2024-09-02T21:44:58.325+0000] {dagbag.py:545} INFO - Filling up the DagBag from /home/airflow/.local/lib/python3.12/site-packages/airflow/example_dags/example_xcom.py
[2024-09-02T21:44:58.332+0000] {processor.py:840} INFO - DAG(s) 'example_xcom' retrieved from /home/airflow/.local/lib/python3.12/site-packages/airflow/example_dags/example_xcom.py
[2024-09-02T21:44:58.356+0000] {logging_mixin.py:188} INFO - [2024-09-02T21:44:58.356+0000] {dag.py:3096} INFO - Sync 1 DAGs
[2024-09-02T21:44:58.380+0000] {logging_mixin.py:188} INFO - [2024-09-02T21:44:58.380+0000] {dag.py:3954} INFO - Setting next_dagrun for example_xcom to 2021-01-01 00:00:00+00:00, run_after=2021-01-01 00:00:00+00:00
[2024-09-02T21:44:58.402+0000] {processor.py:183} INFO - Processing /home/airflow/.local/lib/python3.12/site-packages/airflow/example_dags/example_xcom.py took 0.084 seconds
[2024-09-02T21:45:28.933+0000] {processor.py:161} INFO - Started process (PID=191) to work on /home/airflow/.local/lib/python3.12/site-packages/airflow/example_dags/example_xcom.py
[2024-09-02T21:45:28.934+0000] {processor.py:830} INFO - Processing file /home/airflow/.local/lib/python3.12/site-packages/airflow/example_dags/example_xcom.py for tasks to queue
[2024-09-02T21:45:28.936+0000] {logging_mixin.py:188} INFO - [2024-09-02T21:45:28.936+0000] {dagbag.py:545} INFO - Filling up the DagBag from /home/airflow/.local/lib/python3.12/site-packages/airflow/example_dags/example_xcom.py
[2024-09-02T21:45:28.943+0000] {processor.py:840} INFO - DAG(s) 'example_xcom' retrieved from /home/airflow/.local/lib/python3.12/site-packages/airflow/example_dags/example_xcom.py
[2024-09-02T21:45:28.967+0000] {logging_mixin.py:188} INFO - [2024-09-02T21:45:28.966+0000] {dag.py:3096} INFO - Sync 1 DAGs
[2024-09-02T21:45:28.990+0000] {logging_mixin.py:188} INFO - [2024-09-02T21:45:28.990+0000] {dag.py:3954} INFO - Setting next_dagrun for example_xcom to 2021-01-01 00:00:00+00:00, run_after=2021-01-01 00:00:00+00:00
[2024-09-02T21:45:29.012+0000] {processor.py:183} INFO - Processing /home/airflow/.local/lib/python3.12/site-packages/airflow/example_dags/example_xcom.py took 0.083 seconds
[2024-09-02T21:45:59.209+0000] {processor.py:161} INFO - Started process (PID=252) to work on /home/airflow/.local/lib/python3.12/site-packages/airflow/example_dags/example_xcom.py
[2024-09-02T21:45:59.210+0000] {processor.py:830} INFO - Processing file /home/airflow/.local/lib/python3.12/site-packages/airflow/example_dags/example_xcom.py for tasks to queue
[2024-09-02T21:45:59.212+0000] {logging_mixin.py:188} INFO - [2024-09-02T21:45:59.212+0000] {dagbag.py:545} INFO - Filling up the DagBag from /home/airflow/.local/lib/python3.12/site-packages/airflow/example_dags/example_xcom.py
[2024-09-02T21:45:59.219+0000] {processor.py:840} INFO - DAG(s) 'example_xcom' retrieved from /home/airflow/.local/lib/python3.12/site-packages/airflow/example_dags/example_xcom.py
[2024-09-02T21:45:59.243+0000] {logging_mixin.py:188} INFO - [2024-09-02T21:45:59.243+0000] {dag.py:3096} INFO - Sync 1 DAGs
[2024-09-02T21:45:59.266+0000] {logging_mixin.py:188} INFO - [2024-09-02T21:45:59.266+0000] {dag.py:3954} INFO - Setting next_dagrun for example_xcom to 2021-01-01 00:00:00+00:00, run_after=2021-01-01 00:00:00+00:00
[2024-09-02T21:45:59.288+0000] {processor.py:183} INFO - Processing /home/airflow/.local/lib/python3.12/site-packages/airflow/example_dags/example_xcom.py took 0.084 seconds
[2024-09-02T21:46:29.559+0000] {processor.py:161} INFO - Started process (PID=312) to work on /home/airflow/.local/lib/python3.12/site-packages/airflow/example_dags/example_xcom.py
[2024-09-02T21:46:29.561+0000] {processor.py:830} INFO - Processing file /home/airflow/.local/lib/python3.12/site-packages/airflow/example_dags/example_xcom.py for tasks to queue
[2024-09-02T21:46:29.565+0000] {logging_mixin.py:188} INFO - [2024-09-02T21:46:29.564+0000] {dagbag.py:545} INFO - Filling up the DagBag from /home/airflow/.local/lib/python3.12/site-packages/airflow/example_dags/example_xcom.py
[2024-09-02T21:46:29.582+0000] {processor.py:840} INFO - DAG(s) 'example_xcom' retrieved from /home/airflow/.local/lib/python3.12/site-packages/airflow/example_dags/example_xcom.py
[2024-09-02T21:46:29.614+0000] {logging_mixin.py:188} INFO - [2024-09-02T21:46:29.613+0000] {dag.py:3096} INFO - Sync 1 DAGs
[2024-09-02T21:46:29.649+0000] {logging_mixin.py:188} INFO - [2024-09-02T21:46:29.649+0000] {dag.py:3954} INFO - Setting next_dagrun for example_xcom to 2021-01-01 00:00:00+00:00, run_after=2021-01-01 00:00:00+00:00
[2024-09-02T21:46:29.679+0000] {processor.py:183} INFO - Processing /home/airflow/.local/lib/python3.12/site-packages/airflow/example_dags/example_xcom.py took 0.130 seconds
[2024-09-02T21:46:59.991+0000] {processor.py:161} INFO - Started process (PID=374) to work on /home/airflow/.local/lib/python3.12/site-packages/airflow/example_dags/example_xcom.py
[2024-09-02T21:46:59.992+0000] {processor.py:830} INFO - Processing file /home/airflow/.local/lib/python3.12/site-packages/airflow/example_dags/example_xcom.py for tasks to queue
[2024-09-02T21:46:59.995+0000] {logging_mixin.py:188} INFO - [2024-09-02T21:46:59.994+0000] {dagbag.py:545} INFO - Filling up the DagBag from /home/airflow/.local/lib/python3.12/site-packages/airflow/example_dags/example_xcom.py
[2024-09-02T21:47:00.004+0000] {processor.py:840} INFO - DAG(s) 'example_xcom' retrieved from /home/airflow/.local/lib/python3.12/site-packages/airflow/example_dags/example_xcom.py
[2024-09-02T21:47:00.034+0000] {logging_mixin.py:188} INFO - [2024-09-02T21:47:00.034+0000] {dag.py:3096} INFO - Sync 1 DAGs
[2024-09-02T21:47:00.070+0000] {logging_mixin.py:188} INFO - [2024-09-02T21:47:00.069+0000] {dag.py:3954} INFO - Setting next_dagrun for example_xcom to 2021-01-01 00:00:00+00:00, run_after=2021-01-01 00:00:00+00:00
[2024-09-02T21:47:00.105+0000] {processor.py:183} INFO - Processing /home/airflow/.local/lib/python3.12/site-packages/airflow/example_dags/example_xcom.py took 0.120 seconds
[2024-09-02T21:47:30.213+0000] {processor.py:161} INFO - Started process (PID=434) to work on /home/airflow/.local/lib/python3.12/site-packages/airflow/example_dags/example_xcom.py
[2024-09-02T21:47:30.214+0000] {processor.py:830} INFO - Processing file /home/airflow/.local/lib/python3.12/site-packages/airflow/example_dags/example_xcom.py for tasks to queue
[2024-09-02T21:47:30.216+0000] {logging_mixin.py:188} INFO - [2024-09-02T21:47:30.215+0000] {dagbag.py:545} INFO - Filling up the DagBag from /home/airflow/.local/lib/python3.12/site-packages/airflow/example_dags/example_xcom.py
[2024-09-02T21:47:30.222+0000] {processor.py:840} INFO - DAG(s) 'example_xcom' retrieved from /home/airflow/.local/lib/python3.12/site-packages/airflow/example_dags/example_xcom.py
[2024-09-02T21:47:30.242+0000] {logging_mixin.py:188} INFO - [2024-09-02T21:47:30.242+0000] {dag.py:3096} INFO - Sync 1 DAGs
[2024-09-02T21:47:30.265+0000] {logging_mixin.py:188} INFO - [2024-09-02T21:47:30.265+0000] {dag.py:3954} INFO - Setting next_dagrun for example_xcom to 2021-01-01 00:00:00+00:00, run_after=2021-01-01 00:00:00+00:00
[2024-09-02T21:47:30.289+0000] {processor.py:183} INFO - Processing /home/airflow/.local/lib/python3.12/site-packages/airflow/example_dags/example_xcom.py took 0.081 seconds
[2024-09-02T21:48:00.510+0000] {processor.py:161} INFO - Started process (PID=494) to work on /home/airflow/.local/lib/python3.12/site-packages/airflow/example_dags/example_xcom.py
[2024-09-02T21:48:00.511+0000] {processor.py:830} INFO - Processing file /home/airflow/.local/lib/python3.12/site-packages/airflow/example_dags/example_xcom.py for tasks to queue
[2024-09-02T21:48:00.513+0000] {logging_mixin.py:188} INFO - [2024-09-02T21:48:00.513+0000] {dagbag.py:545} INFO - Filling up the DagBag from /home/airflow/.local/lib/python3.12/site-packages/airflow/example_dags/example_xcom.py
[2024-09-02T21:48:00.522+0000] {processor.py:840} INFO - DAG(s) 'example_xcom' retrieved from /home/airflow/.local/lib/python3.12/site-packages/airflow/example_dags/example_xcom.py
[2024-09-02T21:48:00.552+0000] {logging_mixin.py:188} INFO - [2024-09-02T21:48:00.552+0000] {dag.py:3096} INFO - Sync 1 DAGs
[2024-09-02T21:48:00.584+0000] {logging_mixin.py:188} INFO - [2024-09-02T21:48:00.584+0000] {dag.py:3954} INFO - Setting next_dagrun for example_xcom to 2021-01-01 00:00:00+00:00, run_after=2021-01-01 00:00:00+00:00
[2024-09-02T21:48:00.613+0000] {processor.py:183} INFO - Processing /home/airflow/.local/lib/python3.12/site-packages/airflow/example_dags/example_xcom.py took 0.109 seconds
[2024-09-02T21:48:31.513+0000] {processor.py:161} INFO - Started process (PID=554) to work on /home/airflow/.local/lib/python3.12/site-packages/airflow/example_dags/example_xcom.py
[2024-09-02T21:48:31.525+0000] {processor.py:830} INFO - Processing file /home/airflow/.local/lib/python3.12/site-packages/airflow/example_dags/example_xcom.py for tasks to queue
[2024-09-02T21:48:31.533+0000] {logging_mixin.py:188} INFO - [2024-09-02T21:48:31.532+0000] {dagbag.py:545} INFO - Filling up the DagBag from /home/airflow/.local/lib/python3.12/site-packages/airflow/example_dags/example_xcom.py
[2024-09-02T21:48:31.579+0000] {processor.py:840} INFO - DAG(s) 'example_xcom' retrieved from /home/airflow/.local/lib/python3.12/site-packages/airflow/example_dags/example_xcom.py
[2024-09-02T21:48:31.633+0000] {logging_mixin.py:188} INFO - [2024-09-02T21:48:31.632+0000] {dag.py:3096} INFO - Sync 1 DAGs
[2024-09-02T21:48:31.683+0000] {logging_mixin.py:188} INFO - [2024-09-02T21:48:31.682+0000] {dag.py:3954} INFO - Setting next_dagrun for example_xcom to 2021-01-01 00:00:00+00:00, run_after=2021-01-01 00:00:00+00:00
[2024-09-02T21:48:31.733+0000] {processor.py:183} INFO - Processing /home/airflow/.local/lib/python3.12/site-packages/airflow/example_dags/example_xcom.py took 0.248 seconds
[2024-09-02T21:49:02.416+0000] {processor.py:161} INFO - Started process (PID=614) to work on /home/airflow/.local/lib/python3.12/site-packages/airflow/example_dags/example_xcom.py
[2024-09-02T21:49:02.417+0000] {processor.py:830} INFO - Processing file /home/airflow/.local/lib/python3.12/site-packages/airflow/example_dags/example_xcom.py for tasks to queue
[2024-09-02T21:49:02.420+0000] {logging_mixin.py:188} INFO - [2024-09-02T21:49:02.420+0000] {dagbag.py:545} INFO - Filling up the DagBag from /home/airflow/.local/lib/python3.12/site-packages/airflow/example_dags/example_xcom.py
[2024-09-02T21:49:02.429+0000] {processor.py:840} INFO - DAG(s) 'example_xcom' retrieved from /home/airflow/.local/lib/python3.12/site-packages/airflow/example_dags/example_xcom.py
[2024-09-02T21:49:02.452+0000] {logging_mixin.py:188} INFO - [2024-09-02T21:49:02.452+0000] {dag.py:3096} INFO - Sync 1 DAGs
[2024-09-02T21:49:02.481+0000] {logging_mixin.py:188} INFO - [2024-09-02T21:49:02.480+0000] {dag.py:3954} INFO - Setting next_dagrun for example_xcom to 2021-01-01 00:00:00+00:00, run_after=2021-01-01 00:00:00+00:00
[2024-09-02T21:49:02.509+0000] {processor.py:183} INFO - Processing /home/airflow/.local/lib/python3.12/site-packages/airflow/example_dags/example_xcom.py took 0.100 seconds
[2024-09-02T21:49:33.313+0000] {processor.py:161} INFO - Started process (PID=674) to work on /home/airflow/.local/lib/python3.12/site-packages/airflow/example_dags/example_xcom.py
[2024-09-02T21:49:33.315+0000] {processor.py:830} INFO - Processing file /home/airflow/.local/lib/python3.12/site-packages/airflow/example_dags/example_xcom.py for tasks to queue
[2024-09-02T21:49:33.318+0000] {logging_mixin.py:188} INFO - [2024-09-02T21:49:33.317+0000] {dagbag.py:545} INFO - Filling up the DagBag from /home/airflow/.local/lib/python3.12/site-packages/airflow/example_dags/example_xcom.py
[2024-09-02T21:49:33.329+0000] {processor.py:840} INFO - DAG(s) 'example_xcom' retrieved from /home/airflow/.local/lib/python3.12/site-packages/airflow/example_dags/example_xcom.py
[2024-09-02T21:49:33.359+0000] {logging_mixin.py:188} INFO - [2024-09-02T21:49:33.359+0000] {dag.py:3096} INFO - Sync 1 DAGs
[2024-09-02T21:49:33.392+0000] {logging_mixin.py:188} INFO - [2024-09-02T21:49:33.392+0000] {dag.py:3954} INFO - Setting next_dagrun for example_xcom to 2021-01-01 00:00:00+00:00, run_after=2021-01-01 00:00:00+00:00
[2024-09-02T21:49:33.417+0000] {processor.py:183} INFO - Processing /home/airflow/.local/lib/python3.12/site-packages/airflow/example_dags/example_xcom.py took 0.113 seconds
[2024-09-02T21:50:03.997+0000] {processor.py:161} INFO - Started process (PID=734) to work on /home/airflow/.local/lib/python3.12/site-packages/airflow/example_dags/example_xcom.py
[2024-09-02T21:50:03.999+0000] {processor.py:830} INFO - Processing file /home/airflow/.local/lib/python3.12/site-packages/airflow/example_dags/example_xcom.py for tasks to queue
[2024-09-02T21:50:04.002+0000] {logging_mixin.py:188} INFO - [2024-09-02T21:50:04.002+0000] {dagbag.py:545} INFO - Filling up the DagBag from /home/airflow/.local/lib/python3.12/site-packages/airflow/example_dags/example_xcom.py
[2024-09-02T21:50:04.010+0000] {processor.py:840} INFO - DAG(s) 'example_xcom' retrieved from /home/airflow/.local/lib/python3.12/site-packages/airflow/example_dags/example_xcom.py
[2024-09-02T21:50:04.045+0000] {logging_mixin.py:188} INFO - [2024-09-02T21:50:04.045+0000] {dag.py:3096} INFO - Sync 1 DAGs
[2024-09-02T21:50:04.083+0000] {logging_mixin.py:188} INFO - [2024-09-02T21:50:04.082+0000] {dag.py:3954} INFO - Setting next_dagrun for example_xcom to 2021-01-01 00:00:00+00:00, run_after=2021-01-01 00:00:00+00:00
[2024-09-02T21:50:04.126+0000] {processor.py:183} INFO - Processing /home/airflow/.local/lib/python3.12/site-packages/airflow/example_dags/example_xcom.py took 0.134 seconds
[2024-09-02T21:50:34.732+0000] {processor.py:161} INFO - Started process (PID=794) to work on /home/airflow/.local/lib/python3.12/site-packages/airflow/example_dags/example_xcom.py
[2024-09-02T21:50:34.733+0000] {processor.py:830} INFO - Processing file /home/airflow/.local/lib/python3.12/site-packages/airflow/example_dags/example_xcom.py for tasks to queue
[2024-09-02T21:50:34.736+0000] {logging_mixin.py:188} INFO - [2024-09-02T21:50:34.736+0000] {dagbag.py:545} INFO - Filling up the DagBag from /home/airflow/.local/lib/python3.12/site-packages/airflow/example_dags/example_xcom.py
[2024-09-02T21:50:34.745+0000] {processor.py:840} INFO - DAG(s) 'example_xcom' retrieved from /home/airflow/.local/lib/python3.12/site-packages/airflow/example_dags/example_xcom.py
[2024-09-02T21:50:34.772+0000] {logging_mixin.py:188} INFO - [2024-09-02T21:50:34.772+0000] {dag.py:3096} INFO - Sync 1 DAGs
[2024-09-02T21:50:34.803+0000] {logging_mixin.py:188} INFO - [2024-09-02T21:50:34.802+0000] {dag.py:3954} INFO - Setting next_dagrun for example_xcom to 2021-01-01 00:00:00+00:00, run_after=2021-01-01 00:00:00+00:00
[2024-09-02T21:50:34.853+0000] {processor.py:183} INFO - Processing /home/airflow/.local/lib/python3.12/site-packages/airflow/example_dags/example_xcom.py took 0.128 seconds
[2024-09-02T21:51:05.883+0000] {processor.py:161} INFO - Started process (PID=854) to work on /home/airflow/.local/lib/python3.12/site-packages/airflow/example_dags/example_xcom.py
[2024-09-02T21:51:05.884+0000] {processor.py:830} INFO - Processing file /home/airflow/.local/lib/python3.12/site-packages/airflow/example_dags/example_xcom.py for tasks to queue
[2024-09-02T21:51:05.887+0000] {logging_mixin.py:188} INFO - [2024-09-02T21:51:05.887+0000] {dagbag.py:545} INFO - Filling up the DagBag from /home/airflow/.local/lib/python3.12/site-packages/airflow/example_dags/example_xcom.py
[2024-09-02T21:51:05.898+0000] {processor.py:840} INFO - DAG(s) 'example_xcom' retrieved from /home/airflow/.local/lib/python3.12/site-packages/airflow/example_dags/example_xcom.py
[2024-09-02T21:51:05.927+0000] {logging_mixin.py:188} INFO - [2024-09-02T21:51:05.926+0000] {dag.py:3096} INFO - Sync 1 DAGs
[2024-09-02T21:51:05.978+0000] {logging_mixin.py:188} INFO - [2024-09-02T21:51:05.977+0000] {dag.py:3954} INFO - Setting next_dagrun for example_xcom to 2021-01-01 00:00:00+00:00, run_after=2021-01-01 00:00:00+00:00
[2024-09-02T21:51:06.027+0000] {processor.py:183} INFO - Processing /home/airflow/.local/lib/python3.12/site-packages/airflow/example_dags/example_xcom.py took 0.152 seconds
[2024-09-02T21:51:37.026+0000] {processor.py:161} INFO - Started process (PID=914) to work on /home/airflow/.local/lib/python3.12/site-packages/airflow/example_dags/example_xcom.py
[2024-09-02T21:51:37.027+0000] {processor.py:830} INFO - Processing file /home/airflow/.local/lib/python3.12/site-packages/airflow/example_dags/example_xcom.py for tasks to queue
[2024-09-02T21:51:37.029+0000] {logging_mixin.py:188} INFO - [2024-09-02T21:51:37.029+0000] {dagbag.py:545} INFO - Filling up the DagBag from /home/airflow/.local/lib/python3.12/site-packages/airflow/example_dags/example_xcom.py
[2024-09-02T21:51:37.040+0000] {processor.py:840} INFO - DAG(s) 'example_xcom' retrieved from /home/airflow/.local/lib/python3.12/site-packages/airflow/example_dags/example_xcom.py
[2024-09-02T21:51:37.072+0000] {logging_mixin.py:188} INFO - [2024-09-02T21:51:37.071+0000] {dag.py:3096} INFO - Sync 1 DAGs
[2024-09-02T21:51:37.108+0000] {logging_mixin.py:188} INFO - [2024-09-02T21:51:37.107+0000] {dag.py:3954} INFO - Setting next_dagrun for example_xcom to 2021-01-01 00:00:00+00:00, run_after=2021-01-01 00:00:00+00:00
[2024-09-02T21:51:37.148+0000] {processor.py:183} INFO - Processing /home/airflow/.local/lib/python3.12/site-packages/airflow/example_dags/example_xcom.py took 0.130 seconds
[2024-09-02T21:52:08.139+0000] {processor.py:161} INFO - Started process (PID=974) to work on /home/airflow/.local/lib/python3.12/site-packages/airflow/example_dags/example_xcom.py
[2024-09-02T21:52:08.141+0000] {processor.py:830} INFO - Processing file /home/airflow/.local/lib/python3.12/site-packages/airflow/example_dags/example_xcom.py for tasks to queue
[2024-09-02T21:52:08.143+0000] {logging_mixin.py:188} INFO - [2024-09-02T21:52:08.143+0000] {dagbag.py:545} INFO - Filling up the DagBag from /home/airflow/.local/lib/python3.12/site-packages/airflow/example_dags/example_xcom.py
[2024-09-02T21:52:08.154+0000] {processor.py:840} INFO - DAG(s) 'example_xcom' retrieved from /home/airflow/.local/lib/python3.12/site-packages/airflow/example_dags/example_xcom.py
[2024-09-02T21:52:08.184+0000] {logging_mixin.py:188} INFO - [2024-09-02T21:52:08.184+0000] {dag.py:3096} INFO - Sync 1 DAGs
[2024-09-02T21:52:08.225+0000] {logging_mixin.py:188} INFO - [2024-09-02T21:52:08.225+0000] {dag.py:3954} INFO - Setting next_dagrun for example_xcom to 2021-01-01 00:00:00+00:00, run_after=2021-01-01 00:00:00+00:00
[2024-09-02T21:52:08.259+0000] {processor.py:183} INFO - Processing /home/airflow/.local/lib/python3.12/site-packages/airflow/example_dags/example_xcom.py took 0.128 seconds
[2024-09-02T21:52:38.656+0000] {processor.py:161} INFO - Started process (PID=1034) to work on /home/airflow/.local/lib/python3.12/site-packages/airflow/example_dags/example_xcom.py
[2024-09-02T21:52:38.657+0000] {processor.py:830} INFO - Processing file /home/airflow/.local/lib/python3.12/site-packages/airflow/example_dags/example_xcom.py for tasks to queue
[2024-09-02T21:52:38.661+0000] {logging_mixin.py:188} INFO - [2024-09-02T21:52:38.660+0000] {dagbag.py:545} INFO - Filling up the DagBag from /home/airflow/.local/lib/python3.12/site-packages/airflow/example_dags/example_xcom.py
[2024-09-02T21:52:38.674+0000] {processor.py:840} INFO - DAG(s) 'example_xcom' retrieved from /home/airflow/.local/lib/python3.12/site-packages/airflow/example_dags/example_xcom.py
[2024-09-02T21:52:38.703+0000] {logging_mixin.py:188} INFO - [2024-09-02T21:52:38.703+0000] {dag.py:3096} INFO - Sync 1 DAGs
[2024-09-02T21:52:38.730+0000] {logging_mixin.py:188} INFO - [2024-09-02T21:52:38.729+0000] {dag.py:3954} INFO - Setting next_dagrun for example_xcom to 2021-01-01 00:00:00+00:00, run_after=2021-01-01 00:00:00+00:00
[2024-09-02T21:52:38.759+0000] {processor.py:183} INFO - Processing /home/airflow/.local/lib/python3.12/site-packages/airflow/example_dags/example_xcom.py took 0.112 seconds
[2024-09-02T21:53:09.102+0000] {processor.py:161} INFO - Started process (PID=1094) to work on /home/airflow/.local/lib/python3.12/site-packages/airflow/example_dags/example_xcom.py
[2024-09-02T21:53:09.104+0000] {processor.py:830} INFO - Processing file /home/airflow/.local/lib/python3.12/site-packages/airflow/example_dags/example_xcom.py for tasks to queue
[2024-09-02T21:53:09.107+0000] {logging_mixin.py:188} INFO - [2024-09-02T21:53:09.106+0000] {dagbag.py:545} INFO - Filling up the DagBag from /home/airflow/.local/lib/python3.12/site-packages/airflow/example_dags/example_xcom.py
[2024-09-02T21:53:09.121+0000] {processor.py:840} INFO - DAG(s) 'example_xcom' retrieved from /home/airflow/.local/lib/python3.12/site-packages/airflow/example_dags/example_xcom.py
[2024-09-02T21:53:09.159+0000] {logging_mixin.py:188} INFO - [2024-09-02T21:53:09.158+0000] {dag.py:3096} INFO - Sync 1 DAGs
[2024-09-02T21:53:09.193+0000] {logging_mixin.py:188} INFO - [2024-09-02T21:53:09.193+0000] {dag.py:3954} INFO - Setting next_dagrun for example_xcom to 2021-01-01 00:00:00+00:00, run_after=2021-01-01 00:00:00+00:00
[2024-09-02T21:53:09.226+0000] {processor.py:183} INFO - Processing /home/airflow/.local/lib/python3.12/site-packages/airflow/example_dags/example_xcom.py took 0.133 seconds
[2024-09-02T21:53:39.286+0000] {processor.py:161} INFO - Started process (PID=1154) to work on /home/airflow/.local/lib/python3.12/site-packages/airflow/example_dags/example_xcom.py
[2024-09-02T21:53:39.287+0000] {processor.py:830} INFO - Processing file /home/airflow/.local/lib/python3.12/site-packages/airflow/example_dags/example_xcom.py for tasks to queue
[2024-09-02T21:53:39.290+0000] {logging_mixin.py:188} INFO - [2024-09-02T21:53:39.289+0000] {dagbag.py:545} INFO - Filling up the DagBag from /home/airflow/.local/lib/python3.12/site-packages/airflow/example_dags/example_xcom.py
[2024-09-02T21:53:39.299+0000] {processor.py:840} INFO - DAG(s) 'example_xcom' retrieved from /home/airflow/.local/lib/python3.12/site-packages/airflow/example_dags/example_xcom.py
[2024-09-02T21:53:39.323+0000] {logging_mixin.py:188} INFO - [2024-09-02T21:53:39.323+0000] {dag.py:3096} INFO - Sync 1 DAGs
[2024-09-02T21:53:39.349+0000] {logging_mixin.py:188} INFO - [2024-09-02T21:53:39.349+0000] {dag.py:3954} INFO - Setting next_dagrun for example_xcom to 2021-01-01 00:00:00+00:00, run_after=2021-01-01 00:00:00+00:00
[2024-09-02T21:53:39.372+0000] {processor.py:183} INFO - Processing /home/airflow/.local/lib/python3.12/site-packages/airflow/example_dags/example_xcom.py took 0.092 seconds
[2024-09-02T21:54:10.449+0000] {processor.py:161} INFO - Started process (PID=1215) to work on /home/airflow/.local/lib/python3.12/site-packages/airflow/example_dags/example_xcom.py
[2024-09-02T21:54:10.451+0000] {processor.py:830} INFO - Processing file /home/airflow/.local/lib/python3.12/site-packages/airflow/example_dags/example_xcom.py for tasks to queue
[2024-09-02T21:54:10.455+0000] {logging_mixin.py:188} INFO - [2024-09-02T21:54:10.454+0000] {dagbag.py:545} INFO - Filling up the DagBag from /home/airflow/.local/lib/python3.12/site-packages/airflow/example_dags/example_xcom.py
[2024-09-02T21:54:10.471+0000] {processor.py:840} INFO - DAG(s) 'example_xcom' retrieved from /home/airflow/.local/lib/python3.12/site-packages/airflow/example_dags/example_xcom.py
[2024-09-02T21:54:10.515+0000] {logging_mixin.py:188} INFO - [2024-09-02T21:54:10.514+0000] {dag.py:3096} INFO - Sync 1 DAGs
[2024-09-02T21:54:10.564+0000] {logging_mixin.py:188} INFO - [2024-09-02T21:54:10.564+0000] {dag.py:3954} INFO - Setting next_dagrun for example_xcom to 2021-01-01 00:00:00+00:00, run_after=2021-01-01 00:00:00+00:00
[2024-09-02T21:54:10.595+0000] {processor.py:183} INFO - Processing /home/airflow/.local/lib/python3.12/site-packages/airflow/example_dags/example_xcom.py took 0.161 seconds
[2024-09-02T21:54:41.372+0000] {processor.py:161} INFO - Started process (PID=1275) to work on /home/airflow/.local/lib/python3.12/site-packages/airflow/example_dags/example_xcom.py
[2024-09-02T21:54:41.373+0000] {processor.py:830} INFO - Processing file /home/airflow/.local/lib/python3.12/site-packages/airflow/example_dags/example_xcom.py for tasks to queue
[2024-09-02T21:54:41.375+0000] {logging_mixin.py:188} INFO - [2024-09-02T21:54:41.375+0000] {dagbag.py:545} INFO - Filling up the DagBag from /home/airflow/.local/lib/python3.12/site-packages/airflow/example_dags/example_xcom.py
[2024-09-02T21:54:41.384+0000] {processor.py:840} INFO - DAG(s) 'example_xcom' retrieved from /home/airflow/.local/lib/python3.12/site-packages/airflow/example_dags/example_xcom.py
[2024-09-02T21:54:41.408+0000] {logging_mixin.py:188} INFO - [2024-09-02T21:54:41.408+0000] {dag.py:3096} INFO - Sync 1 DAGs
[2024-09-02T21:54:41.431+0000] {logging_mixin.py:188} INFO - [2024-09-02T21:54:41.431+0000] {dag.py:3954} INFO - Setting next_dagrun for example_xcom to 2021-01-01 00:00:00+00:00, run_after=2021-01-01 00:00:00+00:00
[2024-09-02T21:54:41.463+0000] {processor.py:183} INFO - Processing /home/airflow/.local/lib/python3.12/site-packages/airflow/example_dags/example_xcom.py took 0.098 seconds
[2024-09-02T21:55:11.736+0000] {processor.py:161} INFO - Started process (PID=1335) to work on /home/airflow/.local/lib/python3.12/site-packages/airflow/example_dags/example_xcom.py
[2024-09-02T21:55:11.737+0000] {processor.py:830} INFO - Processing file /home/airflow/.local/lib/python3.12/site-packages/airflow/example_dags/example_xcom.py for tasks to queue
[2024-09-02T21:55:11.739+0000] {logging_mixin.py:188} INFO - [2024-09-02T21:55:11.739+0000] {dagbag.py:545} INFO - Filling up the DagBag from /home/airflow/.local/lib/python3.12/site-packages/airflow/example_dags/example_xcom.py
[2024-09-02T21:55:11.749+0000] {processor.py:840} INFO - DAG(s) 'example_xcom' retrieved from /home/airflow/.local/lib/python3.12/site-packages/airflow/example_dags/example_xcom.py
[2024-09-02T21:55:11.777+0000] {logging_mixin.py:188} INFO - [2024-09-02T21:55:11.777+0000] {dag.py:3096} INFO - Sync 1 DAGs
[2024-09-02T21:55:11.805+0000] {logging_mixin.py:188} INFO - [2024-09-02T21:55:11.804+0000] {dag.py:3954} INFO - Setting next_dagrun for example_xcom to 2021-01-01 00:00:00+00:00, run_after=2021-01-01 00:00:00+00:00
[2024-09-02T21:55:11.837+0000] {processor.py:183} INFO - Processing /home/airflow/.local/lib/python3.12/site-packages/airflow/example_dags/example_xcom.py took 0.107 seconds
[2024-09-02T21:55:42.475+0000] {processor.py:161} INFO - Started process (PID=1399) to work on /home/airflow/.local/lib/python3.12/site-packages/airflow/example_dags/example_xcom.py
[2024-09-02T21:55:42.477+0000] {processor.py:830} INFO - Processing file /home/airflow/.local/lib/python3.12/site-packages/airflow/example_dags/example_xcom.py for tasks to queue
[2024-09-02T21:55:42.483+0000] {logging_mixin.py:188} INFO - [2024-09-02T21:55:42.482+0000] {dagbag.py:545} INFO - Filling up the DagBag from /home/airflow/.local/lib/python3.12/site-packages/airflow/example_dags/example_xcom.py
[2024-09-02T21:55:42.503+0000] {processor.py:840} INFO - DAG(s) 'example_xcom' retrieved from /home/airflow/.local/lib/python3.12/site-packages/airflow/example_dags/example_xcom.py
[2024-09-02T21:55:42.550+0000] {logging_mixin.py:188} INFO - [2024-09-02T21:55:42.549+0000] {dag.py:3096} INFO - Sync 1 DAGs
[2024-09-02T21:55:42.662+0000] {logging_mixin.py:188} INFO - [2024-09-02T21:55:42.662+0000] {dag.py:3954} INFO - Setting next_dagrun for example_xcom to 2021-01-01 00:00:00+00:00, run_after=2021-01-01 00:00:00+00:00
[2024-09-02T21:55:42.698+0000] {processor.py:183} INFO - Processing /home/airflow/.local/lib/python3.12/site-packages/airflow/example_dags/example_xcom.py took 0.237 seconds
[2024-09-02T21:56:12.850+0000] {processor.py:161} INFO - Started process (PID=1462) to work on /home/airflow/.local/lib/python3.12/site-packages/airflow/example_dags/example_xcom.py
[2024-09-02T21:56:12.851+0000] {processor.py:830} INFO - Processing file /home/airflow/.local/lib/python3.12/site-packages/airflow/example_dags/example_xcom.py for tasks to queue
[2024-09-02T21:56:12.854+0000] {logging_mixin.py:188} INFO - [2024-09-02T21:56:12.853+0000] {dagbag.py:545} INFO - Filling up the DagBag from /home/airflow/.local/lib/python3.12/site-packages/airflow/example_dags/example_xcom.py
[2024-09-02T21:56:12.863+0000] {processor.py:840} INFO - DAG(s) 'example_xcom' retrieved from /home/airflow/.local/lib/python3.12/site-packages/airflow/example_dags/example_xcom.py
[2024-09-02T21:56:12.888+0000] {logging_mixin.py:188} INFO - [2024-09-02T21:56:12.888+0000] {dag.py:3096} INFO - Sync 1 DAGs
[2024-09-02T21:56:12.914+0000] {logging_mixin.py:188} INFO - [2024-09-02T21:56:12.914+0000] {dag.py:3954} INFO - Setting next_dagrun for example_xcom to 2021-01-01 00:00:00+00:00, run_after=2021-01-01 00:00:00+00:00
[2024-09-02T21:56:12.941+0000] {processor.py:183} INFO - Processing /home/airflow/.local/lib/python3.12/site-packages/airflow/example_dags/example_xcom.py took 0.097 seconds
