[2024-09-02T21:34:56.466+0000] {processor.py:161} INFO - Started process (PID=80) to work on /home/airflow/.local/lib/python3.12/site-packages/airflow/example_dags/example_short_circuit_operator.py
[2024-09-02T21:34:56.475+0000] {processor.py:830} INFO - Processing file /home/airflow/.local/lib/python3.12/site-packages/airflow/example_dags/example_short_circuit_operator.py for tasks to queue
[2024-09-02T21:34:56.501+0000] {logging_mixin.py:188} INFO - [2024-09-02T21:34:56.497+0000] {dagbag.py:545} INFO - Filling up the DagBag from /home/airflow/.local/lib/python3.12/site-packages/airflow/example_dags/example_short_circuit_operator.py
[2024-09-02T21:34:56.600+0000] {processor.py:840} INFO - DAG(s) 'example_short_circuit_operator' retrieved from /home/airflow/.local/lib/python3.12/site-packages/airflow/example_dags/example_short_circuit_operator.py
[2024-09-02T21:34:57.948+0000] {logging_mixin.py:188} INFO - [2024-09-02T21:34:57.945+0000] {override.py:1829} INFO - Created Permission View: can edit on DAG:example_short_circuit_operator
[2024-09-02T21:34:58.053+0000] {logging_mixin.py:188} INFO - [2024-09-02T21:34:58.052+0000] {override.py:1829} INFO - Created Permission View: can delete on DAG:example_short_circuit_operator
[2024-09-02T21:34:58.113+0000] {logging_mixin.py:188} INFO - [2024-09-02T21:34:58.106+0000] {override.py:1829} INFO - Created Permission View: can read on DAG:example_short_circuit_operator
[2024-09-02T21:34:58.117+0000] {logging_mixin.py:188} INFO - [2024-09-02T21:34:58.115+0000] {dag.py:3096} INFO - Sync 1 DAGs
[2024-09-02T21:34:58.289+0000] {logging_mixin.py:188} INFO - [2024-09-02T21:34:58.288+0000] {dag.py:3118} INFO - Creating ORM DAG for example_short_circuit_operator
[2024-09-02T21:34:58.371+0000] {logging_mixin.py:188} INFO - [2024-09-02T21:34:58.369+0000] {dag.py:3954} INFO - Setting next_dagrun for example_short_circuit_operator to 2024-09-01 00:00:00+00:00, run_after=2024-09-02 00:00:00+00:00
[2024-09-02T21:34:58.551+0000] {processor.py:183} INFO - Processing /home/airflow/.local/lib/python3.12/site-packages/airflow/example_dags/example_short_circuit_operator.py took 2.128 seconds
[2024-09-02T21:35:28.970+0000] {processor.py:161} INFO - Started process (PID=139) to work on /home/airflow/.local/lib/python3.12/site-packages/airflow/example_dags/example_short_circuit_operator.py
[2024-09-02T21:35:28.984+0000] {processor.py:830} INFO - Processing file /home/airflow/.local/lib/python3.12/site-packages/airflow/example_dags/example_short_circuit_operator.py for tasks to queue
[2024-09-02T21:35:29.011+0000] {logging_mixin.py:188} INFO - [2024-09-02T21:35:29.010+0000] {dagbag.py:545} INFO - Filling up the DagBag from /home/airflow/.local/lib/python3.12/site-packages/airflow/example_dags/example_short_circuit_operator.py
[2024-09-02T21:35:29.095+0000] {processor.py:840} INFO - DAG(s) 'example_short_circuit_operator' retrieved from /home/airflow/.local/lib/python3.12/site-packages/airflow/example_dags/example_short_circuit_operator.py
[2024-09-02T21:35:29.490+0000] {logging_mixin.py:188} INFO - [2024-09-02T21:35:29.490+0000] {dag.py:3096} INFO - Sync 1 DAGs
[2024-09-02T21:35:29.834+0000] {logging_mixin.py:188} INFO - [2024-09-02T21:35:29.833+0000] {dag.py:3954} INFO - Setting next_dagrun for example_short_circuit_operator to 2024-09-01 00:00:00+00:00, run_after=2024-09-02 00:00:00+00:00
[2024-09-02T21:35:29.966+0000] {processor.py:183} INFO - Processing /home/airflow/.local/lib/python3.12/site-packages/airflow/example_dags/example_short_circuit_operator.py took 1.045 seconds
[2024-09-02T21:36:03.095+0000] {processor.py:161} INFO - Started process (PID=197) to work on /home/airflow/.local/lib/python3.12/site-packages/airflow/example_dags/example_short_circuit_operator.py
[2024-09-02T21:36:03.099+0000] {processor.py:830} INFO - Processing file /home/airflow/.local/lib/python3.12/site-packages/airflow/example_dags/example_short_circuit_operator.py for tasks to queue
[2024-09-02T21:36:03.107+0000] {logging_mixin.py:188} INFO - [2024-09-02T21:36:03.105+0000] {dagbag.py:545} INFO - Filling up the DagBag from /home/airflow/.local/lib/python3.12/site-packages/airflow/example_dags/example_short_circuit_operator.py
[2024-09-02T21:36:03.147+0000] {processor.py:840} INFO - DAG(s) 'example_short_circuit_operator' retrieved from /home/airflow/.local/lib/python3.12/site-packages/airflow/example_dags/example_short_circuit_operator.py
[2024-09-02T21:36:03.244+0000] {logging_mixin.py:188} INFO - [2024-09-02T21:36:03.243+0000] {dag.py:3096} INFO - Sync 1 DAGs
[2024-09-02T21:36:03.337+0000] {logging_mixin.py:188} INFO - [2024-09-02T21:36:03.337+0000] {dag.py:3954} INFO - Setting next_dagrun for example_short_circuit_operator to 2024-09-01 00:00:00+00:00, run_after=2024-09-02 00:00:00+00:00
[2024-09-02T21:36:03.509+0000] {processor.py:183} INFO - Processing /home/airflow/.local/lib/python3.12/site-packages/airflow/example_dags/example_short_circuit_operator.py took 0.433 seconds
[2024-09-02T21:38:33.060+0000] {processor.py:161} INFO - Started process (PID=71) to work on /home/airflow/.local/lib/python3.12/site-packages/airflow/example_dags/example_short_circuit_operator.py
[2024-09-02T21:38:33.063+0000] {processor.py:830} INFO - Processing file /home/airflow/.local/lib/python3.12/site-packages/airflow/example_dags/example_short_circuit_operator.py for tasks to queue
[2024-09-02T21:38:33.068+0000] {logging_mixin.py:188} INFO - [2024-09-02T21:38:33.067+0000] {dagbag.py:545} INFO - Filling up the DagBag from /home/airflow/.local/lib/python3.12/site-packages/airflow/example_dags/example_short_circuit_operator.py
[2024-09-02T21:38:33.099+0000] {processor.py:840} INFO - DAG(s) 'example_short_circuit_operator' retrieved from /home/airflow/.local/lib/python3.12/site-packages/airflow/example_dags/example_short_circuit_operator.py
[2024-09-02T21:38:33.451+0000] {logging_mixin.py:188} INFO - [2024-09-02T21:38:33.449+0000] {override.py:1829} INFO - Created Permission View: can edit on DAG:example_short_circuit_operator
[2024-09-02T21:38:33.475+0000] {logging_mixin.py:188} INFO - [2024-09-02T21:38:33.475+0000] {override.py:1829} INFO - Created Permission View: can read on DAG:example_short_circuit_operator
[2024-09-02T21:38:33.488+0000] {logging_mixin.py:188} INFO - [2024-09-02T21:38:33.488+0000] {override.py:1829} INFO - Created Permission View: can delete on DAG:example_short_circuit_operator
[2024-09-02T21:38:33.490+0000] {logging_mixin.py:188} INFO - [2024-09-02T21:38:33.489+0000] {dag.py:3096} INFO - Sync 1 DAGs
[2024-09-02T21:38:33.521+0000] {logging_mixin.py:188} INFO - [2024-09-02T21:38:33.520+0000] {dag.py:3118} INFO - Creating ORM DAG for example_short_circuit_operator
[2024-09-02T21:38:33.550+0000] {logging_mixin.py:188} INFO - [2024-09-02T21:38:33.550+0000] {dag.py:3954} INFO - Setting next_dagrun for example_short_circuit_operator to 2024-09-01 00:00:00+00:00, run_after=2024-09-02 00:00:00+00:00
[2024-09-02T21:38:33.594+0000] {processor.py:183} INFO - Processing /home/airflow/.local/lib/python3.12/site-packages/airflow/example_dags/example_short_circuit_operator.py took 0.546 seconds
[2024-09-02T21:39:03.664+0000] {processor.py:161} INFO - Started process (PID=130) to work on /home/airflow/.local/lib/python3.12/site-packages/airflow/example_dags/example_short_circuit_operator.py
[2024-09-02T21:39:03.666+0000] {processor.py:830} INFO - Processing file /home/airflow/.local/lib/python3.12/site-packages/airflow/example_dags/example_short_circuit_operator.py for tasks to queue
[2024-09-02T21:39:03.667+0000] {logging_mixin.py:188} INFO - [2024-09-02T21:39:03.667+0000] {dagbag.py:545} INFO - Filling up the DagBag from /home/airflow/.local/lib/python3.12/site-packages/airflow/example_dags/example_short_circuit_operator.py
[2024-09-02T21:39:03.675+0000] {processor.py:840} INFO - DAG(s) 'example_short_circuit_operator' retrieved from /home/airflow/.local/lib/python3.12/site-packages/airflow/example_dags/example_short_circuit_operator.py
[2024-09-02T21:39:03.698+0000] {logging_mixin.py:188} INFO - [2024-09-02T21:39:03.697+0000] {dag.py:3096} INFO - Sync 1 DAGs
[2024-09-02T21:39:03.719+0000] {logging_mixin.py:188} INFO - [2024-09-02T21:39:03.719+0000] {dag.py:3954} INFO - Setting next_dagrun for example_short_circuit_operator to 2024-09-01 00:00:00+00:00, run_after=2024-09-02 00:00:00+00:00
[2024-09-02T21:39:03.740+0000] {processor.py:183} INFO - Processing /home/airflow/.local/lib/python3.12/site-packages/airflow/example_dags/example_short_circuit_operator.py took 0.081 seconds
[2024-09-02T21:39:34.109+0000] {processor.py:161} INFO - Started process (PID=190) to work on /home/airflow/.local/lib/python3.12/site-packages/airflow/example_dags/example_short_circuit_operator.py
[2024-09-02T21:39:34.110+0000] {processor.py:830} INFO - Processing file /home/airflow/.local/lib/python3.12/site-packages/airflow/example_dags/example_short_circuit_operator.py for tasks to queue
[2024-09-02T21:39:34.112+0000] {logging_mixin.py:188} INFO - [2024-09-02T21:39:34.111+0000] {dagbag.py:545} INFO - Filling up the DagBag from /home/airflow/.local/lib/python3.12/site-packages/airflow/example_dags/example_short_circuit_operator.py
[2024-09-02T21:39:34.122+0000] {processor.py:840} INFO - DAG(s) 'example_short_circuit_operator' retrieved from /home/airflow/.local/lib/python3.12/site-packages/airflow/example_dags/example_short_circuit_operator.py
[2024-09-02T21:39:34.159+0000] {logging_mixin.py:188} INFO - [2024-09-02T21:39:34.158+0000] {dag.py:3096} INFO - Sync 1 DAGs
[2024-09-02T21:39:34.206+0000] {logging_mixin.py:188} INFO - [2024-09-02T21:39:34.205+0000] {dag.py:3954} INFO - Setting next_dagrun for example_short_circuit_operator to 2024-09-01 00:00:00+00:00, run_after=2024-09-02 00:00:00+00:00
[2024-09-02T21:39:34.247+0000] {processor.py:183} INFO - Processing /home/airflow/.local/lib/python3.12/site-packages/airflow/example_dags/example_short_circuit_operator.py took 0.144 seconds
[2024-09-02T21:40:04.823+0000] {processor.py:161} INFO - Started process (PID=250) to work on /home/airflow/.local/lib/python3.12/site-packages/airflow/example_dags/example_short_circuit_operator.py
[2024-09-02T21:40:04.824+0000] {processor.py:830} INFO - Processing file /home/airflow/.local/lib/python3.12/site-packages/airflow/example_dags/example_short_circuit_operator.py for tasks to queue
[2024-09-02T21:40:04.826+0000] {logging_mixin.py:188} INFO - [2024-09-02T21:40:04.826+0000] {dagbag.py:545} INFO - Filling up the DagBag from /home/airflow/.local/lib/python3.12/site-packages/airflow/example_dags/example_short_circuit_operator.py
[2024-09-02T21:40:04.833+0000] {processor.py:840} INFO - DAG(s) 'example_short_circuit_operator' retrieved from /home/airflow/.local/lib/python3.12/site-packages/airflow/example_dags/example_short_circuit_operator.py
[2024-09-02T21:40:04.860+0000] {logging_mixin.py:188} INFO - [2024-09-02T21:40:04.860+0000] {dag.py:3096} INFO - Sync 1 DAGs
[2024-09-02T21:40:04.887+0000] {logging_mixin.py:188} INFO - [2024-09-02T21:40:04.886+0000] {dag.py:3954} INFO - Setting next_dagrun for example_short_circuit_operator to 2024-09-01 00:00:00+00:00, run_after=2024-09-02 00:00:00+00:00
[2024-09-02T21:40:04.909+0000] {processor.py:183} INFO - Processing /home/airflow/.local/lib/python3.12/site-packages/airflow/example_dags/example_short_circuit_operator.py took 0.091 seconds
[2024-09-02T21:40:35.081+0000] {processor.py:161} INFO - Started process (PID=310) to work on /home/airflow/.local/lib/python3.12/site-packages/airflow/example_dags/example_short_circuit_operator.py
[2024-09-02T21:40:35.082+0000] {processor.py:830} INFO - Processing file /home/airflow/.local/lib/python3.12/site-packages/airflow/example_dags/example_short_circuit_operator.py for tasks to queue
[2024-09-02T21:40:35.084+0000] {logging_mixin.py:188} INFO - [2024-09-02T21:40:35.084+0000] {dagbag.py:545} INFO - Filling up the DagBag from /home/airflow/.local/lib/python3.12/site-packages/airflow/example_dags/example_short_circuit_operator.py
[2024-09-02T21:40:35.092+0000] {processor.py:840} INFO - DAG(s) 'example_short_circuit_operator' retrieved from /home/airflow/.local/lib/python3.12/site-packages/airflow/example_dags/example_short_circuit_operator.py
[2024-09-02T21:40:35.120+0000] {logging_mixin.py:188} INFO - [2024-09-02T21:40:35.120+0000] {dag.py:3096} INFO - Sync 1 DAGs
[2024-09-02T21:40:35.145+0000] {logging_mixin.py:188} INFO - [2024-09-02T21:40:35.144+0000] {dag.py:3954} INFO - Setting next_dagrun for example_short_circuit_operator to 2024-09-01 00:00:00+00:00, run_after=2024-09-02 00:00:00+00:00
[2024-09-02T21:40:35.168+0000] {processor.py:183} INFO - Processing /home/airflow/.local/lib/python3.12/site-packages/airflow/example_dags/example_short_circuit_operator.py took 0.092 seconds
[2024-09-02T21:41:05.428+0000] {processor.py:161} INFO - Started process (PID=370) to work on /home/airflow/.local/lib/python3.12/site-packages/airflow/example_dags/example_short_circuit_operator.py
[2024-09-02T21:41:05.429+0000] {processor.py:830} INFO - Processing file /home/airflow/.local/lib/python3.12/site-packages/airflow/example_dags/example_short_circuit_operator.py for tasks to queue
[2024-09-02T21:41:05.432+0000] {logging_mixin.py:188} INFO - [2024-09-02T21:41:05.432+0000] {dagbag.py:545} INFO - Filling up the DagBag from /home/airflow/.local/lib/python3.12/site-packages/airflow/example_dags/example_short_circuit_operator.py
[2024-09-02T21:41:05.441+0000] {processor.py:840} INFO - DAG(s) 'example_short_circuit_operator' retrieved from /home/airflow/.local/lib/python3.12/site-packages/airflow/example_dags/example_short_circuit_operator.py
[2024-09-02T21:41:05.480+0000] {logging_mixin.py:188} INFO - [2024-09-02T21:41:05.480+0000] {dag.py:3096} INFO - Sync 1 DAGs
[2024-09-02T21:41:05.509+0000] {logging_mixin.py:188} INFO - [2024-09-02T21:41:05.509+0000] {dag.py:3954} INFO - Setting next_dagrun for example_short_circuit_operator to 2024-09-01 00:00:00+00:00, run_after=2024-09-02 00:00:00+00:00
[2024-09-02T21:41:05.537+0000] {processor.py:183} INFO - Processing /home/airflow/.local/lib/python3.12/site-packages/airflow/example_dags/example_short_circuit_operator.py took 0.117 seconds
[2024-09-02T21:44:27.169+0000] {processor.py:161} INFO - Started process (PID=72) to work on /home/airflow/.local/lib/python3.12/site-packages/airflow/example_dags/example_short_circuit_operator.py
[2024-09-02T21:44:27.172+0000] {processor.py:830} INFO - Processing file /home/airflow/.local/lib/python3.12/site-packages/airflow/example_dags/example_short_circuit_operator.py for tasks to queue
[2024-09-02T21:44:27.176+0000] {logging_mixin.py:188} INFO - [2024-09-02T21:44:27.175+0000] {dagbag.py:545} INFO - Filling up the DagBag from /home/airflow/.local/lib/python3.12/site-packages/airflow/example_dags/example_short_circuit_operator.py
[2024-09-02T21:44:27.200+0000] {processor.py:840} INFO - DAG(s) 'example_short_circuit_operator' retrieved from /home/airflow/.local/lib/python3.12/site-packages/airflow/example_dags/example_short_circuit_operator.py
[2024-09-02T21:44:27.511+0000] {logging_mixin.py:188} INFO - [2024-09-02T21:44:27.510+0000] {override.py:1829} INFO - Created Permission View: can read on DAG:example_short_circuit_operator
[2024-09-02T21:44:27.533+0000] {logging_mixin.py:188} INFO - [2024-09-02T21:44:27.532+0000] {override.py:1829} INFO - Created Permission View: can delete on DAG:example_short_circuit_operator
[2024-09-02T21:44:27.547+0000] {logging_mixin.py:188} INFO - [2024-09-02T21:44:27.547+0000] {override.py:1829} INFO - Created Permission View: can edit on DAG:example_short_circuit_operator
[2024-09-02T21:44:27.548+0000] {logging_mixin.py:188} INFO - [2024-09-02T21:44:27.548+0000] {dag.py:3096} INFO - Sync 1 DAGs
[2024-09-02T21:44:27.571+0000] {logging_mixin.py:188} INFO - [2024-09-02T21:44:27.571+0000] {dag.py:3118} INFO - Creating ORM DAG for example_short_circuit_operator
[2024-09-02T21:44:27.598+0000] {logging_mixin.py:188} INFO - [2024-09-02T21:44:27.598+0000] {dag.py:3954} INFO - Setting next_dagrun for example_short_circuit_operator to 2024-09-01 00:00:00+00:00, run_after=2024-09-02 00:00:00+00:00
[2024-09-02T21:44:27.647+0000] {processor.py:183} INFO - Processing /home/airflow/.local/lib/python3.12/site-packages/airflow/example_dags/example_short_circuit_operator.py took 0.493 seconds
[2024-09-02T21:44:58.322+0000] {processor.py:161} INFO - Started process (PID=130) to work on /home/airflow/.local/lib/python3.12/site-packages/airflow/example_dags/example_short_circuit_operator.py
[2024-09-02T21:44:58.324+0000] {processor.py:830} INFO - Processing file /home/airflow/.local/lib/python3.12/site-packages/airflow/example_dags/example_short_circuit_operator.py for tasks to queue
[2024-09-02T21:44:58.325+0000] {logging_mixin.py:188} INFO - [2024-09-02T21:44:58.325+0000] {dagbag.py:545} INFO - Filling up the DagBag from /home/airflow/.local/lib/python3.12/site-packages/airflow/example_dags/example_short_circuit_operator.py
[2024-09-02T21:44:58.332+0000] {processor.py:840} INFO - DAG(s) 'example_short_circuit_operator' retrieved from /home/airflow/.local/lib/python3.12/site-packages/airflow/example_dags/example_short_circuit_operator.py
[2024-09-02T21:44:58.359+0000] {logging_mixin.py:188} INFO - [2024-09-02T21:44:58.359+0000] {dag.py:3096} INFO - Sync 1 DAGs
[2024-09-02T21:44:58.385+0000] {logging_mixin.py:188} INFO - [2024-09-02T21:44:58.385+0000] {dag.py:3954} INFO - Setting next_dagrun for example_short_circuit_operator to 2024-09-01 00:00:00+00:00, run_after=2024-09-02 00:00:00+00:00
[2024-09-02T21:44:58.408+0000] {processor.py:183} INFO - Processing /home/airflow/.local/lib/python3.12/site-packages/airflow/example_dags/example_short_circuit_operator.py took 0.090 seconds
[2024-09-02T21:45:28.933+0000] {processor.py:161} INFO - Started process (PID=190) to work on /home/airflow/.local/lib/python3.12/site-packages/airflow/example_dags/example_short_circuit_operator.py
[2024-09-02T21:45:28.934+0000] {processor.py:830} INFO - Processing file /home/airflow/.local/lib/python3.12/site-packages/airflow/example_dags/example_short_circuit_operator.py for tasks to queue
[2024-09-02T21:45:28.936+0000] {logging_mixin.py:188} INFO - [2024-09-02T21:45:28.936+0000] {dagbag.py:545} INFO - Filling up the DagBag from /home/airflow/.local/lib/python3.12/site-packages/airflow/example_dags/example_short_circuit_operator.py
[2024-09-02T21:45:28.943+0000] {processor.py:840} INFO - DAG(s) 'example_short_circuit_operator' retrieved from /home/airflow/.local/lib/python3.12/site-packages/airflow/example_dags/example_short_circuit_operator.py
[2024-09-02T21:45:28.970+0000] {logging_mixin.py:188} INFO - [2024-09-02T21:45:28.969+0000] {dag.py:3096} INFO - Sync 1 DAGs
[2024-09-02T21:45:28.993+0000] {logging_mixin.py:188} INFO - [2024-09-02T21:45:28.993+0000] {dag.py:3954} INFO - Setting next_dagrun for example_short_circuit_operator to 2024-09-01 00:00:00+00:00, run_after=2024-09-02 00:00:00+00:00
[2024-09-02T21:45:29.014+0000] {processor.py:183} INFO - Processing /home/airflow/.local/lib/python3.12/site-packages/airflow/example_dags/example_short_circuit_operator.py took 0.086 seconds
[2024-09-02T21:45:59.209+0000] {processor.py:161} INFO - Started process (PID=251) to work on /home/airflow/.local/lib/python3.12/site-packages/airflow/example_dags/example_short_circuit_operator.py
[2024-09-02T21:45:59.210+0000] {processor.py:830} INFO - Processing file /home/airflow/.local/lib/python3.12/site-packages/airflow/example_dags/example_short_circuit_operator.py for tasks to queue
[2024-09-02T21:45:59.212+0000] {logging_mixin.py:188} INFO - [2024-09-02T21:45:59.212+0000] {dagbag.py:545} INFO - Filling up the DagBag from /home/airflow/.local/lib/python3.12/site-packages/airflow/example_dags/example_short_circuit_operator.py
[2024-09-02T21:45:59.218+0000] {processor.py:840} INFO - DAG(s) 'example_short_circuit_operator' retrieved from /home/airflow/.local/lib/python3.12/site-packages/airflow/example_dags/example_short_circuit_operator.py
[2024-09-02T21:45:59.245+0000] {logging_mixin.py:188} INFO - [2024-09-02T21:45:59.245+0000] {dag.py:3096} INFO - Sync 1 DAGs
[2024-09-02T21:45:59.268+0000] {logging_mixin.py:188} INFO - [2024-09-02T21:45:59.268+0000] {dag.py:3954} INFO - Setting next_dagrun for example_short_circuit_operator to 2024-09-01 00:00:00+00:00, run_after=2024-09-02 00:00:00+00:00
[2024-09-02T21:45:59.289+0000] {processor.py:183} INFO - Processing /home/airflow/.local/lib/python3.12/site-packages/airflow/example_dags/example_short_circuit_operator.py took 0.084 seconds
[2024-09-02T21:46:29.560+0000] {processor.py:161} INFO - Started process (PID=311) to work on /home/airflow/.local/lib/python3.12/site-packages/airflow/example_dags/example_short_circuit_operator.py
[2024-09-02T21:46:29.561+0000] {processor.py:830} INFO - Processing file /home/airflow/.local/lib/python3.12/site-packages/airflow/example_dags/example_short_circuit_operator.py for tasks to queue
[2024-09-02T21:46:29.566+0000] {logging_mixin.py:188} INFO - [2024-09-02T21:46:29.565+0000] {dagbag.py:545} INFO - Filling up the DagBag from /home/airflow/.local/lib/python3.12/site-packages/airflow/example_dags/example_short_circuit_operator.py
[2024-09-02T21:46:29.581+0000] {processor.py:840} INFO - DAG(s) 'example_short_circuit_operator' retrieved from /home/airflow/.local/lib/python3.12/site-packages/airflow/example_dags/example_short_circuit_operator.py
[2024-09-02T21:46:29.619+0000] {logging_mixin.py:188} INFO - [2024-09-02T21:46:29.619+0000] {dag.py:3096} INFO - Sync 1 DAGs
[2024-09-02T21:46:29.659+0000] {logging_mixin.py:188} INFO - [2024-09-02T21:46:29.659+0000] {dag.py:3954} INFO - Setting next_dagrun for example_short_circuit_operator to 2024-09-01 00:00:00+00:00, run_after=2024-09-02 00:00:00+00:00
[2024-09-02T21:46:29.694+0000] {processor.py:183} INFO - Processing /home/airflow/.local/lib/python3.12/site-packages/airflow/example_dags/example_short_circuit_operator.py took 0.145 seconds
[2024-09-02T21:46:59.856+0000] {processor.py:161} INFO - Started process (PID=373) to work on /home/airflow/.local/lib/python3.12/site-packages/airflow/example_dags/example_short_circuit_operator.py
[2024-09-02T21:46:59.857+0000] {processor.py:830} INFO - Processing file /home/airflow/.local/lib/python3.12/site-packages/airflow/example_dags/example_short_circuit_operator.py for tasks to queue
[2024-09-02T21:46:59.859+0000] {logging_mixin.py:188} INFO - [2024-09-02T21:46:59.859+0000] {dagbag.py:545} INFO - Filling up the DagBag from /home/airflow/.local/lib/python3.12/site-packages/airflow/example_dags/example_short_circuit_operator.py
[2024-09-02T21:46:59.871+0000] {processor.py:840} INFO - DAG(s) 'example_short_circuit_operator' retrieved from /home/airflow/.local/lib/python3.12/site-packages/airflow/example_dags/example_short_circuit_operator.py
[2024-09-02T21:46:59.899+0000] {logging_mixin.py:188} INFO - [2024-09-02T21:46:59.899+0000] {dag.py:3096} INFO - Sync 1 DAGs
[2024-09-02T21:46:59.928+0000] {logging_mixin.py:188} INFO - [2024-09-02T21:46:59.927+0000] {dag.py:3954} INFO - Setting next_dagrun for example_short_circuit_operator to 2024-09-01 00:00:00+00:00, run_after=2024-09-02 00:00:00+00:00
[2024-09-02T21:46:59.951+0000] {processor.py:183} INFO - Processing /home/airflow/.local/lib/python3.12/site-packages/airflow/example_dags/example_short_circuit_operator.py took 0.102 seconds
[2024-09-02T21:47:30.087+0000] {processor.py:161} INFO - Started process (PID=433) to work on /home/airflow/.local/lib/python3.12/site-packages/airflow/example_dags/example_short_circuit_operator.py
[2024-09-02T21:47:30.088+0000] {processor.py:830} INFO - Processing file /home/airflow/.local/lib/python3.12/site-packages/airflow/example_dags/example_short_circuit_operator.py for tasks to queue
[2024-09-02T21:47:30.091+0000] {logging_mixin.py:188} INFO - [2024-09-02T21:47:30.090+0000] {dagbag.py:545} INFO - Filling up the DagBag from /home/airflow/.local/lib/python3.12/site-packages/airflow/example_dags/example_short_circuit_operator.py
[2024-09-02T21:47:30.100+0000] {processor.py:840} INFO - DAG(s) 'example_short_circuit_operator' retrieved from /home/airflow/.local/lib/python3.12/site-packages/airflow/example_dags/example_short_circuit_operator.py
[2024-09-02T21:47:30.128+0000] {logging_mixin.py:188} INFO - [2024-09-02T21:47:30.127+0000] {dag.py:3096} INFO - Sync 1 DAGs
[2024-09-02T21:47:30.154+0000] {logging_mixin.py:188} INFO - [2024-09-02T21:47:30.154+0000] {dag.py:3954} INFO - Setting next_dagrun for example_short_circuit_operator to 2024-09-01 00:00:00+00:00, run_after=2024-09-02 00:00:00+00:00
[2024-09-02T21:47:30.174+0000] {processor.py:183} INFO - Processing /home/airflow/.local/lib/python3.12/site-packages/airflow/example_dags/example_short_circuit_operator.py took 0.096 seconds
[2024-09-02T21:48:00.480+0000] {processor.py:161} INFO - Started process (PID=493) to work on /home/airflow/.local/lib/python3.12/site-packages/airflow/example_dags/example_short_circuit_operator.py
[2024-09-02T21:48:00.482+0000] {processor.py:830} INFO - Processing file /home/airflow/.local/lib/python3.12/site-packages/airflow/example_dags/example_short_circuit_operator.py for tasks to queue
[2024-09-02T21:48:00.485+0000] {logging_mixin.py:188} INFO - [2024-09-02T21:48:00.484+0000] {dagbag.py:545} INFO - Filling up the DagBag from /home/airflow/.local/lib/python3.12/site-packages/airflow/example_dags/example_short_circuit_operator.py
[2024-09-02T21:48:00.494+0000] {processor.py:840} INFO - DAG(s) 'example_short_circuit_operator' retrieved from /home/airflow/.local/lib/python3.12/site-packages/airflow/example_dags/example_short_circuit_operator.py
[2024-09-02T21:48:00.521+0000] {logging_mixin.py:188} INFO - [2024-09-02T21:48:00.521+0000] {dag.py:3096} INFO - Sync 1 DAGs
[2024-09-02T21:48:00.553+0000] {logging_mixin.py:188} INFO - [2024-09-02T21:48:00.553+0000] {dag.py:3954} INFO - Setting next_dagrun for example_short_circuit_operator to 2024-09-01 00:00:00+00:00, run_after=2024-09-02 00:00:00+00:00
[2024-09-02T21:48:00.583+0000] {processor.py:183} INFO - Processing /home/airflow/.local/lib/python3.12/site-packages/airflow/example_dags/example_short_circuit_operator.py took 0.110 seconds
[2024-09-02T21:48:31.441+0000] {processor.py:161} INFO - Started process (PID=553) to work on /home/airflow/.local/lib/python3.12/site-packages/airflow/example_dags/example_short_circuit_operator.py
[2024-09-02T21:48:31.443+0000] {processor.py:830} INFO - Processing file /home/airflow/.local/lib/python3.12/site-packages/airflow/example_dags/example_short_circuit_operator.py for tasks to queue
[2024-09-02T21:48:31.446+0000] {logging_mixin.py:188} INFO - [2024-09-02T21:48:31.446+0000] {dagbag.py:545} INFO - Filling up the DagBag from /home/airflow/.local/lib/python3.12/site-packages/airflow/example_dags/example_short_circuit_operator.py
[2024-09-02T21:48:31.463+0000] {processor.py:840} INFO - DAG(s) 'example_short_circuit_operator' retrieved from /home/airflow/.local/lib/python3.12/site-packages/airflow/example_dags/example_short_circuit_operator.py
[2024-09-02T21:48:31.545+0000] {logging_mixin.py:188} INFO - [2024-09-02T21:48:31.544+0000] {dag.py:3096} INFO - Sync 1 DAGs
[2024-09-02T21:48:31.630+0000] {logging_mixin.py:188} INFO - [2024-09-02T21:48:31.629+0000] {dag.py:3954} INFO - Setting next_dagrun for example_short_circuit_operator to 2024-09-01 00:00:00+00:00, run_after=2024-09-02 00:00:00+00:00
[2024-09-02T21:48:31.660+0000] {processor.py:183} INFO - Processing /home/airflow/.local/lib/python3.12/site-packages/airflow/example_dags/example_short_circuit_operator.py took 0.231 seconds
[2024-09-02T21:49:02.378+0000] {processor.py:161} INFO - Started process (PID=613) to work on /home/airflow/.local/lib/python3.12/site-packages/airflow/example_dags/example_short_circuit_operator.py
[2024-09-02T21:49:02.380+0000] {processor.py:830} INFO - Processing file /home/airflow/.local/lib/python3.12/site-packages/airflow/example_dags/example_short_circuit_operator.py for tasks to queue
[2024-09-02T21:49:02.384+0000] {logging_mixin.py:188} INFO - [2024-09-02T21:49:02.383+0000] {dagbag.py:545} INFO - Filling up the DagBag from /home/airflow/.local/lib/python3.12/site-packages/airflow/example_dags/example_short_circuit_operator.py
[2024-09-02T21:49:02.397+0000] {processor.py:840} INFO - DAG(s) 'example_short_circuit_operator' retrieved from /home/airflow/.local/lib/python3.12/site-packages/airflow/example_dags/example_short_circuit_operator.py
[2024-09-02T21:49:02.427+0000] {logging_mixin.py:188} INFO - [2024-09-02T21:49:02.427+0000] {dag.py:3096} INFO - Sync 1 DAGs
[2024-09-02T21:49:02.453+0000] {logging_mixin.py:188} INFO - [2024-09-02T21:49:02.452+0000] {dag.py:3954} INFO - Setting next_dagrun for example_short_circuit_operator to 2024-09-01 00:00:00+00:00, run_after=2024-09-02 00:00:00+00:00
[2024-09-02T21:49:02.478+0000] {processor.py:183} INFO - Processing /home/airflow/.local/lib/python3.12/site-packages/airflow/example_dags/example_short_circuit_operator.py took 0.114 seconds
[2024-09-02T21:49:33.270+0000] {processor.py:161} INFO - Started process (PID=673) to work on /home/airflow/.local/lib/python3.12/site-packages/airflow/example_dags/example_short_circuit_operator.py
[2024-09-02T21:49:33.271+0000] {processor.py:830} INFO - Processing file /home/airflow/.local/lib/python3.12/site-packages/airflow/example_dags/example_short_circuit_operator.py for tasks to queue
[2024-09-02T21:49:33.274+0000] {logging_mixin.py:188} INFO - [2024-09-02T21:49:33.274+0000] {dagbag.py:545} INFO - Filling up the DagBag from /home/airflow/.local/lib/python3.12/site-packages/airflow/example_dags/example_short_circuit_operator.py
[2024-09-02T21:49:33.284+0000] {processor.py:840} INFO - DAG(s) 'example_short_circuit_operator' retrieved from /home/airflow/.local/lib/python3.12/site-packages/airflow/example_dags/example_short_circuit_operator.py
[2024-09-02T21:49:33.315+0000] {logging_mixin.py:188} INFO - [2024-09-02T21:49:33.315+0000] {dag.py:3096} INFO - Sync 1 DAGs
[2024-09-02T21:49:33.344+0000] {logging_mixin.py:188} INFO - [2024-09-02T21:49:33.343+0000] {dag.py:3954} INFO - Setting next_dagrun for example_short_circuit_operator to 2024-09-01 00:00:00+00:00, run_after=2024-09-02 00:00:00+00:00
[2024-09-02T21:49:33.369+0000] {processor.py:183} INFO - Processing /home/airflow/.local/lib/python3.12/site-packages/airflow/example_dags/example_short_circuit_operator.py took 0.107 seconds
[2024-09-02T21:50:03.964+0000] {processor.py:161} INFO - Started process (PID=733) to work on /home/airflow/.local/lib/python3.12/site-packages/airflow/example_dags/example_short_circuit_operator.py
[2024-09-02T21:50:03.966+0000] {processor.py:830} INFO - Processing file /home/airflow/.local/lib/python3.12/site-packages/airflow/example_dags/example_short_circuit_operator.py for tasks to queue
[2024-09-02T21:50:03.969+0000] {logging_mixin.py:188} INFO - [2024-09-02T21:50:03.968+0000] {dagbag.py:545} INFO - Filling up the DagBag from /home/airflow/.local/lib/python3.12/site-packages/airflow/example_dags/example_short_circuit_operator.py
[2024-09-02T21:50:03.978+0000] {processor.py:840} INFO - DAG(s) 'example_short_circuit_operator' retrieved from /home/airflow/.local/lib/python3.12/site-packages/airflow/example_dags/example_short_circuit_operator.py
[2024-09-02T21:50:04.007+0000] {logging_mixin.py:188} INFO - [2024-09-02T21:50:04.007+0000] {dag.py:3096} INFO - Sync 1 DAGs
[2024-09-02T21:50:04.043+0000] {logging_mixin.py:188} INFO - [2024-09-02T21:50:04.042+0000] {dag.py:3954} INFO - Setting next_dagrun for example_short_circuit_operator to 2024-09-01 00:00:00+00:00, run_after=2024-09-02 00:00:00+00:00
[2024-09-02T21:50:04.076+0000] {processor.py:183} INFO - Processing /home/airflow/.local/lib/python3.12/site-packages/airflow/example_dags/example_short_circuit_operator.py took 0.120 seconds
[2024-09-02T21:50:34.698+0000] {processor.py:161} INFO - Started process (PID=793) to work on /home/airflow/.local/lib/python3.12/site-packages/airflow/example_dags/example_short_circuit_operator.py
[2024-09-02T21:50:34.701+0000] {processor.py:830} INFO - Processing file /home/airflow/.local/lib/python3.12/site-packages/airflow/example_dags/example_short_circuit_operator.py for tasks to queue
[2024-09-02T21:50:34.705+0000] {logging_mixin.py:188} INFO - [2024-09-02T21:50:34.704+0000] {dagbag.py:545} INFO - Filling up the DagBag from /home/airflow/.local/lib/python3.12/site-packages/airflow/example_dags/example_short_circuit_operator.py
[2024-09-02T21:50:34.717+0000] {processor.py:840} INFO - DAG(s) 'example_short_circuit_operator' retrieved from /home/airflow/.local/lib/python3.12/site-packages/airflow/example_dags/example_short_circuit_operator.py
[2024-09-02T21:50:34.745+0000] {logging_mixin.py:188} INFO - [2024-09-02T21:50:34.744+0000] {dag.py:3096} INFO - Sync 1 DAGs
[2024-09-02T21:50:34.773+0000] {logging_mixin.py:188} INFO - [2024-09-02T21:50:34.773+0000] {dag.py:3954} INFO - Setting next_dagrun for example_short_circuit_operator to 2024-09-01 00:00:00+00:00, run_after=2024-09-02 00:00:00+00:00
[2024-09-02T21:50:34.800+0000] {processor.py:183} INFO - Processing /home/airflow/.local/lib/python3.12/site-packages/airflow/example_dags/example_short_circuit_operator.py took 0.113 seconds
[2024-09-02T21:51:05.854+0000] {processor.py:161} INFO - Started process (PID=853) to work on /home/airflow/.local/lib/python3.12/site-packages/airflow/example_dags/example_short_circuit_operator.py
[2024-09-02T21:51:05.856+0000] {processor.py:830} INFO - Processing file /home/airflow/.local/lib/python3.12/site-packages/airflow/example_dags/example_short_circuit_operator.py for tasks to queue
[2024-09-02T21:51:05.859+0000] {logging_mixin.py:188} INFO - [2024-09-02T21:51:05.858+0000] {dagbag.py:545} INFO - Filling up the DagBag from /home/airflow/.local/lib/python3.12/site-packages/airflow/example_dags/example_short_circuit_operator.py
[2024-09-02T21:51:05.871+0000] {processor.py:840} INFO - DAG(s) 'example_short_circuit_operator' retrieved from /home/airflow/.local/lib/python3.12/site-packages/airflow/example_dags/example_short_circuit_operator.py
[2024-09-02T21:51:05.901+0000] {logging_mixin.py:188} INFO - [2024-09-02T21:51:05.900+0000] {dag.py:3096} INFO - Sync 1 DAGs
[2024-09-02T21:51:05.935+0000] {logging_mixin.py:188} INFO - [2024-09-02T21:51:05.934+0000] {dag.py:3954} INFO - Setting next_dagrun for example_short_circuit_operator to 2024-09-01 00:00:00+00:00, run_after=2024-09-02 00:00:00+00:00
[2024-09-02T21:51:05.980+0000] {processor.py:183} INFO - Processing /home/airflow/.local/lib/python3.12/site-packages/airflow/example_dags/example_short_circuit_operator.py took 0.135 seconds
[2024-09-02T21:51:36.985+0000] {processor.py:161} INFO - Started process (PID=913) to work on /home/airflow/.local/lib/python3.12/site-packages/airflow/example_dags/example_short_circuit_operator.py
[2024-09-02T21:51:36.987+0000] {processor.py:830} INFO - Processing file /home/airflow/.local/lib/python3.12/site-packages/airflow/example_dags/example_short_circuit_operator.py for tasks to queue
[2024-09-02T21:51:36.991+0000] {logging_mixin.py:188} INFO - [2024-09-02T21:51:36.990+0000] {dagbag.py:545} INFO - Filling up the DagBag from /home/airflow/.local/lib/python3.12/site-packages/airflow/example_dags/example_short_circuit_operator.py
[2024-09-02T21:51:37.005+0000] {processor.py:840} INFO - DAG(s) 'example_short_circuit_operator' retrieved from /home/airflow/.local/lib/python3.12/site-packages/airflow/example_dags/example_short_circuit_operator.py
[2024-09-02T21:51:37.038+0000] {logging_mixin.py:188} INFO - [2024-09-02T21:51:37.037+0000] {dag.py:3096} INFO - Sync 1 DAGs
[2024-09-02T21:51:37.070+0000] {logging_mixin.py:188} INFO - [2024-09-02T21:51:37.070+0000] {dag.py:3954} INFO - Setting next_dagrun for example_short_circuit_operator to 2024-09-01 00:00:00+00:00, run_after=2024-09-02 00:00:00+00:00
[2024-09-02T21:51:37.103+0000] {processor.py:183} INFO - Processing /home/airflow/.local/lib/python3.12/site-packages/airflow/example_dags/example_short_circuit_operator.py took 0.126 seconds
[2024-09-02T21:52:08.108+0000] {processor.py:161} INFO - Started process (PID=973) to work on /home/airflow/.local/lib/python3.12/site-packages/airflow/example_dags/example_short_circuit_operator.py
[2024-09-02T21:52:08.110+0000] {processor.py:830} INFO - Processing file /home/airflow/.local/lib/python3.12/site-packages/airflow/example_dags/example_short_circuit_operator.py for tasks to queue
[2024-09-02T21:52:08.113+0000] {logging_mixin.py:188} INFO - [2024-09-02T21:52:08.113+0000] {dagbag.py:545} INFO - Filling up the DagBag from /home/airflow/.local/lib/python3.12/site-packages/airflow/example_dags/example_short_circuit_operator.py
[2024-09-02T21:52:08.125+0000] {processor.py:840} INFO - DAG(s) 'example_short_circuit_operator' retrieved from /home/airflow/.local/lib/python3.12/site-packages/airflow/example_dags/example_short_circuit_operator.py
[2024-09-02T21:52:08.157+0000] {logging_mixin.py:188} INFO - [2024-09-02T21:52:08.157+0000] {dag.py:3096} INFO - Sync 1 DAGs
[2024-09-02T21:52:08.187+0000] {logging_mixin.py:188} INFO - [2024-09-02T21:52:08.187+0000] {dag.py:3954} INFO - Setting next_dagrun for example_short_circuit_operator to 2024-09-01 00:00:00+00:00, run_after=2024-09-02 00:00:00+00:00
[2024-09-02T21:52:08.222+0000] {processor.py:183} INFO - Processing /home/airflow/.local/lib/python3.12/site-packages/airflow/example_dags/example_short_circuit_operator.py took 0.124 seconds
[2024-09-02T21:52:38.610+0000] {processor.py:161} INFO - Started process (PID=1033) to work on /home/airflow/.local/lib/python3.12/site-packages/airflow/example_dags/example_short_circuit_operator.py
[2024-09-02T21:52:38.611+0000] {processor.py:830} INFO - Processing file /home/airflow/.local/lib/python3.12/site-packages/airflow/example_dags/example_short_circuit_operator.py for tasks to queue
[2024-09-02T21:52:38.615+0000] {logging_mixin.py:188} INFO - [2024-09-02T21:52:38.614+0000] {dagbag.py:545} INFO - Filling up the DagBag from /home/airflow/.local/lib/python3.12/site-packages/airflow/example_dags/example_short_circuit_operator.py
[2024-09-02T21:52:38.626+0000] {processor.py:840} INFO - DAG(s) 'example_short_circuit_operator' retrieved from /home/airflow/.local/lib/python3.12/site-packages/airflow/example_dags/example_short_circuit_operator.py
[2024-09-02T21:52:38.664+0000] {logging_mixin.py:188} INFO - [2024-09-02T21:52:38.664+0000] {dag.py:3096} INFO - Sync 1 DAGs
[2024-09-02T21:52:38.696+0000] {logging_mixin.py:188} INFO - [2024-09-02T21:52:38.696+0000] {dag.py:3954} INFO - Setting next_dagrun for example_short_circuit_operator to 2024-09-01 00:00:00+00:00, run_after=2024-09-02 00:00:00+00:00
[2024-09-02T21:52:38.722+0000] {processor.py:183} INFO - Processing /home/airflow/.local/lib/python3.12/site-packages/airflow/example_dags/example_short_circuit_operator.py took 0.121 seconds
[2024-09-02T21:53:09.055+0000] {processor.py:161} INFO - Started process (PID=1093) to work on /home/airflow/.local/lib/python3.12/site-packages/airflow/example_dags/example_short_circuit_operator.py
[2024-09-02T21:53:09.057+0000] {processor.py:830} INFO - Processing file /home/airflow/.local/lib/python3.12/site-packages/airflow/example_dags/example_short_circuit_operator.py for tasks to queue
[2024-09-02T21:53:09.060+0000] {logging_mixin.py:188} INFO - [2024-09-02T21:53:09.059+0000] {dagbag.py:545} INFO - Filling up the DagBag from /home/airflow/.local/lib/python3.12/site-packages/airflow/example_dags/example_short_circuit_operator.py
[2024-09-02T21:53:09.076+0000] {processor.py:840} INFO - DAG(s) 'example_short_circuit_operator' retrieved from /home/airflow/.local/lib/python3.12/site-packages/airflow/example_dags/example_short_circuit_operator.py
[2024-09-02T21:53:09.119+0000] {logging_mixin.py:188} INFO - [2024-09-02T21:53:09.118+0000] {dag.py:3096} INFO - Sync 1 DAGs
[2024-09-02T21:53:09.155+0000] {logging_mixin.py:188} INFO - [2024-09-02T21:53:09.155+0000] {dag.py:3954} INFO - Setting next_dagrun for example_short_circuit_operator to 2024-09-01 00:00:00+00:00, run_after=2024-09-02 00:00:00+00:00
[2024-09-02T21:53:09.186+0000] {processor.py:183} INFO - Processing /home/airflow/.local/lib/python3.12/site-packages/airflow/example_dags/example_short_circuit_operator.py took 0.141 seconds
[2024-09-02T21:53:39.258+0000] {processor.py:161} INFO - Started process (PID=1153) to work on /home/airflow/.local/lib/python3.12/site-packages/airflow/example_dags/example_short_circuit_operator.py
[2024-09-02T21:53:39.259+0000] {processor.py:830} INFO - Processing file /home/airflow/.local/lib/python3.12/site-packages/airflow/example_dags/example_short_circuit_operator.py for tasks to queue
[2024-09-02T21:53:39.261+0000] {logging_mixin.py:188} INFO - [2024-09-02T21:53:39.261+0000] {dagbag.py:545} INFO - Filling up the DagBag from /home/airflow/.local/lib/python3.12/site-packages/airflow/example_dags/example_short_circuit_operator.py
[2024-09-02T21:53:39.272+0000] {processor.py:840} INFO - DAG(s) 'example_short_circuit_operator' retrieved from /home/airflow/.local/lib/python3.12/site-packages/airflow/example_dags/example_short_circuit_operator.py
[2024-09-02T21:53:39.299+0000] {logging_mixin.py:188} INFO - [2024-09-02T21:53:39.299+0000] {dag.py:3096} INFO - Sync 1 DAGs
[2024-09-02T21:53:39.324+0000] {logging_mixin.py:188} INFO - [2024-09-02T21:53:39.324+0000] {dag.py:3954} INFO - Setting next_dagrun for example_short_circuit_operator to 2024-09-01 00:00:00+00:00, run_after=2024-09-02 00:00:00+00:00
[2024-09-02T21:53:39.348+0000] {processor.py:183} INFO - Processing /home/airflow/.local/lib/python3.12/site-packages/airflow/example_dags/example_short_circuit_operator.py took 0.098 seconds
[2024-09-02T21:54:10.346+0000] {processor.py:161} INFO - Started process (PID=1214) to work on /home/airflow/.local/lib/python3.12/site-packages/airflow/example_dags/example_short_circuit_operator.py
[2024-09-02T21:54:10.352+0000] {processor.py:830} INFO - Processing file /home/airflow/.local/lib/python3.12/site-packages/airflow/example_dags/example_short_circuit_operator.py for tasks to queue
[2024-09-02T21:54:10.361+0000] {logging_mixin.py:188} INFO - [2024-09-02T21:54:10.359+0000] {dagbag.py:545} INFO - Filling up the DagBag from /home/airflow/.local/lib/python3.12/site-packages/airflow/example_dags/example_short_circuit_operator.py
[2024-09-02T21:54:10.383+0000] {processor.py:840} INFO - DAG(s) 'example_short_circuit_operator' retrieved from /home/airflow/.local/lib/python3.12/site-packages/airflow/example_dags/example_short_circuit_operator.py
[2024-09-02T21:54:10.460+0000] {logging_mixin.py:188} INFO - [2024-09-02T21:54:10.459+0000] {dag.py:3096} INFO - Sync 1 DAGs
[2024-09-02T21:54:10.508+0000] {logging_mixin.py:188} INFO - [2024-09-02T21:54:10.508+0000] {dag.py:3954} INFO - Setting next_dagrun for example_short_circuit_operator to 2024-09-01 00:00:00+00:00, run_after=2024-09-02 00:00:00+00:00
[2024-09-02T21:54:10.547+0000] {processor.py:183} INFO - Processing /home/airflow/.local/lib/python3.12/site-packages/airflow/example_dags/example_short_circuit_operator.py took 0.217 seconds
[2024-09-02T21:54:41.344+0000] {processor.py:161} INFO - Started process (PID=1274) to work on /home/airflow/.local/lib/python3.12/site-packages/airflow/example_dags/example_short_circuit_operator.py
[2024-09-02T21:54:41.346+0000] {processor.py:830} INFO - Processing file /home/airflow/.local/lib/python3.12/site-packages/airflow/example_dags/example_short_circuit_operator.py for tasks to queue
[2024-09-02T21:54:41.348+0000] {logging_mixin.py:188} INFO - [2024-09-02T21:54:41.348+0000] {dagbag.py:545} INFO - Filling up the DagBag from /home/airflow/.local/lib/python3.12/site-packages/airflow/example_dags/example_short_circuit_operator.py
[2024-09-02T21:54:41.357+0000] {processor.py:840} INFO - DAG(s) 'example_short_circuit_operator' retrieved from /home/airflow/.local/lib/python3.12/site-packages/airflow/example_dags/example_short_circuit_operator.py
[2024-09-02T21:54:41.384+0000] {logging_mixin.py:188} INFO - [2024-09-02T21:54:41.384+0000] {dag.py:3096} INFO - Sync 1 DAGs
[2024-09-02T21:54:41.409+0000] {logging_mixin.py:188} INFO - [2024-09-02T21:54:41.409+0000] {dag.py:3954} INFO - Setting next_dagrun for example_short_circuit_operator to 2024-09-01 00:00:00+00:00, run_after=2024-09-02 00:00:00+00:00
[2024-09-02T21:54:41.431+0000] {processor.py:183} INFO - Processing /home/airflow/.local/lib/python3.12/site-packages/airflow/example_dags/example_short_circuit_operator.py took 0.095 seconds
[2024-09-02T21:55:11.707+0000] {processor.py:161} INFO - Started process (PID=1334) to work on /home/airflow/.local/lib/python3.12/site-packages/airflow/example_dags/example_short_circuit_operator.py
[2024-09-02T21:55:11.709+0000] {processor.py:830} INFO - Processing file /home/airflow/.local/lib/python3.12/site-packages/airflow/example_dags/example_short_circuit_operator.py for tasks to queue
[2024-09-02T21:55:11.712+0000] {logging_mixin.py:188} INFO - [2024-09-02T21:55:11.711+0000] {dagbag.py:545} INFO - Filling up the DagBag from /home/airflow/.local/lib/python3.12/site-packages/airflow/example_dags/example_short_circuit_operator.py
[2024-09-02T21:55:11.722+0000] {processor.py:840} INFO - DAG(s) 'example_short_circuit_operator' retrieved from /home/airflow/.local/lib/python3.12/site-packages/airflow/example_dags/example_short_circuit_operator.py
[2024-09-02T21:55:11.749+0000] {logging_mixin.py:188} INFO - [2024-09-02T21:55:11.749+0000] {dag.py:3096} INFO - Sync 1 DAGs
[2024-09-02T21:55:11.779+0000] {logging_mixin.py:188} INFO - [2024-09-02T21:55:11.778+0000] {dag.py:3954} INFO - Setting next_dagrun for example_short_circuit_operator to 2024-09-01 00:00:00+00:00, run_after=2024-09-02 00:00:00+00:00
[2024-09-02T21:55:11.801+0000] {processor.py:183} INFO - Processing /home/airflow/.local/lib/python3.12/site-packages/airflow/example_dags/example_short_circuit_operator.py took 0.102 seconds
[2024-09-02T21:55:42.284+0000] {processor.py:161} INFO - Started process (PID=1398) to work on /home/airflow/.local/lib/python3.12/site-packages/airflow/example_dags/example_short_circuit_operator.py
[2024-09-02T21:55:42.286+0000] {processor.py:830} INFO - Processing file /home/airflow/.local/lib/python3.12/site-packages/airflow/example_dags/example_short_circuit_operator.py for tasks to queue
[2024-09-02T21:55:42.290+0000] {logging_mixin.py:188} INFO - [2024-09-02T21:55:42.289+0000] {dagbag.py:545} INFO - Filling up the DagBag from /home/airflow/.local/lib/python3.12/site-packages/airflow/example_dags/example_short_circuit_operator.py
[2024-09-02T21:55:42.307+0000] {processor.py:840} INFO - DAG(s) 'example_short_circuit_operator' retrieved from /home/airflow/.local/lib/python3.12/site-packages/airflow/example_dags/example_short_circuit_operator.py
[2024-09-02T21:55:42.351+0000] {logging_mixin.py:188} INFO - [2024-09-02T21:55:42.350+0000] {dag.py:3096} INFO - Sync 1 DAGs
[2024-09-02T21:55:42.386+0000] {logging_mixin.py:188} INFO - [2024-09-02T21:55:42.386+0000] {dag.py:3954} INFO - Setting next_dagrun for example_short_circuit_operator to 2024-09-01 00:00:00+00:00, run_after=2024-09-02 00:00:00+00:00
[2024-09-02T21:55:42.416+0000] {processor.py:183} INFO - Processing /home/airflow/.local/lib/python3.12/site-packages/airflow/example_dags/example_short_circuit_operator.py took 0.145 seconds
[2024-09-02T21:56:12.824+0000] {processor.py:161} INFO - Started process (PID=1461) to work on /home/airflow/.local/lib/python3.12/site-packages/airflow/example_dags/example_short_circuit_operator.py
[2024-09-02T21:56:12.825+0000] {processor.py:830} INFO - Processing file /home/airflow/.local/lib/python3.12/site-packages/airflow/example_dags/example_short_circuit_operator.py for tasks to queue
[2024-09-02T21:56:12.827+0000] {logging_mixin.py:188} INFO - [2024-09-02T21:56:12.827+0000] {dagbag.py:545} INFO - Filling up the DagBag from /home/airflow/.local/lib/python3.12/site-packages/airflow/example_dags/example_short_circuit_operator.py
[2024-09-02T21:56:12.835+0000] {processor.py:840} INFO - DAG(s) 'example_short_circuit_operator' retrieved from /home/airflow/.local/lib/python3.12/site-packages/airflow/example_dags/example_short_circuit_operator.py
[2024-09-02T21:56:12.862+0000] {logging_mixin.py:188} INFO - [2024-09-02T21:56:12.862+0000] {dag.py:3096} INFO - Sync 1 DAGs
[2024-09-02T21:56:12.889+0000] {logging_mixin.py:188} INFO - [2024-09-02T21:56:12.889+0000] {dag.py:3954} INFO - Setting next_dagrun for example_short_circuit_operator to 2024-09-01 00:00:00+00:00, run_after=2024-09-02 00:00:00+00:00
[2024-09-02T21:56:12.912+0000] {processor.py:183} INFO - Processing /home/airflow/.local/lib/python3.12/site-packages/airflow/example_dags/example_short_circuit_operator.py took 0.097 seconds
