[2024-09-02T21:35:04.755+0000] {processor.py:161} INFO - Started process (PID=90) to work on /home/airflow/.local/lib/python3.12/site-packages/airflow/example_dags/example_bash_decorator.py
[2024-09-02T21:35:04.758+0000] {processor.py:830} INFO - Processing file /home/airflow/.local/lib/python3.12/site-packages/airflow/example_dags/example_bash_decorator.py for tasks to queue
[2024-09-02T21:35:04.767+0000] {logging_mixin.py:188} INFO - [2024-09-02T21:35:04.764+0000] {dagbag.py:545} INFO - Filling up the DagBag from /home/airflow/.local/lib/python3.12/site-packages/airflow/example_dags/example_bash_decorator.py
[2024-09-02T21:35:04.825+0000] {processor.py:840} INFO - DAG(s) 'example_bash_decorator' retrieved from /home/airflow/.local/lib/python3.12/site-packages/airflow/example_dags/example_bash_decorator.py
[2024-09-02T21:35:05.362+0000] {logging_mixin.py:188} INFO - [2024-09-02T21:35:05.359+0000] {override.py:1829} INFO - Created Permission View: can edit on DAG:example_bash_decorator
[2024-09-02T21:35:05.422+0000] {logging_mixin.py:188} INFO - [2024-09-02T21:35:05.420+0000] {override.py:1829} INFO - Created Permission View: can delete on DAG:example_bash_decorator
[2024-09-02T21:35:05.448+0000] {logging_mixin.py:188} INFO - [2024-09-02T21:35:05.447+0000] {override.py:1829} INFO - Created Permission View: can read on DAG:example_bash_decorator
[2024-09-02T21:35:05.456+0000] {logging_mixin.py:188} INFO - [2024-09-02T21:35:05.455+0000] {dag.py:3096} INFO - Sync 1 DAGs
[2024-09-02T21:35:05.529+0000] {logging_mixin.py:188} INFO - [2024-09-02T21:35:05.528+0000] {dag.py:3118} INFO - Creating ORM DAG for example_bash_decorator
[2024-09-02T21:35:05.534+0000] {logging_mixin.py:188} INFO - [2024-09-02T21:35:05.534+0000] {dag.py:3954} INFO - Setting next_dagrun for example_bash_decorator to None, run_after=None
[2024-09-02T21:35:05.618+0000] {processor.py:183} INFO - Processing /home/airflow/.local/lib/python3.12/site-packages/airflow/example_dags/example_bash_decorator.py took 0.883 seconds
[2024-09-02T21:35:36.826+0000] {processor.py:161} INFO - Started process (PID=149) to work on /home/airflow/.local/lib/python3.12/site-packages/airflow/example_dags/example_bash_decorator.py
[2024-09-02T21:35:36.839+0000] {processor.py:830} INFO - Processing file /home/airflow/.local/lib/python3.12/site-packages/airflow/example_dags/example_bash_decorator.py for tasks to queue
[2024-09-02T21:35:36.847+0000] {logging_mixin.py:188} INFO - [2024-09-02T21:35:36.846+0000] {dagbag.py:545} INFO - Filling up the DagBag from /home/airflow/.local/lib/python3.12/site-packages/airflow/example_dags/example_bash_decorator.py
[2024-09-02T21:35:36.982+0000] {processor.py:840} INFO - DAG(s) 'example_bash_decorator' retrieved from /home/airflow/.local/lib/python3.12/site-packages/airflow/example_dags/example_bash_decorator.py
[2024-09-02T21:35:37.196+0000] {logging_mixin.py:188} INFO - [2024-09-02T21:35:37.195+0000] {dag.py:3096} INFO - Sync 1 DAGs
[2024-09-02T21:35:37.280+0000] {logging_mixin.py:188} INFO - [2024-09-02T21:35:37.279+0000] {dag.py:3954} INFO - Setting next_dagrun for example_bash_decorator to None, run_after=None
[2024-09-02T21:35:37.388+0000] {processor.py:183} INFO - Processing /home/airflow/.local/lib/python3.12/site-packages/airflow/example_dags/example_bash_decorator.py took 0.612 seconds
[2024-09-02T21:36:09.554+0000] {processor.py:161} INFO - Started process (PID=209) to work on /home/airflow/.local/lib/python3.12/site-packages/airflow/example_dags/example_bash_decorator.py
[2024-09-02T21:36:09.567+0000] {processor.py:830} INFO - Processing file /home/airflow/.local/lib/python3.12/site-packages/airflow/example_dags/example_bash_decorator.py for tasks to queue
[2024-09-02T21:36:09.574+0000] {logging_mixin.py:188} INFO - [2024-09-02T21:36:09.573+0000] {dagbag.py:545} INFO - Filling up the DagBag from /home/airflow/.local/lib/python3.12/site-packages/airflow/example_dags/example_bash_decorator.py
[2024-09-02T21:36:09.658+0000] {processor.py:840} INFO - DAG(s) 'example_bash_decorator' retrieved from /home/airflow/.local/lib/python3.12/site-packages/airflow/example_dags/example_bash_decorator.py
[2024-09-02T21:36:09.797+0000] {logging_mixin.py:188} INFO - [2024-09-02T21:36:09.796+0000] {dag.py:3096} INFO - Sync 1 DAGs
[2024-09-02T21:36:09.889+0000] {logging_mixin.py:188} INFO - [2024-09-02T21:36:09.888+0000] {dag.py:3954} INFO - Setting next_dagrun for example_bash_decorator to None, run_after=None
[2024-09-02T21:36:10.016+0000] {processor.py:183} INFO - Processing /home/airflow/.local/lib/python3.12/site-packages/airflow/example_dags/example_bash_decorator.py took 0.497 seconds
[2024-09-02T21:38:38.292+0000] {processor.py:161} INFO - Started process (PID=81) to work on /home/airflow/.local/lib/python3.12/site-packages/airflow/example_dags/example_bash_decorator.py
[2024-09-02T21:38:38.302+0000] {processor.py:830} INFO - Processing file /home/airflow/.local/lib/python3.12/site-packages/airflow/example_dags/example_bash_decorator.py for tasks to queue
[2024-09-02T21:38:38.309+0000] {logging_mixin.py:188} INFO - [2024-09-02T21:38:38.308+0000] {dagbag.py:545} INFO - Filling up the DagBag from /home/airflow/.local/lib/python3.12/site-packages/airflow/example_dags/example_bash_decorator.py
[2024-09-02T21:38:38.384+0000] {processor.py:840} INFO - DAG(s) 'example_bash_decorator' retrieved from /home/airflow/.local/lib/python3.12/site-packages/airflow/example_dags/example_bash_decorator.py
[2024-09-02T21:38:38.851+0000] {logging_mixin.py:188} INFO - [2024-09-02T21:38:38.848+0000] {override.py:1829} INFO - Created Permission View: can edit on DAG:example_bash_decorator
[2024-09-02T21:38:38.890+0000] {logging_mixin.py:188} INFO - [2024-09-02T21:38:38.889+0000] {override.py:1829} INFO - Created Permission View: can read on DAG:example_bash_decorator
[2024-09-02T21:38:38.907+0000] {logging_mixin.py:188} INFO - [2024-09-02T21:38:38.906+0000] {override.py:1829} INFO - Created Permission View: can delete on DAG:example_bash_decorator
[2024-09-02T21:38:38.909+0000] {logging_mixin.py:188} INFO - [2024-09-02T21:38:38.908+0000] {dag.py:3096} INFO - Sync 1 DAGs
[2024-09-02T21:38:38.952+0000] {logging_mixin.py:188} INFO - [2024-09-02T21:38:38.951+0000] {dag.py:3118} INFO - Creating ORM DAG for example_bash_decorator
[2024-09-02T21:38:38.955+0000] {logging_mixin.py:188} INFO - [2024-09-02T21:38:38.954+0000] {dag.py:3954} INFO - Setting next_dagrun for example_bash_decorator to None, run_after=None
[2024-09-02T21:38:39.000+0000] {processor.py:183} INFO - Processing /home/airflow/.local/lib/python3.12/site-packages/airflow/example_dags/example_bash_decorator.py took 0.727 seconds
[2024-09-02T21:39:09.239+0000] {processor.py:161} INFO - Started process (PID=142) to work on /home/airflow/.local/lib/python3.12/site-packages/airflow/example_dags/example_bash_decorator.py
[2024-09-02T21:39:09.241+0000] {processor.py:830} INFO - Processing file /home/airflow/.local/lib/python3.12/site-packages/airflow/example_dags/example_bash_decorator.py for tasks to queue
[2024-09-02T21:39:09.245+0000] {logging_mixin.py:188} INFO - [2024-09-02T21:39:09.244+0000] {dagbag.py:545} INFO - Filling up the DagBag from /home/airflow/.local/lib/python3.12/site-packages/airflow/example_dags/example_bash_decorator.py
[2024-09-02T21:39:09.267+0000] {processor.py:840} INFO - DAG(s) 'example_bash_decorator' retrieved from /home/airflow/.local/lib/python3.12/site-packages/airflow/example_dags/example_bash_decorator.py
[2024-09-02T21:39:09.300+0000] {logging_mixin.py:188} INFO - [2024-09-02T21:39:09.300+0000] {dag.py:3096} INFO - Sync 1 DAGs
[2024-09-02T21:39:09.321+0000] {logging_mixin.py:188} INFO - [2024-09-02T21:39:09.320+0000] {dag.py:3954} INFO - Setting next_dagrun for example_bash_decorator to None, run_after=None
[2024-09-02T21:39:09.368+0000] {processor.py:183} INFO - Processing /home/airflow/.local/lib/python3.12/site-packages/airflow/example_dags/example_bash_decorator.py took 0.140 seconds
[2024-09-02T21:39:39.570+0000] {processor.py:161} INFO - Started process (PID=201) to work on /home/airflow/.local/lib/python3.12/site-packages/airflow/example_dags/example_bash_decorator.py
[2024-09-02T21:39:39.572+0000] {processor.py:830} INFO - Processing file /home/airflow/.local/lib/python3.12/site-packages/airflow/example_dags/example_bash_decorator.py for tasks to queue
[2024-09-02T21:39:39.574+0000] {logging_mixin.py:188} INFO - [2024-09-02T21:39:39.574+0000] {dagbag.py:545} INFO - Filling up the DagBag from /home/airflow/.local/lib/python3.12/site-packages/airflow/example_dags/example_bash_decorator.py
[2024-09-02T21:39:39.597+0000] {processor.py:840} INFO - DAG(s) 'example_bash_decorator' retrieved from /home/airflow/.local/lib/python3.12/site-packages/airflow/example_dags/example_bash_decorator.py
[2024-09-02T21:39:39.640+0000] {logging_mixin.py:188} INFO - [2024-09-02T21:39:39.639+0000] {dag.py:3096} INFO - Sync 1 DAGs
[2024-09-02T21:39:39.665+0000] {logging_mixin.py:188} INFO - [2024-09-02T21:39:39.665+0000] {dag.py:3954} INFO - Setting next_dagrun for example_bash_decorator to None, run_after=None
[2024-09-02T21:39:39.693+0000] {processor.py:183} INFO - Processing /home/airflow/.local/lib/python3.12/site-packages/airflow/example_dags/example_bash_decorator.py took 0.136 seconds
[2024-09-02T21:40:10.013+0000] {processor.py:161} INFO - Started process (PID=261) to work on /home/airflow/.local/lib/python3.12/site-packages/airflow/example_dags/example_bash_decorator.py
[2024-09-02T21:40:10.014+0000] {processor.py:830} INFO - Processing file /home/airflow/.local/lib/python3.12/site-packages/airflow/example_dags/example_bash_decorator.py for tasks to queue
[2024-09-02T21:40:10.017+0000] {logging_mixin.py:188} INFO - [2024-09-02T21:40:10.016+0000] {dagbag.py:545} INFO - Filling up the DagBag from /home/airflow/.local/lib/python3.12/site-packages/airflow/example_dags/example_bash_decorator.py
[2024-09-02T21:40:10.034+0000] {processor.py:840} INFO - DAG(s) 'example_bash_decorator' retrieved from /home/airflow/.local/lib/python3.12/site-packages/airflow/example_dags/example_bash_decorator.py
[2024-09-02T21:40:10.062+0000] {logging_mixin.py:188} INFO - [2024-09-02T21:40:10.062+0000] {dag.py:3096} INFO - Sync 1 DAGs
[2024-09-02T21:40:10.077+0000] {logging_mixin.py:188} INFO - [2024-09-02T21:40:10.077+0000] {dag.py:3954} INFO - Setting next_dagrun for example_bash_decorator to None, run_after=None
[2024-09-02T21:40:10.099+0000] {processor.py:183} INFO - Processing /home/airflow/.local/lib/python3.12/site-packages/airflow/example_dags/example_bash_decorator.py took 0.093 seconds
[2024-09-02T21:40:40.413+0000] {processor.py:161} INFO - Started process (PID=321) to work on /home/airflow/.local/lib/python3.12/site-packages/airflow/example_dags/example_bash_decorator.py
[2024-09-02T21:40:40.415+0000] {processor.py:830} INFO - Processing file /home/airflow/.local/lib/python3.12/site-packages/airflow/example_dags/example_bash_decorator.py for tasks to queue
[2024-09-02T21:40:40.418+0000] {logging_mixin.py:188} INFO - [2024-09-02T21:40:40.417+0000] {dagbag.py:545} INFO - Filling up the DagBag from /home/airflow/.local/lib/python3.12/site-packages/airflow/example_dags/example_bash_decorator.py
[2024-09-02T21:40:40.444+0000] {processor.py:840} INFO - DAG(s) 'example_bash_decorator' retrieved from /home/airflow/.local/lib/python3.12/site-packages/airflow/example_dags/example_bash_decorator.py
[2024-09-02T21:40:40.481+0000] {logging_mixin.py:188} INFO - [2024-09-02T21:40:40.481+0000] {dag.py:3096} INFO - Sync 1 DAGs
[2024-09-02T21:40:40.507+0000] {logging_mixin.py:188} INFO - [2024-09-02T21:40:40.507+0000] {dag.py:3954} INFO - Setting next_dagrun for example_bash_decorator to None, run_after=None
[2024-09-02T21:40:40.537+0000] {processor.py:183} INFO - Processing /home/airflow/.local/lib/python3.12/site-packages/airflow/example_dags/example_bash_decorator.py took 0.137 seconds
[2024-09-02T21:41:11.890+0000] {processor.py:161} INFO - Started process (PID=388) to work on /home/airflow/.local/lib/python3.12/site-packages/airflow/example_dags/example_bash_decorator.py
[2024-09-02T21:41:11.891+0000] {processor.py:830} INFO - Processing file /home/airflow/.local/lib/python3.12/site-packages/airflow/example_dags/example_bash_decorator.py for tasks to queue
[2024-09-02T21:41:11.893+0000] {logging_mixin.py:188} INFO - [2024-09-02T21:41:11.893+0000] {dagbag.py:545} INFO - Filling up the DagBag from /home/airflow/.local/lib/python3.12/site-packages/airflow/example_dags/example_bash_decorator.py
[2024-09-02T21:41:11.910+0000] {processor.py:840} INFO - DAG(s) 'example_bash_decorator' retrieved from /home/airflow/.local/lib/python3.12/site-packages/airflow/example_dags/example_bash_decorator.py
[2024-09-02T21:41:11.942+0000] {logging_mixin.py:188} INFO - [2024-09-02T21:41:11.942+0000] {dag.py:3096} INFO - Sync 1 DAGs
[2024-09-02T21:41:11.973+0000] {logging_mixin.py:188} INFO - [2024-09-02T21:41:11.972+0000] {dag.py:3954} INFO - Setting next_dagrun for example_bash_decorator to None, run_after=None
[2024-09-02T21:41:12.007+0000] {processor.py:183} INFO - Processing /home/airflow/.local/lib/python3.12/site-packages/airflow/example_dags/example_bash_decorator.py took 0.125 seconds
[2024-09-02T21:44:31.831+0000] {processor.py:161} INFO - Started process (PID=82) to work on /home/airflow/.local/lib/python3.12/site-packages/airflow/example_dags/example_bash_decorator.py
[2024-09-02T21:44:31.833+0000] {processor.py:830} INFO - Processing file /home/airflow/.local/lib/python3.12/site-packages/airflow/example_dags/example_bash_decorator.py for tasks to queue
[2024-09-02T21:44:31.837+0000] {logging_mixin.py:188} INFO - [2024-09-02T21:44:31.836+0000] {dagbag.py:545} INFO - Filling up the DagBag from /home/airflow/.local/lib/python3.12/site-packages/airflow/example_dags/example_bash_decorator.py
[2024-09-02T21:44:31.873+0000] {processor.py:840} INFO - DAG(s) 'example_bash_decorator' retrieved from /home/airflow/.local/lib/python3.12/site-packages/airflow/example_dags/example_bash_decorator.py
[2024-09-02T21:44:32.191+0000] {logging_mixin.py:188} INFO - [2024-09-02T21:44:32.190+0000] {override.py:1829} INFO - Created Permission View: can read on DAG:example_bash_decorator
[2024-09-02T21:44:32.216+0000] {logging_mixin.py:188} INFO - [2024-09-02T21:44:32.216+0000] {override.py:1829} INFO - Created Permission View: can delete on DAG:example_bash_decorator
[2024-09-02T21:44:32.231+0000] {logging_mixin.py:188} INFO - [2024-09-02T21:44:32.230+0000] {override.py:1829} INFO - Created Permission View: can edit on DAG:example_bash_decorator
[2024-09-02T21:44:32.233+0000] {logging_mixin.py:188} INFO - [2024-09-02T21:44:32.232+0000] {dag.py:3096} INFO - Sync 1 DAGs
[2024-09-02T21:44:32.261+0000] {logging_mixin.py:188} INFO - [2024-09-02T21:44:32.261+0000] {dag.py:3118} INFO - Creating ORM DAG for example_bash_decorator
[2024-09-02T21:44:32.263+0000] {logging_mixin.py:188} INFO - [2024-09-02T21:44:32.263+0000] {dag.py:3954} INFO - Setting next_dagrun for example_bash_decorator to None, run_after=None
[2024-09-02T21:44:32.305+0000] {processor.py:183} INFO - Processing /home/airflow/.local/lib/python3.12/site-packages/airflow/example_dags/example_bash_decorator.py took 0.486 seconds
[2024-09-02T21:45:03.062+0000] {processor.py:161} INFO - Started process (PID=142) to work on /home/airflow/.local/lib/python3.12/site-packages/airflow/example_dags/example_bash_decorator.py
[2024-09-02T21:45:03.063+0000] {processor.py:830} INFO - Processing file /home/airflow/.local/lib/python3.12/site-packages/airflow/example_dags/example_bash_decorator.py for tasks to queue
[2024-09-02T21:45:03.066+0000] {logging_mixin.py:188} INFO - [2024-09-02T21:45:03.065+0000] {dagbag.py:545} INFO - Filling up the DagBag from /home/airflow/.local/lib/python3.12/site-packages/airflow/example_dags/example_bash_decorator.py
[2024-09-02T21:45:03.088+0000] {processor.py:840} INFO - DAG(s) 'example_bash_decorator' retrieved from /home/airflow/.local/lib/python3.12/site-packages/airflow/example_dags/example_bash_decorator.py
[2024-09-02T21:45:03.120+0000] {logging_mixin.py:188} INFO - [2024-09-02T21:45:03.120+0000] {dag.py:3096} INFO - Sync 1 DAGs
[2024-09-02T21:45:03.138+0000] {logging_mixin.py:188} INFO - [2024-09-02T21:45:03.137+0000] {dag.py:3954} INFO - Setting next_dagrun for example_bash_decorator to None, run_after=None
[2024-09-02T21:45:03.162+0000] {processor.py:183} INFO - Processing /home/airflow/.local/lib/python3.12/site-packages/airflow/example_dags/example_bash_decorator.py took 0.107 seconds
[2024-09-02T21:45:33.635+0000] {processor.py:161} INFO - Started process (PID=202) to work on /home/airflow/.local/lib/python3.12/site-packages/airflow/example_dags/example_bash_decorator.py
[2024-09-02T21:45:33.637+0000] {processor.py:830} INFO - Processing file /home/airflow/.local/lib/python3.12/site-packages/airflow/example_dags/example_bash_decorator.py for tasks to queue
[2024-09-02T21:45:33.641+0000] {logging_mixin.py:188} INFO - [2024-09-02T21:45:33.640+0000] {dagbag.py:545} INFO - Filling up the DagBag from /home/airflow/.local/lib/python3.12/site-packages/airflow/example_dags/example_bash_decorator.py
[2024-09-02T21:45:33.670+0000] {processor.py:840} INFO - DAG(s) 'example_bash_decorator' retrieved from /home/airflow/.local/lib/python3.12/site-packages/airflow/example_dags/example_bash_decorator.py
[2024-09-02T21:45:33.724+0000] {logging_mixin.py:188} INFO - [2024-09-02T21:45:33.724+0000] {dag.py:3096} INFO - Sync 1 DAGs
[2024-09-02T21:45:33.746+0000] {logging_mixin.py:188} INFO - [2024-09-02T21:45:33.746+0000] {dag.py:3954} INFO - Setting next_dagrun for example_bash_decorator to None, run_after=None
[2024-09-02T21:45:33.776+0000] {processor.py:183} INFO - Processing /home/airflow/.local/lib/python3.12/site-packages/airflow/example_dags/example_bash_decorator.py took 0.158 seconds
[2024-09-02T21:46:04.195+0000] {processor.py:161} INFO - Started process (PID=263) to work on /home/airflow/.local/lib/python3.12/site-packages/airflow/example_dags/example_bash_decorator.py
[2024-09-02T21:46:04.196+0000] {processor.py:830} INFO - Processing file /home/airflow/.local/lib/python3.12/site-packages/airflow/example_dags/example_bash_decorator.py for tasks to queue
[2024-09-02T21:46:04.198+0000] {logging_mixin.py:188} INFO - [2024-09-02T21:46:04.198+0000] {dagbag.py:545} INFO - Filling up the DagBag from /home/airflow/.local/lib/python3.12/site-packages/airflow/example_dags/example_bash_decorator.py
[2024-09-02T21:46:04.219+0000] {processor.py:840} INFO - DAG(s) 'example_bash_decorator' retrieved from /home/airflow/.local/lib/python3.12/site-packages/airflow/example_dags/example_bash_decorator.py
[2024-09-02T21:46:04.248+0000] {logging_mixin.py:188} INFO - [2024-09-02T21:46:04.248+0000] {dag.py:3096} INFO - Sync 1 DAGs
[2024-09-02T21:46:04.266+0000] {logging_mixin.py:188} INFO - [2024-09-02T21:46:04.265+0000] {dag.py:3954} INFO - Setting next_dagrun for example_bash_decorator to None, run_after=None
[2024-09-02T21:46:04.293+0000] {processor.py:183} INFO - Processing /home/airflow/.local/lib/python3.12/site-packages/airflow/example_dags/example_bash_decorator.py took 0.105 seconds
[2024-09-02T21:46:34.969+0000] {processor.py:161} INFO - Started process (PID=323) to work on /home/airflow/.local/lib/python3.12/site-packages/airflow/example_dags/example_bash_decorator.py
[2024-09-02T21:46:34.971+0000] {processor.py:830} INFO - Processing file /home/airflow/.local/lib/python3.12/site-packages/airflow/example_dags/example_bash_decorator.py for tasks to queue
[2024-09-02T21:46:34.975+0000] {logging_mixin.py:188} INFO - [2024-09-02T21:46:34.974+0000] {dagbag.py:545} INFO - Filling up the DagBag from /home/airflow/.local/lib/python3.12/site-packages/airflow/example_dags/example_bash_decorator.py
[2024-09-02T21:46:35.008+0000] {processor.py:840} INFO - DAG(s) 'example_bash_decorator' retrieved from /home/airflow/.local/lib/python3.12/site-packages/airflow/example_dags/example_bash_decorator.py
[2024-09-02T21:46:35.049+0000] {logging_mixin.py:188} INFO - [2024-09-02T21:46:35.049+0000] {dag.py:3096} INFO - Sync 1 DAGs
[2024-09-02T21:46:35.066+0000] {logging_mixin.py:188} INFO - [2024-09-02T21:46:35.066+0000] {dag.py:3954} INFO - Setting next_dagrun for example_bash_decorator to None, run_after=None
[2024-09-02T21:46:35.089+0000] {processor.py:183} INFO - Processing /home/airflow/.local/lib/python3.12/site-packages/airflow/example_dags/example_bash_decorator.py took 0.133 seconds
[2024-09-02T21:47:05.790+0000] {processor.py:161} INFO - Started process (PID=383) to work on /home/airflow/.local/lib/python3.12/site-packages/airflow/example_dags/example_bash_decorator.py
[2024-09-02T21:47:05.791+0000] {processor.py:830} INFO - Processing file /home/airflow/.local/lib/python3.12/site-packages/airflow/example_dags/example_bash_decorator.py for tasks to queue
[2024-09-02T21:47:05.795+0000] {logging_mixin.py:188} INFO - [2024-09-02T21:47:05.795+0000] {dagbag.py:545} INFO - Filling up the DagBag from /home/airflow/.local/lib/python3.12/site-packages/airflow/example_dags/example_bash_decorator.py
[2024-09-02T21:47:05.817+0000] {processor.py:840} INFO - DAG(s) 'example_bash_decorator' retrieved from /home/airflow/.local/lib/python3.12/site-packages/airflow/example_dags/example_bash_decorator.py
[2024-09-02T21:47:05.857+0000] {logging_mixin.py:188} INFO - [2024-09-02T21:47:05.857+0000] {dag.py:3096} INFO - Sync 1 DAGs
[2024-09-02T21:47:05.879+0000] {logging_mixin.py:188} INFO - [2024-09-02T21:47:05.878+0000] {dag.py:3954} INFO - Setting next_dagrun for example_bash_decorator to None, run_after=None
[2024-09-02T21:47:05.908+0000] {processor.py:183} INFO - Processing /home/airflow/.local/lib/python3.12/site-packages/airflow/example_dags/example_bash_decorator.py took 0.128 seconds
[2024-09-02T21:47:35.968+0000] {processor.py:161} INFO - Started process (PID=442) to work on /home/airflow/.local/lib/python3.12/site-packages/airflow/example_dags/example_bash_decorator.py
[2024-09-02T21:47:35.970+0000] {processor.py:830} INFO - Processing file /home/airflow/.local/lib/python3.12/site-packages/airflow/example_dags/example_bash_decorator.py for tasks to queue
[2024-09-02T21:47:35.973+0000] {logging_mixin.py:188} INFO - [2024-09-02T21:47:35.972+0000] {dagbag.py:545} INFO - Filling up the DagBag from /home/airflow/.local/lib/python3.12/site-packages/airflow/example_dags/example_bash_decorator.py
[2024-09-02T21:47:35.992+0000] {processor.py:840} INFO - DAG(s) 'example_bash_decorator' retrieved from /home/airflow/.local/lib/python3.12/site-packages/airflow/example_dags/example_bash_decorator.py
[2024-09-02T21:47:36.030+0000] {logging_mixin.py:188} INFO - [2024-09-02T21:47:36.029+0000] {dag.py:3096} INFO - Sync 1 DAGs
[2024-09-02T21:47:36.058+0000] {logging_mixin.py:188} INFO - [2024-09-02T21:47:36.058+0000] {dag.py:3954} INFO - Setting next_dagrun for example_bash_decorator to None, run_after=None
[2024-09-02T21:47:36.102+0000] {processor.py:183} INFO - Processing /home/airflow/.local/lib/python3.12/site-packages/airflow/example_dags/example_bash_decorator.py took 0.144 seconds
[2024-09-02T21:48:06.236+0000] {processor.py:161} INFO - Started process (PID=502) to work on /home/airflow/.local/lib/python3.12/site-packages/airflow/example_dags/example_bash_decorator.py
[2024-09-02T21:48:06.237+0000] {processor.py:830} INFO - Processing file /home/airflow/.local/lib/python3.12/site-packages/airflow/example_dags/example_bash_decorator.py for tasks to queue
[2024-09-02T21:48:06.239+0000] {logging_mixin.py:188} INFO - [2024-09-02T21:48:06.238+0000] {dagbag.py:545} INFO - Filling up the DagBag from /home/airflow/.local/lib/python3.12/site-packages/airflow/example_dags/example_bash_decorator.py
[2024-09-02T21:48:06.250+0000] {processor.py:840} INFO - DAG(s) 'example_bash_decorator' retrieved from /home/airflow/.local/lib/python3.12/site-packages/airflow/example_dags/example_bash_decorator.py
[2024-09-02T21:48:06.273+0000] {logging_mixin.py:188} INFO - [2024-09-02T21:48:06.273+0000] {dag.py:3096} INFO - Sync 1 DAGs
[2024-09-02T21:48:06.287+0000] {logging_mixin.py:188} INFO - [2024-09-02T21:48:06.286+0000] {dag.py:3954} INFO - Setting next_dagrun for example_bash_decorator to None, run_after=None
[2024-09-02T21:48:06.305+0000] {processor.py:183} INFO - Processing /home/airflow/.local/lib/python3.12/site-packages/airflow/example_dags/example_bash_decorator.py took 0.074 seconds
[2024-09-02T21:48:36.485+0000] {processor.py:161} INFO - Started process (PID=562) to work on /home/airflow/.local/lib/python3.12/site-packages/airflow/example_dags/example_bash_decorator.py
[2024-09-02T21:48:36.488+0000] {processor.py:830} INFO - Processing file /home/airflow/.local/lib/python3.12/site-packages/airflow/example_dags/example_bash_decorator.py for tasks to queue
[2024-09-02T21:48:36.492+0000] {logging_mixin.py:188} INFO - [2024-09-02T21:48:36.492+0000] {dagbag.py:545} INFO - Filling up the DagBag from /home/airflow/.local/lib/python3.12/site-packages/airflow/example_dags/example_bash_decorator.py
[2024-09-02T21:48:36.508+0000] {processor.py:840} INFO - DAG(s) 'example_bash_decorator' retrieved from /home/airflow/.local/lib/python3.12/site-packages/airflow/example_dags/example_bash_decorator.py
[2024-09-02T21:48:36.529+0000] {logging_mixin.py:188} INFO - [2024-09-02T21:48:36.528+0000] {dag.py:3096} INFO - Sync 1 DAGs
[2024-09-02T21:48:36.540+0000] {logging_mixin.py:188} INFO - [2024-09-02T21:48:36.540+0000] {dag.py:3954} INFO - Setting next_dagrun for example_bash_decorator to None, run_after=None
[2024-09-02T21:48:36.559+0000] {processor.py:183} INFO - Processing /home/airflow/.local/lib/python3.12/site-packages/airflow/example_dags/example_bash_decorator.py took 0.084 seconds
[2024-09-02T21:49:06.968+0000] {processor.py:161} INFO - Started process (PID=622) to work on /home/airflow/.local/lib/python3.12/site-packages/airflow/example_dags/example_bash_decorator.py
[2024-09-02T21:49:06.970+0000] {processor.py:830} INFO - Processing file /home/airflow/.local/lib/python3.12/site-packages/airflow/example_dags/example_bash_decorator.py for tasks to queue
[2024-09-02T21:49:06.973+0000] {logging_mixin.py:188} INFO - [2024-09-02T21:49:06.973+0000] {dagbag.py:545} INFO - Filling up the DagBag from /home/airflow/.local/lib/python3.12/site-packages/airflow/example_dags/example_bash_decorator.py
[2024-09-02T21:49:07.007+0000] {processor.py:840} INFO - DAG(s) 'example_bash_decorator' retrieved from /home/airflow/.local/lib/python3.12/site-packages/airflow/example_dags/example_bash_decorator.py
[2024-09-02T21:49:07.056+0000] {logging_mixin.py:188} INFO - [2024-09-02T21:49:07.055+0000] {dag.py:3096} INFO - Sync 1 DAGs
[2024-09-02T21:49:07.080+0000] {logging_mixin.py:188} INFO - [2024-09-02T21:49:07.079+0000] {dag.py:3954} INFO - Setting next_dagrun for example_bash_decorator to None, run_after=None
[2024-09-02T21:49:07.139+0000] {processor.py:183} INFO - Processing /home/airflow/.local/lib/python3.12/site-packages/airflow/example_dags/example_bash_decorator.py took 0.182 seconds
[2024-09-02T21:49:38.028+0000] {processor.py:161} INFO - Started process (PID=682) to work on /home/airflow/.local/lib/python3.12/site-packages/airflow/example_dags/example_bash_decorator.py
[2024-09-02T21:49:38.029+0000] {processor.py:830} INFO - Processing file /home/airflow/.local/lib/python3.12/site-packages/airflow/example_dags/example_bash_decorator.py for tasks to queue
[2024-09-02T21:49:38.032+0000] {logging_mixin.py:188} INFO - [2024-09-02T21:49:38.032+0000] {dagbag.py:545} INFO - Filling up the DagBag from /home/airflow/.local/lib/python3.12/site-packages/airflow/example_dags/example_bash_decorator.py
[2024-09-02T21:49:38.056+0000] {processor.py:840} INFO - DAG(s) 'example_bash_decorator' retrieved from /home/airflow/.local/lib/python3.12/site-packages/airflow/example_dags/example_bash_decorator.py
[2024-09-02T21:49:38.097+0000] {logging_mixin.py:188} INFO - [2024-09-02T21:49:38.096+0000] {dag.py:3096} INFO - Sync 1 DAGs
[2024-09-02T21:49:38.126+0000] {logging_mixin.py:188} INFO - [2024-09-02T21:49:38.126+0000] {dag.py:3954} INFO - Setting next_dagrun for example_bash_decorator to None, run_after=None
[2024-09-02T21:49:38.191+0000] {processor.py:183} INFO - Processing /home/airflow/.local/lib/python3.12/site-packages/airflow/example_dags/example_bash_decorator.py took 0.172 seconds
[2024-09-02T21:50:08.647+0000] {processor.py:161} INFO - Started process (PID=742) to work on /home/airflow/.local/lib/python3.12/site-packages/airflow/example_dags/example_bash_decorator.py
[2024-09-02T21:50:08.656+0000] {processor.py:830} INFO - Processing file /home/airflow/.local/lib/python3.12/site-packages/airflow/example_dags/example_bash_decorator.py for tasks to queue
[2024-09-02T21:50:08.660+0000] {logging_mixin.py:188} INFO - [2024-09-02T21:50:08.660+0000] {dagbag.py:545} INFO - Filling up the DagBag from /home/airflow/.local/lib/python3.12/site-packages/airflow/example_dags/example_bash_decorator.py
[2024-09-02T21:50:08.698+0000] {processor.py:840} INFO - DAG(s) 'example_bash_decorator' retrieved from /home/airflow/.local/lib/python3.12/site-packages/airflow/example_dags/example_bash_decorator.py
[2024-09-02T21:50:08.758+0000] {logging_mixin.py:188} INFO - [2024-09-02T21:50:08.758+0000] {dag.py:3096} INFO - Sync 1 DAGs
[2024-09-02T21:50:08.780+0000] {logging_mixin.py:188} INFO - [2024-09-02T21:50:08.779+0000] {dag.py:3954} INFO - Setting next_dagrun for example_bash_decorator to None, run_after=None
[2024-09-02T21:50:08.818+0000] {processor.py:183} INFO - Processing /home/airflow/.local/lib/python3.12/site-packages/airflow/example_dags/example_bash_decorator.py took 0.183 seconds
[2024-09-02T21:50:39.338+0000] {processor.py:161} INFO - Started process (PID=802) to work on /home/airflow/.local/lib/python3.12/site-packages/airflow/example_dags/example_bash_decorator.py
[2024-09-02T21:50:39.340+0000] {processor.py:830} INFO - Processing file /home/airflow/.local/lib/python3.12/site-packages/airflow/example_dags/example_bash_decorator.py for tasks to queue
[2024-09-02T21:50:39.342+0000] {logging_mixin.py:188} INFO - [2024-09-02T21:50:39.341+0000] {dagbag.py:545} INFO - Filling up the DagBag from /home/airflow/.local/lib/python3.12/site-packages/airflow/example_dags/example_bash_decorator.py
[2024-09-02T21:50:39.356+0000] {processor.py:840} INFO - DAG(s) 'example_bash_decorator' retrieved from /home/airflow/.local/lib/python3.12/site-packages/airflow/example_dags/example_bash_decorator.py
[2024-09-02T21:50:39.382+0000] {logging_mixin.py:188} INFO - [2024-09-02T21:50:39.382+0000] {dag.py:3096} INFO - Sync 1 DAGs
[2024-09-02T21:50:39.397+0000] {logging_mixin.py:188} INFO - [2024-09-02T21:50:39.396+0000] {dag.py:3954} INFO - Setting next_dagrun for example_bash_decorator to None, run_after=None
[2024-09-02T21:50:39.419+0000] {processor.py:183} INFO - Processing /home/airflow/.local/lib/python3.12/site-packages/airflow/example_dags/example_bash_decorator.py took 0.085 seconds
[2024-09-02T21:51:09.644+0000] {processor.py:161} INFO - Started process (PID=862) to work on /home/airflow/.local/lib/python3.12/site-packages/airflow/example_dags/example_bash_decorator.py
[2024-09-02T21:51:09.645+0000] {processor.py:830} INFO - Processing file /home/airflow/.local/lib/python3.12/site-packages/airflow/example_dags/example_bash_decorator.py for tasks to queue
[2024-09-02T21:51:09.647+0000] {logging_mixin.py:188} INFO - [2024-09-02T21:51:09.647+0000] {dagbag.py:545} INFO - Filling up the DagBag from /home/airflow/.local/lib/python3.12/site-packages/airflow/example_dags/example_bash_decorator.py
[2024-09-02T21:51:09.662+0000] {processor.py:840} INFO - DAG(s) 'example_bash_decorator' retrieved from /home/airflow/.local/lib/python3.12/site-packages/airflow/example_dags/example_bash_decorator.py
[2024-09-02T21:51:09.686+0000] {logging_mixin.py:188} INFO - [2024-09-02T21:51:09.686+0000] {dag.py:3096} INFO - Sync 1 DAGs
[2024-09-02T21:51:09.699+0000] {logging_mixin.py:188} INFO - [2024-09-02T21:51:09.699+0000] {dag.py:3954} INFO - Setting next_dagrun for example_bash_decorator to None, run_after=None
[2024-09-02T21:51:09.721+0000] {processor.py:183} INFO - Processing /home/airflow/.local/lib/python3.12/site-packages/airflow/example_dags/example_bash_decorator.py took 0.084 seconds
[2024-09-02T21:51:39.893+0000] {processor.py:161} INFO - Started process (PID=922) to work on /home/airflow/.local/lib/python3.12/site-packages/airflow/example_dags/example_bash_decorator.py
[2024-09-02T21:51:39.894+0000] {processor.py:830} INFO - Processing file /home/airflow/.local/lib/python3.12/site-packages/airflow/example_dags/example_bash_decorator.py for tasks to queue
[2024-09-02T21:51:39.896+0000] {logging_mixin.py:188} INFO - [2024-09-02T21:51:39.896+0000] {dagbag.py:545} INFO - Filling up the DagBag from /home/airflow/.local/lib/python3.12/site-packages/airflow/example_dags/example_bash_decorator.py
[2024-09-02T21:51:39.911+0000] {processor.py:840} INFO - DAG(s) 'example_bash_decorator' retrieved from /home/airflow/.local/lib/python3.12/site-packages/airflow/example_dags/example_bash_decorator.py
[2024-09-02T21:51:39.941+0000] {logging_mixin.py:188} INFO - [2024-09-02T21:51:39.941+0000] {dag.py:3096} INFO - Sync 1 DAGs
[2024-09-02T21:51:39.959+0000] {logging_mixin.py:188} INFO - [2024-09-02T21:51:39.958+0000] {dag.py:3954} INFO - Setting next_dagrun for example_bash_decorator to None, run_after=None
[2024-09-02T21:51:39.986+0000] {processor.py:183} INFO - Processing /home/airflow/.local/lib/python3.12/site-packages/airflow/example_dags/example_bash_decorator.py took 0.098 seconds
[2024-09-02T21:52:10.939+0000] {processor.py:161} INFO - Started process (PID=982) to work on /home/airflow/.local/lib/python3.12/site-packages/airflow/example_dags/example_bash_decorator.py
[2024-09-02T21:52:10.940+0000] {processor.py:830} INFO - Processing file /home/airflow/.local/lib/python3.12/site-packages/airflow/example_dags/example_bash_decorator.py for tasks to queue
[2024-09-02T21:52:10.942+0000] {logging_mixin.py:188} INFO - [2024-09-02T21:52:10.941+0000] {dagbag.py:545} INFO - Filling up the DagBag from /home/airflow/.local/lib/python3.12/site-packages/airflow/example_dags/example_bash_decorator.py
[2024-09-02T21:52:10.956+0000] {processor.py:840} INFO - DAG(s) 'example_bash_decorator' retrieved from /home/airflow/.local/lib/python3.12/site-packages/airflow/example_dags/example_bash_decorator.py
[2024-09-02T21:52:10.983+0000] {logging_mixin.py:188} INFO - [2024-09-02T21:52:10.983+0000] {dag.py:3096} INFO - Sync 1 DAGs
[2024-09-02T21:52:10.997+0000] {logging_mixin.py:188} INFO - [2024-09-02T21:52:10.996+0000] {dag.py:3954} INFO - Setting next_dagrun for example_bash_decorator to None, run_after=None
[2024-09-02T21:52:11.019+0000] {processor.py:183} INFO - Processing /home/airflow/.local/lib/python3.12/site-packages/airflow/example_dags/example_bash_decorator.py took 0.085 seconds
[2024-09-02T21:52:41.326+0000] {processor.py:161} INFO - Started process (PID=1042) to work on /home/airflow/.local/lib/python3.12/site-packages/airflow/example_dags/example_bash_decorator.py
[2024-09-02T21:52:41.327+0000] {processor.py:830} INFO - Processing file /home/airflow/.local/lib/python3.12/site-packages/airflow/example_dags/example_bash_decorator.py for tasks to queue
[2024-09-02T21:52:41.329+0000] {logging_mixin.py:188} INFO - [2024-09-02T21:52:41.329+0000] {dagbag.py:545} INFO - Filling up the DagBag from /home/airflow/.local/lib/python3.12/site-packages/airflow/example_dags/example_bash_decorator.py
[2024-09-02T21:52:41.349+0000] {processor.py:840} INFO - DAG(s) 'example_bash_decorator' retrieved from /home/airflow/.local/lib/python3.12/site-packages/airflow/example_dags/example_bash_decorator.py
[2024-09-02T21:52:41.385+0000] {logging_mixin.py:188} INFO - [2024-09-02T21:52:41.385+0000] {dag.py:3096} INFO - Sync 1 DAGs
[2024-09-02T21:52:41.405+0000] {logging_mixin.py:188} INFO - [2024-09-02T21:52:41.405+0000] {dag.py:3954} INFO - Setting next_dagrun for example_bash_decorator to None, run_after=None
[2024-09-02T21:52:41.431+0000] {processor.py:183} INFO - Processing /home/airflow/.local/lib/python3.12/site-packages/airflow/example_dags/example_bash_decorator.py took 0.112 seconds
[2024-09-02T21:53:11.907+0000] {processor.py:161} INFO - Started process (PID=1102) to work on /home/airflow/.local/lib/python3.12/site-packages/airflow/example_dags/example_bash_decorator.py
[2024-09-02T21:53:11.908+0000] {processor.py:830} INFO - Processing file /home/airflow/.local/lib/python3.12/site-packages/airflow/example_dags/example_bash_decorator.py for tasks to queue
[2024-09-02T21:53:11.910+0000] {logging_mixin.py:188} INFO - [2024-09-02T21:53:11.910+0000] {dagbag.py:545} INFO - Filling up the DagBag from /home/airflow/.local/lib/python3.12/site-packages/airflow/example_dags/example_bash_decorator.py
[2024-09-02T21:53:11.927+0000] {processor.py:840} INFO - DAG(s) 'example_bash_decorator' retrieved from /home/airflow/.local/lib/python3.12/site-packages/airflow/example_dags/example_bash_decorator.py
[2024-09-02T21:53:11.961+0000] {logging_mixin.py:188} INFO - [2024-09-02T21:53:11.961+0000] {dag.py:3096} INFO - Sync 1 DAGs
[2024-09-02T21:53:11.977+0000] {logging_mixin.py:188} INFO - [2024-09-02T21:53:11.977+0000] {dag.py:3954} INFO - Setting next_dagrun for example_bash_decorator to None, run_after=None
[2024-09-02T21:53:12.003+0000] {processor.py:183} INFO - Processing /home/airflow/.local/lib/python3.12/site-packages/airflow/example_dags/example_bash_decorator.py took 0.104 seconds
[2024-09-02T21:53:42.841+0000] {processor.py:161} INFO - Started process (PID=1162) to work on /home/airflow/.local/lib/python3.12/site-packages/airflow/example_dags/example_bash_decorator.py
[2024-09-02T21:53:42.844+0000] {processor.py:830} INFO - Processing file /home/airflow/.local/lib/python3.12/site-packages/airflow/example_dags/example_bash_decorator.py for tasks to queue
[2024-09-02T21:53:42.848+0000] {logging_mixin.py:188} INFO - [2024-09-02T21:53:42.847+0000] {dagbag.py:545} INFO - Filling up the DagBag from /home/airflow/.local/lib/python3.12/site-packages/airflow/example_dags/example_bash_decorator.py
[2024-09-02T21:53:42.886+0000] {processor.py:840} INFO - DAG(s) 'example_bash_decorator' retrieved from /home/airflow/.local/lib/python3.12/site-packages/airflow/example_dags/example_bash_decorator.py
[2024-09-02T21:53:42.939+0000] {logging_mixin.py:188} INFO - [2024-09-02T21:53:42.939+0000] {dag.py:3096} INFO - Sync 1 DAGs
[2024-09-02T21:53:42.960+0000] {logging_mixin.py:188} INFO - [2024-09-02T21:53:42.960+0000] {dag.py:3954} INFO - Setting next_dagrun for example_bash_decorator to None, run_after=None
[2024-09-02T21:53:42.994+0000] {processor.py:183} INFO - Processing /home/airflow/.local/lib/python3.12/site-packages/airflow/example_dags/example_bash_decorator.py took 0.167 seconds
[2024-09-02T21:54:13.196+0000] {processor.py:161} INFO - Started process (PID=1223) to work on /home/airflow/.local/lib/python3.12/site-packages/airflow/example_dags/example_bash_decorator.py
[2024-09-02T21:54:13.197+0000] {processor.py:830} INFO - Processing file /home/airflow/.local/lib/python3.12/site-packages/airflow/example_dags/example_bash_decorator.py for tasks to queue
[2024-09-02T21:54:13.200+0000] {logging_mixin.py:188} INFO - [2024-09-02T21:54:13.199+0000] {dagbag.py:545} INFO - Filling up the DagBag from /home/airflow/.local/lib/python3.12/site-packages/airflow/example_dags/example_bash_decorator.py
[2024-09-02T21:54:13.217+0000] {processor.py:840} INFO - DAG(s) 'example_bash_decorator' retrieved from /home/airflow/.local/lib/python3.12/site-packages/airflow/example_dags/example_bash_decorator.py
[2024-09-02T21:54:13.247+0000] {logging_mixin.py:188} INFO - [2024-09-02T21:54:13.246+0000] {dag.py:3096} INFO - Sync 1 DAGs
[2024-09-02T21:54:13.261+0000] {logging_mixin.py:188} INFO - [2024-09-02T21:54:13.261+0000] {dag.py:3954} INFO - Setting next_dagrun for example_bash_decorator to None, run_after=None
[2024-09-02T21:54:13.284+0000] {processor.py:183} INFO - Processing /home/airflow/.local/lib/python3.12/site-packages/airflow/example_dags/example_bash_decorator.py took 0.095 seconds
[2024-09-02T21:54:44.008+0000] {processor.py:161} INFO - Started process (PID=1283) to work on /home/airflow/.local/lib/python3.12/site-packages/airflow/example_dags/example_bash_decorator.py
[2024-09-02T21:54:44.009+0000] {processor.py:830} INFO - Processing file /home/airflow/.local/lib/python3.12/site-packages/airflow/example_dags/example_bash_decorator.py for tasks to queue
[2024-09-02T21:54:44.012+0000] {logging_mixin.py:188} INFO - [2024-09-02T21:54:44.011+0000] {dagbag.py:545} INFO - Filling up the DagBag from /home/airflow/.local/lib/python3.12/site-packages/airflow/example_dags/example_bash_decorator.py
[2024-09-02T21:54:44.028+0000] {processor.py:840} INFO - DAG(s) 'example_bash_decorator' retrieved from /home/airflow/.local/lib/python3.12/site-packages/airflow/example_dags/example_bash_decorator.py
[2024-09-02T21:54:44.056+0000] {logging_mixin.py:188} INFO - [2024-09-02T21:54:44.056+0000] {dag.py:3096} INFO - Sync 1 DAGs
[2024-09-02T21:54:44.071+0000] {logging_mixin.py:188} INFO - [2024-09-02T21:54:44.070+0000] {dag.py:3954} INFO - Setting next_dagrun for example_bash_decorator to None, run_after=None
[2024-09-02T21:54:44.093+0000] {processor.py:183} INFO - Processing /home/airflow/.local/lib/python3.12/site-packages/airflow/example_dags/example_bash_decorator.py took 0.091 seconds
[2024-09-02T21:55:14.550+0000] {processor.py:161} INFO - Started process (PID=1345) to work on /home/airflow/.local/lib/python3.12/site-packages/airflow/example_dags/example_bash_decorator.py
[2024-09-02T21:55:14.551+0000] {processor.py:830} INFO - Processing file /home/airflow/.local/lib/python3.12/site-packages/airflow/example_dags/example_bash_decorator.py for tasks to queue
[2024-09-02T21:55:14.553+0000] {logging_mixin.py:188} INFO - [2024-09-02T21:55:14.553+0000] {dagbag.py:545} INFO - Filling up the DagBag from /home/airflow/.local/lib/python3.12/site-packages/airflow/example_dags/example_bash_decorator.py
[2024-09-02T21:55:14.572+0000] {processor.py:840} INFO - DAG(s) 'example_bash_decorator' retrieved from /home/airflow/.local/lib/python3.12/site-packages/airflow/example_dags/example_bash_decorator.py
[2024-09-02T21:55:14.613+0000] {logging_mixin.py:188} INFO - [2024-09-02T21:55:14.613+0000] {dag.py:3096} INFO - Sync 1 DAGs
[2024-09-02T21:55:14.637+0000] {logging_mixin.py:188} INFO - [2024-09-02T21:55:14.636+0000] {dag.py:3954} INFO - Setting next_dagrun for example_bash_decorator to None, run_after=None
[2024-09-02T21:55:14.660+0000] {processor.py:183} INFO - Processing /home/airflow/.local/lib/python3.12/site-packages/airflow/example_dags/example_bash_decorator.py took 0.118 seconds
[2024-09-02T21:55:45.427+0000] {processor.py:161} INFO - Started process (PID=1407) to work on /home/airflow/.local/lib/python3.12/site-packages/airflow/example_dags/example_bash_decorator.py
[2024-09-02T21:55:45.429+0000] {processor.py:830} INFO - Processing file /home/airflow/.local/lib/python3.12/site-packages/airflow/example_dags/example_bash_decorator.py for tasks to queue
[2024-09-02T21:55:45.434+0000] {logging_mixin.py:188} INFO - [2024-09-02T21:55:45.433+0000] {dagbag.py:545} INFO - Filling up the DagBag from /home/airflow/.local/lib/python3.12/site-packages/airflow/example_dags/example_bash_decorator.py
[2024-09-02T21:55:45.462+0000] {processor.py:840} INFO - DAG(s) 'example_bash_decorator' retrieved from /home/airflow/.local/lib/python3.12/site-packages/airflow/example_dags/example_bash_decorator.py
[2024-09-02T21:55:45.505+0000] {logging_mixin.py:188} INFO - [2024-09-02T21:55:45.505+0000] {dag.py:3096} INFO - Sync 1 DAGs
[2024-09-02T21:55:45.529+0000] {logging_mixin.py:188} INFO - [2024-09-02T21:55:45.528+0000] {dag.py:3954} INFO - Setting next_dagrun for example_bash_decorator to None, run_after=None
[2024-09-02T21:55:45.557+0000] {processor.py:183} INFO - Processing /home/airflow/.local/lib/python3.12/site-packages/airflow/example_dags/example_bash_decorator.py took 0.145 seconds
[2024-09-02T21:56:16.452+0000] {processor.py:161} INFO - Started process (PID=1470) to work on /home/airflow/.local/lib/python3.12/site-packages/airflow/example_dags/example_bash_decorator.py
[2024-09-02T21:56:16.453+0000] {processor.py:830} INFO - Processing file /home/airflow/.local/lib/python3.12/site-packages/airflow/example_dags/example_bash_decorator.py for tasks to queue
[2024-09-02T21:56:16.457+0000] {logging_mixin.py:188} INFO - [2024-09-02T21:56:16.457+0000] {dagbag.py:545} INFO - Filling up the DagBag from /home/airflow/.local/lib/python3.12/site-packages/airflow/example_dags/example_bash_decorator.py
[2024-09-02T21:56:16.485+0000] {processor.py:840} INFO - DAG(s) 'example_bash_decorator' retrieved from /home/airflow/.local/lib/python3.12/site-packages/airflow/example_dags/example_bash_decorator.py
