[2024-09-02T21:35:23.714+0000] {processor.py:161} INFO - Started process (PID=118) to work on /home/airflow/.local/lib/python3.12/site-packages/airflow/example_dags/example_latest_only_with_trigger.py
[2024-09-02T21:35:23.721+0000] {processor.py:830} INFO - Processing file /home/airflow/.local/lib/python3.12/site-packages/airflow/example_dags/example_latest_only_with_trigger.py for tasks to queue
[2024-09-02T21:35:23.727+0000] {logging_mixin.py:188} INFO - [2024-09-02T21:35:23.726+0000] {dagbag.py:545} INFO - Filling up the DagBag from /home/airflow/.local/lib/python3.12/site-packages/airflow/example_dags/example_latest_only_with_trigger.py
[2024-09-02T21:35:23.788+0000] {processor.py:840} INFO - DAG(s) 'latest_only_with_trigger' retrieved from /home/airflow/.local/lib/python3.12/site-packages/airflow/example_dags/example_latest_only_with_trigger.py
[2024-09-02T21:35:24.207+0000] {logging_mixin.py:188} INFO - [2024-09-02T21:35:24.205+0000] {override.py:1829} INFO - Created Permission View: can edit on DAG:latest_only_with_trigger
[2024-09-02T21:35:24.239+0000] {logging_mixin.py:188} INFO - [2024-09-02T21:35:24.238+0000] {override.py:1829} INFO - Created Permission View: can delete on DAG:latest_only_with_trigger
[2024-09-02T21:35:24.267+0000] {logging_mixin.py:188} INFO - [2024-09-02T21:35:24.266+0000] {override.py:1829} INFO - Created Permission View: can read on DAG:latest_only_with_trigger
[2024-09-02T21:35:24.269+0000] {logging_mixin.py:188} INFO - [2024-09-02T21:35:24.268+0000] {dag.py:3096} INFO - Sync 1 DAGs
[2024-09-02T21:35:24.310+0000] {logging_mixin.py:188} INFO - [2024-09-02T21:35:24.309+0000] {dag.py:3118} INFO - Creating ORM DAG for latest_only_with_trigger
[2024-09-02T21:35:24.350+0000] {logging_mixin.py:188} INFO - [2024-09-02T21:35:24.350+0000] {dag.py:3954} INFO - Setting next_dagrun for latest_only_with_trigger to 2024-09-02 16:00:00+00:00, run_after=2024-09-02 20:00:00+00:00
[2024-09-02T21:35:24.404+0000] {processor.py:183} INFO - Processing /home/airflow/.local/lib/python3.12/site-packages/airflow/example_dags/example_latest_only_with_trigger.py took 0.738 seconds
[2024-09-02T21:35:57.246+0000] {processor.py:161} INFO - Started process (PID=183) to work on /home/airflow/.local/lib/python3.12/site-packages/airflow/example_dags/example_latest_only_with_trigger.py
[2024-09-02T21:35:57.256+0000] {processor.py:830} INFO - Processing file /home/airflow/.local/lib/python3.12/site-packages/airflow/example_dags/example_latest_only_with_trigger.py for tasks to queue
[2024-09-02T21:35:57.264+0000] {logging_mixin.py:188} INFO - [2024-09-02T21:35:57.263+0000] {dagbag.py:545} INFO - Filling up the DagBag from /home/airflow/.local/lib/python3.12/site-packages/airflow/example_dags/example_latest_only_with_trigger.py
[2024-09-02T21:35:57.299+0000] {processor.py:840} INFO - DAG(s) 'latest_only_with_trigger' retrieved from /home/airflow/.local/lib/python3.12/site-packages/airflow/example_dags/example_latest_only_with_trigger.py
[2024-09-02T21:35:57.465+0000] {logging_mixin.py:188} INFO - [2024-09-02T21:35:57.464+0000] {dag.py:3096} INFO - Sync 1 DAGs
[2024-09-02T21:35:57.678+0000] {logging_mixin.py:188} INFO - [2024-09-02T21:35:57.677+0000] {dag.py:3954} INFO - Setting next_dagrun for latest_only_with_trigger to 2024-09-02 16:00:00+00:00, run_after=2024-09-02 20:00:00+00:00
[2024-09-02T21:35:57.879+0000] {processor.py:183} INFO - Processing /home/airflow/.local/lib/python3.12/site-packages/airflow/example_dags/example_latest_only_with_trigger.py took 0.671 seconds
[2024-09-02T21:38:49.616+0000] {processor.py:161} INFO - Started process (PID=116) to work on /home/airflow/.local/lib/python3.12/site-packages/airflow/example_dags/example_latest_only_with_trigger.py
[2024-09-02T21:38:49.618+0000] {processor.py:830} INFO - Processing file /home/airflow/.local/lib/python3.12/site-packages/airflow/example_dags/example_latest_only_with_trigger.py for tasks to queue
[2024-09-02T21:38:49.622+0000] {logging_mixin.py:188} INFO - [2024-09-02T21:38:49.622+0000] {dagbag.py:545} INFO - Filling up the DagBag from /home/airflow/.local/lib/python3.12/site-packages/airflow/example_dags/example_latest_only_with_trigger.py
[2024-09-02T21:38:49.639+0000] {processor.py:840} INFO - DAG(s) 'latest_only_with_trigger' retrieved from /home/airflow/.local/lib/python3.12/site-packages/airflow/example_dags/example_latest_only_with_trigger.py
[2024-09-02T21:38:49.836+0000] {logging_mixin.py:188} INFO - [2024-09-02T21:38:49.834+0000] {override.py:1829} INFO - Created Permission View: can edit on DAG:latest_only_with_trigger
[2024-09-02T21:38:49.860+0000] {logging_mixin.py:188} INFO - [2024-09-02T21:38:49.859+0000] {override.py:1829} INFO - Created Permission View: can read on DAG:latest_only_with_trigger
[2024-09-02T21:38:49.871+0000] {logging_mixin.py:188} INFO - [2024-09-02T21:38:49.870+0000] {override.py:1829} INFO - Created Permission View: can delete on DAG:latest_only_with_trigger
[2024-09-02T21:38:49.872+0000] {logging_mixin.py:188} INFO - [2024-09-02T21:38:49.871+0000] {dag.py:3096} INFO - Sync 1 DAGs
[2024-09-02T21:38:49.891+0000] {logging_mixin.py:188} INFO - [2024-09-02T21:38:49.891+0000] {dag.py:3118} INFO - Creating ORM DAG for latest_only_with_trigger
[2024-09-02T21:38:49.910+0000] {logging_mixin.py:188} INFO - [2024-09-02T21:38:49.909+0000] {dag.py:3954} INFO - Setting next_dagrun for latest_only_with_trigger to 2024-09-02 16:00:00+00:00, run_after=2024-09-02 20:00:00+00:00
[2024-09-02T21:38:49.942+0000] {processor.py:183} INFO - Processing /home/airflow/.local/lib/python3.12/site-packages/airflow/example_dags/example_latest_only_with_trigger.py took 0.337 seconds
[2024-09-02T21:39:20.145+0000] {processor.py:161} INFO - Started process (PID=176) to work on /home/airflow/.local/lib/python3.12/site-packages/airflow/example_dags/example_latest_only_with_trigger.py
[2024-09-02T21:39:20.147+0000] {processor.py:830} INFO - Processing file /home/airflow/.local/lib/python3.12/site-packages/airflow/example_dags/example_latest_only_with_trigger.py for tasks to queue
[2024-09-02T21:39:20.151+0000] {logging_mixin.py:188} INFO - [2024-09-02T21:39:20.150+0000] {dagbag.py:545} INFO - Filling up the DagBag from /home/airflow/.local/lib/python3.12/site-packages/airflow/example_dags/example_latest_only_with_trigger.py
[2024-09-02T21:39:20.162+0000] {processor.py:840} INFO - DAG(s) 'latest_only_with_trigger' retrieved from /home/airflow/.local/lib/python3.12/site-packages/airflow/example_dags/example_latest_only_with_trigger.py
[2024-09-02T21:39:20.198+0000] {logging_mixin.py:188} INFO - [2024-09-02T21:39:20.198+0000] {dag.py:3096} INFO - Sync 1 DAGs
[2024-09-02T21:39:20.250+0000] {logging_mixin.py:188} INFO - [2024-09-02T21:39:20.250+0000] {dag.py:3954} INFO - Setting next_dagrun for latest_only_with_trigger to 2024-09-02 16:00:00+00:00, run_after=2024-09-02 20:00:00+00:00
[2024-09-02T21:39:20.304+0000] {processor.py:183} INFO - Processing /home/airflow/.local/lib/python3.12/site-packages/airflow/example_dags/example_latest_only_with_trigger.py took 0.171 seconds
[2024-09-02T21:39:50.880+0000] {processor.py:161} INFO - Started process (PID=236) to work on /home/airflow/.local/lib/python3.12/site-packages/airflow/example_dags/example_latest_only_with_trigger.py
[2024-09-02T21:39:50.882+0000] {processor.py:830} INFO - Processing file /home/airflow/.local/lib/python3.12/site-packages/airflow/example_dags/example_latest_only_with_trigger.py for tasks to queue
[2024-09-02T21:39:50.885+0000] {logging_mixin.py:188} INFO - [2024-09-02T21:39:50.884+0000] {dagbag.py:545} INFO - Filling up the DagBag from /home/airflow/.local/lib/python3.12/site-packages/airflow/example_dags/example_latest_only_with_trigger.py
[2024-09-02T21:39:50.893+0000] {processor.py:840} INFO - DAG(s) 'latest_only_with_trigger' retrieved from /home/airflow/.local/lib/python3.12/site-packages/airflow/example_dags/example_latest_only_with_trigger.py
[2024-09-02T21:39:50.920+0000] {logging_mixin.py:188} INFO - [2024-09-02T21:39:50.920+0000] {dag.py:3096} INFO - Sync 1 DAGs
[2024-09-02T21:39:50.953+0000] {logging_mixin.py:188} INFO - [2024-09-02T21:39:50.952+0000] {dag.py:3954} INFO - Setting next_dagrun for latest_only_with_trigger to 2024-09-02 16:00:00+00:00, run_after=2024-09-02 20:00:00+00:00
[2024-09-02T21:39:50.990+0000] {processor.py:183} INFO - Processing /home/airflow/.local/lib/python3.12/site-packages/airflow/example_dags/example_latest_only_with_trigger.py took 0.119 seconds
[2024-09-02T21:40:21.318+0000] {processor.py:161} INFO - Started process (PID=296) to work on /home/airflow/.local/lib/python3.12/site-packages/airflow/example_dags/example_latest_only_with_trigger.py
[2024-09-02T21:40:21.319+0000] {processor.py:830} INFO - Processing file /home/airflow/.local/lib/python3.12/site-packages/airflow/example_dags/example_latest_only_with_trigger.py for tasks to queue
[2024-09-02T21:40:21.320+0000] {logging_mixin.py:188} INFO - [2024-09-02T21:40:21.320+0000] {dagbag.py:545} INFO - Filling up the DagBag from /home/airflow/.local/lib/python3.12/site-packages/airflow/example_dags/example_latest_only_with_trigger.py
[2024-09-02T21:40:21.325+0000] {processor.py:840} INFO - DAG(s) 'latest_only_with_trigger' retrieved from /home/airflow/.local/lib/python3.12/site-packages/airflow/example_dags/example_latest_only_with_trigger.py
[2024-09-02T21:40:21.345+0000] {logging_mixin.py:188} INFO - [2024-09-02T21:40:21.345+0000] {dag.py:3096} INFO - Sync 1 DAGs
[2024-09-02T21:40:21.366+0000] {logging_mixin.py:188} INFO - [2024-09-02T21:40:21.365+0000] {dag.py:3954} INFO - Setting next_dagrun for latest_only_with_trigger to 2024-09-02 16:00:00+00:00, run_after=2024-09-02 20:00:00+00:00
[2024-09-02T21:40:21.388+0000] {processor.py:183} INFO - Processing /home/airflow/.local/lib/python3.12/site-packages/airflow/example_dags/example_latest_only_with_trigger.py took 0.075 seconds
[2024-09-02T21:40:51.650+0000] {processor.py:161} INFO - Started process (PID=356) to work on /home/airflow/.local/lib/python3.12/site-packages/airflow/example_dags/example_latest_only_with_trigger.py
[2024-09-02T21:40:51.651+0000] {processor.py:830} INFO - Processing file /home/airflow/.local/lib/python3.12/site-packages/airflow/example_dags/example_latest_only_with_trigger.py for tasks to queue
[2024-09-02T21:40:51.654+0000] {logging_mixin.py:188} INFO - [2024-09-02T21:40:51.654+0000] {dagbag.py:545} INFO - Filling up the DagBag from /home/airflow/.local/lib/python3.12/site-packages/airflow/example_dags/example_latest_only_with_trigger.py
[2024-09-02T21:40:51.663+0000] {processor.py:840} INFO - DAG(s) 'latest_only_with_trigger' retrieved from /home/airflow/.local/lib/python3.12/site-packages/airflow/example_dags/example_latest_only_with_trigger.py
[2024-09-02T21:40:51.703+0000] {logging_mixin.py:188} INFO - [2024-09-02T21:40:51.702+0000] {dag.py:3096} INFO - Sync 1 DAGs
[2024-09-02T21:40:51.761+0000] {logging_mixin.py:188} INFO - [2024-09-02T21:40:51.760+0000] {dag.py:3954} INFO - Setting next_dagrun for latest_only_with_trigger to 2024-09-02 16:00:00+00:00, run_after=2024-09-02 20:00:00+00:00
[2024-09-02T21:40:51.787+0000] {processor.py:183} INFO - Processing /home/airflow/.local/lib/python3.12/site-packages/airflow/example_dags/example_latest_only_with_trigger.py took 0.145 seconds
[2024-09-02T21:44:39.621+0000] {processor.py:161} INFO - Started process (PID=110) to work on /home/airflow/.local/lib/python3.12/site-packages/airflow/example_dags/example_latest_only_with_trigger.py
[2024-09-02T21:44:39.623+0000] {processor.py:830} INFO - Processing file /home/airflow/.local/lib/python3.12/site-packages/airflow/example_dags/example_latest_only_with_trigger.py for tasks to queue
[2024-09-02T21:44:39.626+0000] {logging_mixin.py:188} INFO - [2024-09-02T21:44:39.625+0000] {dagbag.py:545} INFO - Filling up the DagBag from /home/airflow/.local/lib/python3.12/site-packages/airflow/example_dags/example_latest_only_with_trigger.py
[2024-09-02T21:44:39.641+0000] {processor.py:840} INFO - DAG(s) 'latest_only_with_trigger' retrieved from /home/airflow/.local/lib/python3.12/site-packages/airflow/example_dags/example_latest_only_with_trigger.py
[2024-09-02T21:44:39.833+0000] {logging_mixin.py:188} INFO - [2024-09-02T21:44:39.832+0000] {override.py:1829} INFO - Created Permission View: can read on DAG:latest_only_with_trigger
[2024-09-02T21:44:39.850+0000] {logging_mixin.py:188} INFO - [2024-09-02T21:44:39.850+0000] {override.py:1829} INFO - Created Permission View: can delete on DAG:latest_only_with_trigger
[2024-09-02T21:44:39.862+0000] {logging_mixin.py:188} INFO - [2024-09-02T21:44:39.862+0000] {override.py:1829} INFO - Created Permission View: can edit on DAG:latest_only_with_trigger
[2024-09-02T21:44:39.863+0000] {logging_mixin.py:188} INFO - [2024-09-02T21:44:39.863+0000] {dag.py:3096} INFO - Sync 1 DAGs
[2024-09-02T21:44:39.881+0000] {logging_mixin.py:188} INFO - [2024-09-02T21:44:39.881+0000] {dag.py:3118} INFO - Creating ORM DAG for latest_only_with_trigger
[2024-09-02T21:44:39.899+0000] {logging_mixin.py:188} INFO - [2024-09-02T21:44:39.899+0000] {dag.py:3954} INFO - Setting next_dagrun for latest_only_with_trigger to 2024-09-02 16:00:00+00:00, run_after=2024-09-02 20:00:00+00:00
[2024-09-02T21:44:39.928+0000] {processor.py:183} INFO - Processing /home/airflow/.local/lib/python3.12/site-packages/airflow/example_dags/example_latest_only_with_trigger.py took 0.319 seconds
[2024-09-02T21:45:10.533+0000] {processor.py:161} INFO - Started process (PID=170) to work on /home/airflow/.local/lib/python3.12/site-packages/airflow/example_dags/example_latest_only_with_trigger.py
[2024-09-02T21:45:10.534+0000] {processor.py:830} INFO - Processing file /home/airflow/.local/lib/python3.12/site-packages/airflow/example_dags/example_latest_only_with_trigger.py for tasks to queue
[2024-09-02T21:45:10.536+0000] {logging_mixin.py:188} INFO - [2024-09-02T21:45:10.536+0000] {dagbag.py:545} INFO - Filling up the DagBag from /home/airflow/.local/lib/python3.12/site-packages/airflow/example_dags/example_latest_only_with_trigger.py
[2024-09-02T21:45:10.543+0000] {processor.py:840} INFO - DAG(s) 'latest_only_with_trigger' retrieved from /home/airflow/.local/lib/python3.12/site-packages/airflow/example_dags/example_latest_only_with_trigger.py
[2024-09-02T21:45:10.574+0000] {logging_mixin.py:188} INFO - [2024-09-02T21:45:10.574+0000] {dag.py:3096} INFO - Sync 1 DAGs
[2024-09-02T21:45:10.604+0000] {logging_mixin.py:188} INFO - [2024-09-02T21:45:10.604+0000] {dag.py:3954} INFO - Setting next_dagrun for latest_only_with_trigger to 2024-09-02 16:00:00+00:00, run_after=2024-09-02 20:00:00+00:00
[2024-09-02T21:45:10.629+0000] {processor.py:183} INFO - Processing /home/airflow/.local/lib/python3.12/site-packages/airflow/example_dags/example_latest_only_with_trigger.py took 0.105 seconds
[2024-09-02T21:45:41.192+0000] {processor.py:161} INFO - Started process (PID=230) to work on /home/airflow/.local/lib/python3.12/site-packages/airflow/example_dags/example_latest_only_with_trigger.py
[2024-09-02T21:45:41.193+0000] {processor.py:830} INFO - Processing file /home/airflow/.local/lib/python3.12/site-packages/airflow/example_dags/example_latest_only_with_trigger.py for tasks to queue
[2024-09-02T21:45:41.195+0000] {logging_mixin.py:188} INFO - [2024-09-02T21:45:41.195+0000] {dagbag.py:545} INFO - Filling up the DagBag from /home/airflow/.local/lib/python3.12/site-packages/airflow/example_dags/example_latest_only_with_trigger.py
[2024-09-02T21:45:41.201+0000] {processor.py:840} INFO - DAG(s) 'latest_only_with_trigger' retrieved from /home/airflow/.local/lib/python3.12/site-packages/airflow/example_dags/example_latest_only_with_trigger.py
[2024-09-02T21:45:41.225+0000] {logging_mixin.py:188} INFO - [2024-09-02T21:45:41.224+0000] {dag.py:3096} INFO - Sync 1 DAGs
[2024-09-02T21:45:41.249+0000] {logging_mixin.py:188} INFO - [2024-09-02T21:45:41.249+0000] {dag.py:3954} INFO - Setting next_dagrun for latest_only_with_trigger to 2024-09-02 16:00:00+00:00, run_after=2024-09-02 20:00:00+00:00
[2024-09-02T21:45:41.271+0000] {processor.py:183} INFO - Processing /home/airflow/.local/lib/python3.12/site-packages/airflow/example_dags/example_latest_only_with_trigger.py took 0.085 seconds
[2024-09-02T21:46:11.500+0000] {processor.py:161} INFO - Started process (PID=291) to work on /home/airflow/.local/lib/python3.12/site-packages/airflow/example_dags/example_latest_only_with_trigger.py
[2024-09-02T21:46:11.502+0000] {processor.py:830} INFO - Processing file /home/airflow/.local/lib/python3.12/site-packages/airflow/example_dags/example_latest_only_with_trigger.py for tasks to queue
[2024-09-02T21:46:11.506+0000] {logging_mixin.py:188} INFO - [2024-09-02T21:46:11.505+0000] {dagbag.py:545} INFO - Filling up the DagBag from /home/airflow/.local/lib/python3.12/site-packages/airflow/example_dags/example_latest_only_with_trigger.py
[2024-09-02T21:46:11.517+0000] {processor.py:840} INFO - DAG(s) 'latest_only_with_trigger' retrieved from /home/airflow/.local/lib/python3.12/site-packages/airflow/example_dags/example_latest_only_with_trigger.py
[2024-09-02T21:46:11.564+0000] {logging_mixin.py:188} INFO - [2024-09-02T21:46:11.563+0000] {dag.py:3096} INFO - Sync 1 DAGs
[2024-09-02T21:46:11.614+0000] {logging_mixin.py:188} INFO - [2024-09-02T21:46:11.614+0000] {dag.py:3954} INFO - Setting next_dagrun for latest_only_with_trigger to 2024-09-02 16:00:00+00:00, run_after=2024-09-02 20:00:00+00:00
[2024-09-02T21:46:11.643+0000] {processor.py:183} INFO - Processing /home/airflow/.local/lib/python3.12/site-packages/airflow/example_dags/example_latest_only_with_trigger.py took 0.153 seconds
[2024-09-02T21:46:41.817+0000] {processor.py:161} INFO - Started process (PID=351) to work on /home/airflow/.local/lib/python3.12/site-packages/airflow/example_dags/example_latest_only_with_trigger.py
[2024-09-02T21:46:41.819+0000] {processor.py:830} INFO - Processing file /home/airflow/.local/lib/python3.12/site-packages/airflow/example_dags/example_latest_only_with_trigger.py for tasks to queue
[2024-09-02T21:46:41.821+0000] {logging_mixin.py:188} INFO - [2024-09-02T21:46:41.821+0000] {dagbag.py:545} INFO - Filling up the DagBag from /home/airflow/.local/lib/python3.12/site-packages/airflow/example_dags/example_latest_only_with_trigger.py
[2024-09-02T21:46:41.829+0000] {processor.py:840} INFO - DAG(s) 'latest_only_with_trigger' retrieved from /home/airflow/.local/lib/python3.12/site-packages/airflow/example_dags/example_latest_only_with_trigger.py
[2024-09-02T21:46:41.857+0000] {logging_mixin.py:188} INFO - [2024-09-02T21:46:41.857+0000] {dag.py:3096} INFO - Sync 1 DAGs
[2024-09-02T21:46:41.884+0000] {logging_mixin.py:188} INFO - [2024-09-02T21:46:41.884+0000] {dag.py:3954} INFO - Setting next_dagrun for latest_only_with_trigger to 2024-09-02 16:00:00+00:00, run_after=2024-09-02 20:00:00+00:00
[2024-09-02T21:46:41.906+0000] {processor.py:183} INFO - Processing /home/airflow/.local/lib/python3.12/site-packages/airflow/example_dags/example_latest_only_with_trigger.py took 0.098 seconds
[2024-09-02T21:47:12.087+0000] {processor.py:161} INFO - Started process (PID=411) to work on /home/airflow/.local/lib/python3.12/site-packages/airflow/example_dags/example_latest_only_with_trigger.py
[2024-09-02T21:47:12.089+0000] {processor.py:830} INFO - Processing file /home/airflow/.local/lib/python3.12/site-packages/airflow/example_dags/example_latest_only_with_trigger.py for tasks to queue
[2024-09-02T21:47:12.091+0000] {logging_mixin.py:188} INFO - [2024-09-02T21:47:12.090+0000] {dagbag.py:545} INFO - Filling up the DagBag from /home/airflow/.local/lib/python3.12/site-packages/airflow/example_dags/example_latest_only_with_trigger.py
[2024-09-02T21:47:12.099+0000] {processor.py:840} INFO - DAG(s) 'latest_only_with_trigger' retrieved from /home/airflow/.local/lib/python3.12/site-packages/airflow/example_dags/example_latest_only_with_trigger.py
[2024-09-02T21:47:12.128+0000] {logging_mixin.py:188} INFO - [2024-09-02T21:47:12.128+0000] {dag.py:3096} INFO - Sync 1 DAGs
[2024-09-02T21:47:12.169+0000] {logging_mixin.py:188} INFO - [2024-09-02T21:47:12.169+0000] {dag.py:3954} INFO - Setting next_dagrun for latest_only_with_trigger to 2024-09-02 16:00:00+00:00, run_after=2024-09-02 20:00:00+00:00
[2024-09-02T21:47:12.199+0000] {processor.py:183} INFO - Processing /home/airflow/.local/lib/python3.12/site-packages/airflow/example_dags/example_latest_only_with_trigger.py took 0.117 seconds
[2024-09-02T21:47:43.356+0000] {processor.py:161} INFO - Started process (PID=471) to work on /home/airflow/.local/lib/python3.12/site-packages/airflow/example_dags/example_latest_only_with_trigger.py
[2024-09-02T21:47:43.357+0000] {processor.py:830} INFO - Processing file /home/airflow/.local/lib/python3.12/site-packages/airflow/example_dags/example_latest_only_with_trigger.py for tasks to queue
[2024-09-02T21:47:43.359+0000] {logging_mixin.py:188} INFO - [2024-09-02T21:47:43.359+0000] {dagbag.py:545} INFO - Filling up the DagBag from /home/airflow/.local/lib/python3.12/site-packages/airflow/example_dags/example_latest_only_with_trigger.py
[2024-09-02T21:47:43.367+0000] {processor.py:840} INFO - DAG(s) 'latest_only_with_trigger' retrieved from /home/airflow/.local/lib/python3.12/site-packages/airflow/example_dags/example_latest_only_with_trigger.py
[2024-09-02T21:47:43.402+0000] {logging_mixin.py:188} INFO - [2024-09-02T21:47:43.401+0000] {dag.py:3096} INFO - Sync 1 DAGs
[2024-09-02T21:47:43.439+0000] {logging_mixin.py:188} INFO - [2024-09-02T21:47:43.439+0000] {dag.py:3954} INFO - Setting next_dagrun for latest_only_with_trigger to 2024-09-02 16:00:00+00:00, run_after=2024-09-02 20:00:00+00:00
[2024-09-02T21:47:43.461+0000] {processor.py:183} INFO - Processing /home/airflow/.local/lib/python3.12/site-packages/airflow/example_dags/example_latest_only_with_trigger.py took 0.112 seconds
[2024-09-02T21:48:14.041+0000] {processor.py:161} INFO - Started process (PID=531) to work on /home/airflow/.local/lib/python3.12/site-packages/airflow/example_dags/example_latest_only_with_trigger.py
[2024-09-02T21:48:14.043+0000] {processor.py:830} INFO - Processing file /home/airflow/.local/lib/python3.12/site-packages/airflow/example_dags/example_latest_only_with_trigger.py for tasks to queue
[2024-09-02T21:48:14.046+0000] {logging_mixin.py:188} INFO - [2024-09-02T21:48:14.045+0000] {dagbag.py:545} INFO - Filling up the DagBag from /home/airflow/.local/lib/python3.12/site-packages/airflow/example_dags/example_latest_only_with_trigger.py
[2024-09-02T21:48:14.057+0000] {processor.py:840} INFO - DAG(s) 'latest_only_with_trigger' retrieved from /home/airflow/.local/lib/python3.12/site-packages/airflow/example_dags/example_latest_only_with_trigger.py
[2024-09-02T21:48:14.127+0000] {logging_mixin.py:188} INFO - [2024-09-02T21:48:14.126+0000] {dag.py:3096} INFO - Sync 1 DAGs
[2024-09-02T21:48:14.212+0000] {logging_mixin.py:188} INFO - [2024-09-02T21:48:14.212+0000] {dag.py:3954} INFO - Setting next_dagrun for latest_only_with_trigger to 2024-09-02 16:00:00+00:00, run_after=2024-09-02 20:00:00+00:00
[2024-09-02T21:48:14.257+0000] {processor.py:183} INFO - Processing /home/airflow/.local/lib/python3.12/site-packages/airflow/example_dags/example_latest_only_with_trigger.py took 0.228 seconds
[2024-09-02T21:48:44.652+0000] {processor.py:161} INFO - Started process (PID=591) to work on /home/airflow/.local/lib/python3.12/site-packages/airflow/example_dags/example_latest_only_with_trigger.py
[2024-09-02T21:48:44.653+0000] {processor.py:830} INFO - Processing file /home/airflow/.local/lib/python3.12/site-packages/airflow/example_dags/example_latest_only_with_trigger.py for tasks to queue
[2024-09-02T21:48:44.656+0000] {logging_mixin.py:188} INFO - [2024-09-02T21:48:44.655+0000] {dagbag.py:545} INFO - Filling up the DagBag from /home/airflow/.local/lib/python3.12/site-packages/airflow/example_dags/example_latest_only_with_trigger.py
[2024-09-02T21:48:44.664+0000] {processor.py:840} INFO - DAG(s) 'latest_only_with_trigger' retrieved from /home/airflow/.local/lib/python3.12/site-packages/airflow/example_dags/example_latest_only_with_trigger.py
[2024-09-02T21:48:44.696+0000] {logging_mixin.py:188} INFO - [2024-09-02T21:48:44.696+0000] {dag.py:3096} INFO - Sync 1 DAGs
[2024-09-02T21:48:44.727+0000] {logging_mixin.py:188} INFO - [2024-09-02T21:48:44.727+0000] {dag.py:3954} INFO - Setting next_dagrun for latest_only_with_trigger to 2024-09-02 16:00:00+00:00, run_after=2024-09-02 20:00:00+00:00
[2024-09-02T21:48:44.758+0000] {processor.py:183} INFO - Processing /home/airflow/.local/lib/python3.12/site-packages/airflow/example_dags/example_latest_only_with_trigger.py took 0.114 seconds
[2024-09-02T21:49:14.832+0000] {processor.py:161} INFO - Started process (PID=651) to work on /home/airflow/.local/lib/python3.12/site-packages/airflow/example_dags/example_latest_only_with_trigger.py
[2024-09-02T21:49:14.834+0000] {processor.py:830} INFO - Processing file /home/airflow/.local/lib/python3.12/site-packages/airflow/example_dags/example_latest_only_with_trigger.py for tasks to queue
[2024-09-02T21:49:14.838+0000] {logging_mixin.py:188} INFO - [2024-09-02T21:49:14.837+0000] {dagbag.py:545} INFO - Filling up the DagBag from /home/airflow/.local/lib/python3.12/site-packages/airflow/example_dags/example_latest_only_with_trigger.py
[2024-09-02T21:49:14.850+0000] {processor.py:840} INFO - DAG(s) 'latest_only_with_trigger' retrieved from /home/airflow/.local/lib/python3.12/site-packages/airflow/example_dags/example_latest_only_with_trigger.py
[2024-09-02T21:49:14.893+0000] {logging_mixin.py:188} INFO - [2024-09-02T21:49:14.893+0000] {dag.py:3096} INFO - Sync 1 DAGs
[2024-09-02T21:49:14.948+0000] {logging_mixin.py:188} INFO - [2024-09-02T21:49:14.947+0000] {dag.py:3954} INFO - Setting next_dagrun for latest_only_with_trigger to 2024-09-02 16:00:00+00:00, run_after=2024-09-02 20:00:00+00:00
[2024-09-02T21:49:14.993+0000] {processor.py:183} INFO - Processing /home/airflow/.local/lib/python3.12/site-packages/airflow/example_dags/example_latest_only_with_trigger.py took 0.172 seconds
[2024-09-02T21:49:45.191+0000] {processor.py:161} INFO - Started process (PID=711) to work on /home/airflow/.local/lib/python3.12/site-packages/airflow/example_dags/example_latest_only_with_trigger.py
[2024-09-02T21:49:45.193+0000] {processor.py:830} INFO - Processing file /home/airflow/.local/lib/python3.12/site-packages/airflow/example_dags/example_latest_only_with_trigger.py for tasks to queue
[2024-09-02T21:49:45.196+0000] {logging_mixin.py:188} INFO - [2024-09-02T21:49:45.195+0000] {dagbag.py:545} INFO - Filling up the DagBag from /home/airflow/.local/lib/python3.12/site-packages/airflow/example_dags/example_latest_only_with_trigger.py
[2024-09-02T21:49:45.204+0000] {processor.py:840} INFO - DAG(s) 'latest_only_with_trigger' retrieved from /home/airflow/.local/lib/python3.12/site-packages/airflow/example_dags/example_latest_only_with_trigger.py
[2024-09-02T21:49:45.236+0000] {logging_mixin.py:188} INFO - [2024-09-02T21:49:45.236+0000] {dag.py:3096} INFO - Sync 1 DAGs
[2024-09-02T21:49:45.273+0000] {logging_mixin.py:188} INFO - [2024-09-02T21:49:45.273+0000] {dag.py:3954} INFO - Setting next_dagrun for latest_only_with_trigger to 2024-09-02 16:00:00+00:00, run_after=2024-09-02 20:00:00+00:00
[2024-09-02T21:49:45.302+0000] {processor.py:183} INFO - Processing /home/airflow/.local/lib/python3.12/site-packages/airflow/example_dags/example_latest_only_with_trigger.py took 0.120 seconds
[2024-09-02T21:50:15.899+0000] {processor.py:161} INFO - Started process (PID=771) to work on /home/airflow/.local/lib/python3.12/site-packages/airflow/example_dags/example_latest_only_with_trigger.py
[2024-09-02T21:50:15.901+0000] {processor.py:830} INFO - Processing file /home/airflow/.local/lib/python3.12/site-packages/airflow/example_dags/example_latest_only_with_trigger.py for tasks to queue
[2024-09-02T21:50:15.903+0000] {logging_mixin.py:188} INFO - [2024-09-02T21:50:15.903+0000] {dagbag.py:545} INFO - Filling up the DagBag from /home/airflow/.local/lib/python3.12/site-packages/airflow/example_dags/example_latest_only_with_trigger.py
[2024-09-02T21:50:15.915+0000] {processor.py:840} INFO - DAG(s) 'latest_only_with_trigger' retrieved from /home/airflow/.local/lib/python3.12/site-packages/airflow/example_dags/example_latest_only_with_trigger.py
[2024-09-02T21:50:15.958+0000] {logging_mixin.py:188} INFO - [2024-09-02T21:50:15.958+0000] {dag.py:3096} INFO - Sync 1 DAGs
[2024-09-02T21:50:15.992+0000] {logging_mixin.py:188} INFO - [2024-09-02T21:50:15.992+0000] {dag.py:3954} INFO - Setting next_dagrun for latest_only_with_trigger to 2024-09-02 16:00:00+00:00, run_after=2024-09-02 20:00:00+00:00
[2024-09-02T21:50:16.028+0000] {processor.py:183} INFO - Processing /home/airflow/.local/lib/python3.12/site-packages/airflow/example_dags/example_latest_only_with_trigger.py took 0.135 seconds
[2024-09-02T21:50:46.665+0000] {processor.py:161} INFO - Started process (PID=831) to work on /home/airflow/.local/lib/python3.12/site-packages/airflow/example_dags/example_latest_only_with_trigger.py
[2024-09-02T21:50:46.671+0000] {processor.py:830} INFO - Processing file /home/airflow/.local/lib/python3.12/site-packages/airflow/example_dags/example_latest_only_with_trigger.py for tasks to queue
[2024-09-02T21:50:46.675+0000] {logging_mixin.py:188} INFO - [2024-09-02T21:50:46.674+0000] {dagbag.py:545} INFO - Filling up the DagBag from /home/airflow/.local/lib/python3.12/site-packages/airflow/example_dags/example_latest_only_with_trigger.py
[2024-09-02T21:50:46.693+0000] {processor.py:840} INFO - DAG(s) 'latest_only_with_trigger' retrieved from /home/airflow/.local/lib/python3.12/site-packages/airflow/example_dags/example_latest_only_with_trigger.py
[2024-09-02T21:50:46.803+0000] {logging_mixin.py:188} INFO - [2024-09-02T21:50:46.803+0000] {dag.py:3096} INFO - Sync 1 DAGs
[2024-09-02T21:50:46.879+0000] {logging_mixin.py:188} INFO - [2024-09-02T21:50:46.878+0000] {dag.py:3954} INFO - Setting next_dagrun for latest_only_with_trigger to 2024-09-02 16:00:00+00:00, run_after=2024-09-02 20:00:00+00:00
[2024-09-02T21:50:47.004+0000] {processor.py:183} INFO - Processing /home/airflow/.local/lib/python3.12/site-packages/airflow/example_dags/example_latest_only_with_trigger.py took 0.349 seconds
[2024-09-02T21:51:17.303+0000] {processor.py:161} INFO - Started process (PID=892) to work on /home/airflow/.local/lib/python3.12/site-packages/airflow/example_dags/example_latest_only_with_trigger.py
[2024-09-02T21:51:17.304+0000] {processor.py:830} INFO - Processing file /home/airflow/.local/lib/python3.12/site-packages/airflow/example_dags/example_latest_only_with_trigger.py for tasks to queue
[2024-09-02T21:51:17.307+0000] {logging_mixin.py:188} INFO - [2024-09-02T21:51:17.307+0000] {dagbag.py:545} INFO - Filling up the DagBag from /home/airflow/.local/lib/python3.12/site-packages/airflow/example_dags/example_latest_only_with_trigger.py
[2024-09-02T21:51:17.315+0000] {processor.py:840} INFO - DAG(s) 'latest_only_with_trigger' retrieved from /home/airflow/.local/lib/python3.12/site-packages/airflow/example_dags/example_latest_only_with_trigger.py
[2024-09-02T21:51:17.360+0000] {logging_mixin.py:188} INFO - [2024-09-02T21:51:17.359+0000] {dag.py:3096} INFO - Sync 1 DAGs
[2024-09-02T21:51:17.405+0000] {logging_mixin.py:188} INFO - [2024-09-02T21:51:17.404+0000] {dag.py:3954} INFO - Setting next_dagrun for latest_only_with_trigger to 2024-09-02 16:00:00+00:00, run_after=2024-09-02 20:00:00+00:00
[2024-09-02T21:51:17.430+0000] {processor.py:183} INFO - Processing /home/airflow/.local/lib/python3.12/site-packages/airflow/example_dags/example_latest_only_with_trigger.py took 0.142 seconds
[2024-09-02T21:51:47.595+0000] {processor.py:161} INFO - Started process (PID=958) to work on /home/airflow/.local/lib/python3.12/site-packages/airflow/example_dags/example_latest_only_with_trigger.py
[2024-09-02T21:51:47.597+0000] {processor.py:830} INFO - Processing file /home/airflow/.local/lib/python3.12/site-packages/airflow/example_dags/example_latest_only_with_trigger.py for tasks to queue
[2024-09-02T21:51:47.600+0000] {logging_mixin.py:188} INFO - [2024-09-02T21:51:47.600+0000] {dagbag.py:545} INFO - Filling up the DagBag from /home/airflow/.local/lib/python3.12/site-packages/airflow/example_dags/example_latest_only_with_trigger.py
[2024-09-02T21:51:47.609+0000] {processor.py:840} INFO - DAG(s) 'latest_only_with_trigger' retrieved from /home/airflow/.local/lib/python3.12/site-packages/airflow/example_dags/example_latest_only_with_trigger.py
[2024-09-02T21:51:47.640+0000] {logging_mixin.py:188} INFO - [2024-09-02T21:51:47.640+0000] {dag.py:3096} INFO - Sync 1 DAGs
[2024-09-02T21:51:47.666+0000] {logging_mixin.py:188} INFO - [2024-09-02T21:51:47.666+0000] {dag.py:3954} INFO - Setting next_dagrun for latest_only_with_trigger to 2024-09-02 16:00:00+00:00, run_after=2024-09-02 20:00:00+00:00
[2024-09-02T21:51:47.703+0000] {processor.py:183} INFO - Processing /home/airflow/.local/lib/python3.12/site-packages/airflow/example_dags/example_latest_only_with_trigger.py took 0.120 seconds
[2024-09-02T21:52:18.771+0000] {processor.py:161} INFO - Started process (PID=1017) to work on /home/airflow/.local/lib/python3.12/site-packages/airflow/example_dags/example_latest_only_with_trigger.py
[2024-09-02T21:52:18.773+0000] {processor.py:830} INFO - Processing file /home/airflow/.local/lib/python3.12/site-packages/airflow/example_dags/example_latest_only_with_trigger.py for tasks to queue
[2024-09-02T21:52:18.776+0000] {logging_mixin.py:188} INFO - [2024-09-02T21:52:18.776+0000] {dagbag.py:545} INFO - Filling up the DagBag from /home/airflow/.local/lib/python3.12/site-packages/airflow/example_dags/example_latest_only_with_trigger.py
[2024-09-02T21:52:18.784+0000] {processor.py:840} INFO - DAG(s) 'latest_only_with_trigger' retrieved from /home/airflow/.local/lib/python3.12/site-packages/airflow/example_dags/example_latest_only_with_trigger.py
[2024-09-02T21:52:18.816+0000] {logging_mixin.py:188} INFO - [2024-09-02T21:52:18.816+0000] {dag.py:3096} INFO - Sync 1 DAGs
[2024-09-02T21:52:18.851+0000] {logging_mixin.py:188} INFO - [2024-09-02T21:52:18.851+0000] {dag.py:3954} INFO - Setting next_dagrun for latest_only_with_trigger to 2024-09-02 16:00:00+00:00, run_after=2024-09-02 20:00:00+00:00
[2024-09-02T21:52:18.875+0000] {processor.py:183} INFO - Processing /home/airflow/.local/lib/python3.12/site-packages/airflow/example_dags/example_latest_only_with_trigger.py took 0.117 seconds
[2024-09-02T21:52:49.148+0000] {processor.py:161} INFO - Started process (PID=1077) to work on /home/airflow/.local/lib/python3.12/site-packages/airflow/example_dags/example_latest_only_with_trigger.py
[2024-09-02T21:52:49.150+0000] {processor.py:830} INFO - Processing file /home/airflow/.local/lib/python3.12/site-packages/airflow/example_dags/example_latest_only_with_trigger.py for tasks to queue
[2024-09-02T21:52:49.152+0000] {logging_mixin.py:188} INFO - [2024-09-02T21:52:49.151+0000] {dagbag.py:545} INFO - Filling up the DagBag from /home/airflow/.local/lib/python3.12/site-packages/airflow/example_dags/example_latest_only_with_trigger.py
[2024-09-02T21:52:49.158+0000] {processor.py:840} INFO - DAG(s) 'latest_only_with_trigger' retrieved from /home/airflow/.local/lib/python3.12/site-packages/airflow/example_dags/example_latest_only_with_trigger.py
[2024-09-02T21:52:49.189+0000] {logging_mixin.py:188} INFO - [2024-09-02T21:52:49.187+0000] {dag.py:3096} INFO - Sync 1 DAGs
[2024-09-02T21:52:49.221+0000] {logging_mixin.py:188} INFO - [2024-09-02T21:52:49.221+0000] {dag.py:3954} INFO - Setting next_dagrun for latest_only_with_trigger to 2024-09-02 16:00:00+00:00, run_after=2024-09-02 20:00:00+00:00
[2024-09-02T21:52:49.244+0000] {processor.py:183} INFO - Processing /home/airflow/.local/lib/python3.12/site-packages/airflow/example_dags/example_latest_only_with_trigger.py took 0.103 seconds
[2024-09-02T21:53:19.504+0000] {processor.py:161} INFO - Started process (PID=1137) to work on /home/airflow/.local/lib/python3.12/site-packages/airflow/example_dags/example_latest_only_with_trigger.py
[2024-09-02T21:53:19.506+0000] {processor.py:830} INFO - Processing file /home/airflow/.local/lib/python3.12/site-packages/airflow/example_dags/example_latest_only_with_trigger.py for tasks to queue
[2024-09-02T21:53:19.508+0000] {logging_mixin.py:188} INFO - [2024-09-02T21:53:19.508+0000] {dagbag.py:545} INFO - Filling up the DagBag from /home/airflow/.local/lib/python3.12/site-packages/airflow/example_dags/example_latest_only_with_trigger.py
[2024-09-02T21:53:19.515+0000] {processor.py:840} INFO - DAG(s) 'latest_only_with_trigger' retrieved from /home/airflow/.local/lib/python3.12/site-packages/airflow/example_dags/example_latest_only_with_trigger.py
[2024-09-02T21:53:19.541+0000] {logging_mixin.py:188} INFO - [2024-09-02T21:53:19.540+0000] {dag.py:3096} INFO - Sync 1 DAGs
[2024-09-02T21:53:19.573+0000] {logging_mixin.py:188} INFO - [2024-09-02T21:53:19.573+0000] {dag.py:3954} INFO - Setting next_dagrun for latest_only_with_trigger to 2024-09-02 16:00:00+00:00, run_after=2024-09-02 20:00:00+00:00
[2024-09-02T21:53:19.599+0000] {processor.py:183} INFO - Processing /home/airflow/.local/lib/python3.12/site-packages/airflow/example_dags/example_latest_only_with_trigger.py took 0.102 seconds
[2024-09-02T21:53:50.641+0000] {processor.py:161} INFO - Started process (PID=1198) to work on /home/airflow/.local/lib/python3.12/site-packages/airflow/example_dags/example_latest_only_with_trigger.py
[2024-09-02T21:53:50.643+0000] {processor.py:830} INFO - Processing file /home/airflow/.local/lib/python3.12/site-packages/airflow/example_dags/example_latest_only_with_trigger.py for tasks to queue
[2024-09-02T21:53:50.646+0000] {logging_mixin.py:188} INFO - [2024-09-02T21:53:50.645+0000] {dagbag.py:545} INFO - Filling up the DagBag from /home/airflow/.local/lib/python3.12/site-packages/airflow/example_dags/example_latest_only_with_trigger.py
[2024-09-02T21:53:50.654+0000] {processor.py:840} INFO - DAG(s) 'latest_only_with_trigger' retrieved from /home/airflow/.local/lib/python3.12/site-packages/airflow/example_dags/example_latest_only_with_trigger.py
[2024-09-02T21:53:50.687+0000] {logging_mixin.py:188} INFO - [2024-09-02T21:53:50.687+0000] {dag.py:3096} INFO - Sync 1 DAGs
[2024-09-02T21:53:50.717+0000] {logging_mixin.py:188} INFO - [2024-09-02T21:53:50.716+0000] {dag.py:3954} INFO - Setting next_dagrun for latest_only_with_trigger to 2024-09-02 16:00:00+00:00, run_after=2024-09-02 20:00:00+00:00
[2024-09-02T21:53:50.743+0000] {processor.py:183} INFO - Processing /home/airflow/.local/lib/python3.12/site-packages/airflow/example_dags/example_latest_only_with_trigger.py took 0.109 seconds
[2024-09-02T21:54:21.551+0000] {processor.py:161} INFO - Started process (PID=1258) to work on /home/airflow/.local/lib/python3.12/site-packages/airflow/example_dags/example_latest_only_with_trigger.py
[2024-09-02T21:54:21.552+0000] {processor.py:830} INFO - Processing file /home/airflow/.local/lib/python3.12/site-packages/airflow/example_dags/example_latest_only_with_trigger.py for tasks to queue
[2024-09-02T21:54:21.555+0000] {logging_mixin.py:188} INFO - [2024-09-02T21:54:21.554+0000] {dagbag.py:545} INFO - Filling up the DagBag from /home/airflow/.local/lib/python3.12/site-packages/airflow/example_dags/example_latest_only_with_trigger.py
[2024-09-02T21:54:21.562+0000] {processor.py:840} INFO - DAG(s) 'latest_only_with_trigger' retrieved from /home/airflow/.local/lib/python3.12/site-packages/airflow/example_dags/example_latest_only_with_trigger.py
[2024-09-02T21:54:21.586+0000] {logging_mixin.py:188} INFO - [2024-09-02T21:54:21.586+0000] {dag.py:3096} INFO - Sync 1 DAGs
[2024-09-02T21:54:21.612+0000] {logging_mixin.py:188} INFO - [2024-09-02T21:54:21.611+0000] {dag.py:3954} INFO - Setting next_dagrun for latest_only_with_trigger to 2024-09-02 16:00:00+00:00, run_after=2024-09-02 20:00:00+00:00
[2024-09-02T21:54:21.635+0000] {processor.py:183} INFO - Processing /home/airflow/.local/lib/python3.12/site-packages/airflow/example_dags/example_latest_only_with_trigger.py took 0.091 seconds
[2024-09-02T21:54:51.903+0000] {processor.py:161} INFO - Started process (PID=1318) to work on /home/airflow/.local/lib/python3.12/site-packages/airflow/example_dags/example_latest_only_with_trigger.py
[2024-09-02T21:54:51.905+0000] {processor.py:830} INFO - Processing file /home/airflow/.local/lib/python3.12/site-packages/airflow/example_dags/example_latest_only_with_trigger.py for tasks to queue
[2024-09-02T21:54:51.908+0000] {logging_mixin.py:188} INFO - [2024-09-02T21:54:51.907+0000] {dagbag.py:545} INFO - Filling up the DagBag from /home/airflow/.local/lib/python3.12/site-packages/airflow/example_dags/example_latest_only_with_trigger.py
[2024-09-02T21:54:51.917+0000] {processor.py:840} INFO - DAG(s) 'latest_only_with_trigger' retrieved from /home/airflow/.local/lib/python3.12/site-packages/airflow/example_dags/example_latest_only_with_trigger.py
[2024-09-02T21:54:51.944+0000] {logging_mixin.py:188} INFO - [2024-09-02T21:54:51.944+0000] {dag.py:3096} INFO - Sync 1 DAGs
[2024-09-02T21:54:51.975+0000] {logging_mixin.py:188} INFO - [2024-09-02T21:54:51.975+0000] {dag.py:3954} INFO - Setting next_dagrun for latest_only_with_trigger to 2024-09-02 16:00:00+00:00, run_after=2024-09-02 20:00:00+00:00
[2024-09-02T21:54:52.006+0000] {processor.py:183} INFO - Processing /home/airflow/.local/lib/python3.12/site-packages/airflow/example_dags/example_latest_only_with_trigger.py took 0.110 seconds
[2024-09-02T21:55:22.062+0000] {processor.py:161} INFO - Started process (PID=1382) to work on /home/airflow/.local/lib/python3.12/site-packages/airflow/example_dags/example_latest_only_with_trigger.py
[2024-09-02T21:55:22.063+0000] {processor.py:830} INFO - Processing file /home/airflow/.local/lib/python3.12/site-packages/airflow/example_dags/example_latest_only_with_trigger.py for tasks to queue
[2024-09-02T21:55:22.066+0000] {logging_mixin.py:188} INFO - [2024-09-02T21:55:22.065+0000] {dagbag.py:545} INFO - Filling up the DagBag from /home/airflow/.local/lib/python3.12/site-packages/airflow/example_dags/example_latest_only_with_trigger.py
[2024-09-02T21:55:22.074+0000] {processor.py:840} INFO - DAG(s) 'latest_only_with_trigger' retrieved from /home/airflow/.local/lib/python3.12/site-packages/airflow/example_dags/example_latest_only_with_trigger.py
[2024-09-02T21:55:22.106+0000] {logging_mixin.py:188} INFO - [2024-09-02T21:55:22.106+0000] {dag.py:3096} INFO - Sync 1 DAGs
[2024-09-02T21:55:22.146+0000] {logging_mixin.py:188} INFO - [2024-09-02T21:55:22.146+0000] {dag.py:3954} INFO - Setting next_dagrun for latest_only_with_trigger to 2024-09-02 16:00:00+00:00, run_after=2024-09-02 20:00:00+00:00
[2024-09-02T21:55:22.186+0000] {processor.py:183} INFO - Processing /home/airflow/.local/lib/python3.12/site-packages/airflow/example_dags/example_latest_only_with_trigger.py took 0.130 seconds
[2024-09-02T21:55:52.750+0000] {processor.py:161} INFO - Started process (PID=1445) to work on /home/airflow/.local/lib/python3.12/site-packages/airflow/example_dags/example_latest_only_with_trigger.py
[2024-09-02T21:55:52.752+0000] {processor.py:830} INFO - Processing file /home/airflow/.local/lib/python3.12/site-packages/airflow/example_dags/example_latest_only_with_trigger.py for tasks to queue
[2024-09-02T21:55:52.757+0000] {logging_mixin.py:188} INFO - [2024-09-02T21:55:52.756+0000] {dagbag.py:545} INFO - Filling up the DagBag from /home/airflow/.local/lib/python3.12/site-packages/airflow/example_dags/example_latest_only_with_trigger.py
[2024-09-02T21:55:52.770+0000] {processor.py:840} INFO - DAG(s) 'latest_only_with_trigger' retrieved from /home/airflow/.local/lib/python3.12/site-packages/airflow/example_dags/example_latest_only_with_trigger.py
[2024-09-02T21:55:52.811+0000] {logging_mixin.py:188} INFO - [2024-09-02T21:55:52.811+0000] {dag.py:3096} INFO - Sync 1 DAGs
[2024-09-02T21:55:52.856+0000] {logging_mixin.py:188} INFO - [2024-09-02T21:55:52.856+0000] {dag.py:3954} INFO - Setting next_dagrun for latest_only_with_trigger to 2024-09-02 16:00:00+00:00, run_after=2024-09-02 20:00:00+00:00
[2024-09-02T21:55:52.887+0000] {processor.py:183} INFO - Processing /home/airflow/.local/lib/python3.12/site-packages/airflow/example_dags/example_latest_only_with_trigger.py took 0.148 seconds
