[2024-09-02T21:35:08.070+0000] {processor.py:161} INFO - Started process (PID=95) to work on /home/airflow/.local/lib/python3.12/site-packages/airflow/example_dags/example_sensors.py
[2024-09-02T21:35:08.072+0000] {processor.py:830} INFO - Processing file /home/airflow/.local/lib/python3.12/site-packages/airflow/example_dags/example_sensors.py for tasks to queue
[2024-09-02T21:35:08.078+0000] {logging_mixin.py:188} INFO - [2024-09-02T21:35:08.077+0000] {dagbag.py:545} INFO - Filling up the DagBag from /home/airflow/.local/lib/python3.12/site-packages/airflow/example_dags/example_sensors.py
[2024-09-02T21:35:08.130+0000] {processor.py:840} INFO - DAG(s) 'example_sensors' retrieved from /home/airflow/.local/lib/python3.12/site-packages/airflow/example_dags/example_sensors.py
[2024-09-02T21:35:08.653+0000] {logging_mixin.py:188} INFO - [2024-09-02T21:35:08.652+0000] {override.py:1829} INFO - Created Permission View: can edit on DAG:example_sensors
[2024-09-02T21:35:08.692+0000] {logging_mixin.py:188} INFO - [2024-09-02T21:35:08.691+0000] {override.py:1829} INFO - Created Permission View: can delete on DAG:example_sensors
[2024-09-02T21:35:08.718+0000] {logging_mixin.py:188} INFO - [2024-09-02T21:35:08.716+0000] {override.py:1829} INFO - Created Permission View: can read on DAG:example_sensors
[2024-09-02T21:35:08.721+0000] {logging_mixin.py:188} INFO - [2024-09-02T21:35:08.721+0000] {dag.py:3096} INFO - Sync 1 DAGs
[2024-09-02T21:35:08.768+0000] {logging_mixin.py:188} INFO - [2024-09-02T21:35:08.767+0000] {dag.py:3118} INFO - Creating ORM DAG for example_sensors
[2024-09-02T21:35:08.773+0000] {logging_mixin.py:188} INFO - [2024-09-02T21:35:08.773+0000] {dag.py:3954} INFO - Setting next_dagrun for example_sensors to None, run_after=None
[2024-09-02T21:35:08.835+0000] {processor.py:183} INFO - Processing /home/airflow/.local/lib/python3.12/site-packages/airflow/example_dags/example_sensors.py took 0.787 seconds
[2024-09-02T21:35:40.038+0000] {processor.py:161} INFO - Started process (PID=154) to work on /home/airflow/.local/lib/python3.12/site-packages/airflow/example_dags/example_sensors.py
[2024-09-02T21:35:40.041+0000] {processor.py:830} INFO - Processing file /home/airflow/.local/lib/python3.12/site-packages/airflow/example_dags/example_sensors.py for tasks to queue
[2024-09-02T21:35:40.076+0000] {logging_mixin.py:188} INFO - [2024-09-02T21:35:40.075+0000] {dagbag.py:545} INFO - Filling up the DagBag from /home/airflow/.local/lib/python3.12/site-packages/airflow/example_dags/example_sensors.py
[2024-09-02T21:35:40.163+0000] {processor.py:840} INFO - DAG(s) 'example_sensors' retrieved from /home/airflow/.local/lib/python3.12/site-packages/airflow/example_dags/example_sensors.py
[2024-09-02T21:35:40.387+0000] {logging_mixin.py:188} INFO - [2024-09-02T21:35:40.386+0000] {dag.py:3096} INFO - Sync 1 DAGs
[2024-09-02T21:35:40.513+0000] {logging_mixin.py:188} INFO - [2024-09-02T21:35:40.501+0000] {dag.py:3954} INFO - Setting next_dagrun for example_sensors to None, run_after=None
[2024-09-02T21:35:40.679+0000] {processor.py:183} INFO - Processing /home/airflow/.local/lib/python3.12/site-packages/airflow/example_dags/example_sensors.py took 0.679 seconds
[2024-09-02T21:36:11.633+0000] {processor.py:161} INFO - Started process (PID=214) to work on /home/airflow/.local/lib/python3.12/site-packages/airflow/example_dags/example_sensors.py
[2024-09-02T21:36:11.649+0000] {processor.py:830} INFO - Processing file /home/airflow/.local/lib/python3.12/site-packages/airflow/example_dags/example_sensors.py for tasks to queue
[2024-09-02T21:36:11.659+0000] {logging_mixin.py:188} INFO - [2024-09-02T21:36:11.657+0000] {dagbag.py:545} INFO - Filling up the DagBag from /home/airflow/.local/lib/python3.12/site-packages/airflow/example_dags/example_sensors.py
[2024-09-02T21:36:11.698+0000] {processor.py:840} INFO - DAG(s) 'example_sensors' retrieved from /home/airflow/.local/lib/python3.12/site-packages/airflow/example_dags/example_sensors.py
[2024-09-02T21:36:11.840+0000] {logging_mixin.py:188} INFO - [2024-09-02T21:36:11.839+0000] {dag.py:3096} INFO - Sync 1 DAGs
[2024-09-02T21:36:11.906+0000] {logging_mixin.py:188} INFO - [2024-09-02T21:36:11.905+0000] {dag.py:3954} INFO - Setting next_dagrun for example_sensors to None, run_after=None
[2024-09-02T21:36:12.031+0000] {processor.py:183} INFO - Processing /home/airflow/.local/lib/python3.12/site-packages/airflow/example_dags/example_sensors.py took 0.431 seconds
[2024-09-02T21:38:41.317+0000] {processor.py:161} INFO - Started process (PID=93) to work on /home/airflow/.local/lib/python3.12/site-packages/airflow/example_dags/example_sensors.py
[2024-09-02T21:38:41.319+0000] {processor.py:830} INFO - Processing file /home/airflow/.local/lib/python3.12/site-packages/airflow/example_dags/example_sensors.py for tasks to queue
[2024-09-02T21:38:41.324+0000] {logging_mixin.py:188} INFO - [2024-09-02T21:38:41.323+0000] {dagbag.py:545} INFO - Filling up the DagBag from /home/airflow/.local/lib/python3.12/site-packages/airflow/example_dags/example_sensors.py
[2024-09-02T21:38:41.358+0000] {processor.py:840} INFO - DAG(s) 'example_sensors' retrieved from /home/airflow/.local/lib/python3.12/site-packages/airflow/example_dags/example_sensors.py
[2024-09-02T21:38:41.743+0000] {logging_mixin.py:188} INFO - [2024-09-02T21:38:41.741+0000] {override.py:1829} INFO - Created Permission View: can edit on DAG:example_sensors
[2024-09-02T21:38:41.769+0000] {logging_mixin.py:188} INFO - [2024-09-02T21:38:41.768+0000] {override.py:1829} INFO - Created Permission View: can read on DAG:example_sensors
[2024-09-02T21:38:41.784+0000] {logging_mixin.py:188} INFO - [2024-09-02T21:38:41.783+0000] {override.py:1829} INFO - Created Permission View: can delete on DAG:example_sensors
[2024-09-02T21:38:41.785+0000] {logging_mixin.py:188} INFO - [2024-09-02T21:38:41.785+0000] {dag.py:3096} INFO - Sync 1 DAGs
[2024-09-02T21:38:41.825+0000] {logging_mixin.py:188} INFO - [2024-09-02T21:38:41.824+0000] {dag.py:3118} INFO - Creating ORM DAG for example_sensors
[2024-09-02T21:38:41.828+0000] {logging_mixin.py:188} INFO - [2024-09-02T21:38:41.827+0000] {dag.py:3954} INFO - Setting next_dagrun for example_sensors to None, run_after=None
[2024-09-02T21:38:41.877+0000] {processor.py:183} INFO - Processing /home/airflow/.local/lib/python3.12/site-packages/airflow/example_dags/example_sensors.py took 0.575 seconds
[2024-09-02T21:39:12.823+0000] {processor.py:161} INFO - Started process (PID=153) to work on /home/airflow/.local/lib/python3.12/site-packages/airflow/example_dags/example_sensors.py
[2024-09-02T21:39:12.824+0000] {processor.py:830} INFO - Processing file /home/airflow/.local/lib/python3.12/site-packages/airflow/example_dags/example_sensors.py for tasks to queue
[2024-09-02T21:39:12.827+0000] {logging_mixin.py:188} INFO - [2024-09-02T21:39:12.827+0000] {dagbag.py:545} INFO - Filling up the DagBag from /home/airflow/.local/lib/python3.12/site-packages/airflow/example_dags/example_sensors.py
[2024-09-02T21:39:12.839+0000] {processor.py:840} INFO - DAG(s) 'example_sensors' retrieved from /home/airflow/.local/lib/python3.12/site-packages/airflow/example_dags/example_sensors.py
[2024-09-02T21:39:12.889+0000] {logging_mixin.py:188} INFO - [2024-09-02T21:39:12.888+0000] {dag.py:3096} INFO - Sync 1 DAGs
[2024-09-02T21:39:12.919+0000] {logging_mixin.py:188} INFO - [2024-09-02T21:39:12.919+0000] {dag.py:3954} INFO - Setting next_dagrun for example_sensors to None, run_after=None
[2024-09-02T21:39:12.953+0000] {processor.py:183} INFO - Processing /home/airflow/.local/lib/python3.12/site-packages/airflow/example_dags/example_sensors.py took 0.137 seconds
[2024-09-02T21:39:43.175+0000] {processor.py:161} INFO - Started process (PID=213) to work on /home/airflow/.local/lib/python3.12/site-packages/airflow/example_dags/example_sensors.py
[2024-09-02T21:39:43.176+0000] {processor.py:830} INFO - Processing file /home/airflow/.local/lib/python3.12/site-packages/airflow/example_dags/example_sensors.py for tasks to queue
[2024-09-02T21:39:43.178+0000] {logging_mixin.py:188} INFO - [2024-09-02T21:39:43.177+0000] {dagbag.py:545} INFO - Filling up the DagBag from /home/airflow/.local/lib/python3.12/site-packages/airflow/example_dags/example_sensors.py
[2024-09-02T21:39:43.187+0000] {processor.py:840} INFO - DAG(s) 'example_sensors' retrieved from /home/airflow/.local/lib/python3.12/site-packages/airflow/example_dags/example_sensors.py
[2024-09-02T21:39:43.217+0000] {logging_mixin.py:188} INFO - [2024-09-02T21:39:43.217+0000] {dag.py:3096} INFO - Sync 1 DAGs
[2024-09-02T21:39:43.232+0000] {logging_mixin.py:188} INFO - [2024-09-02T21:39:43.232+0000] {dag.py:3954} INFO - Setting next_dagrun for example_sensors to None, run_after=None
[2024-09-02T21:39:43.256+0000] {processor.py:183} INFO - Processing /home/airflow/.local/lib/python3.12/site-packages/airflow/example_dags/example_sensors.py took 0.086 seconds
[2024-09-02T21:40:13.428+0000] {processor.py:161} INFO - Started process (PID=273) to work on /home/airflow/.local/lib/python3.12/site-packages/airflow/example_dags/example_sensors.py
[2024-09-02T21:40:13.432+0000] {processor.py:830} INFO - Processing file /home/airflow/.local/lib/python3.12/site-packages/airflow/example_dags/example_sensors.py for tasks to queue
[2024-09-02T21:40:13.436+0000] {logging_mixin.py:188} INFO - [2024-09-02T21:40:13.435+0000] {dagbag.py:545} INFO - Filling up the DagBag from /home/airflow/.local/lib/python3.12/site-packages/airflow/example_dags/example_sensors.py
[2024-09-02T21:40:13.459+0000] {processor.py:840} INFO - DAG(s) 'example_sensors' retrieved from /home/airflow/.local/lib/python3.12/site-packages/airflow/example_dags/example_sensors.py
[2024-09-02T21:40:13.548+0000] {logging_mixin.py:188} INFO - [2024-09-02T21:40:13.548+0000] {dag.py:3096} INFO - Sync 1 DAGs
[2024-09-02T21:40:13.593+0000] {logging_mixin.py:188} INFO - [2024-09-02T21:40:13.592+0000] {dag.py:3954} INFO - Setting next_dagrun for example_sensors to None, run_after=None
[2024-09-02T21:40:13.649+0000] {processor.py:183} INFO - Processing /home/airflow/.local/lib/python3.12/site-packages/airflow/example_dags/example_sensors.py took 0.234 seconds
[2024-09-02T21:40:43.974+0000] {processor.py:161} INFO - Started process (PID=333) to work on /home/airflow/.local/lib/python3.12/site-packages/airflow/example_dags/example_sensors.py
[2024-09-02T21:40:43.975+0000] {processor.py:830} INFO - Processing file /home/airflow/.local/lib/python3.12/site-packages/airflow/example_dags/example_sensors.py for tasks to queue
[2024-09-02T21:40:43.977+0000] {logging_mixin.py:188} INFO - [2024-09-02T21:40:43.977+0000] {dagbag.py:545} INFO - Filling up the DagBag from /home/airflow/.local/lib/python3.12/site-packages/airflow/example_dags/example_sensors.py
[2024-09-02T21:40:43.987+0000] {processor.py:840} INFO - DAG(s) 'example_sensors' retrieved from /home/airflow/.local/lib/python3.12/site-packages/airflow/example_dags/example_sensors.py
[2024-09-02T21:40:44.018+0000] {logging_mixin.py:188} INFO - [2024-09-02T21:40:44.018+0000] {dag.py:3096} INFO - Sync 1 DAGs
[2024-09-02T21:40:44.033+0000] {logging_mixin.py:188} INFO - [2024-09-02T21:40:44.033+0000] {dag.py:3954} INFO - Setting next_dagrun for example_sensors to None, run_after=None
[2024-09-02T21:40:44.056+0000] {processor.py:183} INFO - Processing /home/airflow/.local/lib/python3.12/site-packages/airflow/example_dags/example_sensors.py took 0.086 seconds
[2024-09-02T21:41:14.473+0000] {processor.py:161} INFO - Started process (PID=393) to work on /home/airflow/.local/lib/python3.12/site-packages/airflow/example_dags/example_sensors.py
[2024-09-02T21:41:14.482+0000] {processor.py:830} INFO - Processing file /home/airflow/.local/lib/python3.12/site-packages/airflow/example_dags/example_sensors.py for tasks to queue
[2024-09-02T21:41:14.504+0000] {logging_mixin.py:188} INFO - [2024-09-02T21:41:14.503+0000] {dagbag.py:545} INFO - Filling up the DagBag from /home/airflow/.local/lib/python3.12/site-packages/airflow/example_dags/example_sensors.py
[2024-09-02T21:41:14.598+0000] {processor.py:840} INFO - DAG(s) 'example_sensors' retrieved from /home/airflow/.local/lib/python3.12/site-packages/airflow/example_dags/example_sensors.py
[2024-09-02T21:41:14.776+0000] {logging_mixin.py:188} INFO - [2024-09-02T21:41:14.776+0000] {dag.py:3096} INFO - Sync 1 DAGs
[2024-09-02T21:44:33.527+0000] {processor.py:161} INFO - Started process (PID=87) to work on /home/airflow/.local/lib/python3.12/site-packages/airflow/example_dags/example_sensors.py
[2024-09-02T21:44:33.530+0000] {processor.py:830} INFO - Processing file /home/airflow/.local/lib/python3.12/site-packages/airflow/example_dags/example_sensors.py for tasks to queue
[2024-09-02T21:44:33.535+0000] {logging_mixin.py:188} INFO - [2024-09-02T21:44:33.534+0000] {dagbag.py:545} INFO - Filling up the DagBag from /home/airflow/.local/lib/python3.12/site-packages/airflow/example_dags/example_sensors.py
[2024-09-02T21:44:33.564+0000] {processor.py:840} INFO - DAG(s) 'example_sensors' retrieved from /home/airflow/.local/lib/python3.12/site-packages/airflow/example_dags/example_sensors.py
[2024-09-02T21:44:33.873+0000] {logging_mixin.py:188} INFO - [2024-09-02T21:44:33.871+0000] {override.py:1829} INFO - Created Permission View: can read on DAG:example_sensors
[2024-09-02T21:44:33.898+0000] {logging_mixin.py:188} INFO - [2024-09-02T21:44:33.897+0000] {override.py:1829} INFO - Created Permission View: can delete on DAG:example_sensors
[2024-09-02T21:44:33.911+0000] {logging_mixin.py:188} INFO - [2024-09-02T21:44:33.910+0000] {override.py:1829} INFO - Created Permission View: can edit on DAG:example_sensors
[2024-09-02T21:44:33.912+0000] {logging_mixin.py:188} INFO - [2024-09-02T21:44:33.912+0000] {dag.py:3096} INFO - Sync 1 DAGs
[2024-09-02T21:44:33.940+0000] {logging_mixin.py:188} INFO - [2024-09-02T21:44:33.940+0000] {dag.py:3118} INFO - Creating ORM DAG for example_sensors
[2024-09-02T21:44:33.943+0000] {logging_mixin.py:188} INFO - [2024-09-02T21:44:33.942+0000] {dag.py:3954} INFO - Setting next_dagrun for example_sensors to None, run_after=None
[2024-09-02T21:44:33.992+0000] {processor.py:183} INFO - Processing /home/airflow/.local/lib/python3.12/site-packages/airflow/example_dags/example_sensors.py took 0.480 seconds
[2024-09-02T21:45:04.546+0000] {processor.py:161} INFO - Started process (PID=147) to work on /home/airflow/.local/lib/python3.12/site-packages/airflow/example_dags/example_sensors.py
[2024-09-02T21:45:04.547+0000] {processor.py:830} INFO - Processing file /home/airflow/.local/lib/python3.12/site-packages/airflow/example_dags/example_sensors.py for tasks to queue
[2024-09-02T21:45:04.550+0000] {logging_mixin.py:188} INFO - [2024-09-02T21:45:04.549+0000] {dagbag.py:545} INFO - Filling up the DagBag from /home/airflow/.local/lib/python3.12/site-packages/airflow/example_dags/example_sensors.py
[2024-09-02T21:45:04.565+0000] {processor.py:840} INFO - DAG(s) 'example_sensors' retrieved from /home/airflow/.local/lib/python3.12/site-packages/airflow/example_dags/example_sensors.py
[2024-09-02T21:45:04.604+0000] {logging_mixin.py:188} INFO - [2024-09-02T21:45:04.603+0000] {dag.py:3096} INFO - Sync 1 DAGs
[2024-09-02T21:45:04.622+0000] {logging_mixin.py:188} INFO - [2024-09-02T21:45:04.622+0000] {dag.py:3954} INFO - Setting next_dagrun for example_sensors to None, run_after=None
[2024-09-02T21:45:04.654+0000] {processor.py:183} INFO - Processing /home/airflow/.local/lib/python3.12/site-packages/airflow/example_dags/example_sensors.py took 0.116 seconds
[2024-09-02T21:45:35.243+0000] {processor.py:161} INFO - Started process (PID=207) to work on /home/airflow/.local/lib/python3.12/site-packages/airflow/example_dags/example_sensors.py
[2024-09-02T21:45:35.244+0000] {processor.py:830} INFO - Processing file /home/airflow/.local/lib/python3.12/site-packages/airflow/example_dags/example_sensors.py for tasks to queue
[2024-09-02T21:45:35.248+0000] {logging_mixin.py:188} INFO - [2024-09-02T21:45:35.247+0000] {dagbag.py:545} INFO - Filling up the DagBag from /home/airflow/.local/lib/python3.12/site-packages/airflow/example_dags/example_sensors.py
[2024-09-02T21:45:35.271+0000] {processor.py:840} INFO - DAG(s) 'example_sensors' retrieved from /home/airflow/.local/lib/python3.12/site-packages/airflow/example_dags/example_sensors.py
[2024-09-02T21:45:35.334+0000] {logging_mixin.py:188} INFO - [2024-09-02T21:45:35.333+0000] {dag.py:3096} INFO - Sync 1 DAGs
[2024-09-02T21:45:35.364+0000] {logging_mixin.py:188} INFO - [2024-09-02T21:45:35.364+0000] {dag.py:3954} INFO - Setting next_dagrun for example_sensors to None, run_after=None
[2024-09-02T21:45:35.404+0000] {processor.py:183} INFO - Processing /home/airflow/.local/lib/python3.12/site-packages/airflow/example_dags/example_sensors.py took 0.175 seconds
[2024-09-02T21:46:05.797+0000] {processor.py:161} INFO - Started process (PID=268) to work on /home/airflow/.local/lib/python3.12/site-packages/airflow/example_dags/example_sensors.py
[2024-09-02T21:46:05.798+0000] {processor.py:830} INFO - Processing file /home/airflow/.local/lib/python3.12/site-packages/airflow/example_dags/example_sensors.py for tasks to queue
[2024-09-02T21:46:05.801+0000] {logging_mixin.py:188} INFO - [2024-09-02T21:46:05.800+0000] {dagbag.py:545} INFO - Filling up the DagBag from /home/airflow/.local/lib/python3.12/site-packages/airflow/example_dags/example_sensors.py
[2024-09-02T21:46:05.813+0000] {processor.py:840} INFO - DAG(s) 'example_sensors' retrieved from /home/airflow/.local/lib/python3.12/site-packages/airflow/example_dags/example_sensors.py
[2024-09-02T21:46:05.843+0000] {logging_mixin.py:188} INFO - [2024-09-02T21:46:05.842+0000] {dag.py:3096} INFO - Sync 1 DAGs
[2024-09-02T21:46:05.857+0000] {logging_mixin.py:188} INFO - [2024-09-02T21:46:05.857+0000] {dag.py:3954} INFO - Setting next_dagrun for example_sensors to None, run_after=None
[2024-09-02T21:46:05.878+0000] {processor.py:183} INFO - Processing /home/airflow/.local/lib/python3.12/site-packages/airflow/example_dags/example_sensors.py took 0.089 seconds
[2024-09-02T21:46:36.598+0000] {processor.py:161} INFO - Started process (PID=328) to work on /home/airflow/.local/lib/python3.12/site-packages/airflow/example_dags/example_sensors.py
[2024-09-02T21:46:36.598+0000] {processor.py:830} INFO - Processing file /home/airflow/.local/lib/python3.12/site-packages/airflow/example_dags/example_sensors.py for tasks to queue
[2024-09-02T21:46:36.600+0000] {logging_mixin.py:188} INFO - [2024-09-02T21:46:36.600+0000] {dagbag.py:545} INFO - Filling up the DagBag from /home/airflow/.local/lib/python3.12/site-packages/airflow/example_dags/example_sensors.py
[2024-09-02T21:46:36.613+0000] {processor.py:840} INFO - DAG(s) 'example_sensors' retrieved from /home/airflow/.local/lib/python3.12/site-packages/airflow/example_dags/example_sensors.py
[2024-09-02T21:46:36.646+0000] {logging_mixin.py:188} INFO - [2024-09-02T21:46:36.646+0000] {dag.py:3096} INFO - Sync 1 DAGs
[2024-09-02T21:46:36.661+0000] {logging_mixin.py:188} INFO - [2024-09-02T21:46:36.661+0000] {dag.py:3954} INFO - Setting next_dagrun for example_sensors to None, run_after=None
[2024-09-02T21:46:36.686+0000] {processor.py:183} INFO - Processing /home/airflow/.local/lib/python3.12/site-packages/airflow/example_dags/example_sensors.py took 0.094 seconds
[2024-09-02T21:47:07.385+0000] {processor.py:161} INFO - Started process (PID=388) to work on /home/airflow/.local/lib/python3.12/site-packages/airflow/example_dags/example_sensors.py
[2024-09-02T21:47:07.387+0000] {processor.py:830} INFO - Processing file /home/airflow/.local/lib/python3.12/site-packages/airflow/example_dags/example_sensors.py for tasks to queue
[2024-09-02T21:47:07.389+0000] {logging_mixin.py:188} INFO - [2024-09-02T21:47:07.389+0000] {dagbag.py:545} INFO - Filling up the DagBag from /home/airflow/.local/lib/python3.12/site-packages/airflow/example_dags/example_sensors.py
[2024-09-02T21:47:07.400+0000] {processor.py:840} INFO - DAG(s) 'example_sensors' retrieved from /home/airflow/.local/lib/python3.12/site-packages/airflow/example_dags/example_sensors.py
[2024-09-02T21:47:07.439+0000] {logging_mixin.py:188} INFO - [2024-09-02T21:47:07.438+0000] {dag.py:3096} INFO - Sync 1 DAGs
[2024-09-02T21:47:07.468+0000] {logging_mixin.py:188} INFO - [2024-09-02T21:47:07.468+0000] {dag.py:3954} INFO - Setting next_dagrun for example_sensors to None, run_after=None
[2024-09-02T21:47:07.496+0000] {processor.py:183} INFO - Processing /home/airflow/.local/lib/python3.12/site-packages/airflow/example_dags/example_sensors.py took 0.116 seconds
[2024-09-02T21:47:37.961+0000] {processor.py:161} INFO - Started process (PID=448) to work on /home/airflow/.local/lib/python3.12/site-packages/airflow/example_dags/example_sensors.py
[2024-09-02T21:47:37.963+0000] {processor.py:830} INFO - Processing file /home/airflow/.local/lib/python3.12/site-packages/airflow/example_dags/example_sensors.py for tasks to queue
[2024-09-02T21:47:37.967+0000] {logging_mixin.py:188} INFO - [2024-09-02T21:47:37.966+0000] {dagbag.py:545} INFO - Filling up the DagBag from /home/airflow/.local/lib/python3.12/site-packages/airflow/example_dags/example_sensors.py
[2024-09-02T21:47:37.985+0000] {processor.py:840} INFO - DAG(s) 'example_sensors' retrieved from /home/airflow/.local/lib/python3.12/site-packages/airflow/example_dags/example_sensors.py
[2024-09-02T21:47:38.040+0000] {logging_mixin.py:188} INFO - [2024-09-02T21:47:38.039+0000] {dag.py:3096} INFO - Sync 1 DAGs
[2024-09-02T21:47:38.089+0000] {logging_mixin.py:188} INFO - [2024-09-02T21:47:38.088+0000] {dag.py:3954} INFO - Setting next_dagrun for example_sensors to None, run_after=None
[2024-09-02T21:47:38.147+0000] {processor.py:183} INFO - Processing /home/airflow/.local/lib/python3.12/site-packages/airflow/example_dags/example_sensors.py took 0.199 seconds
[2024-09-02T21:48:08.895+0000] {processor.py:161} INFO - Started process (PID=508) to work on /home/airflow/.local/lib/python3.12/site-packages/airflow/example_dags/example_sensors.py
[2024-09-02T21:48:08.897+0000] {processor.py:830} INFO - Processing file /home/airflow/.local/lib/python3.12/site-packages/airflow/example_dags/example_sensors.py for tasks to queue
[2024-09-02T21:48:08.899+0000] {logging_mixin.py:188} INFO - [2024-09-02T21:48:08.899+0000] {dagbag.py:545} INFO - Filling up the DagBag from /home/airflow/.local/lib/python3.12/site-packages/airflow/example_dags/example_sensors.py
[2024-09-02T21:48:08.913+0000] {processor.py:840} INFO - DAG(s) 'example_sensors' retrieved from /home/airflow/.local/lib/python3.12/site-packages/airflow/example_dags/example_sensors.py
[2024-09-02T21:48:08.951+0000] {logging_mixin.py:188} INFO - [2024-09-02T21:48:08.951+0000] {dag.py:3096} INFO - Sync 1 DAGs
[2024-09-02T21:48:08.969+0000] {logging_mixin.py:188} INFO - [2024-09-02T21:48:08.968+0000] {dag.py:3954} INFO - Setting next_dagrun for example_sensors to None, run_after=None
[2024-09-02T21:48:08.996+0000] {processor.py:183} INFO - Processing /home/airflow/.local/lib/python3.12/site-packages/airflow/example_dags/example_sensors.py took 0.110 seconds
[2024-09-02T21:48:39.282+0000] {processor.py:161} INFO - Started process (PID=568) to work on /home/airflow/.local/lib/python3.12/site-packages/airflow/example_dags/example_sensors.py
[2024-09-02T21:48:39.283+0000] {processor.py:830} INFO - Processing file /home/airflow/.local/lib/python3.12/site-packages/airflow/example_dags/example_sensors.py for tasks to queue
[2024-09-02T21:48:39.286+0000] {logging_mixin.py:188} INFO - [2024-09-02T21:48:39.286+0000] {dagbag.py:545} INFO - Filling up the DagBag from /home/airflow/.local/lib/python3.12/site-packages/airflow/example_dags/example_sensors.py
[2024-09-02T21:48:39.304+0000] {processor.py:840} INFO - DAG(s) 'example_sensors' retrieved from /home/airflow/.local/lib/python3.12/site-packages/airflow/example_dags/example_sensors.py
[2024-09-02T21:48:39.349+0000] {logging_mixin.py:188} INFO - [2024-09-02T21:48:39.348+0000] {dag.py:3096} INFO - Sync 1 DAGs
[2024-09-02T21:48:39.368+0000] {logging_mixin.py:188} INFO - [2024-09-02T21:48:39.367+0000] {dag.py:3954} INFO - Setting next_dagrun for example_sensors to None, run_after=None
[2024-09-02T21:48:39.394+0000] {processor.py:183} INFO - Processing /home/airflow/.local/lib/python3.12/site-packages/airflow/example_dags/example_sensors.py took 0.123 seconds
[2024-09-02T21:49:10.300+0000] {processor.py:161} INFO - Started process (PID=628) to work on /home/airflow/.local/lib/python3.12/site-packages/airflow/example_dags/example_sensors.py
[2024-09-02T21:49:10.304+0000] {processor.py:830} INFO - Processing file /home/airflow/.local/lib/python3.12/site-packages/airflow/example_dags/example_sensors.py for tasks to queue
[2024-09-02T21:49:10.308+0000] {logging_mixin.py:188} INFO - [2024-09-02T21:49:10.308+0000] {dagbag.py:545} INFO - Filling up the DagBag from /home/airflow/.local/lib/python3.12/site-packages/airflow/example_dags/example_sensors.py
[2024-09-02T21:49:10.331+0000] {processor.py:840} INFO - DAG(s) 'example_sensors' retrieved from /home/airflow/.local/lib/python3.12/site-packages/airflow/example_dags/example_sensors.py
[2024-09-02T21:49:10.393+0000] {logging_mixin.py:188} INFO - [2024-09-02T21:49:10.392+0000] {dag.py:3096} INFO - Sync 1 DAGs
[2024-09-02T21:49:10.417+0000] {logging_mixin.py:188} INFO - [2024-09-02T21:49:10.416+0000] {dag.py:3954} INFO - Setting next_dagrun for example_sensors to None, run_after=None
[2024-09-02T21:49:10.466+0000] {processor.py:183} INFO - Processing /home/airflow/.local/lib/python3.12/site-packages/airflow/example_dags/example_sensors.py took 0.182 seconds
[2024-09-02T21:49:40.913+0000] {processor.py:161} INFO - Started process (PID=688) to work on /home/airflow/.local/lib/python3.12/site-packages/airflow/example_dags/example_sensors.py
[2024-09-02T21:49:40.914+0000] {processor.py:830} INFO - Processing file /home/airflow/.local/lib/python3.12/site-packages/airflow/example_dags/example_sensors.py for tasks to queue
[2024-09-02T21:49:40.918+0000] {logging_mixin.py:188} INFO - [2024-09-02T21:49:40.917+0000] {dagbag.py:545} INFO - Filling up the DagBag from /home/airflow/.local/lib/python3.12/site-packages/airflow/example_dags/example_sensors.py
[2024-09-02T21:49:40.932+0000] {processor.py:840} INFO - DAG(s) 'example_sensors' retrieved from /home/airflow/.local/lib/python3.12/site-packages/airflow/example_dags/example_sensors.py
[2024-09-02T21:49:40.980+0000] {logging_mixin.py:188} INFO - [2024-09-02T21:49:40.980+0000] {dag.py:3096} INFO - Sync 1 DAGs
[2024-09-02T21:49:41.007+0000] {logging_mixin.py:188} INFO - [2024-09-02T21:49:41.006+0000] {dag.py:3954} INFO - Setting next_dagrun for example_sensors to None, run_after=None
[2024-09-02T21:49:41.040+0000] {processor.py:183} INFO - Processing /home/airflow/.local/lib/python3.12/site-packages/airflow/example_dags/example_sensors.py took 0.136 seconds
[2024-09-02T21:50:11.495+0000] {processor.py:161} INFO - Started process (PID=748) to work on /home/airflow/.local/lib/python3.12/site-packages/airflow/example_dags/example_sensors.py
[2024-09-02T21:50:11.498+0000] {processor.py:830} INFO - Processing file /home/airflow/.local/lib/python3.12/site-packages/airflow/example_dags/example_sensors.py for tasks to queue
[2024-09-02T21:50:11.502+0000] {logging_mixin.py:188} INFO - [2024-09-02T21:50:11.501+0000] {dagbag.py:545} INFO - Filling up the DagBag from /home/airflow/.local/lib/python3.12/site-packages/airflow/example_dags/example_sensors.py
[2024-09-02T21:50:11.521+0000] {processor.py:840} INFO - DAG(s) 'example_sensors' retrieved from /home/airflow/.local/lib/python3.12/site-packages/airflow/example_dags/example_sensors.py
[2024-09-02T21:50:11.580+0000] {logging_mixin.py:188} INFO - [2024-09-02T21:50:11.580+0000] {dag.py:3096} INFO - Sync 1 DAGs
[2024-09-02T21:50:11.610+0000] {logging_mixin.py:188} INFO - [2024-09-02T21:50:11.610+0000] {dag.py:3954} INFO - Setting next_dagrun for example_sensors to None, run_after=None
[2024-09-02T21:50:11.645+0000] {processor.py:183} INFO - Processing /home/airflow/.local/lib/python3.12/site-packages/airflow/example_dags/example_sensors.py took 0.166 seconds
[2024-09-02T21:50:41.732+0000] {processor.py:161} INFO - Started process (PID=807) to work on /home/airflow/.local/lib/python3.12/site-packages/airflow/example_dags/example_sensors.py
[2024-09-02T21:50:41.734+0000] {processor.py:830} INFO - Processing file /home/airflow/.local/lib/python3.12/site-packages/airflow/example_dags/example_sensors.py for tasks to queue
[2024-09-02T21:50:41.740+0000] {logging_mixin.py:188} INFO - [2024-09-02T21:50:41.739+0000] {dagbag.py:545} INFO - Filling up the DagBag from /home/airflow/.local/lib/python3.12/site-packages/airflow/example_dags/example_sensors.py
[2024-09-02T21:50:41.762+0000] {processor.py:840} INFO - DAG(s) 'example_sensors' retrieved from /home/airflow/.local/lib/python3.12/site-packages/airflow/example_dags/example_sensors.py
[2024-09-02T21:50:41.821+0000] {logging_mixin.py:188} INFO - [2024-09-02T21:50:41.820+0000] {dag.py:3096} INFO - Sync 1 DAGs
[2024-09-02T21:50:41.849+0000] {logging_mixin.py:188} INFO - [2024-09-02T21:50:41.849+0000] {dag.py:3954} INFO - Setting next_dagrun for example_sensors to None, run_after=None
[2024-09-02T21:50:41.874+0000] {processor.py:183} INFO - Processing /home/airflow/.local/lib/python3.12/site-packages/airflow/example_dags/example_sensors.py took 0.159 seconds
[2024-09-02T21:51:11.992+0000] {processor.py:161} INFO - Started process (PID=867) to work on /home/airflow/.local/lib/python3.12/site-packages/airflow/example_dags/example_sensors.py
[2024-09-02T21:51:11.994+0000] {processor.py:830} INFO - Processing file /home/airflow/.local/lib/python3.12/site-packages/airflow/example_dags/example_sensors.py for tasks to queue
[2024-09-02T21:51:11.997+0000] {logging_mixin.py:188} INFO - [2024-09-02T21:51:11.997+0000] {dagbag.py:545} INFO - Filling up the DagBag from /home/airflow/.local/lib/python3.12/site-packages/airflow/example_dags/example_sensors.py
[2024-09-02T21:51:12.011+0000] {processor.py:840} INFO - DAG(s) 'example_sensors' retrieved from /home/airflow/.local/lib/python3.12/site-packages/airflow/example_dags/example_sensors.py
[2024-09-02T21:51:12.043+0000] {logging_mixin.py:188} INFO - [2024-09-02T21:51:12.043+0000] {dag.py:3096} INFO - Sync 1 DAGs
[2024-09-02T21:51:12.060+0000] {logging_mixin.py:188} INFO - [2024-09-02T21:51:12.060+0000] {dag.py:3954} INFO - Setting next_dagrun for example_sensors to None, run_after=None
[2024-09-02T21:51:12.087+0000] {processor.py:183} INFO - Processing /home/airflow/.local/lib/python3.12/site-packages/airflow/example_dags/example_sensors.py took 0.106 seconds
[2024-09-02T21:51:42.227+0000] {processor.py:161} INFO - Started process (PID=927) to work on /home/airflow/.local/lib/python3.12/site-packages/airflow/example_dags/example_sensors.py
[2024-09-02T21:51:42.229+0000] {processor.py:830} INFO - Processing file /home/airflow/.local/lib/python3.12/site-packages/airflow/example_dags/example_sensors.py for tasks to queue
[2024-09-02T21:51:42.231+0000] {logging_mixin.py:188} INFO - [2024-09-02T21:51:42.231+0000] {dagbag.py:545} INFO - Filling up the DagBag from /home/airflow/.local/lib/python3.12/site-packages/airflow/example_dags/example_sensors.py
[2024-09-02T21:51:42.247+0000] {processor.py:840} INFO - DAG(s) 'example_sensors' retrieved from /home/airflow/.local/lib/python3.12/site-packages/airflow/example_dags/example_sensors.py
[2024-09-02T21:51:42.300+0000] {logging_mixin.py:188} INFO - [2024-09-02T21:51:42.300+0000] {dag.py:3096} INFO - Sync 1 DAGs
[2024-09-02T21:51:42.312+0000] {logging_mixin.py:188} INFO - [2024-09-02T21:51:42.312+0000] {dag.py:3954} INFO - Setting next_dagrun for example_sensors to None, run_after=None
[2024-09-02T21:51:42.330+0000] {processor.py:183} INFO - Processing /home/airflow/.local/lib/python3.12/site-packages/airflow/example_dags/example_sensors.py took 0.109 seconds
[2024-09-02T21:52:13.226+0000] {processor.py:161} INFO - Started process (PID=987) to work on /home/airflow/.local/lib/python3.12/site-packages/airflow/example_dags/example_sensors.py
[2024-09-02T21:52:13.227+0000] {processor.py:830} INFO - Processing file /home/airflow/.local/lib/python3.12/site-packages/airflow/example_dags/example_sensors.py for tasks to queue
[2024-09-02T21:52:13.230+0000] {logging_mixin.py:188} INFO - [2024-09-02T21:52:13.229+0000] {dagbag.py:545} INFO - Filling up the DagBag from /home/airflow/.local/lib/python3.12/site-packages/airflow/example_dags/example_sensors.py
[2024-09-02T21:52:13.240+0000] {processor.py:840} INFO - DAG(s) 'example_sensors' retrieved from /home/airflow/.local/lib/python3.12/site-packages/airflow/example_dags/example_sensors.py
[2024-09-02T21:52:13.271+0000] {logging_mixin.py:188} INFO - [2024-09-02T21:52:13.271+0000] {dag.py:3096} INFO - Sync 1 DAGs
[2024-09-02T21:52:13.285+0000] {logging_mixin.py:188} INFO - [2024-09-02T21:52:13.284+0000] {dag.py:3954} INFO - Setting next_dagrun for example_sensors to None, run_after=None
[2024-09-02T21:52:13.308+0000] {processor.py:183} INFO - Processing /home/airflow/.local/lib/python3.12/site-packages/airflow/example_dags/example_sensors.py took 0.089 seconds
[2024-09-02T21:52:43.638+0000] {processor.py:161} INFO - Started process (PID=1047) to work on /home/airflow/.local/lib/python3.12/site-packages/airflow/example_dags/example_sensors.py
[2024-09-02T21:52:43.639+0000] {processor.py:830} INFO - Processing file /home/airflow/.local/lib/python3.12/site-packages/airflow/example_dags/example_sensors.py for tasks to queue
[2024-09-02T21:52:43.641+0000] {logging_mixin.py:188} INFO - [2024-09-02T21:52:43.641+0000] {dagbag.py:545} INFO - Filling up the DagBag from /home/airflow/.local/lib/python3.12/site-packages/airflow/example_dags/example_sensors.py
[2024-09-02T21:52:43.652+0000] {processor.py:840} INFO - DAG(s) 'example_sensors' retrieved from /home/airflow/.local/lib/python3.12/site-packages/airflow/example_dags/example_sensors.py
[2024-09-02T21:52:43.688+0000] {logging_mixin.py:188} INFO - [2024-09-02T21:52:43.688+0000] {dag.py:3096} INFO - Sync 1 DAGs
[2024-09-02T21:52:43.703+0000] {logging_mixin.py:188} INFO - [2024-09-02T21:52:43.703+0000] {dag.py:3954} INFO - Setting next_dagrun for example_sensors to None, run_after=None
[2024-09-02T21:52:43.723+0000] {processor.py:183} INFO - Processing /home/airflow/.local/lib/python3.12/site-packages/airflow/example_dags/example_sensors.py took 0.093 seconds
[2024-09-02T21:53:14.248+0000] {processor.py:161} INFO - Started process (PID=1107) to work on /home/airflow/.local/lib/python3.12/site-packages/airflow/example_dags/example_sensors.py
[2024-09-02T21:53:14.249+0000] {processor.py:830} INFO - Processing file /home/airflow/.local/lib/python3.12/site-packages/airflow/example_dags/example_sensors.py for tasks to queue
[2024-09-02T21:53:14.253+0000] {logging_mixin.py:188} INFO - [2024-09-02T21:53:14.252+0000] {dagbag.py:545} INFO - Filling up the DagBag from /home/airflow/.local/lib/python3.12/site-packages/airflow/example_dags/example_sensors.py
[2024-09-02T21:53:14.270+0000] {processor.py:840} INFO - DAG(s) 'example_sensors' retrieved from /home/airflow/.local/lib/python3.12/site-packages/airflow/example_dags/example_sensors.py
[2024-09-02T21:53:14.301+0000] {logging_mixin.py:188} INFO - [2024-09-02T21:53:14.301+0000] {dag.py:3096} INFO - Sync 1 DAGs
[2024-09-02T21:53:14.316+0000] {logging_mixin.py:188} INFO - [2024-09-02T21:53:14.315+0000] {dag.py:3954} INFO - Setting next_dagrun for example_sensors to None, run_after=None
[2024-09-02T21:53:14.339+0000] {processor.py:183} INFO - Processing /home/airflow/.local/lib/python3.12/site-packages/airflow/example_dags/example_sensors.py took 0.099 seconds
[2024-09-02T21:53:45.227+0000] {processor.py:161} INFO - Started process (PID=1167) to work on /home/airflow/.local/lib/python3.12/site-packages/airflow/example_dags/example_sensors.py
[2024-09-02T21:53:45.228+0000] {processor.py:830} INFO - Processing file /home/airflow/.local/lib/python3.12/site-packages/airflow/example_dags/example_sensors.py for tasks to queue
[2024-09-02T21:53:45.232+0000] {logging_mixin.py:188} INFO - [2024-09-02T21:53:45.231+0000] {dagbag.py:545} INFO - Filling up the DagBag from /home/airflow/.local/lib/python3.12/site-packages/airflow/example_dags/example_sensors.py
[2024-09-02T21:53:45.246+0000] {processor.py:840} INFO - DAG(s) 'example_sensors' retrieved from /home/airflow/.local/lib/python3.12/site-packages/airflow/example_dags/example_sensors.py
[2024-09-02T21:53:45.301+0000] {logging_mixin.py:188} INFO - [2024-09-02T21:53:45.301+0000] {dag.py:3096} INFO - Sync 1 DAGs
[2024-09-02T21:53:45.324+0000] {logging_mixin.py:188} INFO - [2024-09-02T21:53:45.323+0000] {dag.py:3954} INFO - Setting next_dagrun for example_sensors to None, run_after=None
[2024-09-02T21:53:45.356+0000] {processor.py:183} INFO - Processing /home/airflow/.local/lib/python3.12/site-packages/airflow/example_dags/example_sensors.py took 0.141 seconds
[2024-09-02T21:54:15.582+0000] {processor.py:161} INFO - Started process (PID=1228) to work on /home/airflow/.local/lib/python3.12/site-packages/airflow/example_dags/example_sensors.py
[2024-09-02T21:54:15.584+0000] {processor.py:830} INFO - Processing file /home/airflow/.local/lib/python3.12/site-packages/airflow/example_dags/example_sensors.py for tasks to queue
[2024-09-02T21:54:15.587+0000] {logging_mixin.py:188} INFO - [2024-09-02T21:54:15.586+0000] {dagbag.py:545} INFO - Filling up the DagBag from /home/airflow/.local/lib/python3.12/site-packages/airflow/example_dags/example_sensors.py
[2024-09-02T21:54:15.603+0000] {processor.py:840} INFO - DAG(s) 'example_sensors' retrieved from /home/airflow/.local/lib/python3.12/site-packages/airflow/example_dags/example_sensors.py
[2024-09-02T21:54:15.637+0000] {logging_mixin.py:188} INFO - [2024-09-02T21:54:15.636+0000] {dag.py:3096} INFO - Sync 1 DAGs
[2024-09-02T21:54:15.657+0000] {logging_mixin.py:188} INFO - [2024-09-02T21:54:15.656+0000] {dag.py:3954} INFO - Setting next_dagrun for example_sensors to None, run_after=None
[2024-09-02T21:54:15.709+0000] {processor.py:183} INFO - Processing /home/airflow/.local/lib/python3.12/site-packages/airflow/example_dags/example_sensors.py took 0.140 seconds
[2024-09-02T21:54:46.298+0000] {processor.py:161} INFO - Started process (PID=1288) to work on /home/airflow/.local/lib/python3.12/site-packages/airflow/example_dags/example_sensors.py
[2024-09-02T21:54:46.301+0000] {processor.py:830} INFO - Processing file /home/airflow/.local/lib/python3.12/site-packages/airflow/example_dags/example_sensors.py for tasks to queue
[2024-09-02T21:54:46.304+0000] {logging_mixin.py:188} INFO - [2024-09-02T21:54:46.304+0000] {dagbag.py:545} INFO - Filling up the DagBag from /home/airflow/.local/lib/python3.12/site-packages/airflow/example_dags/example_sensors.py
[2024-09-02T21:54:46.322+0000] {processor.py:840} INFO - DAG(s) 'example_sensors' retrieved from /home/airflow/.local/lib/python3.12/site-packages/airflow/example_dags/example_sensors.py
[2024-09-02T21:54:46.372+0000] {logging_mixin.py:188} INFO - [2024-09-02T21:54:46.372+0000] {dag.py:3096} INFO - Sync 1 DAGs
[2024-09-02T21:54:46.389+0000] {logging_mixin.py:188} INFO - [2024-09-02T21:54:46.388+0000] {dag.py:3954} INFO - Setting next_dagrun for example_sensors to None, run_after=None
[2024-09-02T21:54:46.418+0000] {processor.py:183} INFO - Processing /home/airflow/.local/lib/python3.12/site-packages/airflow/example_dags/example_sensors.py took 0.132 seconds
[2024-09-02T21:55:16.834+0000] {processor.py:161} INFO - Started process (PID=1350) to work on /home/airflow/.local/lib/python3.12/site-packages/airflow/example_dags/example_sensors.py
[2024-09-02T21:55:16.835+0000] {processor.py:830} INFO - Processing file /home/airflow/.local/lib/python3.12/site-packages/airflow/example_dags/example_sensors.py for tasks to queue
[2024-09-02T21:55:16.838+0000] {logging_mixin.py:188} INFO - [2024-09-02T21:55:16.838+0000] {dagbag.py:545} INFO - Filling up the DagBag from /home/airflow/.local/lib/python3.12/site-packages/airflow/example_dags/example_sensors.py
[2024-09-02T21:55:16.852+0000] {processor.py:840} INFO - DAG(s) 'example_sensors' retrieved from /home/airflow/.local/lib/python3.12/site-packages/airflow/example_dags/example_sensors.py
[2024-09-02T21:55:16.887+0000] {logging_mixin.py:188} INFO - [2024-09-02T21:55:16.887+0000] {dag.py:3096} INFO - Sync 1 DAGs
[2024-09-02T21:55:16.905+0000] {logging_mixin.py:188} INFO - [2024-09-02T21:55:16.905+0000] {dag.py:3954} INFO - Setting next_dagrun for example_sensors to None, run_after=None
[2024-09-02T21:55:16.935+0000] {processor.py:183} INFO - Processing /home/airflow/.local/lib/python3.12/site-packages/airflow/example_dags/example_sensors.py took 0.109 seconds
[2024-09-02T21:55:47.654+0000] {processor.py:161} INFO - Started process (PID=1414) to work on /home/airflow/.local/lib/python3.12/site-packages/airflow/example_dags/example_sensors.py
[2024-09-02T21:55:47.655+0000] {processor.py:830} INFO - Processing file /home/airflow/.local/lib/python3.12/site-packages/airflow/example_dags/example_sensors.py for tasks to queue
[2024-09-02T21:55:47.658+0000] {logging_mixin.py:188} INFO - [2024-09-02T21:55:47.657+0000] {dagbag.py:545} INFO - Filling up the DagBag from /home/airflow/.local/lib/python3.12/site-packages/airflow/example_dags/example_sensors.py
[2024-09-02T21:55:47.669+0000] {processor.py:840} INFO - DAG(s) 'example_sensors' retrieved from /home/airflow/.local/lib/python3.12/site-packages/airflow/example_dags/example_sensors.py
[2024-09-02T21:55:47.711+0000] {logging_mixin.py:188} INFO - [2024-09-02T21:55:47.709+0000] {dag.py:3096} INFO - Sync 1 DAGs
[2024-09-02T21:55:47.743+0000] {logging_mixin.py:188} INFO - [2024-09-02T21:55:47.743+0000] {dag.py:3954} INFO - Setting next_dagrun for example_sensors to None, run_after=None
[2024-09-02T21:55:47.777+0000] {processor.py:183} INFO - Processing /home/airflow/.local/lib/python3.12/site-packages/airflow/example_dags/example_sensors.py took 0.130 seconds
