[2024-09-02T21:35:21.765+0000] {processor.py:161} INFO - Started process (PID=113) to work on /home/airflow/.local/lib/python3.12/site-packages/airflow/example_dags/example_task_group_decorator.py
[2024-09-02T21:35:21.768+0000] {processor.py:830} INFO - Processing file /home/airflow/.local/lib/python3.12/site-packages/airflow/example_dags/example_task_group_decorator.py for tasks to queue
[2024-09-02T21:35:21.773+0000] {logging_mixin.py:188} INFO - [2024-09-02T21:35:21.772+0000] {dagbag.py:545} INFO - Filling up the DagBag from /home/airflow/.local/lib/python3.12/site-packages/airflow/example_dags/example_task_group_decorator.py
[2024-09-02T21:35:21.858+0000] {processor.py:840} INFO - DAG(s) 'example_task_group_decorator' retrieved from /home/airflow/.local/lib/python3.12/site-packages/airflow/example_dags/example_task_group_decorator.py
[2024-09-02T21:35:22.271+0000] {logging_mixin.py:188} INFO - [2024-09-02T21:35:22.269+0000] {override.py:1829} INFO - Created Permission View: can edit on DAG:example_task_group_decorator
[2024-09-02T21:35:22.368+0000] {logging_mixin.py:188} INFO - [2024-09-02T21:35:22.367+0000] {override.py:1829} INFO - Created Permission View: can delete on DAG:example_task_group_decorator
[2024-09-02T21:35:22.397+0000] {logging_mixin.py:188} INFO - [2024-09-02T21:35:22.397+0000] {override.py:1829} INFO - Created Permission View: can read on DAG:example_task_group_decorator
[2024-09-02T21:35:22.399+0000] {logging_mixin.py:188} INFO - [2024-09-02T21:35:22.399+0000] {dag.py:3096} INFO - Sync 1 DAGs
[2024-09-02T21:35:22.434+0000] {logging_mixin.py:188} INFO - [2024-09-02T21:35:22.433+0000] {dag.py:3118} INFO - Creating ORM DAG for example_task_group_decorator
[2024-09-02T21:35:22.467+0000] {logging_mixin.py:188} INFO - [2024-09-02T21:35:22.466+0000] {dag.py:3954} INFO - Setting next_dagrun for example_task_group_decorator to 2024-09-01 00:00:00+00:00, run_after=2024-09-02 00:00:00+00:00
[2024-09-02T21:35:22.549+0000] {processor.py:183} INFO - Processing /home/airflow/.local/lib/python3.12/site-packages/airflow/example_dags/example_task_group_decorator.py took 0.803 seconds
[2024-09-02T21:35:53.984+0000] {processor.py:161} INFO - Started process (PID=172) to work on /home/airflow/.local/lib/python3.12/site-packages/airflow/example_dags/example_task_group_decorator.py
[2024-09-02T21:35:54.036+0000] {processor.py:830} INFO - Processing file /home/airflow/.local/lib/python3.12/site-packages/airflow/example_dags/example_task_group_decorator.py for tasks to queue
[2024-09-02T21:35:54.114+0000] {logging_mixin.py:188} INFO - [2024-09-02T21:35:54.081+0000] {dagbag.py:545} INFO - Filling up the DagBag from /home/airflow/.local/lib/python3.12/site-packages/airflow/example_dags/example_task_group_decorator.py
[2024-09-02T21:35:54.431+0000] {processor.py:840} INFO - DAG(s) 'example_task_group_decorator' retrieved from /home/airflow/.local/lib/python3.12/site-packages/airflow/example_dags/example_task_group_decorator.py
[2024-09-02T21:35:55.089+0000] {logging_mixin.py:188} INFO - [2024-09-02T21:35:55.088+0000] {dag.py:3096} INFO - Sync 1 DAGs
[2024-09-02T21:35:55.569+0000] {logging_mixin.py:188} INFO - [2024-09-02T21:35:55.568+0000] {dag.py:3954} INFO - Setting next_dagrun for example_task_group_decorator to 2024-09-01 00:00:00+00:00, run_after=2024-09-02 00:00:00+00:00
[2024-09-02T21:35:55.736+0000] {processor.py:183} INFO - Processing /home/airflow/.local/lib/python3.12/site-packages/airflow/example_dags/example_task_group_decorator.py took 1.977 seconds
[2024-09-02T21:38:47.996+0000] {processor.py:161} INFO - Started process (PID=111) to work on /home/airflow/.local/lib/python3.12/site-packages/airflow/example_dags/example_task_group_decorator.py
[2024-09-02T21:38:47.999+0000] {processor.py:830} INFO - Processing file /home/airflow/.local/lib/python3.12/site-packages/airflow/example_dags/example_task_group_decorator.py for tasks to queue
[2024-09-02T21:38:48.005+0000] {logging_mixin.py:188} INFO - [2024-09-02T21:38:48.004+0000] {dagbag.py:545} INFO - Filling up the DagBag from /home/airflow/.local/lib/python3.12/site-packages/airflow/example_dags/example_task_group_decorator.py
[2024-09-02T21:38:48.054+0000] {processor.py:840} INFO - DAG(s) 'example_task_group_decorator' retrieved from /home/airflow/.local/lib/python3.12/site-packages/airflow/example_dags/example_task_group_decorator.py
[2024-09-02T21:38:48.402+0000] {logging_mixin.py:188} INFO - [2024-09-02T21:38:48.399+0000] {override.py:1829} INFO - Created Permission View: can edit on DAG:example_task_group_decorator
[2024-09-02T21:38:48.431+0000] {logging_mixin.py:188} INFO - [2024-09-02T21:38:48.430+0000] {override.py:1829} INFO - Created Permission View: can read on DAG:example_task_group_decorator
[2024-09-02T21:38:48.449+0000] {logging_mixin.py:188} INFO - [2024-09-02T21:38:48.448+0000] {override.py:1829} INFO - Created Permission View: can delete on DAG:example_task_group_decorator
[2024-09-02T21:38:48.451+0000] {logging_mixin.py:188} INFO - [2024-09-02T21:38:48.450+0000] {dag.py:3096} INFO - Sync 1 DAGs
[2024-09-02T21:38:48.480+0000] {logging_mixin.py:188} INFO - [2024-09-02T21:38:48.479+0000] {dag.py:3118} INFO - Creating ORM DAG for example_task_group_decorator
[2024-09-02T21:38:48.516+0000] {logging_mixin.py:188} INFO - [2024-09-02T21:38:48.515+0000] {dag.py:3954} INFO - Setting next_dagrun for example_task_group_decorator to 2024-09-01 00:00:00+00:00, run_after=2024-09-02 00:00:00+00:00
[2024-09-02T21:38:48.562+0000] {processor.py:183} INFO - Processing /home/airflow/.local/lib/python3.12/site-packages/airflow/example_dags/example_task_group_decorator.py took 0.581 seconds
[2024-09-02T21:39:19.135+0000] {processor.py:161} INFO - Started process (PID=171) to work on /home/airflow/.local/lib/python3.12/site-packages/airflow/example_dags/example_task_group_decorator.py
[2024-09-02T21:39:19.137+0000] {processor.py:830} INFO - Processing file /home/airflow/.local/lib/python3.12/site-packages/airflow/example_dags/example_task_group_decorator.py for tasks to queue
[2024-09-02T21:39:19.143+0000] {logging_mixin.py:188} INFO - [2024-09-02T21:39:19.142+0000] {dagbag.py:545} INFO - Filling up the DagBag from /home/airflow/.local/lib/python3.12/site-packages/airflow/example_dags/example_task_group_decorator.py
[2024-09-02T21:39:19.189+0000] {processor.py:840} INFO - DAG(s) 'example_task_group_decorator' retrieved from /home/airflow/.local/lib/python3.12/site-packages/airflow/example_dags/example_task_group_decorator.py
[2024-09-02T21:39:19.243+0000] {logging_mixin.py:188} INFO - [2024-09-02T21:39:19.243+0000] {dag.py:3096} INFO - Sync 1 DAGs
[2024-09-02T21:39:19.313+0000] {logging_mixin.py:188} INFO - [2024-09-02T21:39:19.313+0000] {dag.py:3954} INFO - Setting next_dagrun for example_task_group_decorator to 2024-09-01 00:00:00+00:00, run_after=2024-09-02 00:00:00+00:00
[2024-09-02T21:39:19.358+0000] {processor.py:183} INFO - Processing /home/airflow/.local/lib/python3.12/site-packages/airflow/example_dags/example_task_group_decorator.py took 0.235 seconds
[2024-09-02T21:39:49.424+0000] {processor.py:161} INFO - Started process (PID=230) to work on /home/airflow/.local/lib/python3.12/site-packages/airflow/example_dags/example_task_group_decorator.py
[2024-09-02T21:39:49.424+0000] {processor.py:830} INFO - Processing file /home/airflow/.local/lib/python3.12/site-packages/airflow/example_dags/example_task_group_decorator.py for tasks to queue
[2024-09-02T21:39:49.426+0000] {logging_mixin.py:188} INFO - [2024-09-02T21:39:49.426+0000] {dagbag.py:545} INFO - Filling up the DagBag from /home/airflow/.local/lib/python3.12/site-packages/airflow/example_dags/example_task_group_decorator.py
[2024-09-02T21:39:49.449+0000] {processor.py:840} INFO - DAG(s) 'example_task_group_decorator' retrieved from /home/airflow/.local/lib/python3.12/site-packages/airflow/example_dags/example_task_group_decorator.py
[2024-09-02T21:39:49.488+0000] {logging_mixin.py:188} INFO - [2024-09-02T21:39:49.488+0000] {dag.py:3096} INFO - Sync 1 DAGs
[2024-09-02T21:39:49.509+0000] {logging_mixin.py:188} INFO - [2024-09-02T21:39:49.509+0000] {dag.py:3954} INFO - Setting next_dagrun for example_task_group_decorator to 2024-09-01 00:00:00+00:00, run_after=2024-09-02 00:00:00+00:00
[2024-09-02T21:39:49.526+0000] {processor.py:183} INFO - Processing /home/airflow/.local/lib/python3.12/site-packages/airflow/example_dags/example_task_group_decorator.py took 0.108 seconds
[2024-09-02T21:40:19.834+0000] {processor.py:161} INFO - Started process (PID=291) to work on /home/airflow/.local/lib/python3.12/site-packages/airflow/example_dags/example_task_group_decorator.py
[2024-09-02T21:40:19.837+0000] {processor.py:830} INFO - Processing file /home/airflow/.local/lib/python3.12/site-packages/airflow/example_dags/example_task_group_decorator.py for tasks to queue
[2024-09-02T21:40:19.841+0000] {logging_mixin.py:188} INFO - [2024-09-02T21:40:19.840+0000] {dagbag.py:545} INFO - Filling up the DagBag from /home/airflow/.local/lib/python3.12/site-packages/airflow/example_dags/example_task_group_decorator.py
[2024-09-02T21:40:19.869+0000] {processor.py:840} INFO - DAG(s) 'example_task_group_decorator' retrieved from /home/airflow/.local/lib/python3.12/site-packages/airflow/example_dags/example_task_group_decorator.py
[2024-09-02T21:40:19.937+0000] {logging_mixin.py:188} INFO - [2024-09-02T21:40:19.936+0000] {dag.py:3096} INFO - Sync 1 DAGs
[2024-09-02T21:40:19.972+0000] {logging_mixin.py:188} INFO - [2024-09-02T21:40:19.972+0000] {dag.py:3954} INFO - Setting next_dagrun for example_task_group_decorator to 2024-09-01 00:00:00+00:00, run_after=2024-09-02 00:00:00+00:00
[2024-09-02T21:40:19.997+0000] {processor.py:183} INFO - Processing /home/airflow/.local/lib/python3.12/site-packages/airflow/example_dags/example_task_group_decorator.py took 0.178 seconds
[2024-09-02T21:40:50.288+0000] {processor.py:161} INFO - Started process (PID=351) to work on /home/airflow/.local/lib/python3.12/site-packages/airflow/example_dags/example_task_group_decorator.py
[2024-09-02T21:40:50.289+0000] {processor.py:830} INFO - Processing file /home/airflow/.local/lib/python3.12/site-packages/airflow/example_dags/example_task_group_decorator.py for tasks to queue
[2024-09-02T21:40:50.291+0000] {logging_mixin.py:188} INFO - [2024-09-02T21:40:50.291+0000] {dagbag.py:545} INFO - Filling up the DagBag from /home/airflow/.local/lib/python3.12/site-packages/airflow/example_dags/example_task_group_decorator.py
[2024-09-02T21:40:50.311+0000] {processor.py:840} INFO - DAG(s) 'example_task_group_decorator' retrieved from /home/airflow/.local/lib/python3.12/site-packages/airflow/example_dags/example_task_group_decorator.py
[2024-09-02T21:40:50.359+0000] {logging_mixin.py:188} INFO - [2024-09-02T21:40:50.359+0000] {dag.py:3096} INFO - Sync 1 DAGs
[2024-09-02T21:40:50.390+0000] {logging_mixin.py:188} INFO - [2024-09-02T21:40:50.390+0000] {dag.py:3954} INFO - Setting next_dagrun for example_task_group_decorator to 2024-09-01 00:00:00+00:00, run_after=2024-09-02 00:00:00+00:00
[2024-09-02T21:40:50.414+0000] {processor.py:183} INFO - Processing /home/airflow/.local/lib/python3.12/site-packages/airflow/example_dags/example_task_group_decorator.py took 0.133 seconds
[2024-09-02T21:44:38.510+0000] {processor.py:161} INFO - Started process (PID=105) to work on /home/airflow/.local/lib/python3.12/site-packages/airflow/example_dags/example_task_group_decorator.py
[2024-09-02T21:44:38.512+0000] {processor.py:830} INFO - Processing file /home/airflow/.local/lib/python3.12/site-packages/airflow/example_dags/example_task_group_decorator.py for tasks to queue
[2024-09-02T21:44:38.516+0000] {logging_mixin.py:188} INFO - [2024-09-02T21:44:38.516+0000] {dagbag.py:545} INFO - Filling up the DagBag from /home/airflow/.local/lib/python3.12/site-packages/airflow/example_dags/example_task_group_decorator.py
[2024-09-02T21:44:38.549+0000] {processor.py:840} INFO - DAG(s) 'example_task_group_decorator' retrieved from /home/airflow/.local/lib/python3.12/site-packages/airflow/example_dags/example_task_group_decorator.py
[2024-09-02T21:44:38.771+0000] {logging_mixin.py:188} INFO - [2024-09-02T21:44:38.770+0000] {override.py:1829} INFO - Created Permission View: can read on DAG:example_task_group_decorator
[2024-09-02T21:44:38.789+0000] {logging_mixin.py:188} INFO - [2024-09-02T21:44:38.788+0000] {override.py:1829} INFO - Created Permission View: can delete on DAG:example_task_group_decorator
[2024-09-02T21:44:38.801+0000] {logging_mixin.py:188} INFO - [2024-09-02T21:44:38.800+0000] {override.py:1829} INFO - Created Permission View: can edit on DAG:example_task_group_decorator
[2024-09-02T21:44:38.802+0000] {logging_mixin.py:188} INFO - [2024-09-02T21:44:38.802+0000] {dag.py:3096} INFO - Sync 1 DAGs
[2024-09-02T21:44:38.822+0000] {logging_mixin.py:188} INFO - [2024-09-02T21:44:38.822+0000] {dag.py:3118} INFO - Creating ORM DAG for example_task_group_decorator
[2024-09-02T21:44:38.843+0000] {logging_mixin.py:188} INFO - [2024-09-02T21:44:38.842+0000] {dag.py:3954} INFO - Setting next_dagrun for example_task_group_decorator to 2024-09-01 00:00:00+00:00, run_after=2024-09-02 00:00:00+00:00
[2024-09-02T21:44:38.874+0000] {processor.py:183} INFO - Processing /home/airflow/.local/lib/python3.12/site-packages/airflow/example_dags/example_task_group_decorator.py took 0.375 seconds
[2024-09-02T21:45:09.085+0000] {processor.py:161} INFO - Started process (PID=165) to work on /home/airflow/.local/lib/python3.12/site-packages/airflow/example_dags/example_task_group_decorator.py
[2024-09-02T21:45:09.086+0000] {processor.py:830} INFO - Processing file /home/airflow/.local/lib/python3.12/site-packages/airflow/example_dags/example_task_group_decorator.py for tasks to queue
[2024-09-02T21:45:09.088+0000] {logging_mixin.py:188} INFO - [2024-09-02T21:45:09.088+0000] {dagbag.py:545} INFO - Filling up the DagBag from /home/airflow/.local/lib/python3.12/site-packages/airflow/example_dags/example_task_group_decorator.py
[2024-09-02T21:45:09.105+0000] {processor.py:840} INFO - DAG(s) 'example_task_group_decorator' retrieved from /home/airflow/.local/lib/python3.12/site-packages/airflow/example_dags/example_task_group_decorator.py
[2024-09-02T21:45:09.138+0000] {logging_mixin.py:188} INFO - [2024-09-02T21:45:09.138+0000] {dag.py:3096} INFO - Sync 1 DAGs
[2024-09-02T21:45:09.164+0000] {logging_mixin.py:188} INFO - [2024-09-02T21:45:09.164+0000] {dag.py:3954} INFO - Setting next_dagrun for example_task_group_decorator to 2024-09-01 00:00:00+00:00, run_after=2024-09-02 00:00:00+00:00
[2024-09-02T21:45:09.189+0000] {processor.py:183} INFO - Processing /home/airflow/.local/lib/python3.12/site-packages/airflow/example_dags/example_task_group_decorator.py took 0.111 seconds
[2024-09-02T21:45:39.878+0000] {processor.py:161} INFO - Started process (PID=225) to work on /home/airflow/.local/lib/python3.12/site-packages/airflow/example_dags/example_task_group_decorator.py
[2024-09-02T21:45:39.880+0000] {processor.py:830} INFO - Processing file /home/airflow/.local/lib/python3.12/site-packages/airflow/example_dags/example_task_group_decorator.py for tasks to queue
[2024-09-02T21:45:39.882+0000] {logging_mixin.py:188} INFO - [2024-09-02T21:45:39.882+0000] {dagbag.py:545} INFO - Filling up the DagBag from /home/airflow/.local/lib/python3.12/site-packages/airflow/example_dags/example_task_group_decorator.py
[2024-09-02T21:45:39.911+0000] {processor.py:840} INFO - DAG(s) 'example_task_group_decorator' retrieved from /home/airflow/.local/lib/python3.12/site-packages/airflow/example_dags/example_task_group_decorator.py
[2024-09-02T21:45:39.948+0000] {logging_mixin.py:188} INFO - [2024-09-02T21:45:39.948+0000] {dag.py:3096} INFO - Sync 1 DAGs
[2024-09-02T21:45:39.984+0000] {logging_mixin.py:188} INFO - [2024-09-02T21:45:39.983+0000] {dag.py:3954} INFO - Setting next_dagrun for example_task_group_decorator to 2024-09-01 00:00:00+00:00, run_after=2024-09-02 00:00:00+00:00
[2024-09-02T21:45:40.015+0000] {processor.py:183} INFO - Processing /home/airflow/.local/lib/python3.12/site-packages/airflow/example_dags/example_task_group_decorator.py took 0.147 seconds
[2024-09-02T21:46:10.096+0000] {processor.py:161} INFO - Started process (PID=286) to work on /home/airflow/.local/lib/python3.12/site-packages/airflow/example_dags/example_task_group_decorator.py
[2024-09-02T21:46:10.098+0000] {processor.py:830} INFO - Processing file /home/airflow/.local/lib/python3.12/site-packages/airflow/example_dags/example_task_group_decorator.py for tasks to queue
[2024-09-02T21:46:10.101+0000] {logging_mixin.py:188} INFO - [2024-09-02T21:46:10.100+0000] {dagbag.py:545} INFO - Filling up the DagBag from /home/airflow/.local/lib/python3.12/site-packages/airflow/example_dags/example_task_group_decorator.py
[2024-09-02T21:46:10.118+0000] {processor.py:840} INFO - DAG(s) 'example_task_group_decorator' retrieved from /home/airflow/.local/lib/python3.12/site-packages/airflow/example_dags/example_task_group_decorator.py
[2024-09-02T21:46:10.142+0000] {logging_mixin.py:188} INFO - [2024-09-02T21:46:10.142+0000] {dag.py:3096} INFO - Sync 1 DAGs
[2024-09-02T21:46:10.162+0000] {logging_mixin.py:188} INFO - [2024-09-02T21:46:10.161+0000] {dag.py:3954} INFO - Setting next_dagrun for example_task_group_decorator to 2024-09-01 00:00:00+00:00, run_after=2024-09-02 00:00:00+00:00
[2024-09-02T21:46:10.180+0000] {processor.py:183} INFO - Processing /home/airflow/.local/lib/python3.12/site-packages/airflow/example_dags/example_task_group_decorator.py took 0.091 seconds
[2024-09-02T21:46:40.379+0000] {processor.py:161} INFO - Started process (PID=346) to work on /home/airflow/.local/lib/python3.12/site-packages/airflow/example_dags/example_task_group_decorator.py
[2024-09-02T21:46:40.381+0000] {processor.py:830} INFO - Processing file /home/airflow/.local/lib/python3.12/site-packages/airflow/example_dags/example_task_group_decorator.py for tasks to queue
[2024-09-02T21:46:40.386+0000] {logging_mixin.py:188} INFO - [2024-09-02T21:46:40.385+0000] {dagbag.py:545} INFO - Filling up the DagBag from /home/airflow/.local/lib/python3.12/site-packages/airflow/example_dags/example_task_group_decorator.py
[2024-09-02T21:46:40.414+0000] {processor.py:840} INFO - DAG(s) 'example_task_group_decorator' retrieved from /home/airflow/.local/lib/python3.12/site-packages/airflow/example_dags/example_task_group_decorator.py
[2024-09-02T21:46:40.444+0000] {logging_mixin.py:188} INFO - [2024-09-02T21:46:40.444+0000] {dag.py:3096} INFO - Sync 1 DAGs
[2024-09-02T21:46:40.473+0000] {logging_mixin.py:188} INFO - [2024-09-02T21:46:40.473+0000] {dag.py:3954} INFO - Setting next_dagrun for example_task_group_decorator to 2024-09-01 00:00:00+00:00, run_after=2024-09-02 00:00:00+00:00
[2024-09-02T21:46:40.496+0000] {processor.py:183} INFO - Processing /home/airflow/.local/lib/python3.12/site-packages/airflow/example_dags/example_task_group_decorator.py took 0.127 seconds
[2024-09-02T21:47:10.756+0000] {processor.py:161} INFO - Started process (PID=406) to work on /home/airflow/.local/lib/python3.12/site-packages/airflow/example_dags/example_task_group_decorator.py
[2024-09-02T21:47:10.757+0000] {processor.py:830} INFO - Processing file /home/airflow/.local/lib/python3.12/site-packages/airflow/example_dags/example_task_group_decorator.py for tasks to queue
[2024-09-02T21:47:10.761+0000] {logging_mixin.py:188} INFO - [2024-09-02T21:47:10.760+0000] {dagbag.py:545} INFO - Filling up the DagBag from /home/airflow/.local/lib/python3.12/site-packages/airflow/example_dags/example_task_group_decorator.py
[2024-09-02T21:47:10.778+0000] {processor.py:840} INFO - DAG(s) 'example_task_group_decorator' retrieved from /home/airflow/.local/lib/python3.12/site-packages/airflow/example_dags/example_task_group_decorator.py
[2024-09-02T21:47:10.811+0000] {logging_mixin.py:188} INFO - [2024-09-02T21:47:10.811+0000] {dag.py:3096} INFO - Sync 1 DAGs
[2024-09-02T21:47:10.849+0000] {logging_mixin.py:188} INFO - [2024-09-02T21:47:10.848+0000] {dag.py:3954} INFO - Setting next_dagrun for example_task_group_decorator to 2024-09-01 00:00:00+00:00, run_after=2024-09-02 00:00:00+00:00
[2024-09-02T21:47:10.888+0000] {processor.py:183} INFO - Processing /home/airflow/.local/lib/python3.12/site-packages/airflow/example_dags/example_task_group_decorator.py took 0.139 seconds
[2024-09-02T21:47:41.773+0000] {processor.py:161} INFO - Started process (PID=466) to work on /home/airflow/.local/lib/python3.12/site-packages/airflow/example_dags/example_task_group_decorator.py
[2024-09-02T21:47:41.774+0000] {processor.py:830} INFO - Processing file /home/airflow/.local/lib/python3.12/site-packages/airflow/example_dags/example_task_group_decorator.py for tasks to queue
[2024-09-02T21:47:41.777+0000] {logging_mixin.py:188} INFO - [2024-09-02T21:47:41.777+0000] {dagbag.py:545} INFO - Filling up the DagBag from /home/airflow/.local/lib/python3.12/site-packages/airflow/example_dags/example_task_group_decorator.py
[2024-09-02T21:47:41.795+0000] {processor.py:840} INFO - DAG(s) 'example_task_group_decorator' retrieved from /home/airflow/.local/lib/python3.12/site-packages/airflow/example_dags/example_task_group_decorator.py
[2024-09-02T21:47:41.819+0000] {logging_mixin.py:188} INFO - [2024-09-02T21:47:41.819+0000] {dag.py:3096} INFO - Sync 1 DAGs
[2024-09-02T21:47:41.852+0000] {logging_mixin.py:188} INFO - [2024-09-02T21:47:41.851+0000] {dag.py:3954} INFO - Setting next_dagrun for example_task_group_decorator to 2024-09-01 00:00:00+00:00, run_after=2024-09-02 00:00:00+00:00
[2024-09-02T21:47:41.891+0000] {processor.py:183} INFO - Processing /home/airflow/.local/lib/python3.12/site-packages/airflow/example_dags/example_task_group_decorator.py took 0.125 seconds
[2024-09-02T21:48:12.436+0000] {processor.py:161} INFO - Started process (PID=526) to work on /home/airflow/.local/lib/python3.12/site-packages/airflow/example_dags/example_task_group_decorator.py
[2024-09-02T21:48:12.438+0000] {processor.py:830} INFO - Processing file /home/airflow/.local/lib/python3.12/site-packages/airflow/example_dags/example_task_group_decorator.py for tasks to queue
[2024-09-02T21:48:12.443+0000] {logging_mixin.py:188} INFO - [2024-09-02T21:48:12.442+0000] {dagbag.py:545} INFO - Filling up the DagBag from /home/airflow/.local/lib/python3.12/site-packages/airflow/example_dags/example_task_group_decorator.py
[2024-09-02T21:48:12.479+0000] {processor.py:840} INFO - DAG(s) 'example_task_group_decorator' retrieved from /home/airflow/.local/lib/python3.12/site-packages/airflow/example_dags/example_task_group_decorator.py
[2024-09-02T21:48:12.537+0000] {logging_mixin.py:188} INFO - [2024-09-02T21:48:12.537+0000] {dag.py:3096} INFO - Sync 1 DAGs
[2024-09-02T21:48:12.579+0000] {logging_mixin.py:188} INFO - [2024-09-02T21:48:12.579+0000] {dag.py:3954} INFO - Setting next_dagrun for example_task_group_decorator to 2024-09-01 00:00:00+00:00, run_after=2024-09-02 00:00:00+00:00
[2024-09-02T21:48:12.611+0000] {processor.py:183} INFO - Processing /home/airflow/.local/lib/python3.12/site-packages/airflow/example_dags/example_task_group_decorator.py took 0.189 seconds
[2024-09-02T21:48:43.084+0000] {processor.py:161} INFO - Started process (PID=586) to work on /home/airflow/.local/lib/python3.12/site-packages/airflow/example_dags/example_task_group_decorator.py
[2024-09-02T21:48:43.086+0000] {processor.py:830} INFO - Processing file /home/airflow/.local/lib/python3.12/site-packages/airflow/example_dags/example_task_group_decorator.py for tasks to queue
[2024-09-02T21:48:43.088+0000] {logging_mixin.py:188} INFO - [2024-09-02T21:48:43.088+0000] {dagbag.py:545} INFO - Filling up the DagBag from /home/airflow/.local/lib/python3.12/site-packages/airflow/example_dags/example_task_group_decorator.py
[2024-09-02T21:48:43.108+0000] {processor.py:840} INFO - DAG(s) 'example_task_group_decorator' retrieved from /home/airflow/.local/lib/python3.12/site-packages/airflow/example_dags/example_task_group_decorator.py
[2024-09-02T21:48:43.145+0000] {logging_mixin.py:188} INFO - [2024-09-02T21:48:43.145+0000] {dag.py:3096} INFO - Sync 1 DAGs
[2024-09-02T21:48:43.179+0000] {logging_mixin.py:188} INFO - [2024-09-02T21:48:43.178+0000] {dag.py:3954} INFO - Setting next_dagrun for example_task_group_decorator to 2024-09-01 00:00:00+00:00, run_after=2024-09-02 00:00:00+00:00
[2024-09-02T21:48:43.199+0000] {processor.py:183} INFO - Processing /home/airflow/.local/lib/python3.12/site-packages/airflow/example_dags/example_task_group_decorator.py took 0.124 seconds
[2024-09-02T21:49:14.329+0000] {processor.py:161} INFO - Started process (PID=646) to work on /home/airflow/.local/lib/python3.12/site-packages/airflow/example_dags/example_task_group_decorator.py
[2024-09-02T21:49:14.331+0000] {processor.py:830} INFO - Processing file /home/airflow/.local/lib/python3.12/site-packages/airflow/example_dags/example_task_group_decorator.py for tasks to queue
[2024-09-02T21:49:14.334+0000] {logging_mixin.py:188} INFO - [2024-09-02T21:49:14.333+0000] {dagbag.py:545} INFO - Filling up the DagBag from /home/airflow/.local/lib/python3.12/site-packages/airflow/example_dags/example_task_group_decorator.py
[2024-09-02T21:49:14.362+0000] {processor.py:840} INFO - DAG(s) 'example_task_group_decorator' retrieved from /home/airflow/.local/lib/python3.12/site-packages/airflow/example_dags/example_task_group_decorator.py
[2024-09-02T21:49:14.416+0000] {logging_mixin.py:188} INFO - [2024-09-02T21:49:14.416+0000] {dag.py:3096} INFO - Sync 1 DAGs
[2024-09-02T21:49:14.462+0000] {logging_mixin.py:188} INFO - [2024-09-02T21:49:14.462+0000] {dag.py:3954} INFO - Setting next_dagrun for example_task_group_decorator to 2024-09-01 00:00:00+00:00, run_after=2024-09-02 00:00:00+00:00
[2024-09-02T21:49:14.504+0000] {processor.py:183} INFO - Processing /home/airflow/.local/lib/python3.12/site-packages/airflow/example_dags/example_task_group_decorator.py took 0.186 seconds
[2024-09-02T21:49:44.786+0000] {processor.py:161} INFO - Started process (PID=706) to work on /home/airflow/.local/lib/python3.12/site-packages/airflow/example_dags/example_task_group_decorator.py
[2024-09-02T21:49:44.787+0000] {processor.py:830} INFO - Processing file /home/airflow/.local/lib/python3.12/site-packages/airflow/example_dags/example_task_group_decorator.py for tasks to queue
[2024-09-02T21:49:44.789+0000] {logging_mixin.py:188} INFO - [2024-09-02T21:49:44.789+0000] {dagbag.py:545} INFO - Filling up the DagBag from /home/airflow/.local/lib/python3.12/site-packages/airflow/example_dags/example_task_group_decorator.py
[2024-09-02T21:49:44.807+0000] {processor.py:840} INFO - DAG(s) 'example_task_group_decorator' retrieved from /home/airflow/.local/lib/python3.12/site-packages/airflow/example_dags/example_task_group_decorator.py
[2024-09-02T21:49:44.843+0000] {logging_mixin.py:188} INFO - [2024-09-02T21:49:44.843+0000] {dag.py:3096} INFO - Sync 1 DAGs
[2024-09-02T21:49:44.876+0000] {logging_mixin.py:188} INFO - [2024-09-02T21:49:44.876+0000] {dag.py:3954} INFO - Setting next_dagrun for example_task_group_decorator to 2024-09-01 00:00:00+00:00, run_after=2024-09-02 00:00:00+00:00
[2024-09-02T21:49:44.901+0000] {processor.py:183} INFO - Processing /home/airflow/.local/lib/python3.12/site-packages/airflow/example_dags/example_task_group_decorator.py took 0.123 seconds
[2024-09-02T21:50:15.449+0000] {processor.py:161} INFO - Started process (PID=766) to work on /home/airflow/.local/lib/python3.12/site-packages/airflow/example_dags/example_task_group_decorator.py
[2024-09-02T21:50:15.451+0000] {processor.py:830} INFO - Processing file /home/airflow/.local/lib/python3.12/site-packages/airflow/example_dags/example_task_group_decorator.py for tasks to queue
[2024-09-02T21:50:15.455+0000] {logging_mixin.py:188} INFO - [2024-09-02T21:50:15.454+0000] {dagbag.py:545} INFO - Filling up the DagBag from /home/airflow/.local/lib/python3.12/site-packages/airflow/example_dags/example_task_group_decorator.py
[2024-09-02T21:50:15.492+0000] {processor.py:840} INFO - DAG(s) 'example_task_group_decorator' retrieved from /home/airflow/.local/lib/python3.12/site-packages/airflow/example_dags/example_task_group_decorator.py
[2024-09-02T21:50:15.547+0000] {logging_mixin.py:188} INFO - [2024-09-02T21:50:15.547+0000] {dag.py:3096} INFO - Sync 1 DAGs
[2024-09-02T21:50:15.605+0000] {logging_mixin.py:188} INFO - [2024-09-02T21:50:15.604+0000] {dag.py:3954} INFO - Setting next_dagrun for example_task_group_decorator to 2024-09-01 00:00:00+00:00, run_after=2024-09-02 00:00:00+00:00
[2024-09-02T21:50:15.635+0000] {processor.py:183} INFO - Processing /home/airflow/.local/lib/python3.12/site-packages/airflow/example_dags/example_task_group_decorator.py took 0.198 seconds
[2024-09-02T21:50:45.946+0000] {processor.py:161} INFO - Started process (PID=826) to work on /home/airflow/.local/lib/python3.12/site-packages/airflow/example_dags/example_task_group_decorator.py
[2024-09-02T21:50:45.948+0000] {processor.py:830} INFO - Processing file /home/airflow/.local/lib/python3.12/site-packages/airflow/example_dags/example_task_group_decorator.py for tasks to queue
[2024-09-02T21:50:45.950+0000] {logging_mixin.py:188} INFO - [2024-09-02T21:50:45.950+0000] {dagbag.py:545} INFO - Filling up the DagBag from /home/airflow/.local/lib/python3.12/site-packages/airflow/example_dags/example_task_group_decorator.py
[2024-09-02T21:50:45.977+0000] {processor.py:840} INFO - DAG(s) 'example_task_group_decorator' retrieved from /home/airflow/.local/lib/python3.12/site-packages/airflow/example_dags/example_task_group_decorator.py
[2024-09-02T21:50:46.025+0000] {logging_mixin.py:188} INFO - [2024-09-02T21:50:46.025+0000] {dag.py:3096} INFO - Sync 1 DAGs
[2024-09-02T21:50:46.059+0000] {logging_mixin.py:188} INFO - [2024-09-02T21:50:46.059+0000] {dag.py:3954} INFO - Setting next_dagrun for example_task_group_decorator to 2024-09-01 00:00:00+00:00, run_after=2024-09-02 00:00:00+00:00
[2024-09-02T21:50:46.087+0000] {processor.py:183} INFO - Processing /home/airflow/.local/lib/python3.12/site-packages/airflow/example_dags/example_task_group_decorator.py took 0.149 seconds
[2024-09-02T21:51:16.314+0000] {processor.py:161} INFO - Started process (PID=886) to work on /home/airflow/.local/lib/python3.12/site-packages/airflow/example_dags/example_task_group_decorator.py
[2024-09-02T21:51:16.316+0000] {processor.py:830} INFO - Processing file /home/airflow/.local/lib/python3.12/site-packages/airflow/example_dags/example_task_group_decorator.py for tasks to queue
[2024-09-02T21:51:16.321+0000] {logging_mixin.py:188} INFO - [2024-09-02T21:51:16.320+0000] {dagbag.py:545} INFO - Filling up the DagBag from /home/airflow/.local/lib/python3.12/site-packages/airflow/example_dags/example_task_group_decorator.py
[2024-09-02T21:51:16.363+0000] {processor.py:840} INFO - DAG(s) 'example_task_group_decorator' retrieved from /home/airflow/.local/lib/python3.12/site-packages/airflow/example_dags/example_task_group_decorator.py
[2024-09-02T21:51:16.418+0000] {logging_mixin.py:188} INFO - [2024-09-02T21:51:16.418+0000] {dag.py:3096} INFO - Sync 1 DAGs
[2024-09-02T21:51:16.467+0000] {logging_mixin.py:188} INFO - [2024-09-02T21:51:16.466+0000] {dag.py:3954} INFO - Setting next_dagrun for example_task_group_decorator to 2024-09-01 00:00:00+00:00, run_after=2024-09-02 00:00:00+00:00
[2024-09-02T21:51:16.503+0000] {processor.py:183} INFO - Processing /home/airflow/.local/lib/python3.12/site-packages/airflow/example_dags/example_task_group_decorator.py took 0.202 seconds
[2024-09-02T21:51:47.006+0000] {processor.py:161} INFO - Started process (PID=946) to work on /home/airflow/.local/lib/python3.12/site-packages/airflow/example_dags/example_task_group_decorator.py
[2024-09-02T21:51:47.011+0000] {processor.py:830} INFO - Processing file /home/airflow/.local/lib/python3.12/site-packages/airflow/example_dags/example_task_group_decorator.py for tasks to queue
[2024-09-02T21:51:47.018+0000] {logging_mixin.py:188} INFO - [2024-09-02T21:51:47.017+0000] {dagbag.py:545} INFO - Filling up the DagBag from /home/airflow/.local/lib/python3.12/site-packages/airflow/example_dags/example_task_group_decorator.py
[2024-09-02T21:51:47.082+0000] {processor.py:840} INFO - DAG(s) 'example_task_group_decorator' retrieved from /home/airflow/.local/lib/python3.12/site-packages/airflow/example_dags/example_task_group_decorator.py
[2024-09-02T21:51:47.144+0000] {logging_mixin.py:188} INFO - [2024-09-02T21:51:47.143+0000] {dag.py:3096} INFO - Sync 1 DAGs
[2024-09-02T21:51:47.181+0000] {logging_mixin.py:188} INFO - [2024-09-02T21:51:47.180+0000] {dag.py:3954} INFO - Setting next_dagrun for example_task_group_decorator to 2024-09-01 00:00:00+00:00, run_after=2024-09-02 00:00:00+00:00
[2024-09-02T21:51:47.202+0000] {processor.py:183} INFO - Processing /home/airflow/.local/lib/python3.12/site-packages/airflow/example_dags/example_task_group_decorator.py took 0.211 seconds
[2024-09-02T21:52:18.221+0000] {processor.py:161} INFO - Started process (PID=1012) to work on /home/airflow/.local/lib/python3.12/site-packages/airflow/example_dags/example_task_group_decorator.py
[2024-09-02T21:52:18.223+0000] {processor.py:830} INFO - Processing file /home/airflow/.local/lib/python3.12/site-packages/airflow/example_dags/example_task_group_decorator.py for tasks to queue
[2024-09-02T21:52:18.225+0000] {logging_mixin.py:188} INFO - [2024-09-02T21:52:18.225+0000] {dagbag.py:545} INFO - Filling up the DagBag from /home/airflow/.local/lib/python3.12/site-packages/airflow/example_dags/example_task_group_decorator.py
[2024-09-02T21:52:18.251+0000] {processor.py:840} INFO - DAG(s) 'example_task_group_decorator' retrieved from /home/airflow/.local/lib/python3.12/site-packages/airflow/example_dags/example_task_group_decorator.py
[2024-09-02T21:52:18.290+0000] {logging_mixin.py:188} INFO - [2024-09-02T21:52:18.290+0000] {dag.py:3096} INFO - Sync 1 DAGs
[2024-09-02T21:52:18.329+0000] {logging_mixin.py:188} INFO - [2024-09-02T21:52:18.328+0000] {dag.py:3954} INFO - Setting next_dagrun for example_task_group_decorator to 2024-09-01 00:00:00+00:00, run_after=2024-09-02 00:00:00+00:00
[2024-09-02T21:52:18.372+0000] {processor.py:183} INFO - Processing /home/airflow/.local/lib/python3.12/site-packages/airflow/example_dags/example_task_group_decorator.py took 0.160 seconds
[2024-09-02T21:52:48.699+0000] {processor.py:161} INFO - Started process (PID=1072) to work on /home/airflow/.local/lib/python3.12/site-packages/airflow/example_dags/example_task_group_decorator.py
[2024-09-02T21:52:48.701+0000] {processor.py:830} INFO - Processing file /home/airflow/.local/lib/python3.12/site-packages/airflow/example_dags/example_task_group_decorator.py for tasks to queue
[2024-09-02T21:52:48.709+0000] {logging_mixin.py:188} INFO - [2024-09-02T21:52:48.708+0000] {dagbag.py:545} INFO - Filling up the DagBag from /home/airflow/.local/lib/python3.12/site-packages/airflow/example_dags/example_task_group_decorator.py
[2024-09-02T21:52:48.748+0000] {processor.py:840} INFO - DAG(s) 'example_task_group_decorator' retrieved from /home/airflow/.local/lib/python3.12/site-packages/airflow/example_dags/example_task_group_decorator.py
[2024-09-02T21:52:48.809+0000] {logging_mixin.py:188} INFO - [2024-09-02T21:52:48.809+0000] {dag.py:3096} INFO - Sync 1 DAGs
[2024-09-02T21:52:48.872+0000] {logging_mixin.py:188} INFO - [2024-09-02T21:52:48.872+0000] {dag.py:3954} INFO - Setting next_dagrun for example_task_group_decorator to 2024-09-01 00:00:00+00:00, run_after=2024-09-02 00:00:00+00:00
[2024-09-02T21:52:48.904+0000] {processor.py:183} INFO - Processing /home/airflow/.local/lib/python3.12/site-packages/airflow/example_dags/example_task_group_decorator.py took 0.215 seconds
[2024-09-02T21:53:19.097+0000] {processor.py:161} INFO - Started process (PID=1132) to work on /home/airflow/.local/lib/python3.12/site-packages/airflow/example_dags/example_task_group_decorator.py
[2024-09-02T21:53:19.098+0000] {processor.py:830} INFO - Processing file /home/airflow/.local/lib/python3.12/site-packages/airflow/example_dags/example_task_group_decorator.py for tasks to queue
[2024-09-02T21:53:19.101+0000] {logging_mixin.py:188} INFO - [2024-09-02T21:53:19.100+0000] {dagbag.py:545} INFO - Filling up the DagBag from /home/airflow/.local/lib/python3.12/site-packages/airflow/example_dags/example_task_group_decorator.py
[2024-09-02T21:53:19.119+0000] {processor.py:840} INFO - DAG(s) 'example_task_group_decorator' retrieved from /home/airflow/.local/lib/python3.12/site-packages/airflow/example_dags/example_task_group_decorator.py
[2024-09-02T21:53:19.209+0000] {logging_mixin.py:188} INFO - [2024-09-02T21:53:19.209+0000] {dag.py:3096} INFO - Sync 1 DAGs
[2024-09-02T21:53:19.247+0000] {logging_mixin.py:188} INFO - [2024-09-02T21:53:19.247+0000] {dag.py:3954} INFO - Setting next_dagrun for example_task_group_decorator to 2024-09-01 00:00:00+00:00, run_after=2024-09-02 00:00:00+00:00
[2024-09-02T21:53:19.272+0000] {processor.py:183} INFO - Processing /home/airflow/.local/lib/python3.12/site-packages/airflow/example_dags/example_task_group_decorator.py took 0.182 seconds
[2024-09-02T21:53:50.203+0000] {processor.py:161} INFO - Started process (PID=1193) to work on /home/airflow/.local/lib/python3.12/site-packages/airflow/example_dags/example_task_group_decorator.py
[2024-09-02T21:53:50.205+0000] {processor.py:830} INFO - Processing file /home/airflow/.local/lib/python3.12/site-packages/airflow/example_dags/example_task_group_decorator.py for tasks to queue
[2024-09-02T21:53:50.209+0000] {logging_mixin.py:188} INFO - [2024-09-02T21:53:50.208+0000] {dagbag.py:545} INFO - Filling up the DagBag from /home/airflow/.local/lib/python3.12/site-packages/airflow/example_dags/example_task_group_decorator.py
[2024-09-02T21:53:50.248+0000] {processor.py:840} INFO - DAG(s) 'example_task_group_decorator' retrieved from /home/airflow/.local/lib/python3.12/site-packages/airflow/example_dags/example_task_group_decorator.py
[2024-09-02T21:53:50.313+0000] {logging_mixin.py:188} INFO - [2024-09-02T21:53:50.312+0000] {dag.py:3096} INFO - Sync 1 DAGs
[2024-09-02T21:53:50.362+0000] {logging_mixin.py:188} INFO - [2024-09-02T21:53:50.361+0000] {dag.py:3954} INFO - Setting next_dagrun for example_task_group_decorator to 2024-09-01 00:00:00+00:00, run_after=2024-09-02 00:00:00+00:00
[2024-09-02T21:53:50.384+0000] {processor.py:183} INFO - Processing /home/airflow/.local/lib/python3.12/site-packages/airflow/example_dags/example_task_group_decorator.py took 0.197 seconds
[2024-09-02T21:54:20.883+0000] {processor.py:161} INFO - Started process (PID=1253) to work on /home/airflow/.local/lib/python3.12/site-packages/airflow/example_dags/example_task_group_decorator.py
[2024-09-02T21:54:20.884+0000] {processor.py:830} INFO - Processing file /home/airflow/.local/lib/python3.12/site-packages/airflow/example_dags/example_task_group_decorator.py for tasks to queue
[2024-09-02T21:54:20.887+0000] {logging_mixin.py:188} INFO - [2024-09-02T21:54:20.887+0000] {dagbag.py:545} INFO - Filling up the DagBag from /home/airflow/.local/lib/python3.12/site-packages/airflow/example_dags/example_task_group_decorator.py
[2024-09-02T21:54:20.912+0000] {processor.py:840} INFO - DAG(s) 'example_task_group_decorator' retrieved from /home/airflow/.local/lib/python3.12/site-packages/airflow/example_dags/example_task_group_decorator.py
[2024-09-02T21:54:20.947+0000] {logging_mixin.py:188} INFO - [2024-09-02T21:54:20.946+0000] {dag.py:3096} INFO - Sync 1 DAGs
[2024-09-02T21:54:20.984+0000] {logging_mixin.py:188} INFO - [2024-09-02T21:54:20.984+0000] {dag.py:3954} INFO - Setting next_dagrun for example_task_group_decorator to 2024-09-01 00:00:00+00:00, run_after=2024-09-02 00:00:00+00:00
[2024-09-02T21:54:21.027+0000] {processor.py:183} INFO - Processing /home/airflow/.local/lib/python3.12/site-packages/airflow/example_dags/example_task_group_decorator.py took 0.153 seconds
[2024-09-02T21:54:51.118+0000] {processor.py:161} INFO - Started process (PID=1313) to work on /home/airflow/.local/lib/python3.12/site-packages/airflow/example_dags/example_task_group_decorator.py
[2024-09-02T21:54:51.119+0000] {processor.py:830} INFO - Processing file /home/airflow/.local/lib/python3.12/site-packages/airflow/example_dags/example_task_group_decorator.py for tasks to queue
[2024-09-02T21:54:51.122+0000] {logging_mixin.py:188} INFO - [2024-09-02T21:54:51.122+0000] {dagbag.py:545} INFO - Filling up the DagBag from /home/airflow/.local/lib/python3.12/site-packages/airflow/example_dags/example_task_group_decorator.py
[2024-09-02T21:54:51.144+0000] {processor.py:840} INFO - DAG(s) 'example_task_group_decorator' retrieved from /home/airflow/.local/lib/python3.12/site-packages/airflow/example_dags/example_task_group_decorator.py
[2024-09-02T21:54:51.195+0000] {logging_mixin.py:188} INFO - [2024-09-02T21:54:51.195+0000] {dag.py:3096} INFO - Sync 1 DAGs
[2024-09-02T21:54:51.281+0000] {logging_mixin.py:188} INFO - [2024-09-02T21:54:51.281+0000] {dag.py:3954} INFO - Setting next_dagrun for example_task_group_decorator to 2024-09-01 00:00:00+00:00, run_after=2024-09-02 00:00:00+00:00
[2024-09-02T21:54:51.318+0000] {processor.py:183} INFO - Processing /home/airflow/.local/lib/python3.12/site-packages/airflow/example_dags/example_task_group_decorator.py took 0.212 seconds
[2024-09-02T21:55:21.698+0000] {processor.py:161} INFO - Started process (PID=1377) to work on /home/airflow/.local/lib/python3.12/site-packages/airflow/example_dags/example_task_group_decorator.py
[2024-09-02T21:55:21.700+0000] {processor.py:830} INFO - Processing file /home/airflow/.local/lib/python3.12/site-packages/airflow/example_dags/example_task_group_decorator.py for tasks to queue
[2024-09-02T21:55:21.702+0000] {logging_mixin.py:188} INFO - [2024-09-02T21:55:21.702+0000] {dagbag.py:545} INFO - Filling up the DagBag from /home/airflow/.local/lib/python3.12/site-packages/airflow/example_dags/example_task_group_decorator.py
[2024-09-02T21:55:21.721+0000] {processor.py:840} INFO - DAG(s) 'example_task_group_decorator' retrieved from /home/airflow/.local/lib/python3.12/site-packages/airflow/example_dags/example_task_group_decorator.py
[2024-09-02T21:55:21.754+0000] {logging_mixin.py:188} INFO - [2024-09-02T21:55:21.753+0000] {dag.py:3096} INFO - Sync 1 DAGs
[2024-09-02T21:55:21.784+0000] {logging_mixin.py:188} INFO - [2024-09-02T21:55:21.784+0000] {dag.py:3954} INFO - Setting next_dagrun for example_task_group_decorator to 2024-09-01 00:00:00+00:00, run_after=2024-09-02 00:00:00+00:00
[2024-09-02T21:55:21.808+0000] {processor.py:183} INFO - Processing /home/airflow/.local/lib/python3.12/site-packages/airflow/example_dags/example_task_group_decorator.py took 0.117 seconds
[2024-09-02T21:55:52.212+0000] {processor.py:161} INFO - Started process (PID=1440) to work on /home/airflow/.local/lib/python3.12/site-packages/airflow/example_dags/example_task_group_decorator.py
[2024-09-02T21:55:52.214+0000] {processor.py:830} INFO - Processing file /home/airflow/.local/lib/python3.12/site-packages/airflow/example_dags/example_task_group_decorator.py for tasks to queue
[2024-09-02T21:55:52.218+0000] {logging_mixin.py:188} INFO - [2024-09-02T21:55:52.217+0000] {dagbag.py:545} INFO - Filling up the DagBag from /home/airflow/.local/lib/python3.12/site-packages/airflow/example_dags/example_task_group_decorator.py
[2024-09-02T21:55:52.237+0000] {processor.py:840} INFO - DAG(s) 'example_task_group_decorator' retrieved from /home/airflow/.local/lib/python3.12/site-packages/airflow/example_dags/example_task_group_decorator.py
[2024-09-02T21:55:52.275+0000] {logging_mixin.py:188} INFO - [2024-09-02T21:55:52.275+0000] {dag.py:3096} INFO - Sync 1 DAGs
[2024-09-02T21:55:52.312+0000] {logging_mixin.py:188} INFO - [2024-09-02T21:55:52.312+0000] {dag.py:3954} INFO - Setting next_dagrun for example_task_group_decorator to 2024-09-01 00:00:00+00:00, run_after=2024-09-02 00:00:00+00:00
[2024-09-02T21:55:52.341+0000] {processor.py:183} INFO - Processing /home/airflow/.local/lib/python3.12/site-packages/airflow/example_dags/example_task_group_decorator.py took 0.137 seconds
