[2024-09-02T21:35:02.316+0000] {processor.py:161} INFO - Started process (PID=87) to work on /home/airflow/.local/lib/python3.12/site-packages/airflow/example_dags/example_dynamic_task_mapping_with_no_taskflow_operators.py
[2024-09-02T21:35:02.321+0000] {processor.py:830} INFO - Processing file /home/airflow/.local/lib/python3.12/site-packages/airflow/example_dags/example_dynamic_task_mapping_with_no_taskflow_operators.py for tasks to queue
[2024-09-02T21:35:02.330+0000] {logging_mixin.py:188} INFO - [2024-09-02T21:35:02.329+0000] {dagbag.py:545} INFO - Filling up the DagBag from /home/airflow/.local/lib/python3.12/site-packages/airflow/example_dags/example_dynamic_task_mapping_with_no_taskflow_operators.py
[2024-09-02T21:35:02.371+0000] {processor.py:840} INFO - DAG(s) 'example_dynamic_task_mapping_with_no_taskflow_operators' retrieved from /home/airflow/.local/lib/python3.12/site-packages/airflow/example_dags/example_dynamic_task_mapping_with_no_taskflow_operators.py
[2024-09-02T21:35:02.956+0000] {logging_mixin.py:188} INFO - [2024-09-02T21:35:02.953+0000] {override.py:1829} INFO - Created Permission View: can edit on DAG:example_dynamic_task_mapping_with_no_taskflow_operators
[2024-09-02T21:35:03.022+0000] {logging_mixin.py:188} INFO - [2024-09-02T21:35:03.021+0000] {override.py:1829} INFO - Created Permission View: can delete on DAG:example_dynamic_task_mapping_with_no_taskflow_operators
[2024-09-02T21:35:03.093+0000] {logging_mixin.py:188} INFO - [2024-09-02T21:35:03.092+0000] {override.py:1829} INFO - Created Permission View: can read on DAG:example_dynamic_task_mapping_with_no_taskflow_operators
[2024-09-02T21:35:03.095+0000] {logging_mixin.py:188} INFO - [2024-09-02T21:35:03.094+0000] {dag.py:3096} INFO - Sync 1 DAGs
[2024-09-02T21:35:03.184+0000] {logging_mixin.py:188} INFO - [2024-09-02T21:35:03.173+0000] {dag.py:3118} INFO - Creating ORM DAG for example_dynamic_task_mapping_with_no_taskflow_operators
[2024-09-02T21:35:03.238+0000] {logging_mixin.py:188} INFO - [2024-09-02T21:35:03.238+0000] {dag.py:3954} INFO - Setting next_dagrun for example_dynamic_task_mapping_with_no_taskflow_operators to 2024-09-01 00:00:00+00:00, run_after=2024-09-02 00:00:00+00:00
[2024-09-02T21:35:03.290+0000] {processor.py:183} INFO - Processing /home/airflow/.local/lib/python3.12/site-packages/airflow/example_dags/example_dynamic_task_mapping_with_no_taskflow_operators.py took 1.009 seconds
[2024-09-02T21:35:35.831+0000] {processor.py:161} INFO - Started process (PID=146) to work on /home/airflow/.local/lib/python3.12/site-packages/airflow/example_dags/example_dynamic_task_mapping_with_no_taskflow_operators.py
[2024-09-02T21:35:35.834+0000] {processor.py:830} INFO - Processing file /home/airflow/.local/lib/python3.12/site-packages/airflow/example_dags/example_dynamic_task_mapping_with_no_taskflow_operators.py for tasks to queue
[2024-09-02T21:35:35.846+0000] {logging_mixin.py:188} INFO - [2024-09-02T21:35:35.844+0000] {dagbag.py:545} INFO - Filling up the DagBag from /home/airflow/.local/lib/python3.12/site-packages/airflow/example_dags/example_dynamic_task_mapping_with_no_taskflow_operators.py
[2024-09-02T21:35:35.869+0000] {processor.py:840} INFO - DAG(s) 'example_dynamic_task_mapping_with_no_taskflow_operators' retrieved from /home/airflow/.local/lib/python3.12/site-packages/airflow/example_dags/example_dynamic_task_mapping_with_no_taskflow_operators.py
[2024-09-02T21:35:35.948+0000] {logging_mixin.py:188} INFO - [2024-09-02T21:35:35.947+0000] {dag.py:3096} INFO - Sync 1 DAGs
[2024-09-02T21:35:36.034+0000] {logging_mixin.py:188} INFO - [2024-09-02T21:35:36.032+0000] {dag.py:3954} INFO - Setting next_dagrun for example_dynamic_task_mapping_with_no_taskflow_operators to 2024-09-01 00:00:00+00:00, run_after=2024-09-02 00:00:00+00:00
[2024-09-02T21:35:36.109+0000] {processor.py:183} INFO - Processing /home/airflow/.local/lib/python3.12/site-packages/airflow/example_dags/example_dynamic_task_mapping_with_no_taskflow_operators.py took 0.297 seconds
[2024-09-02T21:36:07.120+0000] {processor.py:161} INFO - Started process (PID=206) to work on /home/airflow/.local/lib/python3.12/site-packages/airflow/example_dags/example_dynamic_task_mapping_with_no_taskflow_operators.py
[2024-09-02T21:36:07.126+0000] {processor.py:830} INFO - Processing file /home/airflow/.local/lib/python3.12/site-packages/airflow/example_dags/example_dynamic_task_mapping_with_no_taskflow_operators.py for tasks to queue
[2024-09-02T21:36:07.137+0000] {logging_mixin.py:188} INFO - [2024-09-02T21:36:07.136+0000] {dagbag.py:545} INFO - Filling up the DagBag from /home/airflow/.local/lib/python3.12/site-packages/airflow/example_dags/example_dynamic_task_mapping_with_no_taskflow_operators.py
[2024-09-02T21:36:07.191+0000] {processor.py:840} INFO - DAG(s) 'example_dynamic_task_mapping_with_no_taskflow_operators' retrieved from /home/airflow/.local/lib/python3.12/site-packages/airflow/example_dags/example_dynamic_task_mapping_with_no_taskflow_operators.py
[2024-09-02T21:36:07.313+0000] {logging_mixin.py:188} INFO - [2024-09-02T21:36:07.311+0000] {dag.py:3096} INFO - Sync 1 DAGs
[2024-09-02T21:36:07.464+0000] {logging_mixin.py:188} INFO - [2024-09-02T21:36:07.463+0000] {dag.py:3954} INFO - Setting next_dagrun for example_dynamic_task_mapping_with_no_taskflow_operators to 2024-09-01 00:00:00+00:00, run_after=2024-09-02 00:00:00+00:00
[2024-09-02T21:36:07.577+0000] {processor.py:183} INFO - Processing /home/airflow/.local/lib/python3.12/site-packages/airflow/example_dags/example_dynamic_task_mapping_with_no_taskflow_operators.py took 0.501 seconds
[2024-09-02T21:38:36.739+0000] {processor.py:161} INFO - Started process (PID=78) to work on /home/airflow/.local/lib/python3.12/site-packages/airflow/example_dags/example_dynamic_task_mapping_with_no_taskflow_operators.py
[2024-09-02T21:38:36.741+0000] {processor.py:830} INFO - Processing file /home/airflow/.local/lib/python3.12/site-packages/airflow/example_dags/example_dynamic_task_mapping_with_no_taskflow_operators.py for tasks to queue
[2024-09-02T21:38:36.744+0000] {logging_mixin.py:188} INFO - [2024-09-02T21:38:36.744+0000] {dagbag.py:545} INFO - Filling up the DagBag from /home/airflow/.local/lib/python3.12/site-packages/airflow/example_dags/example_dynamic_task_mapping_with_no_taskflow_operators.py
[2024-09-02T21:38:36.781+0000] {processor.py:840} INFO - DAG(s) 'example_dynamic_task_mapping_with_no_taskflow_operators' retrieved from /home/airflow/.local/lib/python3.12/site-packages/airflow/example_dags/example_dynamic_task_mapping_with_no_taskflow_operators.py
[2024-09-02T21:38:37.119+0000] {logging_mixin.py:188} INFO - [2024-09-02T21:38:37.117+0000] {override.py:1829} INFO - Created Permission View: can edit on DAG:example_dynamic_task_mapping_with_no_taskflow_operators
[2024-09-02T21:38:37.146+0000] {logging_mixin.py:188} INFO - [2024-09-02T21:38:37.145+0000] {override.py:1829} INFO - Created Permission View: can read on DAG:example_dynamic_task_mapping_with_no_taskflow_operators
[2024-09-02T21:38:37.164+0000] {logging_mixin.py:188} INFO - [2024-09-02T21:38:37.164+0000] {override.py:1829} INFO - Created Permission View: can delete on DAG:example_dynamic_task_mapping_with_no_taskflow_operators
[2024-09-02T21:38:37.166+0000] {logging_mixin.py:188} INFO - [2024-09-02T21:38:37.166+0000] {dag.py:3096} INFO - Sync 1 DAGs
[2024-09-02T21:38:37.203+0000] {logging_mixin.py:188} INFO - [2024-09-02T21:38:37.202+0000] {dag.py:3118} INFO - Creating ORM DAG for example_dynamic_task_mapping_with_no_taskflow_operators
[2024-09-02T21:38:37.231+0000] {logging_mixin.py:188} INFO - [2024-09-02T21:38:37.230+0000] {dag.py:3954} INFO - Setting next_dagrun for example_dynamic_task_mapping_with_no_taskflow_operators to 2024-09-01 00:00:00+00:00, run_after=2024-09-02 00:00:00+00:00
[2024-09-02T21:38:37.276+0000] {processor.py:183} INFO - Processing /home/airflow/.local/lib/python3.12/site-packages/airflow/example_dags/example_dynamic_task_mapping_with_no_taskflow_operators.py took 0.549 seconds
[2024-09-02T21:39:08.041+0000] {processor.py:161} INFO - Started process (PID=139) to work on /home/airflow/.local/lib/python3.12/site-packages/airflow/example_dags/example_dynamic_task_mapping_with_no_taskflow_operators.py
[2024-09-02T21:39:08.042+0000] {processor.py:830} INFO - Processing file /home/airflow/.local/lib/python3.12/site-packages/airflow/example_dags/example_dynamic_task_mapping_with_no_taskflow_operators.py for tasks to queue
[2024-09-02T21:39:08.044+0000] {logging_mixin.py:188} INFO - [2024-09-02T21:39:08.044+0000] {dagbag.py:545} INFO - Filling up the DagBag from /home/airflow/.local/lib/python3.12/site-packages/airflow/example_dags/example_dynamic_task_mapping_with_no_taskflow_operators.py
[2024-09-02T21:39:08.050+0000] {processor.py:840} INFO - DAG(s) 'example_dynamic_task_mapping_with_no_taskflow_operators' retrieved from /home/airflow/.local/lib/python3.12/site-packages/airflow/example_dags/example_dynamic_task_mapping_with_no_taskflow_operators.py
[2024-09-02T21:39:08.074+0000] {logging_mixin.py:188} INFO - [2024-09-02T21:39:08.073+0000] {dag.py:3096} INFO - Sync 1 DAGs
[2024-09-02T21:39:08.099+0000] {logging_mixin.py:188} INFO - [2024-09-02T21:39:08.099+0000] {dag.py:3954} INFO - Setting next_dagrun for example_dynamic_task_mapping_with_no_taskflow_operators to 2024-09-01 00:00:00+00:00, run_after=2024-09-02 00:00:00+00:00
[2024-09-02T21:39:08.127+0000] {processor.py:183} INFO - Processing /home/airflow/.local/lib/python3.12/site-packages/airflow/example_dags/example_dynamic_task_mapping_with_no_taskflow_operators.py took 0.091 seconds
[2024-09-02T21:39:38.381+0000] {processor.py:161} INFO - Started process (PID=199) to work on /home/airflow/.local/lib/python3.12/site-packages/airflow/example_dags/example_dynamic_task_mapping_with_no_taskflow_operators.py
[2024-09-02T21:39:38.383+0000] {processor.py:830} INFO - Processing file /home/airflow/.local/lib/python3.12/site-packages/airflow/example_dags/example_dynamic_task_mapping_with_no_taskflow_operators.py for tasks to queue
[2024-09-02T21:39:38.386+0000] {logging_mixin.py:188} INFO - [2024-09-02T21:39:38.386+0000] {dagbag.py:545} INFO - Filling up the DagBag from /home/airflow/.local/lib/python3.12/site-packages/airflow/example_dags/example_dynamic_task_mapping_with_no_taskflow_operators.py
[2024-09-02T21:39:38.397+0000] {processor.py:840} INFO - DAG(s) 'example_dynamic_task_mapping_with_no_taskflow_operators' retrieved from /home/airflow/.local/lib/python3.12/site-packages/airflow/example_dags/example_dynamic_task_mapping_with_no_taskflow_operators.py
[2024-09-02T21:39:38.428+0000] {logging_mixin.py:188} INFO - [2024-09-02T21:39:38.428+0000] {dag.py:3096} INFO - Sync 1 DAGs
[2024-09-02T21:39:38.473+0000] {logging_mixin.py:188} INFO - [2024-09-02T21:39:38.472+0000] {dag.py:3954} INFO - Setting next_dagrun for example_dynamic_task_mapping_with_no_taskflow_operators to 2024-09-01 00:00:00+00:00, run_after=2024-09-02 00:00:00+00:00
[2024-09-02T21:39:38.506+0000] {processor.py:183} INFO - Processing /home/airflow/.local/lib/python3.12/site-packages/airflow/example_dags/example_dynamic_task_mapping_with_no_taskflow_operators.py took 0.136 seconds
[2024-09-02T21:40:08.969+0000] {processor.py:161} INFO - Started process (PID=259) to work on /home/airflow/.local/lib/python3.12/site-packages/airflow/example_dags/example_dynamic_task_mapping_with_no_taskflow_operators.py
[2024-09-02T21:40:08.970+0000] {processor.py:830} INFO - Processing file /home/airflow/.local/lib/python3.12/site-packages/airflow/example_dags/example_dynamic_task_mapping_with_no_taskflow_operators.py for tasks to queue
[2024-09-02T21:40:08.972+0000] {logging_mixin.py:188} INFO - [2024-09-02T21:40:08.972+0000] {dagbag.py:545} INFO - Filling up the DagBag from /home/airflow/.local/lib/python3.12/site-packages/airflow/example_dags/example_dynamic_task_mapping_with_no_taskflow_operators.py
[2024-09-02T21:40:08.980+0000] {processor.py:840} INFO - DAG(s) 'example_dynamic_task_mapping_with_no_taskflow_operators' retrieved from /home/airflow/.local/lib/python3.12/site-packages/airflow/example_dags/example_dynamic_task_mapping_with_no_taskflow_operators.py
[2024-09-02T21:40:09.004+0000] {logging_mixin.py:188} INFO - [2024-09-02T21:40:09.003+0000] {dag.py:3096} INFO - Sync 1 DAGs
[2024-09-02T21:40:09.026+0000] {logging_mixin.py:188} INFO - [2024-09-02T21:40:09.025+0000] {dag.py:3954} INFO - Setting next_dagrun for example_dynamic_task_mapping_with_no_taskflow_operators to 2024-09-01 00:00:00+00:00, run_after=2024-09-02 00:00:00+00:00
[2024-09-02T21:40:09.045+0000] {processor.py:183} INFO - Processing /home/airflow/.local/lib/python3.12/site-packages/airflow/example_dags/example_dynamic_task_mapping_with_no_taskflow_operators.py took 0.082 seconds
[2024-09-02T21:40:39.578+0000] {processor.py:161} INFO - Started process (PID=318) to work on /home/airflow/.local/lib/python3.12/site-packages/airflow/example_dags/example_dynamic_task_mapping_with_no_taskflow_operators.py
[2024-09-02T21:40:39.580+0000] {processor.py:830} INFO - Processing file /home/airflow/.local/lib/python3.12/site-packages/airflow/example_dags/example_dynamic_task_mapping_with_no_taskflow_operators.py for tasks to queue
[2024-09-02T21:40:39.584+0000] {logging_mixin.py:188} INFO - [2024-09-02T21:40:39.583+0000] {dagbag.py:545} INFO - Filling up the DagBag from /home/airflow/.local/lib/python3.12/site-packages/airflow/example_dags/example_dynamic_task_mapping_with_no_taskflow_operators.py
[2024-09-02T21:40:39.596+0000] {processor.py:840} INFO - DAG(s) 'example_dynamic_task_mapping_with_no_taskflow_operators' retrieved from /home/airflow/.local/lib/python3.12/site-packages/airflow/example_dags/example_dynamic_task_mapping_with_no_taskflow_operators.py
[2024-09-02T21:40:39.635+0000] {logging_mixin.py:188} INFO - [2024-09-02T21:40:39.635+0000] {dag.py:3096} INFO - Sync 1 DAGs
[2024-09-02T21:40:39.677+0000] {logging_mixin.py:188} INFO - [2024-09-02T21:40:39.676+0000] {dag.py:3954} INFO - Setting next_dagrun for example_dynamic_task_mapping_with_no_taskflow_operators to 2024-09-01 00:00:00+00:00, run_after=2024-09-02 00:00:00+00:00
[2024-09-02T21:40:39.715+0000] {processor.py:183} INFO - Processing /home/airflow/.local/lib/python3.12/site-packages/airflow/example_dags/example_dynamic_task_mapping_with_no_taskflow_operators.py took 0.148 seconds
[2024-09-02T21:41:10.103+0000] {processor.py:161} INFO - Started process (PID=377) to work on /home/airflow/.local/lib/python3.12/site-packages/airflow/example_dags/example_dynamic_task_mapping_with_no_taskflow_operators.py
[2024-09-02T21:41:10.104+0000] {processor.py:830} INFO - Processing file /home/airflow/.local/lib/python3.12/site-packages/airflow/example_dags/example_dynamic_task_mapping_with_no_taskflow_operators.py for tasks to queue
[2024-09-02T21:41:10.106+0000] {logging_mixin.py:188} INFO - [2024-09-02T21:41:10.106+0000] {dagbag.py:545} INFO - Filling up the DagBag from /home/airflow/.local/lib/python3.12/site-packages/airflow/example_dags/example_dynamic_task_mapping_with_no_taskflow_operators.py
[2024-09-02T21:41:10.112+0000] {processor.py:840} INFO - DAG(s) 'example_dynamic_task_mapping_with_no_taskflow_operators' retrieved from /home/airflow/.local/lib/python3.12/site-packages/airflow/example_dags/example_dynamic_task_mapping_with_no_taskflow_operators.py
[2024-09-02T21:41:10.139+0000] {logging_mixin.py:188} INFO - [2024-09-02T21:41:10.139+0000] {dag.py:3096} INFO - Sync 1 DAGs
[2024-09-02T21:41:10.163+0000] {logging_mixin.py:188} INFO - [2024-09-02T21:41:10.163+0000] {dag.py:3954} INFO - Setting next_dagrun for example_dynamic_task_mapping_with_no_taskflow_operators to 2024-09-01 00:00:00+00:00, run_after=2024-09-02 00:00:00+00:00
[2024-09-02T21:41:10.184+0000] {processor.py:183} INFO - Processing /home/airflow/.local/lib/python3.12/site-packages/airflow/example_dags/example_dynamic_task_mapping_with_no_taskflow_operators.py took 0.086 seconds
[2024-09-02T21:44:30.952+0000] {processor.py:161} INFO - Started process (PID=79) to work on /home/airflow/.local/lib/python3.12/site-packages/airflow/example_dags/example_dynamic_task_mapping_with_no_taskflow_operators.py
[2024-09-02T21:44:30.954+0000] {processor.py:830} INFO - Processing file /home/airflow/.local/lib/python3.12/site-packages/airflow/example_dags/example_dynamic_task_mapping_with_no_taskflow_operators.py for tasks to queue
[2024-09-02T21:44:30.958+0000] {logging_mixin.py:188} INFO - [2024-09-02T21:44:30.957+0000] {dagbag.py:545} INFO - Filling up the DagBag from /home/airflow/.local/lib/python3.12/site-packages/airflow/example_dags/example_dynamic_task_mapping_with_no_taskflow_operators.py
[2024-09-02T21:44:30.976+0000] {processor.py:840} INFO - DAG(s) 'example_dynamic_task_mapping_with_no_taskflow_operators' retrieved from /home/airflow/.local/lib/python3.12/site-packages/airflow/example_dags/example_dynamic_task_mapping_with_no_taskflow_operators.py
[2024-09-02T21:44:31.206+0000] {logging_mixin.py:188} INFO - [2024-09-02T21:44:31.205+0000] {override.py:1829} INFO - Created Permission View: can read on DAG:example_dynamic_task_mapping_with_no_taskflow_operators
[2024-09-02T21:44:31.224+0000] {logging_mixin.py:188} INFO - [2024-09-02T21:44:31.223+0000] {override.py:1829} INFO - Created Permission View: can delete on DAG:example_dynamic_task_mapping_with_no_taskflow_operators
[2024-09-02T21:44:31.236+0000] {logging_mixin.py:188} INFO - [2024-09-02T21:44:31.235+0000] {override.py:1829} INFO - Created Permission View: can edit on DAG:example_dynamic_task_mapping_with_no_taskflow_operators
[2024-09-02T21:44:31.237+0000] {logging_mixin.py:188} INFO - [2024-09-02T21:44:31.237+0000] {dag.py:3096} INFO - Sync 1 DAGs
[2024-09-02T21:44:31.258+0000] {logging_mixin.py:188} INFO - [2024-09-02T21:44:31.258+0000] {dag.py:3118} INFO - Creating ORM DAG for example_dynamic_task_mapping_with_no_taskflow_operators
[2024-09-02T21:44:31.277+0000] {logging_mixin.py:188} INFO - [2024-09-02T21:44:31.277+0000] {dag.py:3954} INFO - Setting next_dagrun for example_dynamic_task_mapping_with_no_taskflow_operators to 2024-09-01 00:00:00+00:00, run_after=2024-09-02 00:00:00+00:00
[2024-09-02T21:44:31.308+0000] {processor.py:183} INFO - Processing /home/airflow/.local/lib/python3.12/site-packages/airflow/example_dags/example_dynamic_task_mapping_with_no_taskflow_operators.py took 0.367 seconds
[2024-09-02T21:45:01.816+0000] {processor.py:161} INFO - Started process (PID=139) to work on /home/airflow/.local/lib/python3.12/site-packages/airflow/example_dags/example_dynamic_task_mapping_with_no_taskflow_operators.py
[2024-09-02T21:45:01.818+0000] {processor.py:830} INFO - Processing file /home/airflow/.local/lib/python3.12/site-packages/airflow/example_dags/example_dynamic_task_mapping_with_no_taskflow_operators.py for tasks to queue
[2024-09-02T21:45:01.822+0000] {logging_mixin.py:188} INFO - [2024-09-02T21:45:01.821+0000] {dagbag.py:545} INFO - Filling up the DagBag from /home/airflow/.local/lib/python3.12/site-packages/airflow/example_dags/example_dynamic_task_mapping_with_no_taskflow_operators.py
[2024-09-02T21:45:01.835+0000] {processor.py:840} INFO - DAG(s) 'example_dynamic_task_mapping_with_no_taskflow_operators' retrieved from /home/airflow/.local/lib/python3.12/site-packages/airflow/example_dags/example_dynamic_task_mapping_with_no_taskflow_operators.py
[2024-09-02T21:45:01.893+0000] {logging_mixin.py:188} INFO - [2024-09-02T21:45:01.892+0000] {dag.py:3096} INFO - Sync 1 DAGs
[2024-09-02T21:45:01.951+0000] {logging_mixin.py:188} INFO - [2024-09-02T21:45:01.950+0000] {dag.py:3954} INFO - Setting next_dagrun for example_dynamic_task_mapping_with_no_taskflow_operators to 2024-09-01 00:00:00+00:00, run_after=2024-09-02 00:00:00+00:00
[2024-09-02T21:45:01.995+0000] {processor.py:183} INFO - Processing /home/airflow/.local/lib/python3.12/site-packages/airflow/example_dags/example_dynamic_task_mapping_with_no_taskflow_operators.py took 0.191 seconds
[2024-09-02T21:45:32.460+0000] {processor.py:161} INFO - Started process (PID=199) to work on /home/airflow/.local/lib/python3.12/site-packages/airflow/example_dags/example_dynamic_task_mapping_with_no_taskflow_operators.py
[2024-09-02T21:45:32.462+0000] {processor.py:830} INFO - Processing file /home/airflow/.local/lib/python3.12/site-packages/airflow/example_dags/example_dynamic_task_mapping_with_no_taskflow_operators.py for tasks to queue
[2024-09-02T21:45:32.465+0000] {logging_mixin.py:188} INFO - [2024-09-02T21:45:32.464+0000] {dagbag.py:545} INFO - Filling up the DagBag from /home/airflow/.local/lib/python3.12/site-packages/airflow/example_dags/example_dynamic_task_mapping_with_no_taskflow_operators.py
[2024-09-02T21:45:32.474+0000] {processor.py:840} INFO - DAG(s) 'example_dynamic_task_mapping_with_no_taskflow_operators' retrieved from /home/airflow/.local/lib/python3.12/site-packages/airflow/example_dags/example_dynamic_task_mapping_with_no_taskflow_operators.py
[2024-09-02T21:45:32.499+0000] {logging_mixin.py:188} INFO - [2024-09-02T21:45:32.499+0000] {dag.py:3096} INFO - Sync 1 DAGs
[2024-09-02T21:45:32.525+0000] {logging_mixin.py:188} INFO - [2024-09-02T21:45:32.524+0000] {dag.py:3954} INFO - Setting next_dagrun for example_dynamic_task_mapping_with_no_taskflow_operators to 2024-09-01 00:00:00+00:00, run_after=2024-09-02 00:00:00+00:00
[2024-09-02T21:45:32.554+0000] {processor.py:183} INFO - Processing /home/airflow/.local/lib/python3.12/site-packages/airflow/example_dags/example_dynamic_task_mapping_with_no_taskflow_operators.py took 0.102 seconds
[2024-09-02T21:46:02.912+0000] {processor.py:161} INFO - Started process (PID=260) to work on /home/airflow/.local/lib/python3.12/site-packages/airflow/example_dags/example_dynamic_task_mapping_with_no_taskflow_operators.py
[2024-09-02T21:46:02.913+0000] {processor.py:830} INFO - Processing file /home/airflow/.local/lib/python3.12/site-packages/airflow/example_dags/example_dynamic_task_mapping_with_no_taskflow_operators.py for tasks to queue
[2024-09-02T21:46:02.915+0000] {logging_mixin.py:188} INFO - [2024-09-02T21:46:02.915+0000] {dagbag.py:545} INFO - Filling up the DagBag from /home/airflow/.local/lib/python3.12/site-packages/airflow/example_dags/example_dynamic_task_mapping_with_no_taskflow_operators.py
[2024-09-02T21:46:02.925+0000] {processor.py:840} INFO - DAG(s) 'example_dynamic_task_mapping_with_no_taskflow_operators' retrieved from /home/airflow/.local/lib/python3.12/site-packages/airflow/example_dags/example_dynamic_task_mapping_with_no_taskflow_operators.py
[2024-09-02T21:46:02.949+0000] {logging_mixin.py:188} INFO - [2024-09-02T21:46:02.948+0000] {dag.py:3096} INFO - Sync 1 DAGs
[2024-09-02T21:46:02.989+0000] {logging_mixin.py:188} INFO - [2024-09-02T21:46:02.988+0000] {dag.py:3954} INFO - Setting next_dagrun for example_dynamic_task_mapping_with_no_taskflow_operators to 2024-09-01 00:00:00+00:00, run_after=2024-09-02 00:00:00+00:00
[2024-09-02T21:46:03.010+0000] {processor.py:183} INFO - Processing /home/airflow/.local/lib/python3.12/site-packages/airflow/example_dags/example_dynamic_task_mapping_with_no_taskflow_operators.py took 0.104 seconds
[2024-09-02T21:46:33.076+0000] {processor.py:161} INFO - Started process (PID=318) to work on /home/airflow/.local/lib/python3.12/site-packages/airflow/example_dags/example_dynamic_task_mapping_with_no_taskflow_operators.py
[2024-09-02T21:46:33.077+0000] {processor.py:830} INFO - Processing file /home/airflow/.local/lib/python3.12/site-packages/airflow/example_dags/example_dynamic_task_mapping_with_no_taskflow_operators.py for tasks to queue
[2024-09-02T21:46:33.078+0000] {logging_mixin.py:188} INFO - [2024-09-02T21:46:33.078+0000] {dagbag.py:545} INFO - Filling up the DagBag from /home/airflow/.local/lib/python3.12/site-packages/airflow/example_dags/example_dynamic_task_mapping_with_no_taskflow_operators.py
[2024-09-02T21:46:33.084+0000] {processor.py:840} INFO - DAG(s) 'example_dynamic_task_mapping_with_no_taskflow_operators' retrieved from /home/airflow/.local/lib/python3.12/site-packages/airflow/example_dags/example_dynamic_task_mapping_with_no_taskflow_operators.py
[2024-09-02T21:46:33.104+0000] {logging_mixin.py:188} INFO - [2024-09-02T21:46:33.104+0000] {dag.py:3096} INFO - Sync 1 DAGs
[2024-09-02T21:46:33.123+0000] {logging_mixin.py:188} INFO - [2024-09-02T21:46:33.123+0000] {dag.py:3954} INFO - Setting next_dagrun for example_dynamic_task_mapping_with_no_taskflow_operators to 2024-09-01 00:00:00+00:00, run_after=2024-09-02 00:00:00+00:00
[2024-09-02T21:46:33.144+0000] {processor.py:183} INFO - Processing /home/airflow/.local/lib/python3.12/site-packages/airflow/example_dags/example_dynamic_task_mapping_with_no_taskflow_operators.py took 0.073 seconds
[2024-09-02T21:47:03.608+0000] {processor.py:161} INFO - Started process (PID=380) to work on /home/airflow/.local/lib/python3.12/site-packages/airflow/example_dags/example_dynamic_task_mapping_with_no_taskflow_operators.py
[2024-09-02T21:47:03.610+0000] {processor.py:830} INFO - Processing file /home/airflow/.local/lib/python3.12/site-packages/airflow/example_dags/example_dynamic_task_mapping_with_no_taskflow_operators.py for tasks to queue
[2024-09-02T21:47:03.613+0000] {logging_mixin.py:188} INFO - [2024-09-02T21:47:03.613+0000] {dagbag.py:545} INFO - Filling up the DagBag from /home/airflow/.local/lib/python3.12/site-packages/airflow/example_dags/example_dynamic_task_mapping_with_no_taskflow_operators.py
[2024-09-02T21:47:03.624+0000] {processor.py:840} INFO - DAG(s) 'example_dynamic_task_mapping_with_no_taskflow_operators' retrieved from /home/airflow/.local/lib/python3.12/site-packages/airflow/example_dags/example_dynamic_task_mapping_with_no_taskflow_operators.py
[2024-09-02T21:47:03.660+0000] {logging_mixin.py:188} INFO - [2024-09-02T21:47:03.660+0000] {dag.py:3096} INFO - Sync 1 DAGs
[2024-09-02T21:47:03.695+0000] {logging_mixin.py:188} INFO - [2024-09-02T21:47:03.695+0000] {dag.py:3954} INFO - Setting next_dagrun for example_dynamic_task_mapping_with_no_taskflow_operators to 2024-09-01 00:00:00+00:00, run_after=2024-09-02 00:00:00+00:00
[2024-09-02T21:47:03.722+0000] {processor.py:183} INFO - Processing /home/airflow/.local/lib/python3.12/site-packages/airflow/example_dags/example_dynamic_task_mapping_with_no_taskflow_operators.py took 0.123 seconds
[2024-09-02T21:47:33.791+0000] {processor.py:161} INFO - Started process (PID=440) to work on /home/airflow/.local/lib/python3.12/site-packages/airflow/example_dags/example_dynamic_task_mapping_with_no_taskflow_operators.py
[2024-09-02T21:47:33.792+0000] {processor.py:830} INFO - Processing file /home/airflow/.local/lib/python3.12/site-packages/airflow/example_dags/example_dynamic_task_mapping_with_no_taskflow_operators.py for tasks to queue
[2024-09-02T21:47:33.795+0000] {logging_mixin.py:188} INFO - [2024-09-02T21:47:33.794+0000] {dagbag.py:545} INFO - Filling up the DagBag from /home/airflow/.local/lib/python3.12/site-packages/airflow/example_dags/example_dynamic_task_mapping_with_no_taskflow_operators.py
[2024-09-02T21:47:33.803+0000] {processor.py:840} INFO - DAG(s) 'example_dynamic_task_mapping_with_no_taskflow_operators' retrieved from /home/airflow/.local/lib/python3.12/site-packages/airflow/example_dags/example_dynamic_task_mapping_with_no_taskflow_operators.py
[2024-09-02T21:47:33.828+0000] {logging_mixin.py:188} INFO - [2024-09-02T21:47:33.828+0000] {dag.py:3096} INFO - Sync 1 DAGs
[2024-09-02T21:47:33.856+0000] {logging_mixin.py:188} INFO - [2024-09-02T21:47:33.855+0000] {dag.py:3954} INFO - Setting next_dagrun for example_dynamic_task_mapping_with_no_taskflow_operators to 2024-09-01 00:00:00+00:00, run_after=2024-09-02 00:00:00+00:00
[2024-09-02T21:47:33.882+0000] {processor.py:183} INFO - Processing /home/airflow/.local/lib/python3.12/site-packages/airflow/example_dags/example_dynamic_task_mapping_with_no_taskflow_operators.py took 0.098 seconds
[2024-09-02T21:48:03.974+0000] {processor.py:161} INFO - Started process (PID=500) to work on /home/airflow/.local/lib/python3.12/site-packages/airflow/example_dags/example_dynamic_task_mapping_with_no_taskflow_operators.py
[2024-09-02T21:48:03.976+0000] {processor.py:830} INFO - Processing file /home/airflow/.local/lib/python3.12/site-packages/airflow/example_dags/example_dynamic_task_mapping_with_no_taskflow_operators.py for tasks to queue
[2024-09-02T21:48:03.981+0000] {logging_mixin.py:188} INFO - [2024-09-02T21:48:03.980+0000] {dagbag.py:545} INFO - Filling up the DagBag from /home/airflow/.local/lib/python3.12/site-packages/airflow/example_dags/example_dynamic_task_mapping_with_no_taskflow_operators.py
[2024-09-02T21:48:03.996+0000] {processor.py:840} INFO - DAG(s) 'example_dynamic_task_mapping_with_no_taskflow_operators' retrieved from /home/airflow/.local/lib/python3.12/site-packages/airflow/example_dags/example_dynamic_task_mapping_with_no_taskflow_operators.py
[2024-09-02T21:48:04.029+0000] {logging_mixin.py:188} INFO - [2024-09-02T21:48:04.029+0000] {dag.py:3096} INFO - Sync 1 DAGs
[2024-09-02T21:48:04.060+0000] {logging_mixin.py:188} INFO - [2024-09-02T21:48:04.060+0000] {dag.py:3954} INFO - Setting next_dagrun for example_dynamic_task_mapping_with_no_taskflow_operators to 2024-09-01 00:00:00+00:00, run_after=2024-09-02 00:00:00+00:00
[2024-09-02T21:48:04.095+0000] {processor.py:183} INFO - Processing /home/airflow/.local/lib/python3.12/site-packages/airflow/example_dags/example_dynamic_task_mapping_with_no_taskflow_operators.py took 0.137 seconds
[2024-09-02T21:48:34.143+0000] {processor.py:161} INFO - Started process (PID=559) to work on /home/airflow/.local/lib/python3.12/site-packages/airflow/example_dags/example_dynamic_task_mapping_with_no_taskflow_operators.py
[2024-09-02T21:48:34.143+0000] {processor.py:830} INFO - Processing file /home/airflow/.local/lib/python3.12/site-packages/airflow/example_dags/example_dynamic_task_mapping_with_no_taskflow_operators.py for tasks to queue
[2024-09-02T21:48:34.146+0000] {logging_mixin.py:188} INFO - [2024-09-02T21:48:34.145+0000] {dagbag.py:545} INFO - Filling up the DagBag from /home/airflow/.local/lib/python3.12/site-packages/airflow/example_dags/example_dynamic_task_mapping_with_no_taskflow_operators.py
[2024-09-02T21:48:34.154+0000] {processor.py:840} INFO - DAG(s) 'example_dynamic_task_mapping_with_no_taskflow_operators' retrieved from /home/airflow/.local/lib/python3.12/site-packages/airflow/example_dags/example_dynamic_task_mapping_with_no_taskflow_operators.py
[2024-09-02T21:48:34.176+0000] {logging_mixin.py:188} INFO - [2024-09-02T21:48:34.176+0000] {dag.py:3096} INFO - Sync 1 DAGs
[2024-09-02T21:48:34.201+0000] {logging_mixin.py:188} INFO - [2024-09-02T21:48:34.200+0000] {dag.py:3954} INFO - Setting next_dagrun for example_dynamic_task_mapping_with_no_taskflow_operators to 2024-09-01 00:00:00+00:00, run_after=2024-09-02 00:00:00+00:00
[2024-09-02T21:48:34.224+0000] {processor.py:183} INFO - Processing /home/airflow/.local/lib/python3.12/site-packages/airflow/example_dags/example_dynamic_task_mapping_with_no_taskflow_operators.py took 0.087 seconds
[2024-09-02T21:49:04.801+0000] {processor.py:161} INFO - Started process (PID=620) to work on /home/airflow/.local/lib/python3.12/site-packages/airflow/example_dags/example_dynamic_task_mapping_with_no_taskflow_operators.py
[2024-09-02T21:49:04.803+0000] {processor.py:830} INFO - Processing file /home/airflow/.local/lib/python3.12/site-packages/airflow/example_dags/example_dynamic_task_mapping_with_no_taskflow_operators.py for tasks to queue
[2024-09-02T21:49:04.805+0000] {logging_mixin.py:188} INFO - [2024-09-02T21:49:04.804+0000] {dagbag.py:545} INFO - Filling up the DagBag from /home/airflow/.local/lib/python3.12/site-packages/airflow/example_dags/example_dynamic_task_mapping_with_no_taskflow_operators.py
[2024-09-02T21:49:04.813+0000] {processor.py:840} INFO - DAG(s) 'example_dynamic_task_mapping_with_no_taskflow_operators' retrieved from /home/airflow/.local/lib/python3.12/site-packages/airflow/example_dags/example_dynamic_task_mapping_with_no_taskflow_operators.py
[2024-09-02T21:49:04.836+0000] {logging_mixin.py:188} INFO - [2024-09-02T21:49:04.836+0000] {dag.py:3096} INFO - Sync 1 DAGs
[2024-09-02T21:49:04.863+0000] {logging_mixin.py:188} INFO - [2024-09-02T21:49:04.863+0000] {dag.py:3954} INFO - Setting next_dagrun for example_dynamic_task_mapping_with_no_taskflow_operators to 2024-09-01 00:00:00+00:00, run_after=2024-09-02 00:00:00+00:00
[2024-09-02T21:49:04.886+0000] {processor.py:183} INFO - Processing /home/airflow/.local/lib/python3.12/site-packages/airflow/example_dags/example_dynamic_task_mapping_with_no_taskflow_operators.py took 0.092 seconds
[2024-09-02T21:49:35.800+0000] {processor.py:161} INFO - Started process (PID=680) to work on /home/airflow/.local/lib/python3.12/site-packages/airflow/example_dags/example_dynamic_task_mapping_with_no_taskflow_operators.py
[2024-09-02T21:49:35.802+0000] {processor.py:830} INFO - Processing file /home/airflow/.local/lib/python3.12/site-packages/airflow/example_dags/example_dynamic_task_mapping_with_no_taskflow_operators.py for tasks to queue
[2024-09-02T21:49:35.806+0000] {logging_mixin.py:188} INFO - [2024-09-02T21:49:35.805+0000] {dagbag.py:545} INFO - Filling up the DagBag from /home/airflow/.local/lib/python3.12/site-packages/airflow/example_dags/example_dynamic_task_mapping_with_no_taskflow_operators.py
[2024-09-02T21:49:35.818+0000] {processor.py:840} INFO - DAG(s) 'example_dynamic_task_mapping_with_no_taskflow_operators' retrieved from /home/airflow/.local/lib/python3.12/site-packages/airflow/example_dags/example_dynamic_task_mapping_with_no_taskflow_operators.py
[2024-09-02T21:49:35.857+0000] {logging_mixin.py:188} INFO - [2024-09-02T21:49:35.857+0000] {dag.py:3096} INFO - Sync 1 DAGs
[2024-09-02T21:49:35.911+0000] {logging_mixin.py:188} INFO - [2024-09-02T21:49:35.910+0000] {dag.py:3954} INFO - Setting next_dagrun for example_dynamic_task_mapping_with_no_taskflow_operators to 2024-09-01 00:00:00+00:00, run_after=2024-09-02 00:00:00+00:00
[2024-09-02T21:49:35.940+0000] {processor.py:183} INFO - Processing /home/airflow/.local/lib/python3.12/site-packages/airflow/example_dags/example_dynamic_task_mapping_with_no_taskflow_operators.py took 0.150 seconds
[2024-09-02T21:50:06.458+0000] {processor.py:161} INFO - Started process (PID=740) to work on /home/airflow/.local/lib/python3.12/site-packages/airflow/example_dags/example_dynamic_task_mapping_with_no_taskflow_operators.py
[2024-09-02T21:50:06.460+0000] {processor.py:830} INFO - Processing file /home/airflow/.local/lib/python3.12/site-packages/airflow/example_dags/example_dynamic_task_mapping_with_no_taskflow_operators.py for tasks to queue
[2024-09-02T21:50:06.463+0000] {logging_mixin.py:188} INFO - [2024-09-02T21:50:06.462+0000] {dagbag.py:545} INFO - Filling up the DagBag from /home/airflow/.local/lib/python3.12/site-packages/airflow/example_dags/example_dynamic_task_mapping_with_no_taskflow_operators.py
[2024-09-02T21:50:06.473+0000] {processor.py:840} INFO - DAG(s) 'example_dynamic_task_mapping_with_no_taskflow_operators' retrieved from /home/airflow/.local/lib/python3.12/site-packages/airflow/example_dags/example_dynamic_task_mapping_with_no_taskflow_operators.py
[2024-09-02T21:50:06.502+0000] {logging_mixin.py:188} INFO - [2024-09-02T21:50:06.502+0000] {dag.py:3096} INFO - Sync 1 DAGs
[2024-09-02T21:50:06.540+0000] {logging_mixin.py:188} INFO - [2024-09-02T21:50:06.540+0000] {dag.py:3954} INFO - Setting next_dagrun for example_dynamic_task_mapping_with_no_taskflow_operators to 2024-09-01 00:00:00+00:00, run_after=2024-09-02 00:00:00+00:00
[2024-09-02T21:50:06.568+0000] {processor.py:183} INFO - Processing /home/airflow/.local/lib/python3.12/site-packages/airflow/example_dags/example_dynamic_task_mapping_with_no_taskflow_operators.py took 0.121 seconds
[2024-09-02T21:50:37.171+0000] {processor.py:161} INFO - Started process (PID=800) to work on /home/airflow/.local/lib/python3.12/site-packages/airflow/example_dags/example_dynamic_task_mapping_with_no_taskflow_operators.py
[2024-09-02T21:50:37.172+0000] {processor.py:830} INFO - Processing file /home/airflow/.local/lib/python3.12/site-packages/airflow/example_dags/example_dynamic_task_mapping_with_no_taskflow_operators.py for tasks to queue
[2024-09-02T21:50:37.175+0000] {logging_mixin.py:188} INFO - [2024-09-02T21:50:37.175+0000] {dagbag.py:545} INFO - Filling up the DagBag from /home/airflow/.local/lib/python3.12/site-packages/airflow/example_dags/example_dynamic_task_mapping_with_no_taskflow_operators.py
[2024-09-02T21:50:37.183+0000] {processor.py:840} INFO - DAG(s) 'example_dynamic_task_mapping_with_no_taskflow_operators' retrieved from /home/airflow/.local/lib/python3.12/site-packages/airflow/example_dags/example_dynamic_task_mapping_with_no_taskflow_operators.py
[2024-09-02T21:50:37.207+0000] {logging_mixin.py:188} INFO - [2024-09-02T21:50:37.207+0000] {dag.py:3096} INFO - Sync 1 DAGs
[2024-09-02T21:50:37.233+0000] {logging_mixin.py:188} INFO - [2024-09-02T21:50:37.233+0000] {dag.py:3954} INFO - Setting next_dagrun for example_dynamic_task_mapping_with_no_taskflow_operators to 2024-09-01 00:00:00+00:00, run_after=2024-09-02 00:00:00+00:00
[2024-09-02T21:50:37.257+0000] {processor.py:183} INFO - Processing /home/airflow/.local/lib/python3.12/site-packages/airflow/example_dags/example_dynamic_task_mapping_with_no_taskflow_operators.py took 0.093 seconds
[2024-09-02T21:51:07.451+0000] {processor.py:161} INFO - Started process (PID=860) to work on /home/airflow/.local/lib/python3.12/site-packages/airflow/example_dags/example_dynamic_task_mapping_with_no_taskflow_operators.py
[2024-09-02T21:51:07.453+0000] {processor.py:830} INFO - Processing file /home/airflow/.local/lib/python3.12/site-packages/airflow/example_dags/example_dynamic_task_mapping_with_no_taskflow_operators.py for tasks to queue
[2024-09-02T21:51:07.456+0000] {logging_mixin.py:188} INFO - [2024-09-02T21:51:07.455+0000] {dagbag.py:545} INFO - Filling up the DagBag from /home/airflow/.local/lib/python3.12/site-packages/airflow/example_dags/example_dynamic_task_mapping_with_no_taskflow_operators.py
[2024-09-02T21:51:07.466+0000] {processor.py:840} INFO - DAG(s) 'example_dynamic_task_mapping_with_no_taskflow_operators' retrieved from /home/airflow/.local/lib/python3.12/site-packages/airflow/example_dags/example_dynamic_task_mapping_with_no_taskflow_operators.py
[2024-09-02T21:51:07.499+0000] {logging_mixin.py:188} INFO - [2024-09-02T21:51:07.499+0000] {dag.py:3096} INFO - Sync 1 DAGs
[2024-09-02T21:51:07.548+0000] {logging_mixin.py:188} INFO - [2024-09-02T21:51:07.548+0000] {dag.py:3954} INFO - Setting next_dagrun for example_dynamic_task_mapping_with_no_taskflow_operators to 2024-09-01 00:00:00+00:00, run_after=2024-09-02 00:00:00+00:00
[2024-09-02T21:51:07.587+0000] {processor.py:183} INFO - Processing /home/airflow/.local/lib/python3.12/site-packages/airflow/example_dags/example_dynamic_task_mapping_with_no_taskflow_operators.py took 0.151 seconds
[2024-09-02T21:51:37.700+0000] {processor.py:161} INFO - Started process (PID=920) to work on /home/airflow/.local/lib/python3.12/site-packages/airflow/example_dags/example_dynamic_task_mapping_with_no_taskflow_operators.py
[2024-09-02T21:51:37.700+0000] {processor.py:830} INFO - Processing file /home/airflow/.local/lib/python3.12/site-packages/airflow/example_dags/example_dynamic_task_mapping_with_no_taskflow_operators.py for tasks to queue
[2024-09-02T21:51:37.702+0000] {logging_mixin.py:188} INFO - [2024-09-02T21:51:37.702+0000] {dagbag.py:545} INFO - Filling up the DagBag from /home/airflow/.local/lib/python3.12/site-packages/airflow/example_dags/example_dynamic_task_mapping_with_no_taskflow_operators.py
[2024-09-02T21:51:37.708+0000] {processor.py:840} INFO - DAG(s) 'example_dynamic_task_mapping_with_no_taskflow_operators' retrieved from /home/airflow/.local/lib/python3.12/site-packages/airflow/example_dags/example_dynamic_task_mapping_with_no_taskflow_operators.py
[2024-09-02T21:51:37.729+0000] {logging_mixin.py:188} INFO - [2024-09-02T21:51:37.729+0000] {dag.py:3096} INFO - Sync 1 DAGs
[2024-09-02T21:51:37.756+0000] {logging_mixin.py:188} INFO - [2024-09-02T21:51:37.756+0000] {dag.py:3954} INFO - Setting next_dagrun for example_dynamic_task_mapping_with_no_taskflow_operators to 2024-09-01 00:00:00+00:00, run_after=2024-09-02 00:00:00+00:00
[2024-09-02T21:51:37.781+0000] {processor.py:183} INFO - Processing /home/airflow/.local/lib/python3.12/site-packages/airflow/example_dags/example_dynamic_task_mapping_with_no_taskflow_operators.py took 0.086 seconds
[2024-09-02T21:52:08.752+0000] {processor.py:161} INFO - Started process (PID=980) to work on /home/airflow/.local/lib/python3.12/site-packages/airflow/example_dags/example_dynamic_task_mapping_with_no_taskflow_operators.py
[2024-09-02T21:52:08.754+0000] {processor.py:830} INFO - Processing file /home/airflow/.local/lib/python3.12/site-packages/airflow/example_dags/example_dynamic_task_mapping_with_no_taskflow_operators.py for tasks to queue
[2024-09-02T21:52:08.760+0000] {logging_mixin.py:188} INFO - [2024-09-02T21:52:08.759+0000] {dagbag.py:545} INFO - Filling up the DagBag from /home/airflow/.local/lib/python3.12/site-packages/airflow/example_dags/example_dynamic_task_mapping_with_no_taskflow_operators.py
[2024-09-02T21:52:08.771+0000] {processor.py:840} INFO - DAG(s) 'example_dynamic_task_mapping_with_no_taskflow_operators' retrieved from /home/airflow/.local/lib/python3.12/site-packages/airflow/example_dags/example_dynamic_task_mapping_with_no_taskflow_operators.py
[2024-09-02T21:52:08.803+0000] {logging_mixin.py:188} INFO - [2024-09-02T21:52:08.803+0000] {dag.py:3096} INFO - Sync 1 DAGs
[2024-09-02T21:52:08.834+0000] {logging_mixin.py:188} INFO - [2024-09-02T21:52:08.833+0000] {dag.py:3954} INFO - Setting next_dagrun for example_dynamic_task_mapping_with_no_taskflow_operators to 2024-09-01 00:00:00+00:00, run_after=2024-09-02 00:00:00+00:00
[2024-09-02T21:52:08.860+0000] {processor.py:183} INFO - Processing /home/airflow/.local/lib/python3.12/site-packages/airflow/example_dags/example_dynamic_task_mapping_with_no_taskflow_operators.py took 0.116 seconds
[2024-09-02T21:52:39.155+0000] {processor.py:161} INFO - Started process (PID=1040) to work on /home/airflow/.local/lib/python3.12/site-packages/airflow/example_dags/example_dynamic_task_mapping_with_no_taskflow_operators.py
[2024-09-02T21:52:39.156+0000] {processor.py:830} INFO - Processing file /home/airflow/.local/lib/python3.12/site-packages/airflow/example_dags/example_dynamic_task_mapping_with_no_taskflow_operators.py for tasks to queue
[2024-09-02T21:52:39.159+0000] {logging_mixin.py:188} INFO - [2024-09-02T21:52:39.158+0000] {dagbag.py:545} INFO - Filling up the DagBag from /home/airflow/.local/lib/python3.12/site-packages/airflow/example_dags/example_dynamic_task_mapping_with_no_taskflow_operators.py
[2024-09-02T21:52:39.165+0000] {processor.py:840} INFO - DAG(s) 'example_dynamic_task_mapping_with_no_taskflow_operators' retrieved from /home/airflow/.local/lib/python3.12/site-packages/airflow/example_dags/example_dynamic_task_mapping_with_no_taskflow_operators.py
[2024-09-02T21:52:39.190+0000] {logging_mixin.py:188} INFO - [2024-09-02T21:52:39.189+0000] {dag.py:3096} INFO - Sync 1 DAGs
[2024-09-02T21:52:39.214+0000] {logging_mixin.py:188} INFO - [2024-09-02T21:52:39.214+0000] {dag.py:3954} INFO - Setting next_dagrun for example_dynamic_task_mapping_with_no_taskflow_operators to 2024-09-01 00:00:00+00:00, run_after=2024-09-02 00:00:00+00:00
[2024-09-02T21:52:39.236+0000] {processor.py:183} INFO - Processing /home/airflow/.local/lib/python3.12/site-packages/airflow/example_dags/example_dynamic_task_mapping_with_no_taskflow_operators.py took 0.086 seconds
[2024-09-02T21:53:09.708+0000] {processor.py:161} INFO - Started process (PID=1100) to work on /home/airflow/.local/lib/python3.12/site-packages/airflow/example_dags/example_dynamic_task_mapping_with_no_taskflow_operators.py
[2024-09-02T21:53:09.709+0000] {processor.py:830} INFO - Processing file /home/airflow/.local/lib/python3.12/site-packages/airflow/example_dags/example_dynamic_task_mapping_with_no_taskflow_operators.py for tasks to queue
[2024-09-02T21:53:09.712+0000] {logging_mixin.py:188} INFO - [2024-09-02T21:53:09.711+0000] {dagbag.py:545} INFO - Filling up the DagBag from /home/airflow/.local/lib/python3.12/site-packages/airflow/example_dags/example_dynamic_task_mapping_with_no_taskflow_operators.py
[2024-09-02T21:53:09.720+0000] {processor.py:840} INFO - DAG(s) 'example_dynamic_task_mapping_with_no_taskflow_operators' retrieved from /home/airflow/.local/lib/python3.12/site-packages/airflow/example_dags/example_dynamic_task_mapping_with_no_taskflow_operators.py
[2024-09-02T21:53:09.747+0000] {logging_mixin.py:188} INFO - [2024-09-02T21:53:09.746+0000] {dag.py:3096} INFO - Sync 1 DAGs
[2024-09-02T21:53:09.773+0000] {logging_mixin.py:188} INFO - [2024-09-02T21:53:09.773+0000] {dag.py:3954} INFO - Setting next_dagrun for example_dynamic_task_mapping_with_no_taskflow_operators to 2024-09-01 00:00:00+00:00, run_after=2024-09-02 00:00:00+00:00
[2024-09-02T21:53:09.796+0000] {processor.py:183} INFO - Processing /home/airflow/.local/lib/python3.12/site-packages/airflow/example_dags/example_dynamic_task_mapping_with_no_taskflow_operators.py took 0.095 seconds
[2024-09-02T21:53:40.658+0000] {processor.py:161} INFO - Started process (PID=1160) to work on /home/airflow/.local/lib/python3.12/site-packages/airflow/example_dags/example_dynamic_task_mapping_with_no_taskflow_operators.py
[2024-09-02T21:53:40.659+0000] {processor.py:830} INFO - Processing file /home/airflow/.local/lib/python3.12/site-packages/airflow/example_dags/example_dynamic_task_mapping_with_no_taskflow_operators.py for tasks to queue
[2024-09-02T21:53:40.661+0000] {logging_mixin.py:188} INFO - [2024-09-02T21:53:40.661+0000] {dagbag.py:545} INFO - Filling up the DagBag from /home/airflow/.local/lib/python3.12/site-packages/airflow/example_dags/example_dynamic_task_mapping_with_no_taskflow_operators.py
[2024-09-02T21:53:40.669+0000] {processor.py:840} INFO - DAG(s) 'example_dynamic_task_mapping_with_no_taskflow_operators' retrieved from /home/airflow/.local/lib/python3.12/site-packages/airflow/example_dags/example_dynamic_task_mapping_with_no_taskflow_operators.py
[2024-09-02T21:53:40.692+0000] {logging_mixin.py:188} INFO - [2024-09-02T21:53:40.692+0000] {dag.py:3096} INFO - Sync 1 DAGs
[2024-09-02T21:53:40.717+0000] {logging_mixin.py:188} INFO - [2024-09-02T21:53:40.716+0000] {dag.py:3954} INFO - Setting next_dagrun for example_dynamic_task_mapping_with_no_taskflow_operators to 2024-09-01 00:00:00+00:00, run_after=2024-09-02 00:00:00+00:00
[2024-09-02T21:53:40.741+0000] {processor.py:183} INFO - Processing /home/airflow/.local/lib/python3.12/site-packages/airflow/example_dags/example_dynamic_task_mapping_with_no_taskflow_operators.py took 0.090 seconds
[2024-09-02T21:54:11.006+0000] {processor.py:161} INFO - Started process (PID=1221) to work on /home/airflow/.local/lib/python3.12/site-packages/airflow/example_dags/example_dynamic_task_mapping_with_no_taskflow_operators.py
[2024-09-02T21:54:11.007+0000] {processor.py:830} INFO - Processing file /home/airflow/.local/lib/python3.12/site-packages/airflow/example_dags/example_dynamic_task_mapping_with_no_taskflow_operators.py for tasks to queue
[2024-09-02T21:54:11.009+0000] {logging_mixin.py:188} INFO - [2024-09-02T21:54:11.009+0000] {dagbag.py:545} INFO - Filling up the DagBag from /home/airflow/.local/lib/python3.12/site-packages/airflow/example_dags/example_dynamic_task_mapping_with_no_taskflow_operators.py
[2024-09-02T21:54:11.018+0000] {processor.py:840} INFO - DAG(s) 'example_dynamic_task_mapping_with_no_taskflow_operators' retrieved from /home/airflow/.local/lib/python3.12/site-packages/airflow/example_dags/example_dynamic_task_mapping_with_no_taskflow_operators.py
[2024-09-02T21:54:11.045+0000] {logging_mixin.py:188} INFO - [2024-09-02T21:54:11.044+0000] {dag.py:3096} INFO - Sync 1 DAGs
[2024-09-02T21:54:11.076+0000] {logging_mixin.py:188} INFO - [2024-09-02T21:54:11.076+0000] {dag.py:3954} INFO - Setting next_dagrun for example_dynamic_task_mapping_with_no_taskflow_operators to 2024-09-01 00:00:00+00:00, run_after=2024-09-02 00:00:00+00:00
[2024-09-02T21:54:11.102+0000] {processor.py:183} INFO - Processing /home/airflow/.local/lib/python3.12/site-packages/airflow/example_dags/example_dynamic_task_mapping_with_no_taskflow_operators.py took 0.104 seconds
[2024-09-02T21:54:41.873+0000] {processor.py:161} INFO - Started process (PID=1281) to work on /home/airflow/.local/lib/python3.12/site-packages/airflow/example_dags/example_dynamic_task_mapping_with_no_taskflow_operators.py
[2024-09-02T21:54:41.874+0000] {processor.py:830} INFO - Processing file /home/airflow/.local/lib/python3.12/site-packages/airflow/example_dags/example_dynamic_task_mapping_with_no_taskflow_operators.py for tasks to queue
[2024-09-02T21:54:41.877+0000] {logging_mixin.py:188} INFO - [2024-09-02T21:54:41.876+0000] {dagbag.py:545} INFO - Filling up the DagBag from /home/airflow/.local/lib/python3.12/site-packages/airflow/example_dags/example_dynamic_task_mapping_with_no_taskflow_operators.py
[2024-09-02T21:54:41.885+0000] {processor.py:840} INFO - DAG(s) 'example_dynamic_task_mapping_with_no_taskflow_operators' retrieved from /home/airflow/.local/lib/python3.12/site-packages/airflow/example_dags/example_dynamic_task_mapping_with_no_taskflow_operators.py
[2024-09-02T21:54:41.907+0000] {logging_mixin.py:188} INFO - [2024-09-02T21:54:41.907+0000] {dag.py:3096} INFO - Sync 1 DAGs
[2024-09-02T21:54:41.931+0000] {logging_mixin.py:188} INFO - [2024-09-02T21:54:41.931+0000] {dag.py:3954} INFO - Setting next_dagrun for example_dynamic_task_mapping_with_no_taskflow_operators to 2024-09-01 00:00:00+00:00, run_after=2024-09-02 00:00:00+00:00
[2024-09-02T21:54:41.952+0000] {processor.py:183} INFO - Processing /home/airflow/.local/lib/python3.12/site-packages/airflow/example_dags/example_dynamic_task_mapping_with_no_taskflow_operators.py took 0.085 seconds
[2024-09-02T21:55:12.355+0000] {processor.py:161} INFO - Started process (PID=1341) to work on /home/airflow/.local/lib/python3.12/site-packages/airflow/example_dags/example_dynamic_task_mapping_with_no_taskflow_operators.py
[2024-09-02T21:55:12.356+0000] {processor.py:830} INFO - Processing file /home/airflow/.local/lib/python3.12/site-packages/airflow/example_dags/example_dynamic_task_mapping_with_no_taskflow_operators.py for tasks to queue
[2024-09-02T21:55:12.358+0000] {logging_mixin.py:188} INFO - [2024-09-02T21:55:12.357+0000] {dagbag.py:545} INFO - Filling up the DagBag from /home/airflow/.local/lib/python3.12/site-packages/airflow/example_dags/example_dynamic_task_mapping_with_no_taskflow_operators.py
[2024-09-02T21:55:12.367+0000] {processor.py:840} INFO - DAG(s) 'example_dynamic_task_mapping_with_no_taskflow_operators' retrieved from /home/airflow/.local/lib/python3.12/site-packages/airflow/example_dags/example_dynamic_task_mapping_with_no_taskflow_operators.py
[2024-09-02T21:55:12.403+0000] {logging_mixin.py:188} INFO - [2024-09-02T21:55:12.403+0000] {dag.py:3096} INFO - Sync 1 DAGs
[2024-09-02T21:55:12.444+0000] {logging_mixin.py:188} INFO - [2024-09-02T21:55:12.444+0000] {dag.py:3954} INFO - Setting next_dagrun for example_dynamic_task_mapping_with_no_taskflow_operators to 2024-09-01 00:00:00+00:00, run_after=2024-09-02 00:00:00+00:00
[2024-09-02T21:55:12.469+0000] {processor.py:183} INFO - Processing /home/airflow/.local/lib/python3.12/site-packages/airflow/example_dags/example_dynamic_task_mapping_with_no_taskflow_operators.py took 0.119 seconds
[2024-09-02T21:55:43.268+0000] {processor.py:161} INFO - Started process (PID=1405) to work on /home/airflow/.local/lib/python3.12/site-packages/airflow/example_dags/example_dynamic_task_mapping_with_no_taskflow_operators.py
[2024-09-02T21:55:43.269+0000] {processor.py:830} INFO - Processing file /home/airflow/.local/lib/python3.12/site-packages/airflow/example_dags/example_dynamic_task_mapping_with_no_taskflow_operators.py for tasks to queue
[2024-09-02T21:55:43.271+0000] {logging_mixin.py:188} INFO - [2024-09-02T21:55:43.271+0000] {dagbag.py:545} INFO - Filling up the DagBag from /home/airflow/.local/lib/python3.12/site-packages/airflow/example_dags/example_dynamic_task_mapping_with_no_taskflow_operators.py
[2024-09-02T21:55:43.278+0000] {processor.py:840} INFO - DAG(s) 'example_dynamic_task_mapping_with_no_taskflow_operators' retrieved from /home/airflow/.local/lib/python3.12/site-packages/airflow/example_dags/example_dynamic_task_mapping_with_no_taskflow_operators.py
[2024-09-02T21:55:43.303+0000] {logging_mixin.py:188} INFO - [2024-09-02T21:55:43.302+0000] {dag.py:3096} INFO - Sync 1 DAGs
[2024-09-02T21:55:43.326+0000] {logging_mixin.py:188} INFO - [2024-09-02T21:55:43.326+0000] {dag.py:3954} INFO - Setting next_dagrun for example_dynamic_task_mapping_with_no_taskflow_operators to 2024-09-01 00:00:00+00:00, run_after=2024-09-02 00:00:00+00:00
[2024-09-02T21:55:43.348+0000] {processor.py:183} INFO - Processing /home/airflow/.local/lib/python3.12/site-packages/airflow/example_dags/example_dynamic_task_mapping_with_no_taskflow_operators.py took 0.089 seconds
[2024-09-02T21:56:14.259+0000] {processor.py:161} INFO - Started process (PID=1468) to work on /home/airflow/.local/lib/python3.12/site-packages/airflow/example_dags/example_dynamic_task_mapping_with_no_taskflow_operators.py
[2024-09-02T21:56:14.261+0000] {processor.py:830} INFO - Processing file /home/airflow/.local/lib/python3.12/site-packages/airflow/example_dags/example_dynamic_task_mapping_with_no_taskflow_operators.py for tasks to queue
[2024-09-02T21:56:14.264+0000] {logging_mixin.py:188} INFO - [2024-09-02T21:56:14.263+0000] {dagbag.py:545} INFO - Filling up the DagBag from /home/airflow/.local/lib/python3.12/site-packages/airflow/example_dags/example_dynamic_task_mapping_with_no_taskflow_operators.py
[2024-09-02T21:56:14.274+0000] {processor.py:840} INFO - DAG(s) 'example_dynamic_task_mapping_with_no_taskflow_operators' retrieved from /home/airflow/.local/lib/python3.12/site-packages/airflow/example_dags/example_dynamic_task_mapping_with_no_taskflow_operators.py
[2024-09-02T21:56:14.302+0000] {logging_mixin.py:188} INFO - [2024-09-02T21:56:14.302+0000] {dag.py:3096} INFO - Sync 1 DAGs
[2024-09-02T21:56:14.330+0000] {logging_mixin.py:188} INFO - [2024-09-02T21:56:14.330+0000] {dag.py:3954} INFO - Setting next_dagrun for example_dynamic_task_mapping_with_no_taskflow_operators to 2024-09-01 00:00:00+00:00, run_after=2024-09-02 00:00:00+00:00
[2024-09-02T21:56:14.358+0000] {processor.py:183} INFO - Processing /home/airflow/.local/lib/python3.12/site-packages/airflow/example_dags/example_dynamic_task_mapping_with_no_taskflow_operators.py took 0.107 seconds
