[2024-09-02T21:35:26.008+0000] {processor.py:161} INFO - Started process (PID=129) to work on /home/airflow/.local/lib/python3.12/site-packages/airflow/example_dags/example_xcomargs.py
[2024-09-02T21:35:26.011+0000] {processor.py:830} INFO - Processing file /home/airflow/.local/lib/python3.12/site-packages/airflow/example_dags/example_xcomargs.py for tasks to queue
[2024-09-02T21:35:26.018+0000] {logging_mixin.py:188} INFO - [2024-09-02T21:35:26.017+0000] {dagbag.py:545} INFO - Filling up the DagBag from /home/airflow/.local/lib/python3.12/site-packages/airflow/example_dags/example_xcomargs.py
[2024-09-02T21:35:26.052+0000] {processor.py:840} INFO - DAG(s) 'example_xcom_args_with_operators', 'example_xcom_args' retrieved from /home/airflow/.local/lib/python3.12/site-packages/airflow/example_dags/example_xcomargs.py
[2024-09-02T21:35:26.474+0000] {logging_mixin.py:188} INFO - [2024-09-02T21:35:26.473+0000] {override.py:1829} INFO - Created Permission View: can edit on DAG:example_xcom_args_with_operators
[2024-09-02T21:35:26.525+0000] {logging_mixin.py:188} INFO - [2024-09-02T21:35:26.524+0000] {override.py:1829} INFO - Created Permission View: can delete on DAG:example_xcom_args_with_operators
[2024-09-02T21:35:26.560+0000] {logging_mixin.py:188} INFO - [2024-09-02T21:35:26.559+0000] {override.py:1829} INFO - Created Permission View: can read on DAG:example_xcom_args_with_operators
[2024-09-02T21:35:26.617+0000] {logging_mixin.py:188} INFO - [2024-09-02T21:35:26.616+0000] {override.py:1829} INFO - Created Permission View: can edit on DAG:example_xcom_args
[2024-09-02T21:35:26.656+0000] {logging_mixin.py:188} INFO - [2024-09-02T21:35:26.655+0000] {override.py:1829} INFO - Created Permission View: can delete on DAG:example_xcom_args
[2024-09-02T21:35:26.685+0000] {logging_mixin.py:188} INFO - [2024-09-02T21:35:26.684+0000] {override.py:1829} INFO - Created Permission View: can read on DAG:example_xcom_args
[2024-09-02T21:35:26.687+0000] {logging_mixin.py:188} INFO - [2024-09-02T21:35:26.686+0000] {dag.py:3096} INFO - Sync 2 DAGs
[2024-09-02T21:35:26.737+0000] {logging_mixin.py:188} INFO - [2024-09-02T21:35:26.736+0000] {dag.py:3118} INFO - Creating ORM DAG for example_xcom_args_with_operators
[2024-09-02T21:35:26.740+0000] {logging_mixin.py:188} INFO - [2024-09-02T21:35:26.739+0000] {dag.py:3118} INFO - Creating ORM DAG for example_xcom_args
[2024-09-02T21:35:26.742+0000] {logging_mixin.py:188} INFO - [2024-09-02T21:35:26.742+0000] {dag.py:3954} INFO - Setting next_dagrun for example_xcom_args to None, run_after=None
[2024-09-02T21:35:26.745+0000] {logging_mixin.py:188} INFO - [2024-09-02T21:35:26.745+0000] {dag.py:3954} INFO - Setting next_dagrun for example_xcom_args_with_operators to None, run_after=None
[2024-09-02T21:35:26.806+0000] {processor.py:183} INFO - Processing /home/airflow/.local/lib/python3.12/site-packages/airflow/example_dags/example_xcomargs.py took 0.823 seconds
[2024-09-02T21:35:59.611+0000] {processor.py:161} INFO - Started process (PID=188) to work on /home/airflow/.local/lib/python3.12/site-packages/airflow/example_dags/example_xcomargs.py
[2024-09-02T21:35:59.615+0000] {processor.py:830} INFO - Processing file /home/airflow/.local/lib/python3.12/site-packages/airflow/example_dags/example_xcomargs.py for tasks to queue
[2024-09-02T21:35:59.623+0000] {logging_mixin.py:188} INFO - [2024-09-02T21:35:59.622+0000] {dagbag.py:545} INFO - Filling up the DagBag from /home/airflow/.local/lib/python3.12/site-packages/airflow/example_dags/example_xcomargs.py
[2024-09-02T21:35:59.662+0000] {processor.py:840} INFO - DAG(s) 'example_xcom_args_with_operators', 'example_xcom_args' retrieved from /home/airflow/.local/lib/python3.12/site-packages/airflow/example_dags/example_xcomargs.py
[2024-09-02T21:35:59.999+0000] {logging_mixin.py:188} INFO - [2024-09-02T21:35:59.998+0000] {dag.py:3096} INFO - Sync 2 DAGs
[2024-09-02T21:36:00.105+0000] {logging_mixin.py:188} INFO - [2024-09-02T21:36:00.104+0000] {dag.py:3954} INFO - Setting next_dagrun for example_xcom_args to None, run_after=None
[2024-09-02T21:36:00.138+0000] {logging_mixin.py:188} INFO - [2024-09-02T21:36:00.138+0000] {dag.py:3954} INFO - Setting next_dagrun for example_xcom_args_with_operators to None, run_after=None
[2024-09-02T21:36:00.230+0000] {processor.py:183} INFO - Processing /home/airflow/.local/lib/python3.12/site-packages/airflow/example_dags/example_xcomargs.py took 0.645 seconds
[2024-09-02T21:38:50.719+0000] {processor.py:161} INFO - Started process (PID=121) to work on /home/airflow/.local/lib/python3.12/site-packages/airflow/example_dags/example_xcomargs.py
[2024-09-02T21:38:50.722+0000] {processor.py:830} INFO - Processing file /home/airflow/.local/lib/python3.12/site-packages/airflow/example_dags/example_xcomargs.py for tasks to queue
[2024-09-02T21:38:50.730+0000] {logging_mixin.py:188} INFO - [2024-09-02T21:38:50.729+0000] {dagbag.py:545} INFO - Filling up the DagBag from /home/airflow/.local/lib/python3.12/site-packages/airflow/example_dags/example_xcomargs.py
[2024-09-02T21:38:50.758+0000] {processor.py:840} INFO - DAG(s) 'example_xcom_args_with_operators', 'example_xcom_args' retrieved from /home/airflow/.local/lib/python3.12/site-packages/airflow/example_dags/example_xcomargs.py
[2024-09-02T21:38:51.111+0000] {logging_mixin.py:188} INFO - [2024-09-02T21:38:51.109+0000] {override.py:1829} INFO - Created Permission View: can edit on DAG:example_xcom_args_with_operators
[2024-09-02T21:38:51.137+0000] {logging_mixin.py:188} INFO - [2024-09-02T21:38:51.136+0000] {override.py:1829} INFO - Created Permission View: can read on DAG:example_xcom_args_with_operators
[2024-09-02T21:38:51.151+0000] {logging_mixin.py:188} INFO - [2024-09-02T21:38:51.151+0000] {override.py:1829} INFO - Created Permission View: can delete on DAG:example_xcom_args_with_operators
[2024-09-02T21:38:51.183+0000] {logging_mixin.py:188} INFO - [2024-09-02T21:38:51.182+0000] {override.py:1829} INFO - Created Permission View: can edit on DAG:example_xcom_args
[2024-09-02T21:38:51.197+0000] {logging_mixin.py:188} INFO - [2024-09-02T21:38:51.197+0000] {override.py:1829} INFO - Created Permission View: can read on DAG:example_xcom_args
[2024-09-02T21:38:51.213+0000] {logging_mixin.py:188} INFO - [2024-09-02T21:38:51.212+0000] {override.py:1829} INFO - Created Permission View: can delete on DAG:example_xcom_args
[2024-09-02T21:38:51.214+0000] {logging_mixin.py:188} INFO - [2024-09-02T21:38:51.214+0000] {dag.py:3096} INFO - Sync 2 DAGs
[2024-09-02T21:38:51.250+0000] {logging_mixin.py:188} INFO - [2024-09-02T21:38:51.249+0000] {dag.py:3118} INFO - Creating ORM DAG for example_xcom_args_with_operators
[2024-09-02T21:38:51.254+0000] {logging_mixin.py:188} INFO - [2024-09-02T21:38:51.253+0000] {dag.py:3118} INFO - Creating ORM DAG for example_xcom_args
[2024-09-02T21:38:51.258+0000] {logging_mixin.py:188} INFO - [2024-09-02T21:38:51.257+0000] {dag.py:3954} INFO - Setting next_dagrun for example_xcom_args to None, run_after=None
[2024-09-02T21:38:51.263+0000] {logging_mixin.py:188} INFO - [2024-09-02T21:38:51.262+0000] {dag.py:3954} INFO - Setting next_dagrun for example_xcom_args_with_operators to None, run_after=None
[2024-09-02T21:38:51.375+0000] {processor.py:183} INFO - Processing /home/airflow/.local/lib/python3.12/site-packages/airflow/example_dags/example_xcomargs.py took 0.678 seconds
[2024-09-02T21:39:21.622+0000] {processor.py:161} INFO - Started process (PID=182) to work on /home/airflow/.local/lib/python3.12/site-packages/airflow/example_dags/example_xcomargs.py
[2024-09-02T21:39:21.624+0000] {processor.py:830} INFO - Processing file /home/airflow/.local/lib/python3.12/site-packages/airflow/example_dags/example_xcomargs.py for tasks to queue
[2024-09-02T21:39:21.628+0000] {logging_mixin.py:188} INFO - [2024-09-02T21:39:21.627+0000] {dagbag.py:545} INFO - Filling up the DagBag from /home/airflow/.local/lib/python3.12/site-packages/airflow/example_dags/example_xcomargs.py
[2024-09-02T21:39:21.645+0000] {processor.py:840} INFO - DAG(s) 'example_xcom_args_with_operators', 'example_xcom_args' retrieved from /home/airflow/.local/lib/python3.12/site-packages/airflow/example_dags/example_xcomargs.py
[2024-09-02T21:39:21.686+0000] {logging_mixin.py:188} INFO - [2024-09-02T21:39:21.685+0000] {dag.py:3096} INFO - Sync 2 DAGs
[2024-09-02T21:39:21.716+0000] {logging_mixin.py:188} INFO - [2024-09-02T21:39:21.716+0000] {dag.py:3954} INFO - Setting next_dagrun for example_xcom_args to None, run_after=None
[2024-09-02T21:39:21.724+0000] {logging_mixin.py:188} INFO - [2024-09-02T21:39:21.724+0000] {dag.py:3954} INFO - Setting next_dagrun for example_xcom_args_with_operators to None, run_after=None
[2024-09-02T21:39:21.755+0000] {processor.py:183} INFO - Processing /home/airflow/.local/lib/python3.12/site-packages/airflow/example_dags/example_xcomargs.py took 0.145 seconds
[2024-09-02T21:39:52.331+0000] {processor.py:161} INFO - Started process (PID=241) to work on /home/airflow/.local/lib/python3.12/site-packages/airflow/example_dags/example_xcomargs.py
[2024-09-02T21:39:52.333+0000] {processor.py:830} INFO - Processing file /home/airflow/.local/lib/python3.12/site-packages/airflow/example_dags/example_xcomargs.py for tasks to queue
[2024-09-02T21:39:52.336+0000] {logging_mixin.py:188} INFO - [2024-09-02T21:39:52.335+0000] {dagbag.py:545} INFO - Filling up the DagBag from /home/airflow/.local/lib/python3.12/site-packages/airflow/example_dags/example_xcomargs.py
[2024-09-02T21:39:52.350+0000] {processor.py:840} INFO - DAG(s) 'example_xcom_args_with_operators', 'example_xcom_args' retrieved from /home/airflow/.local/lib/python3.12/site-packages/airflow/example_dags/example_xcomargs.py
[2024-09-02T21:39:52.397+0000] {logging_mixin.py:188} INFO - [2024-09-02T21:39:52.396+0000] {dag.py:3096} INFO - Sync 2 DAGs
[2024-09-02T21:39:52.421+0000] {logging_mixin.py:188} INFO - [2024-09-02T21:39:52.420+0000] {dag.py:3954} INFO - Setting next_dagrun for example_xcom_args to None, run_after=None
[2024-09-02T21:39:52.437+0000] {logging_mixin.py:188} INFO - [2024-09-02T21:39:52.437+0000] {dag.py:3954} INFO - Setting next_dagrun for example_xcom_args_with_operators to None, run_after=None
[2024-09-02T21:39:52.463+0000] {processor.py:183} INFO - Processing /home/airflow/.local/lib/python3.12/site-packages/airflow/example_dags/example_xcomargs.py took 0.143 seconds
[2024-09-02T21:40:22.626+0000] {processor.py:161} INFO - Started process (PID=301) to work on /home/airflow/.local/lib/python3.12/site-packages/airflow/example_dags/example_xcomargs.py
[2024-09-02T21:40:22.628+0000] {processor.py:830} INFO - Processing file /home/airflow/.local/lib/python3.12/site-packages/airflow/example_dags/example_xcomargs.py for tasks to queue
[2024-09-02T21:40:22.631+0000] {logging_mixin.py:188} INFO - [2024-09-02T21:40:22.631+0000] {dagbag.py:545} INFO - Filling up the DagBag from /home/airflow/.local/lib/python3.12/site-packages/airflow/example_dags/example_xcomargs.py
[2024-09-02T21:40:22.645+0000] {processor.py:840} INFO - DAG(s) 'example_xcom_args_with_operators', 'example_xcom_args' retrieved from /home/airflow/.local/lib/python3.12/site-packages/airflow/example_dags/example_xcomargs.py
[2024-09-02T21:40:22.678+0000] {logging_mixin.py:188} INFO - [2024-09-02T21:40:22.678+0000] {dag.py:3096} INFO - Sync 2 DAGs
[2024-09-02T21:40:22.698+0000] {logging_mixin.py:188} INFO - [2024-09-02T21:40:22.697+0000] {dag.py:3954} INFO - Setting next_dagrun for example_xcom_args to None, run_after=None
[2024-09-02T21:40:22.703+0000] {logging_mixin.py:188} INFO - [2024-09-02T21:40:22.703+0000] {dag.py:3954} INFO - Setting next_dagrun for example_xcom_args_with_operators to None, run_after=None
[2024-09-02T21:40:22.723+0000] {processor.py:183} INFO - Processing /home/airflow/.local/lib/python3.12/site-packages/airflow/example_dags/example_xcomargs.py took 0.106 seconds
[2024-09-02T21:40:53.008+0000] {processor.py:161} INFO - Started process (PID=361) to work on /home/airflow/.local/lib/python3.12/site-packages/airflow/example_dags/example_xcomargs.py
[2024-09-02T21:40:53.010+0000] {processor.py:830} INFO - Processing file /home/airflow/.local/lib/python3.12/site-packages/airflow/example_dags/example_xcomargs.py for tasks to queue
[2024-09-02T21:40:53.013+0000] {logging_mixin.py:188} INFO - [2024-09-02T21:40:53.012+0000] {dagbag.py:545} INFO - Filling up the DagBag from /home/airflow/.local/lib/python3.12/site-packages/airflow/example_dags/example_xcomargs.py
[2024-09-02T21:40:53.023+0000] {processor.py:840} INFO - DAG(s) 'example_xcom_args', 'example_xcom_args_with_operators' retrieved from /home/airflow/.local/lib/python3.12/site-packages/airflow/example_dags/example_xcomargs.py
[2024-09-02T21:40:53.054+0000] {logging_mixin.py:188} INFO - [2024-09-02T21:40:53.054+0000] {dag.py:3096} INFO - Sync 2 DAGs
[2024-09-02T21:40:53.073+0000] {logging_mixin.py:188} INFO - [2024-09-02T21:40:53.072+0000] {dag.py:3954} INFO - Setting next_dagrun for example_xcom_args to None, run_after=None
[2024-09-02T21:40:53.078+0000] {logging_mixin.py:188} INFO - [2024-09-02T21:40:53.077+0000] {dag.py:3954} INFO - Setting next_dagrun for example_xcom_args_with_operators to None, run_after=None
[2024-09-02T21:40:53.098+0000] {processor.py:183} INFO - Processing /home/airflow/.local/lib/python3.12/site-packages/airflow/example_dags/example_xcomargs.py took 0.097 seconds
[2024-09-02T21:44:40.726+0000] {processor.py:161} INFO - Started process (PID=115) to work on /home/airflow/.local/lib/python3.12/site-packages/airflow/example_dags/example_xcomargs.py
[2024-09-02T21:44:40.728+0000] {processor.py:830} INFO - Processing file /home/airflow/.local/lib/python3.12/site-packages/airflow/example_dags/example_xcomargs.py for tasks to queue
[2024-09-02T21:44:40.731+0000] {logging_mixin.py:188} INFO - [2024-09-02T21:44:40.731+0000] {dagbag.py:545} INFO - Filling up the DagBag from /home/airflow/.local/lib/python3.12/site-packages/airflow/example_dags/example_xcomargs.py
[2024-09-02T21:44:40.748+0000] {processor.py:840} INFO - DAG(s) 'example_xcom_args', 'example_xcom_args_with_operators' retrieved from /home/airflow/.local/lib/python3.12/site-packages/airflow/example_dags/example_xcomargs.py
[2024-09-02T21:44:40.974+0000] {logging_mixin.py:188} INFO - [2024-09-02T21:44:40.973+0000] {override.py:1829} INFO - Created Permission View: can read on DAG:example_xcom_args
[2024-09-02T21:44:40.989+0000] {logging_mixin.py:188} INFO - [2024-09-02T21:44:40.989+0000] {override.py:1829} INFO - Created Permission View: can delete on DAG:example_xcom_args
[2024-09-02T21:44:40.998+0000] {logging_mixin.py:188} INFO - [2024-09-02T21:44:40.998+0000] {override.py:1829} INFO - Created Permission View: can edit on DAG:example_xcom_args
[2024-09-02T21:44:41.017+0000] {logging_mixin.py:188} INFO - [2024-09-02T21:44:41.017+0000] {override.py:1829} INFO - Created Permission View: can read on DAG:example_xcom_args_with_operators
[2024-09-02T21:44:41.026+0000] {logging_mixin.py:188} INFO - [2024-09-02T21:44:41.026+0000] {override.py:1829} INFO - Created Permission View: can delete on DAG:example_xcom_args_with_operators
[2024-09-02T21:44:41.036+0000] {logging_mixin.py:188} INFO - [2024-09-02T21:44:41.036+0000] {override.py:1829} INFO - Created Permission View: can edit on DAG:example_xcom_args_with_operators
[2024-09-02T21:44:41.037+0000] {logging_mixin.py:188} INFO - [2024-09-02T21:44:41.037+0000] {dag.py:3096} INFO - Sync 2 DAGs
[2024-09-02T21:44:41.055+0000] {logging_mixin.py:188} INFO - [2024-09-02T21:44:41.054+0000] {dag.py:3118} INFO - Creating ORM DAG for example_xcom_args_with_operators
[2024-09-02T21:44:41.056+0000] {logging_mixin.py:188} INFO - [2024-09-02T21:44:41.056+0000] {dag.py:3118} INFO - Creating ORM DAG for example_xcom_args
[2024-09-02T21:44:41.057+0000] {logging_mixin.py:188} INFO - [2024-09-02T21:44:41.057+0000] {dag.py:3954} INFO - Setting next_dagrun for example_xcom_args to None, run_after=None
[2024-09-02T21:44:41.059+0000] {logging_mixin.py:188} INFO - [2024-09-02T21:44:41.059+0000] {dag.py:3954} INFO - Setting next_dagrun for example_xcom_args_with_operators to None, run_after=None
[2024-09-02T21:44:41.085+0000] {processor.py:183} INFO - Processing /home/airflow/.local/lib/python3.12/site-packages/airflow/example_dags/example_xcomargs.py took 0.369 seconds
[2024-09-02T21:45:11.177+0000] {processor.py:161} INFO - Started process (PID=175) to work on /home/airflow/.local/lib/python3.12/site-packages/airflow/example_dags/example_xcomargs.py
[2024-09-02T21:45:11.178+0000] {processor.py:830} INFO - Processing file /home/airflow/.local/lib/python3.12/site-packages/airflow/example_dags/example_xcomargs.py for tasks to queue
[2024-09-02T21:45:11.182+0000] {logging_mixin.py:188} INFO - [2024-09-02T21:45:11.181+0000] {dagbag.py:545} INFO - Filling up the DagBag from /home/airflow/.local/lib/python3.12/site-packages/airflow/example_dags/example_xcomargs.py
[2024-09-02T21:45:11.196+0000] {processor.py:840} INFO - DAG(s) 'example_xcom_args_with_operators', 'example_xcom_args' retrieved from /home/airflow/.local/lib/python3.12/site-packages/airflow/example_dags/example_xcomargs.py
[2024-09-02T21:45:11.236+0000] {logging_mixin.py:188} INFO - [2024-09-02T21:45:11.235+0000] {dag.py:3096} INFO - Sync 2 DAGs
[2024-09-02T21:45:11.275+0000] {logging_mixin.py:188} INFO - [2024-09-02T21:45:11.274+0000] {dag.py:3954} INFO - Setting next_dagrun for example_xcom_args to None, run_after=None
[2024-09-02T21:45:11.287+0000] {logging_mixin.py:188} INFO - [2024-09-02T21:45:11.286+0000] {dag.py:3954} INFO - Setting next_dagrun for example_xcom_args_with_operators to None, run_after=None
[2024-09-02T21:45:11.356+0000] {processor.py:183} INFO - Processing /home/airflow/.local/lib/python3.12/site-packages/airflow/example_dags/example_xcomargs.py took 0.189 seconds
[2024-09-02T21:45:41.560+0000] {processor.py:161} INFO - Started process (PID=235) to work on /home/airflow/.local/lib/python3.12/site-packages/airflow/example_dags/example_xcomargs.py
[2024-09-02T21:45:41.562+0000] {processor.py:830} INFO - Processing file /home/airflow/.local/lib/python3.12/site-packages/airflow/example_dags/example_xcomargs.py for tasks to queue
[2024-09-02T21:45:41.564+0000] {logging_mixin.py:188} INFO - [2024-09-02T21:45:41.564+0000] {dagbag.py:545} INFO - Filling up the DagBag from /home/airflow/.local/lib/python3.12/site-packages/airflow/example_dags/example_xcomargs.py
[2024-09-02T21:45:41.573+0000] {processor.py:840} INFO - DAG(s) 'example_xcom_args', 'example_xcom_args_with_operators' retrieved from /home/airflow/.local/lib/python3.12/site-packages/airflow/example_dags/example_xcomargs.py
[2024-09-02T21:45:41.617+0000] {logging_mixin.py:188} INFO - [2024-09-02T21:45:41.616+0000] {dag.py:3096} INFO - Sync 2 DAGs
[2024-09-02T21:45:41.652+0000] {logging_mixin.py:188} INFO - [2024-09-02T21:45:41.651+0000] {dag.py:3954} INFO - Setting next_dagrun for example_xcom_args to None, run_after=None
[2024-09-02T21:45:41.659+0000] {logging_mixin.py:188} INFO - [2024-09-02T21:45:41.658+0000] {dag.py:3954} INFO - Setting next_dagrun for example_xcom_args_with_operators to None, run_after=None
[2024-09-02T21:45:41.685+0000] {processor.py:183} INFO - Processing /home/airflow/.local/lib/python3.12/site-packages/airflow/example_dags/example_xcomargs.py took 0.131 seconds
[2024-09-02T21:46:12.165+0000] {processor.py:161} INFO - Started process (PID=296) to work on /home/airflow/.local/lib/python3.12/site-packages/airflow/example_dags/example_xcomargs.py
[2024-09-02T21:46:12.166+0000] {processor.py:830} INFO - Processing file /home/airflow/.local/lib/python3.12/site-packages/airflow/example_dags/example_xcomargs.py for tasks to queue
[2024-09-02T21:46:12.168+0000] {logging_mixin.py:188} INFO - [2024-09-02T21:46:12.168+0000] {dagbag.py:545} INFO - Filling up the DagBag from /home/airflow/.local/lib/python3.12/site-packages/airflow/example_dags/example_xcomargs.py
[2024-09-02T21:46:12.179+0000] {processor.py:840} INFO - DAG(s) 'example_xcom_args_with_operators', 'example_xcom_args' retrieved from /home/airflow/.local/lib/python3.12/site-packages/airflow/example_dags/example_xcomargs.py
[2024-09-02T21:46:12.207+0000] {logging_mixin.py:188} INFO - [2024-09-02T21:46:12.206+0000] {dag.py:3096} INFO - Sync 2 DAGs
[2024-09-02T21:46:12.224+0000] {logging_mixin.py:188} INFO - [2024-09-02T21:46:12.224+0000] {dag.py:3954} INFO - Setting next_dagrun for example_xcom_args to None, run_after=None
[2024-09-02T21:46:12.229+0000] {logging_mixin.py:188} INFO - [2024-09-02T21:46:12.229+0000] {dag.py:3954} INFO - Setting next_dagrun for example_xcom_args_with_operators to None, run_after=None
[2024-09-02T21:46:12.248+0000] {processor.py:183} INFO - Processing /home/airflow/.local/lib/python3.12/site-packages/airflow/example_dags/example_xcomargs.py took 0.089 seconds
[2024-09-02T21:46:43.151+0000] {processor.py:161} INFO - Started process (PID=356) to work on /home/airflow/.local/lib/python3.12/site-packages/airflow/example_dags/example_xcomargs.py
[2024-09-02T21:46:43.153+0000] {processor.py:830} INFO - Processing file /home/airflow/.local/lib/python3.12/site-packages/airflow/example_dags/example_xcomargs.py for tasks to queue
[2024-09-02T21:46:43.156+0000] {logging_mixin.py:188} INFO - [2024-09-02T21:46:43.155+0000] {dagbag.py:545} INFO - Filling up the DagBag from /home/airflow/.local/lib/python3.12/site-packages/airflow/example_dags/example_xcomargs.py
[2024-09-02T21:46:43.166+0000] {processor.py:840} INFO - DAG(s) 'example_xcom_args_with_operators', 'example_xcom_args' retrieved from /home/airflow/.local/lib/python3.12/site-packages/airflow/example_dags/example_xcomargs.py
[2024-09-02T21:46:43.202+0000] {logging_mixin.py:188} INFO - [2024-09-02T21:46:43.202+0000] {dag.py:3096} INFO - Sync 2 DAGs
[2024-09-02T21:46:43.223+0000] {logging_mixin.py:188} INFO - [2024-09-02T21:46:43.223+0000] {dag.py:3954} INFO - Setting next_dagrun for example_xcom_args to None, run_after=None
[2024-09-02T21:46:43.228+0000] {logging_mixin.py:188} INFO - [2024-09-02T21:46:43.228+0000] {dag.py:3954} INFO - Setting next_dagrun for example_xcom_args_with_operators to None, run_after=None
[2024-09-02T21:46:43.250+0000] {processor.py:183} INFO - Processing /home/airflow/.local/lib/python3.12/site-packages/airflow/example_dags/example_xcomargs.py took 0.105 seconds
[2024-09-02T21:47:13.445+0000] {processor.py:161} INFO - Started process (PID=416) to work on /home/airflow/.local/lib/python3.12/site-packages/airflow/example_dags/example_xcomargs.py
[2024-09-02T21:47:13.447+0000] {processor.py:830} INFO - Processing file /home/airflow/.local/lib/python3.12/site-packages/airflow/example_dags/example_xcomargs.py for tasks to queue
[2024-09-02T21:47:13.450+0000] {logging_mixin.py:188} INFO - [2024-09-02T21:47:13.450+0000] {dagbag.py:545} INFO - Filling up the DagBag from /home/airflow/.local/lib/python3.12/site-packages/airflow/example_dags/example_xcomargs.py
[2024-09-02T21:47:13.466+0000] {processor.py:840} INFO - DAG(s) 'example_xcom_args_with_operators', 'example_xcom_args' retrieved from /home/airflow/.local/lib/python3.12/site-packages/airflow/example_dags/example_xcomargs.py
[2024-09-02T21:47:13.516+0000] {logging_mixin.py:188} INFO - [2024-09-02T21:47:13.516+0000] {dag.py:3096} INFO - Sync 2 DAGs
[2024-09-02T21:47:13.544+0000] {logging_mixin.py:188} INFO - [2024-09-02T21:47:13.544+0000] {dag.py:3954} INFO - Setting next_dagrun for example_xcom_args to None, run_after=None
[2024-09-02T21:47:13.550+0000] {logging_mixin.py:188} INFO - [2024-09-02T21:47:13.550+0000] {dag.py:3954} INFO - Setting next_dagrun for example_xcom_args_with_operators to None, run_after=None
[2024-09-02T21:47:13.574+0000] {processor.py:183} INFO - Processing /home/airflow/.local/lib/python3.12/site-packages/airflow/example_dags/example_xcomargs.py took 0.137 seconds
[2024-09-02T21:47:43.911+0000] {processor.py:161} INFO - Started process (PID=476) to work on /home/airflow/.local/lib/python3.12/site-packages/airflow/example_dags/example_xcomargs.py
[2024-09-02T21:47:43.912+0000] {processor.py:830} INFO - Processing file /home/airflow/.local/lib/python3.12/site-packages/airflow/example_dags/example_xcomargs.py for tasks to queue
[2024-09-02T21:47:43.914+0000] {logging_mixin.py:188} INFO - [2024-09-02T21:47:43.914+0000] {dagbag.py:545} INFO - Filling up the DagBag from /home/airflow/.local/lib/python3.12/site-packages/airflow/example_dags/example_xcomargs.py
[2024-09-02T21:47:43.926+0000] {processor.py:840} INFO - DAG(s) 'example_xcom_args', 'example_xcom_args_with_operators' retrieved from /home/airflow/.local/lib/python3.12/site-packages/airflow/example_dags/example_xcomargs.py
[2024-09-02T21:47:43.959+0000] {logging_mixin.py:188} INFO - [2024-09-02T21:47:43.959+0000] {dag.py:3096} INFO - Sync 2 DAGs
[2024-09-02T21:47:43.987+0000] {logging_mixin.py:188} INFO - [2024-09-02T21:47:43.987+0000] {dag.py:3954} INFO - Setting next_dagrun for example_xcom_args to None, run_after=None
[2024-09-02T21:47:43.996+0000] {logging_mixin.py:188} INFO - [2024-09-02T21:47:43.996+0000] {dag.py:3954} INFO - Setting next_dagrun for example_xcom_args_with_operators to None, run_after=None
[2024-09-02T21:47:44.034+0000] {processor.py:183} INFO - Processing /home/airflow/.local/lib/python3.12/site-packages/airflow/example_dags/example_xcomargs.py took 0.129 seconds
[2024-09-02T21:48:14.672+0000] {processor.py:161} INFO - Started process (PID=536) to work on /home/airflow/.local/lib/python3.12/site-packages/airflow/example_dags/example_xcomargs.py
[2024-09-02T21:48:14.674+0000] {processor.py:830} INFO - Processing file /home/airflow/.local/lib/python3.12/site-packages/airflow/example_dags/example_xcomargs.py for tasks to queue
[2024-09-02T21:48:14.677+0000] {logging_mixin.py:188} INFO - [2024-09-02T21:48:14.676+0000] {dagbag.py:545} INFO - Filling up the DagBag from /home/airflow/.local/lib/python3.12/site-packages/airflow/example_dags/example_xcomargs.py
[2024-09-02T21:48:14.703+0000] {processor.py:840} INFO - DAG(s) 'example_xcom_args_with_operators', 'example_xcom_args' retrieved from /home/airflow/.local/lib/python3.12/site-packages/airflow/example_dags/example_xcomargs.py
[2024-09-02T21:48:14.755+0000] {logging_mixin.py:188} INFO - [2024-09-02T21:48:14.754+0000] {dag.py:3096} INFO - Sync 2 DAGs
[2024-09-02T21:48:14.782+0000] {logging_mixin.py:188} INFO - [2024-09-02T21:48:14.781+0000] {dag.py:3954} INFO - Setting next_dagrun for example_xcom_args to None, run_after=None
[2024-09-02T21:48:14.789+0000] {logging_mixin.py:188} INFO - [2024-09-02T21:48:14.789+0000] {dag.py:3954} INFO - Setting next_dagrun for example_xcom_args_with_operators to None, run_after=None
[2024-09-02T21:48:14.829+0000] {processor.py:183} INFO - Processing /home/airflow/.local/lib/python3.12/site-packages/airflow/example_dags/example_xcomargs.py took 0.166 seconds
[2024-09-02T21:48:45.036+0000] {processor.py:161} INFO - Started process (PID=596) to work on /home/airflow/.local/lib/python3.12/site-packages/airflow/example_dags/example_xcomargs.py
[2024-09-02T21:48:45.038+0000] {processor.py:830} INFO - Processing file /home/airflow/.local/lib/python3.12/site-packages/airflow/example_dags/example_xcomargs.py for tasks to queue
[2024-09-02T21:48:45.041+0000] {logging_mixin.py:188} INFO - [2024-09-02T21:48:45.041+0000] {dagbag.py:545} INFO - Filling up the DagBag from /home/airflow/.local/lib/python3.12/site-packages/airflow/example_dags/example_xcomargs.py
[2024-09-02T21:48:45.057+0000] {processor.py:840} INFO - DAG(s) 'example_xcom_args', 'example_xcom_args_with_operators' retrieved from /home/airflow/.local/lib/python3.12/site-packages/airflow/example_dags/example_xcomargs.py
[2024-09-02T21:48:45.105+0000] {logging_mixin.py:188} INFO - [2024-09-02T21:48:45.104+0000] {dag.py:3096} INFO - Sync 2 DAGs
[2024-09-02T21:48:45.130+0000] {logging_mixin.py:188} INFO - [2024-09-02T21:48:45.129+0000] {dag.py:3954} INFO - Setting next_dagrun for example_xcom_args to None, run_after=None
[2024-09-02T21:48:45.140+0000] {logging_mixin.py:188} INFO - [2024-09-02T21:48:45.139+0000] {dag.py:3954} INFO - Setting next_dagrun for example_xcom_args_with_operators to None, run_after=None
[2024-09-02T21:48:45.173+0000] {processor.py:183} INFO - Processing /home/airflow/.local/lib/python3.12/site-packages/airflow/example_dags/example_xcomargs.py took 0.147 seconds
[2024-09-02T21:49:15.507+0000] {processor.py:161} INFO - Started process (PID=656) to work on /home/airflow/.local/lib/python3.12/site-packages/airflow/example_dags/example_xcomargs.py
[2024-09-02T21:49:15.510+0000] {processor.py:830} INFO - Processing file /home/airflow/.local/lib/python3.12/site-packages/airflow/example_dags/example_xcomargs.py for tasks to queue
[2024-09-02T21:49:15.516+0000] {logging_mixin.py:188} INFO - [2024-09-02T21:49:15.515+0000] {dagbag.py:545} INFO - Filling up the DagBag from /home/airflow/.local/lib/python3.12/site-packages/airflow/example_dags/example_xcomargs.py
[2024-09-02T21:49:15.549+0000] {processor.py:840} INFO - DAG(s) 'example_xcom_args_with_operators', 'example_xcom_args' retrieved from /home/airflow/.local/lib/python3.12/site-packages/airflow/example_dags/example_xcomargs.py
[2024-09-02T21:49:15.612+0000] {logging_mixin.py:188} INFO - [2024-09-02T21:49:15.611+0000] {dag.py:3096} INFO - Sync 2 DAGs
[2024-09-02T21:49:15.653+0000] {logging_mixin.py:188} INFO - [2024-09-02T21:49:15.653+0000] {dag.py:3954} INFO - Setting next_dagrun for example_xcom_args to None, run_after=None
[2024-09-02T21:49:15.660+0000] {logging_mixin.py:188} INFO - [2024-09-02T21:49:15.660+0000] {dag.py:3954} INFO - Setting next_dagrun for example_xcom_args_with_operators to None, run_after=None
[2024-09-02T21:49:15.683+0000] {processor.py:183} INFO - Processing /home/airflow/.local/lib/python3.12/site-packages/airflow/example_dags/example_xcomargs.py took 0.211 seconds
[2024-09-02T21:49:45.759+0000] {processor.py:161} INFO - Started process (PID=717) to work on /home/airflow/.local/lib/python3.12/site-packages/airflow/example_dags/example_xcomargs.py
[2024-09-02T21:49:45.761+0000] {processor.py:830} INFO - Processing file /home/airflow/.local/lib/python3.12/site-packages/airflow/example_dags/example_xcomargs.py for tasks to queue
[2024-09-02T21:49:45.765+0000] {logging_mixin.py:188} INFO - [2024-09-02T21:49:45.764+0000] {dagbag.py:545} INFO - Filling up the DagBag from /home/airflow/.local/lib/python3.12/site-packages/airflow/example_dags/example_xcomargs.py
[2024-09-02T21:49:45.782+0000] {processor.py:840} INFO - DAG(s) 'example_xcom_args_with_operators', 'example_xcom_args' retrieved from /home/airflow/.local/lib/python3.12/site-packages/airflow/example_dags/example_xcomargs.py
[2024-09-02T21:49:45.821+0000] {logging_mixin.py:188} INFO - [2024-09-02T21:49:45.821+0000] {dag.py:3096} INFO - Sync 2 DAGs
[2024-09-02T21:49:45.846+0000] {logging_mixin.py:188} INFO - [2024-09-02T21:49:45.846+0000] {dag.py:3954} INFO - Setting next_dagrun for example_xcom_args to None, run_after=None
[2024-09-02T21:49:45.853+0000] {logging_mixin.py:188} INFO - [2024-09-02T21:49:45.853+0000] {dag.py:3954} INFO - Setting next_dagrun for example_xcom_args_with_operators to None, run_after=None
[2024-09-02T21:49:45.890+0000] {processor.py:183} INFO - Processing /home/airflow/.local/lib/python3.12/site-packages/airflow/example_dags/example_xcomargs.py took 0.143 seconds
[2024-09-02T21:50:16.311+0000] {processor.py:161} INFO - Started process (PID=776) to work on /home/airflow/.local/lib/python3.12/site-packages/airflow/example_dags/example_xcomargs.py
[2024-09-02T21:50:16.313+0000] {processor.py:830} INFO - Processing file /home/airflow/.local/lib/python3.12/site-packages/airflow/example_dags/example_xcomargs.py for tasks to queue
[2024-09-02T21:50:16.316+0000] {logging_mixin.py:188} INFO - [2024-09-02T21:50:16.316+0000] {dagbag.py:545} INFO - Filling up the DagBag from /home/airflow/.local/lib/python3.12/site-packages/airflow/example_dags/example_xcomargs.py
[2024-09-02T21:50:16.332+0000] {processor.py:840} INFO - DAG(s) 'example_xcom_args_with_operators', 'example_xcom_args' retrieved from /home/airflow/.local/lib/python3.12/site-packages/airflow/example_dags/example_xcomargs.py
[2024-09-02T21:50:16.382+0000] {logging_mixin.py:188} INFO - [2024-09-02T21:50:16.382+0000] {dag.py:3096} INFO - Sync 2 DAGs
[2024-09-02T21:50:16.401+0000] {logging_mixin.py:188} INFO - [2024-09-02T21:50:16.400+0000] {dag.py:3954} INFO - Setting next_dagrun for example_xcom_args to None, run_after=None
[2024-09-02T21:50:16.406+0000] {logging_mixin.py:188} INFO - [2024-09-02T21:50:16.406+0000] {dag.py:3954} INFO - Setting next_dagrun for example_xcom_args_with_operators to None, run_after=None
[2024-09-02T21:50:16.433+0000] {processor.py:183} INFO - Processing /home/airflow/.local/lib/python3.12/site-packages/airflow/example_dags/example_xcomargs.py took 0.133 seconds
[2024-09-02T21:50:47.494+0000] {processor.py:161} INFO - Started process (PID=842) to work on /home/airflow/.local/lib/python3.12/site-packages/airflow/example_dags/example_xcomargs.py
[2024-09-02T21:50:47.496+0000] {processor.py:830} INFO - Processing file /home/airflow/.local/lib/python3.12/site-packages/airflow/example_dags/example_xcomargs.py for tasks to queue
[2024-09-02T21:50:47.501+0000] {logging_mixin.py:188} INFO - [2024-09-02T21:50:47.500+0000] {dagbag.py:545} INFO - Filling up the DagBag from /home/airflow/.local/lib/python3.12/site-packages/airflow/example_dags/example_xcomargs.py
[2024-09-02T21:50:47.526+0000] {processor.py:840} INFO - DAG(s) 'example_xcom_args_with_operators', 'example_xcom_args' retrieved from /home/airflow/.local/lib/python3.12/site-packages/airflow/example_dags/example_xcomargs.py
[2024-09-02T21:50:47.575+0000] {logging_mixin.py:188} INFO - [2024-09-02T21:50:47.574+0000] {dag.py:3096} INFO - Sync 2 DAGs
[2024-09-02T21:50:47.619+0000] {logging_mixin.py:188} INFO - [2024-09-02T21:50:47.619+0000] {dag.py:3954} INFO - Setting next_dagrun for example_xcom_args to None, run_after=None
[2024-09-02T21:50:47.629+0000] {logging_mixin.py:188} INFO - [2024-09-02T21:50:47.629+0000] {dag.py:3954} INFO - Setting next_dagrun for example_xcom_args_with_operators to None, run_after=None
[2024-09-02T21:50:47.679+0000] {processor.py:183} INFO - Processing /home/airflow/.local/lib/python3.12/site-packages/airflow/example_dags/example_xcomargs.py took 0.196 seconds
[2024-09-02T21:51:17.893+0000] {processor.py:161} INFO - Started process (PID=902) to work on /home/airflow/.local/lib/python3.12/site-packages/airflow/example_dags/example_xcomargs.py
[2024-09-02T21:51:17.895+0000] {processor.py:830} INFO - Processing file /home/airflow/.local/lib/python3.12/site-packages/airflow/example_dags/example_xcomargs.py for tasks to queue
[2024-09-02T21:51:17.897+0000] {logging_mixin.py:188} INFO - [2024-09-02T21:51:17.897+0000] {dagbag.py:545} INFO - Filling up the DagBag from /home/airflow/.local/lib/python3.12/site-packages/airflow/example_dags/example_xcomargs.py
[2024-09-02T21:51:17.907+0000] {processor.py:840} INFO - DAG(s) 'example_xcom_args', 'example_xcom_args_with_operators' retrieved from /home/airflow/.local/lib/python3.12/site-packages/airflow/example_dags/example_xcomargs.py
[2024-09-02T21:51:17.935+0000] {logging_mixin.py:188} INFO - [2024-09-02T21:51:17.935+0000] {dag.py:3096} INFO - Sync 2 DAGs
[2024-09-02T21:51:17.957+0000] {logging_mixin.py:188} INFO - [2024-09-02T21:51:17.956+0000] {dag.py:3954} INFO - Setting next_dagrun for example_xcom_args to None, run_after=None
[2024-09-02T21:51:17.964+0000] {logging_mixin.py:188} INFO - [2024-09-02T21:51:17.963+0000] {dag.py:3954} INFO - Setting next_dagrun for example_xcom_args_with_operators to None, run_after=None
[2024-09-02T21:51:17.985+0000] {processor.py:183} INFO - Processing /home/airflow/.local/lib/python3.12/site-packages/airflow/example_dags/example_xcomargs.py took 0.098 seconds
[2024-09-02T21:51:48.893+0000] {processor.py:161} INFO - Started process (PID=962) to work on /home/airflow/.local/lib/python3.12/site-packages/airflow/example_dags/example_xcomargs.py
[2024-09-02T21:51:48.895+0000] {processor.py:830} INFO - Processing file /home/airflow/.local/lib/python3.12/site-packages/airflow/example_dags/example_xcomargs.py for tasks to queue
[2024-09-02T21:51:48.899+0000] {logging_mixin.py:188} INFO - [2024-09-02T21:51:48.898+0000] {dagbag.py:545} INFO - Filling up the DagBag from /home/airflow/.local/lib/python3.12/site-packages/airflow/example_dags/example_xcomargs.py
[2024-09-02T21:51:48.915+0000] {processor.py:840} INFO - DAG(s) 'example_xcom_args_with_operators', 'example_xcom_args' retrieved from /home/airflow/.local/lib/python3.12/site-packages/airflow/example_dags/example_xcomargs.py
[2024-09-02T21:51:48.959+0000] {logging_mixin.py:188} INFO - [2024-09-02T21:51:48.958+0000] {dag.py:3096} INFO - Sync 2 DAGs
[2024-09-02T21:51:48.987+0000] {logging_mixin.py:188} INFO - [2024-09-02T21:51:48.986+0000] {dag.py:3954} INFO - Setting next_dagrun for example_xcom_args to None, run_after=None
[2024-09-02T21:51:48.996+0000] {logging_mixin.py:188} INFO - [2024-09-02T21:51:48.995+0000] {dag.py:3954} INFO - Setting next_dagrun for example_xcom_args_with_operators to None, run_after=None
[2024-09-02T21:51:49.022+0000] {processor.py:183} INFO - Processing /home/airflow/.local/lib/python3.12/site-packages/airflow/example_dags/example_xcomargs.py took 0.139 seconds
[2024-09-02T21:52:19.406+0000] {processor.py:161} INFO - Started process (PID=1022) to work on /home/airflow/.local/lib/python3.12/site-packages/airflow/example_dags/example_xcomargs.py
[2024-09-02T21:52:19.408+0000] {processor.py:830} INFO - Processing file /home/airflow/.local/lib/python3.12/site-packages/airflow/example_dags/example_xcomargs.py for tasks to queue
[2024-09-02T21:52:19.411+0000] {logging_mixin.py:188} INFO - [2024-09-02T21:52:19.411+0000] {dagbag.py:545} INFO - Filling up the DagBag from /home/airflow/.local/lib/python3.12/site-packages/airflow/example_dags/example_xcomargs.py
[2024-09-02T21:52:19.430+0000] {processor.py:840} INFO - DAG(s) 'example_xcom_args_with_operators', 'example_xcom_args' retrieved from /home/airflow/.local/lib/python3.12/site-packages/airflow/example_dags/example_xcomargs.py
[2024-09-02T21:52:19.494+0000] {logging_mixin.py:188} INFO - [2024-09-02T21:52:19.493+0000] {dag.py:3096} INFO - Sync 2 DAGs
[2024-09-02T21:52:19.525+0000] {logging_mixin.py:188} INFO - [2024-09-02T21:52:19.525+0000] {dag.py:3954} INFO - Setting next_dagrun for example_xcom_args to None, run_after=None
[2024-09-02T21:52:19.532+0000] {logging_mixin.py:188} INFO - [2024-09-02T21:52:19.532+0000] {dag.py:3954} INFO - Setting next_dagrun for example_xcom_args_with_operators to None, run_after=None
[2024-09-02T21:52:19.578+0000] {processor.py:183} INFO - Processing /home/airflow/.local/lib/python3.12/site-packages/airflow/example_dags/example_xcomargs.py took 0.183 seconds
[2024-09-02T21:52:49.796+0000] {processor.py:161} INFO - Started process (PID=1082) to work on /home/airflow/.local/lib/python3.12/site-packages/airflow/example_dags/example_xcomargs.py
[2024-09-02T21:52:49.798+0000] {processor.py:830} INFO - Processing file /home/airflow/.local/lib/python3.12/site-packages/airflow/example_dags/example_xcomargs.py for tasks to queue
[2024-09-02T21:52:49.801+0000] {logging_mixin.py:188} INFO - [2024-09-02T21:52:49.801+0000] {dagbag.py:545} INFO - Filling up the DagBag from /home/airflow/.local/lib/python3.12/site-packages/airflow/example_dags/example_xcomargs.py
[2024-09-02T21:52:49.816+0000] {processor.py:840} INFO - DAG(s) 'example_xcom_args', 'example_xcom_args_with_operators' retrieved from /home/airflow/.local/lib/python3.12/site-packages/airflow/example_dags/example_xcomargs.py
[2024-09-02T21:52:49.877+0000] {logging_mixin.py:188} INFO - [2024-09-02T21:52:49.876+0000] {dag.py:3096} INFO - Sync 2 DAGs
[2024-09-02T21:52:49.913+0000] {logging_mixin.py:188} INFO - [2024-09-02T21:52:49.912+0000] {dag.py:3954} INFO - Setting next_dagrun for example_xcom_args to None, run_after=None
[2024-09-02T21:52:49.923+0000] {logging_mixin.py:188} INFO - [2024-09-02T21:52:49.922+0000] {dag.py:3954} INFO - Setting next_dagrun for example_xcom_args_with_operators to None, run_after=None
[2024-09-02T21:52:49.950+0000] {processor.py:183} INFO - Processing /home/airflow/.local/lib/python3.12/site-packages/airflow/example_dags/example_xcomargs.py took 0.164 seconds
[2024-09-02T21:53:20.056+0000] {processor.py:161} INFO - Started process (PID=1143) to work on /home/airflow/.local/lib/python3.12/site-packages/airflow/example_dags/example_xcomargs.py
[2024-09-02T21:53:20.058+0000] {processor.py:830} INFO - Processing file /home/airflow/.local/lib/python3.12/site-packages/airflow/example_dags/example_xcomargs.py for tasks to queue
[2024-09-02T21:53:20.063+0000] {logging_mixin.py:188} INFO - [2024-09-02T21:53:20.061+0000] {dagbag.py:545} INFO - Filling up the DagBag from /home/airflow/.local/lib/python3.12/site-packages/airflow/example_dags/example_xcomargs.py
[2024-09-02T21:53:20.085+0000] {processor.py:840} INFO - DAG(s) 'example_xcom_args', 'example_xcom_args_with_operators' retrieved from /home/airflow/.local/lib/python3.12/site-packages/airflow/example_dags/example_xcomargs.py
[2024-09-02T21:53:20.154+0000] {logging_mixin.py:188} INFO - [2024-09-02T21:53:20.153+0000] {dag.py:3096} INFO - Sync 2 DAGs
[2024-09-02T21:53:20.177+0000] {logging_mixin.py:188} INFO - [2024-09-02T21:53:20.177+0000] {dag.py:3954} INFO - Setting next_dagrun for example_xcom_args to None, run_after=None
[2024-09-02T21:53:20.185+0000] {logging_mixin.py:188} INFO - [2024-09-02T21:53:20.185+0000] {dag.py:3954} INFO - Setting next_dagrun for example_xcom_args_with_operators to None, run_after=None
[2024-09-02T21:53:20.258+0000] {processor.py:183} INFO - Processing /home/airflow/.local/lib/python3.12/site-packages/airflow/example_dags/example_xcomargs.py took 0.217 seconds
[2024-09-02T21:53:51.021+0000] {processor.py:161} INFO - Started process (PID=1203) to work on /home/airflow/.local/lib/python3.12/site-packages/airflow/example_dags/example_xcomargs.py
[2024-09-02T21:53:51.023+0000] {processor.py:830} INFO - Processing file /home/airflow/.local/lib/python3.12/site-packages/airflow/example_dags/example_xcomargs.py for tasks to queue
[2024-09-02T21:53:51.026+0000] {logging_mixin.py:188} INFO - [2024-09-02T21:53:51.026+0000] {dagbag.py:545} INFO - Filling up the DagBag from /home/airflow/.local/lib/python3.12/site-packages/airflow/example_dags/example_xcomargs.py
[2024-09-02T21:53:51.041+0000] {processor.py:840} INFO - DAG(s) 'example_xcom_args_with_operators', 'example_xcom_args' retrieved from /home/airflow/.local/lib/python3.12/site-packages/airflow/example_dags/example_xcomargs.py
[2024-09-02T21:53:51.084+0000] {logging_mixin.py:188} INFO - [2024-09-02T21:53:51.083+0000] {dag.py:3096} INFO - Sync 2 DAGs
[2024-09-02T21:53:51.103+0000] {logging_mixin.py:188} INFO - [2024-09-02T21:53:51.103+0000] {dag.py:3954} INFO - Setting next_dagrun for example_xcom_args to None, run_after=None
[2024-09-02T21:53:51.110+0000] {logging_mixin.py:188} INFO - [2024-09-02T21:53:51.109+0000] {dag.py:3954} INFO - Setting next_dagrun for example_xcom_args_with_operators to None, run_after=None
[2024-09-02T21:53:51.137+0000] {processor.py:183} INFO - Processing /home/airflow/.local/lib/python3.12/site-packages/airflow/example_dags/example_xcomargs.py took 0.128 seconds
[2024-09-02T21:54:22.006+0000] {processor.py:161} INFO - Started process (PID=1263) to work on /home/airflow/.local/lib/python3.12/site-packages/airflow/example_dags/example_xcomargs.py
[2024-09-02T21:54:22.007+0000] {processor.py:830} INFO - Processing file /home/airflow/.local/lib/python3.12/site-packages/airflow/example_dags/example_xcomargs.py for tasks to queue
[2024-09-02T21:54:22.010+0000] {logging_mixin.py:188} INFO - [2024-09-02T21:54:22.009+0000] {dagbag.py:545} INFO - Filling up the DagBag from /home/airflow/.local/lib/python3.12/site-packages/airflow/example_dags/example_xcomargs.py
[2024-09-02T21:54:22.021+0000] {processor.py:840} INFO - DAG(s) 'example_xcom_args', 'example_xcom_args_with_operators' retrieved from /home/airflow/.local/lib/python3.12/site-packages/airflow/example_dags/example_xcomargs.py
[2024-09-02T21:54:22.053+0000] {logging_mixin.py:188} INFO - [2024-09-02T21:54:22.053+0000] {dag.py:3096} INFO - Sync 2 DAGs
[2024-09-02T21:54:22.072+0000] {logging_mixin.py:188} INFO - [2024-09-02T21:54:22.072+0000] {dag.py:3954} INFO - Setting next_dagrun for example_xcom_args to None, run_after=None
[2024-09-02T21:54:22.080+0000] {logging_mixin.py:188} INFO - [2024-09-02T21:54:22.080+0000] {dag.py:3954} INFO - Setting next_dagrun for example_xcom_args_with_operators to None, run_after=None
[2024-09-02T21:54:22.106+0000] {processor.py:183} INFO - Processing /home/airflow/.local/lib/python3.12/site-packages/airflow/example_dags/example_xcomargs.py took 0.108 seconds
[2024-09-02T21:54:52.554+0000] {processor.py:161} INFO - Started process (PID=1323) to work on /home/airflow/.local/lib/python3.12/site-packages/airflow/example_dags/example_xcomargs.py
[2024-09-02T21:54:52.555+0000] {processor.py:830} INFO - Processing file /home/airflow/.local/lib/python3.12/site-packages/airflow/example_dags/example_xcomargs.py for tasks to queue
[2024-09-02T21:54:52.558+0000] {logging_mixin.py:188} INFO - [2024-09-02T21:54:52.558+0000] {dagbag.py:545} INFO - Filling up the DagBag from /home/airflow/.local/lib/python3.12/site-packages/airflow/example_dags/example_xcomargs.py
[2024-09-02T21:54:52.568+0000] {processor.py:840} INFO - DAG(s) 'example_xcom_args', 'example_xcom_args_with_operators' retrieved from /home/airflow/.local/lib/python3.12/site-packages/airflow/example_dags/example_xcomargs.py
[2024-09-02T21:54:52.595+0000] {logging_mixin.py:188} INFO - [2024-09-02T21:54:52.595+0000] {dag.py:3096} INFO - Sync 2 DAGs
[2024-09-02T21:54:52.613+0000] {logging_mixin.py:188} INFO - [2024-09-02T21:54:52.613+0000] {dag.py:3954} INFO - Setting next_dagrun for example_xcom_args to None, run_after=None
[2024-09-02T21:54:52.619+0000] {logging_mixin.py:188} INFO - [2024-09-02T21:54:52.619+0000] {dag.py:3954} INFO - Setting next_dagrun for example_xcom_args_with_operators to None, run_after=None
[2024-09-02T21:54:52.639+0000] {processor.py:183} INFO - Processing /home/airflow/.local/lib/python3.12/site-packages/airflow/example_dags/example_xcomargs.py took 0.091 seconds
[2024-09-02T21:55:23.411+0000] {processor.py:161} INFO - Started process (PID=1387) to work on /home/airflow/.local/lib/python3.12/site-packages/airflow/example_dags/example_xcomargs.py
[2024-09-02T21:55:23.412+0000] {processor.py:830} INFO - Processing file /home/airflow/.local/lib/python3.12/site-packages/airflow/example_dags/example_xcomargs.py for tasks to queue
[2024-09-02T21:55:23.415+0000] {logging_mixin.py:188} INFO - [2024-09-02T21:55:23.414+0000] {dagbag.py:545} INFO - Filling up the DagBag from /home/airflow/.local/lib/python3.12/site-packages/airflow/example_dags/example_xcomargs.py
[2024-09-02T21:55:23.425+0000] {processor.py:840} INFO - DAG(s) 'example_xcom_args_with_operators', 'example_xcom_args' retrieved from /home/airflow/.local/lib/python3.12/site-packages/airflow/example_dags/example_xcomargs.py
[2024-09-02T21:55:23.455+0000] {logging_mixin.py:188} INFO - [2024-09-02T21:55:23.455+0000] {dag.py:3096} INFO - Sync 2 DAGs
[2024-09-02T21:55:23.474+0000] {logging_mixin.py:188} INFO - [2024-09-02T21:55:23.473+0000] {dag.py:3954} INFO - Setting next_dagrun for example_xcom_args to None, run_after=None
[2024-09-02T21:55:23.479+0000] {logging_mixin.py:188} INFO - [2024-09-02T21:55:23.479+0000] {dag.py:3954} INFO - Setting next_dagrun for example_xcom_args_with_operators to None, run_after=None
[2024-09-02T21:55:23.503+0000] {processor.py:183} INFO - Processing /home/airflow/.local/lib/python3.12/site-packages/airflow/example_dags/example_xcomargs.py took 0.102 seconds
[2024-09-02T21:55:54.191+0000] {processor.py:161} INFO - Started process (PID=1450) to work on /home/airflow/.local/lib/python3.12/site-packages/airflow/example_dags/example_xcomargs.py
[2024-09-02T21:55:54.193+0000] {processor.py:830} INFO - Processing file /home/airflow/.local/lib/python3.12/site-packages/airflow/example_dags/example_xcomargs.py for tasks to queue
[2024-09-02T21:55:54.197+0000] {logging_mixin.py:188} INFO - [2024-09-02T21:55:54.196+0000] {dagbag.py:545} INFO - Filling up the DagBag from /home/airflow/.local/lib/python3.12/site-packages/airflow/example_dags/example_xcomargs.py
[2024-09-02T21:55:54.215+0000] {processor.py:840} INFO - DAG(s) 'example_xcom_args_with_operators', 'example_xcom_args' retrieved from /home/airflow/.local/lib/python3.12/site-packages/airflow/example_dags/example_xcomargs.py
[2024-09-02T21:55:54.250+0000] {logging_mixin.py:188} INFO - [2024-09-02T21:55:54.250+0000] {dag.py:3096} INFO - Sync 2 DAGs
[2024-09-02T21:55:54.272+0000] {logging_mixin.py:188} INFO - [2024-09-02T21:55:54.271+0000] {dag.py:3954} INFO - Setting next_dagrun for example_xcom_args to None, run_after=None
[2024-09-02T21:55:54.277+0000] {logging_mixin.py:188} INFO - [2024-09-02T21:55:54.277+0000] {dag.py:3954} INFO - Setting next_dagrun for example_xcom_args_with_operators to None, run_after=None
[2024-09-02T21:55:54.306+0000] {processor.py:183} INFO - Processing /home/airflow/.local/lib/python3.12/site-packages/airflow/example_dags/example_xcomargs.py took 0.131 seconds
