[2024-09-02T21:35:20.693+0000] {processor.py:161} INFO - Started process (PID=112) to work on /home/airflow/.local/lib/python3.12/site-packages/airflow/example_dags/example_branch_datetime_operator.py
[2024-09-02T21:35:20.696+0000] {processor.py:830} INFO - Processing file /home/airflow/.local/lib/python3.12/site-packages/airflow/example_dags/example_branch_datetime_operator.py for tasks to queue
[2024-09-02T21:35:20.712+0000] {logging_mixin.py:188} INFO - [2024-09-02T21:35:20.711+0000] {dagbag.py:545} INFO - Filling up the DagBag from /home/airflow/.local/lib/python3.12/site-packages/airflow/example_dags/example_branch_datetime_operator.py
[2024-09-02T21:35:20.821+0000] {processor.py:840} INFO - DAG(s) 'example_branch_datetime_operator', 'example_branch_datetime_operator_2', 'example_branch_datetime_operator_3' retrieved from /home/airflow/.local/lib/python3.12/site-packages/airflow/example_dags/example_branch_datetime_operator.py
[2024-09-02T21:35:21.461+0000] {logging_mixin.py:188} INFO - [2024-09-02T21:35:21.459+0000] {override.py:1829} INFO - Created Permission View: can edit on DAG:example_branch_datetime_operator
[2024-09-02T21:35:21.511+0000] {logging_mixin.py:188} INFO - [2024-09-02T21:35:21.510+0000] {override.py:1829} INFO - Created Permission View: can delete on DAG:example_branch_datetime_operator
[2024-09-02T21:35:21.598+0000] {logging_mixin.py:188} INFO - [2024-09-02T21:35:21.597+0000] {override.py:1829} INFO - Created Permission View: can read on DAG:example_branch_datetime_operator
[2024-09-02T21:35:21.663+0000] {logging_mixin.py:188} INFO - [2024-09-02T21:35:21.662+0000] {override.py:1829} INFO - Created Permission View: can edit on DAG:example_branch_datetime_operator_2
[2024-09-02T21:35:21.682+0000] {logging_mixin.py:188} INFO - [2024-09-02T21:35:21.681+0000] {override.py:1829} INFO - Created Permission View: can delete on DAG:example_branch_datetime_operator_2
[2024-09-02T21:35:21.707+0000] {logging_mixin.py:188} INFO - [2024-09-02T21:35:21.706+0000] {override.py:1829} INFO - Created Permission View: can read on DAG:example_branch_datetime_operator_2
[2024-09-02T21:35:21.750+0000] {logging_mixin.py:188} INFO - [2024-09-02T21:35:21.749+0000] {override.py:1829} INFO - Created Permission View: can edit on DAG:example_branch_datetime_operator_3
[2024-09-02T21:35:21.770+0000] {logging_mixin.py:188} INFO - [2024-09-02T21:35:21.769+0000] {override.py:1829} INFO - Created Permission View: can delete on DAG:example_branch_datetime_operator_3
[2024-09-02T21:35:21.789+0000] {logging_mixin.py:188} INFO - [2024-09-02T21:35:21.788+0000] {override.py:1829} INFO - Created Permission View: can read on DAG:example_branch_datetime_operator_3
[2024-09-02T21:35:21.792+0000] {logging_mixin.py:188} INFO - [2024-09-02T21:35:21.791+0000] {dag.py:3096} INFO - Sync 3 DAGs
[2024-09-02T21:35:21.837+0000] {logging_mixin.py:188} INFO - [2024-09-02T21:35:21.837+0000] {dag.py:3118} INFO - Creating ORM DAG for example_branch_datetime_operator_2
[2024-09-02T21:35:21.841+0000] {logging_mixin.py:188} INFO - [2024-09-02T21:35:21.840+0000] {dag.py:3118} INFO - Creating ORM DAG for example_branch_datetime_operator_3
[2024-09-02T21:35:21.845+0000] {logging_mixin.py:188} INFO - [2024-09-02T21:35:21.844+0000] {dag.py:3118} INFO - Creating ORM DAG for example_branch_datetime_operator
[2024-09-02T21:35:21.888+0000] {logging_mixin.py:188} INFO - [2024-09-02T21:35:21.888+0000] {dag.py:3954} INFO - Setting next_dagrun for example_branch_datetime_operator to 2024-09-01 00:00:00+00:00, run_after=2024-09-02 00:00:00+00:00
[2024-09-02T21:35:21.897+0000] {logging_mixin.py:188} INFO - [2024-09-02T21:35:21.896+0000] {dag.py:3954} INFO - Setting next_dagrun for example_branch_datetime_operator_2 to 2024-09-01 00:00:00+00:00, run_after=2024-09-02 00:00:00+00:00
[2024-09-02T21:35:21.904+0000] {logging_mixin.py:188} INFO - [2024-09-02T21:35:21.903+0000] {dag.py:3954} INFO - Setting next_dagrun for example_branch_datetime_operator_3 to 2024-09-01 00:00:00+00:00, run_after=2024-09-02 00:00:00+00:00
[2024-09-02T21:35:21.961+0000] {processor.py:183} INFO - Processing /home/airflow/.local/lib/python3.12/site-packages/airflow/example_dags/example_branch_datetime_operator.py took 1.292 seconds
[2024-09-02T21:35:52.589+0000] {processor.py:161} INFO - Started process (PID=171) to work on /home/airflow/.local/lib/python3.12/site-packages/airflow/example_dags/example_branch_datetime_operator.py
[2024-09-02T21:35:52.593+0000] {processor.py:830} INFO - Processing file /home/airflow/.local/lib/python3.12/site-packages/airflow/example_dags/example_branch_datetime_operator.py for tasks to queue
[2024-09-02T21:35:52.614+0000] {logging_mixin.py:188} INFO - [2024-09-02T21:35:52.604+0000] {dagbag.py:545} INFO - Filling up the DagBag from /home/airflow/.local/lib/python3.12/site-packages/airflow/example_dags/example_branch_datetime_operator.py
[2024-09-02T21:35:52.676+0000] {processor.py:840} INFO - DAG(s) 'example_branch_datetime_operator', 'example_branch_datetime_operator_3', 'example_branch_datetime_operator_2' retrieved from /home/airflow/.local/lib/python3.12/site-packages/airflow/example_dags/example_branch_datetime_operator.py
[2024-09-02T21:35:53.169+0000] {logging_mixin.py:188} INFO - [2024-09-02T21:35:53.168+0000] {dag.py:3096} INFO - Sync 3 DAGs
[2024-09-02T21:35:53.525+0000] {logging_mixin.py:188} INFO - [2024-09-02T21:35:53.513+0000] {dag.py:3954} INFO - Setting next_dagrun for example_branch_datetime_operator to 2024-09-01 00:00:00+00:00, run_after=2024-09-02 00:00:00+00:00
[2024-09-02T21:35:53.603+0000] {logging_mixin.py:188} INFO - [2024-09-02T21:35:53.592+0000] {dag.py:3954} INFO - Setting next_dagrun for example_branch_datetime_operator_2 to 2024-09-01 00:00:00+00:00, run_after=2024-09-02 00:00:00+00:00
[2024-09-02T21:35:53.639+0000] {logging_mixin.py:188} INFO - [2024-09-02T21:35:53.638+0000] {dag.py:3954} INFO - Setting next_dagrun for example_branch_datetime_operator_3 to 2024-09-01 00:00:00+00:00, run_after=2024-09-02 00:00:00+00:00
[2024-09-02T21:35:53.862+0000] {processor.py:183} INFO - Processing /home/airflow/.local/lib/python3.12/site-packages/airflow/example_dags/example_branch_datetime_operator.py took 1.310 seconds
[2024-09-02T21:38:47.746+0000] {processor.py:161} INFO - Started process (PID=110) to work on /home/airflow/.local/lib/python3.12/site-packages/airflow/example_dags/example_branch_datetime_operator.py
[2024-09-02T21:38:47.748+0000] {processor.py:830} INFO - Processing file /home/airflow/.local/lib/python3.12/site-packages/airflow/example_dags/example_branch_datetime_operator.py for tasks to queue
[2024-09-02T21:38:47.753+0000] {logging_mixin.py:188} INFO - [2024-09-02T21:38:47.752+0000] {dagbag.py:545} INFO - Filling up the DagBag from /home/airflow/.local/lib/python3.12/site-packages/airflow/example_dags/example_branch_datetime_operator.py
[2024-09-02T21:38:47.782+0000] {processor.py:840} INFO - DAG(s) 'example_branch_datetime_operator', 'example_branch_datetime_operator_3', 'example_branch_datetime_operator_2' retrieved from /home/airflow/.local/lib/python3.12/site-packages/airflow/example_dags/example_branch_datetime_operator.py
[2024-09-02T21:38:48.084+0000] {logging_mixin.py:188} INFO - [2024-09-02T21:38:48.082+0000] {override.py:1829} INFO - Created Permission View: can edit on DAG:example_branch_datetime_operator
[2024-09-02T21:38:48.109+0000] {logging_mixin.py:188} INFO - [2024-09-02T21:38:48.108+0000] {override.py:1829} INFO - Created Permission View: can read on DAG:example_branch_datetime_operator
[2024-09-02T21:38:48.125+0000] {logging_mixin.py:188} INFO - [2024-09-02T21:38:48.124+0000] {override.py:1829} INFO - Created Permission View: can delete on DAG:example_branch_datetime_operator
[2024-09-02T21:38:48.153+0000] {logging_mixin.py:188} INFO - [2024-09-02T21:38:48.153+0000] {override.py:1829} INFO - Created Permission View: can edit on DAG:example_branch_datetime_operator_3
[2024-09-02T21:38:48.171+0000] {logging_mixin.py:188} INFO - [2024-09-02T21:38:48.170+0000] {override.py:1829} INFO - Created Permission View: can read on DAG:example_branch_datetime_operator_3
[2024-09-02T21:38:48.183+0000] {logging_mixin.py:188} INFO - [2024-09-02T21:38:48.183+0000] {override.py:1829} INFO - Created Permission View: can delete on DAG:example_branch_datetime_operator_3
[2024-09-02T21:38:48.209+0000] {logging_mixin.py:188} INFO - [2024-09-02T21:38:48.209+0000] {override.py:1829} INFO - Created Permission View: can edit on DAG:example_branch_datetime_operator_2
[2024-09-02T21:38:48.224+0000] {logging_mixin.py:188} INFO - [2024-09-02T21:38:48.224+0000] {override.py:1829} INFO - Created Permission View: can read on DAG:example_branch_datetime_operator_2
[2024-09-02T21:38:48.239+0000] {logging_mixin.py:188} INFO - [2024-09-02T21:38:48.239+0000] {override.py:1829} INFO - Created Permission View: can delete on DAG:example_branch_datetime_operator_2
[2024-09-02T21:38:48.241+0000] {logging_mixin.py:188} INFO - [2024-09-02T21:38:48.241+0000] {dag.py:3096} INFO - Sync 3 DAGs
[2024-09-02T21:38:48.276+0000] {logging_mixin.py:188} INFO - [2024-09-02T21:38:48.276+0000] {dag.py:3118} INFO - Creating ORM DAG for example_branch_datetime_operator_3
[2024-09-02T21:38:48.279+0000] {logging_mixin.py:188} INFO - [2024-09-02T21:38:48.279+0000] {dag.py:3118} INFO - Creating ORM DAG for example_branch_datetime_operator_2
[2024-09-02T21:38:48.282+0000] {logging_mixin.py:188} INFO - [2024-09-02T21:38:48.281+0000] {dag.py:3118} INFO - Creating ORM DAG for example_branch_datetime_operator
[2024-09-02T21:38:48.313+0000] {logging_mixin.py:188} INFO - [2024-09-02T21:38:48.313+0000] {dag.py:3954} INFO - Setting next_dagrun for example_branch_datetime_operator to 2024-09-01 00:00:00+00:00, run_after=2024-09-02 00:00:00+00:00
[2024-09-02T21:38:48.319+0000] {logging_mixin.py:188} INFO - [2024-09-02T21:38:48.319+0000] {dag.py:3954} INFO - Setting next_dagrun for example_branch_datetime_operator_2 to 2024-09-01 00:00:00+00:00, run_after=2024-09-02 00:00:00+00:00
[2024-09-02T21:38:48.325+0000] {logging_mixin.py:188} INFO - [2024-09-02T21:38:48.325+0000] {dag.py:3954} INFO - Setting next_dagrun for example_branch_datetime_operator_3 to 2024-09-01 00:00:00+00:00, run_after=2024-09-02 00:00:00+00:00
[2024-09-02T21:38:48.376+0000] {processor.py:183} INFO - Processing /home/airflow/.local/lib/python3.12/site-packages/airflow/example_dags/example_branch_datetime_operator.py took 0.644 seconds
[2024-09-02T21:39:19.132+0000] {processor.py:161} INFO - Started process (PID=170) to work on /home/airflow/.local/lib/python3.12/site-packages/airflow/example_dags/example_branch_datetime_operator.py
[2024-09-02T21:39:19.135+0000] {processor.py:830} INFO - Processing file /home/airflow/.local/lib/python3.12/site-packages/airflow/example_dags/example_branch_datetime_operator.py for tasks to queue
[2024-09-02T21:39:19.140+0000] {logging_mixin.py:188} INFO - [2024-09-02T21:39:19.139+0000] {dagbag.py:545} INFO - Filling up the DagBag from /home/airflow/.local/lib/python3.12/site-packages/airflow/example_dags/example_branch_datetime_operator.py
[2024-09-02T21:39:19.169+0000] {processor.py:840} INFO - DAG(s) 'example_branch_datetime_operator_3', 'example_branch_datetime_operator', 'example_branch_datetime_operator_2' retrieved from /home/airflow/.local/lib/python3.12/site-packages/airflow/example_dags/example_branch_datetime_operator.py
[2024-09-02T21:39:19.234+0000] {logging_mixin.py:188} INFO - [2024-09-02T21:39:19.234+0000] {dag.py:3096} INFO - Sync 3 DAGs
[2024-09-02T21:39:19.312+0000] {logging_mixin.py:188} INFO - [2024-09-02T21:39:19.310+0000] {dag.py:3954} INFO - Setting next_dagrun for example_branch_datetime_operator to 2024-09-01 00:00:00+00:00, run_after=2024-09-02 00:00:00+00:00
[2024-09-02T21:39:19.326+0000] {logging_mixin.py:188} INFO - [2024-09-02T21:39:19.325+0000] {dag.py:3954} INFO - Setting next_dagrun for example_branch_datetime_operator_2 to 2024-09-01 00:00:00+00:00, run_after=2024-09-02 00:00:00+00:00
[2024-09-02T21:39:19.334+0000] {logging_mixin.py:188} INFO - [2024-09-02T21:39:19.334+0000] {dag.py:3954} INFO - Setting next_dagrun for example_branch_datetime_operator_3 to 2024-09-01 00:00:00+00:00, run_after=2024-09-02 00:00:00+00:00
[2024-09-02T21:39:19.371+0000] {processor.py:183} INFO - Processing /home/airflow/.local/lib/python3.12/site-packages/airflow/example_dags/example_branch_datetime_operator.py took 0.254 seconds
[2024-09-02T21:39:49.571+0000] {processor.py:161} INFO - Started process (PID=231) to work on /home/airflow/.local/lib/python3.12/site-packages/airflow/example_dags/example_branch_datetime_operator.py
[2024-09-02T21:39:49.572+0000] {processor.py:830} INFO - Processing file /home/airflow/.local/lib/python3.12/site-packages/airflow/example_dags/example_branch_datetime_operator.py for tasks to queue
[2024-09-02T21:39:49.574+0000] {logging_mixin.py:188} INFO - [2024-09-02T21:39:49.574+0000] {dagbag.py:545} INFO - Filling up the DagBag from /home/airflow/.local/lib/python3.12/site-packages/airflow/example_dags/example_branch_datetime_operator.py
[2024-09-02T21:39:49.583+0000] {processor.py:840} INFO - DAG(s) 'example_branch_datetime_operator_2', 'example_branch_datetime_operator', 'example_branch_datetime_operator_3' retrieved from /home/airflow/.local/lib/python3.12/site-packages/airflow/example_dags/example_branch_datetime_operator.py
[2024-09-02T21:39:49.608+0000] {logging_mixin.py:188} INFO - [2024-09-02T21:39:49.608+0000] {dag.py:3096} INFO - Sync 3 DAGs
[2024-09-02T21:39:49.635+0000] {logging_mixin.py:188} INFO - [2024-09-02T21:39:49.635+0000] {dag.py:3954} INFO - Setting next_dagrun for example_branch_datetime_operator to 2024-09-01 00:00:00+00:00, run_after=2024-09-02 00:00:00+00:00
[2024-09-02T21:39:49.642+0000] {logging_mixin.py:188} INFO - [2024-09-02T21:39:49.642+0000] {dag.py:3954} INFO - Setting next_dagrun for example_branch_datetime_operator_2 to 2024-09-01 00:00:00+00:00, run_after=2024-09-02 00:00:00+00:00
[2024-09-02T21:39:49.646+0000] {logging_mixin.py:188} INFO - [2024-09-02T21:39:49.645+0000] {dag.py:3954} INFO - Setting next_dagrun for example_branch_datetime_operator_3 to 2024-09-01 00:00:00+00:00, run_after=2024-09-02 00:00:00+00:00
[2024-09-02T21:39:49.662+0000] {processor.py:183} INFO - Processing /home/airflow/.local/lib/python3.12/site-packages/airflow/example_dags/example_branch_datetime_operator.py took 0.097 seconds
[2024-09-02T21:40:19.832+0000] {processor.py:161} INFO - Started process (PID=290) to work on /home/airflow/.local/lib/python3.12/site-packages/airflow/example_dags/example_branch_datetime_operator.py
[2024-09-02T21:40:19.835+0000] {processor.py:830} INFO - Processing file /home/airflow/.local/lib/python3.12/site-packages/airflow/example_dags/example_branch_datetime_operator.py for tasks to queue
[2024-09-02T21:40:19.839+0000] {logging_mixin.py:188} INFO - [2024-09-02T21:40:19.838+0000] {dagbag.py:545} INFO - Filling up the DagBag from /home/airflow/.local/lib/python3.12/site-packages/airflow/example_dags/example_branch_datetime_operator.py
[2024-09-02T21:40:19.863+0000] {processor.py:840} INFO - DAG(s) 'example_branch_datetime_operator_2', 'example_branch_datetime_operator_3', 'example_branch_datetime_operator' retrieved from /home/airflow/.local/lib/python3.12/site-packages/airflow/example_dags/example_branch_datetime_operator.py
[2024-09-02T21:40:19.931+0000] {logging_mixin.py:188} INFO - [2024-09-02T21:40:19.930+0000] {dag.py:3096} INFO - Sync 3 DAGs
[2024-09-02T21:40:19.973+0000] {logging_mixin.py:188} INFO - [2024-09-02T21:40:19.973+0000] {dag.py:3954} INFO - Setting next_dagrun for example_branch_datetime_operator to 2024-09-01 00:00:00+00:00, run_after=2024-09-02 00:00:00+00:00
[2024-09-02T21:40:19.981+0000] {logging_mixin.py:188} INFO - [2024-09-02T21:40:19.980+0000] {dag.py:3954} INFO - Setting next_dagrun for example_branch_datetime_operator_2 to 2024-09-01 00:00:00+00:00, run_after=2024-09-02 00:00:00+00:00
[2024-09-02T21:40:19.984+0000] {logging_mixin.py:188} INFO - [2024-09-02T21:40:19.984+0000] {dag.py:3954} INFO - Setting next_dagrun for example_branch_datetime_operator_3 to 2024-09-01 00:00:00+00:00, run_after=2024-09-02 00:00:00+00:00
[2024-09-02T21:40:20.010+0000] {processor.py:183} INFO - Processing /home/airflow/.local/lib/python3.12/site-packages/airflow/example_dags/example_branch_datetime_operator.py took 0.193 seconds
[2024-09-02T21:40:50.285+0000] {processor.py:161} INFO - Started process (PID=350) to work on /home/airflow/.local/lib/python3.12/site-packages/airflow/example_dags/example_branch_datetime_operator.py
[2024-09-02T21:40:50.287+0000] {processor.py:830} INFO - Processing file /home/airflow/.local/lib/python3.12/site-packages/airflow/example_dags/example_branch_datetime_operator.py for tasks to queue
[2024-09-02T21:40:50.289+0000] {logging_mixin.py:188} INFO - [2024-09-02T21:40:50.289+0000] {dagbag.py:545} INFO - Filling up the DagBag from /home/airflow/.local/lib/python3.12/site-packages/airflow/example_dags/example_branch_datetime_operator.py
[2024-09-02T21:40:50.301+0000] {processor.py:840} INFO - DAG(s) 'example_branch_datetime_operator', 'example_branch_datetime_operator_3', 'example_branch_datetime_operator_2' retrieved from /home/airflow/.local/lib/python3.12/site-packages/airflow/example_dags/example_branch_datetime_operator.py
[2024-09-02T21:40:50.351+0000] {logging_mixin.py:188} INFO - [2024-09-02T21:40:50.350+0000] {dag.py:3096} INFO - Sync 3 DAGs
[2024-09-02T21:40:50.385+0000] {logging_mixin.py:188} INFO - [2024-09-02T21:40:50.385+0000] {dag.py:3954} INFO - Setting next_dagrun for example_branch_datetime_operator to 2024-09-01 00:00:00+00:00, run_after=2024-09-02 00:00:00+00:00
[2024-09-02T21:40:50.393+0000] {logging_mixin.py:188} INFO - [2024-09-02T21:40:50.393+0000] {dag.py:3954} INFO - Setting next_dagrun for example_branch_datetime_operator_2 to 2024-09-01 00:00:00+00:00, run_after=2024-09-02 00:00:00+00:00
[2024-09-02T21:40:50.396+0000] {logging_mixin.py:188} INFO - [2024-09-02T21:40:50.396+0000] {dag.py:3954} INFO - Setting next_dagrun for example_branch_datetime_operator_3 to 2024-09-01 00:00:00+00:00, run_after=2024-09-02 00:00:00+00:00
[2024-09-02T21:40:50.418+0000] {processor.py:183} INFO - Processing /home/airflow/.local/lib/python3.12/site-packages/airflow/example_dags/example_branch_datetime_operator.py took 0.139 seconds
[2024-09-02T21:44:38.342+0000] {processor.py:161} INFO - Started process (PID=104) to work on /home/airflow/.local/lib/python3.12/site-packages/airflow/example_dags/example_branch_datetime_operator.py
[2024-09-02T21:44:38.344+0000] {processor.py:830} INFO - Processing file /home/airflow/.local/lib/python3.12/site-packages/airflow/example_dags/example_branch_datetime_operator.py for tasks to queue
[2024-09-02T21:44:38.348+0000] {logging_mixin.py:188} INFO - [2024-09-02T21:44:38.347+0000] {dagbag.py:545} INFO - Filling up the DagBag from /home/airflow/.local/lib/python3.12/site-packages/airflow/example_dags/example_branch_datetime_operator.py
[2024-09-02T21:44:38.374+0000] {processor.py:840} INFO - DAG(s) 'example_branch_datetime_operator_3', 'example_branch_datetime_operator_2', 'example_branch_datetime_operator' retrieved from /home/airflow/.local/lib/python3.12/site-packages/airflow/example_dags/example_branch_datetime_operator.py
[2024-09-02T21:44:38.594+0000] {logging_mixin.py:188} INFO - [2024-09-02T21:44:38.593+0000] {override.py:1829} INFO - Created Permission View: can read on DAG:example_branch_datetime_operator_3
[2024-09-02T21:44:38.614+0000] {logging_mixin.py:188} INFO - [2024-09-02T21:44:38.613+0000] {override.py:1829} INFO - Created Permission View: can delete on DAG:example_branch_datetime_operator_3
[2024-09-02T21:44:38.627+0000] {logging_mixin.py:188} INFO - [2024-09-02T21:44:38.626+0000] {override.py:1829} INFO - Created Permission View: can edit on DAG:example_branch_datetime_operator_3
[2024-09-02T21:44:38.650+0000] {logging_mixin.py:188} INFO - [2024-09-02T21:44:38.650+0000] {override.py:1829} INFO - Created Permission View: can read on DAG:example_branch_datetime_operator_2
[2024-09-02T21:44:38.663+0000] {logging_mixin.py:188} INFO - [2024-09-02T21:44:38.662+0000] {override.py:1829} INFO - Created Permission View: can delete on DAG:example_branch_datetime_operator_2
[2024-09-02T21:44:38.675+0000] {logging_mixin.py:188} INFO - [2024-09-02T21:44:38.675+0000] {override.py:1829} INFO - Created Permission View: can edit on DAG:example_branch_datetime_operator_2
[2024-09-02T21:44:38.701+0000] {logging_mixin.py:188} INFO - [2024-09-02T21:44:38.700+0000] {override.py:1829} INFO - Created Permission View: can read on DAG:example_branch_datetime_operator
[2024-09-02T21:44:38.714+0000] {logging_mixin.py:188} INFO - [2024-09-02T21:44:38.713+0000] {override.py:1829} INFO - Created Permission View: can delete on DAG:example_branch_datetime_operator
[2024-09-02T21:44:38.725+0000] {logging_mixin.py:188} INFO - [2024-09-02T21:44:38.725+0000] {override.py:1829} INFO - Created Permission View: can edit on DAG:example_branch_datetime_operator
[2024-09-02T21:44:38.727+0000] {logging_mixin.py:188} INFO - [2024-09-02T21:44:38.726+0000] {dag.py:3096} INFO - Sync 3 DAGs
[2024-09-02T21:44:38.746+0000] {logging_mixin.py:188} INFO - [2024-09-02T21:44:38.746+0000] {dag.py:3118} INFO - Creating ORM DAG for example_branch_datetime_operator_3
[2024-09-02T21:44:38.748+0000] {logging_mixin.py:188} INFO - [2024-09-02T21:44:38.748+0000] {dag.py:3118} INFO - Creating ORM DAG for example_branch_datetime_operator
[2024-09-02T21:44:38.750+0000] {logging_mixin.py:188} INFO - [2024-09-02T21:44:38.750+0000] {dag.py:3118} INFO - Creating ORM DAG for example_branch_datetime_operator_2
[2024-09-02T21:44:38.770+0000] {logging_mixin.py:188} INFO - [2024-09-02T21:44:38.770+0000] {dag.py:3954} INFO - Setting next_dagrun for example_branch_datetime_operator to 2024-09-01 00:00:00+00:00, run_after=2024-09-02 00:00:00+00:00
[2024-09-02T21:44:38.774+0000] {logging_mixin.py:188} INFO - [2024-09-02T21:44:38.774+0000] {dag.py:3954} INFO - Setting next_dagrun for example_branch_datetime_operator_2 to 2024-09-01 00:00:00+00:00, run_after=2024-09-02 00:00:00+00:00
[2024-09-02T21:44:38.778+0000] {logging_mixin.py:188} INFO - [2024-09-02T21:44:38.777+0000] {dag.py:3954} INFO - Setting next_dagrun for example_branch_datetime_operator_3 to 2024-09-01 00:00:00+00:00, run_after=2024-09-02 00:00:00+00:00
[2024-09-02T21:44:38.814+0000] {processor.py:183} INFO - Processing /home/airflow/.local/lib/python3.12/site-packages/airflow/example_dags/example_branch_datetime_operator.py took 0.484 seconds
[2024-09-02T21:45:09.084+0000] {processor.py:161} INFO - Started process (PID=164) to work on /home/airflow/.local/lib/python3.12/site-packages/airflow/example_dags/example_branch_datetime_operator.py
[2024-09-02T21:45:09.086+0000] {processor.py:830} INFO - Processing file /home/airflow/.local/lib/python3.12/site-packages/airflow/example_dags/example_branch_datetime_operator.py for tasks to queue
[2024-09-02T21:45:09.088+0000] {logging_mixin.py:188} INFO - [2024-09-02T21:45:09.088+0000] {dagbag.py:545} INFO - Filling up the DagBag from /home/airflow/.local/lib/python3.12/site-packages/airflow/example_dags/example_branch_datetime_operator.py
[2024-09-02T21:45:09.100+0000] {processor.py:840} INFO - DAG(s) 'example_branch_datetime_operator', 'example_branch_datetime_operator_3', 'example_branch_datetime_operator_2' retrieved from /home/airflow/.local/lib/python3.12/site-packages/airflow/example_dags/example_branch_datetime_operator.py
[2024-09-02T21:45:09.135+0000] {logging_mixin.py:188} INFO - [2024-09-02T21:45:09.135+0000] {dag.py:3096} INFO - Sync 3 DAGs
[2024-09-02T21:45:09.163+0000] {logging_mixin.py:188} INFO - [2024-09-02T21:45:09.163+0000] {dag.py:3954} INFO - Setting next_dagrun for example_branch_datetime_operator to 2024-09-01 00:00:00+00:00, run_after=2024-09-02 00:00:00+00:00
[2024-09-02T21:45:09.170+0000] {logging_mixin.py:188} INFO - [2024-09-02T21:45:09.170+0000] {dag.py:3954} INFO - Setting next_dagrun for example_branch_datetime_operator_2 to 2024-09-01 00:00:00+00:00, run_after=2024-09-02 00:00:00+00:00
[2024-09-02T21:45:09.173+0000] {logging_mixin.py:188} INFO - [2024-09-02T21:45:09.173+0000] {dag.py:3954} INFO - Setting next_dagrun for example_branch_datetime_operator_3 to 2024-09-01 00:00:00+00:00, run_after=2024-09-02 00:00:00+00:00
[2024-09-02T21:45:09.196+0000] {processor.py:183} INFO - Processing /home/airflow/.local/lib/python3.12/site-packages/airflow/example_dags/example_branch_datetime_operator.py took 0.119 seconds
[2024-09-02T21:45:39.742+0000] {processor.py:161} INFO - Started process (PID=224) to work on /home/airflow/.local/lib/python3.12/site-packages/airflow/example_dags/example_branch_datetime_operator.py
[2024-09-02T21:45:39.744+0000] {processor.py:830} INFO - Processing file /home/airflow/.local/lib/python3.12/site-packages/airflow/example_dags/example_branch_datetime_operator.py for tasks to queue
[2024-09-02T21:45:39.747+0000] {logging_mixin.py:188} INFO - [2024-09-02T21:45:39.746+0000] {dagbag.py:545} INFO - Filling up the DagBag from /home/airflow/.local/lib/python3.12/site-packages/airflow/example_dags/example_branch_datetime_operator.py
[2024-09-02T21:45:39.766+0000] {processor.py:840} INFO - DAG(s) 'example_branch_datetime_operator_2', 'example_branch_datetime_operator_3', 'example_branch_datetime_operator' retrieved from /home/airflow/.local/lib/python3.12/site-packages/airflow/example_dags/example_branch_datetime_operator.py
[2024-09-02T21:45:39.807+0000] {logging_mixin.py:188} INFO - [2024-09-02T21:45:39.807+0000] {dag.py:3096} INFO - Sync 3 DAGs
[2024-09-02T21:45:39.844+0000] {logging_mixin.py:188} INFO - [2024-09-02T21:45:39.844+0000] {dag.py:3954} INFO - Setting next_dagrun for example_branch_datetime_operator to 2024-09-01 00:00:00+00:00, run_after=2024-09-02 00:00:00+00:00
[2024-09-02T21:45:39.855+0000] {logging_mixin.py:188} INFO - [2024-09-02T21:45:39.855+0000] {dag.py:3954} INFO - Setting next_dagrun for example_branch_datetime_operator_2 to 2024-09-01 00:00:00+00:00, run_after=2024-09-02 00:00:00+00:00
[2024-09-02T21:45:39.860+0000] {logging_mixin.py:188} INFO - [2024-09-02T21:45:39.860+0000] {dag.py:3954} INFO - Setting next_dagrun for example_branch_datetime_operator_3 to 2024-09-01 00:00:00+00:00, run_after=2024-09-02 00:00:00+00:00
[2024-09-02T21:45:39.884+0000] {processor.py:183} INFO - Processing /home/airflow/.local/lib/python3.12/site-packages/airflow/example_dags/example_branch_datetime_operator.py took 0.157 seconds
[2024-09-02T21:46:09.972+0000] {processor.py:161} INFO - Started process (PID=285) to work on /home/airflow/.local/lib/python3.12/site-packages/airflow/example_dags/example_branch_datetime_operator.py
[2024-09-02T21:46:09.974+0000] {processor.py:830} INFO - Processing file /home/airflow/.local/lib/python3.12/site-packages/airflow/example_dags/example_branch_datetime_operator.py for tasks to queue
[2024-09-02T21:46:09.976+0000] {logging_mixin.py:188} INFO - [2024-09-02T21:46:09.976+0000] {dagbag.py:545} INFO - Filling up the DagBag from /home/airflow/.local/lib/python3.12/site-packages/airflow/example_dags/example_branch_datetime_operator.py
[2024-09-02T21:46:09.987+0000] {processor.py:840} INFO - DAG(s) 'example_branch_datetime_operator_3', 'example_branch_datetime_operator', 'example_branch_datetime_operator_2' retrieved from /home/airflow/.local/lib/python3.12/site-packages/airflow/example_dags/example_branch_datetime_operator.py
[2024-09-02T21:46:10.019+0000] {logging_mixin.py:188} INFO - [2024-09-02T21:46:10.019+0000] {dag.py:3096} INFO - Sync 3 DAGs
[2024-09-02T21:46:10.047+0000] {logging_mixin.py:188} INFO - [2024-09-02T21:46:10.047+0000] {dag.py:3954} INFO - Setting next_dagrun for example_branch_datetime_operator to 2024-09-01 00:00:00+00:00, run_after=2024-09-02 00:00:00+00:00
[2024-09-02T21:46:10.053+0000] {logging_mixin.py:188} INFO - [2024-09-02T21:46:10.053+0000] {dag.py:3954} INFO - Setting next_dagrun for example_branch_datetime_operator_2 to 2024-09-01 00:00:00+00:00, run_after=2024-09-02 00:00:00+00:00
[2024-09-02T21:46:10.056+0000] {logging_mixin.py:188} INFO - [2024-09-02T21:46:10.056+0000] {dag.py:3954} INFO - Setting next_dagrun for example_branch_datetime_operator_3 to 2024-09-01 00:00:00+00:00, run_after=2024-09-02 00:00:00+00:00
[2024-09-02T21:46:10.080+0000] {processor.py:183} INFO - Processing /home/airflow/.local/lib/python3.12/site-packages/airflow/example_dags/example_branch_datetime_operator.py took 0.115 seconds
[2024-09-02T21:46:40.224+0000] {processor.py:161} INFO - Started process (PID=345) to work on /home/airflow/.local/lib/python3.12/site-packages/airflow/example_dags/example_branch_datetime_operator.py
[2024-09-02T21:46:40.225+0000] {processor.py:830} INFO - Processing file /home/airflow/.local/lib/python3.12/site-packages/airflow/example_dags/example_branch_datetime_operator.py for tasks to queue
[2024-09-02T21:46:40.228+0000] {logging_mixin.py:188} INFO - [2024-09-02T21:46:40.227+0000] {dagbag.py:545} INFO - Filling up the DagBag from /home/airflow/.local/lib/python3.12/site-packages/airflow/example_dags/example_branch_datetime_operator.py
[2024-09-02T21:46:40.239+0000] {processor.py:840} INFO - DAG(s) 'example_branch_datetime_operator_2', 'example_branch_datetime_operator', 'example_branch_datetime_operator_3' retrieved from /home/airflow/.local/lib/python3.12/site-packages/airflow/example_dags/example_branch_datetime_operator.py
[2024-09-02T21:46:40.273+0000] {logging_mixin.py:188} INFO - [2024-09-02T21:46:40.273+0000] {dag.py:3096} INFO - Sync 3 DAGs
[2024-09-02T21:46:40.322+0000] {logging_mixin.py:188} INFO - [2024-09-02T21:46:40.321+0000] {dag.py:3954} INFO - Setting next_dagrun for example_branch_datetime_operator to 2024-09-01 00:00:00+00:00, run_after=2024-09-02 00:00:00+00:00
[2024-09-02T21:46:40.338+0000] {logging_mixin.py:188} INFO - [2024-09-02T21:46:40.337+0000] {dag.py:3954} INFO - Setting next_dagrun for example_branch_datetime_operator_2 to 2024-09-01 00:00:00+00:00, run_after=2024-09-02 00:00:00+00:00
[2024-09-02T21:46:40.344+0000] {logging_mixin.py:188} INFO - [2024-09-02T21:46:40.343+0000] {dag.py:3954} INFO - Setting next_dagrun for example_branch_datetime_operator_3 to 2024-09-01 00:00:00+00:00, run_after=2024-09-02 00:00:00+00:00
[2024-09-02T21:46:40.381+0000] {processor.py:183} INFO - Processing /home/airflow/.local/lib/python3.12/site-packages/airflow/example_dags/example_branch_datetime_operator.py took 0.165 seconds
[2024-09-02T21:47:10.620+0000] {processor.py:161} INFO - Started process (PID=405) to work on /home/airflow/.local/lib/python3.12/site-packages/airflow/example_dags/example_branch_datetime_operator.py
[2024-09-02T21:47:10.621+0000] {processor.py:830} INFO - Processing file /home/airflow/.local/lib/python3.12/site-packages/airflow/example_dags/example_branch_datetime_operator.py for tasks to queue
[2024-09-02T21:47:10.624+0000] {logging_mixin.py:188} INFO - [2024-09-02T21:47:10.623+0000] {dagbag.py:545} INFO - Filling up the DagBag from /home/airflow/.local/lib/python3.12/site-packages/airflow/example_dags/example_branch_datetime_operator.py
[2024-09-02T21:47:10.637+0000] {processor.py:840} INFO - DAG(s) 'example_branch_datetime_operator_3', 'example_branch_datetime_operator_2', 'example_branch_datetime_operator' retrieved from /home/airflow/.local/lib/python3.12/site-packages/airflow/example_dags/example_branch_datetime_operator.py
[2024-09-02T21:47:10.680+0000] {logging_mixin.py:188} INFO - [2024-09-02T21:47:10.679+0000] {dag.py:3096} INFO - Sync 3 DAGs
[2024-09-02T21:47:10.713+0000] {logging_mixin.py:188} INFO - [2024-09-02T21:47:10.713+0000] {dag.py:3954} INFO - Setting next_dagrun for example_branch_datetime_operator to 2024-09-01 00:00:00+00:00, run_after=2024-09-02 00:00:00+00:00
[2024-09-02T21:47:10.721+0000] {logging_mixin.py:188} INFO - [2024-09-02T21:47:10.721+0000] {dag.py:3954} INFO - Setting next_dagrun for example_branch_datetime_operator_2 to 2024-09-01 00:00:00+00:00, run_after=2024-09-02 00:00:00+00:00
[2024-09-02T21:47:10.726+0000] {logging_mixin.py:188} INFO - [2024-09-02T21:47:10.725+0000] {dag.py:3954} INFO - Setting next_dagrun for example_branch_datetime_operator_3 to 2024-09-01 00:00:00+00:00, run_after=2024-09-02 00:00:00+00:00
[2024-09-02T21:47:10.752+0000] {processor.py:183} INFO - Processing /home/airflow/.local/lib/python3.12/site-packages/airflow/example_dags/example_branch_datetime_operator.py took 0.139 seconds
[2024-09-02T21:47:41.658+0000] {processor.py:161} INFO - Started process (PID=465) to work on /home/airflow/.local/lib/python3.12/site-packages/airflow/example_dags/example_branch_datetime_operator.py
[2024-09-02T21:47:41.660+0000] {processor.py:830} INFO - Processing file /home/airflow/.local/lib/python3.12/site-packages/airflow/example_dags/example_branch_datetime_operator.py for tasks to queue
[2024-09-02T21:47:41.663+0000] {logging_mixin.py:188} INFO - [2024-09-02T21:47:41.662+0000] {dagbag.py:545} INFO - Filling up the DagBag from /home/airflow/.local/lib/python3.12/site-packages/airflow/example_dags/example_branch_datetime_operator.py
[2024-09-02T21:47:41.676+0000] {processor.py:840} INFO - DAG(s) 'example_branch_datetime_operator', 'example_branch_datetime_operator_2', 'example_branch_datetime_operator_3' retrieved from /home/airflow/.local/lib/python3.12/site-packages/airflow/example_dags/example_branch_datetime_operator.py
[2024-09-02T21:47:41.712+0000] {logging_mixin.py:188} INFO - [2024-09-02T21:47:41.711+0000] {dag.py:3096} INFO - Sync 3 DAGs
[2024-09-02T21:47:41.742+0000] {logging_mixin.py:188} INFO - [2024-09-02T21:47:41.742+0000] {dag.py:3954} INFO - Setting next_dagrun for example_branch_datetime_operator to 2024-09-01 00:00:00+00:00, run_after=2024-09-02 00:00:00+00:00
[2024-09-02T21:47:41.750+0000] {logging_mixin.py:188} INFO - [2024-09-02T21:47:41.750+0000] {dag.py:3954} INFO - Setting next_dagrun for example_branch_datetime_operator_2 to 2024-09-01 00:00:00+00:00, run_after=2024-09-02 00:00:00+00:00
[2024-09-02T21:47:41.754+0000] {logging_mixin.py:188} INFO - [2024-09-02T21:47:41.754+0000] {dag.py:3954} INFO - Setting next_dagrun for example_branch_datetime_operator_3 to 2024-09-01 00:00:00+00:00, run_after=2024-09-02 00:00:00+00:00
[2024-09-02T21:47:41.775+0000] {processor.py:183} INFO - Processing /home/airflow/.local/lib/python3.12/site-packages/airflow/example_dags/example_branch_datetime_operator.py took 0.126 seconds
[2024-09-02T21:48:12.323+0000] {processor.py:161} INFO - Started process (PID=525) to work on /home/airflow/.local/lib/python3.12/site-packages/airflow/example_dags/example_branch_datetime_operator.py
[2024-09-02T21:48:12.325+0000] {processor.py:830} INFO - Processing file /home/airflow/.local/lib/python3.12/site-packages/airflow/example_dags/example_branch_datetime_operator.py for tasks to queue
[2024-09-02T21:48:12.330+0000] {logging_mixin.py:188} INFO - [2024-09-02T21:48:12.329+0000] {dagbag.py:545} INFO - Filling up the DagBag from /home/airflow/.local/lib/python3.12/site-packages/airflow/example_dags/example_branch_datetime_operator.py
[2024-09-02T21:48:12.352+0000] {processor.py:840} INFO - DAG(s) 'example_branch_datetime_operator', 'example_branch_datetime_operator_2', 'example_branch_datetime_operator_3' retrieved from /home/airflow/.local/lib/python3.12/site-packages/airflow/example_dags/example_branch_datetime_operator.py
[2024-09-02T21:48:12.407+0000] {logging_mixin.py:188} INFO - [2024-09-02T21:48:12.407+0000] {dag.py:3096} INFO - Sync 3 DAGs
[2024-09-02T21:48:12.465+0000] {logging_mixin.py:188} INFO - [2024-09-02T21:48:12.464+0000] {dag.py:3954} INFO - Setting next_dagrun for example_branch_datetime_operator to 2024-09-01 00:00:00+00:00, run_after=2024-09-02 00:00:00+00:00
[2024-09-02T21:48:12.477+0000] {logging_mixin.py:188} INFO - [2024-09-02T21:48:12.476+0000] {dag.py:3954} INFO - Setting next_dagrun for example_branch_datetime_operator_2 to 2024-09-01 00:00:00+00:00, run_after=2024-09-02 00:00:00+00:00
[2024-09-02T21:48:12.484+0000] {logging_mixin.py:188} INFO - [2024-09-02T21:48:12.483+0000] {dag.py:3954} INFO - Setting next_dagrun for example_branch_datetime_operator_3 to 2024-09-01 00:00:00+00:00, run_after=2024-09-02 00:00:00+00:00
[2024-09-02T21:48:12.521+0000] {processor.py:183} INFO - Processing /home/airflow/.local/lib/python3.12/site-packages/airflow/example_dags/example_branch_datetime_operator.py took 0.212 seconds
[2024-09-02T21:48:43.026+0000] {processor.py:161} INFO - Started process (PID=585) to work on /home/airflow/.local/lib/python3.12/site-packages/airflow/example_dags/example_branch_datetime_operator.py
[2024-09-02T21:48:43.028+0000] {processor.py:830} INFO - Processing file /home/airflow/.local/lib/python3.12/site-packages/airflow/example_dags/example_branch_datetime_operator.py for tasks to queue
[2024-09-02T21:48:43.030+0000] {logging_mixin.py:188} INFO - [2024-09-02T21:48:43.030+0000] {dagbag.py:545} INFO - Filling up the DagBag from /home/airflow/.local/lib/python3.12/site-packages/airflow/example_dags/example_branch_datetime_operator.py
[2024-09-02T21:48:43.046+0000] {processor.py:840} INFO - DAG(s) 'example_branch_datetime_operator', 'example_branch_datetime_operator_3', 'example_branch_datetime_operator_2' retrieved from /home/airflow/.local/lib/python3.12/site-packages/airflow/example_dags/example_branch_datetime_operator.py
[2024-09-02T21:48:43.090+0000] {logging_mixin.py:188} INFO - [2024-09-02T21:48:43.089+0000] {dag.py:3096} INFO - Sync 3 DAGs
[2024-09-02T21:48:43.121+0000] {logging_mixin.py:188} INFO - [2024-09-02T21:48:43.121+0000] {dag.py:3954} INFO - Setting next_dagrun for example_branch_datetime_operator to 2024-09-01 00:00:00+00:00, run_after=2024-09-02 00:00:00+00:00
[2024-09-02T21:48:43.129+0000] {logging_mixin.py:188} INFO - [2024-09-02T21:48:43.128+0000] {dag.py:3954} INFO - Setting next_dagrun for example_branch_datetime_operator_2 to 2024-09-01 00:00:00+00:00, run_after=2024-09-02 00:00:00+00:00
[2024-09-02T21:48:43.132+0000] {logging_mixin.py:188} INFO - [2024-09-02T21:48:43.132+0000] {dag.py:3954} INFO - Setting next_dagrun for example_branch_datetime_operator_3 to 2024-09-01 00:00:00+00:00, run_after=2024-09-02 00:00:00+00:00
[2024-09-02T21:48:43.155+0000] {processor.py:183} INFO - Processing /home/airflow/.local/lib/python3.12/site-packages/airflow/example_dags/example_branch_datetime_operator.py took 0.138 seconds
[2024-09-02T21:49:14.184+0000] {processor.py:161} INFO - Started process (PID=645) to work on /home/airflow/.local/lib/python3.12/site-packages/airflow/example_dags/example_branch_datetime_operator.py
[2024-09-02T21:49:14.186+0000] {processor.py:830} INFO - Processing file /home/airflow/.local/lib/python3.12/site-packages/airflow/example_dags/example_branch_datetime_operator.py for tasks to queue
[2024-09-02T21:49:14.192+0000] {logging_mixin.py:188} INFO - [2024-09-02T21:49:14.191+0000] {dagbag.py:545} INFO - Filling up the DagBag from /home/airflow/.local/lib/python3.12/site-packages/airflow/example_dags/example_branch_datetime_operator.py
[2024-09-02T21:49:14.223+0000] {processor.py:840} INFO - DAG(s) 'example_branch_datetime_operator_2', 'example_branch_datetime_operator', 'example_branch_datetime_operator_3' retrieved from /home/airflow/.local/lib/python3.12/site-packages/airflow/example_dags/example_branch_datetime_operator.py
[2024-09-02T21:49:14.282+0000] {logging_mixin.py:188} INFO - [2024-09-02T21:49:14.281+0000] {dag.py:3096} INFO - Sync 3 DAGs
[2024-09-02T21:49:14.337+0000] {logging_mixin.py:188} INFO - [2024-09-02T21:49:14.337+0000] {dag.py:3954} INFO - Setting next_dagrun for example_branch_datetime_operator to 2024-09-01 00:00:00+00:00, run_after=2024-09-02 00:00:00+00:00
[2024-09-02T21:49:14.349+0000] {logging_mixin.py:188} INFO - [2024-09-02T21:49:14.348+0000] {dag.py:3954} INFO - Setting next_dagrun for example_branch_datetime_operator_2 to 2024-09-01 00:00:00+00:00, run_after=2024-09-02 00:00:00+00:00
[2024-09-02T21:49:14.356+0000] {logging_mixin.py:188} INFO - [2024-09-02T21:49:14.355+0000] {dag.py:3954} INFO - Setting next_dagrun for example_branch_datetime_operator_3 to 2024-09-01 00:00:00+00:00, run_after=2024-09-02 00:00:00+00:00
[2024-09-02T21:49:14.387+0000] {processor.py:183} INFO - Processing /home/airflow/.local/lib/python3.12/site-packages/airflow/example_dags/example_branch_datetime_operator.py took 0.212 seconds
[2024-09-02T21:49:44.728+0000] {processor.py:161} INFO - Started process (PID=705) to work on /home/airflow/.local/lib/python3.12/site-packages/airflow/example_dags/example_branch_datetime_operator.py
[2024-09-02T21:49:44.730+0000] {processor.py:830} INFO - Processing file /home/airflow/.local/lib/python3.12/site-packages/airflow/example_dags/example_branch_datetime_operator.py for tasks to queue
[2024-09-02T21:49:44.732+0000] {logging_mixin.py:188} INFO - [2024-09-02T21:49:44.732+0000] {dagbag.py:545} INFO - Filling up the DagBag from /home/airflow/.local/lib/python3.12/site-packages/airflow/example_dags/example_branch_datetime_operator.py
[2024-09-02T21:49:44.744+0000] {processor.py:840} INFO - DAG(s) 'example_branch_datetime_operator', 'example_branch_datetime_operator_3', 'example_branch_datetime_operator_2' retrieved from /home/airflow/.local/lib/python3.12/site-packages/airflow/example_dags/example_branch_datetime_operator.py
[2024-09-02T21:49:44.783+0000] {logging_mixin.py:188} INFO - [2024-09-02T21:49:44.783+0000] {dag.py:3096} INFO - Sync 3 DAGs
[2024-09-02T21:49:44.813+0000] {logging_mixin.py:188} INFO - [2024-09-02T21:49:44.813+0000] {dag.py:3954} INFO - Setting next_dagrun for example_branch_datetime_operator to 2024-09-01 00:00:00+00:00, run_after=2024-09-02 00:00:00+00:00
[2024-09-02T21:49:44.821+0000] {logging_mixin.py:188} INFO - [2024-09-02T21:49:44.821+0000] {dag.py:3954} INFO - Setting next_dagrun for example_branch_datetime_operator_2 to 2024-09-01 00:00:00+00:00, run_after=2024-09-02 00:00:00+00:00
[2024-09-02T21:49:44.825+0000] {logging_mixin.py:188} INFO - [2024-09-02T21:49:44.824+0000] {dag.py:3954} INFO - Setting next_dagrun for example_branch_datetime_operator_3 to 2024-09-01 00:00:00+00:00, run_after=2024-09-02 00:00:00+00:00
[2024-09-02T21:49:44.849+0000] {processor.py:183} INFO - Processing /home/airflow/.local/lib/python3.12/site-packages/airflow/example_dags/example_branch_datetime_operator.py took 0.128 seconds
[2024-09-02T21:50:15.390+0000] {processor.py:161} INFO - Started process (PID=765) to work on /home/airflow/.local/lib/python3.12/site-packages/airflow/example_dags/example_branch_datetime_operator.py
[2024-09-02T21:50:15.391+0000] {processor.py:830} INFO - Processing file /home/airflow/.local/lib/python3.12/site-packages/airflow/example_dags/example_branch_datetime_operator.py for tasks to queue
[2024-09-02T21:50:15.394+0000] {logging_mixin.py:188} INFO - [2024-09-02T21:50:15.393+0000] {dagbag.py:545} INFO - Filling up the DagBag from /home/airflow/.local/lib/python3.12/site-packages/airflow/example_dags/example_branch_datetime_operator.py
[2024-09-02T21:50:15.407+0000] {processor.py:840} INFO - DAG(s) 'example_branch_datetime_operator', 'example_branch_datetime_operator_2', 'example_branch_datetime_operator_3' retrieved from /home/airflow/.local/lib/python3.12/site-packages/airflow/example_dags/example_branch_datetime_operator.py
[2024-09-02T21:50:15.458+0000] {logging_mixin.py:188} INFO - [2024-09-02T21:50:15.457+0000] {dag.py:3096} INFO - Sync 3 DAGs
[2024-09-02T21:50:15.508+0000] {logging_mixin.py:188} INFO - [2024-09-02T21:50:15.508+0000] {dag.py:3954} INFO - Setting next_dagrun for example_branch_datetime_operator to 2024-09-01 00:00:00+00:00, run_after=2024-09-02 00:00:00+00:00
[2024-09-02T21:50:15.523+0000] {logging_mixin.py:188} INFO - [2024-09-02T21:50:15.523+0000] {dag.py:3954} INFO - Setting next_dagrun for example_branch_datetime_operator_2 to 2024-09-01 00:00:00+00:00, run_after=2024-09-02 00:00:00+00:00
[2024-09-02T21:50:15.531+0000] {logging_mixin.py:188} INFO - [2024-09-02T21:50:15.530+0000] {dag.py:3954} INFO - Setting next_dagrun for example_branch_datetime_operator_3 to 2024-09-01 00:00:00+00:00, run_after=2024-09-02 00:00:00+00:00
[2024-09-02T21:50:15.566+0000] {processor.py:183} INFO - Processing /home/airflow/.local/lib/python3.12/site-packages/airflow/example_dags/example_branch_datetime_operator.py took 0.183 seconds
[2024-09-02T21:50:45.812+0000] {processor.py:161} INFO - Started process (PID=825) to work on /home/airflow/.local/lib/python3.12/site-packages/airflow/example_dags/example_branch_datetime_operator.py
[2024-09-02T21:50:45.814+0000] {processor.py:830} INFO - Processing file /home/airflow/.local/lib/python3.12/site-packages/airflow/example_dags/example_branch_datetime_operator.py for tasks to queue
[2024-09-02T21:50:45.818+0000] {logging_mixin.py:188} INFO - [2024-09-02T21:50:45.817+0000] {dagbag.py:545} INFO - Filling up the DagBag from /home/airflow/.local/lib/python3.12/site-packages/airflow/example_dags/example_branch_datetime_operator.py
[2024-09-02T21:50:45.836+0000] {processor.py:840} INFO - DAG(s) 'example_branch_datetime_operator_2', 'example_branch_datetime_operator', 'example_branch_datetime_operator_3' retrieved from /home/airflow/.local/lib/python3.12/site-packages/airflow/example_dags/example_branch_datetime_operator.py
[2024-09-02T21:50:45.888+0000] {logging_mixin.py:188} INFO - [2024-09-02T21:50:45.888+0000] {dag.py:3096} INFO - Sync 3 DAGs
[2024-09-02T21:50:45.939+0000] {logging_mixin.py:188} INFO - [2024-09-02T21:50:45.939+0000] {dag.py:3954} INFO - Setting next_dagrun for example_branch_datetime_operator to 2024-09-01 00:00:00+00:00, run_after=2024-09-02 00:00:00+00:00
[2024-09-02T21:50:45.946+0000] {logging_mixin.py:188} INFO - [2024-09-02T21:50:45.946+0000] {dag.py:3954} INFO - Setting next_dagrun for example_branch_datetime_operator_2 to 2024-09-01 00:00:00+00:00, run_after=2024-09-02 00:00:00+00:00
[2024-09-02T21:50:45.950+0000] {logging_mixin.py:188} INFO - [2024-09-02T21:50:45.949+0000] {dag.py:3954} INFO - Setting next_dagrun for example_branch_datetime_operator_3 to 2024-09-01 00:00:00+00:00, run_after=2024-09-02 00:00:00+00:00
[2024-09-02T21:50:45.973+0000] {processor.py:183} INFO - Processing /home/airflow/.local/lib/python3.12/site-packages/airflow/example_dags/example_branch_datetime_operator.py took 0.169 seconds
[2024-09-02T21:51:16.134+0000] {processor.py:161} INFO - Started process (PID=885) to work on /home/airflow/.local/lib/python3.12/site-packages/airflow/example_dags/example_branch_datetime_operator.py
[2024-09-02T21:51:16.135+0000] {processor.py:830} INFO - Processing file /home/airflow/.local/lib/python3.12/site-packages/airflow/example_dags/example_branch_datetime_operator.py for tasks to queue
[2024-09-02T21:51:16.138+0000] {logging_mixin.py:188} INFO - [2024-09-02T21:51:16.137+0000] {dagbag.py:545} INFO - Filling up the DagBag from /home/airflow/.local/lib/python3.12/site-packages/airflow/example_dags/example_branch_datetime_operator.py
[2024-09-02T21:51:16.152+0000] {processor.py:840} INFO - DAG(s) 'example_branch_datetime_operator', 'example_branch_datetime_operator_3', 'example_branch_datetime_operator_2' retrieved from /home/airflow/.local/lib/python3.12/site-packages/airflow/example_dags/example_branch_datetime_operator.py
[2024-09-02T21:51:16.197+0000] {logging_mixin.py:188} INFO - [2024-09-02T21:51:16.196+0000] {dag.py:3096} INFO - Sync 3 DAGs
[2024-09-02T21:51:16.223+0000] {logging_mixin.py:188} INFO - [2024-09-02T21:51:16.223+0000] {dag.py:3954} INFO - Setting next_dagrun for example_branch_datetime_operator to 2024-09-01 00:00:00+00:00, run_after=2024-09-02 00:00:00+00:00
[2024-09-02T21:51:16.231+0000] {logging_mixin.py:188} INFO - [2024-09-02T21:51:16.230+0000] {dag.py:3954} INFO - Setting next_dagrun for example_branch_datetime_operator_2 to 2024-09-01 00:00:00+00:00, run_after=2024-09-02 00:00:00+00:00
[2024-09-02T21:51:16.235+0000] {logging_mixin.py:188} INFO - [2024-09-02T21:51:16.234+0000] {dag.py:3954} INFO - Setting next_dagrun for example_branch_datetime_operator_3 to 2024-09-01 00:00:00+00:00, run_after=2024-09-02 00:00:00+00:00
[2024-09-02T21:51:16.257+0000] {processor.py:183} INFO - Processing /home/airflow/.local/lib/python3.12/site-packages/airflow/example_dags/example_branch_datetime_operator.py took 0.132 seconds
[2024-09-02T21:51:46.903+0000] {processor.py:161} INFO - Started process (PID=945) to work on /home/airflow/.local/lib/python3.12/site-packages/airflow/example_dags/example_branch_datetime_operator.py
[2024-09-02T21:51:46.905+0000] {processor.py:830} INFO - Processing file /home/airflow/.local/lib/python3.12/site-packages/airflow/example_dags/example_branch_datetime_operator.py for tasks to queue
[2024-09-02T21:51:46.910+0000] {logging_mixin.py:188} INFO - [2024-09-02T21:51:46.909+0000] {dagbag.py:545} INFO - Filling up the DagBag from /home/airflow/.local/lib/python3.12/site-packages/airflow/example_dags/example_branch_datetime_operator.py
[2024-09-02T21:51:46.929+0000] {processor.py:840} INFO - DAG(s) 'example_branch_datetime_operator_2', 'example_branch_datetime_operator_3', 'example_branch_datetime_operator' retrieved from /home/airflow/.local/lib/python3.12/site-packages/airflow/example_dags/example_branch_datetime_operator.py
[2024-09-02T21:51:46.994+0000] {logging_mixin.py:188} INFO - [2024-09-02T21:51:46.994+0000] {dag.py:3096} INFO - Sync 3 DAGs
[2024-09-02T21:51:47.101+0000] {logging_mixin.py:188} INFO - [2024-09-02T21:51:47.101+0000] {dag.py:3954} INFO - Setting next_dagrun for example_branch_datetime_operator to 2024-09-01 00:00:00+00:00, run_after=2024-09-02 00:00:00+00:00
[2024-09-02T21:51:47.116+0000] {logging_mixin.py:188} INFO - [2024-09-02T21:51:47.115+0000] {dag.py:3954} INFO - Setting next_dagrun for example_branch_datetime_operator_2 to 2024-09-01 00:00:00+00:00, run_after=2024-09-02 00:00:00+00:00
[2024-09-02T21:51:47.121+0000] {logging_mixin.py:188} INFO - [2024-09-02T21:51:47.120+0000] {dag.py:3954} INFO - Setting next_dagrun for example_branch_datetime_operator_3 to 2024-09-01 00:00:00+00:00, run_after=2024-09-02 00:00:00+00:00
[2024-09-02T21:51:47.143+0000] {processor.py:183} INFO - Processing /home/airflow/.local/lib/python3.12/site-packages/airflow/example_dags/example_branch_datetime_operator.py took 0.255 seconds
[2024-09-02T21:52:18.035+0000] {processor.py:161} INFO - Started process (PID=1011) to work on /home/airflow/.local/lib/python3.12/site-packages/airflow/example_dags/example_branch_datetime_operator.py
[2024-09-02T21:52:18.037+0000] {processor.py:830} INFO - Processing file /home/airflow/.local/lib/python3.12/site-packages/airflow/example_dags/example_branch_datetime_operator.py for tasks to queue
[2024-09-02T21:52:18.040+0000] {logging_mixin.py:188} INFO - [2024-09-02T21:52:18.039+0000] {dagbag.py:545} INFO - Filling up the DagBag from /home/airflow/.local/lib/python3.12/site-packages/airflow/example_dags/example_branch_datetime_operator.py
[2024-09-02T21:52:18.064+0000] {processor.py:840} INFO - DAG(s) 'example_branch_datetime_operator_2', 'example_branch_datetime_operator_3', 'example_branch_datetime_operator' retrieved from /home/airflow/.local/lib/python3.12/site-packages/airflow/example_dags/example_branch_datetime_operator.py
[2024-09-02T21:52:18.118+0000] {logging_mixin.py:188} INFO - [2024-09-02T21:52:18.117+0000] {dag.py:3096} INFO - Sync 3 DAGs
[2024-09-02T21:52:18.151+0000] {logging_mixin.py:188} INFO - [2024-09-02T21:52:18.151+0000] {dag.py:3954} INFO - Setting next_dagrun for example_branch_datetime_operator to 2024-09-01 00:00:00+00:00, run_after=2024-09-02 00:00:00+00:00
[2024-09-02T21:52:18.158+0000] {logging_mixin.py:188} INFO - [2024-09-02T21:52:18.158+0000] {dag.py:3954} INFO - Setting next_dagrun for example_branch_datetime_operator_2 to 2024-09-01 00:00:00+00:00, run_after=2024-09-02 00:00:00+00:00
[2024-09-02T21:52:18.161+0000] {logging_mixin.py:188} INFO - [2024-09-02T21:52:18.161+0000] {dag.py:3954} INFO - Setting next_dagrun for example_branch_datetime_operator_3 to 2024-09-01 00:00:00+00:00, run_after=2024-09-02 00:00:00+00:00
[2024-09-02T21:52:18.181+0000] {processor.py:183} INFO - Processing /home/airflow/.local/lib/python3.12/site-packages/airflow/example_dags/example_branch_datetime_operator.py took 0.158 seconds
[2024-09-02T21:52:48.623+0000] {processor.py:161} INFO - Started process (PID=1071) to work on /home/airflow/.local/lib/python3.12/site-packages/airflow/example_dags/example_branch_datetime_operator.py
[2024-09-02T21:52:48.625+0000] {processor.py:830} INFO - Processing file /home/airflow/.local/lib/python3.12/site-packages/airflow/example_dags/example_branch_datetime_operator.py for tasks to queue
[2024-09-02T21:52:48.629+0000] {logging_mixin.py:188} INFO - [2024-09-02T21:52:48.628+0000] {dagbag.py:545} INFO - Filling up the DagBag from /home/airflow/.local/lib/python3.12/site-packages/airflow/example_dags/example_branch_datetime_operator.py
[2024-09-02T21:52:48.646+0000] {processor.py:840} INFO - DAG(s) 'example_branch_datetime_operator_3', 'example_branch_datetime_operator', 'example_branch_datetime_operator_2' retrieved from /home/airflow/.local/lib/python3.12/site-packages/airflow/example_dags/example_branch_datetime_operator.py
[2024-09-02T21:52:48.694+0000] {logging_mixin.py:188} INFO - [2024-09-02T21:52:48.694+0000] {dag.py:3096} INFO - Sync 3 DAGs
[2024-09-02T21:52:48.753+0000] {logging_mixin.py:188} INFO - [2024-09-02T21:52:48.753+0000] {dag.py:3954} INFO - Setting next_dagrun for example_branch_datetime_operator to 2024-09-01 00:00:00+00:00, run_after=2024-09-02 00:00:00+00:00
[2024-09-02T21:52:48.766+0000] {logging_mixin.py:188} INFO - [2024-09-02T21:52:48.766+0000] {dag.py:3954} INFO - Setting next_dagrun for example_branch_datetime_operator_2 to 2024-09-01 00:00:00+00:00, run_after=2024-09-02 00:00:00+00:00
[2024-09-02T21:52:48.773+0000] {logging_mixin.py:188} INFO - [2024-09-02T21:52:48.773+0000] {dag.py:3954} INFO - Setting next_dagrun for example_branch_datetime_operator_3 to 2024-09-01 00:00:00+00:00, run_after=2024-09-02 00:00:00+00:00
[2024-09-02T21:52:48.825+0000] {processor.py:183} INFO - Processing /home/airflow/.local/lib/python3.12/site-packages/airflow/example_dags/example_branch_datetime_operator.py took 0.218 seconds
[2024-09-02T21:53:19.027+0000] {processor.py:161} INFO - Started process (PID=1131) to work on /home/airflow/.local/lib/python3.12/site-packages/airflow/example_dags/example_branch_datetime_operator.py
[2024-09-02T21:53:19.028+0000] {processor.py:830} INFO - Processing file /home/airflow/.local/lib/python3.12/site-packages/airflow/example_dags/example_branch_datetime_operator.py for tasks to queue
[2024-09-02T21:53:19.031+0000] {logging_mixin.py:188} INFO - [2024-09-02T21:53:19.030+0000] {dagbag.py:545} INFO - Filling up the DagBag from /home/airflow/.local/lib/python3.12/site-packages/airflow/example_dags/example_branch_datetime_operator.py
[2024-09-02T21:53:19.044+0000] {processor.py:840} INFO - DAG(s) 'example_branch_datetime_operator_3', 'example_branch_datetime_operator_2', 'example_branch_datetime_operator' retrieved from /home/airflow/.local/lib/python3.12/site-packages/airflow/example_dags/example_branch_datetime_operator.py
[2024-09-02T21:53:19.080+0000] {logging_mixin.py:188} INFO - [2024-09-02T21:53:19.080+0000] {dag.py:3096} INFO - Sync 3 DAGs
[2024-09-02T21:53:19.111+0000] {logging_mixin.py:188} INFO - [2024-09-02T21:53:19.111+0000] {dag.py:3954} INFO - Setting next_dagrun for example_branch_datetime_operator to 2024-09-01 00:00:00+00:00, run_after=2024-09-02 00:00:00+00:00
[2024-09-02T21:53:19.118+0000] {logging_mixin.py:188} INFO - [2024-09-02T21:53:19.117+0000] {dag.py:3954} INFO - Setting next_dagrun for example_branch_datetime_operator_2 to 2024-09-01 00:00:00+00:00, run_after=2024-09-02 00:00:00+00:00
[2024-09-02T21:53:19.121+0000] {logging_mixin.py:188} INFO - [2024-09-02T21:53:19.121+0000] {dag.py:3954} INFO - Setting next_dagrun for example_branch_datetime_operator_3 to 2024-09-01 00:00:00+00:00, run_after=2024-09-02 00:00:00+00:00
[2024-09-02T21:53:19.173+0000] {processor.py:183} INFO - Processing /home/airflow/.local/lib/python3.12/site-packages/airflow/example_dags/example_branch_datetime_operator.py took 0.154 seconds
[2024-09-02T21:53:50.106+0000] {processor.py:161} INFO - Started process (PID=1192) to work on /home/airflow/.local/lib/python3.12/site-packages/airflow/example_dags/example_branch_datetime_operator.py
[2024-09-02T21:53:50.108+0000] {processor.py:830} INFO - Processing file /home/airflow/.local/lib/python3.12/site-packages/airflow/example_dags/example_branch_datetime_operator.py for tasks to queue
[2024-09-02T21:53:50.111+0000] {logging_mixin.py:188} INFO - [2024-09-02T21:53:50.111+0000] {dagbag.py:545} INFO - Filling up the DagBag from /home/airflow/.local/lib/python3.12/site-packages/airflow/example_dags/example_branch_datetime_operator.py
[2024-09-02T21:53:50.132+0000] {processor.py:840} INFO - DAG(s) 'example_branch_datetime_operator_3', 'example_branch_datetime_operator_2', 'example_branch_datetime_operator' retrieved from /home/airflow/.local/lib/python3.12/site-packages/airflow/example_dags/example_branch_datetime_operator.py
[2024-09-02T21:53:50.203+0000] {logging_mixin.py:188} INFO - [2024-09-02T21:53:50.202+0000] {dag.py:3096} INFO - Sync 3 DAGs
[2024-09-02T21:53:50.262+0000] {logging_mixin.py:188} INFO - [2024-09-02T21:53:50.262+0000] {dag.py:3954} INFO - Setting next_dagrun for example_branch_datetime_operator to 2024-09-01 00:00:00+00:00, run_after=2024-09-02 00:00:00+00:00
[2024-09-02T21:53:50.274+0000] {logging_mixin.py:188} INFO - [2024-09-02T21:53:50.273+0000] {dag.py:3954} INFO - Setting next_dagrun for example_branch_datetime_operator_2 to 2024-09-01 00:00:00+00:00, run_after=2024-09-02 00:00:00+00:00
[2024-09-02T21:53:50.278+0000] {logging_mixin.py:188} INFO - [2024-09-02T21:53:50.278+0000] {dag.py:3954} INFO - Setting next_dagrun for example_branch_datetime_operator_3 to 2024-09-01 00:00:00+00:00, run_after=2024-09-02 00:00:00+00:00
[2024-09-02T21:53:50.326+0000] {processor.py:183} INFO - Processing /home/airflow/.local/lib/python3.12/site-packages/airflow/example_dags/example_branch_datetime_operator.py took 0.229 seconds
[2024-09-02T21:54:20.695+0000] {processor.py:161} INFO - Started process (PID=1252) to work on /home/airflow/.local/lib/python3.12/site-packages/airflow/example_dags/example_branch_datetime_operator.py
[2024-09-02T21:54:20.697+0000] {processor.py:830} INFO - Processing file /home/airflow/.local/lib/python3.12/site-packages/airflow/example_dags/example_branch_datetime_operator.py for tasks to queue
[2024-09-02T21:54:20.701+0000] {logging_mixin.py:188} INFO - [2024-09-02T21:54:20.701+0000] {dagbag.py:545} INFO - Filling up the DagBag from /home/airflow/.local/lib/python3.12/site-packages/airflow/example_dags/example_branch_datetime_operator.py
[2024-09-02T21:54:20.727+0000] {processor.py:840} INFO - DAG(s) 'example_branch_datetime_operator', 'example_branch_datetime_operator_2', 'example_branch_datetime_operator_3' retrieved from /home/airflow/.local/lib/python3.12/site-packages/airflow/example_dags/example_branch_datetime_operator.py
[2024-09-02T21:54:20.764+0000] {logging_mixin.py:188} INFO - [2024-09-02T21:54:20.764+0000] {dag.py:3096} INFO - Sync 3 DAGs
[2024-09-02T21:54:20.807+0000] {logging_mixin.py:188} INFO - [2024-09-02T21:54:20.807+0000] {dag.py:3954} INFO - Setting next_dagrun for example_branch_datetime_operator to 2024-09-01 00:00:00+00:00, run_after=2024-09-02 00:00:00+00:00
[2024-09-02T21:54:20.815+0000] {logging_mixin.py:188} INFO - [2024-09-02T21:54:20.815+0000] {dag.py:3954} INFO - Setting next_dagrun for example_branch_datetime_operator_2 to 2024-09-01 00:00:00+00:00, run_after=2024-09-02 00:00:00+00:00
[2024-09-02T21:54:20.819+0000] {logging_mixin.py:188} INFO - [2024-09-02T21:54:20.819+0000] {dag.py:3954} INFO - Setting next_dagrun for example_branch_datetime_operator_3 to 2024-09-01 00:00:00+00:00, run_after=2024-09-02 00:00:00+00:00
[2024-09-02T21:54:20.847+0000] {processor.py:183} INFO - Processing /home/airflow/.local/lib/python3.12/site-packages/airflow/example_dags/example_branch_datetime_operator.py took 0.166 seconds
[2024-09-02T21:54:51.014+0000] {processor.py:161} INFO - Started process (PID=1312) to work on /home/airflow/.local/lib/python3.12/site-packages/airflow/example_dags/example_branch_datetime_operator.py
[2024-09-02T21:54:51.016+0000] {processor.py:830} INFO - Processing file /home/airflow/.local/lib/python3.12/site-packages/airflow/example_dags/example_branch_datetime_operator.py for tasks to queue
[2024-09-02T21:54:51.021+0000] {logging_mixin.py:188} INFO - [2024-09-02T21:54:51.020+0000] {dagbag.py:545} INFO - Filling up the DagBag from /home/airflow/.local/lib/python3.12/site-packages/airflow/example_dags/example_branch_datetime_operator.py
[2024-09-02T21:54:51.052+0000] {processor.py:840} INFO - DAG(s) 'example_branch_datetime_operator', 'example_branch_datetime_operator_2', 'example_branch_datetime_operator_3' retrieved from /home/airflow/.local/lib/python3.12/site-packages/airflow/example_dags/example_branch_datetime_operator.py
[2024-09-02T21:54:51.110+0000] {logging_mixin.py:188} INFO - [2024-09-02T21:54:51.110+0000] {dag.py:3096} INFO - Sync 3 DAGs
[2024-09-02T21:54:51.147+0000] {logging_mixin.py:188} INFO - [2024-09-02T21:54:51.146+0000] {dag.py:3954} INFO - Setting next_dagrun for example_branch_datetime_operator to 2024-09-01 00:00:00+00:00, run_after=2024-09-02 00:00:00+00:00
[2024-09-02T21:54:51.158+0000] {logging_mixin.py:188} INFO - [2024-09-02T21:54:51.157+0000] {dag.py:3954} INFO - Setting next_dagrun for example_branch_datetime_operator_2 to 2024-09-01 00:00:00+00:00, run_after=2024-09-02 00:00:00+00:00
[2024-09-02T21:54:51.163+0000] {logging_mixin.py:188} INFO - [2024-09-02T21:54:51.163+0000] {dag.py:3954} INFO - Setting next_dagrun for example_branch_datetime_operator_3 to 2024-09-01 00:00:00+00:00, run_after=2024-09-02 00:00:00+00:00
[2024-09-02T21:54:51.198+0000] {processor.py:183} INFO - Processing /home/airflow/.local/lib/python3.12/site-packages/airflow/example_dags/example_branch_datetime_operator.py took 0.193 seconds
[2024-09-02T21:55:21.626+0000] {processor.py:161} INFO - Started process (PID=1376) to work on /home/airflow/.local/lib/python3.12/site-packages/airflow/example_dags/example_branch_datetime_operator.py
[2024-09-02T21:55:21.628+0000] {processor.py:830} INFO - Processing file /home/airflow/.local/lib/python3.12/site-packages/airflow/example_dags/example_branch_datetime_operator.py for tasks to queue
[2024-09-02T21:55:21.632+0000] {logging_mixin.py:188} INFO - [2024-09-02T21:55:21.631+0000] {dagbag.py:545} INFO - Filling up the DagBag from /home/airflow/.local/lib/python3.12/site-packages/airflow/example_dags/example_branch_datetime_operator.py
[2024-09-02T21:55:21.645+0000] {processor.py:840} INFO - DAG(s) 'example_branch_datetime_operator_3', 'example_branch_datetime_operator', 'example_branch_datetime_operator_2' retrieved from /home/airflow/.local/lib/python3.12/site-packages/airflow/example_dags/example_branch_datetime_operator.py
[2024-09-02T21:55:21.686+0000] {logging_mixin.py:188} INFO - [2024-09-02T21:55:21.686+0000] {dag.py:3096} INFO - Sync 3 DAGs
[2024-09-02T21:55:21.716+0000] {logging_mixin.py:188} INFO - [2024-09-02T21:55:21.716+0000] {dag.py:3954} INFO - Setting next_dagrun for example_branch_datetime_operator to 2024-09-01 00:00:00+00:00, run_after=2024-09-02 00:00:00+00:00
[2024-09-02T21:55:21.724+0000] {logging_mixin.py:188} INFO - [2024-09-02T21:55:21.723+0000] {dag.py:3954} INFO - Setting next_dagrun for example_branch_datetime_operator_2 to 2024-09-01 00:00:00+00:00, run_after=2024-09-02 00:00:00+00:00
[2024-09-02T21:55:21.728+0000] {logging_mixin.py:188} INFO - [2024-09-02T21:55:21.728+0000] {dag.py:3954} INFO - Setting next_dagrun for example_branch_datetime_operator_3 to 2024-09-01 00:00:00+00:00, run_after=2024-09-02 00:00:00+00:00
[2024-09-02T21:55:21.750+0000] {processor.py:183} INFO - Processing /home/airflow/.local/lib/python3.12/site-packages/airflow/example_dags/example_branch_datetime_operator.py took 0.131 seconds
[2024-09-02T21:55:52.037+0000] {processor.py:161} INFO - Started process (PID=1439) to work on /home/airflow/.local/lib/python3.12/site-packages/airflow/example_dags/example_branch_datetime_operator.py
[2024-09-02T21:55:52.039+0000] {processor.py:830} INFO - Processing file /home/airflow/.local/lib/python3.12/site-packages/airflow/example_dags/example_branch_datetime_operator.py for tasks to queue
[2024-09-02T21:55:52.042+0000] {logging_mixin.py:188} INFO - [2024-09-02T21:55:52.041+0000] {dagbag.py:545} INFO - Filling up the DagBag from /home/airflow/.local/lib/python3.12/site-packages/airflow/example_dags/example_branch_datetime_operator.py
[2024-09-02T21:55:52.058+0000] {processor.py:840} INFO - DAG(s) 'example_branch_datetime_operator', 'example_branch_datetime_operator_2', 'example_branch_datetime_operator_3' retrieved from /home/airflow/.local/lib/python3.12/site-packages/airflow/example_dags/example_branch_datetime_operator.py
[2024-09-02T21:55:52.100+0000] {logging_mixin.py:188} INFO - [2024-09-02T21:55:52.100+0000] {dag.py:3096} INFO - Sync 3 DAGs
[2024-09-02T21:55:52.133+0000] {logging_mixin.py:188} INFO - [2024-09-02T21:55:52.133+0000] {dag.py:3954} INFO - Setting next_dagrun for example_branch_datetime_operator to 2024-09-01 00:00:00+00:00, run_after=2024-09-02 00:00:00+00:00
[2024-09-02T21:55:52.141+0000] {logging_mixin.py:188} INFO - [2024-09-02T21:55:52.141+0000] {dag.py:3954} INFO - Setting next_dagrun for example_branch_datetime_operator_2 to 2024-09-01 00:00:00+00:00, run_after=2024-09-02 00:00:00+00:00
[2024-09-02T21:55:52.146+0000] {logging_mixin.py:188} INFO - [2024-09-02T21:55:52.145+0000] {dag.py:3954} INFO - Setting next_dagrun for example_branch_datetime_operator_3 to 2024-09-01 00:00:00+00:00, run_after=2024-09-02 00:00:00+00:00
[2024-09-02T21:55:52.173+0000] {processor.py:183} INFO - Processing /home/airflow/.local/lib/python3.12/site-packages/airflow/example_dags/example_branch_datetime_operator.py took 0.146 seconds
