[2024-09-02T21:35:12.881+0000] {processor.py:161} INFO - Started process (PID=102) to work on /home/airflow/.local/lib/python3.12/site-packages/airflow/example_dags/example_short_circuit_decorator.py
[2024-09-02T21:35:12.887+0000] {processor.py:830} INFO - Processing file /home/airflow/.local/lib/python3.12/site-packages/airflow/example_dags/example_short_circuit_decorator.py for tasks to queue
[2024-09-02T21:35:12.900+0000] {logging_mixin.py:188} INFO - [2024-09-02T21:35:12.899+0000] {dagbag.py:545} INFO - Filling up the DagBag from /home/airflow/.local/lib/python3.12/site-packages/airflow/example_dags/example_short_circuit_decorator.py
[2024-09-02T21:35:12.961+0000] {processor.py:840} INFO - DAG(s) 'example_short_circuit_decorator' retrieved from /home/airflow/.local/lib/python3.12/site-packages/airflow/example_dags/example_short_circuit_decorator.py
[2024-09-02T21:35:14.263+0000] {logging_mixin.py:188} INFO - [2024-09-02T21:35:14.250+0000] {override.py:1829} INFO - Created Permission View: can edit on DAG:example_short_circuit_decorator
[2024-09-02T21:35:14.342+0000] {logging_mixin.py:188} INFO - [2024-09-02T21:35:14.340+0000] {override.py:1829} INFO - Created Permission View: can delete on DAG:example_short_circuit_decorator
[2024-09-02T21:35:14.414+0000] {logging_mixin.py:188} INFO - [2024-09-02T21:35:14.412+0000] {override.py:1829} INFO - Created Permission View: can read on DAG:example_short_circuit_decorator
[2024-09-02T21:35:14.416+0000] {logging_mixin.py:188} INFO - [2024-09-02T21:35:14.415+0000] {dag.py:3096} INFO - Sync 1 DAGs
[2024-09-02T21:35:14.547+0000] {logging_mixin.py:188} INFO - [2024-09-02T21:35:14.547+0000] {dag.py:3118} INFO - Creating ORM DAG for example_short_circuit_decorator
[2024-09-02T21:35:14.598+0000] {logging_mixin.py:188} INFO - [2024-09-02T21:35:14.596+0000] {dag.py:3954} INFO - Setting next_dagrun for example_short_circuit_decorator to 2024-09-01 00:00:00+00:00, run_after=2024-09-02 00:00:00+00:00
[2024-09-02T21:35:14.774+0000] {processor.py:183} INFO - Processing /home/airflow/.local/lib/python3.12/site-packages/airflow/example_dags/example_short_circuit_decorator.py took 1.969 seconds
[2024-09-02T21:35:45.419+0000] {processor.py:161} INFO - Started process (PID=161) to work on /home/airflow/.local/lib/python3.12/site-packages/airflow/example_dags/example_short_circuit_decorator.py
[2024-09-02T21:35:45.454+0000] {processor.py:830} INFO - Processing file /home/airflow/.local/lib/python3.12/site-packages/airflow/example_dags/example_short_circuit_decorator.py for tasks to queue
[2024-09-02T21:35:45.529+0000] {logging_mixin.py:188} INFO - [2024-09-02T21:35:45.504+0000] {dagbag.py:545} INFO - Filling up the DagBag from /home/airflow/.local/lib/python3.12/site-packages/airflow/example_dags/example_short_circuit_decorator.py
[2024-09-02T21:35:45.688+0000] {processor.py:840} INFO - DAG(s) 'example_short_circuit_decorator' retrieved from /home/airflow/.local/lib/python3.12/site-packages/airflow/example_dags/example_short_circuit_decorator.py
[2024-09-02T21:35:46.141+0000] {logging_mixin.py:188} INFO - [2024-09-02T21:35:46.140+0000] {dag.py:3096} INFO - Sync 1 DAGs
[2024-09-02T21:35:46.445+0000] {logging_mixin.py:188} INFO - [2024-09-02T21:35:46.444+0000] {dag.py:3954} INFO - Setting next_dagrun for example_short_circuit_decorator to 2024-09-01 00:00:00+00:00, run_after=2024-09-02 00:00:00+00:00
[2024-09-02T21:35:46.671+0000] {processor.py:183} INFO - Processing /home/airflow/.local/lib/python3.12/site-packages/airflow/example_dags/example_short_circuit_decorator.py took 1.388 seconds
[2024-09-02T21:36:16.945+0000] {processor.py:161} INFO - Started process (PID=221) to work on /home/airflow/.local/lib/python3.12/site-packages/airflow/example_dags/example_short_circuit_decorator.py
[2024-09-02T21:36:16.967+0000] {processor.py:830} INFO - Processing file /home/airflow/.local/lib/python3.12/site-packages/airflow/example_dags/example_short_circuit_decorator.py for tasks to queue
[2024-09-02T21:36:17.029+0000] {logging_mixin.py:188} INFO - [2024-09-02T21:36:17.027+0000] {dagbag.py:545} INFO - Filling up the DagBag from /home/airflow/.local/lib/python3.12/site-packages/airflow/example_dags/example_short_circuit_decorator.py
[2024-09-02T21:36:17.146+0000] {processor.py:840} INFO - DAG(s) 'example_short_circuit_decorator' retrieved from /home/airflow/.local/lib/python3.12/site-packages/airflow/example_dags/example_short_circuit_decorator.py
[2024-09-02T21:36:17.372+0000] {logging_mixin.py:188} INFO - [2024-09-02T21:36:17.370+0000] {dag.py:3096} INFO - Sync 1 DAGs
[2024-09-02T21:36:17.583+0000] {logging_mixin.py:188} INFO - [2024-09-02T21:36:17.582+0000] {dag.py:3954} INFO - Setting next_dagrun for example_short_circuit_decorator to 2024-09-01 00:00:00+00:00, run_after=2024-09-02 00:00:00+00:00
[2024-09-02T21:36:20.467+0000] {processor.py:183} INFO - Processing /home/airflow/.local/lib/python3.12/site-packages/airflow/example_dags/example_short_circuit_decorator.py took 3.563 seconds
[2024-09-02T21:38:43.979+0000] {processor.py:161} INFO - Started process (PID=100) to work on /home/airflow/.local/lib/python3.12/site-packages/airflow/example_dags/example_short_circuit_decorator.py
[2024-09-02T21:38:43.983+0000] {processor.py:830} INFO - Processing file /home/airflow/.local/lib/python3.12/site-packages/airflow/example_dags/example_short_circuit_decorator.py for tasks to queue
[2024-09-02T21:38:43.990+0000] {logging_mixin.py:188} INFO - [2024-09-02T21:38:43.989+0000] {dagbag.py:545} INFO - Filling up the DagBag from /home/airflow/.local/lib/python3.12/site-packages/airflow/example_dags/example_short_circuit_decorator.py
[2024-09-02T21:38:44.033+0000] {processor.py:840} INFO - DAG(s) 'example_short_circuit_decorator' retrieved from /home/airflow/.local/lib/python3.12/site-packages/airflow/example_dags/example_short_circuit_decorator.py
[2024-09-02T21:38:44.499+0000] {logging_mixin.py:188} INFO - [2024-09-02T21:38:44.497+0000] {override.py:1829} INFO - Created Permission View: can edit on DAG:example_short_circuit_decorator
[2024-09-02T21:38:44.529+0000] {logging_mixin.py:188} INFO - [2024-09-02T21:38:44.528+0000] {override.py:1829} INFO - Created Permission View: can read on DAG:example_short_circuit_decorator
[2024-09-02T21:38:44.544+0000] {logging_mixin.py:188} INFO - [2024-09-02T21:38:44.543+0000] {override.py:1829} INFO - Created Permission View: can delete on DAG:example_short_circuit_decorator
[2024-09-02T21:38:44.545+0000] {logging_mixin.py:188} INFO - [2024-09-02T21:38:44.545+0000] {dag.py:3096} INFO - Sync 1 DAGs
[2024-09-02T21:38:44.589+0000] {logging_mixin.py:188} INFO - [2024-09-02T21:38:44.588+0000] {dag.py:3118} INFO - Creating ORM DAG for example_short_circuit_decorator
[2024-09-02T21:38:44.629+0000] {logging_mixin.py:188} INFO - [2024-09-02T21:38:44.629+0000] {dag.py:3954} INFO - Setting next_dagrun for example_short_circuit_decorator to 2024-09-01 00:00:00+00:00, run_after=2024-09-02 00:00:00+00:00
[2024-09-02T21:38:44.695+0000] {processor.py:183} INFO - Processing /home/airflow/.local/lib/python3.12/site-packages/airflow/example_dags/example_short_circuit_decorator.py took 0.739 seconds
[2024-09-02T21:39:15.374+0000] {processor.py:161} INFO - Started process (PID=160) to work on /home/airflow/.local/lib/python3.12/site-packages/airflow/example_dags/example_short_circuit_decorator.py
[2024-09-02T21:39:15.375+0000] {processor.py:830} INFO - Processing file /home/airflow/.local/lib/python3.12/site-packages/airflow/example_dags/example_short_circuit_decorator.py for tasks to queue
[2024-09-02T21:39:15.377+0000] {logging_mixin.py:188} INFO - [2024-09-02T21:39:15.377+0000] {dagbag.py:545} INFO - Filling up the DagBag from /home/airflow/.local/lib/python3.12/site-packages/airflow/example_dags/example_short_circuit_decorator.py
[2024-09-02T21:39:15.386+0000] {processor.py:840} INFO - DAG(s) 'example_short_circuit_decorator' retrieved from /home/airflow/.local/lib/python3.12/site-packages/airflow/example_dags/example_short_circuit_decorator.py
[2024-09-02T21:39:15.414+0000] {logging_mixin.py:188} INFO - [2024-09-02T21:39:15.414+0000] {dag.py:3096} INFO - Sync 1 DAGs
[2024-09-02T21:39:15.442+0000] {logging_mixin.py:188} INFO - [2024-09-02T21:39:15.442+0000] {dag.py:3954} INFO - Setting next_dagrun for example_short_circuit_decorator to 2024-09-01 00:00:00+00:00, run_after=2024-09-02 00:00:00+00:00
[2024-09-02T21:39:15.466+0000] {processor.py:183} INFO - Processing /home/airflow/.local/lib/python3.12/site-packages/airflow/example_dags/example_short_circuit_decorator.py took 0.097 seconds
[2024-09-02T21:39:45.700+0000] {processor.py:161} INFO - Started process (PID=220) to work on /home/airflow/.local/lib/python3.12/site-packages/airflow/example_dags/example_short_circuit_decorator.py
[2024-09-02T21:39:45.702+0000] {processor.py:830} INFO - Processing file /home/airflow/.local/lib/python3.12/site-packages/airflow/example_dags/example_short_circuit_decorator.py for tasks to queue
[2024-09-02T21:39:45.707+0000] {logging_mixin.py:188} INFO - [2024-09-02T21:39:45.706+0000] {dagbag.py:545} INFO - Filling up the DagBag from /home/airflow/.local/lib/python3.12/site-packages/airflow/example_dags/example_short_circuit_decorator.py
[2024-09-02T21:39:45.724+0000] {processor.py:840} INFO - DAG(s) 'example_short_circuit_decorator' retrieved from /home/airflow/.local/lib/python3.12/site-packages/airflow/example_dags/example_short_circuit_decorator.py
[2024-09-02T21:39:45.753+0000] {logging_mixin.py:188} INFO - [2024-09-02T21:39:45.753+0000] {dag.py:3096} INFO - Sync 1 DAGs
[2024-09-02T21:39:45.780+0000] {logging_mixin.py:188} INFO - [2024-09-02T21:39:45.780+0000] {dag.py:3954} INFO - Setting next_dagrun for example_short_circuit_decorator to 2024-09-01 00:00:00+00:00, run_after=2024-09-02 00:00:00+00:00
[2024-09-02T21:39:45.807+0000] {processor.py:183} INFO - Processing /home/airflow/.local/lib/python3.12/site-packages/airflow/example_dags/example_short_circuit_decorator.py took 0.122 seconds
[2024-09-02T21:40:16.009+0000] {processor.py:161} INFO - Started process (PID=280) to work on /home/airflow/.local/lib/python3.12/site-packages/airflow/example_dags/example_short_circuit_decorator.py
[2024-09-02T21:40:16.009+0000] {processor.py:830} INFO - Processing file /home/airflow/.local/lib/python3.12/site-packages/airflow/example_dags/example_short_circuit_decorator.py for tasks to queue
[2024-09-02T21:40:16.011+0000] {logging_mixin.py:188} INFO - [2024-09-02T21:40:16.011+0000] {dagbag.py:545} INFO - Filling up the DagBag from /home/airflow/.local/lib/python3.12/site-packages/airflow/example_dags/example_short_circuit_decorator.py
[2024-09-02T21:40:16.020+0000] {processor.py:840} INFO - DAG(s) 'example_short_circuit_decorator' retrieved from /home/airflow/.local/lib/python3.12/site-packages/airflow/example_dags/example_short_circuit_decorator.py
[2024-09-02T21:40:16.047+0000] {logging_mixin.py:188} INFO - [2024-09-02T21:40:16.047+0000] {dag.py:3096} INFO - Sync 1 DAGs
[2024-09-02T21:40:16.072+0000] {logging_mixin.py:188} INFO - [2024-09-02T21:40:16.072+0000] {dag.py:3954} INFO - Setting next_dagrun for example_short_circuit_decorator to 2024-09-01 00:00:00+00:00, run_after=2024-09-02 00:00:00+00:00
[2024-09-02T21:40:16.096+0000] {processor.py:183} INFO - Processing /home/airflow/.local/lib/python3.12/site-packages/airflow/example_dags/example_short_circuit_decorator.py took 0.092 seconds
[2024-09-02T21:40:46.414+0000] {processor.py:161} INFO - Started process (PID=340) to work on /home/airflow/.local/lib/python3.12/site-packages/airflow/example_dags/example_short_circuit_decorator.py
[2024-09-02T21:40:46.415+0000] {processor.py:830} INFO - Processing file /home/airflow/.local/lib/python3.12/site-packages/airflow/example_dags/example_short_circuit_decorator.py for tasks to queue
[2024-09-02T21:40:46.417+0000] {logging_mixin.py:188} INFO - [2024-09-02T21:40:46.417+0000] {dagbag.py:545} INFO - Filling up the DagBag from /home/airflow/.local/lib/python3.12/site-packages/airflow/example_dags/example_short_circuit_decorator.py
[2024-09-02T21:40:46.429+0000] {processor.py:840} INFO - DAG(s) 'example_short_circuit_decorator' retrieved from /home/airflow/.local/lib/python3.12/site-packages/airflow/example_dags/example_short_circuit_decorator.py
[2024-09-02T21:40:46.456+0000] {logging_mixin.py:188} INFO - [2024-09-02T21:40:46.456+0000] {dag.py:3096} INFO - Sync 1 DAGs
[2024-09-02T21:40:46.481+0000] {logging_mixin.py:188} INFO - [2024-09-02T21:40:46.481+0000] {dag.py:3954} INFO - Setting next_dagrun for example_short_circuit_decorator to 2024-09-01 00:00:00+00:00, run_after=2024-09-02 00:00:00+00:00
[2024-09-02T21:40:46.506+0000] {processor.py:183} INFO - Processing /home/airflow/.local/lib/python3.12/site-packages/airflow/example_dags/example_short_circuit_decorator.py took 0.099 seconds
[2024-09-02T21:44:35.730+0000] {processor.py:161} INFO - Started process (PID=94) to work on /home/airflow/.local/lib/python3.12/site-packages/airflow/example_dags/example_short_circuit_decorator.py
[2024-09-02T21:44:35.732+0000] {processor.py:830} INFO - Processing file /home/airflow/.local/lib/python3.12/site-packages/airflow/example_dags/example_short_circuit_decorator.py for tasks to queue
[2024-09-02T21:44:35.735+0000] {logging_mixin.py:188} INFO - [2024-09-02T21:44:35.734+0000] {dagbag.py:545} INFO - Filling up the DagBag from /home/airflow/.local/lib/python3.12/site-packages/airflow/example_dags/example_short_circuit_decorator.py
[2024-09-02T21:44:35.758+0000] {processor.py:840} INFO - DAG(s) 'example_short_circuit_decorator' retrieved from /home/airflow/.local/lib/python3.12/site-packages/airflow/example_dags/example_short_circuit_decorator.py
[2024-09-02T21:44:35.995+0000] {logging_mixin.py:188} INFO - [2024-09-02T21:44:35.994+0000] {override.py:1829} INFO - Created Permission View: can read on DAG:example_short_circuit_decorator
[2024-09-02T21:44:36.013+0000] {logging_mixin.py:188} INFO - [2024-09-02T21:44:36.013+0000] {override.py:1829} INFO - Created Permission View: can delete on DAG:example_short_circuit_decorator
[2024-09-02T21:44:36.025+0000] {logging_mixin.py:188} INFO - [2024-09-02T21:44:36.024+0000] {override.py:1829} INFO - Created Permission View: can edit on DAG:example_short_circuit_decorator
[2024-09-02T21:44:36.026+0000] {logging_mixin.py:188} INFO - [2024-09-02T21:44:36.026+0000] {dag.py:3096} INFO - Sync 1 DAGs
[2024-09-02T21:44:36.047+0000] {logging_mixin.py:188} INFO - [2024-09-02T21:44:36.047+0000] {dag.py:3118} INFO - Creating ORM DAG for example_short_circuit_decorator
[2024-09-02T21:44:36.066+0000] {logging_mixin.py:188} INFO - [2024-09-02T21:44:36.066+0000] {dag.py:3954} INFO - Setting next_dagrun for example_short_circuit_decorator to 2024-09-01 00:00:00+00:00, run_after=2024-09-02 00:00:00+00:00
[2024-09-02T21:44:36.098+0000] {processor.py:183} INFO - Processing /home/airflow/.local/lib/python3.12/site-packages/airflow/example_dags/example_short_circuit_decorator.py took 0.380 seconds
[2024-09-02T21:45:06.214+0000] {processor.py:161} INFO - Started process (PID=154) to work on /home/airflow/.local/lib/python3.12/site-packages/airflow/example_dags/example_short_circuit_decorator.py
[2024-09-02T21:45:06.223+0000] {processor.py:830} INFO - Processing file /home/airflow/.local/lib/python3.12/site-packages/airflow/example_dags/example_short_circuit_decorator.py for tasks to queue
[2024-09-02T21:45:06.227+0000] {logging_mixin.py:188} INFO - [2024-09-02T21:45:06.226+0000] {dagbag.py:545} INFO - Filling up the DagBag from /home/airflow/.local/lib/python3.12/site-packages/airflow/example_dags/example_short_circuit_decorator.py
[2024-09-02T21:45:06.267+0000] {processor.py:840} INFO - DAG(s) 'example_short_circuit_decorator' retrieved from /home/airflow/.local/lib/python3.12/site-packages/airflow/example_dags/example_short_circuit_decorator.py
[2024-09-02T21:45:06.310+0000] {logging_mixin.py:188} INFO - [2024-09-02T21:45:06.310+0000] {dag.py:3096} INFO - Sync 1 DAGs
[2024-09-02T21:45:06.364+0000] {logging_mixin.py:188} INFO - [2024-09-02T21:45:06.364+0000] {dag.py:3954} INFO - Setting next_dagrun for example_short_circuit_decorator to 2024-09-01 00:00:00+00:00, run_after=2024-09-02 00:00:00+00:00
[2024-09-02T21:45:06.393+0000] {processor.py:183} INFO - Processing /home/airflow/.local/lib/python3.12/site-packages/airflow/example_dags/example_short_circuit_decorator.py took 0.194 seconds
[2024-09-02T21:45:36.870+0000] {processor.py:161} INFO - Started process (PID=214) to work on /home/airflow/.local/lib/python3.12/site-packages/airflow/example_dags/example_short_circuit_decorator.py
[2024-09-02T21:45:36.872+0000] {processor.py:830} INFO - Processing file /home/airflow/.local/lib/python3.12/site-packages/airflow/example_dags/example_short_circuit_decorator.py for tasks to queue
[2024-09-02T21:45:36.875+0000] {logging_mixin.py:188} INFO - [2024-09-02T21:45:36.875+0000] {dagbag.py:545} INFO - Filling up the DagBag from /home/airflow/.local/lib/python3.12/site-packages/airflow/example_dags/example_short_circuit_decorator.py
[2024-09-02T21:45:36.889+0000] {processor.py:840} INFO - DAG(s) 'example_short_circuit_decorator' retrieved from /home/airflow/.local/lib/python3.12/site-packages/airflow/example_dags/example_short_circuit_decorator.py
[2024-09-02T21:45:36.922+0000] {logging_mixin.py:188} INFO - [2024-09-02T21:45:36.922+0000] {dag.py:3096} INFO - Sync 1 DAGs
[2024-09-02T21:45:36.952+0000] {logging_mixin.py:188} INFO - [2024-09-02T21:45:36.952+0000] {dag.py:3954} INFO - Setting next_dagrun for example_short_circuit_decorator to 2024-09-01 00:00:00+00:00, run_after=2024-09-02 00:00:00+00:00
[2024-09-02T21:45:36.995+0000] {processor.py:183} INFO - Processing /home/airflow/.local/lib/python3.12/site-packages/airflow/example_dags/example_short_circuit_decorator.py took 0.133 seconds
[2024-09-02T21:46:07.364+0000] {processor.py:161} INFO - Started process (PID=275) to work on /home/airflow/.local/lib/python3.12/site-packages/airflow/example_dags/example_short_circuit_decorator.py
[2024-09-02T21:46:07.366+0000] {processor.py:830} INFO - Processing file /home/airflow/.local/lib/python3.12/site-packages/airflow/example_dags/example_short_circuit_decorator.py for tasks to queue
[2024-09-02T21:46:07.370+0000] {logging_mixin.py:188} INFO - [2024-09-02T21:46:07.369+0000] {dagbag.py:545} INFO - Filling up the DagBag from /home/airflow/.local/lib/python3.12/site-packages/airflow/example_dags/example_short_circuit_decorator.py
[2024-09-02T21:46:07.383+0000] {processor.py:840} INFO - DAG(s) 'example_short_circuit_decorator' retrieved from /home/airflow/.local/lib/python3.12/site-packages/airflow/example_dags/example_short_circuit_decorator.py
[2024-09-02T21:46:07.415+0000] {logging_mixin.py:188} INFO - [2024-09-02T21:46:07.415+0000] {dag.py:3096} INFO - Sync 1 DAGs
[2024-09-02T21:46:07.454+0000] {logging_mixin.py:188} INFO - [2024-09-02T21:46:07.453+0000] {dag.py:3954} INFO - Setting next_dagrun for example_short_circuit_decorator to 2024-09-01 00:00:00+00:00, run_after=2024-09-02 00:00:00+00:00
[2024-09-02T21:46:07.487+0000] {processor.py:183} INFO - Processing /home/airflow/.local/lib/python3.12/site-packages/airflow/example_dags/example_short_circuit_decorator.py took 0.137 seconds
[2024-09-02T21:46:38.395+0000] {processor.py:161} INFO - Started process (PID=335) to work on /home/airflow/.local/lib/python3.12/site-packages/airflow/example_dags/example_short_circuit_decorator.py
[2024-09-02T21:46:38.397+0000] {processor.py:830} INFO - Processing file /home/airflow/.local/lib/python3.12/site-packages/airflow/example_dags/example_short_circuit_decorator.py for tasks to queue
[2024-09-02T21:46:38.404+0000] {logging_mixin.py:188} INFO - [2024-09-02T21:46:38.403+0000] {dagbag.py:545} INFO - Filling up the DagBag from /home/airflow/.local/lib/python3.12/site-packages/airflow/example_dags/example_short_circuit_decorator.py
[2024-09-02T21:46:38.430+0000] {processor.py:840} INFO - DAG(s) 'example_short_circuit_decorator' retrieved from /home/airflow/.local/lib/python3.12/site-packages/airflow/example_dags/example_short_circuit_decorator.py
[2024-09-02T21:46:38.487+0000] {logging_mixin.py:188} INFO - [2024-09-02T21:46:38.486+0000] {dag.py:3096} INFO - Sync 1 DAGs
[2024-09-02T21:46:38.555+0000] {logging_mixin.py:188} INFO - [2024-09-02T21:46:38.554+0000] {dag.py:3954} INFO - Setting next_dagrun for example_short_circuit_decorator to 2024-09-01 00:00:00+00:00, run_after=2024-09-02 00:00:00+00:00
[2024-09-02T21:46:38.595+0000] {processor.py:183} INFO - Processing /home/airflow/.local/lib/python3.12/site-packages/airflow/example_dags/example_short_circuit_decorator.py took 0.213 seconds
[2024-09-02T21:47:08.973+0000] {processor.py:161} INFO - Started process (PID=395) to work on /home/airflow/.local/lib/python3.12/site-packages/airflow/example_dags/example_short_circuit_decorator.py
[2024-09-02T21:47:08.975+0000] {processor.py:830} INFO - Processing file /home/airflow/.local/lib/python3.12/site-packages/airflow/example_dags/example_short_circuit_decorator.py for tasks to queue
[2024-09-02T21:47:08.979+0000] {logging_mixin.py:188} INFO - [2024-09-02T21:47:08.978+0000] {dagbag.py:545} INFO - Filling up the DagBag from /home/airflow/.local/lib/python3.12/site-packages/airflow/example_dags/example_short_circuit_decorator.py
[2024-09-02T21:47:08.992+0000] {processor.py:840} INFO - DAG(s) 'example_short_circuit_decorator' retrieved from /home/airflow/.local/lib/python3.12/site-packages/airflow/example_dags/example_short_circuit_decorator.py
[2024-09-02T21:47:09.026+0000] {logging_mixin.py:188} INFO - [2024-09-02T21:47:09.026+0000] {dag.py:3096} INFO - Sync 1 DAGs
[2024-09-02T21:47:09.058+0000] {logging_mixin.py:188} INFO - [2024-09-02T21:47:09.057+0000] {dag.py:3954} INFO - Setting next_dagrun for example_short_circuit_decorator to 2024-09-01 00:00:00+00:00, run_after=2024-09-02 00:00:00+00:00
[2024-09-02T21:47:09.083+0000] {processor.py:183} INFO - Processing /home/airflow/.local/lib/python3.12/site-packages/airflow/example_dags/example_short_circuit_decorator.py took 0.119 seconds
[2024-09-02T21:47:39.869+0000] {processor.py:161} INFO - Started process (PID=455) to work on /home/airflow/.local/lib/python3.12/site-packages/airflow/example_dags/example_short_circuit_decorator.py
[2024-09-02T21:47:39.871+0000] {processor.py:830} INFO - Processing file /home/airflow/.local/lib/python3.12/site-packages/airflow/example_dags/example_short_circuit_decorator.py for tasks to queue
[2024-09-02T21:47:39.875+0000] {logging_mixin.py:188} INFO - [2024-09-02T21:47:39.874+0000] {dagbag.py:545} INFO - Filling up the DagBag from /home/airflow/.local/lib/python3.12/site-packages/airflow/example_dags/example_short_circuit_decorator.py
[2024-09-02T21:47:39.892+0000] {processor.py:840} INFO - DAG(s) 'example_short_circuit_decorator' retrieved from /home/airflow/.local/lib/python3.12/site-packages/airflow/example_dags/example_short_circuit_decorator.py
[2024-09-02T21:47:39.933+0000] {logging_mixin.py:188} INFO - [2024-09-02T21:47:39.933+0000] {dag.py:3096} INFO - Sync 1 DAGs
[2024-09-02T21:47:39.970+0000] {logging_mixin.py:188} INFO - [2024-09-02T21:47:39.970+0000] {dag.py:3954} INFO - Setting next_dagrun for example_short_circuit_decorator to 2024-09-01 00:00:00+00:00, run_after=2024-09-02 00:00:00+00:00
[2024-09-02T21:47:40.005+0000] {processor.py:183} INFO - Processing /home/airflow/.local/lib/python3.12/site-packages/airflow/example_dags/example_short_circuit_decorator.py took 0.144 seconds
[2024-09-02T21:48:10.745+0000] {processor.py:161} INFO - Started process (PID=515) to work on /home/airflow/.local/lib/python3.12/site-packages/airflow/example_dags/example_short_circuit_decorator.py
[2024-09-02T21:48:10.747+0000] {processor.py:830} INFO - Processing file /home/airflow/.local/lib/python3.12/site-packages/airflow/example_dags/example_short_circuit_decorator.py for tasks to queue
[2024-09-02T21:48:10.753+0000] {logging_mixin.py:188} INFO - [2024-09-02T21:48:10.751+0000] {dagbag.py:545} INFO - Filling up the DagBag from /home/airflow/.local/lib/python3.12/site-packages/airflow/example_dags/example_short_circuit_decorator.py
[2024-09-02T21:48:10.779+0000] {processor.py:840} INFO - DAG(s) 'example_short_circuit_decorator' retrieved from /home/airflow/.local/lib/python3.12/site-packages/airflow/example_dags/example_short_circuit_decorator.py
[2024-09-02T21:48:10.838+0000] {logging_mixin.py:188} INFO - [2024-09-02T21:48:10.837+0000] {dag.py:3096} INFO - Sync 1 DAGs
[2024-09-02T21:48:10.910+0000] {logging_mixin.py:188} INFO - [2024-09-02T21:48:10.910+0000] {dag.py:3954} INFO - Setting next_dagrun for example_short_circuit_decorator to 2024-09-01 00:00:00+00:00, run_after=2024-09-02 00:00:00+00:00
[2024-09-02T21:48:10.952+0000] {processor.py:183} INFO - Processing /home/airflow/.local/lib/python3.12/site-packages/airflow/example_dags/example_short_circuit_decorator.py took 0.228 seconds
[2024-09-02T21:48:41.929+0000] {processor.py:161} INFO - Started process (PID=575) to work on /home/airflow/.local/lib/python3.12/site-packages/airflow/example_dags/example_short_circuit_decorator.py
[2024-09-02T21:48:41.931+0000] {processor.py:830} INFO - Processing file /home/airflow/.local/lib/python3.12/site-packages/airflow/example_dags/example_short_circuit_decorator.py for tasks to queue
[2024-09-02T21:48:41.933+0000] {logging_mixin.py:188} INFO - [2024-09-02T21:48:41.933+0000] {dagbag.py:545} INFO - Filling up the DagBag from /home/airflow/.local/lib/python3.12/site-packages/airflow/example_dags/example_short_circuit_decorator.py
[2024-09-02T21:48:41.946+0000] {processor.py:840} INFO - DAG(s) 'example_short_circuit_decorator' retrieved from /home/airflow/.local/lib/python3.12/site-packages/airflow/example_dags/example_short_circuit_decorator.py
[2024-09-02T21:48:41.995+0000] {logging_mixin.py:188} INFO - [2024-09-02T21:48:41.995+0000] {dag.py:3096} INFO - Sync 1 DAGs
[2024-09-02T21:48:42.042+0000] {logging_mixin.py:188} INFO - [2024-09-02T21:48:42.041+0000] {dag.py:3954} INFO - Setting next_dagrun for example_short_circuit_decorator to 2024-09-01 00:00:00+00:00, run_after=2024-09-02 00:00:00+00:00
[2024-09-02T21:48:42.071+0000] {processor.py:183} INFO - Processing /home/airflow/.local/lib/python3.12/site-packages/airflow/example_dags/example_short_circuit_decorator.py took 0.149 seconds
[2024-09-02T21:49:12.236+0000] {processor.py:161} INFO - Started process (PID=635) to work on /home/airflow/.local/lib/python3.12/site-packages/airflow/example_dags/example_short_circuit_decorator.py
[2024-09-02T21:49:12.238+0000] {processor.py:830} INFO - Processing file /home/airflow/.local/lib/python3.12/site-packages/airflow/example_dags/example_short_circuit_decorator.py for tasks to queue
[2024-09-02T21:49:12.241+0000] {logging_mixin.py:188} INFO - [2024-09-02T21:49:12.241+0000] {dagbag.py:545} INFO - Filling up the DagBag from /home/airflow/.local/lib/python3.12/site-packages/airflow/example_dags/example_short_circuit_decorator.py
[2024-09-02T21:49:12.257+0000] {processor.py:840} INFO - DAG(s) 'example_short_circuit_decorator' retrieved from /home/airflow/.local/lib/python3.12/site-packages/airflow/example_dags/example_short_circuit_decorator.py
[2024-09-02T21:49:12.293+0000] {logging_mixin.py:188} INFO - [2024-09-02T21:49:12.293+0000] {dag.py:3096} INFO - Sync 1 DAGs
[2024-09-02T21:49:12.330+0000] {logging_mixin.py:188} INFO - [2024-09-02T21:49:12.330+0000] {dag.py:3954} INFO - Setting next_dagrun for example_short_circuit_decorator to 2024-09-01 00:00:00+00:00, run_after=2024-09-02 00:00:00+00:00
[2024-09-02T21:49:12.361+0000] {processor.py:183} INFO - Processing /home/airflow/.local/lib/python3.12/site-packages/airflow/example_dags/example_short_circuit_decorator.py took 0.131 seconds
[2024-09-02T21:49:42.722+0000] {processor.py:161} INFO - Started process (PID=695) to work on /home/airflow/.local/lib/python3.12/site-packages/airflow/example_dags/example_short_circuit_decorator.py
[2024-09-02T21:49:42.724+0000] {processor.py:830} INFO - Processing file /home/airflow/.local/lib/python3.12/site-packages/airflow/example_dags/example_short_circuit_decorator.py for tasks to queue
[2024-09-02T21:49:42.728+0000] {logging_mixin.py:188} INFO - [2024-09-02T21:49:42.727+0000] {dagbag.py:545} INFO - Filling up the DagBag from /home/airflow/.local/lib/python3.12/site-packages/airflow/example_dags/example_short_circuit_decorator.py
[2024-09-02T21:49:42.752+0000] {processor.py:840} INFO - DAG(s) 'example_short_circuit_decorator' retrieved from /home/airflow/.local/lib/python3.12/site-packages/airflow/example_dags/example_short_circuit_decorator.py
[2024-09-02T21:49:42.830+0000] {logging_mixin.py:188} INFO - [2024-09-02T21:49:42.829+0000] {dag.py:3096} INFO - Sync 1 DAGs
[2024-09-02T21:49:42.882+0000] {logging_mixin.py:188} INFO - [2024-09-02T21:49:42.882+0000] {dag.py:3954} INFO - Setting next_dagrun for example_short_circuit_decorator to 2024-09-01 00:00:00+00:00, run_after=2024-09-02 00:00:00+00:00
[2024-09-02T21:49:42.981+0000] {processor.py:183} INFO - Processing /home/airflow/.local/lib/python3.12/site-packages/airflow/example_dags/example_short_circuit_decorator.py took 0.274 seconds
[2024-09-02T21:50:13.387+0000] {processor.py:161} INFO - Started process (PID=755) to work on /home/airflow/.local/lib/python3.12/site-packages/airflow/example_dags/example_short_circuit_decorator.py
[2024-09-02T21:50:13.388+0000] {processor.py:830} INFO - Processing file /home/airflow/.local/lib/python3.12/site-packages/airflow/example_dags/example_short_circuit_decorator.py for tasks to queue
[2024-09-02T21:50:13.390+0000] {logging_mixin.py:188} INFO - [2024-09-02T21:50:13.390+0000] {dagbag.py:545} INFO - Filling up the DagBag from /home/airflow/.local/lib/python3.12/site-packages/airflow/example_dags/example_short_circuit_decorator.py
[2024-09-02T21:50:13.401+0000] {processor.py:840} INFO - DAG(s) 'example_short_circuit_decorator' retrieved from /home/airflow/.local/lib/python3.12/site-packages/airflow/example_dags/example_short_circuit_decorator.py
[2024-09-02T21:50:13.430+0000] {logging_mixin.py:188} INFO - [2024-09-02T21:50:13.429+0000] {dag.py:3096} INFO - Sync 1 DAGs
[2024-09-02T21:50:13.458+0000] {logging_mixin.py:188} INFO - [2024-09-02T21:50:13.458+0000] {dag.py:3954} INFO - Setting next_dagrun for example_short_circuit_decorator to 2024-09-01 00:00:00+00:00, run_after=2024-09-02 00:00:00+00:00
[2024-09-02T21:50:13.482+0000] {processor.py:183} INFO - Processing /home/airflow/.local/lib/python3.12/site-packages/airflow/example_dags/example_short_circuit_decorator.py took 0.100 seconds
[2024-09-02T21:50:43.791+0000] {processor.py:161} INFO - Started process (PID=815) to work on /home/airflow/.local/lib/python3.12/site-packages/airflow/example_dags/example_short_circuit_decorator.py
[2024-09-02T21:50:43.792+0000] {processor.py:830} INFO - Processing file /home/airflow/.local/lib/python3.12/site-packages/airflow/example_dags/example_short_circuit_decorator.py for tasks to queue
[2024-09-02T21:50:43.794+0000] {logging_mixin.py:188} INFO - [2024-09-02T21:50:43.794+0000] {dagbag.py:545} INFO - Filling up the DagBag from /home/airflow/.local/lib/python3.12/site-packages/airflow/example_dags/example_short_circuit_decorator.py
[2024-09-02T21:50:43.802+0000] {processor.py:840} INFO - DAG(s) 'example_short_circuit_decorator' retrieved from /home/airflow/.local/lib/python3.12/site-packages/airflow/example_dags/example_short_circuit_decorator.py
[2024-09-02T21:50:43.828+0000] {logging_mixin.py:188} INFO - [2024-09-02T21:50:43.828+0000] {dag.py:3096} INFO - Sync 1 DAGs
[2024-09-02T21:50:43.852+0000] {logging_mixin.py:188} INFO - [2024-09-02T21:50:43.851+0000] {dag.py:3954} INFO - Setting next_dagrun for example_short_circuit_decorator to 2024-09-01 00:00:00+00:00, run_after=2024-09-02 00:00:00+00:00
[2024-09-02T21:50:43.888+0000] {processor.py:183} INFO - Processing /home/airflow/.local/lib/python3.12/site-packages/airflow/example_dags/example_short_circuit_decorator.py took 0.102 seconds
[2024-09-02T21:51:14.107+0000] {processor.py:161} INFO - Started process (PID=875) to work on /home/airflow/.local/lib/python3.12/site-packages/airflow/example_dags/example_short_circuit_decorator.py
[2024-09-02T21:51:14.109+0000] {processor.py:830} INFO - Processing file /home/airflow/.local/lib/python3.12/site-packages/airflow/example_dags/example_short_circuit_decorator.py for tasks to queue
[2024-09-02T21:51:14.116+0000] {logging_mixin.py:188} INFO - [2024-09-02T21:51:14.112+0000] {dagbag.py:545} INFO - Filling up the DagBag from /home/airflow/.local/lib/python3.12/site-packages/airflow/example_dags/example_short_circuit_decorator.py
[2024-09-02T21:51:14.136+0000] {processor.py:840} INFO - DAG(s) 'example_short_circuit_decorator' retrieved from /home/airflow/.local/lib/python3.12/site-packages/airflow/example_dags/example_short_circuit_decorator.py
[2024-09-02T21:51:14.178+0000] {logging_mixin.py:188} INFO - [2024-09-02T21:51:14.177+0000] {dag.py:3096} INFO - Sync 1 DAGs
[2024-09-02T21:51:14.201+0000] {logging_mixin.py:188} INFO - [2024-09-02T21:51:14.201+0000] {dag.py:3954} INFO - Setting next_dagrun for example_short_circuit_decorator to 2024-09-01 00:00:00+00:00, run_after=2024-09-02 00:00:00+00:00
[2024-09-02T21:51:14.230+0000] {processor.py:183} INFO - Processing /home/airflow/.local/lib/python3.12/site-packages/airflow/example_dags/example_short_circuit_decorator.py took 0.144 seconds
[2024-09-02T21:51:45.099+0000] {processor.py:161} INFO - Started process (PID=935) to work on /home/airflow/.local/lib/python3.12/site-packages/airflow/example_dags/example_short_circuit_decorator.py
[2024-09-02T21:51:45.100+0000] {processor.py:830} INFO - Processing file /home/airflow/.local/lib/python3.12/site-packages/airflow/example_dags/example_short_circuit_decorator.py for tasks to queue
[2024-09-02T21:51:45.102+0000] {logging_mixin.py:188} INFO - [2024-09-02T21:51:45.101+0000] {dagbag.py:545} INFO - Filling up the DagBag from /home/airflow/.local/lib/python3.12/site-packages/airflow/example_dags/example_short_circuit_decorator.py
[2024-09-02T21:51:45.111+0000] {processor.py:840} INFO - DAG(s) 'example_short_circuit_decorator' retrieved from /home/airflow/.local/lib/python3.12/site-packages/airflow/example_dags/example_short_circuit_decorator.py
[2024-09-02T21:51:45.137+0000] {logging_mixin.py:188} INFO - [2024-09-02T21:51:45.137+0000] {dag.py:3096} INFO - Sync 1 DAGs
[2024-09-02T21:51:45.162+0000] {logging_mixin.py:188} INFO - [2024-09-02T21:51:45.162+0000] {dag.py:3954} INFO - Setting next_dagrun for example_short_circuit_decorator to 2024-09-01 00:00:00+00:00, run_after=2024-09-02 00:00:00+00:00
[2024-09-02T21:51:45.184+0000] {processor.py:183} INFO - Processing /home/airflow/.local/lib/python3.12/site-packages/airflow/example_dags/example_short_circuit_decorator.py took 0.090 seconds
[2024-09-02T21:52:16.001+0000] {processor.py:161} INFO - Started process (PID=995) to work on /home/airflow/.local/lib/python3.12/site-packages/airflow/example_dags/example_short_circuit_decorator.py
[2024-09-02T21:52:16.003+0000] {processor.py:830} INFO - Processing file /home/airflow/.local/lib/python3.12/site-packages/airflow/example_dags/example_short_circuit_decorator.py for tasks to queue
[2024-09-02T21:52:16.005+0000] {logging_mixin.py:188} INFO - [2024-09-02T21:52:16.005+0000] {dagbag.py:545} INFO - Filling up the DagBag from /home/airflow/.local/lib/python3.12/site-packages/airflow/example_dags/example_short_circuit_decorator.py
[2024-09-02T21:52:16.018+0000] {processor.py:840} INFO - DAG(s) 'example_short_circuit_decorator' retrieved from /home/airflow/.local/lib/python3.12/site-packages/airflow/example_dags/example_short_circuit_decorator.py
[2024-09-02T21:52:16.043+0000] {logging_mixin.py:188} INFO - [2024-09-02T21:52:16.043+0000] {dag.py:3096} INFO - Sync 1 DAGs
[2024-09-02T21:52:16.068+0000] {logging_mixin.py:188} INFO - [2024-09-02T21:52:16.067+0000] {dag.py:3954} INFO - Setting next_dagrun for example_short_circuit_decorator to 2024-09-01 00:00:00+00:00, run_after=2024-09-02 00:00:00+00:00
[2024-09-02T21:52:16.090+0000] {processor.py:183} INFO - Processing /home/airflow/.local/lib/python3.12/site-packages/airflow/example_dags/example_short_circuit_decorator.py took 0.096 seconds
[2024-09-02T21:52:46.340+0000] {processor.py:161} INFO - Started process (PID=1055) to work on /home/airflow/.local/lib/python3.12/site-packages/airflow/example_dags/example_short_circuit_decorator.py
[2024-09-02T21:52:46.342+0000] {processor.py:830} INFO - Processing file /home/airflow/.local/lib/python3.12/site-packages/airflow/example_dags/example_short_circuit_decorator.py for tasks to queue
[2024-09-02T21:52:46.346+0000] {logging_mixin.py:188} INFO - [2024-09-02T21:52:46.346+0000] {dagbag.py:545} INFO - Filling up the DagBag from /home/airflow/.local/lib/python3.12/site-packages/airflow/example_dags/example_short_circuit_decorator.py
[2024-09-02T21:52:46.364+0000] {processor.py:840} INFO - DAG(s) 'example_short_circuit_decorator' retrieved from /home/airflow/.local/lib/python3.12/site-packages/airflow/example_dags/example_short_circuit_decorator.py
[2024-09-02T21:52:46.412+0000] {logging_mixin.py:188} INFO - [2024-09-02T21:52:46.411+0000] {dag.py:3096} INFO - Sync 1 DAGs
[2024-09-02T21:52:46.464+0000] {logging_mixin.py:188} INFO - [2024-09-02T21:52:46.464+0000] {dag.py:3954} INFO - Setting next_dagrun for example_short_circuit_decorator to 2024-09-01 00:00:00+00:00, run_after=2024-09-02 00:00:00+00:00
[2024-09-02T21:52:46.489+0000] {processor.py:183} INFO - Processing /home/airflow/.local/lib/python3.12/site-packages/airflow/example_dags/example_short_circuit_decorator.py took 0.156 seconds
[2024-09-02T21:53:16.954+0000] {processor.py:161} INFO - Started process (PID=1115) to work on /home/airflow/.local/lib/python3.12/site-packages/airflow/example_dags/example_short_circuit_decorator.py
[2024-09-02T21:53:16.956+0000] {processor.py:830} INFO - Processing file /home/airflow/.local/lib/python3.12/site-packages/airflow/example_dags/example_short_circuit_decorator.py for tasks to queue
[2024-09-02T21:53:16.958+0000] {logging_mixin.py:188} INFO - [2024-09-02T21:53:16.958+0000] {dagbag.py:545} INFO - Filling up the DagBag from /home/airflow/.local/lib/python3.12/site-packages/airflow/example_dags/example_short_circuit_decorator.py
[2024-09-02T21:53:16.968+0000] {processor.py:840} INFO - DAG(s) 'example_short_circuit_decorator' retrieved from /home/airflow/.local/lib/python3.12/site-packages/airflow/example_dags/example_short_circuit_decorator.py
[2024-09-02T21:53:16.996+0000] {logging_mixin.py:188} INFO - [2024-09-02T21:53:16.996+0000] {dag.py:3096} INFO - Sync 1 DAGs
[2024-09-02T21:53:17.021+0000] {logging_mixin.py:188} INFO - [2024-09-02T21:53:17.020+0000] {dag.py:3954} INFO - Setting next_dagrun for example_short_circuit_decorator to 2024-09-01 00:00:00+00:00, run_after=2024-09-02 00:00:00+00:00
[2024-09-02T21:53:17.042+0000] {processor.py:183} INFO - Processing /home/airflow/.local/lib/python3.12/site-packages/airflow/example_dags/example_short_circuit_decorator.py took 0.093 seconds
[2024-09-02T21:53:47.768+0000] {processor.py:161} INFO - Started process (PID=1181) to work on /home/airflow/.local/lib/python3.12/site-packages/airflow/example_dags/example_short_circuit_decorator.py
[2024-09-02T21:53:47.770+0000] {processor.py:830} INFO - Processing file /home/airflow/.local/lib/python3.12/site-packages/airflow/example_dags/example_short_circuit_decorator.py for tasks to queue
[2024-09-02T21:53:47.772+0000] {logging_mixin.py:188} INFO - [2024-09-02T21:53:47.772+0000] {dagbag.py:545} INFO - Filling up the DagBag from /home/airflow/.local/lib/python3.12/site-packages/airflow/example_dags/example_short_circuit_decorator.py
[2024-09-02T21:53:47.793+0000] {processor.py:840} INFO - DAG(s) 'example_short_circuit_decorator' retrieved from /home/airflow/.local/lib/python3.12/site-packages/airflow/example_dags/example_short_circuit_decorator.py
[2024-09-02T21:53:47.826+0000] {logging_mixin.py:188} INFO - [2024-09-02T21:53:47.826+0000] {dag.py:3096} INFO - Sync 1 DAGs
[2024-09-02T21:53:47.855+0000] {logging_mixin.py:188} INFO - [2024-09-02T21:53:47.854+0000] {dag.py:3954} INFO - Setting next_dagrun for example_short_circuit_decorator to 2024-09-01 00:00:00+00:00, run_after=2024-09-02 00:00:00+00:00
[2024-09-02T21:53:47.880+0000] {processor.py:183} INFO - Processing /home/airflow/.local/lib/python3.12/site-packages/airflow/example_dags/example_short_circuit_decorator.py took 0.119 seconds
[2024-09-02T21:54:18.309+0000] {processor.py:161} INFO - Started process (PID=1241) to work on /home/airflow/.local/lib/python3.12/site-packages/airflow/example_dags/example_short_circuit_decorator.py
[2024-09-02T21:54:18.312+0000] {processor.py:830} INFO - Processing file /home/airflow/.local/lib/python3.12/site-packages/airflow/example_dags/example_short_circuit_decorator.py for tasks to queue
[2024-09-02T21:54:18.316+0000] {logging_mixin.py:188} INFO - [2024-09-02T21:54:18.315+0000] {dagbag.py:545} INFO - Filling up the DagBag from /home/airflow/.local/lib/python3.12/site-packages/airflow/example_dags/example_short_circuit_decorator.py
[2024-09-02T21:54:18.338+0000] {processor.py:840} INFO - DAG(s) 'example_short_circuit_decorator' retrieved from /home/airflow/.local/lib/python3.12/site-packages/airflow/example_dags/example_short_circuit_decorator.py
[2024-09-02T21:54:18.415+0000] {logging_mixin.py:188} INFO - [2024-09-02T21:54:18.415+0000] {dag.py:3096} INFO - Sync 1 DAGs
[2024-09-02T21:54:18.488+0000] {logging_mixin.py:188} INFO - [2024-09-02T21:54:18.487+0000] {dag.py:3954} INFO - Setting next_dagrun for example_short_circuit_decorator to 2024-09-01 00:00:00+00:00, run_after=2024-09-02 00:00:00+00:00
[2024-09-02T21:54:18.548+0000] {processor.py:183} INFO - Processing /home/airflow/.local/lib/python3.12/site-packages/airflow/example_dags/example_short_circuit_decorator.py took 0.260 seconds
[2024-09-02T21:54:48.861+0000] {processor.py:161} INFO - Started process (PID=1301) to work on /home/airflow/.local/lib/python3.12/site-packages/airflow/example_dags/example_short_circuit_decorator.py
[2024-09-02T21:54:48.863+0000] {processor.py:830} INFO - Processing file /home/airflow/.local/lib/python3.12/site-packages/airflow/example_dags/example_short_circuit_decorator.py for tasks to queue
[2024-09-02T21:54:48.865+0000] {logging_mixin.py:188} INFO - [2024-09-02T21:54:48.864+0000] {dagbag.py:545} INFO - Filling up the DagBag from /home/airflow/.local/lib/python3.12/site-packages/airflow/example_dags/example_short_circuit_decorator.py
[2024-09-02T21:54:48.874+0000] {processor.py:840} INFO - DAG(s) 'example_short_circuit_decorator' retrieved from /home/airflow/.local/lib/python3.12/site-packages/airflow/example_dags/example_short_circuit_decorator.py
[2024-09-02T21:54:48.902+0000] {logging_mixin.py:188} INFO - [2024-09-02T21:54:48.902+0000] {dag.py:3096} INFO - Sync 1 DAGs
[2024-09-02T21:54:48.927+0000] {logging_mixin.py:188} INFO - [2024-09-02T21:54:48.927+0000] {dag.py:3954} INFO - Setting next_dagrun for example_short_circuit_decorator to 2024-09-01 00:00:00+00:00, run_after=2024-09-02 00:00:00+00:00
[2024-09-02T21:54:48.949+0000] {processor.py:183} INFO - Processing /home/airflow/.local/lib/python3.12/site-packages/airflow/example_dags/example_short_circuit_decorator.py took 0.094 seconds
[2024-09-02T21:55:19.843+0000] {processor.py:161} INFO - Started process (PID=1366) to work on /home/airflow/.local/lib/python3.12/site-packages/airflow/example_dags/example_short_circuit_decorator.py
[2024-09-02T21:55:19.844+0000] {processor.py:830} INFO - Processing file /home/airflow/.local/lib/python3.12/site-packages/airflow/example_dags/example_short_circuit_decorator.py for tasks to queue
[2024-09-02T21:55:19.846+0000] {logging_mixin.py:188} INFO - [2024-09-02T21:55:19.846+0000] {dagbag.py:545} INFO - Filling up the DagBag from /home/airflow/.local/lib/python3.12/site-packages/airflow/example_dags/example_short_circuit_decorator.py
[2024-09-02T21:55:19.859+0000] {processor.py:840} INFO - DAG(s) 'example_short_circuit_decorator' retrieved from /home/airflow/.local/lib/python3.12/site-packages/airflow/example_dags/example_short_circuit_decorator.py
[2024-09-02T21:55:19.888+0000] {logging_mixin.py:188} INFO - [2024-09-02T21:55:19.887+0000] {dag.py:3096} INFO - Sync 1 DAGs
[2024-09-02T21:55:19.913+0000] {logging_mixin.py:188} INFO - [2024-09-02T21:55:19.913+0000] {dag.py:3954} INFO - Setting next_dagrun for example_short_circuit_decorator to 2024-09-01 00:00:00+00:00, run_after=2024-09-02 00:00:00+00:00
[2024-09-02T21:55:19.940+0000] {processor.py:183} INFO - Processing /home/airflow/.local/lib/python3.12/site-packages/airflow/example_dags/example_short_circuit_decorator.py took 0.104 seconds
[2024-09-02T21:55:50.121+0000] {processor.py:161} INFO - Started process (PID=1428) to work on /home/airflow/.local/lib/python3.12/site-packages/airflow/example_dags/example_short_circuit_decorator.py
[2024-09-02T21:55:50.122+0000] {processor.py:830} INFO - Processing file /home/airflow/.local/lib/python3.12/site-packages/airflow/example_dags/example_short_circuit_decorator.py for tasks to queue
[2024-09-02T21:55:50.125+0000] {logging_mixin.py:188} INFO - [2024-09-02T21:55:50.124+0000] {dagbag.py:545} INFO - Filling up the DagBag from /home/airflow/.local/lib/python3.12/site-packages/airflow/example_dags/example_short_circuit_decorator.py
[2024-09-02T21:55:50.139+0000] {processor.py:840} INFO - DAG(s) 'example_short_circuit_decorator' retrieved from /home/airflow/.local/lib/python3.12/site-packages/airflow/example_dags/example_short_circuit_decorator.py
[2024-09-02T21:55:50.176+0000] {logging_mixin.py:188} INFO - [2024-09-02T21:55:50.175+0000] {dag.py:3096} INFO - Sync 1 DAGs
[2024-09-02T21:55:50.213+0000] {logging_mixin.py:188} INFO - [2024-09-02T21:55:50.212+0000] {dag.py:3954} INFO - Setting next_dagrun for example_short_circuit_decorator to 2024-09-01 00:00:00+00:00, run_after=2024-09-02 00:00:00+00:00
[2024-09-02T21:55:50.243+0000] {processor.py:183} INFO - Processing /home/airflow/.local/lib/python3.12/site-packages/airflow/example_dags/example_short_circuit_decorator.py took 0.131 seconds
