[2024-09-02T21:35:19.720+0000] {processor.py:161} INFO - Started process (PID=110) to work on /home/airflow/.local/lib/python3.12/site-packages/airflow/example_dags/example_time_delta_sensor_async.py
[2024-09-02T21:35:19.723+0000] {processor.py:830} INFO - Processing file /home/airflow/.local/lib/python3.12/site-packages/airflow/example_dags/example_time_delta_sensor_async.py for tasks to queue
[2024-09-02T21:35:19.729+0000] {logging_mixin.py:188} INFO - [2024-09-02T21:35:19.728+0000] {dagbag.py:545} INFO - Filling up the DagBag from /home/airflow/.local/lib/python3.12/site-packages/airflow/example_dags/example_time_delta_sensor_async.py
[2024-09-02T21:35:19.756+0000] {processor.py:840} INFO - DAG(s) 'example_time_delta_sensor_async' retrieved from /home/airflow/.local/lib/python3.12/site-packages/airflow/example_dags/example_time_delta_sensor_async.py
[2024-09-02T21:35:20.244+0000] {logging_mixin.py:188} INFO - [2024-09-02T21:35:20.242+0000] {override.py:1829} INFO - Created Permission View: can edit on DAG:example_time_delta_sensor_async
[2024-09-02T21:35:20.302+0000] {logging_mixin.py:188} INFO - [2024-09-02T21:35:20.301+0000] {override.py:1829} INFO - Created Permission View: can delete on DAG:example_time_delta_sensor_async
[2024-09-02T21:35:20.338+0000] {logging_mixin.py:188} INFO - [2024-09-02T21:35:20.337+0000] {override.py:1829} INFO - Created Permission View: can read on DAG:example_time_delta_sensor_async
[2024-09-02T21:35:20.343+0000] {logging_mixin.py:188} INFO - [2024-09-02T21:35:20.342+0000] {dag.py:3096} INFO - Sync 1 DAGs
[2024-09-02T21:35:20.418+0000] {logging_mixin.py:188} INFO - [2024-09-02T21:35:20.417+0000] {dag.py:3118} INFO - Creating ORM DAG for example_time_delta_sensor_async
[2024-09-02T21:35:20.421+0000] {logging_mixin.py:188} INFO - [2024-09-02T21:35:20.420+0000] {dag.py:3954} INFO - Setting next_dagrun for example_time_delta_sensor_async to None, run_after=None
[2024-09-02T21:35:20.506+0000] {processor.py:183} INFO - Processing /home/airflow/.local/lib/python3.12/site-packages/airflow/example_dags/example_time_delta_sensor_async.py took 0.807 seconds
[2024-09-02T21:35:51.524+0000] {processor.py:161} INFO - Started process (PID=169) to work on /home/airflow/.local/lib/python3.12/site-packages/airflow/example_dags/example_time_delta_sensor_async.py
[2024-09-02T21:35:51.537+0000] {processor.py:830} INFO - Processing file /home/airflow/.local/lib/python3.12/site-packages/airflow/example_dags/example_time_delta_sensor_async.py for tasks to queue
[2024-09-02T21:35:51.559+0000] {logging_mixin.py:188} INFO - [2024-09-02T21:35:51.552+0000] {dagbag.py:545} INFO - Filling up the DagBag from /home/airflow/.local/lib/python3.12/site-packages/airflow/example_dags/example_time_delta_sensor_async.py
[2024-09-02T21:35:51.581+0000] {processor.py:840} INFO - DAG(s) 'example_time_delta_sensor_async' retrieved from /home/airflow/.local/lib/python3.12/site-packages/airflow/example_dags/example_time_delta_sensor_async.py
[2024-09-02T21:35:51.845+0000] {logging_mixin.py:188} INFO - [2024-09-02T21:35:51.844+0000] {dag.py:3096} INFO - Sync 1 DAGs
[2024-09-02T21:35:51.951+0000] {logging_mixin.py:188} INFO - [2024-09-02T21:35:51.947+0000] {dag.py:3954} INFO - Setting next_dagrun for example_time_delta_sensor_async to None, run_after=None
[2024-09-02T21:35:52.294+0000] {processor.py:183} INFO - Processing /home/airflow/.local/lib/python3.12/site-packages/airflow/example_dags/example_time_delta_sensor_async.py took 0.792 seconds
[2024-09-02T21:38:47.259+0000] {processor.py:161} INFO - Started process (PID=108) to work on /home/airflow/.local/lib/python3.12/site-packages/airflow/example_dags/example_time_delta_sensor_async.py
[2024-09-02T21:38:47.262+0000] {processor.py:830} INFO - Processing file /home/airflow/.local/lib/python3.12/site-packages/airflow/example_dags/example_time_delta_sensor_async.py for tasks to queue
[2024-09-02T21:38:47.267+0000] {logging_mixin.py:188} INFO - [2024-09-02T21:38:47.266+0000] {dagbag.py:545} INFO - Filling up the DagBag from /home/airflow/.local/lib/python3.12/site-packages/airflow/example_dags/example_time_delta_sensor_async.py
[2024-09-02T21:38:47.283+0000] {processor.py:840} INFO - DAG(s) 'example_time_delta_sensor_async' retrieved from /home/airflow/.local/lib/python3.12/site-packages/airflow/example_dags/example_time_delta_sensor_async.py
[2024-09-02T21:38:47.560+0000] {logging_mixin.py:188} INFO - [2024-09-02T21:38:47.559+0000] {override.py:1829} INFO - Created Permission View: can edit on DAG:example_time_delta_sensor_async
[2024-09-02T21:38:47.582+0000] {logging_mixin.py:188} INFO - [2024-09-02T21:38:47.582+0000] {override.py:1829} INFO - Created Permission View: can read on DAG:example_time_delta_sensor_async
[2024-09-02T21:38:47.595+0000] {logging_mixin.py:188} INFO - [2024-09-02T21:38:47.594+0000] {override.py:1829} INFO - Created Permission View: can delete on DAG:example_time_delta_sensor_async
[2024-09-02T21:38:47.596+0000] {logging_mixin.py:188} INFO - [2024-09-02T21:38:47.596+0000] {dag.py:3096} INFO - Sync 1 DAGs
[2024-09-02T21:38:47.627+0000] {logging_mixin.py:188} INFO - [2024-09-02T21:38:47.627+0000] {dag.py:3118} INFO - Creating ORM DAG for example_time_delta_sensor_async
[2024-09-02T21:38:47.629+0000] {logging_mixin.py:188} INFO - [2024-09-02T21:38:47.629+0000] {dag.py:3954} INFO - Setting next_dagrun for example_time_delta_sensor_async to None, run_after=None
[2024-09-02T21:38:47.676+0000] {processor.py:183} INFO - Processing /home/airflow/.local/lib/python3.12/site-packages/airflow/example_dags/example_time_delta_sensor_async.py took 0.431 seconds
[2024-09-02T21:39:17.974+0000] {processor.py:161} INFO - Started process (PID=168) to work on /home/airflow/.local/lib/python3.12/site-packages/airflow/example_dags/example_time_delta_sensor_async.py
[2024-09-02T21:39:17.976+0000] {processor.py:830} INFO - Processing file /home/airflow/.local/lib/python3.12/site-packages/airflow/example_dags/example_time_delta_sensor_async.py for tasks to queue
[2024-09-02T21:39:17.978+0000] {logging_mixin.py:188} INFO - [2024-09-02T21:39:17.978+0000] {dagbag.py:545} INFO - Filling up the DagBag from /home/airflow/.local/lib/python3.12/site-packages/airflow/example_dags/example_time_delta_sensor_async.py
[2024-09-02T21:39:17.984+0000] {processor.py:840} INFO - DAG(s) 'example_time_delta_sensor_async' retrieved from /home/airflow/.local/lib/python3.12/site-packages/airflow/example_dags/example_time_delta_sensor_async.py
[2024-09-02T21:39:18.007+0000] {logging_mixin.py:188} INFO - [2024-09-02T21:39:18.007+0000] {dag.py:3096} INFO - Sync 1 DAGs
[2024-09-02T21:39:18.021+0000] {logging_mixin.py:188} INFO - [2024-09-02T21:39:18.021+0000] {dag.py:3954} INFO - Setting next_dagrun for example_time_delta_sensor_async to None, run_after=None
[2024-09-02T21:39:18.044+0000] {processor.py:183} INFO - Processing /home/airflow/.local/lib/python3.12/site-packages/airflow/example_dags/example_time_delta_sensor_async.py took 0.077 seconds
[2024-09-02T21:39:48.192+0000] {processor.py:161} INFO - Started process (PID=228) to work on /home/airflow/.local/lib/python3.12/site-packages/airflow/example_dags/example_time_delta_sensor_async.py
[2024-09-02T21:39:48.194+0000] {processor.py:830} INFO - Processing file /home/airflow/.local/lib/python3.12/site-packages/airflow/example_dags/example_time_delta_sensor_async.py for tasks to queue
[2024-09-02T21:39:48.196+0000] {logging_mixin.py:188} INFO - [2024-09-02T21:39:48.196+0000] {dagbag.py:545} INFO - Filling up the DagBag from /home/airflow/.local/lib/python3.12/site-packages/airflow/example_dags/example_time_delta_sensor_async.py
[2024-09-02T21:39:48.202+0000] {processor.py:840} INFO - DAG(s) 'example_time_delta_sensor_async' retrieved from /home/airflow/.local/lib/python3.12/site-packages/airflow/example_dags/example_time_delta_sensor_async.py
[2024-09-02T21:39:48.231+0000] {logging_mixin.py:188} INFO - [2024-09-02T21:39:48.230+0000] {dag.py:3096} INFO - Sync 1 DAGs
[2024-09-02T21:39:48.250+0000] {logging_mixin.py:188} INFO - [2024-09-02T21:39:48.250+0000] {dag.py:3954} INFO - Setting next_dagrun for example_time_delta_sensor_async to None, run_after=None
[2024-09-02T21:39:48.275+0000] {processor.py:183} INFO - Processing /home/airflow/.local/lib/python3.12/site-packages/airflow/example_dags/example_time_delta_sensor_async.py took 0.093 seconds
[2024-09-02T21:40:18.661+0000] {processor.py:161} INFO - Started process (PID=288) to work on /home/airflow/.local/lib/python3.12/site-packages/airflow/example_dags/example_time_delta_sensor_async.py
[2024-09-02T21:40:18.662+0000] {processor.py:830} INFO - Processing file /home/airflow/.local/lib/python3.12/site-packages/airflow/example_dags/example_time_delta_sensor_async.py for tasks to queue
[2024-09-02T21:40:18.665+0000] {logging_mixin.py:188} INFO - [2024-09-02T21:40:18.664+0000] {dagbag.py:545} INFO - Filling up the DagBag from /home/airflow/.local/lib/python3.12/site-packages/airflow/example_dags/example_time_delta_sensor_async.py
[2024-09-02T21:40:18.670+0000] {processor.py:840} INFO - DAG(s) 'example_time_delta_sensor_async' retrieved from /home/airflow/.local/lib/python3.12/site-packages/airflow/example_dags/example_time_delta_sensor_async.py
[2024-09-02T21:40:18.704+0000] {logging_mixin.py:188} INFO - [2024-09-02T21:40:18.703+0000] {dag.py:3096} INFO - Sync 1 DAGs
[2024-09-02T21:40:18.734+0000] {logging_mixin.py:188} INFO - [2024-09-02T21:40:18.733+0000] {dag.py:3954} INFO - Setting next_dagrun for example_time_delta_sensor_async to None, run_after=None
[2024-09-02T21:40:18.770+0000] {processor.py:183} INFO - Processing /home/airflow/.local/lib/python3.12/site-packages/airflow/example_dags/example_time_delta_sensor_async.py took 0.117 seconds
[2024-09-02T21:40:49.130+0000] {processor.py:161} INFO - Started process (PID=348) to work on /home/airflow/.local/lib/python3.12/site-packages/airflow/example_dags/example_time_delta_sensor_async.py
[2024-09-02T21:40:49.132+0000] {processor.py:830} INFO - Processing file /home/airflow/.local/lib/python3.12/site-packages/airflow/example_dags/example_time_delta_sensor_async.py for tasks to queue
[2024-09-02T21:40:49.137+0000] {logging_mixin.py:188} INFO - [2024-09-02T21:40:49.136+0000] {dagbag.py:545} INFO - Filling up the DagBag from /home/airflow/.local/lib/python3.12/site-packages/airflow/example_dags/example_time_delta_sensor_async.py
[2024-09-02T21:40:49.149+0000] {processor.py:840} INFO - DAG(s) 'example_time_delta_sensor_async' retrieved from /home/airflow/.local/lib/python3.12/site-packages/airflow/example_dags/example_time_delta_sensor_async.py
[2024-09-02T21:40:49.180+0000] {logging_mixin.py:188} INFO - [2024-09-02T21:40:49.180+0000] {dag.py:3096} INFO - Sync 1 DAGs
[2024-09-02T21:40:49.202+0000] {logging_mixin.py:188} INFO - [2024-09-02T21:40:49.201+0000] {dag.py:3954} INFO - Setting next_dagrun for example_time_delta_sensor_async to None, run_after=None
[2024-09-02T21:40:49.235+0000] {processor.py:183} INFO - Processing /home/airflow/.local/lib/python3.12/site-packages/airflow/example_dags/example_time_delta_sensor_async.py took 0.124 seconds
[2024-09-02T21:44:37.866+0000] {processor.py:161} INFO - Started process (PID=102) to work on /home/airflow/.local/lib/python3.12/site-packages/airflow/example_dags/example_time_delta_sensor_async.py
[2024-09-02T21:44:37.871+0000] {processor.py:830} INFO - Processing file /home/airflow/.local/lib/python3.12/site-packages/airflow/example_dags/example_time_delta_sensor_async.py for tasks to queue
[2024-09-02T21:44:37.898+0000] {logging_mixin.py:188} INFO - [2024-09-02T21:44:37.896+0000] {dagbag.py:545} INFO - Filling up the DagBag from /home/airflow/.local/lib/python3.12/site-packages/airflow/example_dags/example_time_delta_sensor_async.py
[2024-09-02T21:44:37.921+0000] {processor.py:840} INFO - DAG(s) 'example_time_delta_sensor_async' retrieved from /home/airflow/.local/lib/python3.12/site-packages/airflow/example_dags/example_time_delta_sensor_async.py
[2024-09-02T21:44:38.200+0000] {logging_mixin.py:188} INFO - [2024-09-02T21:44:38.198+0000] {override.py:1829} INFO - Created Permission View: can read on DAG:example_time_delta_sensor_async
[2024-09-02T21:44:38.218+0000] {logging_mixin.py:188} INFO - [2024-09-02T21:44:38.218+0000] {override.py:1829} INFO - Created Permission View: can delete on DAG:example_time_delta_sensor_async
[2024-09-02T21:44:38.230+0000] {logging_mixin.py:188} INFO - [2024-09-02T21:44:38.230+0000] {override.py:1829} INFO - Created Permission View: can edit on DAG:example_time_delta_sensor_async
[2024-09-02T21:44:38.232+0000] {logging_mixin.py:188} INFO - [2024-09-02T21:44:38.231+0000] {dag.py:3096} INFO - Sync 1 DAGs
[2024-09-02T21:44:38.252+0000] {logging_mixin.py:188} INFO - [2024-09-02T21:44:38.252+0000] {dag.py:3118} INFO - Creating ORM DAG for example_time_delta_sensor_async
[2024-09-02T21:44:38.254+0000] {logging_mixin.py:188} INFO - [2024-09-02T21:44:38.254+0000] {dag.py:3954} INFO - Setting next_dagrun for example_time_delta_sensor_async to None, run_after=None
[2024-09-02T21:44:38.284+0000] {processor.py:183} INFO - Processing /home/airflow/.local/lib/python3.12/site-packages/airflow/example_dags/example_time_delta_sensor_async.py took 0.440 seconds
[2024-09-02T21:45:08.856+0000] {processor.py:161} INFO - Started process (PID=162) to work on /home/airflow/.local/lib/python3.12/site-packages/airflow/example_dags/example_time_delta_sensor_async.py
[2024-09-02T21:45:08.856+0000] {processor.py:830} INFO - Processing file /home/airflow/.local/lib/python3.12/site-packages/airflow/example_dags/example_time_delta_sensor_async.py for tasks to queue
[2024-09-02T21:45:08.858+0000] {logging_mixin.py:188} INFO - [2024-09-02T21:45:08.858+0000] {dagbag.py:545} INFO - Filling up the DagBag from /home/airflow/.local/lib/python3.12/site-packages/airflow/example_dags/example_time_delta_sensor_async.py
[2024-09-02T21:45:08.862+0000] {processor.py:840} INFO - DAG(s) 'example_time_delta_sensor_async' retrieved from /home/airflow/.local/lib/python3.12/site-packages/airflow/example_dags/example_time_delta_sensor_async.py
[2024-09-02T21:45:08.884+0000] {logging_mixin.py:188} INFO - [2024-09-02T21:45:08.883+0000] {dag.py:3096} INFO - Sync 1 DAGs
[2024-09-02T21:45:08.898+0000] {logging_mixin.py:188} INFO - [2024-09-02T21:45:08.898+0000] {dag.py:3954} INFO - Setting next_dagrun for example_time_delta_sensor_async to None, run_after=None
[2024-09-02T21:45:08.929+0000] {processor.py:183} INFO - Processing /home/airflow/.local/lib/python3.12/site-packages/airflow/example_dags/example_time_delta_sensor_async.py took 0.078 seconds
[2024-09-02T21:45:39.537+0000] {processor.py:161} INFO - Started process (PID=222) to work on /home/airflow/.local/lib/python3.12/site-packages/airflow/example_dags/example_time_delta_sensor_async.py
[2024-09-02T21:45:39.539+0000] {processor.py:830} INFO - Processing file /home/airflow/.local/lib/python3.12/site-packages/airflow/example_dags/example_time_delta_sensor_async.py for tasks to queue
[2024-09-02T21:45:39.543+0000] {logging_mixin.py:188} INFO - [2024-09-02T21:45:39.542+0000] {dagbag.py:545} INFO - Filling up the DagBag from /home/airflow/.local/lib/python3.12/site-packages/airflow/example_dags/example_time_delta_sensor_async.py
[2024-09-02T21:45:39.553+0000] {processor.py:840} INFO - DAG(s) 'example_time_delta_sensor_async' retrieved from /home/airflow/.local/lib/python3.12/site-packages/airflow/example_dags/example_time_delta_sensor_async.py
[2024-09-02T21:45:39.593+0000] {logging_mixin.py:188} INFO - [2024-09-02T21:45:39.592+0000] {dag.py:3096} INFO - Sync 1 DAGs
[2024-09-02T21:45:39.612+0000] {logging_mixin.py:188} INFO - [2024-09-02T21:45:39.611+0000] {dag.py:3954} INFO - Setting next_dagrun for example_time_delta_sensor_async to None, run_after=None
[2024-09-02T21:45:39.637+0000] {processor.py:183} INFO - Processing /home/airflow/.local/lib/python3.12/site-packages/airflow/example_dags/example_time_delta_sensor_async.py took 0.112 seconds
[2024-09-02T21:46:09.842+0000] {processor.py:161} INFO - Started process (PID=283) to work on /home/airflow/.local/lib/python3.12/site-packages/airflow/example_dags/example_time_delta_sensor_async.py
[2024-09-02T21:46:09.844+0000] {processor.py:830} INFO - Processing file /home/airflow/.local/lib/python3.12/site-packages/airflow/example_dags/example_time_delta_sensor_async.py for tasks to queue
[2024-09-02T21:46:09.846+0000] {logging_mixin.py:188} INFO - [2024-09-02T21:46:09.845+0000] {dagbag.py:545} INFO - Filling up the DagBag from /home/airflow/.local/lib/python3.12/site-packages/airflow/example_dags/example_time_delta_sensor_async.py
[2024-09-02T21:46:09.850+0000] {processor.py:840} INFO - DAG(s) 'example_time_delta_sensor_async' retrieved from /home/airflow/.local/lib/python3.12/site-packages/airflow/example_dags/example_time_delta_sensor_async.py
[2024-09-02T21:46:09.875+0000] {logging_mixin.py:188} INFO - [2024-09-02T21:46:09.875+0000] {dag.py:3096} INFO - Sync 1 DAGs
[2024-09-02T21:46:09.891+0000] {logging_mixin.py:188} INFO - [2024-09-02T21:46:09.891+0000] {dag.py:3954} INFO - Setting next_dagrun for example_time_delta_sensor_async to None, run_after=None
[2024-09-02T21:46:09.917+0000] {processor.py:183} INFO - Processing /home/airflow/.local/lib/python3.12/site-packages/airflow/example_dags/example_time_delta_sensor_async.py took 0.080 seconds
[2024-09-02T21:46:40.088+0000] {processor.py:161} INFO - Started process (PID=343) to work on /home/airflow/.local/lib/python3.12/site-packages/airflow/example_dags/example_time_delta_sensor_async.py
[2024-09-02T21:46:40.089+0000] {processor.py:830} INFO - Processing file /home/airflow/.local/lib/python3.12/site-packages/airflow/example_dags/example_time_delta_sensor_async.py for tasks to queue
[2024-09-02T21:46:40.091+0000] {logging_mixin.py:188} INFO - [2024-09-02T21:46:40.091+0000] {dagbag.py:545} INFO - Filling up the DagBag from /home/airflow/.local/lib/python3.12/site-packages/airflow/example_dags/example_time_delta_sensor_async.py
[2024-09-02T21:46:40.096+0000] {processor.py:840} INFO - DAG(s) 'example_time_delta_sensor_async' retrieved from /home/airflow/.local/lib/python3.12/site-packages/airflow/example_dags/example_time_delta_sensor_async.py
[2024-09-02T21:46:40.118+0000] {logging_mixin.py:188} INFO - [2024-09-02T21:46:40.117+0000] {dag.py:3096} INFO - Sync 1 DAGs
[2024-09-02T21:46:40.133+0000] {logging_mixin.py:188} INFO - [2024-09-02T21:46:40.132+0000] {dag.py:3954} INFO - Setting next_dagrun for example_time_delta_sensor_async to None, run_after=None
[2024-09-02T21:46:40.157+0000] {processor.py:183} INFO - Processing /home/airflow/.local/lib/python3.12/site-packages/airflow/example_dags/example_time_delta_sensor_async.py took 0.075 seconds
[2024-09-02T21:47:10.466+0000] {processor.py:161} INFO - Started process (PID=403) to work on /home/airflow/.local/lib/python3.12/site-packages/airflow/example_dags/example_time_delta_sensor_async.py
[2024-09-02T21:47:10.468+0000] {processor.py:830} INFO - Processing file /home/airflow/.local/lib/python3.12/site-packages/airflow/example_dags/example_time_delta_sensor_async.py for tasks to queue
[2024-09-02T21:47:10.470+0000] {logging_mixin.py:188} INFO - [2024-09-02T21:47:10.470+0000] {dagbag.py:545} INFO - Filling up the DagBag from /home/airflow/.local/lib/python3.12/site-packages/airflow/example_dags/example_time_delta_sensor_async.py
[2024-09-02T21:47:10.476+0000] {processor.py:840} INFO - DAG(s) 'example_time_delta_sensor_async' retrieved from /home/airflow/.local/lib/python3.12/site-packages/airflow/example_dags/example_time_delta_sensor_async.py
[2024-09-02T21:47:10.505+0000] {logging_mixin.py:188} INFO - [2024-09-02T21:47:10.504+0000] {dag.py:3096} INFO - Sync 1 DAGs
[2024-09-02T21:47:10.521+0000] {logging_mixin.py:188} INFO - [2024-09-02T21:47:10.521+0000] {dag.py:3954} INFO - Setting next_dagrun for example_time_delta_sensor_async to None, run_after=None
[2024-09-02T21:47:10.550+0000] {processor.py:183} INFO - Processing /home/airflow/.local/lib/python3.12/site-packages/airflow/example_dags/example_time_delta_sensor_async.py took 0.091 seconds
[2024-09-02T21:47:41.429+0000] {processor.py:161} INFO - Started process (PID=463) to work on /home/airflow/.local/lib/python3.12/site-packages/airflow/example_dags/example_time_delta_sensor_async.py
[2024-09-02T21:47:41.431+0000] {processor.py:830} INFO - Processing file /home/airflow/.local/lib/python3.12/site-packages/airflow/example_dags/example_time_delta_sensor_async.py for tasks to queue
[2024-09-02T21:47:41.434+0000] {logging_mixin.py:188} INFO - [2024-09-02T21:47:41.433+0000] {dagbag.py:545} INFO - Filling up the DagBag from /home/airflow/.local/lib/python3.12/site-packages/airflow/example_dags/example_time_delta_sensor_async.py
[2024-09-02T21:47:41.440+0000] {processor.py:840} INFO - DAG(s) 'example_time_delta_sensor_async' retrieved from /home/airflow/.local/lib/python3.12/site-packages/airflow/example_dags/example_time_delta_sensor_async.py
[2024-09-02T21:47:41.475+0000] {logging_mixin.py:188} INFO - [2024-09-02T21:47:41.474+0000] {dag.py:3096} INFO - Sync 1 DAGs
[2024-09-02T21:47:41.503+0000] {logging_mixin.py:188} INFO - [2024-09-02T21:47:41.502+0000] {dag.py:3954} INFO - Setting next_dagrun for example_time_delta_sensor_async to None, run_after=None
[2024-09-02T21:47:41.544+0000] {processor.py:183} INFO - Processing /home/airflow/.local/lib/python3.12/site-packages/airflow/example_dags/example_time_delta_sensor_async.py took 0.125 seconds
[2024-09-02T21:48:12.051+0000] {processor.py:161} INFO - Started process (PID=523) to work on /home/airflow/.local/lib/python3.12/site-packages/airflow/example_dags/example_time_delta_sensor_async.py
[2024-09-02T21:48:12.055+0000] {processor.py:830} INFO - Processing file /home/airflow/.local/lib/python3.12/site-packages/airflow/example_dags/example_time_delta_sensor_async.py for tasks to queue
[2024-09-02T21:48:12.060+0000] {logging_mixin.py:188} INFO - [2024-09-02T21:48:12.059+0000] {dagbag.py:545} INFO - Filling up the DagBag from /home/airflow/.local/lib/python3.12/site-packages/airflow/example_dags/example_time_delta_sensor_async.py
[2024-09-02T21:48:12.081+0000] {processor.py:840} INFO - DAG(s) 'example_time_delta_sensor_async' retrieved from /home/airflow/.local/lib/python3.12/site-packages/airflow/example_dags/example_time_delta_sensor_async.py
[2024-09-02T21:48:12.136+0000] {logging_mixin.py:188} INFO - [2024-09-02T21:48:12.135+0000] {dag.py:3096} INFO - Sync 1 DAGs
[2024-09-02T21:48:12.170+0000] {logging_mixin.py:188} INFO - [2024-09-02T21:48:12.169+0000] {dag.py:3954} INFO - Setting next_dagrun for example_time_delta_sensor_async to None, run_after=None
[2024-09-02T21:48:12.228+0000] {processor.py:183} INFO - Processing /home/airflow/.local/lib/python3.12/site-packages/airflow/example_dags/example_time_delta_sensor_async.py took 0.195 seconds
[2024-09-02T21:48:42.901+0000] {processor.py:161} INFO - Started process (PID=583) to work on /home/airflow/.local/lib/python3.12/site-packages/airflow/example_dags/example_time_delta_sensor_async.py
[2024-09-02T21:48:42.903+0000] {processor.py:830} INFO - Processing file /home/airflow/.local/lib/python3.12/site-packages/airflow/example_dags/example_time_delta_sensor_async.py for tasks to queue
[2024-09-02T21:48:42.907+0000] {logging_mixin.py:188} INFO - [2024-09-02T21:48:42.906+0000] {dagbag.py:545} INFO - Filling up the DagBag from /home/airflow/.local/lib/python3.12/site-packages/airflow/example_dags/example_time_delta_sensor_async.py
[2024-09-02T21:48:42.915+0000] {processor.py:840} INFO - DAG(s) 'example_time_delta_sensor_async' retrieved from /home/airflow/.local/lib/python3.12/site-packages/airflow/example_dags/example_time_delta_sensor_async.py
[2024-09-02T21:48:42.943+0000] {logging_mixin.py:188} INFO - [2024-09-02T21:48:42.942+0000] {dag.py:3096} INFO - Sync 1 DAGs
[2024-09-02T21:48:42.960+0000] {logging_mixin.py:188} INFO - [2024-09-02T21:48:42.960+0000] {dag.py:3954} INFO - Setting next_dagrun for example_time_delta_sensor_async to None, run_after=None
[2024-09-02T21:48:42.985+0000] {processor.py:183} INFO - Processing /home/airflow/.local/lib/python3.12/site-packages/airflow/example_dags/example_time_delta_sensor_async.py took 0.093 seconds
[2024-09-02T21:49:13.901+0000] {processor.py:161} INFO - Started process (PID=643) to work on /home/airflow/.local/lib/python3.12/site-packages/airflow/example_dags/example_time_delta_sensor_async.py
[2024-09-02T21:49:13.903+0000] {processor.py:830} INFO - Processing file /home/airflow/.local/lib/python3.12/site-packages/airflow/example_dags/example_time_delta_sensor_async.py for tasks to queue
[2024-09-02T21:49:13.907+0000] {logging_mixin.py:188} INFO - [2024-09-02T21:49:13.906+0000] {dagbag.py:545} INFO - Filling up the DagBag from /home/airflow/.local/lib/python3.12/site-packages/airflow/example_dags/example_time_delta_sensor_async.py
[2024-09-02T21:49:13.918+0000] {processor.py:840} INFO - DAG(s) 'example_time_delta_sensor_async' retrieved from /home/airflow/.local/lib/python3.12/site-packages/airflow/example_dags/example_time_delta_sensor_async.py
[2024-09-02T21:49:13.986+0000] {logging_mixin.py:188} INFO - [2024-09-02T21:49:13.986+0000] {dag.py:3096} INFO - Sync 1 DAGs
[2024-09-02T21:49:14.038+0000] {logging_mixin.py:188} INFO - [2024-09-02T21:49:14.038+0000] {dag.py:3954} INFO - Setting next_dagrun for example_time_delta_sensor_async to None, run_after=None
[2024-09-02T21:49:14.096+0000] {processor.py:183} INFO - Processing /home/airflow/.local/lib/python3.12/site-packages/airflow/example_dags/example_time_delta_sensor_async.py took 0.210 seconds
[2024-09-02T21:49:44.600+0000] {processor.py:161} INFO - Started process (PID=703) to work on /home/airflow/.local/lib/python3.12/site-packages/airflow/example_dags/example_time_delta_sensor_async.py
[2024-09-02T21:49:44.601+0000] {processor.py:830} INFO - Processing file /home/airflow/.local/lib/python3.12/site-packages/airflow/example_dags/example_time_delta_sensor_async.py for tasks to queue
[2024-09-02T21:49:44.604+0000] {logging_mixin.py:188} INFO - [2024-09-02T21:49:44.604+0000] {dagbag.py:545} INFO - Filling up the DagBag from /home/airflow/.local/lib/python3.12/site-packages/airflow/example_dags/example_time_delta_sensor_async.py
[2024-09-02T21:49:44.610+0000] {processor.py:840} INFO - DAG(s) 'example_time_delta_sensor_async' retrieved from /home/airflow/.local/lib/python3.12/site-packages/airflow/example_dags/example_time_delta_sensor_async.py
[2024-09-02T21:49:44.641+0000] {logging_mixin.py:188} INFO - [2024-09-02T21:49:44.640+0000] {dag.py:3096} INFO - Sync 1 DAGs
[2024-09-02T21:49:44.662+0000] {logging_mixin.py:188} INFO - [2024-09-02T21:49:44.662+0000] {dag.py:3954} INFO - Setting next_dagrun for example_time_delta_sensor_async to None, run_after=None
[2024-09-02T21:49:44.690+0000] {processor.py:183} INFO - Processing /home/airflow/.local/lib/python3.12/site-packages/airflow/example_dags/example_time_delta_sensor_async.py took 0.099 seconds
[2024-09-02T21:50:15.282+0000] {processor.py:161} INFO - Started process (PID=763) to work on /home/airflow/.local/lib/python3.12/site-packages/airflow/example_dags/example_time_delta_sensor_async.py
[2024-09-02T21:50:15.284+0000] {processor.py:830} INFO - Processing file /home/airflow/.local/lib/python3.12/site-packages/airflow/example_dags/example_time_delta_sensor_async.py for tasks to queue
[2024-09-02T21:50:15.287+0000] {logging_mixin.py:188} INFO - [2024-09-02T21:50:15.286+0000] {dagbag.py:545} INFO - Filling up the DagBag from /home/airflow/.local/lib/python3.12/site-packages/airflow/example_dags/example_time_delta_sensor_async.py
[2024-09-02T21:50:15.293+0000] {processor.py:840} INFO - DAG(s) 'example_time_delta_sensor_async' retrieved from /home/airflow/.local/lib/python3.12/site-packages/airflow/example_dags/example_time_delta_sensor_async.py
[2024-09-02T21:50:15.317+0000] {logging_mixin.py:188} INFO - [2024-09-02T21:50:15.317+0000] {dag.py:3096} INFO - Sync 1 DAGs
[2024-09-02T21:50:15.333+0000] {logging_mixin.py:188} INFO - [2024-09-02T21:50:15.332+0000] {dag.py:3954} INFO - Setting next_dagrun for example_time_delta_sensor_async to None, run_after=None
[2024-09-02T21:50:15.354+0000] {processor.py:183} INFO - Processing /home/airflow/.local/lib/python3.12/site-packages/airflow/example_dags/example_time_delta_sensor_async.py took 0.080 seconds
[2024-09-02T21:50:45.477+0000] {processor.py:161} INFO - Started process (PID=823) to work on /home/airflow/.local/lib/python3.12/site-packages/airflow/example_dags/example_time_delta_sensor_async.py
[2024-09-02T21:50:45.482+0000] {processor.py:830} INFO - Processing file /home/airflow/.local/lib/python3.12/site-packages/airflow/example_dags/example_time_delta_sensor_async.py for tasks to queue
[2024-09-02T21:50:45.488+0000] {logging_mixin.py:188} INFO - [2024-09-02T21:50:45.487+0000] {dagbag.py:545} INFO - Filling up the DagBag from /home/airflow/.local/lib/python3.12/site-packages/airflow/example_dags/example_time_delta_sensor_async.py
[2024-09-02T21:50:45.507+0000] {processor.py:840} INFO - DAG(s) 'example_time_delta_sensor_async' retrieved from /home/airflow/.local/lib/python3.12/site-packages/airflow/example_dags/example_time_delta_sensor_async.py
[2024-09-02T21:50:45.567+0000] {logging_mixin.py:188} INFO - [2024-09-02T21:50:45.566+0000] {dag.py:3096} INFO - Sync 1 DAGs
[2024-09-02T21:50:45.630+0000] {logging_mixin.py:188} INFO - [2024-09-02T21:50:45.630+0000] {dag.py:3954} INFO - Setting next_dagrun for example_time_delta_sensor_async to None, run_after=None
[2024-09-02T21:50:45.694+0000] {processor.py:183} INFO - Processing /home/airflow/.local/lib/python3.12/site-packages/airflow/example_dags/example_time_delta_sensor_async.py took 0.229 seconds
[2024-09-02T21:51:15.767+0000] {processor.py:161} INFO - Started process (PID=882) to work on /home/airflow/.local/lib/python3.12/site-packages/airflow/example_dags/example_time_delta_sensor_async.py
[2024-09-02T21:51:15.769+0000] {processor.py:830} INFO - Processing file /home/airflow/.local/lib/python3.12/site-packages/airflow/example_dags/example_time_delta_sensor_async.py for tasks to queue
[2024-09-02T21:51:15.772+0000] {logging_mixin.py:188} INFO - [2024-09-02T21:51:15.772+0000] {dagbag.py:545} INFO - Filling up the DagBag from /home/airflow/.local/lib/python3.12/site-packages/airflow/example_dags/example_time_delta_sensor_async.py
[2024-09-02T21:51:15.779+0000] {processor.py:840} INFO - DAG(s) 'example_time_delta_sensor_async' retrieved from /home/airflow/.local/lib/python3.12/site-packages/airflow/example_dags/example_time_delta_sensor_async.py
[2024-09-02T21:51:15.810+0000] {logging_mixin.py:188} INFO - [2024-09-02T21:51:15.810+0000] {dag.py:3096} INFO - Sync 1 DAGs
[2024-09-02T21:51:15.827+0000] {logging_mixin.py:188} INFO - [2024-09-02T21:51:15.827+0000] {dag.py:3954} INFO - Setting next_dagrun for example_time_delta_sensor_async to None, run_after=None
[2024-09-02T21:51:15.851+0000] {processor.py:183} INFO - Processing /home/airflow/.local/lib/python3.12/site-packages/airflow/example_dags/example_time_delta_sensor_async.py took 0.092 seconds
[2024-09-02T21:51:46.727+0000] {processor.py:161} INFO - Started process (PID=943) to work on /home/airflow/.local/lib/python3.12/site-packages/airflow/example_dags/example_time_delta_sensor_async.py
[2024-09-02T21:51:46.729+0000] {processor.py:830} INFO - Processing file /home/airflow/.local/lib/python3.12/site-packages/airflow/example_dags/example_time_delta_sensor_async.py for tasks to queue
[2024-09-02T21:51:46.734+0000] {logging_mixin.py:188} INFO - [2024-09-02T21:51:46.733+0000] {dagbag.py:545} INFO - Filling up the DagBag from /home/airflow/.local/lib/python3.12/site-packages/airflow/example_dags/example_time_delta_sensor_async.py
[2024-09-02T21:51:46.744+0000] {processor.py:840} INFO - DAG(s) 'example_time_delta_sensor_async' retrieved from /home/airflow/.local/lib/python3.12/site-packages/airflow/example_dags/example_time_delta_sensor_async.py
[2024-09-02T21:51:46.802+0000] {logging_mixin.py:188} INFO - [2024-09-02T21:51:46.801+0000] {dag.py:3096} INFO - Sync 1 DAGs
[2024-09-02T21:51:46.828+0000] {logging_mixin.py:188} INFO - [2024-09-02T21:51:46.828+0000] {dag.py:3954} INFO - Setting next_dagrun for example_time_delta_sensor_async to None, run_after=None
[2024-09-02T21:51:46.857+0000] {processor.py:183} INFO - Processing /home/airflow/.local/lib/python3.12/site-packages/airflow/example_dags/example_time_delta_sensor_async.py took 0.141 seconds
[2024-09-02T21:52:17.827+0000] {processor.py:161} INFO - Started process (PID=1009) to work on /home/airflow/.local/lib/python3.12/site-packages/airflow/example_dags/example_time_delta_sensor_async.py
[2024-09-02T21:52:17.829+0000] {processor.py:830} INFO - Processing file /home/airflow/.local/lib/python3.12/site-packages/airflow/example_dags/example_time_delta_sensor_async.py for tasks to queue
[2024-09-02T21:52:17.833+0000] {logging_mixin.py:188} INFO - [2024-09-02T21:52:17.832+0000] {dagbag.py:545} INFO - Filling up the DagBag from /home/airflow/.local/lib/python3.12/site-packages/airflow/example_dags/example_time_delta_sensor_async.py
[2024-09-02T21:52:17.853+0000] {processor.py:840} INFO - DAG(s) 'example_time_delta_sensor_async' retrieved from /home/airflow/.local/lib/python3.12/site-packages/airflow/example_dags/example_time_delta_sensor_async.py
[2024-09-02T21:52:17.893+0000] {logging_mixin.py:188} INFO - [2024-09-02T21:52:17.893+0000] {dag.py:3096} INFO - Sync 1 DAGs
[2024-09-02T21:52:17.923+0000] {logging_mixin.py:188} INFO - [2024-09-02T21:52:17.923+0000] {dag.py:3954} INFO - Setting next_dagrun for example_time_delta_sensor_async to None, run_after=None
[2024-09-02T21:52:17.961+0000] {processor.py:183} INFO - Processing /home/airflow/.local/lib/python3.12/site-packages/airflow/example_dags/example_time_delta_sensor_async.py took 0.146 seconds
[2024-09-02T21:52:48.342+0000] {processor.py:161} INFO - Started process (PID=1069) to work on /home/airflow/.local/lib/python3.12/site-packages/airflow/example_dags/example_time_delta_sensor_async.py
[2024-09-02T21:52:48.344+0000] {processor.py:830} INFO - Processing file /home/airflow/.local/lib/python3.12/site-packages/airflow/example_dags/example_time_delta_sensor_async.py for tasks to queue
[2024-09-02T21:52:48.355+0000] {logging_mixin.py:188} INFO - [2024-09-02T21:52:48.355+0000] {dagbag.py:545} INFO - Filling up the DagBag from /home/airflow/.local/lib/python3.12/site-packages/airflow/example_dags/example_time_delta_sensor_async.py
[2024-09-02T21:52:48.373+0000] {processor.py:840} INFO - DAG(s) 'example_time_delta_sensor_async' retrieved from /home/airflow/.local/lib/python3.12/site-packages/airflow/example_dags/example_time_delta_sensor_async.py
[2024-09-02T21:52:48.421+0000] {logging_mixin.py:188} INFO - [2024-09-02T21:52:48.420+0000] {dag.py:3096} INFO - Sync 1 DAGs
[2024-09-02T21:52:48.464+0000] {logging_mixin.py:188} INFO - [2024-09-02T21:52:48.464+0000] {dag.py:3954} INFO - Setting next_dagrun for example_time_delta_sensor_async to None, run_after=None
[2024-09-02T21:52:48.527+0000] {processor.py:183} INFO - Processing /home/airflow/.local/lib/python3.12/site-packages/airflow/example_dags/example_time_delta_sensor_async.py took 0.197 seconds
[2024-09-02T21:53:18.806+0000] {processor.py:161} INFO - Started process (PID=1129) to work on /home/airflow/.local/lib/python3.12/site-packages/airflow/example_dags/example_time_delta_sensor_async.py
[2024-09-02T21:53:18.808+0000] {processor.py:830} INFO - Processing file /home/airflow/.local/lib/python3.12/site-packages/airflow/example_dags/example_time_delta_sensor_async.py for tasks to queue
[2024-09-02T21:53:18.812+0000] {logging_mixin.py:188} INFO - [2024-09-02T21:53:18.811+0000] {dagbag.py:545} INFO - Filling up the DagBag from /home/airflow/.local/lib/python3.12/site-packages/airflow/example_dags/example_time_delta_sensor_async.py
[2024-09-02T21:53:18.826+0000] {processor.py:840} INFO - DAG(s) 'example_time_delta_sensor_async' retrieved from /home/airflow/.local/lib/python3.12/site-packages/airflow/example_dags/example_time_delta_sensor_async.py
[2024-09-02T21:53:18.885+0000] {logging_mixin.py:188} INFO - [2024-09-02T21:53:18.883+0000] {dag.py:3096} INFO - Sync 1 DAGs
[2024-09-02T21:53:18.924+0000] {logging_mixin.py:188} INFO - [2024-09-02T21:53:18.924+0000] {dag.py:3954} INFO - Setting next_dagrun for example_time_delta_sensor_async to None, run_after=None
[2024-09-02T21:53:18.971+0000] {processor.py:183} INFO - Processing /home/airflow/.local/lib/python3.12/site-packages/airflow/example_dags/example_time_delta_sensor_async.py took 0.174 seconds
[2024-09-02T21:53:49.904+0000] {processor.py:161} INFO - Started process (PID=1190) to work on /home/airflow/.local/lib/python3.12/site-packages/airflow/example_dags/example_time_delta_sensor_async.py
[2024-09-02T21:53:49.906+0000] {processor.py:830} INFO - Processing file /home/airflow/.local/lib/python3.12/site-packages/airflow/example_dags/example_time_delta_sensor_async.py for tasks to queue
[2024-09-02T21:53:49.910+0000] {logging_mixin.py:188} INFO - [2024-09-02T21:53:49.910+0000] {dagbag.py:545} INFO - Filling up the DagBag from /home/airflow/.local/lib/python3.12/site-packages/airflow/example_dags/example_time_delta_sensor_async.py
[2024-09-02T21:53:49.921+0000] {processor.py:840} INFO - DAG(s) 'example_time_delta_sensor_async' retrieved from /home/airflow/.local/lib/python3.12/site-packages/airflow/example_dags/example_time_delta_sensor_async.py
[2024-09-02T21:53:49.969+0000] {logging_mixin.py:188} INFO - [2024-09-02T21:53:49.968+0000] {dag.py:3096} INFO - Sync 1 DAGs
[2024-09-02T21:53:50.003+0000] {logging_mixin.py:188} INFO - [2024-09-02T21:53:50.002+0000] {dag.py:3954} INFO - Setting next_dagrun for example_time_delta_sensor_async to None, run_after=None
[2024-09-02T21:53:50.053+0000] {processor.py:183} INFO - Processing /home/airflow/.local/lib/python3.12/site-packages/airflow/example_dags/example_time_delta_sensor_async.py took 0.162 seconds
[2024-09-02T21:54:20.455+0000] {processor.py:161} INFO - Started process (PID=1250) to work on /home/airflow/.local/lib/python3.12/site-packages/airflow/example_dags/example_time_delta_sensor_async.py
[2024-09-02T21:54:20.457+0000] {processor.py:830} INFO - Processing file /home/airflow/.local/lib/python3.12/site-packages/airflow/example_dags/example_time_delta_sensor_async.py for tasks to queue
[2024-09-02T21:54:20.460+0000] {logging_mixin.py:188} INFO - [2024-09-02T21:54:20.460+0000] {dagbag.py:545} INFO - Filling up the DagBag from /home/airflow/.local/lib/python3.12/site-packages/airflow/example_dags/example_time_delta_sensor_async.py
[2024-09-02T21:54:20.469+0000] {processor.py:840} INFO - DAG(s) 'example_time_delta_sensor_async' retrieved from /home/airflow/.local/lib/python3.12/site-packages/airflow/example_dags/example_time_delta_sensor_async.py
[2024-09-02T21:54:20.510+0000] {logging_mixin.py:188} INFO - [2024-09-02T21:54:20.509+0000] {dag.py:3096} INFO - Sync 1 DAGs
[2024-09-02T21:54:20.552+0000] {logging_mixin.py:188} INFO - [2024-09-02T21:54:20.550+0000] {dag.py:3954} INFO - Setting next_dagrun for example_time_delta_sensor_async to None, run_after=None
[2024-09-02T21:54:20.600+0000] {processor.py:183} INFO - Processing /home/airflow/.local/lib/python3.12/site-packages/airflow/example_dags/example_time_delta_sensor_async.py took 0.159 seconds
[2024-09-02T21:54:50.839+0000] {processor.py:161} INFO - Started process (PID=1310) to work on /home/airflow/.local/lib/python3.12/site-packages/airflow/example_dags/example_time_delta_sensor_async.py
[2024-09-02T21:54:50.840+0000] {processor.py:830} INFO - Processing file /home/airflow/.local/lib/python3.12/site-packages/airflow/example_dags/example_time_delta_sensor_async.py for tasks to queue
[2024-09-02T21:54:50.844+0000] {logging_mixin.py:188} INFO - [2024-09-02T21:54:50.843+0000] {dagbag.py:545} INFO - Filling up the DagBag from /home/airflow/.local/lib/python3.12/site-packages/airflow/example_dags/example_time_delta_sensor_async.py
[2024-09-02T21:54:50.852+0000] {processor.py:840} INFO - DAG(s) 'example_time_delta_sensor_async' retrieved from /home/airflow/.local/lib/python3.12/site-packages/airflow/example_dags/example_time_delta_sensor_async.py
[2024-09-02T21:54:50.892+0000] {logging_mixin.py:188} INFO - [2024-09-02T21:54:50.891+0000] {dag.py:3096} INFO - Sync 1 DAGs
[2024-09-02T21:54:50.921+0000] {logging_mixin.py:188} INFO - [2024-09-02T21:54:50.921+0000] {dag.py:3954} INFO - Setting next_dagrun for example_time_delta_sensor_async to None, run_after=None
[2024-09-02T21:54:50.960+0000] {processor.py:183} INFO - Processing /home/airflow/.local/lib/python3.12/site-packages/airflow/example_dags/example_time_delta_sensor_async.py took 0.132 seconds
[2024-09-02T21:55:21.431+0000] {processor.py:161} INFO - Started process (PID=1374) to work on /home/airflow/.local/lib/python3.12/site-packages/airflow/example_dags/example_time_delta_sensor_async.py
[2024-09-02T21:55:21.432+0000] {processor.py:830} INFO - Processing file /home/airflow/.local/lib/python3.12/site-packages/airflow/example_dags/example_time_delta_sensor_async.py for tasks to queue
[2024-09-02T21:55:21.435+0000] {logging_mixin.py:188} INFO - [2024-09-02T21:55:21.434+0000] {dagbag.py:545} INFO - Filling up the DagBag from /home/airflow/.local/lib/python3.12/site-packages/airflow/example_dags/example_time_delta_sensor_async.py
[2024-09-02T21:55:21.440+0000] {processor.py:840} INFO - DAG(s) 'example_time_delta_sensor_async' retrieved from /home/airflow/.local/lib/python3.12/site-packages/airflow/example_dags/example_time_delta_sensor_async.py
[2024-09-02T21:55:21.464+0000] {logging_mixin.py:188} INFO - [2024-09-02T21:55:21.464+0000] {dag.py:3096} INFO - Sync 1 DAGs
[2024-09-02T21:55:21.479+0000] {logging_mixin.py:188} INFO - [2024-09-02T21:55:21.478+0000] {dag.py:3954} INFO - Setting next_dagrun for example_time_delta_sensor_async to None, run_after=None
[2024-09-02T21:55:21.501+0000] {processor.py:183} INFO - Processing /home/airflow/.local/lib/python3.12/site-packages/airflow/example_dags/example_time_delta_sensor_async.py took 0.077 seconds
[2024-09-02T21:55:51.748+0000] {processor.py:161} INFO - Started process (PID=1436) to work on /home/airflow/.local/lib/python3.12/site-packages/airflow/example_dags/example_time_delta_sensor_async.py
[2024-09-02T21:55:51.749+0000] {processor.py:830} INFO - Processing file /home/airflow/.local/lib/python3.12/site-packages/airflow/example_dags/example_time_delta_sensor_async.py for tasks to queue
[2024-09-02T21:55:51.751+0000] {logging_mixin.py:188} INFO - [2024-09-02T21:55:51.751+0000] {dagbag.py:545} INFO - Filling up the DagBag from /home/airflow/.local/lib/python3.12/site-packages/airflow/example_dags/example_time_delta_sensor_async.py
[2024-09-02T21:55:51.756+0000] {processor.py:840} INFO - DAG(s) 'example_time_delta_sensor_async' retrieved from /home/airflow/.local/lib/python3.12/site-packages/airflow/example_dags/example_time_delta_sensor_async.py
[2024-09-02T21:55:51.781+0000] {logging_mixin.py:188} INFO - [2024-09-02T21:55:51.781+0000] {dag.py:3096} INFO - Sync 1 DAGs
[2024-09-02T21:55:51.795+0000] {logging_mixin.py:188} INFO - [2024-09-02T21:55:51.795+0000] {dag.py:3954} INFO - Setting next_dagrun for example_time_delta_sensor_async to None, run_after=None
[2024-09-02T21:55:51.834+0000] {processor.py:183} INFO - Processing /home/airflow/.local/lib/python3.12/site-packages/airflow/example_dags/example_time_delta_sensor_async.py took 0.093 seconds
