[2024-09-02T21:34:58.522+0000] {processor.py:161} INFO - Started process (PID=82) to work on /home/airflow/.local/lib/python3.12/site-packages/airflow/example_dags/example_kubernetes_executor.py
[2024-09-02T21:34:58.535+0000] {processor.py:830} INFO - Processing file /home/airflow/.local/lib/python3.12/site-packages/airflow/example_dags/example_kubernetes_executor.py for tasks to queue
[2024-09-02T21:34:58.546+0000] {logging_mixin.py:188} INFO - [2024-09-02T21:34:58.544+0000] {dagbag.py:545} INFO - Filling up the DagBag from /home/airflow/.local/lib/python3.12/site-packages/airflow/example_dags/example_kubernetes_executor.py
[2024-09-02T21:34:58.669+0000] {processor.py:840} INFO - DAG(s) 'example_kubernetes_executor' retrieved from /home/airflow/.local/lib/python3.12/site-packages/airflow/example_dags/example_kubernetes_executor.py
[2024-09-02T21:34:59.972+0000] {logging_mixin.py:188} INFO - [2024-09-02T21:34:59.969+0000] {override.py:1829} INFO - Created Permission View: can edit on DAG:example_kubernetes_executor
[2024-09-02T21:35:00.082+0000] {logging_mixin.py:188} INFO - [2024-09-02T21:35:00.078+0000] {override.py:1829} INFO - Created Permission View: can delete on DAG:example_kubernetes_executor
[2024-09-02T21:35:00.199+0000] {logging_mixin.py:188} INFO - [2024-09-02T21:35:00.198+0000] {override.py:1829} INFO - Created Permission View: can read on DAG:example_kubernetes_executor
[2024-09-02T21:35:00.201+0000] {logging_mixin.py:188} INFO - [2024-09-02T21:35:00.200+0000] {dag.py:3096} INFO - Sync 1 DAGs
[2024-09-02T21:35:00.270+0000] {logging_mixin.py:188} INFO - [2024-09-02T21:35:00.269+0000] {dag.py:3118} INFO - Creating ORM DAG for example_kubernetes_executor
[2024-09-02T21:35:00.285+0000] {logging_mixin.py:188} INFO - [2024-09-02T21:35:00.284+0000] {dag.py:3954} INFO - Setting next_dagrun for example_kubernetes_executor to None, run_after=None
[2024-09-02T21:35:00.366+0000] {processor.py:183} INFO - Processing /home/airflow/.local/lib/python3.12/site-packages/airflow/example_dags/example_kubernetes_executor.py took 1.921 seconds
[2024-09-02T21:35:32.653+0000] {processor.py:161} INFO - Started process (PID=141) to work on /home/airflow/.local/lib/python3.12/site-packages/airflow/example_dags/example_kubernetes_executor.py
[2024-09-02T21:35:32.657+0000] {processor.py:830} INFO - Processing file /home/airflow/.local/lib/python3.12/site-packages/airflow/example_dags/example_kubernetes_executor.py for tasks to queue
[2024-09-02T21:35:32.663+0000] {logging_mixin.py:188} INFO - [2024-09-02T21:35:32.661+0000] {dagbag.py:545} INFO - Filling up the DagBag from /home/airflow/.local/lib/python3.12/site-packages/airflow/example_dags/example_kubernetes_executor.py
[2024-09-02T21:35:32.707+0000] {processor.py:840} INFO - DAG(s) 'example_kubernetes_executor' retrieved from /home/airflow/.local/lib/python3.12/site-packages/airflow/example_dags/example_kubernetes_executor.py
[2024-09-02T21:35:33.150+0000] {logging_mixin.py:188} INFO - [2024-09-02T21:35:33.149+0000] {dag.py:3096} INFO - Sync 1 DAGs
[2024-09-02T21:35:33.452+0000] {logging_mixin.py:188} INFO - [2024-09-02T21:35:33.452+0000] {dag.py:3954} INFO - Setting next_dagrun for example_kubernetes_executor to None, run_after=None
[2024-09-02T21:35:33.655+0000] {processor.py:183} INFO - Processing /home/airflow/.local/lib/python3.12/site-packages/airflow/example_dags/example_kubernetes_executor.py took 1.020 seconds
[2024-09-02T21:36:04.657+0000] {processor.py:161} INFO - Started process (PID=199) to work on /home/airflow/.local/lib/python3.12/site-packages/airflow/example_dags/example_kubernetes_executor.py
[2024-09-02T21:36:04.666+0000] {processor.py:830} INFO - Processing file /home/airflow/.local/lib/python3.12/site-packages/airflow/example_dags/example_kubernetes_executor.py for tasks to queue
[2024-09-02T21:36:04.680+0000] {logging_mixin.py:188} INFO - [2024-09-02T21:36:04.674+0000] {dagbag.py:545} INFO - Filling up the DagBag from /home/airflow/.local/lib/python3.12/site-packages/airflow/example_dags/example_kubernetes_executor.py
[2024-09-02T21:36:04.794+0000] {processor.py:840} INFO - DAG(s) 'example_kubernetes_executor' retrieved from /home/airflow/.local/lib/python3.12/site-packages/airflow/example_dags/example_kubernetes_executor.py
[2024-09-02T21:36:05.070+0000] {logging_mixin.py:188} INFO - [2024-09-02T21:36:05.069+0000] {dag.py:3096} INFO - Sync 1 DAGs
[2024-09-02T21:36:05.160+0000] {logging_mixin.py:188} INFO - [2024-09-02T21:36:05.159+0000] {dag.py:3954} INFO - Setting next_dagrun for example_kubernetes_executor to None, run_after=None
[2024-09-02T21:36:05.268+0000] {processor.py:183} INFO - Processing /home/airflow/.local/lib/python3.12/site-packages/airflow/example_dags/example_kubernetes_executor.py took 0.665 seconds
[2024-09-02T21:38:34.527+0000] {processor.py:161} INFO - Started process (PID=73) to work on /home/airflow/.local/lib/python3.12/site-packages/airflow/example_dags/example_kubernetes_executor.py
[2024-09-02T21:38:34.530+0000] {processor.py:830} INFO - Processing file /home/airflow/.local/lib/python3.12/site-packages/airflow/example_dags/example_kubernetes_executor.py for tasks to queue
[2024-09-02T21:38:34.538+0000] {logging_mixin.py:188} INFO - [2024-09-02T21:38:34.536+0000] {dagbag.py:545} INFO - Filling up the DagBag from /home/airflow/.local/lib/python3.12/site-packages/airflow/example_dags/example_kubernetes_executor.py
[2024-09-02T21:38:34.674+0000] {processor.py:840} INFO - DAG(s) 'example_kubernetes_executor' retrieved from /home/airflow/.local/lib/python3.12/site-packages/airflow/example_dags/example_kubernetes_executor.py
[2024-09-02T21:38:35.417+0000] {logging_mixin.py:188} INFO - [2024-09-02T21:38:35.411+0000] {override.py:1829} INFO - Created Permission View: can edit on DAG:example_kubernetes_executor
[2024-09-02T21:38:35.468+0000] {logging_mixin.py:188} INFO - [2024-09-02T21:38:35.467+0000] {override.py:1829} INFO - Created Permission View: can read on DAG:example_kubernetes_executor
[2024-09-02T21:38:35.490+0000] {logging_mixin.py:188} INFO - [2024-09-02T21:38:35.489+0000] {override.py:1829} INFO - Created Permission View: can delete on DAG:example_kubernetes_executor
[2024-09-02T21:38:35.492+0000] {logging_mixin.py:188} INFO - [2024-09-02T21:38:35.491+0000] {dag.py:3096} INFO - Sync 1 DAGs
[2024-09-02T21:38:35.547+0000] {logging_mixin.py:188} INFO - [2024-09-02T21:38:35.547+0000] {dag.py:3118} INFO - Creating ORM DAG for example_kubernetes_executor
[2024-09-02T21:38:35.550+0000] {logging_mixin.py:188} INFO - [2024-09-02T21:38:35.550+0000] {dag.py:3954} INFO - Setting next_dagrun for example_kubernetes_executor to None, run_after=None
[2024-09-02T21:38:35.607+0000] {processor.py:183} INFO - Processing /home/airflow/.local/lib/python3.12/site-packages/airflow/example_dags/example_kubernetes_executor.py took 1.097 seconds
[2024-09-02T21:39:05.834+0000] {processor.py:161} INFO - Started process (PID=133) to work on /home/airflow/.local/lib/python3.12/site-packages/airflow/example_dags/example_kubernetes_executor.py
[2024-09-02T21:39:05.836+0000] {processor.py:830} INFO - Processing file /home/airflow/.local/lib/python3.12/site-packages/airflow/example_dags/example_kubernetes_executor.py for tasks to queue
[2024-09-02T21:39:05.842+0000] {logging_mixin.py:188} INFO - [2024-09-02T21:39:05.840+0000] {dagbag.py:545} INFO - Filling up the DagBag from /home/airflow/.local/lib/python3.12/site-packages/airflow/example_dags/example_kubernetes_executor.py
[2024-09-02T21:39:05.878+0000] {processor.py:840} INFO - DAG(s) 'example_kubernetes_executor' retrieved from /home/airflow/.local/lib/python3.12/site-packages/airflow/example_dags/example_kubernetes_executor.py
[2024-09-02T21:39:05.960+0000] {logging_mixin.py:188} INFO - [2024-09-02T21:39:05.959+0000] {dag.py:3096} INFO - Sync 1 DAGs
[2024-09-02T21:39:05.988+0000] {logging_mixin.py:188} INFO - [2024-09-02T21:39:05.988+0000] {dag.py:3954} INFO - Setting next_dagrun for example_kubernetes_executor to None, run_after=None
[2024-09-02T21:39:06.041+0000] {processor.py:183} INFO - Processing /home/airflow/.local/lib/python3.12/site-packages/airflow/example_dags/example_kubernetes_executor.py took 0.220 seconds
[2024-09-02T21:39:36.396+0000] {processor.py:161} INFO - Started process (PID=192) to work on /home/airflow/.local/lib/python3.12/site-packages/airflow/example_dags/example_kubernetes_executor.py
[2024-09-02T21:39:36.398+0000] {processor.py:830} INFO - Processing file /home/airflow/.local/lib/python3.12/site-packages/airflow/example_dags/example_kubernetes_executor.py for tasks to queue
[2024-09-02T21:39:36.403+0000] {logging_mixin.py:188} INFO - [2024-09-02T21:39:36.402+0000] {dagbag.py:545} INFO - Filling up the DagBag from /home/airflow/.local/lib/python3.12/site-packages/airflow/example_dags/example_kubernetes_executor.py
[2024-09-02T21:39:36.435+0000] {processor.py:840} INFO - DAG(s) 'example_kubernetes_executor' retrieved from /home/airflow/.local/lib/python3.12/site-packages/airflow/example_dags/example_kubernetes_executor.py
[2024-09-02T21:39:36.556+0000] {logging_mixin.py:188} INFO - [2024-09-02T21:39:36.556+0000] {dag.py:3096} INFO - Sync 1 DAGs
[2024-09-02T21:39:36.585+0000] {logging_mixin.py:188} INFO - [2024-09-02T21:39:36.585+0000] {dag.py:3954} INFO - Setting next_dagrun for example_kubernetes_executor to None, run_after=None
[2024-09-02T21:39:36.617+0000] {processor.py:183} INFO - Processing /home/airflow/.local/lib/python3.12/site-packages/airflow/example_dags/example_kubernetes_executor.py took 0.236 seconds
[2024-09-02T21:40:07.015+0000] {processor.py:161} INFO - Started process (PID=252) to work on /home/airflow/.local/lib/python3.12/site-packages/airflow/example_dags/example_kubernetes_executor.py
[2024-09-02T21:40:07.016+0000] {processor.py:830} INFO - Processing file /home/airflow/.local/lib/python3.12/site-packages/airflow/example_dags/example_kubernetes_executor.py for tasks to queue
[2024-09-02T21:40:07.019+0000] {logging_mixin.py:188} INFO - [2024-09-02T21:40:07.019+0000] {dagbag.py:545} INFO - Filling up the DagBag from /home/airflow/.local/lib/python3.12/site-packages/airflow/example_dags/example_kubernetes_executor.py
[2024-09-02T21:40:07.035+0000] {processor.py:840} INFO - DAG(s) 'example_kubernetes_executor' retrieved from /home/airflow/.local/lib/python3.12/site-packages/airflow/example_dags/example_kubernetes_executor.py
[2024-09-02T21:40:07.107+0000] {logging_mixin.py:188} INFO - [2024-09-02T21:40:07.106+0000] {dag.py:3096} INFO - Sync 1 DAGs
[2024-09-02T21:40:07.135+0000] {logging_mixin.py:188} INFO - [2024-09-02T21:40:07.135+0000] {dag.py:3954} INFO - Setting next_dagrun for example_kubernetes_executor to None, run_after=None
[2024-09-02T21:40:07.182+0000] {processor.py:183} INFO - Processing /home/airflow/.local/lib/python3.12/site-packages/airflow/example_dags/example_kubernetes_executor.py took 0.176 seconds
[2024-09-02T21:40:37.280+0000] {processor.py:161} INFO - Started process (PID=312) to work on /home/airflow/.local/lib/python3.12/site-packages/airflow/example_dags/example_kubernetes_executor.py
[2024-09-02T21:40:37.281+0000] {processor.py:830} INFO - Processing file /home/airflow/.local/lib/python3.12/site-packages/airflow/example_dags/example_kubernetes_executor.py for tasks to queue
[2024-09-02T21:40:37.283+0000] {logging_mixin.py:188} INFO - [2024-09-02T21:40:37.283+0000] {dagbag.py:545} INFO - Filling up the DagBag from /home/airflow/.local/lib/python3.12/site-packages/airflow/example_dags/example_kubernetes_executor.py
[2024-09-02T21:40:37.296+0000] {processor.py:840} INFO - DAG(s) 'example_kubernetes_executor' retrieved from /home/airflow/.local/lib/python3.12/site-packages/airflow/example_dags/example_kubernetes_executor.py
[2024-09-02T21:40:37.340+0000] {logging_mixin.py:188} INFO - [2024-09-02T21:40:37.340+0000] {dag.py:3096} INFO - Sync 1 DAGs
[2024-09-02T21:40:37.354+0000] {logging_mixin.py:188} INFO - [2024-09-02T21:40:37.354+0000] {dag.py:3954} INFO - Setting next_dagrun for example_kubernetes_executor to None, run_after=None
[2024-09-02T21:40:37.381+0000] {processor.py:183} INFO - Processing /home/airflow/.local/lib/python3.12/site-packages/airflow/example_dags/example_kubernetes_executor.py took 0.106 seconds
[2024-09-02T21:41:07.646+0000] {processor.py:161} INFO - Started process (PID=372) to work on /home/airflow/.local/lib/python3.12/site-packages/airflow/example_dags/example_kubernetes_executor.py
[2024-09-02T21:41:07.648+0000] {processor.py:830} INFO - Processing file /home/airflow/.local/lib/python3.12/site-packages/airflow/example_dags/example_kubernetes_executor.py for tasks to queue
[2024-09-02T21:41:07.650+0000] {logging_mixin.py:188} INFO - [2024-09-02T21:41:07.650+0000] {dagbag.py:545} INFO - Filling up the DagBag from /home/airflow/.local/lib/python3.12/site-packages/airflow/example_dags/example_kubernetes_executor.py
[2024-09-02T21:41:07.668+0000] {processor.py:840} INFO - DAG(s) 'example_kubernetes_executor' retrieved from /home/airflow/.local/lib/python3.12/site-packages/airflow/example_dags/example_kubernetes_executor.py
[2024-09-02T21:41:07.724+0000] {logging_mixin.py:188} INFO - [2024-09-02T21:41:07.724+0000] {dag.py:3096} INFO - Sync 1 DAGs
[2024-09-02T21:41:07.745+0000] {logging_mixin.py:188} INFO - [2024-09-02T21:41:07.745+0000] {dag.py:3954} INFO - Setting next_dagrun for example_kubernetes_executor to None, run_after=None
[2024-09-02T21:41:07.776+0000] {processor.py:183} INFO - Processing /home/airflow/.local/lib/python3.12/site-packages/airflow/example_dags/example_kubernetes_executor.py took 0.136 seconds
[2024-09-02T21:44:28.348+0000] {processor.py:161} INFO - Started process (PID=74) to work on /home/airflow/.local/lib/python3.12/site-packages/airflow/example_dags/example_kubernetes_executor.py
[2024-09-02T21:44:28.350+0000] {processor.py:830} INFO - Processing file /home/airflow/.local/lib/python3.12/site-packages/airflow/example_dags/example_kubernetes_executor.py for tasks to queue
[2024-09-02T21:44:28.357+0000] {logging_mixin.py:188} INFO - [2024-09-02T21:44:28.356+0000] {dagbag.py:545} INFO - Filling up the DagBag from /home/airflow/.local/lib/python3.12/site-packages/airflow/example_dags/example_kubernetes_executor.py
[2024-09-02T21:44:28.409+0000] {processor.py:840} INFO - DAG(s) 'example_kubernetes_executor' retrieved from /home/airflow/.local/lib/python3.12/site-packages/airflow/example_dags/example_kubernetes_executor.py
[2024-09-02T21:44:29.111+0000] {logging_mixin.py:188} INFO - [2024-09-02T21:44:29.109+0000] {override.py:1829} INFO - Created Permission View: can read on DAG:example_kubernetes_executor
[2024-09-02T21:44:29.160+0000] {logging_mixin.py:188} INFO - [2024-09-02T21:44:29.159+0000] {override.py:1829} INFO - Created Permission View: can delete on DAG:example_kubernetes_executor
[2024-09-02T21:44:29.213+0000] {logging_mixin.py:188} INFO - [2024-09-02T21:44:29.203+0000] {override.py:1829} INFO - Created Permission View: can edit on DAG:example_kubernetes_executor
[2024-09-02T21:44:29.218+0000] {logging_mixin.py:188} INFO - [2024-09-02T21:44:29.217+0000] {dag.py:3096} INFO - Sync 1 DAGs
[2024-09-02T21:44:29.269+0000] {logging_mixin.py:188} INFO - [2024-09-02T21:44:29.268+0000] {dag.py:3118} INFO - Creating ORM DAG for example_kubernetes_executor
[2024-09-02T21:44:29.275+0000] {logging_mixin.py:188} INFO - [2024-09-02T21:44:29.275+0000] {dag.py:3954} INFO - Setting next_dagrun for example_kubernetes_executor to None, run_after=None
[2024-09-02T21:44:29.338+0000] {processor.py:183} INFO - Processing /home/airflow/.local/lib/python3.12/site-packages/airflow/example_dags/example_kubernetes_executor.py took 1.010 seconds
[2024-09-02T21:44:59.481+0000] {processor.py:161} INFO - Started process (PID=133) to work on /home/airflow/.local/lib/python3.12/site-packages/airflow/example_dags/example_kubernetes_executor.py
[2024-09-02T21:44:59.483+0000] {processor.py:830} INFO - Processing file /home/airflow/.local/lib/python3.12/site-packages/airflow/example_dags/example_kubernetes_executor.py for tasks to queue
[2024-09-02T21:44:59.487+0000] {logging_mixin.py:188} INFO - [2024-09-02T21:44:59.486+0000] {dagbag.py:545} INFO - Filling up the DagBag from /home/airflow/.local/lib/python3.12/site-packages/airflow/example_dags/example_kubernetes_executor.py
[2024-09-02T21:44:59.513+0000] {processor.py:840} INFO - DAG(s) 'example_kubernetes_executor' retrieved from /home/airflow/.local/lib/python3.12/site-packages/airflow/example_dags/example_kubernetes_executor.py
[2024-09-02T21:44:59.580+0000] {logging_mixin.py:188} INFO - [2024-09-02T21:44:59.580+0000] {dag.py:3096} INFO - Sync 1 DAGs
[2024-09-02T21:44:59.600+0000] {logging_mixin.py:188} INFO - [2024-09-02T21:44:59.599+0000] {dag.py:3954} INFO - Setting next_dagrun for example_kubernetes_executor to None, run_after=None
[2024-09-02T21:44:59.632+0000] {processor.py:183} INFO - Processing /home/airflow/.local/lib/python3.12/site-packages/airflow/example_dags/example_kubernetes_executor.py took 0.162 seconds
[2024-09-02T21:45:29.994+0000] {processor.py:161} INFO - Started process (PID=192) to work on /home/airflow/.local/lib/python3.12/site-packages/airflow/example_dags/example_kubernetes_executor.py
[2024-09-02T21:45:29.996+0000] {processor.py:830} INFO - Processing file /home/airflow/.local/lib/python3.12/site-packages/airflow/example_dags/example_kubernetes_executor.py for tasks to queue
[2024-09-02T21:45:30.000+0000] {logging_mixin.py:188} INFO - [2024-09-02T21:45:29.999+0000] {dagbag.py:545} INFO - Filling up the DagBag from /home/airflow/.local/lib/python3.12/site-packages/airflow/example_dags/example_kubernetes_executor.py
[2024-09-02T21:45:30.026+0000] {processor.py:840} INFO - DAG(s) 'example_kubernetes_executor' retrieved from /home/airflow/.local/lib/python3.12/site-packages/airflow/example_dags/example_kubernetes_executor.py
[2024-09-02T21:45:30.095+0000] {logging_mixin.py:188} INFO - [2024-09-02T21:45:30.094+0000] {dag.py:3096} INFO - Sync 1 DAGs
[2024-09-02T21:45:30.129+0000] {logging_mixin.py:188} INFO - [2024-09-02T21:45:30.129+0000] {dag.py:3954} INFO - Setting next_dagrun for example_kubernetes_executor to None, run_after=None
[2024-09-02T21:45:30.169+0000] {processor.py:183} INFO - Processing /home/airflow/.local/lib/python3.12/site-packages/airflow/example_dags/example_kubernetes_executor.py took 0.187 seconds
[2024-09-02T21:46:00.297+0000] {processor.py:161} INFO - Started process (PID=253) to work on /home/airflow/.local/lib/python3.12/site-packages/airflow/example_dags/example_kubernetes_executor.py
[2024-09-02T21:46:00.299+0000] {processor.py:830} INFO - Processing file /home/airflow/.local/lib/python3.12/site-packages/airflow/example_dags/example_kubernetes_executor.py for tasks to queue
[2024-09-02T21:46:00.303+0000] {logging_mixin.py:188} INFO - [2024-09-02T21:46:00.302+0000] {dagbag.py:545} INFO - Filling up the DagBag from /home/airflow/.local/lib/python3.12/site-packages/airflow/example_dags/example_kubernetes_executor.py
[2024-09-02T21:46:00.321+0000] {processor.py:840} INFO - DAG(s) 'example_kubernetes_executor' retrieved from /home/airflow/.local/lib/python3.12/site-packages/airflow/example_dags/example_kubernetes_executor.py
[2024-09-02T21:46:00.356+0000] {logging_mixin.py:188} INFO - [2024-09-02T21:46:00.356+0000] {dag.py:3096} INFO - Sync 1 DAGs
[2024-09-02T21:46:00.368+0000] {logging_mixin.py:188} INFO - [2024-09-02T21:46:00.367+0000] {dag.py:3954} INFO - Setting next_dagrun for example_kubernetes_executor to None, run_after=None
[2024-09-02T21:46:00.386+0000] {processor.py:183} INFO - Processing /home/airflow/.local/lib/python3.12/site-packages/airflow/example_dags/example_kubernetes_executor.py took 0.095 seconds
[2024-09-02T21:46:30.796+0000] {processor.py:161} INFO - Started process (PID=313) to work on /home/airflow/.local/lib/python3.12/site-packages/airflow/example_dags/example_kubernetes_executor.py
[2024-09-02T21:46:30.798+0000] {processor.py:830} INFO - Processing file /home/airflow/.local/lib/python3.12/site-packages/airflow/example_dags/example_kubernetes_executor.py for tasks to queue
[2024-09-02T21:46:30.804+0000] {logging_mixin.py:188} INFO - [2024-09-02T21:46:30.803+0000] {dagbag.py:545} INFO - Filling up the DagBag from /home/airflow/.local/lib/python3.12/site-packages/airflow/example_dags/example_kubernetes_executor.py
[2024-09-02T21:46:30.838+0000] {processor.py:840} INFO - DAG(s) 'example_kubernetes_executor' retrieved from /home/airflow/.local/lib/python3.12/site-packages/airflow/example_dags/example_kubernetes_executor.py
[2024-09-02T21:46:30.908+0000] {logging_mixin.py:188} INFO - [2024-09-02T21:46:30.907+0000] {dag.py:3096} INFO - Sync 1 DAGs
[2024-09-02T21:46:30.930+0000] {logging_mixin.py:188} INFO - [2024-09-02T21:46:30.929+0000] {dag.py:3954} INFO - Setting next_dagrun for example_kubernetes_executor to None, run_after=None
[2024-09-02T21:46:30.961+0000] {processor.py:183} INFO - Processing /home/airflow/.local/lib/python3.12/site-packages/airflow/example_dags/example_kubernetes_executor.py took 0.182 seconds
[2024-09-02T21:47:01.157+0000] {processor.py:161} INFO - Started process (PID=375) to work on /home/airflow/.local/lib/python3.12/site-packages/airflow/example_dags/example_kubernetes_executor.py
[2024-09-02T21:47:01.159+0000] {processor.py:830} INFO - Processing file /home/airflow/.local/lib/python3.12/site-packages/airflow/example_dags/example_kubernetes_executor.py for tasks to queue
[2024-09-02T21:47:01.162+0000] {logging_mixin.py:188} INFO - [2024-09-02T21:47:01.162+0000] {dagbag.py:545} INFO - Filling up the DagBag from /home/airflow/.local/lib/python3.12/site-packages/airflow/example_dags/example_kubernetes_executor.py
[2024-09-02T21:47:01.181+0000] {processor.py:840} INFO - DAG(s) 'example_kubernetes_executor' retrieved from /home/airflow/.local/lib/python3.12/site-packages/airflow/example_dags/example_kubernetes_executor.py
[2024-09-02T21:47:01.236+0000] {logging_mixin.py:188} INFO - [2024-09-02T21:47:01.235+0000] {dag.py:3096} INFO - Sync 1 DAGs
[2024-09-02T21:47:01.258+0000] {logging_mixin.py:188} INFO - [2024-09-02T21:47:01.258+0000] {dag.py:3954} INFO - Setting next_dagrun for example_kubernetes_executor to None, run_after=None
[2024-09-02T21:47:01.286+0000] {processor.py:183} INFO - Processing /home/airflow/.local/lib/python3.12/site-packages/airflow/example_dags/example_kubernetes_executor.py took 0.137 seconds
[2024-09-02T21:47:31.345+0000] {processor.py:161} INFO - Started process (PID=435) to work on /home/airflow/.local/lib/python3.12/site-packages/airflow/example_dags/example_kubernetes_executor.py
[2024-09-02T21:47:31.347+0000] {processor.py:830} INFO - Processing file /home/airflow/.local/lib/python3.12/site-packages/airflow/example_dags/example_kubernetes_executor.py for tasks to queue
[2024-09-02T21:47:31.349+0000] {logging_mixin.py:188} INFO - [2024-09-02T21:47:31.349+0000] {dagbag.py:545} INFO - Filling up the DagBag from /home/airflow/.local/lib/python3.12/site-packages/airflow/example_dags/example_kubernetes_executor.py
[2024-09-02T21:47:31.363+0000] {processor.py:840} INFO - DAG(s) 'example_kubernetes_executor' retrieved from /home/airflow/.local/lib/python3.12/site-packages/airflow/example_dags/example_kubernetes_executor.py
[2024-09-02T21:47:31.425+0000] {logging_mixin.py:188} INFO - [2024-09-02T21:47:31.425+0000] {dag.py:3096} INFO - Sync 1 DAGs
[2024-09-02T21:47:31.442+0000] {logging_mixin.py:188} INFO - [2024-09-02T21:47:31.441+0000] {dag.py:3954} INFO - Setting next_dagrun for example_kubernetes_executor to None, run_after=None
[2024-09-02T21:47:31.480+0000] {processor.py:183} INFO - Processing /home/airflow/.local/lib/python3.12/site-packages/airflow/example_dags/example_kubernetes_executor.py took 0.141 seconds
[2024-09-02T21:48:01.646+0000] {processor.py:161} INFO - Started process (PID=495) to work on /home/airflow/.local/lib/python3.12/site-packages/airflow/example_dags/example_kubernetes_executor.py
[2024-09-02T21:48:01.647+0000] {processor.py:830} INFO - Processing file /home/airflow/.local/lib/python3.12/site-packages/airflow/example_dags/example_kubernetes_executor.py for tasks to queue
[2024-09-02T21:48:01.649+0000] {logging_mixin.py:188} INFO - [2024-09-02T21:48:01.649+0000] {dagbag.py:545} INFO - Filling up the DagBag from /home/airflow/.local/lib/python3.12/site-packages/airflow/example_dags/example_kubernetes_executor.py
[2024-09-02T21:48:01.660+0000] {processor.py:840} INFO - DAG(s) 'example_kubernetes_executor' retrieved from /home/airflow/.local/lib/python3.12/site-packages/airflow/example_dags/example_kubernetes_executor.py
[2024-09-02T21:48:01.707+0000] {logging_mixin.py:188} INFO - [2024-09-02T21:48:01.706+0000] {dag.py:3096} INFO - Sync 1 DAGs
[2024-09-02T21:48:01.719+0000] {logging_mixin.py:188} INFO - [2024-09-02T21:48:01.719+0000] {dag.py:3954} INFO - Setting next_dagrun for example_kubernetes_executor to None, run_after=None
[2024-09-02T21:48:01.741+0000] {processor.py:183} INFO - Processing /home/airflow/.local/lib/python3.12/site-packages/airflow/example_dags/example_kubernetes_executor.py took 0.099 seconds
[2024-09-02T21:48:31.785+0000] {processor.py:161} INFO - Started process (PID=555) to work on /home/airflow/.local/lib/python3.12/site-packages/airflow/example_dags/example_kubernetes_executor.py
[2024-09-02T21:48:31.787+0000] {processor.py:830} INFO - Processing file /home/airflow/.local/lib/python3.12/site-packages/airflow/example_dags/example_kubernetes_executor.py for tasks to queue
[2024-09-02T21:48:31.791+0000] {logging_mixin.py:188} INFO - [2024-09-02T21:48:31.789+0000] {dagbag.py:545} INFO - Filling up the DagBag from /home/airflow/.local/lib/python3.12/site-packages/airflow/example_dags/example_kubernetes_executor.py
[2024-09-02T21:48:31.814+0000] {processor.py:840} INFO - DAG(s) 'example_kubernetes_executor' retrieved from /home/airflow/.local/lib/python3.12/site-packages/airflow/example_dags/example_kubernetes_executor.py
[2024-09-02T21:48:31.887+0000] {logging_mixin.py:188} INFO - [2024-09-02T21:48:31.887+0000] {dag.py:3096} INFO - Sync 1 DAGs
[2024-09-02T21:48:31.905+0000] {logging_mixin.py:188} INFO - [2024-09-02T21:48:31.905+0000] {dag.py:3954} INFO - Setting next_dagrun for example_kubernetes_executor to None, run_after=None
[2024-09-02T21:48:31.925+0000] {processor.py:183} INFO - Processing /home/airflow/.local/lib/python3.12/site-packages/airflow/example_dags/example_kubernetes_executor.py took 0.150 seconds
[2024-09-02T21:49:02.522+0000] {processor.py:161} INFO - Started process (PID=615) to work on /home/airflow/.local/lib/python3.12/site-packages/airflow/example_dags/example_kubernetes_executor.py
[2024-09-02T21:49:02.524+0000] {processor.py:830} INFO - Processing file /home/airflow/.local/lib/python3.12/site-packages/airflow/example_dags/example_kubernetes_executor.py for tasks to queue
[2024-09-02T21:49:02.527+0000] {logging_mixin.py:188} INFO - [2024-09-02T21:49:02.526+0000] {dagbag.py:545} INFO - Filling up the DagBag from /home/airflow/.local/lib/python3.12/site-packages/airflow/example_dags/example_kubernetes_executor.py
[2024-09-02T21:49:02.541+0000] {processor.py:840} INFO - DAG(s) 'example_kubernetes_executor' retrieved from /home/airflow/.local/lib/python3.12/site-packages/airflow/example_dags/example_kubernetes_executor.py
[2024-09-02T21:49:02.581+0000] {logging_mixin.py:188} INFO - [2024-09-02T21:49:02.580+0000] {dag.py:3096} INFO - Sync 1 DAGs
[2024-09-02T21:49:02.594+0000] {logging_mixin.py:188} INFO - [2024-09-02T21:49:02.594+0000] {dag.py:3954} INFO - Setting next_dagrun for example_kubernetes_executor to None, run_after=None
[2024-09-02T21:49:02.619+0000] {processor.py:183} INFO - Processing /home/airflow/.local/lib/python3.12/site-packages/airflow/example_dags/example_kubernetes_executor.py took 0.107 seconds
[2024-09-02T21:49:33.409+0000] {processor.py:161} INFO - Started process (PID=675) to work on /home/airflow/.local/lib/python3.12/site-packages/airflow/example_dags/example_kubernetes_executor.py
[2024-09-02T21:49:33.410+0000] {processor.py:830} INFO - Processing file /home/airflow/.local/lib/python3.12/site-packages/airflow/example_dags/example_kubernetes_executor.py for tasks to queue
[2024-09-02T21:49:33.412+0000] {logging_mixin.py:188} INFO - [2024-09-02T21:49:33.412+0000] {dagbag.py:545} INFO - Filling up the DagBag from /home/airflow/.local/lib/python3.12/site-packages/airflow/example_dags/example_kubernetes_executor.py
[2024-09-02T21:49:33.431+0000] {processor.py:840} INFO - DAG(s) 'example_kubernetes_executor' retrieved from /home/airflow/.local/lib/python3.12/site-packages/airflow/example_dags/example_kubernetes_executor.py
[2024-09-02T21:49:33.492+0000] {logging_mixin.py:188} INFO - [2024-09-02T21:49:33.492+0000] {dag.py:3096} INFO - Sync 1 DAGs
[2024-09-02T21:49:33.505+0000] {logging_mixin.py:188} INFO - [2024-09-02T21:49:33.505+0000] {dag.py:3954} INFO - Setting next_dagrun for example_kubernetes_executor to None, run_after=None
[2024-09-02T21:49:33.529+0000] {processor.py:183} INFO - Processing /home/airflow/.local/lib/python3.12/site-packages/airflow/example_dags/example_kubernetes_executor.py took 0.128 seconds
[2024-09-02T21:50:04.141+0000] {processor.py:161} INFO - Started process (PID=735) to work on /home/airflow/.local/lib/python3.12/site-packages/airflow/example_dags/example_kubernetes_executor.py
[2024-09-02T21:50:04.143+0000] {processor.py:830} INFO - Processing file /home/airflow/.local/lib/python3.12/site-packages/airflow/example_dags/example_kubernetes_executor.py for tasks to queue
[2024-09-02T21:50:04.146+0000] {logging_mixin.py:188} INFO - [2024-09-02T21:50:04.146+0000] {dagbag.py:545} INFO - Filling up the DagBag from /home/airflow/.local/lib/python3.12/site-packages/airflow/example_dags/example_kubernetes_executor.py
[2024-09-02T21:50:04.167+0000] {processor.py:840} INFO - DAG(s) 'example_kubernetes_executor' retrieved from /home/airflow/.local/lib/python3.12/site-packages/airflow/example_dags/example_kubernetes_executor.py
[2024-09-02T21:50:04.224+0000] {logging_mixin.py:188} INFO - [2024-09-02T21:50:04.224+0000] {dag.py:3096} INFO - Sync 1 DAGs
[2024-09-02T21:50:04.241+0000] {logging_mixin.py:188} INFO - [2024-09-02T21:50:04.240+0000] {dag.py:3954} INFO - Setting next_dagrun for example_kubernetes_executor to None, run_after=None
[2024-09-02T21:50:04.259+0000] {processor.py:183} INFO - Processing /home/airflow/.local/lib/python3.12/site-packages/airflow/example_dags/example_kubernetes_executor.py took 0.132 seconds
[2024-09-02T21:50:34.865+0000] {processor.py:161} INFO - Started process (PID=795) to work on /home/airflow/.local/lib/python3.12/site-packages/airflow/example_dags/example_kubernetes_executor.py
[2024-09-02T21:50:34.871+0000] {processor.py:830} INFO - Processing file /home/airflow/.local/lib/python3.12/site-packages/airflow/example_dags/example_kubernetes_executor.py for tasks to queue
[2024-09-02T21:50:34.876+0000] {logging_mixin.py:188} INFO - [2024-09-02T21:50:34.875+0000] {dagbag.py:545} INFO - Filling up the DagBag from /home/airflow/.local/lib/python3.12/site-packages/airflow/example_dags/example_kubernetes_executor.py
[2024-09-02T21:50:34.902+0000] {processor.py:840} INFO - DAG(s) 'example_kubernetes_executor' retrieved from /home/airflow/.local/lib/python3.12/site-packages/airflow/example_dags/example_kubernetes_executor.py
[2024-09-02T21:50:34.964+0000] {logging_mixin.py:188} INFO - [2024-09-02T21:50:34.964+0000] {dag.py:3096} INFO - Sync 1 DAGs
[2024-09-02T21:50:34.977+0000] {logging_mixin.py:188} INFO - [2024-09-02T21:50:34.977+0000] {dag.py:3954} INFO - Setting next_dagrun for example_kubernetes_executor to None, run_after=None
[2024-09-02T21:50:34.994+0000] {processor.py:183} INFO - Processing /home/airflow/.local/lib/python3.12/site-packages/airflow/example_dags/example_kubernetes_executor.py took 0.142 seconds
[2024-09-02T21:51:06.050+0000] {processor.py:161} INFO - Started process (PID=855) to work on /home/airflow/.local/lib/python3.12/site-packages/airflow/example_dags/example_kubernetes_executor.py
[2024-09-02T21:51:06.053+0000] {processor.py:830} INFO - Processing file /home/airflow/.local/lib/python3.12/site-packages/airflow/example_dags/example_kubernetes_executor.py for tasks to queue
[2024-09-02T21:51:06.057+0000] {logging_mixin.py:188} INFO - [2024-09-02T21:51:06.057+0000] {dagbag.py:545} INFO - Filling up the DagBag from /home/airflow/.local/lib/python3.12/site-packages/airflow/example_dags/example_kubernetes_executor.py
[2024-09-02T21:51:06.088+0000] {processor.py:840} INFO - DAG(s) 'example_kubernetes_executor' retrieved from /home/airflow/.local/lib/python3.12/site-packages/airflow/example_dags/example_kubernetes_executor.py
[2024-09-02T21:51:06.165+0000] {logging_mixin.py:188} INFO - [2024-09-02T21:51:06.164+0000] {dag.py:3096} INFO - Sync 1 DAGs
[2024-09-02T21:51:06.179+0000] {logging_mixin.py:188} INFO - [2024-09-02T21:51:06.179+0000] {dag.py:3954} INFO - Setting next_dagrun for example_kubernetes_executor to None, run_after=None
[2024-09-02T21:51:06.202+0000] {processor.py:183} INFO - Processing /home/airflow/.local/lib/python3.12/site-packages/airflow/example_dags/example_kubernetes_executor.py took 0.166 seconds
[2024-09-02T21:51:37.162+0000] {processor.py:161} INFO - Started process (PID=915) to work on /home/airflow/.local/lib/python3.12/site-packages/airflow/example_dags/example_kubernetes_executor.py
[2024-09-02T21:51:37.164+0000] {processor.py:830} INFO - Processing file /home/airflow/.local/lib/python3.12/site-packages/airflow/example_dags/example_kubernetes_executor.py for tasks to queue
[2024-09-02T21:51:37.168+0000] {logging_mixin.py:188} INFO - [2024-09-02T21:51:37.167+0000] {dagbag.py:545} INFO - Filling up the DagBag from /home/airflow/.local/lib/python3.12/site-packages/airflow/example_dags/example_kubernetes_executor.py
[2024-09-02T21:51:37.187+0000] {processor.py:840} INFO - DAG(s) 'example_kubernetes_executor' retrieved from /home/airflow/.local/lib/python3.12/site-packages/airflow/example_dags/example_kubernetes_executor.py
[2024-09-02T21:51:37.231+0000] {logging_mixin.py:188} INFO - [2024-09-02T21:51:37.230+0000] {dag.py:3096} INFO - Sync 1 DAGs
[2024-09-02T21:51:37.247+0000] {logging_mixin.py:188} INFO - [2024-09-02T21:51:37.247+0000] {dag.py:3954} INFO - Setting next_dagrun for example_kubernetes_executor to None, run_after=None
[2024-09-02T21:51:37.274+0000] {processor.py:183} INFO - Processing /home/airflow/.local/lib/python3.12/site-packages/airflow/example_dags/example_kubernetes_executor.py took 0.123 seconds
[2024-09-02T21:52:08.267+0000] {processor.py:161} INFO - Started process (PID=975) to work on /home/airflow/.local/lib/python3.12/site-packages/airflow/example_dags/example_kubernetes_executor.py
[2024-09-02T21:52:08.269+0000] {processor.py:830} INFO - Processing file /home/airflow/.local/lib/python3.12/site-packages/airflow/example_dags/example_kubernetes_executor.py for tasks to queue
[2024-09-02T21:52:08.273+0000] {logging_mixin.py:188} INFO - [2024-09-02T21:52:08.272+0000] {dagbag.py:545} INFO - Filling up the DagBag from /home/airflow/.local/lib/python3.12/site-packages/airflow/example_dags/example_kubernetes_executor.py
[2024-09-02T21:52:08.297+0000] {processor.py:840} INFO - DAG(s) 'example_kubernetes_executor' retrieved from /home/airflow/.local/lib/python3.12/site-packages/airflow/example_dags/example_kubernetes_executor.py
[2024-09-02T21:52:08.363+0000] {logging_mixin.py:188} INFO - [2024-09-02T21:52:08.362+0000] {dag.py:3096} INFO - Sync 1 DAGs
[2024-09-02T21:52:08.402+0000] {logging_mixin.py:188} INFO - [2024-09-02T21:52:08.402+0000] {dag.py:3954} INFO - Setting next_dagrun for example_kubernetes_executor to None, run_after=None
[2024-09-02T21:52:08.428+0000] {processor.py:183} INFO - Processing /home/airflow/.local/lib/python3.12/site-packages/airflow/example_dags/example_kubernetes_executor.py took 0.171 seconds
[2024-09-02T21:52:38.765+0000] {processor.py:161} INFO - Started process (PID=1035) to work on /home/airflow/.local/lib/python3.12/site-packages/airflow/example_dags/example_kubernetes_executor.py
[2024-09-02T21:52:38.766+0000] {processor.py:830} INFO - Processing file /home/airflow/.local/lib/python3.12/site-packages/airflow/example_dags/example_kubernetes_executor.py for tasks to queue
[2024-09-02T21:52:38.769+0000] {logging_mixin.py:188} INFO - [2024-09-02T21:52:38.769+0000] {dagbag.py:545} INFO - Filling up the DagBag from /home/airflow/.local/lib/python3.12/site-packages/airflow/example_dags/example_kubernetes_executor.py
[2024-09-02T21:52:38.789+0000] {processor.py:840} INFO - DAG(s) 'example_kubernetes_executor' retrieved from /home/airflow/.local/lib/python3.12/site-packages/airflow/example_dags/example_kubernetes_executor.py
[2024-09-02T21:52:38.845+0000] {logging_mixin.py:188} INFO - [2024-09-02T21:52:38.844+0000] {dag.py:3096} INFO - Sync 1 DAGs
[2024-09-02T21:52:38.864+0000] {logging_mixin.py:188} INFO - [2024-09-02T21:52:38.864+0000] {dag.py:3954} INFO - Setting next_dagrun for example_kubernetes_executor to None, run_after=None
[2024-09-02T21:52:38.886+0000] {processor.py:183} INFO - Processing /home/airflow/.local/lib/python3.12/site-packages/airflow/example_dags/example_kubernetes_executor.py took 0.128 seconds
[2024-09-02T21:53:09.231+0000] {processor.py:161} INFO - Started process (PID=1095) to work on /home/airflow/.local/lib/python3.12/site-packages/airflow/example_dags/example_kubernetes_executor.py
[2024-09-02T21:53:09.233+0000] {processor.py:830} INFO - Processing file /home/airflow/.local/lib/python3.12/site-packages/airflow/example_dags/example_kubernetes_executor.py for tasks to queue
[2024-09-02T21:53:09.236+0000] {logging_mixin.py:188} INFO - [2024-09-02T21:53:09.235+0000] {dagbag.py:545} INFO - Filling up the DagBag from /home/airflow/.local/lib/python3.12/site-packages/airflow/example_dags/example_kubernetes_executor.py
[2024-09-02T21:53:09.258+0000] {processor.py:840} INFO - DAG(s) 'example_kubernetes_executor' retrieved from /home/airflow/.local/lib/python3.12/site-packages/airflow/example_dags/example_kubernetes_executor.py
[2024-09-02T21:53:09.321+0000] {logging_mixin.py:188} INFO - [2024-09-02T21:53:09.321+0000] {dag.py:3096} INFO - Sync 1 DAGs
[2024-09-02T21:53:09.341+0000] {logging_mixin.py:188} INFO - [2024-09-02T21:53:09.341+0000] {dag.py:3954} INFO - Setting next_dagrun for example_kubernetes_executor to None, run_after=None
[2024-09-02T21:53:09.372+0000] {processor.py:183} INFO - Processing /home/airflow/.local/lib/python3.12/site-packages/airflow/example_dags/example_kubernetes_executor.py took 0.150 seconds
[2024-09-02T21:53:40.416+0000] {processor.py:161} INFO - Started process (PID=1155) to work on /home/airflow/.local/lib/python3.12/site-packages/airflow/example_dags/example_kubernetes_executor.py
[2024-09-02T21:53:40.417+0000] {processor.py:830} INFO - Processing file /home/airflow/.local/lib/python3.12/site-packages/airflow/example_dags/example_kubernetes_executor.py for tasks to queue
[2024-09-02T21:53:40.419+0000] {logging_mixin.py:188} INFO - [2024-09-02T21:53:40.419+0000] {dagbag.py:545} INFO - Filling up the DagBag from /home/airflow/.local/lib/python3.12/site-packages/airflow/example_dags/example_kubernetes_executor.py
[2024-09-02T21:53:40.432+0000] {processor.py:840} INFO - DAG(s) 'example_kubernetes_executor' retrieved from /home/airflow/.local/lib/python3.12/site-packages/airflow/example_dags/example_kubernetes_executor.py
[2024-09-02T21:53:40.475+0000] {logging_mixin.py:188} INFO - [2024-09-02T21:53:40.474+0000] {dag.py:3096} INFO - Sync 1 DAGs
[2024-09-02T21:53:40.489+0000] {logging_mixin.py:188} INFO - [2024-09-02T21:53:40.489+0000] {dag.py:3954} INFO - Setting next_dagrun for example_kubernetes_executor to None, run_after=None
[2024-09-02T21:53:40.513+0000] {processor.py:183} INFO - Processing /home/airflow/.local/lib/python3.12/site-packages/airflow/example_dags/example_kubernetes_executor.py took 0.102 seconds
[2024-09-02T21:54:10.599+0000] {processor.py:161} INFO - Started process (PID=1216) to work on /home/airflow/.local/lib/python3.12/site-packages/airflow/example_dags/example_kubernetes_executor.py
[2024-09-02T21:54:10.601+0000] {processor.py:830} INFO - Processing file /home/airflow/.local/lib/python3.12/site-packages/airflow/example_dags/example_kubernetes_executor.py for tasks to queue
[2024-09-02T21:54:10.605+0000] {logging_mixin.py:188} INFO - [2024-09-02T21:54:10.604+0000] {dagbag.py:545} INFO - Filling up the DagBag from /home/airflow/.local/lib/python3.12/site-packages/airflow/example_dags/example_kubernetes_executor.py
[2024-09-02T21:54:10.626+0000] {processor.py:840} INFO - DAG(s) 'example_kubernetes_executor' retrieved from /home/airflow/.local/lib/python3.12/site-packages/airflow/example_dags/example_kubernetes_executor.py
[2024-09-02T21:54:10.680+0000] {logging_mixin.py:188} INFO - [2024-09-02T21:54:10.680+0000] {dag.py:3096} INFO - Sync 1 DAGs
[2024-09-02T21:54:10.701+0000] {logging_mixin.py:188} INFO - [2024-09-02T21:54:10.700+0000] {dag.py:3954} INFO - Setting next_dagrun for example_kubernetes_executor to None, run_after=None
[2024-09-02T21:54:10.723+0000] {processor.py:183} INFO - Processing /home/airflow/.local/lib/python3.12/site-packages/airflow/example_dags/example_kubernetes_executor.py took 0.133 seconds
[2024-09-02T21:54:41.480+0000] {processor.py:161} INFO - Started process (PID=1276) to work on /home/airflow/.local/lib/python3.12/site-packages/airflow/example_dags/example_kubernetes_executor.py
[2024-09-02T21:54:41.481+0000] {processor.py:830} INFO - Processing file /home/airflow/.local/lib/python3.12/site-packages/airflow/example_dags/example_kubernetes_executor.py for tasks to queue
[2024-09-02T21:54:41.485+0000] {logging_mixin.py:188} INFO - [2024-09-02T21:54:41.484+0000] {dagbag.py:545} INFO - Filling up the DagBag from /home/airflow/.local/lib/python3.12/site-packages/airflow/example_dags/example_kubernetes_executor.py
[2024-09-02T21:54:41.510+0000] {processor.py:840} INFO - DAG(s) 'example_kubernetes_executor' retrieved from /home/airflow/.local/lib/python3.12/site-packages/airflow/example_dags/example_kubernetes_executor.py
[2024-09-02T21:54:41.559+0000] {logging_mixin.py:188} INFO - [2024-09-02T21:54:41.558+0000] {dag.py:3096} INFO - Sync 1 DAGs
[2024-09-02T21:54:41.576+0000] {logging_mixin.py:188} INFO - [2024-09-02T21:54:41.576+0000] {dag.py:3954} INFO - Setting next_dagrun for example_kubernetes_executor to None, run_after=None
[2024-09-02T21:54:41.598+0000] {processor.py:183} INFO - Processing /home/airflow/.local/lib/python3.12/site-packages/airflow/example_dags/example_kubernetes_executor.py took 0.128 seconds
[2024-09-02T21:55:11.849+0000] {processor.py:161} INFO - Started process (PID=1336) to work on /home/airflow/.local/lib/python3.12/site-packages/airflow/example_dags/example_kubernetes_executor.py
[2024-09-02T21:55:11.851+0000] {processor.py:830} INFO - Processing file /home/airflow/.local/lib/python3.12/site-packages/airflow/example_dags/example_kubernetes_executor.py for tasks to queue
[2024-09-02T21:55:11.855+0000] {logging_mixin.py:188} INFO - [2024-09-02T21:55:11.854+0000] {dagbag.py:545} INFO - Filling up the DagBag from /home/airflow/.local/lib/python3.12/site-packages/airflow/example_dags/example_kubernetes_executor.py
[2024-09-02T21:55:11.882+0000] {processor.py:840} INFO - DAG(s) 'example_kubernetes_executor' retrieved from /home/airflow/.local/lib/python3.12/site-packages/airflow/example_dags/example_kubernetes_executor.py
[2024-09-02T21:55:11.928+0000] {logging_mixin.py:188} INFO - [2024-09-02T21:55:11.928+0000] {dag.py:3096} INFO - Sync 1 DAGs
[2024-09-02T21:55:11.941+0000] {logging_mixin.py:188} INFO - [2024-09-02T21:55:11.941+0000] {dag.py:3954} INFO - Setting next_dagrun for example_kubernetes_executor to None, run_after=None
[2024-09-02T21:55:11.968+0000] {processor.py:183} INFO - Processing /home/airflow/.local/lib/python3.12/site-packages/airflow/example_dags/example_kubernetes_executor.py took 0.127 seconds
[2024-09-02T21:55:42.781+0000] {processor.py:161} INFO - Started process (PID=1400) to work on /home/airflow/.local/lib/python3.12/site-packages/airflow/example_dags/example_kubernetes_executor.py
[2024-09-02T21:55:42.784+0000] {processor.py:830} INFO - Processing file /home/airflow/.local/lib/python3.12/site-packages/airflow/example_dags/example_kubernetes_executor.py for tasks to queue
[2024-09-02T21:55:42.788+0000] {logging_mixin.py:188} INFO - [2024-09-02T21:55:42.788+0000] {dagbag.py:545} INFO - Filling up the DagBag from /home/airflow/.local/lib/python3.12/site-packages/airflow/example_dags/example_kubernetes_executor.py
[2024-09-02T21:55:42.832+0000] {processor.py:840} INFO - DAG(s) 'example_kubernetes_executor' retrieved from /home/airflow/.local/lib/python3.12/site-packages/airflow/example_dags/example_kubernetes_executor.py
[2024-09-02T21:55:42.909+0000] {logging_mixin.py:188} INFO - [2024-09-02T21:55:42.908+0000] {dag.py:3096} INFO - Sync 1 DAGs
[2024-09-02T21:55:42.931+0000] {logging_mixin.py:188} INFO - [2024-09-02T21:55:42.931+0000] {dag.py:3954} INFO - Setting next_dagrun for example_kubernetes_executor to None, run_after=None
[2024-09-02T21:55:42.955+0000] {processor.py:183} INFO - Processing /home/airflow/.local/lib/python3.12/site-packages/airflow/example_dags/example_kubernetes_executor.py took 0.198 seconds
[2024-09-02T21:56:13.980+0000] {processor.py:161} INFO - Started process (PID=1463) to work on /home/airflow/.local/lib/python3.12/site-packages/airflow/example_dags/example_kubernetes_executor.py
[2024-09-02T21:56:13.981+0000] {processor.py:830} INFO - Processing file /home/airflow/.local/lib/python3.12/site-packages/airflow/example_dags/example_kubernetes_executor.py for tasks to queue
[2024-09-02T21:56:13.983+0000] {logging_mixin.py:188} INFO - [2024-09-02T21:56:13.983+0000] {dagbag.py:545} INFO - Filling up the DagBag from /home/airflow/.local/lib/python3.12/site-packages/airflow/example_dags/example_kubernetes_executor.py
[2024-09-02T21:56:13.999+0000] {processor.py:840} INFO - DAG(s) 'example_kubernetes_executor' retrieved from /home/airflow/.local/lib/python3.12/site-packages/airflow/example_dags/example_kubernetes_executor.py
[2024-09-02T21:56:14.046+0000] {logging_mixin.py:188} INFO - [2024-09-02T21:56:14.046+0000] {dag.py:3096} INFO - Sync 1 DAGs
[2024-09-02T21:56:14.062+0000] {logging_mixin.py:188} INFO - [2024-09-02T21:56:14.061+0000] {dag.py:3954} INFO - Setting next_dagrun for example_kubernetes_executor to None, run_after=None
[2024-09-02T21:56:14.089+0000] {processor.py:183} INFO - Processing /home/airflow/.local/lib/python3.12/site-packages/airflow/example_dags/example_kubernetes_executor.py took 0.116 seconds
