[2024-09-02T21:35:05.738+0000] {processor.py:161} INFO - Started process (PID=91) to work on /home/airflow/.local/lib/python3.12/site-packages/airflow/example_dags/example_task_group.py
[2024-09-02T21:35:05.742+0000] {processor.py:830} INFO - Processing file /home/airflow/.local/lib/python3.12/site-packages/airflow/example_dags/example_task_group.py for tasks to queue
[2024-09-02T21:35:05.788+0000] {logging_mixin.py:188} INFO - [2024-09-02T21:35:05.786+0000] {dagbag.py:545} INFO - Filling up the DagBag from /home/airflow/.local/lib/python3.12/site-packages/airflow/example_dags/example_task_group.py
[2024-09-02T21:35:05.842+0000] {processor.py:840} INFO - DAG(s) 'example_task_group' retrieved from /home/airflow/.local/lib/python3.12/site-packages/airflow/example_dags/example_task_group.py
[2024-09-02T21:35:06.432+0000] {logging_mixin.py:188} INFO - [2024-09-02T21:35:06.429+0000] {override.py:1829} INFO - Created Permission View: can edit on DAG:example_task_group
[2024-09-02T21:35:06.472+0000] {logging_mixin.py:188} INFO - [2024-09-02T21:35:06.471+0000] {override.py:1829} INFO - Created Permission View: can delete on DAG:example_task_group
[2024-09-02T21:35:06.504+0000] {logging_mixin.py:188} INFO - [2024-09-02T21:35:06.503+0000] {override.py:1829} INFO - Created Permission View: can read on DAG:example_task_group
[2024-09-02T21:35:06.506+0000] {logging_mixin.py:188} INFO - [2024-09-02T21:35:06.505+0000] {dag.py:3096} INFO - Sync 1 DAGs
[2024-09-02T21:35:06.563+0000] {logging_mixin.py:188} INFO - [2024-09-02T21:35:06.562+0000] {dag.py:3118} INFO - Creating ORM DAG for example_task_group
[2024-09-02T21:35:06.612+0000] {logging_mixin.py:188} INFO - [2024-09-02T21:35:06.612+0000] {dag.py:3954} INFO - Setting next_dagrun for example_task_group to 2024-09-01 00:00:00+00:00, run_after=2024-09-02 00:00:00+00:00
[2024-09-02T21:35:06.690+0000] {processor.py:183} INFO - Processing /home/airflow/.local/lib/python3.12/site-packages/airflow/example_dags/example_task_group.py took 0.978 seconds
[2024-09-02T21:35:37.653+0000] {processor.py:161} INFO - Started process (PID=150) to work on /home/airflow/.local/lib/python3.12/site-packages/airflow/example_dags/example_task_group.py
[2024-09-02T21:35:37.667+0000] {processor.py:830} INFO - Processing file /home/airflow/.local/lib/python3.12/site-packages/airflow/example_dags/example_task_group.py for tasks to queue
[2024-09-02T21:35:37.710+0000] {logging_mixin.py:188} INFO - [2024-09-02T21:35:37.709+0000] {dagbag.py:545} INFO - Filling up the DagBag from /home/airflow/.local/lib/python3.12/site-packages/airflow/example_dags/example_task_group.py
[2024-09-02T21:35:37.779+0000] {processor.py:840} INFO - DAG(s) 'example_task_group' retrieved from /home/airflow/.local/lib/python3.12/site-packages/airflow/example_dags/example_task_group.py
[2024-09-02T21:35:37.904+0000] {logging_mixin.py:188} INFO - [2024-09-02T21:35:37.903+0000] {dag.py:3096} INFO - Sync 1 DAGs
[2024-09-02T21:35:38.102+0000] {logging_mixin.py:188} INFO - [2024-09-02T21:35:38.102+0000] {dag.py:3954} INFO - Setting next_dagrun for example_task_group to 2024-09-01 00:00:00+00:00, run_after=2024-09-02 00:00:00+00:00
[2024-09-02T21:35:38.248+0000] {processor.py:183} INFO - Processing /home/airflow/.local/lib/python3.12/site-packages/airflow/example_dags/example_task_group.py took 0.644 seconds
[2024-09-02T21:36:10.192+0000] {processor.py:161} INFO - Started process (PID=210) to work on /home/airflow/.local/lib/python3.12/site-packages/airflow/example_dags/example_task_group.py
[2024-09-02T21:36:10.195+0000] {processor.py:830} INFO - Processing file /home/airflow/.local/lib/python3.12/site-packages/airflow/example_dags/example_task_group.py for tasks to queue
[2024-09-02T21:36:10.207+0000] {logging_mixin.py:188} INFO - [2024-09-02T21:36:10.206+0000] {dagbag.py:545} INFO - Filling up the DagBag from /home/airflow/.local/lib/python3.12/site-packages/airflow/example_dags/example_task_group.py
[2024-09-02T21:36:10.258+0000] {processor.py:840} INFO - DAG(s) 'example_task_group' retrieved from /home/airflow/.local/lib/python3.12/site-packages/airflow/example_dags/example_task_group.py
[2024-09-02T21:36:10.387+0000] {logging_mixin.py:188} INFO - [2024-09-02T21:36:10.385+0000] {dag.py:3096} INFO - Sync 1 DAGs
[2024-09-02T21:36:10.515+0000] {logging_mixin.py:188} INFO - [2024-09-02T21:36:10.515+0000] {dag.py:3954} INFO - Setting next_dagrun for example_task_group to 2024-09-01 00:00:00+00:00, run_after=2024-09-02 00:00:00+00:00
[2024-09-02T21:36:10.621+0000] {processor.py:183} INFO - Processing /home/airflow/.local/lib/python3.12/site-packages/airflow/example_dags/example_task_group.py took 0.468 seconds
[2024-09-02T21:38:38.948+0000] {processor.py:161} INFO - Started process (PID=82) to work on /home/airflow/.local/lib/python3.12/site-packages/airflow/example_dags/example_task_group.py
[2024-09-02T21:38:38.951+0000] {processor.py:830} INFO - Processing file /home/airflow/.local/lib/python3.12/site-packages/airflow/example_dags/example_task_group.py for tasks to queue
[2024-09-02T21:38:38.956+0000] {logging_mixin.py:188} INFO - [2024-09-02T21:38:38.955+0000] {dagbag.py:545} INFO - Filling up the DagBag from /home/airflow/.local/lib/python3.12/site-packages/airflow/example_dags/example_task_group.py
[2024-09-02T21:38:38.988+0000] {processor.py:840} INFO - DAG(s) 'example_task_group' retrieved from /home/airflow/.local/lib/python3.12/site-packages/airflow/example_dags/example_task_group.py
[2024-09-02T21:38:39.317+0000] {logging_mixin.py:188} INFO - [2024-09-02T21:38:39.315+0000] {override.py:1829} INFO - Created Permission View: can edit on DAG:example_task_group
[2024-09-02T21:38:39.357+0000] {logging_mixin.py:188} INFO - [2024-09-02T21:38:39.356+0000] {override.py:1829} INFO - Created Permission View: can read on DAG:example_task_group
[2024-09-02T21:38:39.386+0000] {logging_mixin.py:188} INFO - [2024-09-02T21:38:39.385+0000] {override.py:1829} INFO - Created Permission View: can delete on DAG:example_task_group
[2024-09-02T21:38:39.390+0000] {logging_mixin.py:188} INFO - [2024-09-02T21:38:39.389+0000] {dag.py:3096} INFO - Sync 1 DAGs
[2024-09-02T21:38:39.435+0000] {logging_mixin.py:188} INFO - [2024-09-02T21:38:39.434+0000] {dag.py:3118} INFO - Creating ORM DAG for example_task_group
[2024-09-02T21:38:39.482+0000] {logging_mixin.py:188} INFO - [2024-09-02T21:38:39.480+0000] {dag.py:3954} INFO - Setting next_dagrun for example_task_group to 2024-09-01 00:00:00+00:00, run_after=2024-09-02 00:00:00+00:00
[2024-09-02T21:38:39.639+0000] {processor.py:183} INFO - Processing /home/airflow/.local/lib/python3.12/site-packages/airflow/example_dags/example_task_group.py took 0.713 seconds
[2024-09-02T21:39:10.457+0000] {processor.py:161} INFO - Started process (PID=143) to work on /home/airflow/.local/lib/python3.12/site-packages/airflow/example_dags/example_task_group.py
[2024-09-02T21:39:10.458+0000] {processor.py:830} INFO - Processing file /home/airflow/.local/lib/python3.12/site-packages/airflow/example_dags/example_task_group.py for tasks to queue
[2024-09-02T21:39:10.460+0000] {logging_mixin.py:188} INFO - [2024-09-02T21:39:10.460+0000] {dagbag.py:545} INFO - Filling up the DagBag from /home/airflow/.local/lib/python3.12/site-packages/airflow/example_dags/example_task_group.py
[2024-09-02T21:39:10.467+0000] {processor.py:840} INFO - DAG(s) 'example_task_group' retrieved from /home/airflow/.local/lib/python3.12/site-packages/airflow/example_dags/example_task_group.py
[2024-09-02T21:39:10.502+0000] {logging_mixin.py:188} INFO - [2024-09-02T21:39:10.502+0000] {dag.py:3096} INFO - Sync 1 DAGs
[2024-09-02T21:39:10.534+0000] {logging_mixin.py:188} INFO - [2024-09-02T21:39:10.534+0000] {dag.py:3954} INFO - Setting next_dagrun for example_task_group to 2024-09-01 00:00:00+00:00, run_after=2024-09-02 00:00:00+00:00
[2024-09-02T21:39:10.553+0000] {processor.py:183} INFO - Processing /home/airflow/.local/lib/python3.12/site-packages/airflow/example_dags/example_task_group.py took 0.102 seconds
[2024-09-02T21:39:40.778+0000] {processor.py:161} INFO - Started process (PID=209) to work on /home/airflow/.local/lib/python3.12/site-packages/airflow/example_dags/example_task_group.py
[2024-09-02T21:39:40.780+0000] {processor.py:830} INFO - Processing file /home/airflow/.local/lib/python3.12/site-packages/airflow/example_dags/example_task_group.py for tasks to queue
[2024-09-02T21:39:40.783+0000] {logging_mixin.py:188} INFO - [2024-09-02T21:39:40.783+0000] {dagbag.py:545} INFO - Filling up the DagBag from /home/airflow/.local/lib/python3.12/site-packages/airflow/example_dags/example_task_group.py
[2024-09-02T21:39:40.797+0000] {processor.py:840} INFO - DAG(s) 'example_task_group' retrieved from /home/airflow/.local/lib/python3.12/site-packages/airflow/example_dags/example_task_group.py
[2024-09-02T21:39:40.827+0000] {logging_mixin.py:188} INFO - [2024-09-02T21:39:40.826+0000] {dag.py:3096} INFO - Sync 1 DAGs
[2024-09-02T21:39:40.872+0000] {logging_mixin.py:188} INFO - [2024-09-02T21:39:40.872+0000] {dag.py:3954} INFO - Setting next_dagrun for example_task_group to 2024-09-01 00:00:00+00:00, run_after=2024-09-02 00:00:00+00:00
[2024-09-02T21:39:40.889+0000] {processor.py:183} INFO - Processing /home/airflow/.local/lib/python3.12/site-packages/airflow/example_dags/example_task_group.py took 0.125 seconds
[2024-09-02T21:40:11.172+0000] {processor.py:161} INFO - Started process (PID=269) to work on /home/airflow/.local/lib/python3.12/site-packages/airflow/example_dags/example_task_group.py
[2024-09-02T21:40:11.174+0000] {processor.py:830} INFO - Processing file /home/airflow/.local/lib/python3.12/site-packages/airflow/example_dags/example_task_group.py for tasks to queue
[2024-09-02T21:40:11.177+0000] {logging_mixin.py:188} INFO - [2024-09-02T21:40:11.176+0000] {dagbag.py:545} INFO - Filling up the DagBag from /home/airflow/.local/lib/python3.12/site-packages/airflow/example_dags/example_task_group.py
[2024-09-02T21:40:11.189+0000] {processor.py:840} INFO - DAG(s) 'example_task_group' retrieved from /home/airflow/.local/lib/python3.12/site-packages/airflow/example_dags/example_task_group.py
[2024-09-02T21:40:11.224+0000] {logging_mixin.py:188} INFO - [2024-09-02T21:40:11.223+0000] {dag.py:3096} INFO - Sync 1 DAGs
[2024-09-02T21:40:11.260+0000] {logging_mixin.py:188} INFO - [2024-09-02T21:40:11.259+0000] {dag.py:3954} INFO - Setting next_dagrun for example_task_group to 2024-09-01 00:00:00+00:00, run_after=2024-09-02 00:00:00+00:00
[2024-09-02T21:40:11.292+0000] {processor.py:183} INFO - Processing /home/airflow/.local/lib/python3.12/site-packages/airflow/example_dags/example_task_group.py took 0.132 seconds
[2024-09-02T21:40:41.593+0000] {processor.py:161} INFO - Started process (PID=329) to work on /home/airflow/.local/lib/python3.12/site-packages/airflow/example_dags/example_task_group.py
[2024-09-02T21:40:41.594+0000] {processor.py:830} INFO - Processing file /home/airflow/.local/lib/python3.12/site-packages/airflow/example_dags/example_task_group.py for tasks to queue
[2024-09-02T21:40:41.596+0000] {logging_mixin.py:188} INFO - [2024-09-02T21:40:41.595+0000] {dagbag.py:545} INFO - Filling up the DagBag from /home/airflow/.local/lib/python3.12/site-packages/airflow/example_dags/example_task_group.py
[2024-09-02T21:40:41.602+0000] {processor.py:840} INFO - DAG(s) 'example_task_group' retrieved from /home/airflow/.local/lib/python3.12/site-packages/airflow/example_dags/example_task_group.py
[2024-09-02T21:40:41.628+0000] {logging_mixin.py:188} INFO - [2024-09-02T21:40:41.628+0000] {dag.py:3096} INFO - Sync 1 DAGs
[2024-09-02T21:40:41.653+0000] {logging_mixin.py:188} INFO - [2024-09-02T21:40:41.653+0000] {dag.py:3954} INFO - Setting next_dagrun for example_task_group to 2024-09-01 00:00:00+00:00, run_after=2024-09-02 00:00:00+00:00
[2024-09-02T21:40:41.674+0000] {processor.py:183} INFO - Processing /home/airflow/.local/lib/python3.12/site-packages/airflow/example_dags/example_task_group.py took 0.086 seconds
[2024-09-02T21:41:12.074+0000] {processor.py:161} INFO - Started process (PID=389) to work on /home/airflow/.local/lib/python3.12/site-packages/airflow/example_dags/example_task_group.py
[2024-09-02T21:41:12.076+0000] {processor.py:830} INFO - Processing file /home/airflow/.local/lib/python3.12/site-packages/airflow/example_dags/example_task_group.py for tasks to queue
[2024-09-02T21:41:12.079+0000] {logging_mixin.py:188} INFO - [2024-09-02T21:41:12.079+0000] {dagbag.py:545} INFO - Filling up the DagBag from /home/airflow/.local/lib/python3.12/site-packages/airflow/example_dags/example_task_group.py
[2024-09-02T21:41:12.089+0000] {processor.py:840} INFO - DAG(s) 'example_task_group' retrieved from /home/airflow/.local/lib/python3.12/site-packages/airflow/example_dags/example_task_group.py
[2024-09-02T21:41:12.114+0000] {logging_mixin.py:188} INFO - [2024-09-02T21:41:12.114+0000] {dag.py:3096} INFO - Sync 1 DAGs
[2024-09-02T21:41:12.142+0000] {logging_mixin.py:188} INFO - [2024-09-02T21:41:12.142+0000] {dag.py:3954} INFO - Setting next_dagrun for example_task_group to 2024-09-01 00:00:00+00:00, run_after=2024-09-02 00:00:00+00:00
[2024-09-02T21:41:12.173+0000] {processor.py:183} INFO - Processing /home/airflow/.local/lib/python3.12/site-packages/airflow/example_dags/example_task_group.py took 0.108 seconds
[2024-09-02T21:44:32.343+0000] {processor.py:161} INFO - Started process (PID=83) to work on /home/airflow/.local/lib/python3.12/site-packages/airflow/example_dags/example_task_group.py
[2024-09-02T21:44:32.346+0000] {processor.py:830} INFO - Processing file /home/airflow/.local/lib/python3.12/site-packages/airflow/example_dags/example_task_group.py for tasks to queue
[2024-09-02T21:44:32.351+0000] {logging_mixin.py:188} INFO - [2024-09-02T21:44:32.350+0000] {dagbag.py:545} INFO - Filling up the DagBag from /home/airflow/.local/lib/python3.12/site-packages/airflow/example_dags/example_task_group.py
[2024-09-02T21:44:32.388+0000] {processor.py:840} INFO - DAG(s) 'example_task_group' retrieved from /home/airflow/.local/lib/python3.12/site-packages/airflow/example_dags/example_task_group.py
[2024-09-02T21:44:32.728+0000] {logging_mixin.py:188} INFO - [2024-09-02T21:44:32.725+0000] {override.py:1829} INFO - Created Permission View: can read on DAG:example_task_group
[2024-09-02T21:44:32.749+0000] {logging_mixin.py:188} INFO - [2024-09-02T21:44:32.748+0000] {override.py:1829} INFO - Created Permission View: can delete on DAG:example_task_group
[2024-09-02T21:44:32.761+0000] {logging_mixin.py:188} INFO - [2024-09-02T21:44:32.760+0000] {override.py:1829} INFO - Created Permission View: can edit on DAG:example_task_group
[2024-09-02T21:44:32.762+0000] {logging_mixin.py:188} INFO - [2024-09-02T21:44:32.762+0000] {dag.py:3096} INFO - Sync 1 DAGs
[2024-09-02T21:44:32.784+0000] {logging_mixin.py:188} INFO - [2024-09-02T21:44:32.784+0000] {dag.py:3118} INFO - Creating ORM DAG for example_task_group
[2024-09-02T21:44:32.804+0000] {logging_mixin.py:188} INFO - [2024-09-02T21:44:32.803+0000] {dag.py:3954} INFO - Setting next_dagrun for example_task_group to 2024-09-01 00:00:00+00:00, run_after=2024-09-02 00:00:00+00:00
[2024-09-02T21:44:32.835+0000] {processor.py:183} INFO - Processing /home/airflow/.local/lib/python3.12/site-packages/airflow/example_dags/example_task_group.py took 0.513 seconds
[2024-09-02T21:45:03.199+0000] {processor.py:161} INFO - Started process (PID=143) to work on /home/airflow/.local/lib/python3.12/site-packages/airflow/example_dags/example_task_group.py
[2024-09-02T21:45:03.201+0000] {processor.py:830} INFO - Processing file /home/airflow/.local/lib/python3.12/site-packages/airflow/example_dags/example_task_group.py for tasks to queue
[2024-09-02T21:45:03.204+0000] {logging_mixin.py:188} INFO - [2024-09-02T21:45:03.203+0000] {dagbag.py:545} INFO - Filling up the DagBag from /home/airflow/.local/lib/python3.12/site-packages/airflow/example_dags/example_task_group.py
[2024-09-02T21:45:03.216+0000] {processor.py:840} INFO - DAG(s) 'example_task_group' retrieved from /home/airflow/.local/lib/python3.12/site-packages/airflow/example_dags/example_task_group.py
[2024-09-02T21:45:03.246+0000] {logging_mixin.py:188} INFO - [2024-09-02T21:45:03.246+0000] {dag.py:3096} INFO - Sync 1 DAGs
[2024-09-02T21:45:03.283+0000] {logging_mixin.py:188} INFO - [2024-09-02T21:45:03.282+0000] {dag.py:3954} INFO - Setting next_dagrun for example_task_group to 2024-09-01 00:00:00+00:00, run_after=2024-09-02 00:00:00+00:00
[2024-09-02T21:45:03.311+0000] {processor.py:183} INFO - Processing /home/airflow/.local/lib/python3.12/site-packages/airflow/example_dags/example_task_group.py took 0.120 seconds
[2024-09-02T21:45:33.839+0000] {processor.py:161} INFO - Started process (PID=203) to work on /home/airflow/.local/lib/python3.12/site-packages/airflow/example_dags/example_task_group.py
[2024-09-02T21:45:33.841+0000] {processor.py:830} INFO - Processing file /home/airflow/.local/lib/python3.12/site-packages/airflow/example_dags/example_task_group.py for tasks to queue
[2024-09-02T21:45:33.844+0000] {logging_mixin.py:188} INFO - [2024-09-02T21:45:33.844+0000] {dagbag.py:545} INFO - Filling up the DagBag from /home/airflow/.local/lib/python3.12/site-packages/airflow/example_dags/example_task_group.py
[2024-09-02T21:45:33.860+0000] {processor.py:840} INFO - DAG(s) 'example_task_group' retrieved from /home/airflow/.local/lib/python3.12/site-packages/airflow/example_dags/example_task_group.py
[2024-09-02T21:45:33.903+0000] {logging_mixin.py:188} INFO - [2024-09-02T21:45:33.902+0000] {dag.py:3096} INFO - Sync 1 DAGs
[2024-09-02T21:45:33.938+0000] {logging_mixin.py:188} INFO - [2024-09-02T21:45:33.938+0000] {dag.py:3954} INFO - Setting next_dagrun for example_task_group to 2024-09-01 00:00:00+00:00, run_after=2024-09-02 00:00:00+00:00
[2024-09-02T21:45:33.964+0000] {processor.py:183} INFO - Processing /home/airflow/.local/lib/python3.12/site-packages/airflow/example_dags/example_task_group.py took 0.149 seconds
[2024-09-02T21:46:04.332+0000] {processor.py:161} INFO - Started process (PID=264) to work on /home/airflow/.local/lib/python3.12/site-packages/airflow/example_dags/example_task_group.py
[2024-09-02T21:46:04.334+0000] {processor.py:830} INFO - Processing file /home/airflow/.local/lib/python3.12/site-packages/airflow/example_dags/example_task_group.py for tasks to queue
[2024-09-02T21:46:04.336+0000] {logging_mixin.py:188} INFO - [2024-09-02T21:46:04.336+0000] {dagbag.py:545} INFO - Filling up the DagBag from /home/airflow/.local/lib/python3.12/site-packages/airflow/example_dags/example_task_group.py
[2024-09-02T21:46:04.345+0000] {processor.py:840} INFO - DAG(s) 'example_task_group' retrieved from /home/airflow/.local/lib/python3.12/site-packages/airflow/example_dags/example_task_group.py
[2024-09-02T21:46:04.371+0000] {logging_mixin.py:188} INFO - [2024-09-02T21:46:04.370+0000] {dag.py:3096} INFO - Sync 1 DAGs
[2024-09-02T21:46:04.397+0000] {logging_mixin.py:188} INFO - [2024-09-02T21:46:04.397+0000] {dag.py:3954} INFO - Setting next_dagrun for example_task_group to 2024-09-01 00:00:00+00:00, run_after=2024-09-02 00:00:00+00:00
[2024-09-02T21:46:04.418+0000] {processor.py:183} INFO - Processing /home/airflow/.local/lib/python3.12/site-packages/airflow/example_dags/example_task_group.py took 0.092 seconds
[2024-09-02T21:46:35.129+0000] {processor.py:161} INFO - Started process (PID=324) to work on /home/airflow/.local/lib/python3.12/site-packages/airflow/example_dags/example_task_group.py
[2024-09-02T21:46:35.131+0000] {processor.py:830} INFO - Processing file /home/airflow/.local/lib/python3.12/site-packages/airflow/example_dags/example_task_group.py for tasks to queue
[2024-09-02T21:46:35.133+0000] {logging_mixin.py:188} INFO - [2024-09-02T21:46:35.133+0000] {dagbag.py:545} INFO - Filling up the DagBag from /home/airflow/.local/lib/python3.12/site-packages/airflow/example_dags/example_task_group.py
[2024-09-02T21:46:35.147+0000] {processor.py:840} INFO - DAG(s) 'example_task_group' retrieved from /home/airflow/.local/lib/python3.12/site-packages/airflow/example_dags/example_task_group.py
[2024-09-02T21:46:35.182+0000] {logging_mixin.py:188} INFO - [2024-09-02T21:46:35.182+0000] {dag.py:3096} INFO - Sync 1 DAGs
[2024-09-02T21:46:35.216+0000] {logging_mixin.py:188} INFO - [2024-09-02T21:46:35.216+0000] {dag.py:3954} INFO - Setting next_dagrun for example_task_group to 2024-09-01 00:00:00+00:00, run_after=2024-09-02 00:00:00+00:00
[2024-09-02T21:46:35.239+0000] {processor.py:183} INFO - Processing /home/airflow/.local/lib/python3.12/site-packages/airflow/example_dags/example_task_group.py took 0.118 seconds
[2024-09-02T21:47:05.949+0000] {processor.py:161} INFO - Started process (PID=384) to work on /home/airflow/.local/lib/python3.12/site-packages/airflow/example_dags/example_task_group.py
[2024-09-02T21:47:05.950+0000] {processor.py:830} INFO - Processing file /home/airflow/.local/lib/python3.12/site-packages/airflow/example_dags/example_task_group.py for tasks to queue
[2024-09-02T21:47:05.953+0000] {logging_mixin.py:188} INFO - [2024-09-02T21:47:05.953+0000] {dagbag.py:545} INFO - Filling up the DagBag from /home/airflow/.local/lib/python3.12/site-packages/airflow/example_dags/example_task_group.py
[2024-09-02T21:47:05.962+0000] {processor.py:840} INFO - DAG(s) 'example_task_group' retrieved from /home/airflow/.local/lib/python3.12/site-packages/airflow/example_dags/example_task_group.py
[2024-09-02T21:47:05.996+0000] {logging_mixin.py:188} INFO - [2024-09-02T21:47:05.996+0000] {dag.py:3096} INFO - Sync 1 DAGs
[2024-09-02T21:47:06.030+0000] {logging_mixin.py:188} INFO - [2024-09-02T21:47:06.030+0000] {dag.py:3954} INFO - Setting next_dagrun for example_task_group to 2024-09-01 00:00:00+00:00, run_after=2024-09-02 00:00:00+00:00
[2024-09-02T21:47:06.060+0000] {processor.py:183} INFO - Processing /home/airflow/.local/lib/python3.12/site-packages/airflow/example_dags/example_task_group.py took 0.120 seconds
[2024-09-02T21:47:36.160+0000] {processor.py:161} INFO - Started process (PID=443) to work on /home/airflow/.local/lib/python3.12/site-packages/airflow/example_dags/example_task_group.py
[2024-09-02T21:47:36.161+0000] {processor.py:830} INFO - Processing file /home/airflow/.local/lib/python3.12/site-packages/airflow/example_dags/example_task_group.py for tasks to queue
[2024-09-02T21:47:36.164+0000] {logging_mixin.py:188} INFO - [2024-09-02T21:47:36.164+0000] {dagbag.py:545} INFO - Filling up the DagBag from /home/airflow/.local/lib/python3.12/site-packages/airflow/example_dags/example_task_group.py
[2024-09-02T21:47:36.175+0000] {processor.py:840} INFO - DAG(s) 'example_task_group' retrieved from /home/airflow/.local/lib/python3.12/site-packages/airflow/example_dags/example_task_group.py
[2024-09-02T21:47:36.210+0000] {logging_mixin.py:188} INFO - [2024-09-02T21:47:36.209+0000] {dag.py:3096} INFO - Sync 1 DAGs
[2024-09-02T21:47:36.300+0000] {logging_mixin.py:188} INFO - [2024-09-02T21:47:36.299+0000] {dag.py:3954} INFO - Setting next_dagrun for example_task_group to 2024-09-01 00:00:00+00:00, run_after=2024-09-02 00:00:00+00:00
[2024-09-02T21:47:36.342+0000] {processor.py:183} INFO - Processing /home/airflow/.local/lib/python3.12/site-packages/airflow/example_dags/example_task_group.py took 0.193 seconds
[2024-09-02T21:48:07.305+0000] {processor.py:161} INFO - Started process (PID=504) to work on /home/airflow/.local/lib/python3.12/site-packages/airflow/example_dags/example_task_group.py
[2024-09-02T21:48:07.307+0000] {processor.py:830} INFO - Processing file /home/airflow/.local/lib/python3.12/site-packages/airflow/example_dags/example_task_group.py for tasks to queue
[2024-09-02T21:48:07.310+0000] {logging_mixin.py:188} INFO - [2024-09-02T21:48:07.309+0000] {dagbag.py:545} INFO - Filling up the DagBag from /home/airflow/.local/lib/python3.12/site-packages/airflow/example_dags/example_task_group.py
[2024-09-02T21:48:07.324+0000] {processor.py:840} INFO - DAG(s) 'example_task_group' retrieved from /home/airflow/.local/lib/python3.12/site-packages/airflow/example_dags/example_task_group.py
[2024-09-02T21:48:07.374+0000] {logging_mixin.py:188} INFO - [2024-09-02T21:48:07.374+0000] {dag.py:3096} INFO - Sync 1 DAGs
[2024-09-02T21:48:07.432+0000] {logging_mixin.py:188} INFO - [2024-09-02T21:48:07.431+0000] {dag.py:3954} INFO - Setting next_dagrun for example_task_group to 2024-09-01 00:00:00+00:00, run_after=2024-09-02 00:00:00+00:00
[2024-09-02T21:48:07.457+0000] {processor.py:183} INFO - Processing /home/airflow/.local/lib/python3.12/site-packages/airflow/example_dags/example_task_group.py took 0.160 seconds
[2024-09-02T21:48:37.533+0000] {processor.py:161} INFO - Started process (PID=563) to work on /home/airflow/.local/lib/python3.12/site-packages/airflow/example_dags/example_task_group.py
[2024-09-02T21:48:37.534+0000] {processor.py:830} INFO - Processing file /home/airflow/.local/lib/python3.12/site-packages/airflow/example_dags/example_task_group.py for tasks to queue
[2024-09-02T21:48:37.536+0000] {logging_mixin.py:188} INFO - [2024-09-02T21:48:37.535+0000] {dagbag.py:545} INFO - Filling up the DagBag from /home/airflow/.local/lib/python3.12/site-packages/airflow/example_dags/example_task_group.py
[2024-09-02T21:48:37.542+0000] {processor.py:840} INFO - DAG(s) 'example_task_group' retrieved from /home/airflow/.local/lib/python3.12/site-packages/airflow/example_dags/example_task_group.py
[2024-09-02T21:48:37.562+0000] {logging_mixin.py:188} INFO - [2024-09-02T21:48:37.562+0000] {dag.py:3096} INFO - Sync 1 DAGs
[2024-09-02T21:48:37.586+0000] {logging_mixin.py:188} INFO - [2024-09-02T21:48:37.586+0000] {dag.py:3954} INFO - Setting next_dagrun for example_task_group to 2024-09-01 00:00:00+00:00, run_after=2024-09-02 00:00:00+00:00
[2024-09-02T21:48:37.606+0000] {processor.py:183} INFO - Processing /home/airflow/.local/lib/python3.12/site-packages/airflow/example_dags/example_task_group.py took 0.079 seconds
[2024-09-02T21:49:08.040+0000] {processor.py:161} INFO - Started process (PID=623) to work on /home/airflow/.local/lib/python3.12/site-packages/airflow/example_dags/example_task_group.py
[2024-09-02T21:49:08.041+0000] {processor.py:830} INFO - Processing file /home/airflow/.local/lib/python3.12/site-packages/airflow/example_dags/example_task_group.py for tasks to queue
[2024-09-02T21:49:08.044+0000] {logging_mixin.py:188} INFO - [2024-09-02T21:49:08.043+0000] {dagbag.py:545} INFO - Filling up the DagBag from /home/airflow/.local/lib/python3.12/site-packages/airflow/example_dags/example_task_group.py
[2024-09-02T21:49:08.055+0000] {processor.py:840} INFO - DAG(s) 'example_task_group' retrieved from /home/airflow/.local/lib/python3.12/site-packages/airflow/example_dags/example_task_group.py
[2024-09-02T21:49:08.091+0000] {logging_mixin.py:188} INFO - [2024-09-02T21:49:08.091+0000] {dag.py:3096} INFO - Sync 1 DAGs
[2024-09-02T21:49:08.127+0000] {logging_mixin.py:188} INFO - [2024-09-02T21:49:08.126+0000] {dag.py:3954} INFO - Setting next_dagrun for example_task_group to 2024-09-01 00:00:00+00:00, run_after=2024-09-02 00:00:00+00:00
[2024-09-02T21:49:08.184+0000] {processor.py:183} INFO - Processing /home/airflow/.local/lib/python3.12/site-packages/airflow/example_dags/example_task_group.py took 0.154 seconds
[2024-09-02T21:49:38.267+0000] {processor.py:161} INFO - Started process (PID=683) to work on /home/airflow/.local/lib/python3.12/site-packages/airflow/example_dags/example_task_group.py
[2024-09-02T21:49:38.270+0000] {processor.py:830} INFO - Processing file /home/airflow/.local/lib/python3.12/site-packages/airflow/example_dags/example_task_group.py for tasks to queue
[2024-09-02T21:49:38.275+0000] {logging_mixin.py:188} INFO - [2024-09-02T21:49:38.274+0000] {dagbag.py:545} INFO - Filling up the DagBag from /home/airflow/.local/lib/python3.12/site-packages/airflow/example_dags/example_task_group.py
[2024-09-02T21:49:38.295+0000] {processor.py:840} INFO - DAG(s) 'example_task_group' retrieved from /home/airflow/.local/lib/python3.12/site-packages/airflow/example_dags/example_task_group.py
[2024-09-02T21:49:38.338+0000] {logging_mixin.py:188} INFO - [2024-09-02T21:49:38.337+0000] {dag.py:3096} INFO - Sync 1 DAGs
[2024-09-02T21:49:38.384+0000] {logging_mixin.py:188} INFO - [2024-09-02T21:49:38.383+0000] {dag.py:3954} INFO - Setting next_dagrun for example_task_group to 2024-09-01 00:00:00+00:00, run_after=2024-09-02 00:00:00+00:00
[2024-09-02T21:49:38.425+0000] {processor.py:183} INFO - Processing /home/airflow/.local/lib/python3.12/site-packages/airflow/example_dags/example_task_group.py took 0.173 seconds
[2024-09-02T21:50:08.649+0000] {processor.py:161} INFO - Started process (PID=743) to work on /home/airflow/.local/lib/python3.12/site-packages/airflow/example_dags/example_task_group.py
[2024-09-02T21:50:08.652+0000] {processor.py:830} INFO - Processing file /home/airflow/.local/lib/python3.12/site-packages/airflow/example_dags/example_task_group.py for tasks to queue
[2024-09-02T21:50:08.657+0000] {logging_mixin.py:188} INFO - [2024-09-02T21:50:08.657+0000] {dagbag.py:545} INFO - Filling up the DagBag from /home/airflow/.local/lib/python3.12/site-packages/airflow/example_dags/example_task_group.py
[2024-09-02T21:50:08.679+0000] {processor.py:840} INFO - DAG(s) 'example_task_group' retrieved from /home/airflow/.local/lib/python3.12/site-packages/airflow/example_dags/example_task_group.py
[2024-09-02T21:50:08.738+0000] {logging_mixin.py:188} INFO - [2024-09-02T21:50:08.737+0000] {dag.py:3096} INFO - Sync 1 DAGs
[2024-09-02T21:50:08.782+0000] {logging_mixin.py:188} INFO - [2024-09-02T21:50:08.782+0000] {dag.py:3954} INFO - Setting next_dagrun for example_task_group to 2024-09-01 00:00:00+00:00, run_after=2024-09-02 00:00:00+00:00
[2024-09-02T21:50:08.833+0000] {processor.py:183} INFO - Processing /home/airflow/.local/lib/python3.12/site-packages/airflow/example_dags/example_task_group.py took 0.195 seconds
[2024-09-02T21:50:39.338+0000] {processor.py:161} INFO - Started process (PID=803) to work on /home/airflow/.local/lib/python3.12/site-packages/airflow/example_dags/example_task_group.py
[2024-09-02T21:50:39.340+0000] {processor.py:830} INFO - Processing file /home/airflow/.local/lib/python3.12/site-packages/airflow/example_dags/example_task_group.py for tasks to queue
[2024-09-02T21:50:39.342+0000] {logging_mixin.py:188} INFO - [2024-09-02T21:50:39.341+0000] {dagbag.py:545} INFO - Filling up the DagBag from /home/airflow/.local/lib/python3.12/site-packages/airflow/example_dags/example_task_group.py
[2024-09-02T21:50:39.349+0000] {processor.py:840} INFO - DAG(s) 'example_task_group' retrieved from /home/airflow/.local/lib/python3.12/site-packages/airflow/example_dags/example_task_group.py
[2024-09-02T21:50:39.375+0000] {logging_mixin.py:188} INFO - [2024-09-02T21:50:39.374+0000] {dag.py:3096} INFO - Sync 1 DAGs
[2024-09-02T21:50:39.399+0000] {logging_mixin.py:188} INFO - [2024-09-02T21:50:39.399+0000] {dag.py:3954} INFO - Setting next_dagrun for example_task_group to 2024-09-01 00:00:00+00:00, run_after=2024-09-02 00:00:00+00:00
[2024-09-02T21:50:39.420+0000] {processor.py:183} INFO - Processing /home/airflow/.local/lib/python3.12/site-packages/airflow/example_dags/example_task_group.py took 0.087 seconds
[2024-09-02T21:51:09.644+0000] {processor.py:161} INFO - Started process (PID=863) to work on /home/airflow/.local/lib/python3.12/site-packages/airflow/example_dags/example_task_group.py
[2024-09-02T21:51:09.645+0000] {processor.py:830} INFO - Processing file /home/airflow/.local/lib/python3.12/site-packages/airflow/example_dags/example_task_group.py for tasks to queue
[2024-09-02T21:51:09.647+0000] {logging_mixin.py:188} INFO - [2024-09-02T21:51:09.647+0000] {dagbag.py:545} INFO - Filling up the DagBag from /home/airflow/.local/lib/python3.12/site-packages/airflow/example_dags/example_task_group.py
[2024-09-02T21:51:09.655+0000] {processor.py:840} INFO - DAG(s) 'example_task_group' retrieved from /home/airflow/.local/lib/python3.12/site-packages/airflow/example_dags/example_task_group.py
[2024-09-02T21:51:09.679+0000] {logging_mixin.py:188} INFO - [2024-09-02T21:51:09.678+0000] {dag.py:3096} INFO - Sync 1 DAGs
[2024-09-02T21:51:09.702+0000] {logging_mixin.py:188} INFO - [2024-09-02T21:51:09.702+0000] {dag.py:3954} INFO - Setting next_dagrun for example_task_group to 2024-09-01 00:00:00+00:00, run_after=2024-09-02 00:00:00+00:00
[2024-09-02T21:51:09.725+0000] {processor.py:183} INFO - Processing /home/airflow/.local/lib/python3.12/site-packages/airflow/example_dags/example_task_group.py took 0.087 seconds
[2024-09-02T21:51:39.893+0000] {processor.py:161} INFO - Started process (PID=923) to work on /home/airflow/.local/lib/python3.12/site-packages/airflow/example_dags/example_task_group.py
[2024-09-02T21:51:39.894+0000] {processor.py:830} INFO - Processing file /home/airflow/.local/lib/python3.12/site-packages/airflow/example_dags/example_task_group.py for tasks to queue
[2024-09-02T21:51:39.896+0000] {logging_mixin.py:188} INFO - [2024-09-02T21:51:39.896+0000] {dagbag.py:545} INFO - Filling up the DagBag from /home/airflow/.local/lib/python3.12/site-packages/airflow/example_dags/example_task_group.py
[2024-09-02T21:51:39.905+0000] {processor.py:840} INFO - DAG(s) 'example_task_group' retrieved from /home/airflow/.local/lib/python3.12/site-packages/airflow/example_dags/example_task_group.py
[2024-09-02T21:51:39.933+0000] {logging_mixin.py:188} INFO - [2024-09-02T21:51:39.932+0000] {dag.py:3096} INFO - Sync 1 DAGs
[2024-09-02T21:51:39.962+0000] {logging_mixin.py:188} INFO - [2024-09-02T21:51:39.962+0000] {dag.py:3954} INFO - Setting next_dagrun for example_task_group to 2024-09-01 00:00:00+00:00, run_after=2024-09-02 00:00:00+00:00
[2024-09-02T21:51:39.989+0000] {processor.py:183} INFO - Processing /home/airflow/.local/lib/python3.12/site-packages/airflow/example_dags/example_task_group.py took 0.101 seconds
[2024-09-02T21:52:10.939+0000] {processor.py:161} INFO - Started process (PID=983) to work on /home/airflow/.local/lib/python3.12/site-packages/airflow/example_dags/example_task_group.py
[2024-09-02T21:52:10.940+0000] {processor.py:830} INFO - Processing file /home/airflow/.local/lib/python3.12/site-packages/airflow/example_dags/example_task_group.py for tasks to queue
[2024-09-02T21:52:10.942+0000] {logging_mixin.py:188} INFO - [2024-09-02T21:52:10.941+0000] {dagbag.py:545} INFO - Filling up the DagBag from /home/airflow/.local/lib/python3.12/site-packages/airflow/example_dags/example_task_group.py
[2024-09-02T21:52:10.950+0000] {processor.py:840} INFO - DAG(s) 'example_task_group' retrieved from /home/airflow/.local/lib/python3.12/site-packages/airflow/example_dags/example_task_group.py
[2024-09-02T21:52:10.975+0000] {logging_mixin.py:188} INFO - [2024-09-02T21:52:10.975+0000] {dag.py:3096} INFO - Sync 1 DAGs
[2024-09-02T21:52:10.999+0000] {logging_mixin.py:188} INFO - [2024-09-02T21:52:10.999+0000] {dag.py:3954} INFO - Setting next_dagrun for example_task_group to 2024-09-01 00:00:00+00:00, run_after=2024-09-02 00:00:00+00:00
[2024-09-02T21:52:11.020+0000] {processor.py:183} INFO - Processing /home/airflow/.local/lib/python3.12/site-packages/airflow/example_dags/example_task_group.py took 0.086 seconds
[2024-09-02T21:52:41.326+0000] {processor.py:161} INFO - Started process (PID=1043) to work on /home/airflow/.local/lib/python3.12/site-packages/airflow/example_dags/example_task_group.py
[2024-09-02T21:52:41.327+0000] {processor.py:830} INFO - Processing file /home/airflow/.local/lib/python3.12/site-packages/airflow/example_dags/example_task_group.py for tasks to queue
[2024-09-02T21:52:41.329+0000] {logging_mixin.py:188} INFO - [2024-09-02T21:52:41.329+0000] {dagbag.py:545} INFO - Filling up the DagBag from /home/airflow/.local/lib/python3.12/site-packages/airflow/example_dags/example_task_group.py
[2024-09-02T21:52:41.340+0000] {processor.py:840} INFO - DAG(s) 'example_task_group' retrieved from /home/airflow/.local/lib/python3.12/site-packages/airflow/example_dags/example_task_group.py
[2024-09-02T21:52:41.372+0000] {logging_mixin.py:188} INFO - [2024-09-02T21:52:41.372+0000] {dag.py:3096} INFO - Sync 1 DAGs
[2024-09-02T21:52:41.408+0000] {logging_mixin.py:188} INFO - [2024-09-02T21:52:41.407+0000] {dag.py:3954} INFO - Setting next_dagrun for example_task_group to 2024-09-01 00:00:00+00:00, run_after=2024-09-02 00:00:00+00:00
[2024-09-02T21:52:41.432+0000] {processor.py:183} INFO - Processing /home/airflow/.local/lib/python3.12/site-packages/airflow/example_dags/example_task_group.py took 0.113 seconds
[2024-09-02T21:53:11.907+0000] {processor.py:161} INFO - Started process (PID=1103) to work on /home/airflow/.local/lib/python3.12/site-packages/airflow/example_dags/example_task_group.py
[2024-09-02T21:53:11.908+0000] {processor.py:830} INFO - Processing file /home/airflow/.local/lib/python3.12/site-packages/airflow/example_dags/example_task_group.py for tasks to queue
[2024-09-02T21:53:11.911+0000] {logging_mixin.py:188} INFO - [2024-09-02T21:53:11.910+0000] {dagbag.py:545} INFO - Filling up the DagBag from /home/airflow/.local/lib/python3.12/site-packages/airflow/example_dags/example_task_group.py
[2024-09-02T21:53:11.920+0000] {processor.py:840} INFO - DAG(s) 'example_task_group' retrieved from /home/airflow/.local/lib/python3.12/site-packages/airflow/example_dags/example_task_group.py
[2024-09-02T21:53:11.949+0000] {logging_mixin.py:188} INFO - [2024-09-02T21:53:11.949+0000] {dag.py:3096} INFO - Sync 1 DAGs
[2024-09-02T21:53:11.978+0000] {logging_mixin.py:188} INFO - [2024-09-02T21:53:11.978+0000] {dag.py:3954} INFO - Setting next_dagrun for example_task_group to 2024-09-01 00:00:00+00:00, run_after=2024-09-02 00:00:00+00:00
[2024-09-02T21:53:12.003+0000] {processor.py:183} INFO - Processing /home/airflow/.local/lib/python3.12/site-packages/airflow/example_dags/example_task_group.py took 0.103 seconds
[2024-09-02T21:53:42.842+0000] {processor.py:161} INFO - Started process (PID=1163) to work on /home/airflow/.local/lib/python3.12/site-packages/airflow/example_dags/example_task_group.py
[2024-09-02T21:53:42.844+0000] {processor.py:830} INFO - Processing file /home/airflow/.local/lib/python3.12/site-packages/airflow/example_dags/example_task_group.py for tasks to queue
[2024-09-02T21:53:42.850+0000] {logging_mixin.py:188} INFO - [2024-09-02T21:53:42.849+0000] {dagbag.py:545} INFO - Filling up the DagBag from /home/airflow/.local/lib/python3.12/site-packages/airflow/example_dags/example_task_group.py
[2024-09-02T21:53:42.869+0000] {processor.py:840} INFO - DAG(s) 'example_task_group' retrieved from /home/airflow/.local/lib/python3.12/site-packages/airflow/example_dags/example_task_group.py
[2024-09-02T21:53:42.922+0000] {logging_mixin.py:188} INFO - [2024-09-02T21:53:42.922+0000] {dag.py:3096} INFO - Sync 1 DAGs
[2024-09-02T21:53:42.963+0000] {logging_mixin.py:188} INFO - [2024-09-02T21:53:42.963+0000] {dag.py:3954} INFO - Setting next_dagrun for example_task_group to 2024-09-01 00:00:00+00:00, run_after=2024-09-02 00:00:00+00:00
[2024-09-02T21:53:43.002+0000] {processor.py:183} INFO - Processing /home/airflow/.local/lib/python3.12/site-packages/airflow/example_dags/example_task_group.py took 0.174 seconds
[2024-09-02T21:54:13.198+0000] {processor.py:161} INFO - Started process (PID=1224) to work on /home/airflow/.local/lib/python3.12/site-packages/airflow/example_dags/example_task_group.py
[2024-09-02T21:54:13.199+0000] {processor.py:830} INFO - Processing file /home/airflow/.local/lib/python3.12/site-packages/airflow/example_dags/example_task_group.py for tasks to queue
[2024-09-02T21:54:13.201+0000] {logging_mixin.py:188} INFO - [2024-09-02T21:54:13.201+0000] {dagbag.py:545} INFO - Filling up the DagBag from /home/airflow/.local/lib/python3.12/site-packages/airflow/example_dags/example_task_group.py
[2024-09-02T21:54:13.210+0000] {processor.py:840} INFO - DAG(s) 'example_task_group' retrieved from /home/airflow/.local/lib/python3.12/site-packages/airflow/example_dags/example_task_group.py
[2024-09-02T21:54:13.238+0000] {logging_mixin.py:188} INFO - [2024-09-02T21:54:13.238+0000] {dag.py:3096} INFO - Sync 1 DAGs
[2024-09-02T21:54:13.264+0000] {logging_mixin.py:188} INFO - [2024-09-02T21:54:13.264+0000] {dag.py:3954} INFO - Setting next_dagrun for example_task_group to 2024-09-01 00:00:00+00:00, run_after=2024-09-02 00:00:00+00:00
[2024-09-02T21:54:13.288+0000] {processor.py:183} INFO - Processing /home/airflow/.local/lib/python3.12/site-packages/airflow/example_dags/example_task_group.py took 0.097 seconds
[2024-09-02T21:54:44.010+0000] {processor.py:161} INFO - Started process (PID=1284) to work on /home/airflow/.local/lib/python3.12/site-packages/airflow/example_dags/example_task_group.py
[2024-09-02T21:54:44.011+0000] {processor.py:830} INFO - Processing file /home/airflow/.local/lib/python3.12/site-packages/airflow/example_dags/example_task_group.py for tasks to queue
[2024-09-02T21:54:44.013+0000] {logging_mixin.py:188} INFO - [2024-09-02T21:54:44.013+0000] {dagbag.py:545} INFO - Filling up the DagBag from /home/airflow/.local/lib/python3.12/site-packages/airflow/example_dags/example_task_group.py
[2024-09-02T21:54:44.022+0000] {processor.py:840} INFO - DAG(s) 'example_task_group' retrieved from /home/airflow/.local/lib/python3.12/site-packages/airflow/example_dags/example_task_group.py
[2024-09-02T21:54:44.049+0000] {logging_mixin.py:188} INFO - [2024-09-02T21:54:44.049+0000] {dag.py:3096} INFO - Sync 1 DAGs
[2024-09-02T21:54:44.075+0000] {logging_mixin.py:188} INFO - [2024-09-02T21:54:44.075+0000] {dag.py:3954} INFO - Setting next_dagrun for example_task_group to 2024-09-01 00:00:00+00:00, run_after=2024-09-02 00:00:00+00:00
[2024-09-02T21:54:44.096+0000] {processor.py:183} INFO - Processing /home/airflow/.local/lib/python3.12/site-packages/airflow/example_dags/example_task_group.py took 0.093 seconds
[2024-09-02T21:55:14.550+0000] {processor.py:161} INFO - Started process (PID=1346) to work on /home/airflow/.local/lib/python3.12/site-packages/airflow/example_dags/example_task_group.py
[2024-09-02T21:55:14.551+0000] {processor.py:830} INFO - Processing file /home/airflow/.local/lib/python3.12/site-packages/airflow/example_dags/example_task_group.py for tasks to queue
[2024-09-02T21:55:14.554+0000] {logging_mixin.py:188} INFO - [2024-09-02T21:55:14.553+0000] {dagbag.py:545} INFO - Filling up the DagBag from /home/airflow/.local/lib/python3.12/site-packages/airflow/example_dags/example_task_group.py
[2024-09-02T21:55:14.562+0000] {processor.py:840} INFO - DAG(s) 'example_task_group' retrieved from /home/airflow/.local/lib/python3.12/site-packages/airflow/example_dags/example_task_group.py
[2024-09-02T21:55:14.599+0000] {logging_mixin.py:188} INFO - [2024-09-02T21:55:14.598+0000] {dag.py:3096} INFO - Sync 1 DAGs
[2024-09-02T21:55:14.640+0000] {logging_mixin.py:188} INFO - [2024-09-02T21:55:14.639+0000] {dag.py:3954} INFO - Setting next_dagrun for example_task_group to 2024-09-01 00:00:00+00:00, run_after=2024-09-02 00:00:00+00:00
[2024-09-02T21:55:14.663+0000] {processor.py:183} INFO - Processing /home/airflow/.local/lib/python3.12/site-packages/airflow/example_dags/example_task_group.py took 0.120 seconds
[2024-09-02T21:55:45.427+0000] {processor.py:161} INFO - Started process (PID=1408) to work on /home/airflow/.local/lib/python3.12/site-packages/airflow/example_dags/example_task_group.py
[2024-09-02T21:55:45.429+0000] {processor.py:830} INFO - Processing file /home/airflow/.local/lib/python3.12/site-packages/airflow/example_dags/example_task_group.py for tasks to queue
[2024-09-02T21:55:45.433+0000] {logging_mixin.py:188} INFO - [2024-09-02T21:55:45.433+0000] {dagbag.py:545} INFO - Filling up the DagBag from /home/airflow/.local/lib/python3.12/site-packages/airflow/example_dags/example_task_group.py
[2024-09-02T21:55:45.449+0000] {processor.py:840} INFO - DAG(s) 'example_task_group' retrieved from /home/airflow/.local/lib/python3.12/site-packages/airflow/example_dags/example_task_group.py
[2024-09-02T21:55:45.497+0000] {logging_mixin.py:188} INFO - [2024-09-02T21:55:45.497+0000] {dag.py:3096} INFO - Sync 1 DAGs
[2024-09-02T21:55:45.536+0000] {logging_mixin.py:188} INFO - [2024-09-02T21:55:45.536+0000] {dag.py:3954} INFO - Setting next_dagrun for example_task_group to 2024-09-01 00:00:00+00:00, run_after=2024-09-02 00:00:00+00:00
[2024-09-02T21:55:45.565+0000] {processor.py:183} INFO - Processing /home/airflow/.local/lib/python3.12/site-packages/airflow/example_dags/example_task_group.py took 0.153 seconds
[2024-09-02T21:56:16.455+0000] {processor.py:161} INFO - Started process (PID=1471) to work on /home/airflow/.local/lib/python3.12/site-packages/airflow/example_dags/example_task_group.py
[2024-09-02T21:56:16.457+0000] {processor.py:830} INFO - Processing file /home/airflow/.local/lib/python3.12/site-packages/airflow/example_dags/example_task_group.py for tasks to queue
[2024-09-02T21:56:16.462+0000] {logging_mixin.py:188} INFO - [2024-09-02T21:56:16.461+0000] {dagbag.py:545} INFO - Filling up the DagBag from /home/airflow/.local/lib/python3.12/site-packages/airflow/example_dags/example_task_group.py
[2024-09-02T21:56:16.475+0000] {processor.py:840} INFO - DAG(s) 'example_task_group' retrieved from /home/airflow/.local/lib/python3.12/site-packages/airflow/example_dags/example_task_group.py
[2024-09-02T21:56:17.062+0000] {logging_mixin.py:188} INFO - [2024-09-02T21:56:17.061+0000] {process_utils.py:263} INFO - Waiting up to 5 seconds for processes to exit...
