[2024-09-02T21:35:00.406+0000] {processor.py:161} INFO - Started process (PID=84) to work on /home/airflow/.local/lib/python3.12/site-packages/airflow/example_dags/example_branch_labels.py
[2024-09-02T21:35:00.410+0000] {processor.py:830} INFO - Processing file /home/airflow/.local/lib/python3.12/site-packages/airflow/example_dags/example_branch_labels.py for tasks to queue
[2024-09-02T21:35:00.416+0000] {logging_mixin.py:188} INFO - [2024-09-02T21:35:00.415+0000] {dagbag.py:545} INFO - Filling up the DagBag from /home/airflow/.local/lib/python3.12/site-packages/airflow/example_dags/example_branch_labels.py
[2024-09-02T21:35:00.472+0000] {processor.py:840} INFO - DAG(s) 'example_branch_labels' retrieved from /home/airflow/.local/lib/python3.12/site-packages/airflow/example_dags/example_branch_labels.py
[2024-09-02T21:35:01.037+0000] {logging_mixin.py:188} INFO - [2024-09-02T21:35:01.035+0000] {override.py:1829} INFO - Created Permission View: can edit on DAG:example_branch_labels
[2024-09-02T21:35:01.096+0000] {logging_mixin.py:188} INFO - [2024-09-02T21:35:01.095+0000] {override.py:1829} INFO - Created Permission View: can delete on DAG:example_branch_labels
[2024-09-02T21:35:01.163+0000] {logging_mixin.py:188} INFO - [2024-09-02T21:35:01.162+0000] {override.py:1829} INFO - Created Permission View: can read on DAG:example_branch_labels
[2024-09-02T21:35:01.165+0000] {logging_mixin.py:188} INFO - [2024-09-02T21:35:01.165+0000] {dag.py:3096} INFO - Sync 1 DAGs
[2024-09-02T21:35:01.227+0000] {logging_mixin.py:188} INFO - [2024-09-02T21:35:01.226+0000] {dag.py:3118} INFO - Creating ORM DAG for example_branch_labels
[2024-09-02T21:35:01.306+0000] {logging_mixin.py:188} INFO - [2024-09-02T21:35:01.305+0000] {dag.py:3954} INFO - Setting next_dagrun for example_branch_labels to 2024-09-01 00:00:00+00:00, run_after=2024-09-02 00:00:00+00:00
[2024-09-02T21:35:01.523+0000] {processor.py:183} INFO - Processing /home/airflow/.local/lib/python3.12/site-packages/airflow/example_dags/example_branch_labels.py took 1.165 seconds
[2024-09-02T21:35:34.667+0000] {processor.py:161} INFO - Started process (PID=143) to work on /home/airflow/.local/lib/python3.12/site-packages/airflow/example_dags/example_branch_labels.py
[2024-09-02T21:35:34.673+0000] {processor.py:830} INFO - Processing file /home/airflow/.local/lib/python3.12/site-packages/airflow/example_dags/example_branch_labels.py for tasks to queue
[2024-09-02T21:35:34.701+0000] {logging_mixin.py:188} INFO - [2024-09-02T21:35:34.700+0000] {dagbag.py:545} INFO - Filling up the DagBag from /home/airflow/.local/lib/python3.12/site-packages/airflow/example_dags/example_branch_labels.py
[2024-09-02T21:35:34.758+0000] {processor.py:840} INFO - DAG(s) 'example_branch_labels' retrieved from /home/airflow/.local/lib/python3.12/site-packages/airflow/example_dags/example_branch_labels.py
[2024-09-02T21:35:34.953+0000] {logging_mixin.py:188} INFO - [2024-09-02T21:35:34.936+0000] {dag.py:3096} INFO - Sync 1 DAGs
[2024-09-02T21:35:35.120+0000] {logging_mixin.py:188} INFO - [2024-09-02T21:35:35.119+0000] {dag.py:3954} INFO - Setting next_dagrun for example_branch_labels to 2024-09-01 00:00:00+00:00, run_after=2024-09-02 00:00:00+00:00
[2024-09-02T21:35:35.264+0000] {processor.py:183} INFO - Processing /home/airflow/.local/lib/python3.12/site-packages/airflow/example_dags/example_branch_labels.py took 0.653 seconds
[2024-09-02T21:36:05.469+0000] {processor.py:161} INFO - Started process (PID=201) to work on /home/airflow/.local/lib/python3.12/site-packages/airflow/example_dags/example_branch_labels.py
[2024-09-02T21:36:05.473+0000] {processor.py:830} INFO - Processing file /home/airflow/.local/lib/python3.12/site-packages/airflow/example_dags/example_branch_labels.py for tasks to queue
[2024-09-02T21:36:05.487+0000] {logging_mixin.py:188} INFO - [2024-09-02T21:36:05.486+0000] {dagbag.py:545} INFO - Filling up the DagBag from /home/airflow/.local/lib/python3.12/site-packages/airflow/example_dags/example_branch_labels.py
[2024-09-02T21:36:05.536+0000] {processor.py:840} INFO - DAG(s) 'example_branch_labels' retrieved from /home/airflow/.local/lib/python3.12/site-packages/airflow/example_dags/example_branch_labels.py
[2024-09-02T21:36:05.652+0000] {logging_mixin.py:188} INFO - [2024-09-02T21:36:05.651+0000] {dag.py:3096} INFO - Sync 1 DAGs
[2024-09-02T21:36:05.793+0000] {logging_mixin.py:188} INFO - [2024-09-02T21:36:05.792+0000] {dag.py:3954} INFO - Setting next_dagrun for example_branch_labels to 2024-09-01 00:00:00+00:00, run_after=2024-09-02 00:00:00+00:00
[2024-09-02T21:36:05.909+0000] {processor.py:183} INFO - Processing /home/airflow/.local/lib/python3.12/site-packages/airflow/example_dags/example_branch_labels.py took 0.476 seconds
[2024-09-02T21:38:35.704+0000] {processor.py:161} INFO - Started process (PID=75) to work on /home/airflow/.local/lib/python3.12/site-packages/airflow/example_dags/example_branch_labels.py
[2024-09-02T21:38:35.707+0000] {processor.py:830} INFO - Processing file /home/airflow/.local/lib/python3.12/site-packages/airflow/example_dags/example_branch_labels.py for tasks to queue
[2024-09-02T21:38:35.713+0000] {logging_mixin.py:188} INFO - [2024-09-02T21:38:35.712+0000] {dagbag.py:545} INFO - Filling up the DagBag from /home/airflow/.local/lib/python3.12/site-packages/airflow/example_dags/example_branch_labels.py
[2024-09-02T21:38:35.754+0000] {processor.py:840} INFO - DAG(s) 'example_branch_labels' retrieved from /home/airflow/.local/lib/python3.12/site-packages/airflow/example_dags/example_branch_labels.py
[2024-09-02T21:38:36.100+0000] {logging_mixin.py:188} INFO - [2024-09-02T21:38:36.099+0000] {override.py:1829} INFO - Created Permission View: can edit on DAG:example_branch_labels
[2024-09-02T21:38:36.133+0000] {logging_mixin.py:188} INFO - [2024-09-02T21:38:36.133+0000] {override.py:1829} INFO - Created Permission View: can read on DAG:example_branch_labels
[2024-09-02T21:38:36.149+0000] {logging_mixin.py:188} INFO - [2024-09-02T21:38:36.149+0000] {override.py:1829} INFO - Created Permission View: can delete on DAG:example_branch_labels
[2024-09-02T21:38:36.151+0000] {logging_mixin.py:188} INFO - [2024-09-02T21:38:36.150+0000] {dag.py:3096} INFO - Sync 1 DAGs
[2024-09-02T21:38:36.188+0000] {logging_mixin.py:188} INFO - [2024-09-02T21:38:36.187+0000] {dag.py:3118} INFO - Creating ORM DAG for example_branch_labels
[2024-09-02T21:38:36.218+0000] {logging_mixin.py:188} INFO - [2024-09-02T21:38:36.217+0000] {dag.py:3954} INFO - Setting next_dagrun for example_branch_labels to 2024-09-01 00:00:00+00:00, run_after=2024-09-02 00:00:00+00:00
[2024-09-02T21:38:36.258+0000] {processor.py:183} INFO - Processing /home/airflow/.local/lib/python3.12/site-packages/airflow/example_dags/example_branch_labels.py took 0.572 seconds
[2024-09-02T21:39:06.334+0000] {processor.py:161} INFO - Started process (PID=136) to work on /home/airflow/.local/lib/python3.12/site-packages/airflow/example_dags/example_branch_labels.py
[2024-09-02T21:39:06.336+0000] {processor.py:830} INFO - Processing file /home/airflow/.local/lib/python3.12/site-packages/airflow/example_dags/example_branch_labels.py for tasks to queue
[2024-09-02T21:39:06.340+0000] {logging_mixin.py:188} INFO - [2024-09-02T21:39:06.339+0000] {dagbag.py:545} INFO - Filling up the DagBag from /home/airflow/.local/lib/python3.12/site-packages/airflow/example_dags/example_branch_labels.py
[2024-09-02T21:39:06.359+0000] {processor.py:840} INFO - DAG(s) 'example_branch_labels' retrieved from /home/airflow/.local/lib/python3.12/site-packages/airflow/example_dags/example_branch_labels.py
[2024-09-02T21:39:06.399+0000] {logging_mixin.py:188} INFO - [2024-09-02T21:39:06.399+0000] {dag.py:3096} INFO - Sync 1 DAGs
[2024-09-02T21:39:06.433+0000] {logging_mixin.py:188} INFO - [2024-09-02T21:39:06.432+0000] {dag.py:3954} INFO - Setting next_dagrun for example_branch_labels to 2024-09-01 00:00:00+00:00, run_after=2024-09-02 00:00:00+00:00
[2024-09-02T21:39:06.458+0000] {processor.py:183} INFO - Processing /home/airflow/.local/lib/python3.12/site-packages/airflow/example_dags/example_branch_labels.py took 0.134 seconds
[2024-09-02T21:39:36.607+0000] {processor.py:161} INFO - Started process (PID=194) to work on /home/airflow/.local/lib/python3.12/site-packages/airflow/example_dags/example_branch_labels.py
[2024-09-02T21:39:36.609+0000] {processor.py:830} INFO - Processing file /home/airflow/.local/lib/python3.12/site-packages/airflow/example_dags/example_branch_labels.py for tasks to queue
[2024-09-02T21:39:36.612+0000] {logging_mixin.py:188} INFO - [2024-09-02T21:39:36.611+0000] {dagbag.py:545} INFO - Filling up the DagBag from /home/airflow/.local/lib/python3.12/site-packages/airflow/example_dags/example_branch_labels.py
[2024-09-02T21:39:36.626+0000] {processor.py:840} INFO - DAG(s) 'example_branch_labels' retrieved from /home/airflow/.local/lib/python3.12/site-packages/airflow/example_dags/example_branch_labels.py
[2024-09-02T21:39:36.659+0000] {logging_mixin.py:188} INFO - [2024-09-02T21:39:36.658+0000] {dag.py:3096} INFO - Sync 1 DAGs
[2024-09-02T21:39:36.695+0000] {logging_mixin.py:188} INFO - [2024-09-02T21:39:36.695+0000] {dag.py:3954} INFO - Setting next_dagrun for example_branch_labels to 2024-09-01 00:00:00+00:00, run_after=2024-09-02 00:00:00+00:00
[2024-09-02T21:39:36.732+0000] {processor.py:183} INFO - Processing /home/airflow/.local/lib/python3.12/site-packages/airflow/example_dags/example_branch_labels.py took 0.134 seconds
[2024-09-02T21:40:07.196+0000] {processor.py:161} INFO - Started process (PID=254) to work on /home/airflow/.local/lib/python3.12/site-packages/airflow/example_dags/example_branch_labels.py
[2024-09-02T21:40:07.198+0000] {processor.py:830} INFO - Processing file /home/airflow/.local/lib/python3.12/site-packages/airflow/example_dags/example_branch_labels.py for tasks to queue
[2024-09-02T21:40:07.202+0000] {logging_mixin.py:188} INFO - [2024-09-02T21:40:07.202+0000] {dagbag.py:545} INFO - Filling up the DagBag from /home/airflow/.local/lib/python3.12/site-packages/airflow/example_dags/example_branch_labels.py
[2024-09-02T21:40:07.220+0000] {processor.py:840} INFO - DAG(s) 'example_branch_labels' retrieved from /home/airflow/.local/lib/python3.12/site-packages/airflow/example_dags/example_branch_labels.py
[2024-09-02T21:40:07.258+0000] {logging_mixin.py:188} INFO - [2024-09-02T21:40:07.258+0000] {dag.py:3096} INFO - Sync 1 DAGs
[2024-09-02T21:40:07.292+0000] {logging_mixin.py:188} INFO - [2024-09-02T21:40:07.292+0000] {dag.py:3954} INFO - Setting next_dagrun for example_branch_labels to 2024-09-01 00:00:00+00:00, run_after=2024-09-02 00:00:00+00:00
[2024-09-02T21:40:07.313+0000] {processor.py:183} INFO - Processing /home/airflow/.local/lib/python3.12/site-packages/airflow/example_dags/example_branch_labels.py took 0.133 seconds
[2024-09-02T21:40:37.398+0000] {processor.py:161} INFO - Started process (PID=314) to work on /home/airflow/.local/lib/python3.12/site-packages/airflow/example_dags/example_branch_labels.py
[2024-09-02T21:40:37.399+0000] {processor.py:830} INFO - Processing file /home/airflow/.local/lib/python3.12/site-packages/airflow/example_dags/example_branch_labels.py for tasks to queue
[2024-09-02T21:40:37.402+0000] {logging_mixin.py:188} INFO - [2024-09-02T21:40:37.401+0000] {dagbag.py:545} INFO - Filling up the DagBag from /home/airflow/.local/lib/python3.12/site-packages/airflow/example_dags/example_branch_labels.py
[2024-09-02T21:40:37.410+0000] {processor.py:840} INFO - DAG(s) 'example_branch_labels' retrieved from /home/airflow/.local/lib/python3.12/site-packages/airflow/example_dags/example_branch_labels.py
[2024-09-02T21:40:37.433+0000] {logging_mixin.py:188} INFO - [2024-09-02T21:40:37.433+0000] {dag.py:3096} INFO - Sync 1 DAGs
[2024-09-02T21:40:37.456+0000] {logging_mixin.py:188} INFO - [2024-09-02T21:40:37.456+0000] {dag.py:3954} INFO - Setting next_dagrun for example_branch_labels to 2024-09-01 00:00:00+00:00, run_after=2024-09-02 00:00:00+00:00
[2024-09-02T21:40:37.474+0000] {processor.py:183} INFO - Processing /home/airflow/.local/lib/python3.12/site-packages/airflow/example_dags/example_branch_labels.py took 0.083 seconds
[2024-09-02T21:41:07.793+0000] {processor.py:161} INFO - Started process (PID=374) to work on /home/airflow/.local/lib/python3.12/site-packages/airflow/example_dags/example_branch_labels.py
[2024-09-02T21:41:07.795+0000] {processor.py:830} INFO - Processing file /home/airflow/.local/lib/python3.12/site-packages/airflow/example_dags/example_branch_labels.py for tasks to queue
[2024-09-02T21:41:07.799+0000] {logging_mixin.py:188} INFO - [2024-09-02T21:41:07.798+0000] {dagbag.py:545} INFO - Filling up the DagBag from /home/airflow/.local/lib/python3.12/site-packages/airflow/example_dags/example_branch_labels.py
[2024-09-02T21:41:07.809+0000] {processor.py:840} INFO - DAG(s) 'example_branch_labels' retrieved from /home/airflow/.local/lib/python3.12/site-packages/airflow/example_dags/example_branch_labels.py
[2024-09-02T21:41:07.834+0000] {logging_mixin.py:188} INFO - [2024-09-02T21:41:07.834+0000] {dag.py:3096} INFO - Sync 1 DAGs
[2024-09-02T21:41:07.866+0000] {logging_mixin.py:188} INFO - [2024-09-02T21:41:07.865+0000] {dag.py:3954} INFO - Setting next_dagrun for example_branch_labels to 2024-09-01 00:00:00+00:00, run_after=2024-09-02 00:00:00+00:00
[2024-09-02T21:41:07.904+0000] {processor.py:183} INFO - Processing /home/airflow/.local/lib/python3.12/site-packages/airflow/example_dags/example_branch_labels.py took 0.123 seconds
[2024-09-02T21:44:29.420+0000] {processor.py:161} INFO - Started process (PID=76) to work on /home/airflow/.local/lib/python3.12/site-packages/airflow/example_dags/example_branch_labels.py
[2024-09-02T21:44:29.427+0000] {processor.py:830} INFO - Processing file /home/airflow/.local/lib/python3.12/site-packages/airflow/example_dags/example_branch_labels.py for tasks to queue
[2024-09-02T21:44:29.435+0000] {logging_mixin.py:188} INFO - [2024-09-02T21:44:29.434+0000] {dagbag.py:545} INFO - Filling up the DagBag from /home/airflow/.local/lib/python3.12/site-packages/airflow/example_dags/example_branch_labels.py
[2024-09-02T21:44:29.464+0000] {processor.py:840} INFO - DAG(s) 'example_branch_labels' retrieved from /home/airflow/.local/lib/python3.12/site-packages/airflow/example_dags/example_branch_labels.py
[2024-09-02T21:44:29.847+0000] {logging_mixin.py:188} INFO - [2024-09-02T21:44:29.846+0000] {override.py:1829} INFO - Created Permission View: can read on DAG:example_branch_labels
[2024-09-02T21:44:29.873+0000] {logging_mixin.py:188} INFO - [2024-09-02T21:44:29.872+0000] {override.py:1829} INFO - Created Permission View: can delete on DAG:example_branch_labels
[2024-09-02T21:44:29.889+0000] {logging_mixin.py:188} INFO - [2024-09-02T21:44:29.889+0000] {override.py:1829} INFO - Created Permission View: can edit on DAG:example_branch_labels
[2024-09-02T21:44:29.891+0000] {logging_mixin.py:188} INFO - [2024-09-02T21:44:29.891+0000] {dag.py:3096} INFO - Sync 1 DAGs
[2024-09-02T21:44:29.915+0000] {logging_mixin.py:188} INFO - [2024-09-02T21:44:29.915+0000] {dag.py:3118} INFO - Creating ORM DAG for example_branch_labels
[2024-09-02T21:44:29.943+0000] {logging_mixin.py:188} INFO - [2024-09-02T21:44:29.943+0000] {dag.py:3954} INFO - Setting next_dagrun for example_branch_labels to 2024-09-01 00:00:00+00:00, run_after=2024-09-02 00:00:00+00:00
[2024-09-02T21:44:29.975+0000] {processor.py:183} INFO - Processing /home/airflow/.local/lib/python3.12/site-packages/airflow/example_dags/example_branch_labels.py took 0.578 seconds
[2024-09-02T21:45:00.430+0000] {processor.py:161} INFO - Started process (PID=136) to work on /home/airflow/.local/lib/python3.12/site-packages/airflow/example_dags/example_branch_labels.py
[2024-09-02T21:45:00.432+0000] {processor.py:830} INFO - Processing file /home/airflow/.local/lib/python3.12/site-packages/airflow/example_dags/example_branch_labels.py for tasks to queue
[2024-09-02T21:45:00.434+0000] {logging_mixin.py:188} INFO - [2024-09-02T21:45:00.434+0000] {dagbag.py:545} INFO - Filling up the DagBag from /home/airflow/.local/lib/python3.12/site-packages/airflow/example_dags/example_branch_labels.py
[2024-09-02T21:45:00.444+0000] {processor.py:840} INFO - DAG(s) 'example_branch_labels' retrieved from /home/airflow/.local/lib/python3.12/site-packages/airflow/example_dags/example_branch_labels.py
[2024-09-02T21:45:00.469+0000] {logging_mixin.py:188} INFO - [2024-09-02T21:45:00.469+0000] {dag.py:3096} INFO - Sync 1 DAGs
[2024-09-02T21:45:00.504+0000] {logging_mixin.py:188} INFO - [2024-09-02T21:45:00.504+0000] {dag.py:3954} INFO - Setting next_dagrun for example_branch_labels to 2024-09-01 00:00:00+00:00, run_after=2024-09-02 00:00:00+00:00
[2024-09-02T21:45:00.542+0000] {processor.py:183} INFO - Processing /home/airflow/.local/lib/python3.12/site-packages/airflow/example_dags/example_branch_labels.py took 0.122 seconds
[2024-09-02T21:45:31.197+0000] {processor.py:161} INFO - Started process (PID=196) to work on /home/airflow/.local/lib/python3.12/site-packages/airflow/example_dags/example_branch_labels.py
[2024-09-02T21:45:31.198+0000] {processor.py:830} INFO - Processing file /home/airflow/.local/lib/python3.12/site-packages/airflow/example_dags/example_branch_labels.py for tasks to queue
[2024-09-02T21:45:31.201+0000] {logging_mixin.py:188} INFO - [2024-09-02T21:45:31.200+0000] {dagbag.py:545} INFO - Filling up the DagBag from /home/airflow/.local/lib/python3.12/site-packages/airflow/example_dags/example_branch_labels.py
[2024-09-02T21:45:31.209+0000] {processor.py:840} INFO - DAG(s) 'example_branch_labels' retrieved from /home/airflow/.local/lib/python3.12/site-packages/airflow/example_dags/example_branch_labels.py
[2024-09-02T21:45:31.235+0000] {logging_mixin.py:188} INFO - [2024-09-02T21:45:31.235+0000] {dag.py:3096} INFO - Sync 1 DAGs
[2024-09-02T21:45:31.262+0000] {logging_mixin.py:188} INFO - [2024-09-02T21:45:31.262+0000] {dag.py:3954} INFO - Setting next_dagrun for example_branch_labels to 2024-09-01 00:00:00+00:00, run_after=2024-09-02 00:00:00+00:00
[2024-09-02T21:45:31.284+0000] {processor.py:183} INFO - Processing /home/airflow/.local/lib/python3.12/site-packages/airflow/example_dags/example_branch_labels.py took 0.095 seconds
[2024-09-02T21:46:01.352+0000] {processor.py:161} INFO - Started process (PID=255) to work on /home/airflow/.local/lib/python3.12/site-packages/airflow/example_dags/example_branch_labels.py
[2024-09-02T21:46:01.353+0000] {processor.py:830} INFO - Processing file /home/airflow/.local/lib/python3.12/site-packages/airflow/example_dags/example_branch_labels.py for tasks to queue
[2024-09-02T21:46:01.355+0000] {logging_mixin.py:188} INFO - [2024-09-02T21:46:01.355+0000] {dagbag.py:545} INFO - Filling up the DagBag from /home/airflow/.local/lib/python3.12/site-packages/airflow/example_dags/example_branch_labels.py
[2024-09-02T21:46:01.366+0000] {processor.py:840} INFO - DAG(s) 'example_branch_labels' retrieved from /home/airflow/.local/lib/python3.12/site-packages/airflow/example_dags/example_branch_labels.py
[2024-09-02T21:46:01.396+0000] {logging_mixin.py:188} INFO - [2024-09-02T21:46:01.396+0000] {dag.py:3096} INFO - Sync 1 DAGs
[2024-09-02T21:46:01.429+0000] {logging_mixin.py:188} INFO - [2024-09-02T21:46:01.429+0000] {dag.py:3954} INFO - Setting next_dagrun for example_branch_labels to 2024-09-01 00:00:00+00:00, run_after=2024-09-02 00:00:00+00:00
[2024-09-02T21:46:01.463+0000] {processor.py:183} INFO - Processing /home/airflow/.local/lib/python3.12/site-packages/airflow/example_dags/example_branch_labels.py took 0.119 seconds
[2024-09-02T21:46:31.815+0000] {processor.py:161} INFO - Started process (PID=315) to work on /home/airflow/.local/lib/python3.12/site-packages/airflow/example_dags/example_branch_labels.py
[2024-09-02T21:46:31.817+0000] {processor.py:830} INFO - Processing file /home/airflow/.local/lib/python3.12/site-packages/airflow/example_dags/example_branch_labels.py for tasks to queue
[2024-09-02T21:46:31.822+0000] {logging_mixin.py:188} INFO - [2024-09-02T21:46:31.821+0000] {dagbag.py:545} INFO - Filling up the DagBag from /home/airflow/.local/lib/python3.12/site-packages/airflow/example_dags/example_branch_labels.py
[2024-09-02T21:46:31.839+0000] {processor.py:840} INFO - DAG(s) 'example_branch_labels' retrieved from /home/airflow/.local/lib/python3.12/site-packages/airflow/example_dags/example_branch_labels.py
[2024-09-02T21:46:31.882+0000] {logging_mixin.py:188} INFO - [2024-09-02T21:46:31.882+0000] {dag.py:3096} INFO - Sync 1 DAGs
[2024-09-02T21:46:31.928+0000] {logging_mixin.py:188} INFO - [2024-09-02T21:46:31.928+0000] {dag.py:3954} INFO - Setting next_dagrun for example_branch_labels to 2024-09-01 00:00:00+00:00, run_after=2024-09-02 00:00:00+00:00
[2024-09-02T21:46:31.963+0000] {processor.py:183} INFO - Processing /home/airflow/.local/lib/python3.12/site-packages/airflow/example_dags/example_branch_labels.py took 0.163 seconds
[2024-09-02T21:47:02.223+0000] {processor.py:161} INFO - Started process (PID=377) to work on /home/airflow/.local/lib/python3.12/site-packages/airflow/example_dags/example_branch_labels.py
[2024-09-02T21:47:02.224+0000] {processor.py:830} INFO - Processing file /home/airflow/.local/lib/python3.12/site-packages/airflow/example_dags/example_branch_labels.py for tasks to queue
[2024-09-02T21:47:02.228+0000] {logging_mixin.py:188} INFO - [2024-09-02T21:47:02.227+0000] {dagbag.py:545} INFO - Filling up the DagBag from /home/airflow/.local/lib/python3.12/site-packages/airflow/example_dags/example_branch_labels.py
[2024-09-02T21:47:02.245+0000] {processor.py:840} INFO - DAG(s) 'example_branch_labels' retrieved from /home/airflow/.local/lib/python3.12/site-packages/airflow/example_dags/example_branch_labels.py
[2024-09-02T21:47:02.285+0000] {logging_mixin.py:188} INFO - [2024-09-02T21:47:02.285+0000] {dag.py:3096} INFO - Sync 1 DAGs
[2024-09-02T21:47:02.333+0000] {logging_mixin.py:188} INFO - [2024-09-02T21:47:02.333+0000] {dag.py:3954} INFO - Setting next_dagrun for example_branch_labels to 2024-09-01 00:00:00+00:00, run_after=2024-09-02 00:00:00+00:00
[2024-09-02T21:47:02.403+0000] {processor.py:183} INFO - Processing /home/airflow/.local/lib/python3.12/site-packages/airflow/example_dags/example_branch_labels.py took 0.190 seconds
[2024-09-02T21:47:32.527+0000] {processor.py:161} INFO - Started process (PID=437) to work on /home/airflow/.local/lib/python3.12/site-packages/airflow/example_dags/example_branch_labels.py
[2024-09-02T21:47:32.528+0000] {processor.py:830} INFO - Processing file /home/airflow/.local/lib/python3.12/site-packages/airflow/example_dags/example_branch_labels.py for tasks to queue
[2024-09-02T21:47:32.530+0000] {logging_mixin.py:188} INFO - [2024-09-02T21:47:32.530+0000] {dagbag.py:545} INFO - Filling up the DagBag from /home/airflow/.local/lib/python3.12/site-packages/airflow/example_dags/example_branch_labels.py
[2024-09-02T21:47:32.538+0000] {processor.py:840} INFO - DAG(s) 'example_branch_labels' retrieved from /home/airflow/.local/lib/python3.12/site-packages/airflow/example_dags/example_branch_labels.py
[2024-09-02T21:47:32.563+0000] {logging_mixin.py:188} INFO - [2024-09-02T21:47:32.563+0000] {dag.py:3096} INFO - Sync 1 DAGs
[2024-09-02T21:47:32.590+0000] {logging_mixin.py:188} INFO - [2024-09-02T21:47:32.590+0000] {dag.py:3954} INFO - Setting next_dagrun for example_branch_labels to 2024-09-01 00:00:00+00:00, run_after=2024-09-02 00:00:00+00:00
[2024-09-02T21:47:32.613+0000] {processor.py:183} INFO - Processing /home/airflow/.local/lib/python3.12/site-packages/airflow/example_dags/example_branch_labels.py took 0.092 seconds
[2024-09-02T21:48:02.688+0000] {processor.py:161} INFO - Started process (PID=497) to work on /home/airflow/.local/lib/python3.12/site-packages/airflow/example_dags/example_branch_labels.py
[2024-09-02T21:48:02.688+0000] {processor.py:830} INFO - Processing file /home/airflow/.local/lib/python3.12/site-packages/airflow/example_dags/example_branch_labels.py for tasks to queue
[2024-09-02T21:48:02.690+0000] {logging_mixin.py:188} INFO - [2024-09-02T21:48:02.690+0000] {dagbag.py:545} INFO - Filling up the DagBag from /home/airflow/.local/lib/python3.12/site-packages/airflow/example_dags/example_branch_labels.py
[2024-09-02T21:48:02.699+0000] {processor.py:840} INFO - DAG(s) 'example_branch_labels' retrieved from /home/airflow/.local/lib/python3.12/site-packages/airflow/example_dags/example_branch_labels.py
[2024-09-02T21:48:02.725+0000] {logging_mixin.py:188} INFO - [2024-09-02T21:48:02.725+0000] {dag.py:3096} INFO - Sync 1 DAGs
[2024-09-02T21:48:02.750+0000] {logging_mixin.py:188} INFO - [2024-09-02T21:48:02.750+0000] {dag.py:3954} INFO - Setting next_dagrun for example_branch_labels to 2024-09-01 00:00:00+00:00, run_after=2024-09-02 00:00:00+00:00
[2024-09-02T21:48:02.774+0000] {processor.py:183} INFO - Processing /home/airflow/.local/lib/python3.12/site-packages/airflow/example_dags/example_branch_labels.py took 0.092 seconds
[2024-09-02T21:48:32.995+0000] {processor.py:161} INFO - Started process (PID=557) to work on /home/airflow/.local/lib/python3.12/site-packages/airflow/example_dags/example_branch_labels.py
[2024-09-02T21:48:32.997+0000] {processor.py:830} INFO - Processing file /home/airflow/.local/lib/python3.12/site-packages/airflow/example_dags/example_branch_labels.py for tasks to queue
[2024-09-02T21:48:32.999+0000] {logging_mixin.py:188} INFO - [2024-09-02T21:48:32.999+0000] {dagbag.py:545} INFO - Filling up the DagBag from /home/airflow/.local/lib/python3.12/site-packages/airflow/example_dags/example_branch_labels.py
[2024-09-02T21:48:33.009+0000] {processor.py:840} INFO - DAG(s) 'example_branch_labels' retrieved from /home/airflow/.local/lib/python3.12/site-packages/airflow/example_dags/example_branch_labels.py
[2024-09-02T21:48:33.035+0000] {logging_mixin.py:188} INFO - [2024-09-02T21:48:33.034+0000] {dag.py:3096} INFO - Sync 1 DAGs
[2024-09-02T21:48:33.058+0000] {logging_mixin.py:188} INFO - [2024-09-02T21:48:33.058+0000] {dag.py:3954} INFO - Setting next_dagrun for example_branch_labels to 2024-09-01 00:00:00+00:00, run_after=2024-09-02 00:00:00+00:00
[2024-09-02T21:48:33.081+0000] {processor.py:183} INFO - Processing /home/airflow/.local/lib/python3.12/site-packages/airflow/example_dags/example_branch_labels.py took 0.091 seconds
[2024-09-02T21:49:03.554+0000] {processor.py:161} INFO - Started process (PID=617) to work on /home/airflow/.local/lib/python3.12/site-packages/airflow/example_dags/example_branch_labels.py
[2024-09-02T21:49:03.555+0000] {processor.py:830} INFO - Processing file /home/airflow/.local/lib/python3.12/site-packages/airflow/example_dags/example_branch_labels.py for tasks to queue
[2024-09-02T21:49:03.557+0000] {logging_mixin.py:188} INFO - [2024-09-02T21:49:03.557+0000] {dagbag.py:545} INFO - Filling up the DagBag from /home/airflow/.local/lib/python3.12/site-packages/airflow/example_dags/example_branch_labels.py
[2024-09-02T21:49:03.566+0000] {processor.py:840} INFO - DAG(s) 'example_branch_labels' retrieved from /home/airflow/.local/lib/python3.12/site-packages/airflow/example_dags/example_branch_labels.py
[2024-09-02T21:49:03.593+0000] {logging_mixin.py:188} INFO - [2024-09-02T21:49:03.593+0000] {dag.py:3096} INFO - Sync 1 DAGs
[2024-09-02T21:49:03.621+0000] {logging_mixin.py:188} INFO - [2024-09-02T21:49:03.620+0000] {dag.py:3954} INFO - Setting next_dagrun for example_branch_labels to 2024-09-01 00:00:00+00:00, run_after=2024-09-02 00:00:00+00:00
[2024-09-02T21:49:03.646+0000] {processor.py:183} INFO - Processing /home/airflow/.local/lib/python3.12/site-packages/airflow/example_dags/example_branch_labels.py took 0.096 seconds
[2024-09-02T21:49:34.472+0000] {processor.py:161} INFO - Started process (PID=677) to work on /home/airflow/.local/lib/python3.12/site-packages/airflow/example_dags/example_branch_labels.py
[2024-09-02T21:49:34.474+0000] {processor.py:830} INFO - Processing file /home/airflow/.local/lib/python3.12/site-packages/airflow/example_dags/example_branch_labels.py for tasks to queue
[2024-09-02T21:49:34.476+0000] {logging_mixin.py:188} INFO - [2024-09-02T21:49:34.475+0000] {dagbag.py:545} INFO - Filling up the DagBag from /home/airflow/.local/lib/python3.12/site-packages/airflow/example_dags/example_branch_labels.py
[2024-09-02T21:49:34.488+0000] {processor.py:840} INFO - DAG(s) 'example_branch_labels' retrieved from /home/airflow/.local/lib/python3.12/site-packages/airflow/example_dags/example_branch_labels.py
[2024-09-02T21:49:34.524+0000] {logging_mixin.py:188} INFO - [2024-09-02T21:49:34.524+0000] {dag.py:3096} INFO - Sync 1 DAGs
[2024-09-02T21:49:34.569+0000] {logging_mixin.py:188} INFO - [2024-09-02T21:49:34.568+0000] {dag.py:3954} INFO - Setting next_dagrun for example_branch_labels to 2024-09-01 00:00:00+00:00, run_after=2024-09-02 00:00:00+00:00
[2024-09-02T21:49:34.596+0000] {processor.py:183} INFO - Processing /home/airflow/.local/lib/python3.12/site-packages/airflow/example_dags/example_branch_labels.py took 0.131 seconds
[2024-09-02T21:50:05.181+0000] {processor.py:161} INFO - Started process (PID=737) to work on /home/airflow/.local/lib/python3.12/site-packages/airflow/example_dags/example_branch_labels.py
[2024-09-02T21:50:05.182+0000] {processor.py:830} INFO - Processing file /home/airflow/.local/lib/python3.12/site-packages/airflow/example_dags/example_branch_labels.py for tasks to queue
[2024-09-02T21:50:05.185+0000] {logging_mixin.py:188} INFO - [2024-09-02T21:50:05.185+0000] {dagbag.py:545} INFO - Filling up the DagBag from /home/airflow/.local/lib/python3.12/site-packages/airflow/example_dags/example_branch_labels.py
[2024-09-02T21:50:05.194+0000] {processor.py:840} INFO - DAG(s) 'example_branch_labels' retrieved from /home/airflow/.local/lib/python3.12/site-packages/airflow/example_dags/example_branch_labels.py
[2024-09-02T21:50:05.221+0000] {logging_mixin.py:188} INFO - [2024-09-02T21:50:05.221+0000] {dag.py:3096} INFO - Sync 1 DAGs
[2024-09-02T21:50:05.249+0000] {logging_mixin.py:188} INFO - [2024-09-02T21:50:05.249+0000] {dag.py:3954} INFO - Setting next_dagrun for example_branch_labels to 2024-09-01 00:00:00+00:00, run_after=2024-09-02 00:00:00+00:00
[2024-09-02T21:50:05.279+0000] {processor.py:183} INFO - Processing /home/airflow/.local/lib/python3.12/site-packages/airflow/example_dags/example_branch_labels.py took 0.104 seconds
[2024-09-02T21:50:35.914+0000] {processor.py:161} INFO - Started process (PID=797) to work on /home/airflow/.local/lib/python3.12/site-packages/airflow/example_dags/example_branch_labels.py
[2024-09-02T21:50:35.915+0000] {processor.py:830} INFO - Processing file /home/airflow/.local/lib/python3.12/site-packages/airflow/example_dags/example_branch_labels.py for tasks to queue
[2024-09-02T21:50:35.917+0000] {logging_mixin.py:188} INFO - [2024-09-02T21:50:35.917+0000] {dagbag.py:545} INFO - Filling up the DagBag from /home/airflow/.local/lib/python3.12/site-packages/airflow/example_dags/example_branch_labels.py
[2024-09-02T21:50:35.925+0000] {processor.py:840} INFO - DAG(s) 'example_branch_labels' retrieved from /home/airflow/.local/lib/python3.12/site-packages/airflow/example_dags/example_branch_labels.py
[2024-09-02T21:50:35.952+0000] {logging_mixin.py:188} INFO - [2024-09-02T21:50:35.952+0000] {dag.py:3096} INFO - Sync 1 DAGs
[2024-09-02T21:50:35.977+0000] {logging_mixin.py:188} INFO - [2024-09-02T21:50:35.977+0000] {dag.py:3954} INFO - Setting next_dagrun for example_branch_labels to 2024-09-01 00:00:00+00:00, run_after=2024-09-02 00:00:00+00:00
[2024-09-02T21:50:35.999+0000] {processor.py:183} INFO - Processing /home/airflow/.local/lib/python3.12/site-packages/airflow/example_dags/example_branch_labels.py took 0.090 seconds
[2024-09-02T21:51:06.261+0000] {processor.py:161} INFO - Started process (PID=857) to work on /home/airflow/.local/lib/python3.12/site-packages/airflow/example_dags/example_branch_labels.py
[2024-09-02T21:51:06.263+0000] {processor.py:830} INFO - Processing file /home/airflow/.local/lib/python3.12/site-packages/airflow/example_dags/example_branch_labels.py for tasks to queue
[2024-09-02T21:51:06.265+0000] {logging_mixin.py:188} INFO - [2024-09-02T21:51:06.264+0000] {dagbag.py:545} INFO - Filling up the DagBag from /home/airflow/.local/lib/python3.12/site-packages/airflow/example_dags/example_branch_labels.py
[2024-09-02T21:51:06.272+0000] {processor.py:840} INFO - DAG(s) 'example_branch_labels' retrieved from /home/airflow/.local/lib/python3.12/site-packages/airflow/example_dags/example_branch_labels.py
[2024-09-02T21:51:06.297+0000] {logging_mixin.py:188} INFO - [2024-09-02T21:51:06.296+0000] {dag.py:3096} INFO - Sync 1 DAGs
[2024-09-02T21:51:06.328+0000] {logging_mixin.py:188} INFO - [2024-09-02T21:51:06.328+0000] {dag.py:3954} INFO - Setting next_dagrun for example_branch_labels to 2024-09-01 00:00:00+00:00, run_after=2024-09-02 00:00:00+00:00
[2024-09-02T21:51:06.361+0000] {processor.py:183} INFO - Processing /home/airflow/.local/lib/python3.12/site-packages/airflow/example_dags/example_branch_labels.py took 0.107 seconds
[2024-09-02T21:51:37.323+0000] {processor.py:161} INFO - Started process (PID=917) to work on /home/airflow/.local/lib/python3.12/site-packages/airflow/example_dags/example_branch_labels.py
[2024-09-02T21:51:37.324+0000] {processor.py:830} INFO - Processing file /home/airflow/.local/lib/python3.12/site-packages/airflow/example_dags/example_branch_labels.py for tasks to queue
[2024-09-02T21:51:37.326+0000] {logging_mixin.py:188} INFO - [2024-09-02T21:51:37.326+0000] {dagbag.py:545} INFO - Filling up the DagBag from /home/airflow/.local/lib/python3.12/site-packages/airflow/example_dags/example_branch_labels.py
[2024-09-02T21:51:37.333+0000] {processor.py:840} INFO - DAG(s) 'example_branch_labels' retrieved from /home/airflow/.local/lib/python3.12/site-packages/airflow/example_dags/example_branch_labels.py
[2024-09-02T21:51:37.364+0000] {logging_mixin.py:188} INFO - [2024-09-02T21:51:37.364+0000] {dag.py:3096} INFO - Sync 1 DAGs
[2024-09-02T21:51:37.417+0000] {logging_mixin.py:188} INFO - [2024-09-02T21:51:37.417+0000] {dag.py:3954} INFO - Setting next_dagrun for example_branch_labels to 2024-09-01 00:00:00+00:00, run_after=2024-09-02 00:00:00+00:00
[2024-09-02T21:51:37.453+0000] {processor.py:183} INFO - Processing /home/airflow/.local/lib/python3.12/site-packages/airflow/example_dags/example_branch_labels.py took 0.135 seconds
[2024-09-02T21:52:08.472+0000] {processor.py:161} INFO - Started process (PID=977) to work on /home/airflow/.local/lib/python3.12/site-packages/airflow/example_dags/example_branch_labels.py
[2024-09-02T21:52:08.473+0000] {processor.py:830} INFO - Processing file /home/airflow/.local/lib/python3.12/site-packages/airflow/example_dags/example_branch_labels.py for tasks to queue
[2024-09-02T21:52:08.475+0000] {logging_mixin.py:188} INFO - [2024-09-02T21:52:08.475+0000] {dagbag.py:545} INFO - Filling up the DagBag from /home/airflow/.local/lib/python3.12/site-packages/airflow/example_dags/example_branch_labels.py
[2024-09-02T21:52:08.484+0000] {processor.py:840} INFO - DAG(s) 'example_branch_labels' retrieved from /home/airflow/.local/lib/python3.12/site-packages/airflow/example_dags/example_branch_labels.py
[2024-09-02T21:52:08.516+0000] {logging_mixin.py:188} INFO - [2024-09-02T21:52:08.515+0000] {dag.py:3096} INFO - Sync 1 DAGs
[2024-09-02T21:52:08.551+0000] {logging_mixin.py:188} INFO - [2024-09-02T21:52:08.551+0000] {dag.py:3954} INFO - Setting next_dagrun for example_branch_labels to 2024-09-01 00:00:00+00:00, run_after=2024-09-02 00:00:00+00:00
[2024-09-02T21:52:08.576+0000] {processor.py:183} INFO - Processing /home/airflow/.local/lib/python3.12/site-packages/airflow/example_dags/example_branch_labels.py took 0.111 seconds
[2024-09-02T21:52:38.933+0000] {processor.py:161} INFO - Started process (PID=1037) to work on /home/airflow/.local/lib/python3.12/site-packages/airflow/example_dags/example_branch_labels.py
[2024-09-02T21:52:38.934+0000] {processor.py:830} INFO - Processing file /home/airflow/.local/lib/python3.12/site-packages/airflow/example_dags/example_branch_labels.py for tasks to queue
[2024-09-02T21:52:38.936+0000] {logging_mixin.py:188} INFO - [2024-09-02T21:52:38.936+0000] {dagbag.py:545} INFO - Filling up the DagBag from /home/airflow/.local/lib/python3.12/site-packages/airflow/example_dags/example_branch_labels.py
[2024-09-02T21:52:38.943+0000] {processor.py:840} INFO - DAG(s) 'example_branch_labels' retrieved from /home/airflow/.local/lib/python3.12/site-packages/airflow/example_dags/example_branch_labels.py
[2024-09-02T21:52:38.968+0000] {logging_mixin.py:188} INFO - [2024-09-02T21:52:38.968+0000] {dag.py:3096} INFO - Sync 1 DAGs
[2024-09-02T21:52:38.989+0000] {logging_mixin.py:188} INFO - [2024-09-02T21:52:38.988+0000] {dag.py:3954} INFO - Setting next_dagrun for example_branch_labels to 2024-09-01 00:00:00+00:00, run_after=2024-09-02 00:00:00+00:00
[2024-09-02T21:52:39.007+0000] {processor.py:183} INFO - Processing /home/airflow/.local/lib/python3.12/site-packages/airflow/example_dags/example_branch_labels.py took 0.079 seconds
[2024-09-02T21:53:09.425+0000] {processor.py:161} INFO - Started process (PID=1097) to work on /home/airflow/.local/lib/python3.12/site-packages/airflow/example_dags/example_branch_labels.py
[2024-09-02T21:53:09.426+0000] {processor.py:830} INFO - Processing file /home/airflow/.local/lib/python3.12/site-packages/airflow/example_dags/example_branch_labels.py for tasks to queue
[2024-09-02T21:53:09.430+0000] {logging_mixin.py:188} INFO - [2024-09-02T21:53:09.429+0000] {dagbag.py:545} INFO - Filling up the DagBag from /home/airflow/.local/lib/python3.12/site-packages/airflow/example_dags/example_branch_labels.py
[2024-09-02T21:53:09.440+0000] {processor.py:840} INFO - DAG(s) 'example_branch_labels' retrieved from /home/airflow/.local/lib/python3.12/site-packages/airflow/example_dags/example_branch_labels.py
[2024-09-02T21:53:09.471+0000] {logging_mixin.py:188} INFO - [2024-09-02T21:53:09.471+0000] {dag.py:3096} INFO - Sync 1 DAGs
[2024-09-02T21:53:09.503+0000] {logging_mixin.py:188} INFO - [2024-09-02T21:53:09.503+0000] {dag.py:3954} INFO - Setting next_dagrun for example_branch_labels to 2024-09-01 00:00:00+00:00, run_after=2024-09-02 00:00:00+00:00
[2024-09-02T21:53:09.530+0000] {processor.py:183} INFO - Processing /home/airflow/.local/lib/python3.12/site-packages/airflow/example_dags/example_branch_labels.py took 0.114 seconds
[2024-09-02T21:53:40.529+0000] {processor.py:161} INFO - Started process (PID=1157) to work on /home/airflow/.local/lib/python3.12/site-packages/airflow/example_dags/example_branch_labels.py
[2024-09-02T21:53:40.530+0000] {processor.py:830} INFO - Processing file /home/airflow/.local/lib/python3.12/site-packages/airflow/example_dags/example_branch_labels.py for tasks to queue
[2024-09-02T21:53:40.533+0000] {logging_mixin.py:188} INFO - [2024-09-02T21:53:40.532+0000] {dagbag.py:545} INFO - Filling up the DagBag from /home/airflow/.local/lib/python3.12/site-packages/airflow/example_dags/example_branch_labels.py
[2024-09-02T21:53:40.541+0000] {processor.py:840} INFO - DAG(s) 'example_branch_labels' retrieved from /home/airflow/.local/lib/python3.12/site-packages/airflow/example_dags/example_branch_labels.py
[2024-09-02T21:53:40.563+0000] {logging_mixin.py:188} INFO - [2024-09-02T21:53:40.563+0000] {dag.py:3096} INFO - Sync 1 DAGs
[2024-09-02T21:53:40.589+0000] {logging_mixin.py:188} INFO - [2024-09-02T21:53:40.588+0000] {dag.py:3954} INFO - Setting next_dagrun for example_branch_labels to 2024-09-01 00:00:00+00:00, run_after=2024-09-02 00:00:00+00:00
[2024-09-02T21:53:40.608+0000] {processor.py:183} INFO - Processing /home/airflow/.local/lib/python3.12/site-packages/airflow/example_dags/example_branch_labels.py took 0.088 seconds
[2024-09-02T21:54:10.769+0000] {processor.py:161} INFO - Started process (PID=1218) to work on /home/airflow/.local/lib/python3.12/site-packages/airflow/example_dags/example_branch_labels.py
[2024-09-02T21:54:10.770+0000] {processor.py:830} INFO - Processing file /home/airflow/.local/lib/python3.12/site-packages/airflow/example_dags/example_branch_labels.py for tasks to queue
[2024-09-02T21:54:10.772+0000] {logging_mixin.py:188} INFO - [2024-09-02T21:54:10.771+0000] {dagbag.py:545} INFO - Filling up the DagBag from /home/airflow/.local/lib/python3.12/site-packages/airflow/example_dags/example_branch_labels.py
[2024-09-02T21:54:10.780+0000] {processor.py:840} INFO - DAG(s) 'example_branch_labels' retrieved from /home/airflow/.local/lib/python3.12/site-packages/airflow/example_dags/example_branch_labels.py
[2024-09-02T21:54:10.803+0000] {logging_mixin.py:188} INFO - [2024-09-02T21:54:10.802+0000] {dag.py:3096} INFO - Sync 1 DAGs
[2024-09-02T21:54:10.832+0000] {logging_mixin.py:188} INFO - [2024-09-02T21:54:10.832+0000] {dag.py:3954} INFO - Setting next_dagrun for example_branch_labels to 2024-09-01 00:00:00+00:00, run_after=2024-09-02 00:00:00+00:00
[2024-09-02T21:54:10.853+0000] {processor.py:183} INFO - Processing /home/airflow/.local/lib/python3.12/site-packages/airflow/example_dags/example_branch_labels.py took 0.092 seconds
[2024-09-02T21:54:41.643+0000] {processor.py:161} INFO - Started process (PID=1278) to work on /home/airflow/.local/lib/python3.12/site-packages/airflow/example_dags/example_branch_labels.py
[2024-09-02T21:54:41.644+0000] {processor.py:830} INFO - Processing file /home/airflow/.local/lib/python3.12/site-packages/airflow/example_dags/example_branch_labels.py for tasks to queue
[2024-09-02T21:54:41.646+0000] {logging_mixin.py:188} INFO - [2024-09-02T21:54:41.646+0000] {dagbag.py:545} INFO - Filling up the DagBag from /home/airflow/.local/lib/python3.12/site-packages/airflow/example_dags/example_branch_labels.py
[2024-09-02T21:54:41.653+0000] {processor.py:840} INFO - DAG(s) 'example_branch_labels' retrieved from /home/airflow/.local/lib/python3.12/site-packages/airflow/example_dags/example_branch_labels.py
[2024-09-02T21:54:41.683+0000] {logging_mixin.py:188} INFO - [2024-09-02T21:54:41.683+0000] {dag.py:3096} INFO - Sync 1 DAGs
[2024-09-02T21:54:41.703+0000] {logging_mixin.py:188} INFO - [2024-09-02T21:54:41.703+0000] {dag.py:3954} INFO - Setting next_dagrun for example_branch_labels to 2024-09-01 00:00:00+00:00, run_after=2024-09-02 00:00:00+00:00
[2024-09-02T21:54:41.725+0000] {processor.py:183} INFO - Processing /home/airflow/.local/lib/python3.12/site-packages/airflow/example_dags/example_branch_labels.py took 0.087 seconds
[2024-09-02T21:55:12.058+0000] {processor.py:161} INFO - Started process (PID=1338) to work on /home/airflow/.local/lib/python3.12/site-packages/airflow/example_dags/example_branch_labels.py
[2024-09-02T21:55:12.059+0000] {processor.py:830} INFO - Processing file /home/airflow/.local/lib/python3.12/site-packages/airflow/example_dags/example_branch_labels.py for tasks to queue
[2024-09-02T21:55:12.061+0000] {logging_mixin.py:188} INFO - [2024-09-02T21:55:12.061+0000] {dagbag.py:545} INFO - Filling up the DagBag from /home/airflow/.local/lib/python3.12/site-packages/airflow/example_dags/example_branch_labels.py
[2024-09-02T21:55:12.070+0000] {processor.py:840} INFO - DAG(s) 'example_branch_labels' retrieved from /home/airflow/.local/lib/python3.12/site-packages/airflow/example_dags/example_branch_labels.py
[2024-09-02T21:55:12.099+0000] {logging_mixin.py:188} INFO - [2024-09-02T21:55:12.098+0000] {dag.py:3096} INFO - Sync 1 DAGs
[2024-09-02T21:55:12.144+0000] {logging_mixin.py:188} INFO - [2024-09-02T21:55:12.143+0000] {dag.py:3954} INFO - Setting next_dagrun for example_branch_labels to 2024-09-01 00:00:00+00:00, run_after=2024-09-02 00:00:00+00:00
[2024-09-02T21:55:12.184+0000] {processor.py:183} INFO - Processing /home/airflow/.local/lib/python3.12/site-packages/airflow/example_dags/example_branch_labels.py took 0.132 seconds
[2024-09-02T21:55:42.990+0000] {processor.py:161} INFO - Started process (PID=1402) to work on /home/airflow/.local/lib/python3.12/site-packages/airflow/example_dags/example_branch_labels.py
[2024-09-02T21:55:42.991+0000] {processor.py:830} INFO - Processing file /home/airflow/.local/lib/python3.12/site-packages/airflow/example_dags/example_branch_labels.py for tasks to queue
[2024-09-02T21:55:42.993+0000] {logging_mixin.py:188} INFO - [2024-09-02T21:55:42.993+0000] {dagbag.py:545} INFO - Filling up the DagBag from /home/airflow/.local/lib/python3.12/site-packages/airflow/example_dags/example_branch_labels.py
[2024-09-02T21:55:43.002+0000] {processor.py:840} INFO - DAG(s) 'example_branch_labels' retrieved from /home/airflow/.local/lib/python3.12/site-packages/airflow/example_dags/example_branch_labels.py
[2024-09-02T21:55:43.041+0000] {logging_mixin.py:188} INFO - [2024-09-02T21:55:43.041+0000] {dag.py:3096} INFO - Sync 1 DAGs
[2024-09-02T21:55:43.072+0000] {logging_mixin.py:188} INFO - [2024-09-02T21:55:43.072+0000] {dag.py:3954} INFO - Setting next_dagrun for example_branch_labels to 2024-09-01 00:00:00+00:00, run_after=2024-09-02 00:00:00+00:00
[2024-09-02T21:55:43.095+0000] {processor.py:183} INFO - Processing /home/airflow/.local/lib/python3.12/site-packages/airflow/example_dags/example_branch_labels.py took 0.113 seconds
[2024-09-02T21:56:14.102+0000] {processor.py:161} INFO - Started process (PID=1465) to work on /home/airflow/.local/lib/python3.12/site-packages/airflow/example_dags/example_branch_labels.py
[2024-09-02T21:56:14.103+0000] {processor.py:830} INFO - Processing file /home/airflow/.local/lib/python3.12/site-packages/airflow/example_dags/example_branch_labels.py for tasks to queue
[2024-09-02T21:56:14.106+0000] {logging_mixin.py:188} INFO - [2024-09-02T21:56:14.106+0000] {dagbag.py:545} INFO - Filling up the DagBag from /home/airflow/.local/lib/python3.12/site-packages/airflow/example_dags/example_branch_labels.py
[2024-09-02T21:56:14.115+0000] {processor.py:840} INFO - DAG(s) 'example_branch_labels' retrieved from /home/airflow/.local/lib/python3.12/site-packages/airflow/example_dags/example_branch_labels.py
[2024-09-02T21:56:14.143+0000] {logging_mixin.py:188} INFO - [2024-09-02T21:56:14.143+0000] {dag.py:3096} INFO - Sync 1 DAGs
[2024-09-02T21:56:14.177+0000] {logging_mixin.py:188} INFO - [2024-09-02T21:56:14.177+0000] {dag.py:3954} INFO - Setting next_dagrun for example_branch_labels to 2024-09-01 00:00:00+00:00, run_after=2024-09-02 00:00:00+00:00
[2024-09-02T21:56:14.201+0000] {processor.py:183} INFO - Processing /home/airflow/.local/lib/python3.12/site-packages/airflow/example_dags/example_branch_labels.py took 0.107 seconds
