[2024-09-02T21:35:18.895+0000] {processor.py:161} INFO - Started process (PID=108) to work on /home/airflow/.local/lib/python3.12/site-packages/airflow/example_dags/example_branch_operator.py
[2024-09-02T21:35:18.899+0000] {processor.py:830} INFO - Processing file /home/airflow/.local/lib/python3.12/site-packages/airflow/example_dags/example_branch_operator.py for tasks to queue
[2024-09-02T21:35:18.907+0000] {logging_mixin.py:188} INFO - [2024-09-02T21:35:18.906+0000] {dagbag.py:545} INFO - Filling up the DagBag from /home/airflow/.local/lib/python3.12/site-packages/airflow/example_dags/example_branch_operator.py
[2024-09-02T21:35:18.991+0000] {processor.py:840} INFO - DAG(s) 'example_branch_operator' retrieved from /home/airflow/.local/lib/python3.12/site-packages/airflow/example_dags/example_branch_operator.py
[2024-09-02T21:35:19.428+0000] {logging_mixin.py:188} INFO - [2024-09-02T21:35:19.425+0000] {override.py:1829} INFO - Created Permission View: can edit on DAG:example_branch_operator
[2024-09-02T21:35:19.459+0000] {logging_mixin.py:188} INFO - [2024-09-02T21:35:19.458+0000] {override.py:1829} INFO - Created Permission View: can delete on DAG:example_branch_operator
[2024-09-02T21:35:19.485+0000] {logging_mixin.py:188} INFO - [2024-09-02T21:35:19.484+0000] {override.py:1829} INFO - Created Permission View: can read on DAG:example_branch_operator
[2024-09-02T21:35:19.487+0000] {logging_mixin.py:188} INFO - [2024-09-02T21:35:19.486+0000] {dag.py:3096} INFO - Sync 1 DAGs
[2024-09-02T21:35:19.527+0000] {logging_mixin.py:188} INFO - [2024-09-02T21:35:19.527+0000] {dag.py:3118} INFO - Creating ORM DAG for example_branch_operator
[2024-09-02T21:35:19.565+0000] {logging_mixin.py:188} INFO - [2024-09-02T21:35:19.564+0000] {dag.py:3954} INFO - Setting next_dagrun for example_branch_operator to 2024-09-01 00:00:00+00:00, run_after=2024-09-02 00:00:00+00:00
[2024-09-02T21:35:19.623+0000] {processor.py:183} INFO - Processing /home/airflow/.local/lib/python3.12/site-packages/airflow/example_dags/example_branch_operator.py took 0.753 seconds
[2024-09-02T21:35:50.744+0000] {processor.py:161} INFO - Started process (PID=167) to work on /home/airflow/.local/lib/python3.12/site-packages/airflow/example_dags/example_branch_operator.py
[2024-09-02T21:35:50.748+0000] {processor.py:830} INFO - Processing file /home/airflow/.local/lib/python3.12/site-packages/airflow/example_dags/example_branch_operator.py for tasks to queue
[2024-09-02T21:35:50.759+0000] {logging_mixin.py:188} INFO - [2024-09-02T21:35:50.757+0000] {dagbag.py:545} INFO - Filling up the DagBag from /home/airflow/.local/lib/python3.12/site-packages/airflow/example_dags/example_branch_operator.py
[2024-09-02T21:35:50.894+0000] {processor.py:840} INFO - DAG(s) 'example_branch_operator' retrieved from /home/airflow/.local/lib/python3.12/site-packages/airflow/example_dags/example_branch_operator.py
[2024-09-02T21:35:51.130+0000] {logging_mixin.py:188} INFO - [2024-09-02T21:35:51.129+0000] {dag.py:3096} INFO - Sync 1 DAGs
[2024-09-02T21:35:51.306+0000] {logging_mixin.py:188} INFO - [2024-09-02T21:35:51.305+0000] {dag.py:3954} INFO - Setting next_dagrun for example_branch_operator to 2024-09-01 00:00:00+00:00, run_after=2024-09-02 00:00:00+00:00
[2024-09-02T21:35:51.394+0000] {processor.py:183} INFO - Processing /home/airflow/.local/lib/python3.12/site-packages/airflow/example_dags/example_branch_operator.py took 0.670 seconds
[2024-09-02T21:38:46.569+0000] {processor.py:161} INFO - Started process (PID=106) to work on /home/airflow/.local/lib/python3.12/site-packages/airflow/example_dags/example_branch_operator.py
[2024-09-02T21:38:46.571+0000] {processor.py:830} INFO - Processing file /home/airflow/.local/lib/python3.12/site-packages/airflow/example_dags/example_branch_operator.py for tasks to queue
[2024-09-02T21:38:46.575+0000] {logging_mixin.py:188} INFO - [2024-09-02T21:38:46.575+0000] {dagbag.py:545} INFO - Filling up the DagBag from /home/airflow/.local/lib/python3.12/site-packages/airflow/example_dags/example_branch_operator.py
[2024-09-02T21:38:46.622+0000] {processor.py:840} INFO - DAG(s) 'example_branch_operator' retrieved from /home/airflow/.local/lib/python3.12/site-packages/airflow/example_dags/example_branch_operator.py
[2024-09-02T21:38:46.976+0000] {logging_mixin.py:188} INFO - [2024-09-02T21:38:46.975+0000] {override.py:1829} INFO - Created Permission View: can edit on DAG:example_branch_operator
[2024-09-02T21:38:46.999+0000] {logging_mixin.py:188} INFO - [2024-09-02T21:38:46.998+0000] {override.py:1829} INFO - Created Permission View: can read on DAG:example_branch_operator
[2024-09-02T21:38:47.020+0000] {logging_mixin.py:188} INFO - [2024-09-02T21:38:47.019+0000] {override.py:1829} INFO - Created Permission View: can delete on DAG:example_branch_operator
[2024-09-02T21:38:47.021+0000] {logging_mixin.py:188} INFO - [2024-09-02T21:38:47.021+0000] {dag.py:3096} INFO - Sync 1 DAGs
[2024-09-02T21:38:47.095+0000] {logging_mixin.py:188} INFO - [2024-09-02T21:38:47.094+0000] {dag.py:3118} INFO - Creating ORM DAG for example_branch_operator
[2024-09-02T21:38:47.138+0000] {logging_mixin.py:188} INFO - [2024-09-02T21:38:47.137+0000] {dag.py:3954} INFO - Setting next_dagrun for example_branch_operator to 2024-09-01 00:00:00+00:00, run_after=2024-09-02 00:00:00+00:00
[2024-09-02T21:38:47.190+0000] {processor.py:183} INFO - Processing /home/airflow/.local/lib/python3.12/site-packages/airflow/example_dags/example_branch_operator.py took 0.635 seconds
[2024-09-02T21:39:17.836+0000] {processor.py:161} INFO - Started process (PID=166) to work on /home/airflow/.local/lib/python3.12/site-packages/airflow/example_dags/example_branch_operator.py
[2024-09-02T21:39:17.837+0000] {processor.py:830} INFO - Processing file /home/airflow/.local/lib/python3.12/site-packages/airflow/example_dags/example_branch_operator.py for tasks to queue
[2024-09-02T21:39:17.839+0000] {logging_mixin.py:188} INFO - [2024-09-02T21:39:17.839+0000] {dagbag.py:545} INFO - Filling up the DagBag from /home/airflow/.local/lib/python3.12/site-packages/airflow/example_dags/example_branch_operator.py
[2024-09-02T21:39:17.856+0000] {processor.py:840} INFO - DAG(s) 'example_branch_operator' retrieved from /home/airflow/.local/lib/python3.12/site-packages/airflow/example_dags/example_branch_operator.py
[2024-09-02T21:39:17.890+0000] {logging_mixin.py:188} INFO - [2024-09-02T21:39:17.890+0000] {dag.py:3096} INFO - Sync 1 DAGs
[2024-09-02T21:39:17.925+0000] {logging_mixin.py:188} INFO - [2024-09-02T21:39:17.925+0000] {dag.py:3954} INFO - Setting next_dagrun for example_branch_operator to 2024-09-01 00:00:00+00:00, run_after=2024-09-02 00:00:00+00:00
[2024-09-02T21:39:17.949+0000] {processor.py:183} INFO - Processing /home/airflow/.local/lib/python3.12/site-packages/airflow/example_dags/example_branch_operator.py took 0.118 seconds
[2024-09-02T21:39:48.016+0000] {processor.py:161} INFO - Started process (PID=226) to work on /home/airflow/.local/lib/python3.12/site-packages/airflow/example_dags/example_branch_operator.py
[2024-09-02T21:39:48.018+0000] {processor.py:830} INFO - Processing file /home/airflow/.local/lib/python3.12/site-packages/airflow/example_dags/example_branch_operator.py for tasks to queue
[2024-09-02T21:39:48.022+0000] {logging_mixin.py:188} INFO - [2024-09-02T21:39:48.021+0000] {dagbag.py:545} INFO - Filling up the DagBag from /home/airflow/.local/lib/python3.12/site-packages/airflow/example_dags/example_branch_operator.py
[2024-09-02T21:39:48.060+0000] {processor.py:840} INFO - DAG(s) 'example_branch_operator' retrieved from /home/airflow/.local/lib/python3.12/site-packages/airflow/example_dags/example_branch_operator.py
[2024-09-02T21:39:48.108+0000] {logging_mixin.py:188} INFO - [2024-09-02T21:39:48.108+0000] {dag.py:3096} INFO - Sync 1 DAGs
[2024-09-02T21:39:48.143+0000] {logging_mixin.py:188} INFO - [2024-09-02T21:39:48.143+0000] {dag.py:3954} INFO - Setting next_dagrun for example_branch_operator to 2024-09-01 00:00:00+00:00, run_after=2024-09-02 00:00:00+00:00
[2024-09-02T21:39:48.170+0000] {processor.py:183} INFO - Processing /home/airflow/.local/lib/python3.12/site-packages/airflow/example_dags/example_branch_operator.py took 0.165 seconds
[2024-09-02T21:40:18.523+0000] {processor.py:161} INFO - Started process (PID=286) to work on /home/airflow/.local/lib/python3.12/site-packages/airflow/example_dags/example_branch_operator.py
[2024-09-02T21:40:18.524+0000] {processor.py:830} INFO - Processing file /home/airflow/.local/lib/python3.12/site-packages/airflow/example_dags/example_branch_operator.py for tasks to queue
[2024-09-02T21:40:18.526+0000] {logging_mixin.py:188} INFO - [2024-09-02T21:40:18.526+0000] {dagbag.py:545} INFO - Filling up the DagBag from /home/airflow/.local/lib/python3.12/site-packages/airflow/example_dags/example_branch_operator.py
[2024-09-02T21:40:18.546+0000] {processor.py:840} INFO - DAG(s) 'example_branch_operator' retrieved from /home/airflow/.local/lib/python3.12/site-packages/airflow/example_dags/example_branch_operator.py
[2024-09-02T21:40:18.581+0000] {logging_mixin.py:188} INFO - [2024-09-02T21:40:18.581+0000] {dag.py:3096} INFO - Sync 1 DAGs
[2024-09-02T21:40:18.607+0000] {logging_mixin.py:188} INFO - [2024-09-02T21:40:18.607+0000] {dag.py:3954} INFO - Setting next_dagrun for example_branch_operator to 2024-09-01 00:00:00+00:00, run_after=2024-09-02 00:00:00+00:00
[2024-09-02T21:40:18.630+0000] {processor.py:183} INFO - Processing /home/airflow/.local/lib/python3.12/site-packages/airflow/example_dags/example_branch_operator.py took 0.115 seconds
[2024-09-02T21:40:48.835+0000] {processor.py:161} INFO - Started process (PID=346) to work on /home/airflow/.local/lib/python3.12/site-packages/airflow/example_dags/example_branch_operator.py
[2024-09-02T21:40:48.837+0000] {processor.py:830} INFO - Processing file /home/airflow/.local/lib/python3.12/site-packages/airflow/example_dags/example_branch_operator.py for tasks to queue
[2024-09-02T21:40:48.842+0000] {logging_mixin.py:188} INFO - [2024-09-02T21:40:48.841+0000] {dagbag.py:545} INFO - Filling up the DagBag from /home/airflow/.local/lib/python3.12/site-packages/airflow/example_dags/example_branch_operator.py
[2024-09-02T21:40:48.904+0000] {processor.py:840} INFO - DAG(s) 'example_branch_operator' retrieved from /home/airflow/.local/lib/python3.12/site-packages/airflow/example_dags/example_branch_operator.py
[2024-09-02T21:40:49.000+0000] {logging_mixin.py:188} INFO - [2024-09-02T21:40:48.999+0000] {dag.py:3096} INFO - Sync 1 DAGs
[2024-09-02T21:40:49.045+0000] {logging_mixin.py:188} INFO - [2024-09-02T21:40:49.045+0000] {dag.py:3954} INFO - Setting next_dagrun for example_branch_operator to 2024-09-01 00:00:00+00:00, run_after=2024-09-02 00:00:00+00:00
[2024-09-02T21:40:49.096+0000] {processor.py:183} INFO - Processing /home/airflow/.local/lib/python3.12/site-packages/airflow/example_dags/example_branch_operator.py took 0.279 seconds
[2024-09-02T21:44:36.980+0000] {processor.py:161} INFO - Started process (PID=100) to work on /home/airflow/.local/lib/python3.12/site-packages/airflow/example_dags/example_branch_operator.py
[2024-09-02T21:44:36.983+0000] {processor.py:830} INFO - Processing file /home/airflow/.local/lib/python3.12/site-packages/airflow/example_dags/example_branch_operator.py for tasks to queue
[2024-09-02T21:44:36.987+0000] {logging_mixin.py:188} INFO - [2024-09-02T21:44:36.986+0000] {dagbag.py:545} INFO - Filling up the DagBag from /home/airflow/.local/lib/python3.12/site-packages/airflow/example_dags/example_branch_operator.py
[2024-09-02T21:44:37.038+0000] {processor.py:840} INFO - DAG(s) 'example_branch_operator' retrieved from /home/airflow/.local/lib/python3.12/site-packages/airflow/example_dags/example_branch_operator.py
[2024-09-02T21:44:37.538+0000] {logging_mixin.py:188} INFO - [2024-09-02T21:44:37.537+0000] {override.py:1829} INFO - Created Permission View: can read on DAG:example_branch_operator
[2024-09-02T21:44:37.595+0000] {logging_mixin.py:188} INFO - [2024-09-02T21:44:37.594+0000] {override.py:1829} INFO - Created Permission View: can delete on DAG:example_branch_operator
[2024-09-02T21:44:37.633+0000] {logging_mixin.py:188} INFO - [2024-09-02T21:44:37.632+0000] {override.py:1829} INFO - Created Permission View: can edit on DAG:example_branch_operator
[2024-09-02T21:44:37.635+0000] {logging_mixin.py:188} INFO - [2024-09-02T21:44:37.635+0000] {dag.py:3096} INFO - Sync 1 DAGs
[2024-09-02T21:44:37.680+0000] {logging_mixin.py:188} INFO - [2024-09-02T21:44:37.680+0000] {dag.py:3118} INFO - Creating ORM DAG for example_branch_operator
[2024-09-02T21:44:37.711+0000] {logging_mixin.py:188} INFO - [2024-09-02T21:44:37.711+0000] {dag.py:3954} INFO - Setting next_dagrun for example_branch_operator to 2024-09-01 00:00:00+00:00, run_after=2024-09-02 00:00:00+00:00
[2024-09-02T21:44:37.758+0000] {processor.py:183} INFO - Processing /home/airflow/.local/lib/python3.12/site-packages/airflow/example_dags/example_branch_operator.py took 0.791 seconds
[2024-09-02T21:45:07.825+0000] {processor.py:161} INFO - Started process (PID=160) to work on /home/airflow/.local/lib/python3.12/site-packages/airflow/example_dags/example_branch_operator.py
[2024-09-02T21:45:07.826+0000] {processor.py:830} INFO - Processing file /home/airflow/.local/lib/python3.12/site-packages/airflow/example_dags/example_branch_operator.py for tasks to queue
[2024-09-02T21:45:07.827+0000] {logging_mixin.py:188} INFO - [2024-09-02T21:45:07.827+0000] {dagbag.py:545} INFO - Filling up the DagBag from /home/airflow/.local/lib/python3.12/site-packages/airflow/example_dags/example_branch_operator.py
[2024-09-02T21:45:07.842+0000] {processor.py:840} INFO - DAG(s) 'example_branch_operator' retrieved from /home/airflow/.local/lib/python3.12/site-packages/airflow/example_dags/example_branch_operator.py
[2024-09-02T21:45:07.874+0000] {logging_mixin.py:188} INFO - [2024-09-02T21:45:07.874+0000] {dag.py:3096} INFO - Sync 1 DAGs
[2024-09-02T21:45:07.909+0000] {logging_mixin.py:188} INFO - [2024-09-02T21:45:07.909+0000] {dag.py:3954} INFO - Setting next_dagrun for example_branch_operator to 2024-09-01 00:00:00+00:00, run_after=2024-09-02 00:00:00+00:00
[2024-09-02T21:45:07.932+0000] {processor.py:183} INFO - Processing /home/airflow/.local/lib/python3.12/site-packages/airflow/example_dags/example_branch_operator.py took 0.112 seconds
[2024-09-02T21:45:38.519+0000] {processor.py:161} INFO - Started process (PID=220) to work on /home/airflow/.local/lib/python3.12/site-packages/airflow/example_dags/example_branch_operator.py
[2024-09-02T21:45:38.521+0000] {processor.py:830} INFO - Processing file /home/airflow/.local/lib/python3.12/site-packages/airflow/example_dags/example_branch_operator.py for tasks to queue
[2024-09-02T21:45:38.527+0000] {logging_mixin.py:188} INFO - [2024-09-02T21:45:38.526+0000] {dagbag.py:545} INFO - Filling up the DagBag from /home/airflow/.local/lib/python3.12/site-packages/airflow/example_dags/example_branch_operator.py
[2024-09-02T21:45:38.557+0000] {processor.py:840} INFO - DAG(s) 'example_branch_operator' retrieved from /home/airflow/.local/lib/python3.12/site-packages/airflow/example_dags/example_branch_operator.py
[2024-09-02T21:45:38.598+0000] {logging_mixin.py:188} INFO - [2024-09-02T21:45:38.598+0000] {dag.py:3096} INFO - Sync 1 DAGs
[2024-09-02T21:45:38.636+0000] {logging_mixin.py:188} INFO - [2024-09-02T21:45:38.635+0000] {dag.py:3954} INFO - Setting next_dagrun for example_branch_operator to 2024-09-01 00:00:00+00:00, run_after=2024-09-02 00:00:00+00:00
[2024-09-02T21:45:38.686+0000] {processor.py:183} INFO - Processing /home/airflow/.local/lib/python3.12/site-packages/airflow/example_dags/example_branch_operator.py took 0.176 seconds
[2024-09-02T21:46:08.822+0000] {processor.py:161} INFO - Started process (PID=281) to work on /home/airflow/.local/lib/python3.12/site-packages/airflow/example_dags/example_branch_operator.py
[2024-09-02T21:46:08.823+0000] {processor.py:830} INFO - Processing file /home/airflow/.local/lib/python3.12/site-packages/airflow/example_dags/example_branch_operator.py for tasks to queue
[2024-09-02T21:46:08.825+0000] {logging_mixin.py:188} INFO - [2024-09-02T21:46:08.824+0000] {dagbag.py:545} INFO - Filling up the DagBag from /home/airflow/.local/lib/python3.12/site-packages/airflow/example_dags/example_branch_operator.py
[2024-09-02T21:46:08.852+0000] {processor.py:840} INFO - DAG(s) 'example_branch_operator' retrieved from /home/airflow/.local/lib/python3.12/site-packages/airflow/example_dags/example_branch_operator.py
[2024-09-02T21:46:08.880+0000] {logging_mixin.py:188} INFO - [2024-09-02T21:46:08.880+0000] {dag.py:3096} INFO - Sync 1 DAGs
[2024-09-02T21:46:08.901+0000] {logging_mixin.py:188} INFO - [2024-09-02T21:46:08.901+0000] {dag.py:3954} INFO - Setting next_dagrun for example_branch_operator to 2024-09-01 00:00:00+00:00, run_after=2024-09-02 00:00:00+00:00
[2024-09-02T21:46:08.925+0000] {processor.py:183} INFO - Processing /home/airflow/.local/lib/python3.12/site-packages/airflow/example_dags/example_branch_operator.py took 0.109 seconds
[2024-09-02T21:46:39.077+0000] {processor.py:161} INFO - Started process (PID=341) to work on /home/airflow/.local/lib/python3.12/site-packages/airflow/example_dags/example_branch_operator.py
[2024-09-02T21:46:39.078+0000] {processor.py:830} INFO - Processing file /home/airflow/.local/lib/python3.12/site-packages/airflow/example_dags/example_branch_operator.py for tasks to queue
[2024-09-02T21:46:39.080+0000] {logging_mixin.py:188} INFO - [2024-09-02T21:46:39.080+0000] {dagbag.py:545} INFO - Filling up the DagBag from /home/airflow/.local/lib/python3.12/site-packages/airflow/example_dags/example_branch_operator.py
[2024-09-02T21:46:39.101+0000] {processor.py:840} INFO - DAG(s) 'example_branch_operator' retrieved from /home/airflow/.local/lib/python3.12/site-packages/airflow/example_dags/example_branch_operator.py
[2024-09-02T21:46:39.139+0000] {logging_mixin.py:188} INFO - [2024-09-02T21:46:39.139+0000] {dag.py:3096} INFO - Sync 1 DAGs
[2024-09-02T21:46:39.168+0000] {logging_mixin.py:188} INFO - [2024-09-02T21:46:39.168+0000] {dag.py:3954} INFO - Setting next_dagrun for example_branch_operator to 2024-09-01 00:00:00+00:00, run_after=2024-09-02 00:00:00+00:00
[2024-09-02T21:46:39.192+0000] {processor.py:183} INFO - Processing /home/airflow/.local/lib/python3.12/site-packages/airflow/example_dags/example_branch_operator.py took 0.120 seconds
[2024-09-02T21:47:09.394+0000] {processor.py:161} INFO - Started process (PID=401) to work on /home/airflow/.local/lib/python3.12/site-packages/airflow/example_dags/example_branch_operator.py
[2024-09-02T21:47:09.395+0000] {processor.py:830} INFO - Processing file /home/airflow/.local/lib/python3.12/site-packages/airflow/example_dags/example_branch_operator.py for tasks to queue
[2024-09-02T21:47:09.398+0000] {logging_mixin.py:188} INFO - [2024-09-02T21:47:09.398+0000] {dagbag.py:545} INFO - Filling up the DagBag from /home/airflow/.local/lib/python3.12/site-packages/airflow/example_dags/example_branch_operator.py
[2024-09-02T21:47:09.424+0000] {processor.py:840} INFO - DAG(s) 'example_branch_operator' retrieved from /home/airflow/.local/lib/python3.12/site-packages/airflow/example_dags/example_branch_operator.py
[2024-09-02T21:47:09.459+0000] {logging_mixin.py:188} INFO - [2024-09-02T21:47:09.458+0000] {dag.py:3096} INFO - Sync 1 DAGs
[2024-09-02T21:47:09.499+0000] {logging_mixin.py:188} INFO - [2024-09-02T21:47:09.499+0000] {dag.py:3954} INFO - Setting next_dagrun for example_branch_operator to 2024-09-01 00:00:00+00:00, run_after=2024-09-02 00:00:00+00:00
[2024-09-02T21:47:09.546+0000] {processor.py:183} INFO - Processing /home/airflow/.local/lib/python3.12/site-packages/airflow/example_dags/example_branch_operator.py took 0.161 seconds
[2024-09-02T21:47:40.359+0000] {processor.py:161} INFO - Started process (PID=461) to work on /home/airflow/.local/lib/python3.12/site-packages/airflow/example_dags/example_branch_operator.py
[2024-09-02T21:47:40.360+0000] {processor.py:830} INFO - Processing file /home/airflow/.local/lib/python3.12/site-packages/airflow/example_dags/example_branch_operator.py for tasks to queue
[2024-09-02T21:47:40.363+0000] {logging_mixin.py:188} INFO - [2024-09-02T21:47:40.363+0000] {dagbag.py:545} INFO - Filling up the DagBag from /home/airflow/.local/lib/python3.12/site-packages/airflow/example_dags/example_branch_operator.py
[2024-09-02T21:47:40.390+0000] {processor.py:840} INFO - DAG(s) 'example_branch_operator' retrieved from /home/airflow/.local/lib/python3.12/site-packages/airflow/example_dags/example_branch_operator.py
[2024-09-02T21:47:40.422+0000] {logging_mixin.py:188} INFO - [2024-09-02T21:47:40.422+0000] {dag.py:3096} INFO - Sync 1 DAGs
[2024-09-02T21:47:40.450+0000] {logging_mixin.py:188} INFO - [2024-09-02T21:47:40.450+0000] {dag.py:3954} INFO - Setting next_dagrun for example_branch_operator to 2024-09-01 00:00:00+00:00, run_after=2024-09-02 00:00:00+00:00
[2024-09-02T21:47:40.477+0000] {processor.py:183} INFO - Processing /home/airflow/.local/lib/python3.12/site-packages/airflow/example_dags/example_branch_operator.py took 0.126 seconds
[2024-09-02T21:48:11.658+0000] {processor.py:161} INFO - Started process (PID=521) to work on /home/airflow/.local/lib/python3.12/site-packages/airflow/example_dags/example_branch_operator.py
[2024-09-02T21:48:11.661+0000] {processor.py:830} INFO - Processing file /home/airflow/.local/lib/python3.12/site-packages/airflow/example_dags/example_branch_operator.py for tasks to queue
[2024-09-02T21:48:11.665+0000] {logging_mixin.py:188} INFO - [2024-09-02T21:48:11.664+0000] {dagbag.py:545} INFO - Filling up the DagBag from /home/airflow/.local/lib/python3.12/site-packages/airflow/example_dags/example_branch_operator.py
[2024-09-02T21:48:11.726+0000] {processor.py:840} INFO - DAG(s) 'example_branch_operator' retrieved from /home/airflow/.local/lib/python3.12/site-packages/airflow/example_dags/example_branch_operator.py
[2024-09-02T21:48:11.834+0000] {logging_mixin.py:188} INFO - [2024-09-02T21:48:11.834+0000] {dag.py:3096} INFO - Sync 1 DAGs
[2024-09-02T21:48:11.901+0000] {logging_mixin.py:188} INFO - [2024-09-02T21:48:11.901+0000] {dag.py:3954} INFO - Setting next_dagrun for example_branch_operator to 2024-09-01 00:00:00+00:00, run_after=2024-09-02 00:00:00+00:00
[2024-09-02T21:48:11.955+0000] {processor.py:183} INFO - Processing /home/airflow/.local/lib/python3.12/site-packages/airflow/example_dags/example_branch_operator.py took 0.317 seconds
[2024-09-02T21:48:42.693+0000] {processor.py:161} INFO - Started process (PID=581) to work on /home/airflow/.local/lib/python3.12/site-packages/airflow/example_dags/example_branch_operator.py
[2024-09-02T21:48:42.694+0000] {processor.py:830} INFO - Processing file /home/airflow/.local/lib/python3.12/site-packages/airflow/example_dags/example_branch_operator.py for tasks to queue
[2024-09-02T21:48:42.696+0000] {logging_mixin.py:188} INFO - [2024-09-02T21:48:42.695+0000] {dagbag.py:545} INFO - Filling up the DagBag from /home/airflow/.local/lib/python3.12/site-packages/airflow/example_dags/example_branch_operator.py
[2024-09-02T21:48:42.727+0000] {processor.py:840} INFO - DAG(s) 'example_branch_operator' retrieved from /home/airflow/.local/lib/python3.12/site-packages/airflow/example_dags/example_branch_operator.py
[2024-09-02T21:48:42.800+0000] {logging_mixin.py:188} INFO - [2024-09-02T21:48:42.800+0000] {dag.py:3096} INFO - Sync 1 DAGs
[2024-09-02T21:48:42.860+0000] {logging_mixin.py:188} INFO - [2024-09-02T21:48:42.859+0000] {dag.py:3954} INFO - Setting next_dagrun for example_branch_operator to 2024-09-01 00:00:00+00:00, run_after=2024-09-02 00:00:00+00:00
[2024-09-02T21:48:42.887+0000] {processor.py:183} INFO - Processing /home/airflow/.local/lib/python3.12/site-packages/airflow/example_dags/example_branch_operator.py took 0.199 seconds
[2024-09-02T21:49:13.721+0000] {processor.py:161} INFO - Started process (PID=641) to work on /home/airflow/.local/lib/python3.12/site-packages/airflow/example_dags/example_branch_operator.py
[2024-09-02T21:49:13.723+0000] {processor.py:830} INFO - Processing file /home/airflow/.local/lib/python3.12/site-packages/airflow/example_dags/example_branch_operator.py for tasks to queue
[2024-09-02T21:49:13.725+0000] {logging_mixin.py:188} INFO - [2024-09-02T21:49:13.725+0000] {dagbag.py:545} INFO - Filling up the DagBag from /home/airflow/.local/lib/python3.12/site-packages/airflow/example_dags/example_branch_operator.py
[2024-09-02T21:49:13.757+0000] {processor.py:840} INFO - DAG(s) 'example_branch_operator' retrieved from /home/airflow/.local/lib/python3.12/site-packages/airflow/example_dags/example_branch_operator.py
[2024-09-02T21:49:13.799+0000] {logging_mixin.py:188} INFO - [2024-09-02T21:49:13.799+0000] {dag.py:3096} INFO - Sync 1 DAGs
[2024-09-02T21:49:13.841+0000] {logging_mixin.py:188} INFO - [2024-09-02T21:49:13.840+0000] {dag.py:3954} INFO - Setting next_dagrun for example_branch_operator to 2024-09-01 00:00:00+00:00, run_after=2024-09-02 00:00:00+00:00
[2024-09-02T21:49:13.887+0000] {processor.py:183} INFO - Processing /home/airflow/.local/lib/python3.12/site-packages/airflow/example_dags/example_branch_operator.py took 0.174 seconds
[2024-09-02T21:49:44.462+0000] {processor.py:161} INFO - Started process (PID=701) to work on /home/airflow/.local/lib/python3.12/site-packages/airflow/example_dags/example_branch_operator.py
[2024-09-02T21:49:44.463+0000] {processor.py:830} INFO - Processing file /home/airflow/.local/lib/python3.12/site-packages/airflow/example_dags/example_branch_operator.py for tasks to queue
[2024-09-02T21:49:44.465+0000] {logging_mixin.py:188} INFO - [2024-09-02T21:49:44.465+0000] {dagbag.py:545} INFO - Filling up the DagBag from /home/airflow/.local/lib/python3.12/site-packages/airflow/example_dags/example_branch_operator.py
[2024-09-02T21:49:44.486+0000] {processor.py:840} INFO - DAG(s) 'example_branch_operator' retrieved from /home/airflow/.local/lib/python3.12/site-packages/airflow/example_dags/example_branch_operator.py
[2024-09-02T21:49:44.523+0000] {logging_mixin.py:188} INFO - [2024-09-02T21:49:44.523+0000] {dag.py:3096} INFO - Sync 1 DAGs
[2024-09-02T21:49:44.552+0000] {logging_mixin.py:188} INFO - [2024-09-02T21:49:44.551+0000] {dag.py:3954} INFO - Setting next_dagrun for example_branch_operator to 2024-09-01 00:00:00+00:00, run_after=2024-09-02 00:00:00+00:00
[2024-09-02T21:49:44.576+0000] {processor.py:183} INFO - Processing /home/airflow/.local/lib/python3.12/site-packages/airflow/example_dags/example_branch_operator.py took 0.120 seconds
[2024-09-02T21:50:15.051+0000] {processor.py:161} INFO - Started process (PID=761) to work on /home/airflow/.local/lib/python3.12/site-packages/airflow/example_dags/example_branch_operator.py
[2024-09-02T21:50:15.054+0000] {processor.py:830} INFO - Processing file /home/airflow/.local/lib/python3.12/site-packages/airflow/example_dags/example_branch_operator.py for tasks to queue
[2024-09-02T21:50:15.060+0000] {logging_mixin.py:188} INFO - [2024-09-02T21:50:15.059+0000] {dagbag.py:545} INFO - Filling up the DagBag from /home/airflow/.local/lib/python3.12/site-packages/airflow/example_dags/example_branch_operator.py
[2024-09-02T21:50:15.118+0000] {processor.py:840} INFO - DAG(s) 'example_branch_operator' retrieved from /home/airflow/.local/lib/python3.12/site-packages/airflow/example_dags/example_branch_operator.py
[2024-09-02T21:50:15.207+0000] {logging_mixin.py:188} INFO - [2024-09-02T21:50:15.206+0000] {dag.py:3096} INFO - Sync 1 DAGs
[2024-09-02T21:50:15.237+0000] {logging_mixin.py:188} INFO - [2024-09-02T21:50:15.237+0000] {dag.py:3954} INFO - Setting next_dagrun for example_branch_operator to 2024-09-01 00:00:00+00:00, run_after=2024-09-02 00:00:00+00:00
[2024-09-02T21:50:15.265+0000] {processor.py:183} INFO - Processing /home/airflow/.local/lib/python3.12/site-packages/airflow/example_dags/example_branch_operator.py took 0.230 seconds
[2024-09-02T21:50:45.475+0000] {processor.py:161} INFO - Started process (PID=822) to work on /home/airflow/.local/lib/python3.12/site-packages/airflow/example_dags/example_branch_operator.py
[2024-09-02T21:50:45.479+0000] {processor.py:830} INFO - Processing file /home/airflow/.local/lib/python3.12/site-packages/airflow/example_dags/example_branch_operator.py for tasks to queue
[2024-09-02T21:50:45.487+0000] {logging_mixin.py:188} INFO - [2024-09-02T21:50:45.486+0000] {dagbag.py:545} INFO - Filling up the DagBag from /home/airflow/.local/lib/python3.12/site-packages/airflow/example_dags/example_branch_operator.py
[2024-09-02T21:50:45.555+0000] {processor.py:840} INFO - DAG(s) 'example_branch_operator' retrieved from /home/airflow/.local/lib/python3.12/site-packages/airflow/example_dags/example_branch_operator.py
[2024-09-02T21:50:45.679+0000] {logging_mixin.py:188} INFO - [2024-09-02T21:50:45.678+0000] {dag.py:3096} INFO - Sync 1 DAGs
[2024-09-02T21:50:45.736+0000] {logging_mixin.py:188} INFO - [2024-09-02T21:50:45.735+0000] {dag.py:3954} INFO - Setting next_dagrun for example_branch_operator to 2024-09-01 00:00:00+00:00, run_after=2024-09-02 00:00:00+00:00
[2024-09-02T21:50:45.763+0000] {processor.py:183} INFO - Processing /home/airflow/.local/lib/python3.12/site-packages/airflow/example_dags/example_branch_operator.py took 0.298 seconds
[2024-09-02T21:51:15.811+0000] {processor.py:161} INFO - Started process (PID=883) to work on /home/airflow/.local/lib/python3.12/site-packages/airflow/example_dags/example_branch_operator.py
[2024-09-02T21:51:15.813+0000] {processor.py:830} INFO - Processing file /home/airflow/.local/lib/python3.12/site-packages/airflow/example_dags/example_branch_operator.py for tasks to queue
[2024-09-02T21:51:15.816+0000] {logging_mixin.py:188} INFO - [2024-09-02T21:51:15.815+0000] {dagbag.py:545} INFO - Filling up the DagBag from /home/airflow/.local/lib/python3.12/site-packages/airflow/example_dags/example_branch_operator.py
[2024-09-02T21:51:15.837+0000] {processor.py:840} INFO - DAG(s) 'example_branch_operator' retrieved from /home/airflow/.local/lib/python3.12/site-packages/airflow/example_dags/example_branch_operator.py
[2024-09-02T21:51:15.878+0000] {logging_mixin.py:188} INFO - [2024-09-02T21:51:15.877+0000] {dag.py:3096} INFO - Sync 1 DAGs
[2024-09-02T21:51:15.900+0000] {logging_mixin.py:188} INFO - [2024-09-02T21:51:15.900+0000] {dag.py:3954} INFO - Setting next_dagrun for example_branch_operator to 2024-09-01 00:00:00+00:00, run_after=2024-09-02 00:00:00+00:00
[2024-09-02T21:51:15.921+0000] {processor.py:183} INFO - Processing /home/airflow/.local/lib/python3.12/site-packages/airflow/example_dags/example_branch_operator.py took 0.117 seconds
[2024-09-02T21:51:46.524+0000] {processor.py:161} INFO - Started process (PID=941) to work on /home/airflow/.local/lib/python3.12/site-packages/airflow/example_dags/example_branch_operator.py
[2024-09-02T21:51:46.525+0000] {processor.py:830} INFO - Processing file /home/airflow/.local/lib/python3.12/site-packages/airflow/example_dags/example_branch_operator.py for tasks to queue
[2024-09-02T21:51:46.528+0000] {logging_mixin.py:188} INFO - [2024-09-02T21:51:46.527+0000] {dagbag.py:545} INFO - Filling up the DagBag from /home/airflow/.local/lib/python3.12/site-packages/airflow/example_dags/example_branch_operator.py
[2024-09-02T21:51:46.553+0000] {processor.py:840} INFO - DAG(s) 'example_branch_operator' retrieved from /home/airflow/.local/lib/python3.12/site-packages/airflow/example_dags/example_branch_operator.py
[2024-09-02T21:51:46.613+0000] {logging_mixin.py:188} INFO - [2024-09-02T21:51:46.613+0000] {dag.py:3096} INFO - Sync 1 DAGs
[2024-09-02T21:51:46.650+0000] {logging_mixin.py:188} INFO - [2024-09-02T21:51:46.649+0000] {dag.py:3954} INFO - Setting next_dagrun for example_branch_operator to 2024-09-01 00:00:00+00:00, run_after=2024-09-02 00:00:00+00:00
[2024-09-02T21:51:46.688+0000] {processor.py:183} INFO - Processing /home/airflow/.local/lib/python3.12/site-packages/airflow/example_dags/example_branch_operator.py took 0.175 seconds
[2024-09-02T21:52:17.570+0000] {processor.py:161} INFO - Started process (PID=1007) to work on /home/airflow/.local/lib/python3.12/site-packages/airflow/example_dags/example_branch_operator.py
[2024-09-02T21:52:17.572+0000] {processor.py:830} INFO - Processing file /home/airflow/.local/lib/python3.12/site-packages/airflow/example_dags/example_branch_operator.py for tasks to queue
[2024-09-02T21:52:17.576+0000] {logging_mixin.py:188} INFO - [2024-09-02T21:52:17.576+0000] {dagbag.py:545} INFO - Filling up the DagBag from /home/airflow/.local/lib/python3.12/site-packages/airflow/example_dags/example_branch_operator.py
[2024-09-02T21:52:17.618+0000] {processor.py:840} INFO - DAG(s) 'example_branch_operator' retrieved from /home/airflow/.local/lib/python3.12/site-packages/airflow/example_dags/example_branch_operator.py
[2024-09-02T21:52:17.666+0000] {logging_mixin.py:188} INFO - [2024-09-02T21:52:17.666+0000] {dag.py:3096} INFO - Sync 1 DAGs
[2024-09-02T21:52:17.705+0000] {logging_mixin.py:188} INFO - [2024-09-02T21:52:17.705+0000] {dag.py:3954} INFO - Setting next_dagrun for example_branch_operator to 2024-09-01 00:00:00+00:00, run_after=2024-09-02 00:00:00+00:00
[2024-09-02T21:52:17.755+0000] {processor.py:183} INFO - Processing /home/airflow/.local/lib/python3.12/site-packages/airflow/example_dags/example_branch_operator.py took 0.198 seconds
[2024-09-02T21:52:48.111+0000] {processor.py:161} INFO - Started process (PID=1067) to work on /home/airflow/.local/lib/python3.12/site-packages/airflow/example_dags/example_branch_operator.py
[2024-09-02T21:52:48.112+0000] {processor.py:830} INFO - Processing file /home/airflow/.local/lib/python3.12/site-packages/airflow/example_dags/example_branch_operator.py for tasks to queue
[2024-09-02T21:52:48.115+0000] {logging_mixin.py:188} INFO - [2024-09-02T21:52:48.115+0000] {dagbag.py:545} INFO - Filling up the DagBag from /home/airflow/.local/lib/python3.12/site-packages/airflow/example_dags/example_branch_operator.py
[2024-09-02T21:52:48.138+0000] {processor.py:840} INFO - DAG(s) 'example_branch_operator' retrieved from /home/airflow/.local/lib/python3.12/site-packages/airflow/example_dags/example_branch_operator.py
[2024-09-02T21:52:48.193+0000] {logging_mixin.py:188} INFO - [2024-09-02T21:52:48.193+0000] {dag.py:3096} INFO - Sync 1 DAGs
[2024-09-02T21:52:48.275+0000] {logging_mixin.py:188} INFO - [2024-09-02T21:52:48.274+0000] {dag.py:3954} INFO - Setting next_dagrun for example_branch_operator to 2024-09-01 00:00:00+00:00, run_after=2024-09-02 00:00:00+00:00
[2024-09-02T21:52:48.325+0000] {processor.py:183} INFO - Processing /home/airflow/.local/lib/python3.12/site-packages/airflow/example_dags/example_branch_operator.py took 0.223 seconds
[2024-09-02T21:53:18.624+0000] {processor.py:161} INFO - Started process (PID=1127) to work on /home/airflow/.local/lib/python3.12/site-packages/airflow/example_dags/example_branch_operator.py
[2024-09-02T21:53:18.626+0000] {processor.py:830} INFO - Processing file /home/airflow/.local/lib/python3.12/site-packages/airflow/example_dags/example_branch_operator.py for tasks to queue
[2024-09-02T21:53:18.629+0000] {logging_mixin.py:188} INFO - [2024-09-02T21:53:18.628+0000] {dagbag.py:545} INFO - Filling up the DagBag from /home/airflow/.local/lib/python3.12/site-packages/airflow/example_dags/example_branch_operator.py
[2024-09-02T21:53:18.657+0000] {processor.py:840} INFO - DAG(s) 'example_branch_operator' retrieved from /home/airflow/.local/lib/python3.12/site-packages/airflow/example_dags/example_branch_operator.py
[2024-09-02T21:53:18.726+0000] {logging_mixin.py:188} INFO - [2024-09-02T21:53:18.725+0000] {dag.py:3096} INFO - Sync 1 DAGs
[2024-09-02T21:53:18.766+0000] {logging_mixin.py:188} INFO - [2024-09-02T21:53:18.766+0000] {dag.py:3954} INFO - Setting next_dagrun for example_branch_operator to 2024-09-01 00:00:00+00:00, run_after=2024-09-02 00:00:00+00:00
[2024-09-02T21:53:18.802+0000] {processor.py:183} INFO - Processing /home/airflow/.local/lib/python3.12/site-packages/airflow/example_dags/example_branch_operator.py took 0.187 seconds
[2024-09-02T21:53:49.671+0000] {processor.py:161} INFO - Started process (PID=1188) to work on /home/airflow/.local/lib/python3.12/site-packages/airflow/example_dags/example_branch_operator.py
[2024-09-02T21:53:49.673+0000] {processor.py:830} INFO - Processing file /home/airflow/.local/lib/python3.12/site-packages/airflow/example_dags/example_branch_operator.py for tasks to queue
[2024-09-02T21:53:49.677+0000] {logging_mixin.py:188} INFO - [2024-09-02T21:53:49.676+0000] {dagbag.py:545} INFO - Filling up the DagBag from /home/airflow/.local/lib/python3.12/site-packages/airflow/example_dags/example_branch_operator.py
[2024-09-02T21:53:49.715+0000] {processor.py:840} INFO - DAG(s) 'example_branch_operator' retrieved from /home/airflow/.local/lib/python3.12/site-packages/airflow/example_dags/example_branch_operator.py
[2024-09-02T21:53:49.769+0000] {logging_mixin.py:188} INFO - [2024-09-02T21:53:49.769+0000] {dag.py:3096} INFO - Sync 1 DAGs
[2024-09-02T21:53:49.824+0000] {logging_mixin.py:188} INFO - [2024-09-02T21:53:49.823+0000] {dag.py:3954} INFO - Setting next_dagrun for example_branch_operator to 2024-09-01 00:00:00+00:00, run_after=2024-09-02 00:00:00+00:00
[2024-09-02T21:53:49.861+0000] {processor.py:183} INFO - Processing /home/airflow/.local/lib/python3.12/site-packages/airflow/example_dags/example_branch_operator.py took 0.204 seconds
[2024-09-02T21:54:20.105+0000] {processor.py:161} INFO - Started process (PID=1248) to work on /home/airflow/.local/lib/python3.12/site-packages/airflow/example_dags/example_branch_operator.py
[2024-09-02T21:54:20.107+0000] {processor.py:830} INFO - Processing file /home/airflow/.local/lib/python3.12/site-packages/airflow/example_dags/example_branch_operator.py for tasks to queue
[2024-09-02T21:54:20.111+0000] {logging_mixin.py:188} INFO - [2024-09-02T21:54:20.110+0000] {dagbag.py:545} INFO - Filling up the DagBag from /home/airflow/.local/lib/python3.12/site-packages/airflow/example_dags/example_branch_operator.py
[2024-09-02T21:54:20.159+0000] {processor.py:840} INFO - DAG(s) 'example_branch_operator' retrieved from /home/airflow/.local/lib/python3.12/site-packages/airflow/example_dags/example_branch_operator.py
[2024-09-02T21:54:20.248+0000] {logging_mixin.py:188} INFO - [2024-09-02T21:54:20.247+0000] {dag.py:3096} INFO - Sync 1 DAGs
[2024-09-02T21:54:20.304+0000] {logging_mixin.py:188} INFO - [2024-09-02T21:54:20.303+0000] {dag.py:3954} INFO - Setting next_dagrun for example_branch_operator to 2024-09-01 00:00:00+00:00, run_after=2024-09-02 00:00:00+00:00
[2024-09-02T21:54:20.362+0000] {processor.py:183} INFO - Processing /home/airflow/.local/lib/python3.12/site-packages/airflow/example_dags/example_branch_operator.py took 0.269 seconds
[2024-09-02T21:54:50.683+0000] {processor.py:161} INFO - Started process (PID=1308) to work on /home/airflow/.local/lib/python3.12/site-packages/airflow/example_dags/example_branch_operator.py
[2024-09-02T21:54:50.685+0000] {processor.py:830} INFO - Processing file /home/airflow/.local/lib/python3.12/site-packages/airflow/example_dags/example_branch_operator.py for tasks to queue
[2024-09-02T21:54:50.687+0000] {logging_mixin.py:188} INFO - [2024-09-02T21:54:50.687+0000] {dagbag.py:545} INFO - Filling up the DagBag from /home/airflow/.local/lib/python3.12/site-packages/airflow/example_dags/example_branch_operator.py
[2024-09-02T21:54:50.712+0000] {processor.py:840} INFO - DAG(s) 'example_branch_operator' retrieved from /home/airflow/.local/lib/python3.12/site-packages/airflow/example_dags/example_branch_operator.py
[2024-09-02T21:54:50.759+0000] {logging_mixin.py:188} INFO - [2024-09-02T21:54:50.759+0000] {dag.py:3096} INFO - Sync 1 DAGs
[2024-09-02T21:54:50.794+0000] {logging_mixin.py:188} INFO - [2024-09-02T21:54:50.794+0000] {dag.py:3954} INFO - Setting next_dagrun for example_branch_operator to 2024-09-01 00:00:00+00:00, run_after=2024-09-02 00:00:00+00:00
[2024-09-02T21:54:50.826+0000] {processor.py:183} INFO - Processing /home/airflow/.local/lib/python3.12/site-packages/airflow/example_dags/example_branch_operator.py took 0.152 seconds
[2024-09-02T21:55:21.134+0000] {processor.py:161} INFO - Started process (PID=1372) to work on /home/airflow/.local/lib/python3.12/site-packages/airflow/example_dags/example_branch_operator.py
[2024-09-02T21:55:21.135+0000] {processor.py:830} INFO - Processing file /home/airflow/.local/lib/python3.12/site-packages/airflow/example_dags/example_branch_operator.py for tasks to queue
[2024-09-02T21:55:21.137+0000] {logging_mixin.py:188} INFO - [2024-09-02T21:55:21.136+0000] {dagbag.py:545} INFO - Filling up the DagBag from /home/airflow/.local/lib/python3.12/site-packages/airflow/example_dags/example_branch_operator.py
[2024-09-02T21:55:21.159+0000] {processor.py:840} INFO - DAG(s) 'example_branch_operator' retrieved from /home/airflow/.local/lib/python3.12/site-packages/airflow/example_dags/example_branch_operator.py
[2024-09-02T21:55:21.197+0000] {logging_mixin.py:188} INFO - [2024-09-02T21:55:21.197+0000] {dag.py:3096} INFO - Sync 1 DAGs
[2024-09-02T21:55:21.228+0000] {logging_mixin.py:188} INFO - [2024-09-02T21:55:21.228+0000] {dag.py:3954} INFO - Setting next_dagrun for example_branch_operator to 2024-09-01 00:00:00+00:00, run_after=2024-09-02 00:00:00+00:00
[2024-09-02T21:55:21.262+0000] {processor.py:183} INFO - Processing /home/airflow/.local/lib/python3.12/site-packages/airflow/example_dags/example_branch_operator.py took 0.133 seconds
[2024-09-02T21:55:51.590+0000] {processor.py:161} INFO - Started process (PID=1434) to work on /home/airflow/.local/lib/python3.12/site-packages/airflow/example_dags/example_branch_operator.py
[2024-09-02T21:55:51.591+0000] {processor.py:830} INFO - Processing file /home/airflow/.local/lib/python3.12/site-packages/airflow/example_dags/example_branch_operator.py for tasks to queue
[2024-09-02T21:55:51.593+0000] {logging_mixin.py:188} INFO - [2024-09-02T21:55:51.593+0000] {dagbag.py:545} INFO - Filling up the DagBag from /home/airflow/.local/lib/python3.12/site-packages/airflow/example_dags/example_branch_operator.py
[2024-09-02T21:55:51.613+0000] {processor.py:840} INFO - DAG(s) 'example_branch_operator' retrieved from /home/airflow/.local/lib/python3.12/site-packages/airflow/example_dags/example_branch_operator.py
[2024-09-02T21:55:51.652+0000] {logging_mixin.py:188} INFO - [2024-09-02T21:55:51.651+0000] {dag.py:3096} INFO - Sync 1 DAGs
[2024-09-02T21:55:51.681+0000] {logging_mixin.py:188} INFO - [2024-09-02T21:55:51.680+0000] {dag.py:3954} INFO - Setting next_dagrun for example_branch_operator to 2024-09-01 00:00:00+00:00, run_after=2024-09-02 00:00:00+00:00
[2024-09-02T21:55:51.707+0000] {processor.py:183} INFO - Processing /home/airflow/.local/lib/python3.12/site-packages/airflow/example_dags/example_branch_operator.py took 0.123 seconds
