[2024-09-02T21:35:08.573+0000] {processor.py:161} INFO - Started process (PID=96) to work on /home/airflow/.local/lib/python3.12/site-packages/airflow/example_dags/example_params_trigger_ui.py
[2024-09-02T21:35:08.577+0000] {processor.py:830} INFO - Processing file /home/airflow/.local/lib/python3.12/site-packages/airflow/example_dags/example_params_trigger_ui.py for tasks to queue
[2024-09-02T21:35:08.585+0000] {logging_mixin.py:188} INFO - [2024-09-02T21:35:08.583+0000] {dagbag.py:545} INFO - Filling up the DagBag from /home/airflow/.local/lib/python3.12/site-packages/airflow/example_dags/example_params_trigger_ui.py
[2024-09-02T21:35:08.643+0000] {processor.py:840} INFO - DAG(s) 'example_params_trigger_ui' retrieved from /home/airflow/.local/lib/python3.12/site-packages/airflow/example_dags/example_params_trigger_ui.py
[2024-09-02T21:35:09.371+0000] {logging_mixin.py:188} INFO - [2024-09-02T21:35:09.367+0000] {override.py:1829} INFO - Created Permission View: can edit on DAG:example_params_trigger_ui
[2024-09-02T21:35:09.425+0000] {logging_mixin.py:188} INFO - [2024-09-02T21:35:09.424+0000] {override.py:1829} INFO - Created Permission View: can delete on DAG:example_params_trigger_ui
[2024-09-02T21:35:09.460+0000] {logging_mixin.py:188} INFO - [2024-09-02T21:35:09.454+0000] {override.py:1829} INFO - Created Permission View: can read on DAG:example_params_trigger_ui
[2024-09-02T21:35:09.464+0000] {logging_mixin.py:188} INFO - [2024-09-02T21:35:09.463+0000] {dag.py:3096} INFO - Sync 1 DAGs
[2024-09-02T21:35:09.537+0000] {logging_mixin.py:188} INFO - [2024-09-02T21:35:09.537+0000] {dag.py:3118} INFO - Creating ORM DAG for example_params_trigger_ui
[2024-09-02T21:35:09.541+0000] {logging_mixin.py:188} INFO - [2024-09-02T21:35:09.541+0000] {dag.py:3954} INFO - Setting next_dagrun for example_params_trigger_ui to None, run_after=None
[2024-09-02T21:35:09.614+0000] {processor.py:183} INFO - Processing /home/airflow/.local/lib/python3.12/site-packages/airflow/example_dags/example_params_trigger_ui.py took 1.062 seconds
[2024-09-02T21:35:40.639+0000] {processor.py:161} INFO - Started process (PID=155) to work on /home/airflow/.local/lib/python3.12/site-packages/airflow/example_dags/example_params_trigger_ui.py
[2024-09-02T21:35:40.662+0000] {processor.py:830} INFO - Processing file /home/airflow/.local/lib/python3.12/site-packages/airflow/example_dags/example_params_trigger_ui.py for tasks to queue
[2024-09-02T21:35:40.669+0000] {logging_mixin.py:188} INFO - [2024-09-02T21:35:40.667+0000] {dagbag.py:545} INFO - Filling up the DagBag from /home/airflow/.local/lib/python3.12/site-packages/airflow/example_dags/example_params_trigger_ui.py
[2024-09-02T21:35:40.807+0000] {processor.py:840} INFO - DAG(s) 'example_params_trigger_ui' retrieved from /home/airflow/.local/lib/python3.12/site-packages/airflow/example_dags/example_params_trigger_ui.py
[2024-09-02T21:35:41.222+0000] {logging_mixin.py:188} INFO - [2024-09-02T21:35:41.221+0000] {dag.py:3096} INFO - Sync 1 DAGs
[2024-09-02T21:35:41.350+0000] {logging_mixin.py:188} INFO - [2024-09-02T21:35:41.349+0000] {dag.py:3954} INFO - Setting next_dagrun for example_params_trigger_ui to None, run_after=None
[2024-09-02T21:35:41.592+0000] {processor.py:183} INFO - Processing /home/airflow/.local/lib/python3.12/site-packages/airflow/example_dags/example_params_trigger_ui.py took 0.985 seconds
[2024-09-02T21:36:12.213+0000] {processor.py:161} INFO - Started process (PID=215) to work on /home/airflow/.local/lib/python3.12/site-packages/airflow/example_dags/example_params_trigger_ui.py
[2024-09-02T21:36:12.228+0000] {processor.py:830} INFO - Processing file /home/airflow/.local/lib/python3.12/site-packages/airflow/example_dags/example_params_trigger_ui.py for tasks to queue
[2024-09-02T21:36:12.236+0000] {logging_mixin.py:188} INFO - [2024-09-02T21:36:12.235+0000] {dagbag.py:545} INFO - Filling up the DagBag from /home/airflow/.local/lib/python3.12/site-packages/airflow/example_dags/example_params_trigger_ui.py
[2024-09-02T21:36:12.303+0000] {processor.py:840} INFO - DAG(s) 'example_params_trigger_ui' retrieved from /home/airflow/.local/lib/python3.12/site-packages/airflow/example_dags/example_params_trigger_ui.py
[2024-09-02T21:36:12.592+0000] {logging_mixin.py:188} INFO - [2024-09-02T21:36:12.591+0000] {dag.py:3096} INFO - Sync 1 DAGs
[2024-09-02T21:36:12.669+0000] {logging_mixin.py:188} INFO - [2024-09-02T21:36:12.669+0000] {dag.py:3954} INFO - Setting next_dagrun for example_params_trigger_ui to None, run_after=None
[2024-09-02T21:36:12.790+0000] {processor.py:183} INFO - Processing /home/airflow/.local/lib/python3.12/site-packages/airflow/example_dags/example_params_trigger_ui.py took 0.607 seconds
[2024-09-02T21:38:41.638+0000] {processor.py:161} INFO - Started process (PID=94) to work on /home/airflow/.local/lib/python3.12/site-packages/airflow/example_dags/example_params_trigger_ui.py
[2024-09-02T21:38:41.641+0000] {processor.py:830} INFO - Processing file /home/airflow/.local/lib/python3.12/site-packages/airflow/example_dags/example_params_trigger_ui.py for tasks to queue
[2024-09-02T21:38:41.647+0000] {logging_mixin.py:188} INFO - [2024-09-02T21:38:41.646+0000] {dagbag.py:545} INFO - Filling up the DagBag from /home/airflow/.local/lib/python3.12/site-packages/airflow/example_dags/example_params_trigger_ui.py
[2024-09-02T21:38:41.693+0000] {processor.py:840} INFO - DAG(s) 'example_params_trigger_ui' retrieved from /home/airflow/.local/lib/python3.12/site-packages/airflow/example_dags/example_params_trigger_ui.py
[2024-09-02T21:38:42.168+0000] {logging_mixin.py:188} INFO - [2024-09-02T21:38:42.164+0000] {override.py:1829} INFO - Created Permission View: can edit on DAG:example_params_trigger_ui
[2024-09-02T21:38:42.200+0000] {logging_mixin.py:188} INFO - [2024-09-02T21:38:42.199+0000] {override.py:1829} INFO - Created Permission View: can read on DAG:example_params_trigger_ui
[2024-09-02T21:38:42.219+0000] {logging_mixin.py:188} INFO - [2024-09-02T21:38:42.218+0000] {override.py:1829} INFO - Created Permission View: can delete on DAG:example_params_trigger_ui
[2024-09-02T21:38:42.220+0000] {logging_mixin.py:188} INFO - [2024-09-02T21:38:42.220+0000] {dag.py:3096} INFO - Sync 1 DAGs
[2024-09-02T21:38:42.264+0000] {logging_mixin.py:188} INFO - [2024-09-02T21:38:42.263+0000] {dag.py:3118} INFO - Creating ORM DAG for example_params_trigger_ui
[2024-09-02T21:38:42.267+0000] {logging_mixin.py:188} INFO - [2024-09-02T21:38:42.267+0000] {dag.py:3954} INFO - Setting next_dagrun for example_params_trigger_ui to None, run_after=None
[2024-09-02T21:38:42.326+0000] {processor.py:183} INFO - Processing /home/airflow/.local/lib/python3.12/site-packages/airflow/example_dags/example_params_trigger_ui.py took 0.705 seconds
[2024-09-02T21:39:12.827+0000] {processor.py:161} INFO - Started process (PID=154) to work on /home/airflow/.local/lib/python3.12/site-packages/airflow/example_dags/example_params_trigger_ui.py
[2024-09-02T21:39:12.828+0000] {processor.py:830} INFO - Processing file /home/airflow/.local/lib/python3.12/site-packages/airflow/example_dags/example_params_trigger_ui.py for tasks to queue
[2024-09-02T21:39:12.831+0000] {logging_mixin.py:188} INFO - [2024-09-02T21:39:12.830+0000] {dagbag.py:545} INFO - Filling up the DagBag from /home/airflow/.local/lib/python3.12/site-packages/airflow/example_dags/example_params_trigger_ui.py
[2024-09-02T21:39:12.849+0000] {processor.py:840} INFO - DAG(s) 'example_params_trigger_ui' retrieved from /home/airflow/.local/lib/python3.12/site-packages/airflow/example_dags/example_params_trigger_ui.py
[2024-09-02T21:39:12.936+0000] {logging_mixin.py:188} INFO - [2024-09-02T21:39:12.935+0000] {dag.py:3096} INFO - Sync 1 DAGs
[2024-09-02T21:39:12.963+0000] {logging_mixin.py:188} INFO - [2024-09-02T21:39:12.962+0000] {dag.py:3954} INFO - Setting next_dagrun for example_params_trigger_ui to None, run_after=None
[2024-09-02T21:39:13.000+0000] {processor.py:183} INFO - Processing /home/airflow/.local/lib/python3.12/site-packages/airflow/example_dags/example_params_trigger_ui.py took 0.181 seconds
[2024-09-02T21:39:43.176+0000] {processor.py:161} INFO - Started process (PID=214) to work on /home/airflow/.local/lib/python3.12/site-packages/airflow/example_dags/example_params_trigger_ui.py
[2024-09-02T21:39:43.177+0000] {processor.py:830} INFO - Processing file /home/airflow/.local/lib/python3.12/site-packages/airflow/example_dags/example_params_trigger_ui.py for tasks to queue
[2024-09-02T21:39:43.180+0000] {logging_mixin.py:188} INFO - [2024-09-02T21:39:43.179+0000] {dagbag.py:545} INFO - Filling up the DagBag from /home/airflow/.local/lib/python3.12/site-packages/airflow/example_dags/example_params_trigger_ui.py
[2024-09-02T21:39:43.197+0000] {processor.py:840} INFO - DAG(s) 'example_params_trigger_ui' retrieved from /home/airflow/.local/lib/python3.12/site-packages/airflow/example_dags/example_params_trigger_ui.py
[2024-09-02T21:39:43.253+0000] {logging_mixin.py:188} INFO - [2024-09-02T21:39:43.253+0000] {dag.py:3096} INFO - Sync 1 DAGs
[2024-09-02T21:39:43.269+0000] {logging_mixin.py:188} INFO - [2024-09-02T21:39:43.269+0000] {dag.py:3954} INFO - Setting next_dagrun for example_params_trigger_ui to None, run_after=None
[2024-09-02T21:39:43.293+0000] {processor.py:183} INFO - Processing /home/airflow/.local/lib/python3.12/site-packages/airflow/example_dags/example_params_trigger_ui.py took 0.123 seconds
[2024-09-02T21:40:13.430+0000] {processor.py:161} INFO - Started process (PID=274) to work on /home/airflow/.local/lib/python3.12/site-packages/airflow/example_dags/example_params_trigger_ui.py
[2024-09-02T21:40:13.432+0000] {processor.py:830} INFO - Processing file /home/airflow/.local/lib/python3.12/site-packages/airflow/example_dags/example_params_trigger_ui.py for tasks to queue
[2024-09-02T21:40:13.436+0000] {logging_mixin.py:188} INFO - [2024-09-02T21:40:13.435+0000] {dagbag.py:545} INFO - Filling up the DagBag from /home/airflow/.local/lib/python3.12/site-packages/airflow/example_dags/example_params_trigger_ui.py
[2024-09-02T21:40:13.472+0000] {processor.py:840} INFO - DAG(s) 'example_params_trigger_ui' retrieved from /home/airflow/.local/lib/python3.12/site-packages/airflow/example_dags/example_params_trigger_ui.py
[2024-09-02T21:40:13.631+0000] {logging_mixin.py:188} INFO - [2024-09-02T21:40:13.630+0000] {dag.py:3096} INFO - Sync 1 DAGs
[2024-09-02T21:40:13.661+0000] {logging_mixin.py:188} INFO - [2024-09-02T21:40:13.660+0000] {dag.py:3954} INFO - Setting next_dagrun for example_params_trigger_ui to None, run_after=None
[2024-09-02T21:40:13.697+0000] {processor.py:183} INFO - Processing /home/airflow/.local/lib/python3.12/site-packages/airflow/example_dags/example_params_trigger_ui.py took 0.280 seconds
[2024-09-02T21:40:43.974+0000] {processor.py:161} INFO - Started process (PID=334) to work on /home/airflow/.local/lib/python3.12/site-packages/airflow/example_dags/example_params_trigger_ui.py
[2024-09-02T21:40:43.975+0000] {processor.py:830} INFO - Processing file /home/airflow/.local/lib/python3.12/site-packages/airflow/example_dags/example_params_trigger_ui.py for tasks to queue
[2024-09-02T21:40:43.977+0000] {logging_mixin.py:188} INFO - [2024-09-02T21:40:43.977+0000] {dagbag.py:545} INFO - Filling up the DagBag from /home/airflow/.local/lib/python3.12/site-packages/airflow/example_dags/example_params_trigger_ui.py
[2024-09-02T21:40:43.993+0000] {processor.py:840} INFO - DAG(s) 'example_params_trigger_ui' retrieved from /home/airflow/.local/lib/python3.12/site-packages/airflow/example_dags/example_params_trigger_ui.py
[2024-09-02T21:40:44.045+0000] {logging_mixin.py:188} INFO - [2024-09-02T21:40:44.045+0000] {dag.py:3096} INFO - Sync 1 DAGs
[2024-09-02T21:40:44.059+0000] {logging_mixin.py:188} INFO - [2024-09-02T21:40:44.059+0000] {dag.py:3954} INFO - Setting next_dagrun for example_params_trigger_ui to None, run_after=None
[2024-09-02T21:40:44.084+0000] {processor.py:183} INFO - Processing /home/airflow/.local/lib/python3.12/site-packages/airflow/example_dags/example_params_trigger_ui.py took 0.114 seconds
[2024-09-02T21:41:14.523+0000] {processor.py:161} INFO - Started process (PID=394) to work on /home/airflow/.local/lib/python3.12/site-packages/airflow/example_dags/example_params_trigger_ui.py
[2024-09-02T21:41:14.553+0000] {processor.py:830} INFO - Processing file /home/airflow/.local/lib/python3.12/site-packages/airflow/example_dags/example_params_trigger_ui.py for tasks to queue
[2024-09-02T21:41:14.588+0000] {logging_mixin.py:188} INFO - [2024-09-02T21:41:14.586+0000] {dagbag.py:545} INFO - Filling up the DagBag from /home/airflow/.local/lib/python3.12/site-packages/airflow/example_dags/example_params_trigger_ui.py
[2024-09-02T21:41:14.695+0000] {processor.py:840} INFO - DAG(s) 'example_params_trigger_ui' retrieved from /home/airflow/.local/lib/python3.12/site-packages/airflow/example_dags/example_params_trigger_ui.py
[2024-09-02T21:41:16.562+0000] {logging_mixin.py:188} INFO - [2024-09-02T21:41:16.562+0000] {process_utils.py:263} INFO - Waiting up to 5 seconds for processes to exit...
[2024-09-02T21:41:16.593+0000] {logging_mixin.py:188} INFO - [2024-09-02T21:41:16.593+0000] {process_utils.py:263} INFO - Waiting up to 5 seconds for processes to exit...
[2024-09-02T21:44:33.867+0000] {processor.py:161} INFO - Started process (PID=88) to work on /home/airflow/.local/lib/python3.12/site-packages/airflow/example_dags/example_params_trigger_ui.py
[2024-09-02T21:44:33.869+0000] {processor.py:830} INFO - Processing file /home/airflow/.local/lib/python3.12/site-packages/airflow/example_dags/example_params_trigger_ui.py for tasks to queue
[2024-09-02T21:44:33.874+0000] {logging_mixin.py:188} INFO - [2024-09-02T21:44:33.873+0000] {dagbag.py:545} INFO - Filling up the DagBag from /home/airflow/.local/lib/python3.12/site-packages/airflow/example_dags/example_params_trigger_ui.py
[2024-09-02T21:44:33.914+0000] {processor.py:840} INFO - DAG(s) 'example_params_trigger_ui' retrieved from /home/airflow/.local/lib/python3.12/site-packages/airflow/example_dags/example_params_trigger_ui.py
[2024-09-02T21:44:34.458+0000] {logging_mixin.py:188} INFO - [2024-09-02T21:44:34.456+0000] {override.py:1829} INFO - Created Permission View: can read on DAG:example_params_trigger_ui
[2024-09-02T21:44:34.479+0000] {logging_mixin.py:188} INFO - [2024-09-02T21:44:34.478+0000] {override.py:1829} INFO - Created Permission View: can delete on DAG:example_params_trigger_ui
[2024-09-02T21:44:34.496+0000] {logging_mixin.py:188} INFO - [2024-09-02T21:44:34.496+0000] {override.py:1829} INFO - Created Permission View: can edit on DAG:example_params_trigger_ui
[2024-09-02T21:44:34.498+0000] {logging_mixin.py:188} INFO - [2024-09-02T21:44:34.497+0000] {dag.py:3096} INFO - Sync 1 DAGs
[2024-09-02T21:44:34.531+0000] {logging_mixin.py:188} INFO - [2024-09-02T21:44:34.531+0000] {dag.py:3118} INFO - Creating ORM DAG for example_params_trigger_ui
[2024-09-02T21:44:34.535+0000] {logging_mixin.py:188} INFO - [2024-09-02T21:44:34.534+0000] {dag.py:3954} INFO - Setting next_dagrun for example_params_trigger_ui to None, run_after=None
[2024-09-02T21:44:34.598+0000] {processor.py:183} INFO - Processing /home/airflow/.local/lib/python3.12/site-packages/airflow/example_dags/example_params_trigger_ui.py took 0.746 seconds
[2024-09-02T21:45:04.708+0000] {processor.py:161} INFO - Started process (PID=148) to work on /home/airflow/.local/lib/python3.12/site-packages/airflow/example_dags/example_params_trigger_ui.py
[2024-09-02T21:45:04.709+0000] {processor.py:830} INFO - Processing file /home/airflow/.local/lib/python3.12/site-packages/airflow/example_dags/example_params_trigger_ui.py for tasks to queue
[2024-09-02T21:45:04.711+0000] {logging_mixin.py:188} INFO - [2024-09-02T21:45:04.711+0000] {dagbag.py:545} INFO - Filling up the DagBag from /home/airflow/.local/lib/python3.12/site-packages/airflow/example_dags/example_params_trigger_ui.py
[2024-09-02T21:45:04.726+0000] {processor.py:840} INFO - DAG(s) 'example_params_trigger_ui' retrieved from /home/airflow/.local/lib/python3.12/site-packages/airflow/example_dags/example_params_trigger_ui.py
[2024-09-02T21:45:04.805+0000] {logging_mixin.py:188} INFO - [2024-09-02T21:45:04.805+0000] {dag.py:3096} INFO - Sync 1 DAGs
[2024-09-02T21:45:04.827+0000] {logging_mixin.py:188} INFO - [2024-09-02T21:45:04.827+0000] {dag.py:3954} INFO - Setting next_dagrun for example_params_trigger_ui to None, run_after=None
[2024-09-02T21:45:04.848+0000] {processor.py:183} INFO - Processing /home/airflow/.local/lib/python3.12/site-packages/airflow/example_dags/example_params_trigger_ui.py took 0.146 seconds
[2024-09-02T21:45:35.452+0000] {processor.py:161} INFO - Started process (PID=208) to work on /home/airflow/.local/lib/python3.12/site-packages/airflow/example_dags/example_params_trigger_ui.py
[2024-09-02T21:45:35.453+0000] {processor.py:830} INFO - Processing file /home/airflow/.local/lib/python3.12/site-packages/airflow/example_dags/example_params_trigger_ui.py for tasks to queue
[2024-09-02T21:45:35.456+0000] {logging_mixin.py:188} INFO - [2024-09-02T21:45:35.455+0000] {dagbag.py:545} INFO - Filling up the DagBag from /home/airflow/.local/lib/python3.12/site-packages/airflow/example_dags/example_params_trigger_ui.py
[2024-09-02T21:45:35.472+0000] {processor.py:840} INFO - DAG(s) 'example_params_trigger_ui' retrieved from /home/airflow/.local/lib/python3.12/site-packages/airflow/example_dags/example_params_trigger_ui.py
[2024-09-02T21:45:35.522+0000] {logging_mixin.py:188} INFO - [2024-09-02T21:45:35.522+0000] {dag.py:3096} INFO - Sync 1 DAGs
[2024-09-02T21:45:35.537+0000] {logging_mixin.py:188} INFO - [2024-09-02T21:45:35.537+0000] {dag.py:3954} INFO - Setting next_dagrun for example_params_trigger_ui to None, run_after=None
[2024-09-02T21:45:35.554+0000] {processor.py:183} INFO - Processing /home/airflow/.local/lib/python3.12/site-packages/airflow/example_dags/example_params_trigger_ui.py took 0.110 seconds
[2024-09-02T21:46:05.923+0000] {processor.py:161} INFO - Started process (PID=269) to work on /home/airflow/.local/lib/python3.12/site-packages/airflow/example_dags/example_params_trigger_ui.py
[2024-09-02T21:46:05.924+0000] {processor.py:830} INFO - Processing file /home/airflow/.local/lib/python3.12/site-packages/airflow/example_dags/example_params_trigger_ui.py for tasks to queue
[2024-09-02T21:46:05.925+0000] {logging_mixin.py:188} INFO - [2024-09-02T21:46:05.925+0000] {dagbag.py:545} INFO - Filling up the DagBag from /home/airflow/.local/lib/python3.12/site-packages/airflow/example_dags/example_params_trigger_ui.py
[2024-09-02T21:46:05.938+0000] {processor.py:840} INFO - DAG(s) 'example_params_trigger_ui' retrieved from /home/airflow/.local/lib/python3.12/site-packages/airflow/example_dags/example_params_trigger_ui.py
[2024-09-02T21:46:05.984+0000] {logging_mixin.py:188} INFO - [2024-09-02T21:46:05.984+0000] {dag.py:3096} INFO - Sync 1 DAGs
[2024-09-02T21:46:06.000+0000] {logging_mixin.py:188} INFO - [2024-09-02T21:46:05.999+0000] {dag.py:3954} INFO - Setting next_dagrun for example_params_trigger_ui to None, run_after=None
[2024-09-02T21:46:06.021+0000] {processor.py:183} INFO - Processing /home/airflow/.local/lib/python3.12/site-packages/airflow/example_dags/example_params_trigger_ui.py took 0.104 seconds
[2024-09-02T21:46:36.731+0000] {processor.py:161} INFO - Started process (PID=329) to work on /home/airflow/.local/lib/python3.12/site-packages/airflow/example_dags/example_params_trigger_ui.py
[2024-09-02T21:46:36.733+0000] {processor.py:830} INFO - Processing file /home/airflow/.local/lib/python3.12/site-packages/airflow/example_dags/example_params_trigger_ui.py for tasks to queue
[2024-09-02T21:46:36.735+0000] {logging_mixin.py:188} INFO - [2024-09-02T21:46:36.734+0000] {dagbag.py:545} INFO - Filling up the DagBag from /home/airflow/.local/lib/python3.12/site-packages/airflow/example_dags/example_params_trigger_ui.py
[2024-09-02T21:46:36.748+0000] {processor.py:840} INFO - DAG(s) 'example_params_trigger_ui' retrieved from /home/airflow/.local/lib/python3.12/site-packages/airflow/example_dags/example_params_trigger_ui.py
[2024-09-02T21:46:36.800+0000] {logging_mixin.py:188} INFO - [2024-09-02T21:46:36.799+0000] {dag.py:3096} INFO - Sync 1 DAGs
[2024-09-02T21:46:36.813+0000] {logging_mixin.py:188} INFO - [2024-09-02T21:46:36.813+0000] {dag.py:3954} INFO - Setting next_dagrun for example_params_trigger_ui to None, run_after=None
[2024-09-02T21:46:36.835+0000] {processor.py:183} INFO - Processing /home/airflow/.local/lib/python3.12/site-packages/airflow/example_dags/example_params_trigger_ui.py took 0.110 seconds
[2024-09-02T21:47:07.541+0000] {processor.py:161} INFO - Started process (PID=389) to work on /home/airflow/.local/lib/python3.12/site-packages/airflow/example_dags/example_params_trigger_ui.py
[2024-09-02T21:47:07.542+0000] {processor.py:830} INFO - Processing file /home/airflow/.local/lib/python3.12/site-packages/airflow/example_dags/example_params_trigger_ui.py for tasks to queue
[2024-09-02T21:47:07.545+0000] {logging_mixin.py:188} INFO - [2024-09-02T21:47:07.544+0000] {dagbag.py:545} INFO - Filling up the DagBag from /home/airflow/.local/lib/python3.12/site-packages/airflow/example_dags/example_params_trigger_ui.py
[2024-09-02T21:47:07.562+0000] {processor.py:840} INFO - DAG(s) 'example_params_trigger_ui' retrieved from /home/airflow/.local/lib/python3.12/site-packages/airflow/example_dags/example_params_trigger_ui.py
[2024-09-02T21:47:07.612+0000] {logging_mixin.py:188} INFO - [2024-09-02T21:47:07.612+0000] {dag.py:3096} INFO - Sync 1 DAGs
[2024-09-02T21:47:07.627+0000] {logging_mixin.py:188} INFO - [2024-09-02T21:47:07.626+0000] {dag.py:3954} INFO - Setting next_dagrun for example_params_trigger_ui to None, run_after=None
[2024-09-02T21:47:07.654+0000] {processor.py:183} INFO - Processing /home/airflow/.local/lib/python3.12/site-packages/airflow/example_dags/example_params_trigger_ui.py took 0.119 seconds
[2024-09-02T21:47:38.223+0000] {processor.py:161} INFO - Started process (PID=449) to work on /home/airflow/.local/lib/python3.12/site-packages/airflow/example_dags/example_params_trigger_ui.py
[2024-09-02T21:47:38.225+0000] {processor.py:830} INFO - Processing file /home/airflow/.local/lib/python3.12/site-packages/airflow/example_dags/example_params_trigger_ui.py for tasks to queue
[2024-09-02T21:47:38.230+0000] {logging_mixin.py:188} INFO - [2024-09-02T21:47:38.229+0000] {dagbag.py:545} INFO - Filling up the DagBag from /home/airflow/.local/lib/python3.12/site-packages/airflow/example_dags/example_params_trigger_ui.py
[2024-09-02T21:47:38.285+0000] {processor.py:840} INFO - DAG(s) 'example_params_trigger_ui' retrieved from /home/airflow/.local/lib/python3.12/site-packages/airflow/example_dags/example_params_trigger_ui.py
[2024-09-02T21:47:38.453+0000] {logging_mixin.py:188} INFO - [2024-09-02T21:47:38.452+0000] {dag.py:3096} INFO - Sync 1 DAGs
[2024-09-02T21:47:38.473+0000] {logging_mixin.py:188} INFO - [2024-09-02T21:47:38.473+0000] {dag.py:3954} INFO - Setting next_dagrun for example_params_trigger_ui to None, run_after=None
[2024-09-02T21:47:38.520+0000] {processor.py:183} INFO - Processing /home/airflow/.local/lib/python3.12/site-packages/airflow/example_dags/example_params_trigger_ui.py took 0.321 seconds
[2024-09-02T21:48:09.050+0000] {processor.py:161} INFO - Started process (PID=509) to work on /home/airflow/.local/lib/python3.12/site-packages/airflow/example_dags/example_params_trigger_ui.py
[2024-09-02T21:48:09.052+0000] {processor.py:830} INFO - Processing file /home/airflow/.local/lib/python3.12/site-packages/airflow/example_dags/example_params_trigger_ui.py for tasks to queue
[2024-09-02T21:48:09.055+0000] {logging_mixin.py:188} INFO - [2024-09-02T21:48:09.055+0000] {dagbag.py:545} INFO - Filling up the DagBag from /home/airflow/.local/lib/python3.12/site-packages/airflow/example_dags/example_params_trigger_ui.py
[2024-09-02T21:48:09.074+0000] {processor.py:840} INFO - DAG(s) 'example_params_trigger_ui' retrieved from /home/airflow/.local/lib/python3.12/site-packages/airflow/example_dags/example_params_trigger_ui.py
[2024-09-02T21:48:09.179+0000] {logging_mixin.py:188} INFO - [2024-09-02T21:48:09.179+0000] {dag.py:3096} INFO - Sync 1 DAGs
[2024-09-02T21:48:09.208+0000] {logging_mixin.py:188} INFO - [2024-09-02T21:48:09.207+0000] {dag.py:3954} INFO - Setting next_dagrun for example_params_trigger_ui to None, run_after=None
[2024-09-02T21:48:09.231+0000] {processor.py:183} INFO - Processing /home/airflow/.local/lib/python3.12/site-packages/airflow/example_dags/example_params_trigger_ui.py took 0.190 seconds
[2024-09-02T21:48:39.448+0000] {processor.py:161} INFO - Started process (PID=569) to work on /home/airflow/.local/lib/python3.12/site-packages/airflow/example_dags/example_params_trigger_ui.py
[2024-09-02T21:48:39.450+0000] {processor.py:830} INFO - Processing file /home/airflow/.local/lib/python3.12/site-packages/airflow/example_dags/example_params_trigger_ui.py for tasks to queue
[2024-09-02T21:48:39.454+0000] {logging_mixin.py:188} INFO - [2024-09-02T21:48:39.454+0000] {dagbag.py:545} INFO - Filling up the DagBag from /home/airflow/.local/lib/python3.12/site-packages/airflow/example_dags/example_params_trigger_ui.py
[2024-09-02T21:48:39.481+0000] {processor.py:840} INFO - DAG(s) 'example_params_trigger_ui' retrieved from /home/airflow/.local/lib/python3.12/site-packages/airflow/example_dags/example_params_trigger_ui.py
[2024-09-02T21:48:39.549+0000] {logging_mixin.py:188} INFO - [2024-09-02T21:48:39.549+0000] {dag.py:3096} INFO - Sync 1 DAGs
[2024-09-02T21:48:39.571+0000] {logging_mixin.py:188} INFO - [2024-09-02T21:48:39.571+0000] {dag.py:3954} INFO - Setting next_dagrun for example_params_trigger_ui to None, run_after=None
[2024-09-02T21:48:39.609+0000] {processor.py:183} INFO - Processing /home/airflow/.local/lib/python3.12/site-packages/airflow/example_dags/example_params_trigger_ui.py took 0.174 seconds
[2024-09-02T21:49:10.543+0000] {processor.py:161} INFO - Started process (PID=629) to work on /home/airflow/.local/lib/python3.12/site-packages/airflow/example_dags/example_params_trigger_ui.py
[2024-09-02T21:49:10.545+0000] {processor.py:830} INFO - Processing file /home/airflow/.local/lib/python3.12/site-packages/airflow/example_dags/example_params_trigger_ui.py for tasks to queue
[2024-09-02T21:49:10.548+0000] {logging_mixin.py:188} INFO - [2024-09-02T21:49:10.548+0000] {dagbag.py:545} INFO - Filling up the DagBag from /home/airflow/.local/lib/python3.12/site-packages/airflow/example_dags/example_params_trigger_ui.py
[2024-09-02T21:49:10.575+0000] {processor.py:840} INFO - DAG(s) 'example_params_trigger_ui' retrieved from /home/airflow/.local/lib/python3.12/site-packages/airflow/example_dags/example_params_trigger_ui.py
[2024-09-02T21:49:10.693+0000] {logging_mixin.py:188} INFO - [2024-09-02T21:49:10.693+0000] {dag.py:3096} INFO - Sync 1 DAGs
[2024-09-02T21:49:10.728+0000] {logging_mixin.py:188} INFO - [2024-09-02T21:49:10.727+0000] {dag.py:3954} INFO - Setting next_dagrun for example_params_trigger_ui to None, run_after=None
[2024-09-02T21:49:10.761+0000] {processor.py:183} INFO - Processing /home/airflow/.local/lib/python3.12/site-packages/airflow/example_dags/example_params_trigger_ui.py took 0.228 seconds
[2024-09-02T21:49:41.097+0000] {processor.py:161} INFO - Started process (PID=689) to work on /home/airflow/.local/lib/python3.12/site-packages/airflow/example_dags/example_params_trigger_ui.py
[2024-09-02T21:49:41.099+0000] {processor.py:830} INFO - Processing file /home/airflow/.local/lib/python3.12/site-packages/airflow/example_dags/example_params_trigger_ui.py for tasks to queue
[2024-09-02T21:49:41.103+0000] {logging_mixin.py:188} INFO - [2024-09-02T21:49:41.102+0000] {dagbag.py:545} INFO - Filling up the DagBag from /home/airflow/.local/lib/python3.12/site-packages/airflow/example_dags/example_params_trigger_ui.py
[2024-09-02T21:49:41.126+0000] {processor.py:840} INFO - DAG(s) 'example_params_trigger_ui' retrieved from /home/airflow/.local/lib/python3.12/site-packages/airflow/example_dags/example_params_trigger_ui.py
[2024-09-02T21:49:41.210+0000] {logging_mixin.py:188} INFO - [2024-09-02T21:49:41.209+0000] {dag.py:3096} INFO - Sync 1 DAGs
[2024-09-02T21:49:41.231+0000] {logging_mixin.py:188} INFO - [2024-09-02T21:49:41.230+0000] {dag.py:3954} INFO - Setting next_dagrun for example_params_trigger_ui to None, run_after=None
[2024-09-02T21:49:41.264+0000] {processor.py:183} INFO - Processing /home/airflow/.local/lib/python3.12/site-packages/airflow/example_dags/example_params_trigger_ui.py took 0.176 seconds
[2024-09-02T21:50:11.697+0000] {processor.py:161} INFO - Started process (PID=749) to work on /home/airflow/.local/lib/python3.12/site-packages/airflow/example_dags/example_params_trigger_ui.py
[2024-09-02T21:50:11.698+0000] {processor.py:830} INFO - Processing file /home/airflow/.local/lib/python3.12/site-packages/airflow/example_dags/example_params_trigger_ui.py for tasks to queue
[2024-09-02T21:50:11.702+0000] {logging_mixin.py:188} INFO - [2024-09-02T21:50:11.701+0000] {dagbag.py:545} INFO - Filling up the DagBag from /home/airflow/.local/lib/python3.12/site-packages/airflow/example_dags/example_params_trigger_ui.py
[2024-09-02T21:50:11.731+0000] {processor.py:840} INFO - DAG(s) 'example_params_trigger_ui' retrieved from /home/airflow/.local/lib/python3.12/site-packages/airflow/example_dags/example_params_trigger_ui.py
[2024-09-02T21:50:11.795+0000] {logging_mixin.py:188} INFO - [2024-09-02T21:50:11.795+0000] {dag.py:3096} INFO - Sync 1 DAGs
[2024-09-02T21:50:11.827+0000] {logging_mixin.py:188} INFO - [2024-09-02T21:50:11.827+0000] {dag.py:3954} INFO - Setting next_dagrun for example_params_trigger_ui to None, run_after=None
[2024-09-02T21:50:11.864+0000] {processor.py:183} INFO - Processing /home/airflow/.local/lib/python3.12/site-packages/airflow/example_dags/example_params_trigger_ui.py took 0.180 seconds
[2024-09-02T21:50:41.949+0000] {processor.py:161} INFO - Started process (PID=808) to work on /home/airflow/.local/lib/python3.12/site-packages/airflow/example_dags/example_params_trigger_ui.py
[2024-09-02T21:50:41.951+0000] {processor.py:830} INFO - Processing file /home/airflow/.local/lib/python3.12/site-packages/airflow/example_dags/example_params_trigger_ui.py for tasks to queue
[2024-09-02T21:50:41.955+0000] {logging_mixin.py:188} INFO - [2024-09-02T21:50:41.955+0000] {dagbag.py:545} INFO - Filling up the DagBag from /home/airflow/.local/lib/python3.12/site-packages/airflow/example_dags/example_params_trigger_ui.py
[2024-09-02T21:50:41.980+0000] {processor.py:840} INFO - DAG(s) 'example_params_trigger_ui' retrieved from /home/airflow/.local/lib/python3.12/site-packages/airflow/example_dags/example_params_trigger_ui.py
[2024-09-02T21:50:42.066+0000] {logging_mixin.py:188} INFO - [2024-09-02T21:50:42.065+0000] {dag.py:3096} INFO - Sync 1 DAGs
[2024-09-02T21:50:42.088+0000] {logging_mixin.py:188} INFO - [2024-09-02T21:50:42.088+0000] {dag.py:3954} INFO - Setting next_dagrun for example_params_trigger_ui to None, run_after=None
[2024-09-02T21:50:42.127+0000] {processor.py:183} INFO - Processing /home/airflow/.local/lib/python3.12/site-packages/airflow/example_dags/example_params_trigger_ui.py took 0.194 seconds
[2024-09-02T21:51:13.031+0000] {processor.py:161} INFO - Started process (PID=869) to work on /home/airflow/.local/lib/python3.12/site-packages/airflow/example_dags/example_params_trigger_ui.py
[2024-09-02T21:51:13.032+0000] {processor.py:830} INFO - Processing file /home/airflow/.local/lib/python3.12/site-packages/airflow/example_dags/example_params_trigger_ui.py for tasks to queue
[2024-09-02T21:51:13.036+0000] {logging_mixin.py:188} INFO - [2024-09-02T21:51:13.035+0000] {dagbag.py:545} INFO - Filling up the DagBag from /home/airflow/.local/lib/python3.12/site-packages/airflow/example_dags/example_params_trigger_ui.py
[2024-09-02T21:51:13.058+0000] {processor.py:840} INFO - DAG(s) 'example_params_trigger_ui' retrieved from /home/airflow/.local/lib/python3.12/site-packages/airflow/example_dags/example_params_trigger_ui.py
[2024-09-02T21:51:13.154+0000] {logging_mixin.py:188} INFO - [2024-09-02T21:51:13.154+0000] {dag.py:3096} INFO - Sync 1 DAGs
[2024-09-02T21:51:13.173+0000] {logging_mixin.py:188} INFO - [2024-09-02T21:51:13.173+0000] {dag.py:3954} INFO - Setting next_dagrun for example_params_trigger_ui to None, run_after=None
[2024-09-02T21:51:13.200+0000] {processor.py:183} INFO - Processing /home/airflow/.local/lib/python3.12/site-packages/airflow/example_dags/example_params_trigger_ui.py took 0.177 seconds
[2024-09-02T21:51:43.299+0000] {processor.py:161} INFO - Started process (PID=928) to work on /home/airflow/.local/lib/python3.12/site-packages/airflow/example_dags/example_params_trigger_ui.py
[2024-09-02T21:51:43.301+0000] {processor.py:830} INFO - Processing file /home/airflow/.local/lib/python3.12/site-packages/airflow/example_dags/example_params_trigger_ui.py for tasks to queue
[2024-09-02T21:51:43.304+0000] {logging_mixin.py:188} INFO - [2024-09-02T21:51:43.304+0000] {dagbag.py:545} INFO - Filling up the DagBag from /home/airflow/.local/lib/python3.12/site-packages/airflow/example_dags/example_params_trigger_ui.py
[2024-09-02T21:51:43.325+0000] {processor.py:840} INFO - DAG(s) 'example_params_trigger_ui' retrieved from /home/airflow/.local/lib/python3.12/site-packages/airflow/example_dags/example_params_trigger_ui.py
[2024-09-02T21:51:43.408+0000] {logging_mixin.py:188} INFO - [2024-09-02T21:51:43.408+0000] {dag.py:3096} INFO - Sync 1 DAGs
[2024-09-02T21:51:43.428+0000] {logging_mixin.py:188} INFO - [2024-09-02T21:51:43.428+0000] {dag.py:3954} INFO - Setting next_dagrun for example_params_trigger_ui to None, run_after=None
[2024-09-02T21:51:43.468+0000] {processor.py:183} INFO - Processing /home/airflow/.local/lib/python3.12/site-packages/airflow/example_dags/example_params_trigger_ui.py took 0.178 seconds
[2024-09-02T21:52:14.292+0000] {processor.py:161} INFO - Started process (PID=988) to work on /home/airflow/.local/lib/python3.12/site-packages/airflow/example_dags/example_params_trigger_ui.py
[2024-09-02T21:52:14.294+0000] {processor.py:830} INFO - Processing file /home/airflow/.local/lib/python3.12/site-packages/airflow/example_dags/example_params_trigger_ui.py for tasks to queue
[2024-09-02T21:52:14.296+0000] {logging_mixin.py:188} INFO - [2024-09-02T21:52:14.296+0000] {dagbag.py:545} INFO - Filling up the DagBag from /home/airflow/.local/lib/python3.12/site-packages/airflow/example_dags/example_params_trigger_ui.py
[2024-09-02T21:52:14.313+0000] {processor.py:840} INFO - DAG(s) 'example_params_trigger_ui' retrieved from /home/airflow/.local/lib/python3.12/site-packages/airflow/example_dags/example_params_trigger_ui.py
[2024-09-02T21:52:14.383+0000] {logging_mixin.py:188} INFO - [2024-09-02T21:52:14.383+0000] {dag.py:3096} INFO - Sync 1 DAGs
[2024-09-02T21:52:14.405+0000] {logging_mixin.py:188} INFO - [2024-09-02T21:52:14.404+0000] {dag.py:3954} INFO - Setting next_dagrun for example_params_trigger_ui to None, run_after=None
[2024-09-02T21:52:14.433+0000] {processor.py:183} INFO - Processing /home/airflow/.local/lib/python3.12/site-packages/airflow/example_dags/example_params_trigger_ui.py took 0.148 seconds
[2024-09-02T21:52:44.727+0000] {processor.py:161} INFO - Started process (PID=1048) to work on /home/airflow/.local/lib/python3.12/site-packages/airflow/example_dags/example_params_trigger_ui.py
[2024-09-02T21:52:44.728+0000] {processor.py:830} INFO - Processing file /home/airflow/.local/lib/python3.12/site-packages/airflow/example_dags/example_params_trigger_ui.py for tasks to queue
[2024-09-02T21:52:44.730+0000] {logging_mixin.py:188} INFO - [2024-09-02T21:52:44.730+0000] {dagbag.py:545} INFO - Filling up the DagBag from /home/airflow/.local/lib/python3.12/site-packages/airflow/example_dags/example_params_trigger_ui.py
[2024-09-02T21:52:44.742+0000] {processor.py:840} INFO - DAG(s) 'example_params_trigger_ui' retrieved from /home/airflow/.local/lib/python3.12/site-packages/airflow/example_dags/example_params_trigger_ui.py
[2024-09-02T21:52:44.793+0000] {logging_mixin.py:188} INFO - [2024-09-02T21:52:44.793+0000] {dag.py:3096} INFO - Sync 1 DAGs
[2024-09-02T21:52:44.807+0000] {logging_mixin.py:188} INFO - [2024-09-02T21:52:44.807+0000] {dag.py:3954} INFO - Setting next_dagrun for example_params_trigger_ui to None, run_after=None
[2024-09-02T21:52:44.840+0000] {processor.py:183} INFO - Processing /home/airflow/.local/lib/python3.12/site-packages/airflow/example_dags/example_params_trigger_ui.py took 0.118 seconds
[2024-09-02T21:53:15.310+0000] {processor.py:161} INFO - Started process (PID=1108) to work on /home/airflow/.local/lib/python3.12/site-packages/airflow/example_dags/example_params_trigger_ui.py
[2024-09-02T21:53:15.312+0000] {processor.py:830} INFO - Processing file /home/airflow/.local/lib/python3.12/site-packages/airflow/example_dags/example_params_trigger_ui.py for tasks to queue
[2024-09-02T21:53:15.314+0000] {logging_mixin.py:188} INFO - [2024-09-02T21:53:15.313+0000] {dagbag.py:545} INFO - Filling up the DagBag from /home/airflow/.local/lib/python3.12/site-packages/airflow/example_dags/example_params_trigger_ui.py
[2024-09-02T21:53:15.330+0000] {processor.py:840} INFO - DAG(s) 'example_params_trigger_ui' retrieved from /home/airflow/.local/lib/python3.12/site-packages/airflow/example_dags/example_params_trigger_ui.py
[2024-09-02T21:53:15.419+0000] {logging_mixin.py:188} INFO - [2024-09-02T21:53:15.419+0000] {dag.py:3096} INFO - Sync 1 DAGs
[2024-09-02T21:53:15.440+0000] {logging_mixin.py:188} INFO - [2024-09-02T21:53:15.440+0000] {dag.py:3954} INFO - Setting next_dagrun for example_params_trigger_ui to None, run_after=None
[2024-09-02T21:53:15.476+0000] {processor.py:183} INFO - Processing /home/airflow/.local/lib/python3.12/site-packages/airflow/example_dags/example_params_trigger_ui.py took 0.173 seconds
[2024-09-02T21:53:46.367+0000] {processor.py:161} INFO - Started process (PID=1168) to work on /home/airflow/.local/lib/python3.12/site-packages/airflow/example_dags/example_params_trigger_ui.py
[2024-09-02T21:53:46.369+0000] {processor.py:830} INFO - Processing file /home/airflow/.local/lib/python3.12/site-packages/airflow/example_dags/example_params_trigger_ui.py for tasks to queue
[2024-09-02T21:53:46.375+0000] {logging_mixin.py:188} INFO - [2024-09-02T21:53:46.375+0000] {dagbag.py:545} INFO - Filling up the DagBag from /home/airflow/.local/lib/python3.12/site-packages/airflow/example_dags/example_params_trigger_ui.py
[2024-09-02T21:53:46.419+0000] {processor.py:840} INFO - DAG(s) 'example_params_trigger_ui' retrieved from /home/airflow/.local/lib/python3.12/site-packages/airflow/example_dags/example_params_trigger_ui.py
[2024-09-02T21:53:46.535+0000] {logging_mixin.py:188} INFO - [2024-09-02T21:53:46.534+0000] {dag.py:3096} INFO - Sync 1 DAGs
[2024-09-02T21:53:46.564+0000] {logging_mixin.py:188} INFO - [2024-09-02T21:53:46.563+0000] {dag.py:3954} INFO - Setting next_dagrun for example_params_trigger_ui to None, run_after=None
[2024-09-02T21:53:46.595+0000] {processor.py:183} INFO - Processing /home/airflow/.local/lib/python3.12/site-packages/airflow/example_dags/example_params_trigger_ui.py took 0.244 seconds
[2024-09-02T21:54:16.659+0000] {processor.py:161} INFO - Started process (PID=1229) to work on /home/airflow/.local/lib/python3.12/site-packages/airflow/example_dags/example_params_trigger_ui.py
[2024-09-02T21:54:16.660+0000] {processor.py:830} INFO - Processing file /home/airflow/.local/lib/python3.12/site-packages/airflow/example_dags/example_params_trigger_ui.py for tasks to queue
[2024-09-02T21:54:16.663+0000] {logging_mixin.py:188} INFO - [2024-09-02T21:54:16.663+0000] {dagbag.py:545} INFO - Filling up the DagBag from /home/airflow/.local/lib/python3.12/site-packages/airflow/example_dags/example_params_trigger_ui.py
[2024-09-02T21:54:16.684+0000] {processor.py:840} INFO - DAG(s) 'example_params_trigger_ui' retrieved from /home/airflow/.local/lib/python3.12/site-packages/airflow/example_dags/example_params_trigger_ui.py
[2024-09-02T21:54:16.787+0000] {logging_mixin.py:188} INFO - [2024-09-02T21:54:16.786+0000] {dag.py:3096} INFO - Sync 1 DAGs
[2024-09-02T21:54:16.818+0000] {logging_mixin.py:188} INFO - [2024-09-02T21:54:16.818+0000] {dag.py:3954} INFO - Setting next_dagrun for example_params_trigger_ui to None, run_after=None
[2024-09-02T21:54:16.861+0000] {processor.py:183} INFO - Processing /home/airflow/.local/lib/python3.12/site-packages/airflow/example_dags/example_params_trigger_ui.py took 0.212 seconds
[2024-09-02T21:54:47.407+0000] {processor.py:161} INFO - Started process (PID=1289) to work on /home/airflow/.local/lib/python3.12/site-packages/airflow/example_dags/example_params_trigger_ui.py
[2024-09-02T21:54:47.408+0000] {processor.py:830} INFO - Processing file /home/airflow/.local/lib/python3.12/site-packages/airflow/example_dags/example_params_trigger_ui.py for tasks to queue
[2024-09-02T21:54:47.411+0000] {logging_mixin.py:188} INFO - [2024-09-02T21:54:47.411+0000] {dagbag.py:545} INFO - Filling up the DagBag from /home/airflow/.local/lib/python3.12/site-packages/airflow/example_dags/example_params_trigger_ui.py
[2024-09-02T21:54:47.429+0000] {processor.py:840} INFO - DAG(s) 'example_params_trigger_ui' retrieved from /home/airflow/.local/lib/python3.12/site-packages/airflow/example_dags/example_params_trigger_ui.py
[2024-09-02T21:54:47.491+0000] {logging_mixin.py:188} INFO - [2024-09-02T21:54:47.491+0000] {dag.py:3096} INFO - Sync 1 DAGs
[2024-09-02T21:54:47.507+0000] {logging_mixin.py:188} INFO - [2024-09-02T21:54:47.506+0000] {dag.py:3954} INFO - Setting next_dagrun for example_params_trigger_ui to None, run_after=None
[2024-09-02T21:54:47.530+0000] {processor.py:183} INFO - Processing /home/airflow/.local/lib/python3.12/site-packages/airflow/example_dags/example_params_trigger_ui.py took 0.129 seconds
[2024-09-02T21:55:17.891+0000] {processor.py:161} INFO - Started process (PID=1357) to work on /home/airflow/.local/lib/python3.12/site-packages/airflow/example_dags/example_params_trigger_ui.py
[2024-09-02T21:55:17.892+0000] {processor.py:830} INFO - Processing file /home/airflow/.local/lib/python3.12/site-packages/airflow/example_dags/example_params_trigger_ui.py for tasks to queue
[2024-09-02T21:55:17.894+0000] {logging_mixin.py:188} INFO - [2024-09-02T21:55:17.893+0000] {dagbag.py:545} INFO - Filling up the DagBag from /home/airflow/.local/lib/python3.12/site-packages/airflow/example_dags/example_params_trigger_ui.py
[2024-09-02T21:55:17.908+0000] {processor.py:840} INFO - DAG(s) 'example_params_trigger_ui' retrieved from /home/airflow/.local/lib/python3.12/site-packages/airflow/example_dags/example_params_trigger_ui.py
[2024-09-02T21:55:17.959+0000] {logging_mixin.py:188} INFO - [2024-09-02T21:55:17.958+0000] {dag.py:3096} INFO - Sync 1 DAGs
[2024-09-02T21:55:17.973+0000] {logging_mixin.py:188} INFO - [2024-09-02T21:55:17.972+0000] {dag.py:3954} INFO - Setting next_dagrun for example_params_trigger_ui to None, run_after=None
[2024-09-02T21:55:17.995+0000] {processor.py:183} INFO - Processing /home/airflow/.local/lib/python3.12/site-packages/airflow/example_dags/example_params_trigger_ui.py took 0.110 seconds
[2024-09-02T21:55:48.751+0000] {processor.py:161} INFO - Started process (PID=1422) to work on /home/airflow/.local/lib/python3.12/site-packages/airflow/example_dags/example_params_trigger_ui.py
[2024-09-02T21:55:48.752+0000] {processor.py:830} INFO - Processing file /home/airflow/.local/lib/python3.12/site-packages/airflow/example_dags/example_params_trigger_ui.py for tasks to queue
[2024-09-02T21:55:48.754+0000] {logging_mixin.py:188} INFO - [2024-09-02T21:55:48.754+0000] {dagbag.py:545} INFO - Filling up the DagBag from /home/airflow/.local/lib/python3.12/site-packages/airflow/example_dags/example_params_trigger_ui.py
[2024-09-02T21:55:48.773+0000] {processor.py:840} INFO - DAG(s) 'example_params_trigger_ui' retrieved from /home/airflow/.local/lib/python3.12/site-packages/airflow/example_dags/example_params_trigger_ui.py
[2024-09-02T21:55:48.824+0000] {logging_mixin.py:188} INFO - [2024-09-02T21:55:48.824+0000] {dag.py:3096} INFO - Sync 1 DAGs
[2024-09-02T21:55:48.838+0000] {logging_mixin.py:188} INFO - [2024-09-02T21:55:48.838+0000] {dag.py:3954} INFO - Setting next_dagrun for example_params_trigger_ui to None, run_after=None
[2024-09-02T21:55:48.859+0000] {processor.py:183} INFO - Processing /home/airflow/.local/lib/python3.12/site-packages/airflow/example_dags/example_params_trigger_ui.py took 0.114 seconds
