[2024-09-02T21:34:53.935+0000] {processor.py:161} INFO - Started process (PID=79) to work on /home/airflow/.local/lib/python3.12/site-packages/airflow/example_dags/example_params_ui_tutorial.py
[2024-09-02T21:34:53.939+0000] {processor.py:830} INFO - Processing file /home/airflow/.local/lib/python3.12/site-packages/airflow/example_dags/example_params_ui_tutorial.py for tasks to queue
[2024-09-02T21:34:53.959+0000] {logging_mixin.py:188} INFO - [2024-09-02T21:34:53.951+0000] {dagbag.py:545} INFO - Filling up the DagBag from /home/airflow/.local/lib/python3.12/site-packages/airflow/example_dags/example_params_ui_tutorial.py
[2024-09-02T21:34:54.341+0000] {processor.py:840} INFO - DAG(s) 'example_params_ui_tutorial' retrieved from /home/airflow/.local/lib/python3.12/site-packages/airflow/example_dags/example_params_ui_tutorial.py
[2024-09-02T21:34:55.788+0000] {logging_mixin.py:188} INFO - [2024-09-02T21:34:55.781+0000] {override.py:1829} INFO - Created Permission View: can edit on DAG:example_params_ui_tutorial
[2024-09-02T21:34:55.916+0000] {logging_mixin.py:188} INFO - [2024-09-02T21:34:55.911+0000] {override.py:1829} INFO - Created Permission View: can delete on DAG:example_params_ui_tutorial
[2024-09-02T21:34:56.023+0000] {logging_mixin.py:188} INFO - [2024-09-02T21:34:56.022+0000] {override.py:1829} INFO - Created Permission View: can read on DAG:example_params_ui_tutorial
[2024-09-02T21:34:56.031+0000] {logging_mixin.py:188} INFO - [2024-09-02T21:34:56.029+0000] {dag.py:3096} INFO - Sync 1 DAGs
[2024-09-02T21:34:56.146+0000] {logging_mixin.py:188} INFO - [2024-09-02T21:34:56.145+0000] {dag.py:3118} INFO - Creating ORM DAG for example_params_ui_tutorial
[2024-09-02T21:34:56.151+0000] {logging_mixin.py:188} INFO - [2024-09-02T21:34:56.151+0000] {dag.py:3954} INFO - Setting next_dagrun for example_params_ui_tutorial to None, run_after=None
[2024-09-02T21:34:56.302+0000] {processor.py:183} INFO - Processing /home/airflow/.local/lib/python3.12/site-packages/airflow/example_dags/example_params_ui_tutorial.py took 2.417 seconds
[2024-09-02T21:35:28.159+0000] {processor.py:161} INFO - Started process (PID=138) to work on /home/airflow/.local/lib/python3.12/site-packages/airflow/example_dags/example_params_ui_tutorial.py
[2024-09-02T21:35:28.162+0000] {processor.py:830} INFO - Processing file /home/airflow/.local/lib/python3.12/site-packages/airflow/example_dags/example_params_ui_tutorial.py for tasks to queue
[2024-09-02T21:35:28.169+0000] {logging_mixin.py:188} INFO - [2024-09-02T21:35:28.168+0000] {dagbag.py:545} INFO - Filling up the DagBag from /home/airflow/.local/lib/python3.12/site-packages/airflow/example_dags/example_params_ui_tutorial.py
[2024-09-02T21:35:28.211+0000] {processor.py:840} INFO - DAG(s) 'example_params_ui_tutorial' retrieved from /home/airflow/.local/lib/python3.12/site-packages/airflow/example_dags/example_params_ui_tutorial.py
[2024-09-02T21:35:28.596+0000] {logging_mixin.py:188} INFO - [2024-09-02T21:35:28.595+0000] {dag.py:3096} INFO - Sync 1 DAGs
[2024-09-02T21:35:28.730+0000] {logging_mixin.py:188} INFO - [2024-09-02T21:35:28.729+0000] {dag.py:3954} INFO - Setting next_dagrun for example_params_ui_tutorial to None, run_after=None
[2024-09-02T21:35:28.843+0000] {processor.py:183} INFO - Processing /home/airflow/.local/lib/python3.12/site-packages/airflow/example_dags/example_params_ui_tutorial.py took 0.717 seconds
[2024-09-02T21:36:02.328+0000] {processor.py:161} INFO - Started process (PID=196) to work on /home/airflow/.local/lib/python3.12/site-packages/airflow/example_dags/example_params_ui_tutorial.py
[2024-09-02T21:36:02.344+0000] {processor.py:830} INFO - Processing file /home/airflow/.local/lib/python3.12/site-packages/airflow/example_dags/example_params_ui_tutorial.py for tasks to queue
[2024-09-02T21:36:02.350+0000] {logging_mixin.py:188} INFO - [2024-09-02T21:36:02.349+0000] {dagbag.py:545} INFO - Filling up the DagBag from /home/airflow/.local/lib/python3.12/site-packages/airflow/example_dags/example_params_ui_tutorial.py
[2024-09-02T21:36:02.420+0000] {processor.py:840} INFO - DAG(s) 'example_params_ui_tutorial' retrieved from /home/airflow/.local/lib/python3.12/site-packages/airflow/example_dags/example_params_ui_tutorial.py
[2024-09-02T21:36:02.783+0000] {logging_mixin.py:188} INFO - [2024-09-02T21:36:02.781+0000] {dag.py:3096} INFO - Sync 1 DAGs
[2024-09-02T21:36:02.863+0000] {logging_mixin.py:188} INFO - [2024-09-02T21:36:02.862+0000] {dag.py:3954} INFO - Setting next_dagrun for example_params_ui_tutorial to None, run_after=None
[2024-09-02T21:36:02.952+0000] {processor.py:183} INFO - Processing /home/airflow/.local/lib/python3.12/site-packages/airflow/example_dags/example_params_ui_tutorial.py took 0.648 seconds
[2024-09-02T21:38:32.409+0000] {processor.py:161} INFO - Started process (PID=70) to work on /home/airflow/.local/lib/python3.12/site-packages/airflow/example_dags/example_params_ui_tutorial.py
[2024-09-02T21:38:32.414+0000] {processor.py:830} INFO - Processing file /home/airflow/.local/lib/python3.12/site-packages/airflow/example_dags/example_params_ui_tutorial.py for tasks to queue
[2024-09-02T21:38:32.424+0000] {logging_mixin.py:188} INFO - [2024-09-02T21:38:32.422+0000] {dagbag.py:545} INFO - Filling up the DagBag from /home/airflow/.local/lib/python3.12/site-packages/airflow/example_dags/example_params_ui_tutorial.py
[2024-09-02T21:38:32.504+0000] {processor.py:840} INFO - DAG(s) 'example_params_ui_tutorial' retrieved from /home/airflow/.local/lib/python3.12/site-packages/airflow/example_dags/example_params_ui_tutorial.py
[2024-09-02T21:38:32.862+0000] {logging_mixin.py:188} INFO - [2024-09-02T21:38:32.861+0000] {override.py:1829} INFO - Created Permission View: can edit on DAG:example_params_ui_tutorial
[2024-09-02T21:38:32.884+0000] {logging_mixin.py:188} INFO - [2024-09-02T21:38:32.884+0000] {override.py:1829} INFO - Created Permission View: can read on DAG:example_params_ui_tutorial
[2024-09-02T21:38:32.898+0000] {logging_mixin.py:188} INFO - [2024-09-02T21:38:32.897+0000] {override.py:1829} INFO - Created Permission View: can delete on DAG:example_params_ui_tutorial
[2024-09-02T21:38:32.900+0000] {logging_mixin.py:188} INFO - [2024-09-02T21:38:32.899+0000] {dag.py:3096} INFO - Sync 1 DAGs
[2024-09-02T21:38:32.932+0000] {logging_mixin.py:188} INFO - [2024-09-02T21:38:32.931+0000] {dag.py:3118} INFO - Creating ORM DAG for example_params_ui_tutorial
[2024-09-02T21:38:32.933+0000] {logging_mixin.py:188} INFO - [2024-09-02T21:38:32.933+0000] {dag.py:3954} INFO - Setting next_dagrun for example_params_ui_tutorial to None, run_after=None
[2024-09-02T21:38:32.988+0000] {processor.py:183} INFO - Processing /home/airflow/.local/lib/python3.12/site-packages/airflow/example_dags/example_params_ui_tutorial.py took 0.604 seconds
[2024-09-02T21:39:03.507+0000] {processor.py:161} INFO - Started process (PID=129) to work on /home/airflow/.local/lib/python3.12/site-packages/airflow/example_dags/example_params_ui_tutorial.py
[2024-09-02T21:39:03.508+0000] {processor.py:830} INFO - Processing file /home/airflow/.local/lib/python3.12/site-packages/airflow/example_dags/example_params_ui_tutorial.py for tasks to queue
[2024-09-02T21:39:03.510+0000] {logging_mixin.py:188} INFO - [2024-09-02T21:39:03.509+0000] {dagbag.py:545} INFO - Filling up the DagBag from /home/airflow/.local/lib/python3.12/site-packages/airflow/example_dags/example_params_ui_tutorial.py
[2024-09-02T21:39:03.520+0000] {processor.py:840} INFO - DAG(s) 'example_params_ui_tutorial' retrieved from /home/airflow/.local/lib/python3.12/site-packages/airflow/example_dags/example_params_ui_tutorial.py
[2024-09-02T21:39:03.594+0000] {logging_mixin.py:188} INFO - [2024-09-02T21:39:03.594+0000] {dag.py:3096} INFO - Sync 1 DAGs
[2024-09-02T21:39:03.606+0000] {logging_mixin.py:188} INFO - [2024-09-02T21:39:03.606+0000] {dag.py:3954} INFO - Setting next_dagrun for example_params_ui_tutorial to None, run_after=None
[2024-09-02T21:39:03.623+0000] {processor.py:183} INFO - Processing /home/airflow/.local/lib/python3.12/site-packages/airflow/example_dags/example_params_ui_tutorial.py took 0.121 seconds
[2024-09-02T21:39:34.108+0000] {processor.py:161} INFO - Started process (PID=189) to work on /home/airflow/.local/lib/python3.12/site-packages/airflow/example_dags/example_params_ui_tutorial.py
[2024-09-02T21:39:34.109+0000] {processor.py:830} INFO - Processing file /home/airflow/.local/lib/python3.12/site-packages/airflow/example_dags/example_params_ui_tutorial.py for tasks to queue
[2024-09-02T21:39:34.111+0000] {logging_mixin.py:188} INFO - [2024-09-02T21:39:34.111+0000] {dagbag.py:545} INFO - Filling up the DagBag from /home/airflow/.local/lib/python3.12/site-packages/airflow/example_dags/example_params_ui_tutorial.py
[2024-09-02T21:39:34.129+0000] {processor.py:840} INFO - DAG(s) 'example_params_ui_tutorial' retrieved from /home/airflow/.local/lib/python3.12/site-packages/airflow/example_dags/example_params_ui_tutorial.py
[2024-09-02T21:39:34.244+0000] {logging_mixin.py:188} INFO - [2024-09-02T21:39:34.243+0000] {dag.py:3096} INFO - Sync 1 DAGs
[2024-09-02T21:39:34.264+0000] {logging_mixin.py:188} INFO - [2024-09-02T21:39:34.263+0000] {dag.py:3954} INFO - Setting next_dagrun for example_params_ui_tutorial to None, run_after=None
[2024-09-02T21:39:34.290+0000] {processor.py:183} INFO - Processing /home/airflow/.local/lib/python3.12/site-packages/airflow/example_dags/example_params_ui_tutorial.py took 0.188 seconds
[2024-09-02T21:40:04.823+0000] {processor.py:161} INFO - Started process (PID=249) to work on /home/airflow/.local/lib/python3.12/site-packages/airflow/example_dags/example_params_ui_tutorial.py
[2024-09-02T21:40:04.824+0000] {processor.py:830} INFO - Processing file /home/airflow/.local/lib/python3.12/site-packages/airflow/example_dags/example_params_ui_tutorial.py for tasks to queue
[2024-09-02T21:40:04.826+0000] {logging_mixin.py:188} INFO - [2024-09-02T21:40:04.826+0000] {dagbag.py:545} INFO - Filling up the DagBag from /home/airflow/.local/lib/python3.12/site-packages/airflow/example_dags/example_params_ui_tutorial.py
[2024-09-02T21:40:04.839+0000] {processor.py:840} INFO - DAG(s) 'example_params_ui_tutorial' retrieved from /home/airflow/.local/lib/python3.12/site-packages/airflow/example_dags/example_params_ui_tutorial.py
[2024-09-02T21:40:04.902+0000] {logging_mixin.py:188} INFO - [2024-09-02T21:40:04.902+0000] {dag.py:3096} INFO - Sync 1 DAGs
[2024-09-02T21:40:04.917+0000] {logging_mixin.py:188} INFO - [2024-09-02T21:40:04.916+0000] {dag.py:3954} INFO - Setting next_dagrun for example_params_ui_tutorial to None, run_after=None
[2024-09-02T21:40:04.943+0000] {processor.py:183} INFO - Processing /home/airflow/.local/lib/python3.12/site-packages/airflow/example_dags/example_params_ui_tutorial.py took 0.124 seconds
[2024-09-02T21:40:35.081+0000] {processor.py:161} INFO - Started process (PID=309) to work on /home/airflow/.local/lib/python3.12/site-packages/airflow/example_dags/example_params_ui_tutorial.py
[2024-09-02T21:40:35.082+0000] {processor.py:830} INFO - Processing file /home/airflow/.local/lib/python3.12/site-packages/airflow/example_dags/example_params_ui_tutorial.py for tasks to queue
[2024-09-02T21:40:35.084+0000] {logging_mixin.py:188} INFO - [2024-09-02T21:40:35.084+0000] {dagbag.py:545} INFO - Filling up the DagBag from /home/airflow/.local/lib/python3.12/site-packages/airflow/example_dags/example_params_ui_tutorial.py
[2024-09-02T21:40:35.096+0000] {processor.py:840} INFO - DAG(s) 'example_params_ui_tutorial' retrieved from /home/airflow/.local/lib/python3.12/site-packages/airflow/example_dags/example_params_ui_tutorial.py
[2024-09-02T21:40:35.160+0000] {logging_mixin.py:188} INFO - [2024-09-02T21:40:35.160+0000] {dag.py:3096} INFO - Sync 1 DAGs
[2024-09-02T21:40:35.177+0000] {logging_mixin.py:188} INFO - [2024-09-02T21:40:35.177+0000] {dag.py:3954} INFO - Setting next_dagrun for example_params_ui_tutorial to None, run_after=None
[2024-09-02T21:40:35.200+0000] {processor.py:183} INFO - Processing /home/airflow/.local/lib/python3.12/site-packages/airflow/example_dags/example_params_ui_tutorial.py took 0.124 seconds
[2024-09-02T21:41:05.427+0000] {processor.py:161} INFO - Started process (PID=369) to work on /home/airflow/.local/lib/python3.12/site-packages/airflow/example_dags/example_params_ui_tutorial.py
[2024-09-02T21:41:05.429+0000] {processor.py:830} INFO - Processing file /home/airflow/.local/lib/python3.12/site-packages/airflow/example_dags/example_params_ui_tutorial.py for tasks to queue
[2024-09-02T21:41:05.431+0000] {logging_mixin.py:188} INFO - [2024-09-02T21:41:05.431+0000] {dagbag.py:545} INFO - Filling up the DagBag from /home/airflow/.local/lib/python3.12/site-packages/airflow/example_dags/example_params_ui_tutorial.py
[2024-09-02T21:41:05.446+0000] {processor.py:840} INFO - DAG(s) 'example_params_ui_tutorial' retrieved from /home/airflow/.local/lib/python3.12/site-packages/airflow/example_dags/example_params_ui_tutorial.py
[2024-09-02T21:41:05.524+0000] {logging_mixin.py:188} INFO - [2024-09-02T21:41:05.524+0000] {dag.py:3096} INFO - Sync 1 DAGs
[2024-09-02T21:41:05.540+0000] {logging_mixin.py:188} INFO - [2024-09-02T21:41:05.539+0000] {dag.py:3954} INFO - Setting next_dagrun for example_params_ui_tutorial to None, run_after=None
[2024-09-02T21:41:05.567+0000] {processor.py:183} INFO - Processing /home/airflow/.local/lib/python3.12/site-packages/airflow/example_dags/example_params_ui_tutorial.py took 0.147 seconds
[2024-09-02T21:44:26.569+0000] {processor.py:161} INFO - Started process (PID=71) to work on /home/airflow/.local/lib/python3.12/site-packages/airflow/example_dags/example_params_ui_tutorial.py
[2024-09-02T21:44:26.571+0000] {processor.py:830} INFO - Processing file /home/airflow/.local/lib/python3.12/site-packages/airflow/example_dags/example_params_ui_tutorial.py for tasks to queue
[2024-09-02T21:44:26.576+0000] {logging_mixin.py:188} INFO - [2024-09-02T21:44:26.575+0000] {dagbag.py:545} INFO - Filling up the DagBag from /home/airflow/.local/lib/python3.12/site-packages/airflow/example_dags/example_params_ui_tutorial.py
[2024-09-02T21:44:26.647+0000] {processor.py:840} INFO - DAG(s) 'example_params_ui_tutorial' retrieved from /home/airflow/.local/lib/python3.12/site-packages/airflow/example_dags/example_params_ui_tutorial.py
[2024-09-02T21:44:26.988+0000] {logging_mixin.py:188} INFO - [2024-09-02T21:44:26.986+0000] {override.py:1829} INFO - Created Permission View: can read on DAG:example_params_ui_tutorial
[2024-09-02T21:44:27.008+0000] {logging_mixin.py:188} INFO - [2024-09-02T21:44:27.007+0000] {override.py:1829} INFO - Created Permission View: can delete on DAG:example_params_ui_tutorial
[2024-09-02T21:44:27.019+0000] {logging_mixin.py:188} INFO - [2024-09-02T21:44:27.019+0000] {override.py:1829} INFO - Created Permission View: can edit on DAG:example_params_ui_tutorial
[2024-09-02T21:44:27.021+0000] {logging_mixin.py:188} INFO - [2024-09-02T21:44:27.020+0000] {dag.py:3096} INFO - Sync 1 DAGs
[2024-09-02T21:44:27.042+0000] {logging_mixin.py:188} INFO - [2024-09-02T21:44:27.041+0000] {dag.py:3118} INFO - Creating ORM DAG for example_params_ui_tutorial
[2024-09-02T21:44:27.044+0000] {logging_mixin.py:188} INFO - [2024-09-02T21:44:27.044+0000] {dag.py:3954} INFO - Setting next_dagrun for example_params_ui_tutorial to None, run_after=None
[2024-09-02T21:44:27.095+0000] {processor.py:183} INFO - Processing /home/airflow/.local/lib/python3.12/site-packages/airflow/example_dags/example_params_ui_tutorial.py took 0.543 seconds
[2024-09-02T21:44:57.160+0000] {processor.py:161} INFO - Started process (PID=129) to work on /home/airflow/.local/lib/python3.12/site-packages/airflow/example_dags/example_params_ui_tutorial.py
[2024-09-02T21:44:57.161+0000] {processor.py:830} INFO - Processing file /home/airflow/.local/lib/python3.12/site-packages/airflow/example_dags/example_params_ui_tutorial.py for tasks to queue
[2024-09-02T21:44:57.163+0000] {logging_mixin.py:188} INFO - [2024-09-02T21:44:57.163+0000] {dagbag.py:545} INFO - Filling up the DagBag from /home/airflow/.local/lib/python3.12/site-packages/airflow/example_dags/example_params_ui_tutorial.py
[2024-09-02T21:44:57.174+0000] {processor.py:840} INFO - DAG(s) 'example_params_ui_tutorial' retrieved from /home/airflow/.local/lib/python3.12/site-packages/airflow/example_dags/example_params_ui_tutorial.py
[2024-09-02T21:44:57.233+0000] {logging_mixin.py:188} INFO - [2024-09-02T21:44:57.232+0000] {dag.py:3096} INFO - Sync 1 DAGs
[2024-09-02T21:44:57.245+0000] {logging_mixin.py:188} INFO - [2024-09-02T21:44:57.244+0000] {dag.py:3954} INFO - Setting next_dagrun for example_params_ui_tutorial to None, run_after=None
[2024-09-02T21:44:57.267+0000] {processor.py:183} INFO - Processing /home/airflow/.local/lib/python3.12/site-packages/airflow/example_dags/example_params_ui_tutorial.py took 0.112 seconds
[2024-09-02T21:45:27.763+0000] {processor.py:161} INFO - Started process (PID=189) to work on /home/airflow/.local/lib/python3.12/site-packages/airflow/example_dags/example_params_ui_tutorial.py
[2024-09-02T21:45:27.764+0000] {processor.py:830} INFO - Processing file /home/airflow/.local/lib/python3.12/site-packages/airflow/example_dags/example_params_ui_tutorial.py for tasks to queue
[2024-09-02T21:45:27.766+0000] {logging_mixin.py:188} INFO - [2024-09-02T21:45:27.765+0000] {dagbag.py:545} INFO - Filling up the DagBag from /home/airflow/.local/lib/python3.12/site-packages/airflow/example_dags/example_params_ui_tutorial.py
[2024-09-02T21:45:27.779+0000] {processor.py:840} INFO - DAG(s) 'example_params_ui_tutorial' retrieved from /home/airflow/.local/lib/python3.12/site-packages/airflow/example_dags/example_params_ui_tutorial.py
[2024-09-02T21:45:27.855+0000] {logging_mixin.py:188} INFO - [2024-09-02T21:45:27.855+0000] {dag.py:3096} INFO - Sync 1 DAGs
[2024-09-02T21:45:27.872+0000] {logging_mixin.py:188} INFO - [2024-09-02T21:45:27.872+0000] {dag.py:3954} INFO - Setting next_dagrun for example_params_ui_tutorial to None, run_after=None
[2024-09-02T21:45:27.908+0000] {processor.py:183} INFO - Processing /home/airflow/.local/lib/python3.12/site-packages/airflow/example_dags/example_params_ui_tutorial.py took 0.151 seconds
[2024-09-02T21:45:58.012+0000] {processor.py:161} INFO - Started process (PID=250) to work on /home/airflow/.local/lib/python3.12/site-packages/airflow/example_dags/example_params_ui_tutorial.py
[2024-09-02T21:45:58.013+0000] {processor.py:830} INFO - Processing file /home/airflow/.local/lib/python3.12/site-packages/airflow/example_dags/example_params_ui_tutorial.py for tasks to queue
[2024-09-02T21:45:58.017+0000] {logging_mixin.py:188} INFO - [2024-09-02T21:45:58.016+0000] {dagbag.py:545} INFO - Filling up the DagBag from /home/airflow/.local/lib/python3.12/site-packages/airflow/example_dags/example_params_ui_tutorial.py
[2024-09-02T21:45:58.038+0000] {processor.py:840} INFO - DAG(s) 'example_params_ui_tutorial' retrieved from /home/airflow/.local/lib/python3.12/site-packages/airflow/example_dags/example_params_ui_tutorial.py
[2024-09-02T21:45:58.167+0000] {logging_mixin.py:188} INFO - [2024-09-02T21:45:58.167+0000] {dag.py:3096} INFO - Sync 1 DAGs
[2024-09-02T21:45:58.187+0000] {logging_mixin.py:188} INFO - [2024-09-02T21:45:58.187+0000] {dag.py:3954} INFO - Setting next_dagrun for example_params_ui_tutorial to None, run_after=None
[2024-09-02T21:45:58.209+0000] {processor.py:183} INFO - Processing /home/airflow/.local/lib/python3.12/site-packages/airflow/example_dags/example_params_ui_tutorial.py took 0.206 seconds
[2024-09-02T21:46:28.349+0000] {processor.py:161} INFO - Started process (PID=310) to work on /home/airflow/.local/lib/python3.12/site-packages/airflow/example_dags/example_params_ui_tutorial.py
[2024-09-02T21:46:28.350+0000] {processor.py:830} INFO - Processing file /home/airflow/.local/lib/python3.12/site-packages/airflow/example_dags/example_params_ui_tutorial.py for tasks to queue
[2024-09-02T21:46:28.353+0000] {logging_mixin.py:188} INFO - [2024-09-02T21:46:28.352+0000] {dagbag.py:545} INFO - Filling up the DagBag from /home/airflow/.local/lib/python3.12/site-packages/airflow/example_dags/example_params_ui_tutorial.py
[2024-09-02T21:46:28.368+0000] {processor.py:840} INFO - DAG(s) 'example_params_ui_tutorial' retrieved from /home/airflow/.local/lib/python3.12/site-packages/airflow/example_dags/example_params_ui_tutorial.py
[2024-09-02T21:46:28.480+0000] {logging_mixin.py:188} INFO - [2024-09-02T21:46:28.479+0000] {dag.py:3096} INFO - Sync 1 DAGs
[2024-09-02T21:46:28.509+0000] {logging_mixin.py:188} INFO - [2024-09-02T21:46:28.509+0000] {dag.py:3954} INFO - Setting next_dagrun for example_params_ui_tutorial to None, run_after=None
[2024-09-02T21:46:28.544+0000] {processor.py:183} INFO - Processing /home/airflow/.local/lib/python3.12/site-packages/airflow/example_dags/example_params_ui_tutorial.py took 0.203 seconds
[2024-09-02T21:46:59.684+0000] {processor.py:161} INFO - Started process (PID=372) to work on /home/airflow/.local/lib/python3.12/site-packages/airflow/example_dags/example_params_ui_tutorial.py
[2024-09-02T21:46:59.686+0000] {processor.py:830} INFO - Processing file /home/airflow/.local/lib/python3.12/site-packages/airflow/example_dags/example_params_ui_tutorial.py for tasks to queue
[2024-09-02T21:46:59.688+0000] {logging_mixin.py:188} INFO - [2024-09-02T21:46:59.688+0000] {dagbag.py:545} INFO - Filling up the DagBag from /home/airflow/.local/lib/python3.12/site-packages/airflow/example_dags/example_params_ui_tutorial.py
[2024-09-02T21:46:59.701+0000] {processor.py:840} INFO - DAG(s) 'example_params_ui_tutorial' retrieved from /home/airflow/.local/lib/python3.12/site-packages/airflow/example_dags/example_params_ui_tutorial.py
[2024-09-02T21:46:59.770+0000] {logging_mixin.py:188} INFO - [2024-09-02T21:46:59.770+0000] {dag.py:3096} INFO - Sync 1 DAGs
[2024-09-02T21:46:59.788+0000] {logging_mixin.py:188} INFO - [2024-09-02T21:46:59.787+0000] {dag.py:3954} INFO - Setting next_dagrun for example_params_ui_tutorial to None, run_after=None
[2024-09-02T21:46:59.815+0000] {processor.py:183} INFO - Processing /home/airflow/.local/lib/python3.12/site-packages/airflow/example_dags/example_params_ui_tutorial.py took 0.138 seconds
[2024-09-02T21:47:29.946+0000] {processor.py:161} INFO - Started process (PID=432) to work on /home/airflow/.local/lib/python3.12/site-packages/airflow/example_dags/example_params_ui_tutorial.py
[2024-09-02T21:47:29.947+0000] {processor.py:830} INFO - Processing file /home/airflow/.local/lib/python3.12/site-packages/airflow/example_dags/example_params_ui_tutorial.py for tasks to queue
[2024-09-02T21:47:29.949+0000] {logging_mixin.py:188} INFO - [2024-09-02T21:47:29.949+0000] {dagbag.py:545} INFO - Filling up the DagBag from /home/airflow/.local/lib/python3.12/site-packages/airflow/example_dags/example_params_ui_tutorial.py
[2024-09-02T21:47:29.964+0000] {processor.py:840} INFO - DAG(s) 'example_params_ui_tutorial' retrieved from /home/airflow/.local/lib/python3.12/site-packages/airflow/example_dags/example_params_ui_tutorial.py
[2024-09-02T21:47:30.029+0000] {logging_mixin.py:188} INFO - [2024-09-02T21:47:30.029+0000] {dag.py:3096} INFO - Sync 1 DAGs
[2024-09-02T21:47:30.045+0000] {logging_mixin.py:188} INFO - [2024-09-02T21:47:30.044+0000] {dag.py:3954} INFO - Setting next_dagrun for example_params_ui_tutorial to None, run_after=None
[2024-09-02T21:47:30.075+0000] {processor.py:183} INFO - Processing /home/airflow/.local/lib/python3.12/site-packages/airflow/example_dags/example_params_ui_tutorial.py took 0.135 seconds
[2024-09-02T21:48:00.355+0000] {processor.py:161} INFO - Started process (PID=492) to work on /home/airflow/.local/lib/python3.12/site-packages/airflow/example_dags/example_params_ui_tutorial.py
[2024-09-02T21:48:00.356+0000] {processor.py:830} INFO - Processing file /home/airflow/.local/lib/python3.12/site-packages/airflow/example_dags/example_params_ui_tutorial.py for tasks to queue
[2024-09-02T21:48:00.357+0000] {logging_mixin.py:188} INFO - [2024-09-02T21:48:00.357+0000] {dagbag.py:545} INFO - Filling up the DagBag from /home/airflow/.local/lib/python3.12/site-packages/airflow/example_dags/example_params_ui_tutorial.py
[2024-09-02T21:48:00.368+0000] {processor.py:840} INFO - DAG(s) 'example_params_ui_tutorial' retrieved from /home/airflow/.local/lib/python3.12/site-packages/airflow/example_dags/example_params_ui_tutorial.py
[2024-09-02T21:48:00.431+0000] {logging_mixin.py:188} INFO - [2024-09-02T21:48:00.431+0000] {dag.py:3096} INFO - Sync 1 DAGs
[2024-09-02T21:48:00.446+0000] {logging_mixin.py:188} INFO - [2024-09-02T21:48:00.445+0000] {dag.py:3954} INFO - Setting next_dagrun for example_params_ui_tutorial to None, run_after=None
[2024-09-02T21:48:00.471+0000] {processor.py:183} INFO - Processing /home/airflow/.local/lib/python3.12/site-packages/airflow/example_dags/example_params_ui_tutorial.py took 0.122 seconds
[2024-09-02T21:48:31.164+0000] {processor.py:161} INFO - Started process (PID=552) to work on /home/airflow/.local/lib/python3.12/site-packages/airflow/example_dags/example_params_ui_tutorial.py
[2024-09-02T21:48:31.165+0000] {processor.py:830} INFO - Processing file /home/airflow/.local/lib/python3.12/site-packages/airflow/example_dags/example_params_ui_tutorial.py for tasks to queue
[2024-09-02T21:48:31.171+0000] {logging_mixin.py:188} INFO - [2024-09-02T21:48:31.171+0000] {dagbag.py:545} INFO - Filling up the DagBag from /home/airflow/.local/lib/python3.12/site-packages/airflow/example_dags/example_params_ui_tutorial.py
[2024-09-02T21:48:31.198+0000] {processor.py:840} INFO - DAG(s) 'example_params_ui_tutorial' retrieved from /home/airflow/.local/lib/python3.12/site-packages/airflow/example_dags/example_params_ui_tutorial.py
[2024-09-02T21:48:31.364+0000] {logging_mixin.py:188} INFO - [2024-09-02T21:48:31.363+0000] {dag.py:3096} INFO - Sync 1 DAGs
[2024-09-02T21:48:31.392+0000] {logging_mixin.py:188} INFO - [2024-09-02T21:48:31.392+0000] {dag.py:3954} INFO - Setting next_dagrun for example_params_ui_tutorial to None, run_after=None
[2024-09-02T21:48:31.440+0000] {processor.py:183} INFO - Processing /home/airflow/.local/lib/python3.12/site-packages/airflow/example_dags/example_params_ui_tutorial.py took 0.286 seconds
[2024-09-02T21:49:02.226+0000] {processor.py:161} INFO - Started process (PID=612) to work on /home/airflow/.local/lib/python3.12/site-packages/airflow/example_dags/example_params_ui_tutorial.py
[2024-09-02T21:49:02.227+0000] {processor.py:830} INFO - Processing file /home/airflow/.local/lib/python3.12/site-packages/airflow/example_dags/example_params_ui_tutorial.py for tasks to queue
[2024-09-02T21:49:02.229+0000] {logging_mixin.py:188} INFO - [2024-09-02T21:49:02.229+0000] {dagbag.py:545} INFO - Filling up the DagBag from /home/airflow/.local/lib/python3.12/site-packages/airflow/example_dags/example_params_ui_tutorial.py
[2024-09-02T21:49:02.243+0000] {processor.py:840} INFO - DAG(s) 'example_params_ui_tutorial' retrieved from /home/airflow/.local/lib/python3.12/site-packages/airflow/example_dags/example_params_ui_tutorial.py
[2024-09-02T21:49:02.315+0000] {logging_mixin.py:188} INFO - [2024-09-02T21:49:02.314+0000] {dag.py:3096} INFO - Sync 1 DAGs
[2024-09-02T21:49:02.335+0000] {logging_mixin.py:188} INFO - [2024-09-02T21:49:02.334+0000] {dag.py:3954} INFO - Setting next_dagrun for example_params_ui_tutorial to None, run_after=None
[2024-09-02T21:49:02.370+0000] {processor.py:183} INFO - Processing /home/airflow/.local/lib/python3.12/site-packages/airflow/example_dags/example_params_ui_tutorial.py took 0.154 seconds
[2024-09-02T21:49:33.129+0000] {processor.py:161} INFO - Started process (PID=672) to work on /home/airflow/.local/lib/python3.12/site-packages/airflow/example_dags/example_params_ui_tutorial.py
[2024-09-02T21:49:33.130+0000] {processor.py:830} INFO - Processing file /home/airflow/.local/lib/python3.12/site-packages/airflow/example_dags/example_params_ui_tutorial.py for tasks to queue
[2024-09-02T21:49:33.132+0000] {logging_mixin.py:188} INFO - [2024-09-02T21:49:33.132+0000] {dagbag.py:545} INFO - Filling up the DagBag from /home/airflow/.local/lib/python3.12/site-packages/airflow/example_dags/example_params_ui_tutorial.py
[2024-09-02T21:49:33.145+0000] {processor.py:840} INFO - DAG(s) 'example_params_ui_tutorial' retrieved from /home/airflow/.local/lib/python3.12/site-packages/airflow/example_dags/example_params_ui_tutorial.py
[2024-09-02T21:49:33.221+0000] {logging_mixin.py:188} INFO - [2024-09-02T21:49:33.221+0000] {dag.py:3096} INFO - Sync 1 DAGs
[2024-09-02T21:49:33.237+0000] {logging_mixin.py:188} INFO - [2024-09-02T21:49:33.237+0000] {dag.py:3954} INFO - Setting next_dagrun for example_params_ui_tutorial to None, run_after=None
[2024-09-02T21:49:33.269+0000] {processor.py:183} INFO - Processing /home/airflow/.local/lib/python3.12/site-packages/airflow/example_dags/example_params_ui_tutorial.py took 0.149 seconds
[2024-09-02T21:50:03.827+0000] {processor.py:161} INFO - Started process (PID=732) to work on /home/airflow/.local/lib/python3.12/site-packages/airflow/example_dags/example_params_ui_tutorial.py
[2024-09-02T21:50:03.828+0000] {processor.py:830} INFO - Processing file /home/airflow/.local/lib/python3.12/site-packages/airflow/example_dags/example_params_ui_tutorial.py for tasks to queue
[2024-09-02T21:50:03.830+0000] {logging_mixin.py:188} INFO - [2024-09-02T21:50:03.830+0000] {dagbag.py:545} INFO - Filling up the DagBag from /home/airflow/.local/lib/python3.12/site-packages/airflow/example_dags/example_params_ui_tutorial.py
[2024-09-02T21:50:03.845+0000] {processor.py:840} INFO - DAG(s) 'example_params_ui_tutorial' retrieved from /home/airflow/.local/lib/python3.12/site-packages/airflow/example_dags/example_params_ui_tutorial.py
[2024-09-02T21:50:03.917+0000] {logging_mixin.py:188} INFO - [2024-09-02T21:50:03.917+0000] {dag.py:3096} INFO - Sync 1 DAGs
[2024-09-02T21:50:03.932+0000] {logging_mixin.py:188} INFO - [2024-09-02T21:50:03.932+0000] {dag.py:3954} INFO - Setting next_dagrun for example_params_ui_tutorial to None, run_after=None
[2024-09-02T21:50:03.959+0000] {processor.py:183} INFO - Processing /home/airflow/.local/lib/python3.12/site-packages/airflow/example_dags/example_params_ui_tutorial.py took 0.139 seconds
[2024-09-02T21:50:34.550+0000] {processor.py:161} INFO - Started process (PID=792) to work on /home/airflow/.local/lib/python3.12/site-packages/airflow/example_dags/example_params_ui_tutorial.py
[2024-09-02T21:50:34.552+0000] {processor.py:830} INFO - Processing file /home/airflow/.local/lib/python3.12/site-packages/airflow/example_dags/example_params_ui_tutorial.py for tasks to queue
[2024-09-02T21:50:34.554+0000] {logging_mixin.py:188} INFO - [2024-09-02T21:50:34.554+0000] {dagbag.py:545} INFO - Filling up the DagBag from /home/airflow/.local/lib/python3.12/site-packages/airflow/example_dags/example_params_ui_tutorial.py
[2024-09-02T21:50:34.567+0000] {processor.py:840} INFO - DAG(s) 'example_params_ui_tutorial' retrieved from /home/airflow/.local/lib/python3.12/site-packages/airflow/example_dags/example_params_ui_tutorial.py
[2024-09-02T21:50:34.640+0000] {logging_mixin.py:188} INFO - [2024-09-02T21:50:34.639+0000] {dag.py:3096} INFO - Sync 1 DAGs
[2024-09-02T21:50:34.655+0000] {logging_mixin.py:188} INFO - [2024-09-02T21:50:34.655+0000] {dag.py:3954} INFO - Setting next_dagrun for example_params_ui_tutorial to None, run_after=None
[2024-09-02T21:50:34.687+0000] {processor.py:183} INFO - Processing /home/airflow/.local/lib/python3.12/site-packages/airflow/example_dags/example_params_ui_tutorial.py took 0.143 seconds
[2024-09-02T21:51:05.680+0000] {processor.py:161} INFO - Started process (PID=852) to work on /home/airflow/.local/lib/python3.12/site-packages/airflow/example_dags/example_params_ui_tutorial.py
[2024-09-02T21:51:05.681+0000] {processor.py:830} INFO - Processing file /home/airflow/.local/lib/python3.12/site-packages/airflow/example_dags/example_params_ui_tutorial.py for tasks to queue
[2024-09-02T21:51:05.683+0000] {logging_mixin.py:188} INFO - [2024-09-02T21:51:05.682+0000] {dagbag.py:545} INFO - Filling up the DagBag from /home/airflow/.local/lib/python3.12/site-packages/airflow/example_dags/example_params_ui_tutorial.py
[2024-09-02T21:51:05.700+0000] {processor.py:840} INFO - DAG(s) 'example_params_ui_tutorial' retrieved from /home/airflow/.local/lib/python3.12/site-packages/airflow/example_dags/example_params_ui_tutorial.py
[2024-09-02T21:51:05.805+0000] {logging_mixin.py:188} INFO - [2024-09-02T21:51:05.805+0000] {dag.py:3096} INFO - Sync 1 DAGs
[2024-09-02T21:51:05.823+0000] {logging_mixin.py:188} INFO - [2024-09-02T21:51:05.822+0000] {dag.py:3954} INFO - Setting next_dagrun for example_params_ui_tutorial to None, run_after=None
[2024-09-02T21:51:05.846+0000] {processor.py:183} INFO - Processing /home/airflow/.local/lib/python3.12/site-packages/airflow/example_dags/example_params_ui_tutorial.py took 0.172 seconds
[2024-09-02T21:51:36.849+0000] {processor.py:161} INFO - Started process (PID=912) to work on /home/airflow/.local/lib/python3.12/site-packages/airflow/example_dags/example_params_ui_tutorial.py
[2024-09-02T21:51:36.851+0000] {processor.py:830} INFO - Processing file /home/airflow/.local/lib/python3.12/site-packages/airflow/example_dags/example_params_ui_tutorial.py for tasks to queue
[2024-09-02T21:51:36.853+0000] {logging_mixin.py:188} INFO - [2024-09-02T21:51:36.853+0000] {dagbag.py:545} INFO - Filling up the DagBag from /home/airflow/.local/lib/python3.12/site-packages/airflow/example_dags/example_params_ui_tutorial.py
[2024-09-02T21:51:36.867+0000] {processor.py:840} INFO - DAG(s) 'example_params_ui_tutorial' retrieved from /home/airflow/.local/lib/python3.12/site-packages/airflow/example_dags/example_params_ui_tutorial.py
[2024-09-02T21:51:36.933+0000] {logging_mixin.py:188} INFO - [2024-09-02T21:51:36.932+0000] {dag.py:3096} INFO - Sync 1 DAGs
[2024-09-02T21:51:36.947+0000] {logging_mixin.py:188} INFO - [2024-09-02T21:51:36.947+0000] {dag.py:3954} INFO - Setting next_dagrun for example_params_ui_tutorial to None, run_after=None
[2024-09-02T21:51:36.977+0000] {processor.py:183} INFO - Processing /home/airflow/.local/lib/python3.12/site-packages/airflow/example_dags/example_params_ui_tutorial.py took 0.135 seconds
[2024-09-02T21:52:07.941+0000] {processor.py:161} INFO - Started process (PID=972) to work on /home/airflow/.local/lib/python3.12/site-packages/airflow/example_dags/example_params_ui_tutorial.py
[2024-09-02T21:52:07.942+0000] {processor.py:830} INFO - Processing file /home/airflow/.local/lib/python3.12/site-packages/airflow/example_dags/example_params_ui_tutorial.py for tasks to queue
[2024-09-02T21:52:07.955+0000] {logging_mixin.py:188} INFO - [2024-09-02T21:52:07.944+0000] {dagbag.py:545} INFO - Filling up the DagBag from /home/airflow/.local/lib/python3.12/site-packages/airflow/example_dags/example_params_ui_tutorial.py
[2024-09-02T21:52:07.971+0000] {processor.py:840} INFO - DAG(s) 'example_params_ui_tutorial' retrieved from /home/airflow/.local/lib/python3.12/site-packages/airflow/example_dags/example_params_ui_tutorial.py
[2024-09-02T21:52:08.045+0000] {logging_mixin.py:188} INFO - [2024-09-02T21:52:08.044+0000] {dag.py:3096} INFO - Sync 1 DAGs
[2024-09-02T21:52:08.062+0000] {logging_mixin.py:188} INFO - [2024-09-02T21:52:08.062+0000] {dag.py:3954} INFO - Setting next_dagrun for example_params_ui_tutorial to None, run_after=None
[2024-09-02T21:52:08.092+0000] {processor.py:183} INFO - Processing /home/airflow/.local/lib/python3.12/site-packages/airflow/example_dags/example_params_ui_tutorial.py took 0.158 seconds
[2024-09-02T21:52:38.446+0000] {processor.py:161} INFO - Started process (PID=1032) to work on /home/airflow/.local/lib/python3.12/site-packages/airflow/example_dags/example_params_ui_tutorial.py
[2024-09-02T21:52:38.448+0000] {processor.py:830} INFO - Processing file /home/airflow/.local/lib/python3.12/site-packages/airflow/example_dags/example_params_ui_tutorial.py for tasks to queue
[2024-09-02T21:52:38.451+0000] {logging_mixin.py:188} INFO - [2024-09-02T21:52:38.450+0000] {dagbag.py:545} INFO - Filling up the DagBag from /home/airflow/.local/lib/python3.12/site-packages/airflow/example_dags/example_params_ui_tutorial.py
[2024-09-02T21:52:38.469+0000] {processor.py:840} INFO - DAG(s) 'example_params_ui_tutorial' retrieved from /home/airflow/.local/lib/python3.12/site-packages/airflow/example_dags/example_params_ui_tutorial.py
[2024-09-02T21:52:38.555+0000] {logging_mixin.py:188} INFO - [2024-09-02T21:52:38.555+0000] {dag.py:3096} INFO - Sync 1 DAGs
[2024-09-02T21:52:38.581+0000] {logging_mixin.py:188} INFO - [2024-09-02T21:52:38.581+0000] {dag.py:3954} INFO - Setting next_dagrun for example_params_ui_tutorial to None, run_after=None
[2024-09-02T21:52:38.611+0000] {processor.py:183} INFO - Processing /home/airflow/.local/lib/python3.12/site-packages/airflow/example_dags/example_params_ui_tutorial.py took 0.173 seconds
[2024-09-02T21:53:08.879+0000] {processor.py:161} INFO - Started process (PID=1092) to work on /home/airflow/.local/lib/python3.12/site-packages/airflow/example_dags/example_params_ui_tutorial.py
[2024-09-02T21:53:08.880+0000] {processor.py:830} INFO - Processing file /home/airflow/.local/lib/python3.12/site-packages/airflow/example_dags/example_params_ui_tutorial.py for tasks to queue
[2024-09-02T21:53:08.884+0000] {logging_mixin.py:188} INFO - [2024-09-02T21:53:08.883+0000] {dagbag.py:545} INFO - Filling up the DagBag from /home/airflow/.local/lib/python3.12/site-packages/airflow/example_dags/example_params_ui_tutorial.py
[2024-09-02T21:53:08.905+0000] {processor.py:840} INFO - DAG(s) 'example_params_ui_tutorial' retrieved from /home/airflow/.local/lib/python3.12/site-packages/airflow/example_dags/example_params_ui_tutorial.py
[2024-09-02T21:53:08.998+0000] {logging_mixin.py:188} INFO - [2024-09-02T21:53:08.997+0000] {dag.py:3096} INFO - Sync 1 DAGs
[2024-09-02T21:53:09.022+0000] {logging_mixin.py:188} INFO - [2024-09-02T21:53:09.021+0000] {dag.py:3954} INFO - Setting next_dagrun for example_params_ui_tutorial to None, run_after=None
[2024-09-02T21:53:09.059+0000] {processor.py:183} INFO - Processing /home/airflow/.local/lib/python3.12/site-packages/airflow/example_dags/example_params_ui_tutorial.py took 0.189 seconds
[2024-09-02T21:53:39.128+0000] {processor.py:161} INFO - Started process (PID=1152) to work on /home/airflow/.local/lib/python3.12/site-packages/airflow/example_dags/example_params_ui_tutorial.py
[2024-09-02T21:53:39.129+0000] {processor.py:830} INFO - Processing file /home/airflow/.local/lib/python3.12/site-packages/airflow/example_dags/example_params_ui_tutorial.py for tasks to queue
[2024-09-02T21:53:39.131+0000] {logging_mixin.py:188} INFO - [2024-09-02T21:53:39.131+0000] {dagbag.py:545} INFO - Filling up the DagBag from /home/airflow/.local/lib/python3.12/site-packages/airflow/example_dags/example_params_ui_tutorial.py
[2024-09-02T21:53:39.143+0000] {processor.py:840} INFO - DAG(s) 'example_params_ui_tutorial' retrieved from /home/airflow/.local/lib/python3.12/site-packages/airflow/example_dags/example_params_ui_tutorial.py
[2024-09-02T21:53:39.202+0000] {logging_mixin.py:188} INFO - [2024-09-02T21:53:39.202+0000] {dag.py:3096} INFO - Sync 1 DAGs
[2024-09-02T21:53:39.217+0000] {logging_mixin.py:188} INFO - [2024-09-02T21:53:39.217+0000] {dag.py:3954} INFO - Setting next_dagrun for example_params_ui_tutorial to None, run_after=None
[2024-09-02T21:53:39.243+0000] {processor.py:183} INFO - Processing /home/airflow/.local/lib/python3.12/site-packages/airflow/example_dags/example_params_ui_tutorial.py took 0.119 seconds
[2024-09-02T21:54:10.154+0000] {processor.py:161} INFO - Started process (PID=1213) to work on /home/airflow/.local/lib/python3.12/site-packages/airflow/example_dags/example_params_ui_tutorial.py
[2024-09-02T21:54:10.155+0000] {processor.py:830} INFO - Processing file /home/airflow/.local/lib/python3.12/site-packages/airflow/example_dags/example_params_ui_tutorial.py for tasks to queue
[2024-09-02T21:54:10.158+0000] {logging_mixin.py:188} INFO - [2024-09-02T21:54:10.158+0000] {dagbag.py:545} INFO - Filling up the DagBag from /home/airflow/.local/lib/python3.12/site-packages/airflow/example_dags/example_params_ui_tutorial.py
[2024-09-02T21:54:10.176+0000] {processor.py:840} INFO - DAG(s) 'example_params_ui_tutorial' retrieved from /home/airflow/.local/lib/python3.12/site-packages/airflow/example_dags/example_params_ui_tutorial.py
[2024-09-02T21:54:10.285+0000] {logging_mixin.py:188} INFO - [2024-09-02T21:54:10.284+0000] {dag.py:3096} INFO - Sync 1 DAGs
[2024-09-02T21:54:10.307+0000] {logging_mixin.py:188} INFO - [2024-09-02T21:54:10.307+0000] {dag.py:3954} INFO - Setting next_dagrun for example_params_ui_tutorial to None, run_after=None
[2024-09-02T21:54:10.367+0000] {processor.py:183} INFO - Processing /home/airflow/.local/lib/python3.12/site-packages/airflow/example_dags/example_params_ui_tutorial.py took 0.222 seconds
[2024-09-02T21:54:41.218+0000] {processor.py:161} INFO - Started process (PID=1273) to work on /home/airflow/.local/lib/python3.12/site-packages/airflow/example_dags/example_params_ui_tutorial.py
[2024-09-02T21:54:41.219+0000] {processor.py:830} INFO - Processing file /home/airflow/.local/lib/python3.12/site-packages/airflow/example_dags/example_params_ui_tutorial.py for tasks to queue
[2024-09-02T21:54:41.221+0000] {logging_mixin.py:188} INFO - [2024-09-02T21:54:41.221+0000] {dagbag.py:545} INFO - Filling up the DagBag from /home/airflow/.local/lib/python3.12/site-packages/airflow/example_dags/example_params_ui_tutorial.py
[2024-09-02T21:54:41.236+0000] {processor.py:840} INFO - DAG(s) 'example_params_ui_tutorial' retrieved from /home/airflow/.local/lib/python3.12/site-packages/airflow/example_dags/example_params_ui_tutorial.py
[2024-09-02T21:54:41.293+0000] {logging_mixin.py:188} INFO - [2024-09-02T21:54:41.293+0000] {dag.py:3096} INFO - Sync 1 DAGs
[2024-09-02T21:54:41.308+0000] {logging_mixin.py:188} INFO - [2024-09-02T21:54:41.308+0000] {dag.py:3954} INFO - Setting next_dagrun for example_params_ui_tutorial to None, run_after=None
[2024-09-02T21:54:41.336+0000] {processor.py:183} INFO - Processing /home/airflow/.local/lib/python3.12/site-packages/airflow/example_dags/example_params_ui_tutorial.py took 0.123 seconds
[2024-09-02T21:55:11.581+0000] {processor.py:161} INFO - Started process (PID=1333) to work on /home/airflow/.local/lib/python3.12/site-packages/airflow/example_dags/example_params_ui_tutorial.py
[2024-09-02T21:55:11.583+0000] {processor.py:830} INFO - Processing file /home/airflow/.local/lib/python3.12/site-packages/airflow/example_dags/example_params_ui_tutorial.py for tasks to queue
[2024-09-02T21:55:11.585+0000] {logging_mixin.py:188} INFO - [2024-09-02T21:55:11.585+0000] {dagbag.py:545} INFO - Filling up the DagBag from /home/airflow/.local/lib/python3.12/site-packages/airflow/example_dags/example_params_ui_tutorial.py
[2024-09-02T21:55:11.598+0000] {processor.py:840} INFO - DAG(s) 'example_params_ui_tutorial' retrieved from /home/airflow/.local/lib/python3.12/site-packages/airflow/example_dags/example_params_ui_tutorial.py
[2024-09-02T21:55:11.656+0000] {logging_mixin.py:188} INFO - [2024-09-02T21:55:11.656+0000] {dag.py:3096} INFO - Sync 1 DAGs
[2024-09-02T21:55:11.670+0000] {logging_mixin.py:188} INFO - [2024-09-02T21:55:11.670+0000] {dag.py:3954} INFO - Setting next_dagrun for example_params_ui_tutorial to None, run_after=None
[2024-09-02T21:55:11.694+0000] {processor.py:183} INFO - Processing /home/airflow/.local/lib/python3.12/site-packages/airflow/example_dags/example_params_ui_tutorial.py took 0.120 seconds
[2024-09-02T21:55:42.007+0000] {processor.py:161} INFO - Started process (PID=1397) to work on /home/airflow/.local/lib/python3.12/site-packages/airflow/example_dags/example_params_ui_tutorial.py
[2024-09-02T21:55:42.010+0000] {processor.py:830} INFO - Processing file /home/airflow/.local/lib/python3.12/site-packages/airflow/example_dags/example_params_ui_tutorial.py for tasks to queue
[2024-09-02T21:55:42.014+0000] {logging_mixin.py:188} INFO - [2024-09-02T21:55:42.013+0000] {dagbag.py:545} INFO - Filling up the DagBag from /home/airflow/.local/lib/python3.12/site-packages/airflow/example_dags/example_params_ui_tutorial.py
[2024-09-02T21:55:42.036+0000] {processor.py:840} INFO - DAG(s) 'example_params_ui_tutorial' retrieved from /home/airflow/.local/lib/python3.12/site-packages/airflow/example_dags/example_params_ui_tutorial.py
[2024-09-02T21:55:42.164+0000] {logging_mixin.py:188} INFO - [2024-09-02T21:55:42.164+0000] {dag.py:3096} INFO - Sync 1 DAGs
[2024-09-02T21:55:42.188+0000] {logging_mixin.py:188} INFO - [2024-09-02T21:55:42.188+0000] {dag.py:3954} INFO - Setting next_dagrun for example_params_ui_tutorial to None, run_after=None
[2024-09-02T21:55:42.222+0000] {processor.py:183} INFO - Processing /home/airflow/.local/lib/python3.12/site-packages/airflow/example_dags/example_params_ui_tutorial.py took 0.228 seconds
[2024-09-02T21:56:12.686+0000] {processor.py:161} INFO - Started process (PID=1460) to work on /home/airflow/.local/lib/python3.12/site-packages/airflow/example_dags/example_params_ui_tutorial.py
[2024-09-02T21:56:12.687+0000] {processor.py:830} INFO - Processing file /home/airflow/.local/lib/python3.12/site-packages/airflow/example_dags/example_params_ui_tutorial.py for tasks to queue
[2024-09-02T21:56:12.689+0000] {logging_mixin.py:188} INFO - [2024-09-02T21:56:12.689+0000] {dagbag.py:545} INFO - Filling up the DagBag from /home/airflow/.local/lib/python3.12/site-packages/airflow/example_dags/example_params_ui_tutorial.py
[2024-09-02T21:56:12.702+0000] {processor.py:840} INFO - DAG(s) 'example_params_ui_tutorial' retrieved from /home/airflow/.local/lib/python3.12/site-packages/airflow/example_dags/example_params_ui_tutorial.py
[2024-09-02T21:56:12.769+0000] {logging_mixin.py:188} INFO - [2024-09-02T21:56:12.768+0000] {dag.py:3096} INFO - Sync 1 DAGs
[2024-09-02T21:56:12.784+0000] {logging_mixin.py:188} INFO - [2024-09-02T21:56:12.784+0000] {dag.py:3954} INFO - Setting next_dagrun for example_params_ui_tutorial to None, run_after=None
[2024-09-02T21:56:12.813+0000] {processor.py:183} INFO - Processing /home/airflow/.local/lib/python3.12/site-packages/airflow/example_dags/example_params_ui_tutorial.py took 0.132 seconds
