[2024-09-02T21:35:19.584+0000] {processor.py:161} INFO - Started process (PID=109) to work on /home/airflow/.local/lib/python3.12/site-packages/airflow/example_dags/example_nested_branch_dag.py
[2024-09-02T21:35:19.587+0000] {processor.py:830} INFO - Processing file /home/airflow/.local/lib/python3.12/site-packages/airflow/example_dags/example_nested_branch_dag.py for tasks to queue
[2024-09-02T21:35:19.594+0000] {logging_mixin.py:188} INFO - [2024-09-02T21:35:19.591+0000] {dagbag.py:545} INFO - Filling up the DagBag from /home/airflow/.local/lib/python3.12/site-packages/airflow/example_dags/example_nested_branch_dag.py
[2024-09-02T21:35:19.640+0000] {processor.py:840} INFO - DAG(s) 'example_nested_branch_dag' retrieved from /home/airflow/.local/lib/python3.12/site-packages/airflow/example_dags/example_nested_branch_dag.py
[2024-09-02T21:35:20.100+0000] {logging_mixin.py:188} INFO - [2024-09-02T21:35:20.091+0000] {override.py:1829} INFO - Created Permission View: can edit on DAG:example_nested_branch_dag
[2024-09-02T21:35:20.183+0000] {logging_mixin.py:188} INFO - [2024-09-02T21:35:20.182+0000] {override.py:1829} INFO - Created Permission View: can delete on DAG:example_nested_branch_dag
[2024-09-02T21:35:20.220+0000] {logging_mixin.py:188} INFO - [2024-09-02T21:35:20.219+0000] {override.py:1829} INFO - Created Permission View: can read on DAG:example_nested_branch_dag
[2024-09-02T21:35:20.222+0000] {logging_mixin.py:188} INFO - [2024-09-02T21:35:20.221+0000] {dag.py:3096} INFO - Sync 1 DAGs
[2024-09-02T21:35:20.299+0000] {logging_mixin.py:188} INFO - [2024-09-02T21:35:20.298+0000] {dag.py:3118} INFO - Creating ORM DAG for example_nested_branch_dag
[2024-09-02T21:35:20.368+0000] {logging_mixin.py:188} INFO - [2024-09-02T21:35:20.367+0000] {dag.py:3954} INFO - Setting next_dagrun for example_nested_branch_dag to 2024-09-01 00:00:00+00:00, run_after=2024-09-02 00:00:00+00:00
[2024-09-02T21:35:20.454+0000] {processor.py:183} INFO - Processing /home/airflow/.local/lib/python3.12/site-packages/airflow/example_dags/example_nested_branch_dag.py took 0.890 seconds
[2024-09-02T21:35:51.348+0000] {processor.py:161} INFO - Started process (PID=168) to work on /home/airflow/.local/lib/python3.12/site-packages/airflow/example_dags/example_nested_branch_dag.py
[2024-09-02T21:35:51.352+0000] {processor.py:830} INFO - Processing file /home/airflow/.local/lib/python3.12/site-packages/airflow/example_dags/example_nested_branch_dag.py for tasks to queue
[2024-09-02T21:35:51.360+0000] {logging_mixin.py:188} INFO - [2024-09-02T21:35:51.359+0000] {dagbag.py:545} INFO - Filling up the DagBag from /home/airflow/.local/lib/python3.12/site-packages/airflow/example_dags/example_nested_branch_dag.py
[2024-09-02T21:35:51.412+0000] {processor.py:840} INFO - DAG(s) 'example_nested_branch_dag' retrieved from /home/airflow/.local/lib/python3.12/site-packages/airflow/example_dags/example_nested_branch_dag.py
[2024-09-02T21:35:51.528+0000] {logging_mixin.py:188} INFO - [2024-09-02T21:35:51.527+0000] {dag.py:3096} INFO - Sync 1 DAGs
[2024-09-02T21:35:51.703+0000] {logging_mixin.py:188} INFO - [2024-09-02T21:35:51.702+0000] {dag.py:3954} INFO - Setting next_dagrun for example_nested_branch_dag to 2024-09-01 00:00:00+00:00, run_after=2024-09-02 00:00:00+00:00
[2024-09-02T21:35:51.820+0000] {processor.py:183} INFO - Processing /home/airflow/.local/lib/python3.12/site-packages/airflow/example_dags/example_nested_branch_dag.py took 0.498 seconds
[2024-09-02T21:38:46.768+0000] {processor.py:161} INFO - Started process (PID=107) to work on /home/airflow/.local/lib/python3.12/site-packages/airflow/example_dags/example_nested_branch_dag.py
[2024-09-02T21:38:46.771+0000] {processor.py:830} INFO - Processing file /home/airflow/.local/lib/python3.12/site-packages/airflow/example_dags/example_nested_branch_dag.py for tasks to queue
[2024-09-02T21:38:46.777+0000] {logging_mixin.py:188} INFO - [2024-09-02T21:38:46.776+0000] {dagbag.py:545} INFO - Filling up the DagBag from /home/airflow/.local/lib/python3.12/site-packages/airflow/example_dags/example_nested_branch_dag.py
[2024-09-02T21:38:46.814+0000] {processor.py:840} INFO - DAG(s) 'example_nested_branch_dag' retrieved from /home/airflow/.local/lib/python3.12/site-packages/airflow/example_dags/example_nested_branch_dag.py
[2024-09-02T21:38:47.186+0000] {logging_mixin.py:188} INFO - [2024-09-02T21:38:47.185+0000] {override.py:1829} INFO - Created Permission View: can edit on DAG:example_nested_branch_dag
[2024-09-02T21:38:47.214+0000] {logging_mixin.py:188} INFO - [2024-09-02T21:38:47.213+0000] {override.py:1829} INFO - Created Permission View: can read on DAG:example_nested_branch_dag
[2024-09-02T21:38:47.232+0000] {logging_mixin.py:188} INFO - [2024-09-02T21:38:47.232+0000] {override.py:1829} INFO - Created Permission View: can delete on DAG:example_nested_branch_dag
[2024-09-02T21:38:47.234+0000] {logging_mixin.py:188} INFO - [2024-09-02T21:38:47.234+0000] {dag.py:3096} INFO - Sync 1 DAGs
[2024-09-02T21:38:47.268+0000] {logging_mixin.py:188} INFO - [2024-09-02T21:38:47.267+0000] {dag.py:3118} INFO - Creating ORM DAG for example_nested_branch_dag
[2024-09-02T21:38:47.303+0000] {logging_mixin.py:188} INFO - [2024-09-02T21:38:47.302+0000] {dag.py:3954} INFO - Setting next_dagrun for example_nested_branch_dag to 2024-09-01 00:00:00+00:00, run_after=2024-09-02 00:00:00+00:00
[2024-09-02T21:38:47.344+0000] {processor.py:183} INFO - Processing /home/airflow/.local/lib/python3.12/site-packages/airflow/example_dags/example_nested_branch_dag.py took 0.590 seconds
[2024-09-02T21:39:17.836+0000] {processor.py:161} INFO - Started process (PID=167) to work on /home/airflow/.local/lib/python3.12/site-packages/airflow/example_dags/example_nested_branch_dag.py
[2024-09-02T21:39:17.837+0000] {processor.py:830} INFO - Processing file /home/airflow/.local/lib/python3.12/site-packages/airflow/example_dags/example_nested_branch_dag.py for tasks to queue
[2024-09-02T21:39:17.839+0000] {logging_mixin.py:188} INFO - [2024-09-02T21:39:17.839+0000] {dagbag.py:545} INFO - Filling up the DagBag from /home/airflow/.local/lib/python3.12/site-packages/airflow/example_dags/example_nested_branch_dag.py
[2024-09-02T21:39:17.848+0000] {processor.py:840} INFO - DAG(s) 'example_nested_branch_dag' retrieved from /home/airflow/.local/lib/python3.12/site-packages/airflow/example_dags/example_nested_branch_dag.py
[2024-09-02T21:39:17.876+0000] {logging_mixin.py:188} INFO - [2024-09-02T21:39:17.876+0000] {dag.py:3096} INFO - Sync 1 DAGs
[2024-09-02T21:39:17.907+0000] {logging_mixin.py:188} INFO - [2024-09-02T21:39:17.906+0000] {dag.py:3954} INFO - Setting next_dagrun for example_nested_branch_dag to 2024-09-01 00:00:00+00:00, run_after=2024-09-02 00:00:00+00:00
[2024-09-02T21:39:17.935+0000] {processor.py:183} INFO - Processing /home/airflow/.local/lib/python3.12/site-packages/airflow/example_dags/example_nested_branch_dag.py took 0.104 seconds
[2024-09-02T21:39:48.017+0000] {processor.py:161} INFO - Started process (PID=227) to work on /home/airflow/.local/lib/python3.12/site-packages/airflow/example_dags/example_nested_branch_dag.py
[2024-09-02T21:39:48.019+0000] {processor.py:830} INFO - Processing file /home/airflow/.local/lib/python3.12/site-packages/airflow/example_dags/example_nested_branch_dag.py for tasks to queue
[2024-09-02T21:39:48.022+0000] {logging_mixin.py:188} INFO - [2024-09-02T21:39:48.022+0000] {dagbag.py:545} INFO - Filling up the DagBag from /home/airflow/.local/lib/python3.12/site-packages/airflow/example_dags/example_nested_branch_dag.py
[2024-09-02T21:39:48.046+0000] {processor.py:840} INFO - DAG(s) 'example_nested_branch_dag' retrieved from /home/airflow/.local/lib/python3.12/site-packages/airflow/example_dags/example_nested_branch_dag.py
[2024-09-02T21:39:48.083+0000] {logging_mixin.py:188} INFO - [2024-09-02T21:39:48.083+0000] {dag.py:3096} INFO - Sync 1 DAGs
[2024-09-02T21:39:48.126+0000] {logging_mixin.py:188} INFO - [2024-09-02T21:39:48.125+0000] {dag.py:3954} INFO - Setting next_dagrun for example_nested_branch_dag to 2024-09-01 00:00:00+00:00, run_after=2024-09-02 00:00:00+00:00
[2024-09-02T21:39:48.154+0000] {processor.py:183} INFO - Processing /home/airflow/.local/lib/python3.12/site-packages/airflow/example_dags/example_nested_branch_dag.py took 0.149 seconds
[2024-09-02T21:40:18.523+0000] {processor.py:161} INFO - Started process (PID=287) to work on /home/airflow/.local/lib/python3.12/site-packages/airflow/example_dags/example_nested_branch_dag.py
[2024-09-02T21:40:18.525+0000] {processor.py:830} INFO - Processing file /home/airflow/.local/lib/python3.12/site-packages/airflow/example_dags/example_nested_branch_dag.py for tasks to queue
[2024-09-02T21:40:18.527+0000] {logging_mixin.py:188} INFO - [2024-09-02T21:40:18.527+0000] {dagbag.py:545} INFO - Filling up the DagBag from /home/airflow/.local/lib/python3.12/site-packages/airflow/example_dags/example_nested_branch_dag.py
[2024-09-02T21:40:18.539+0000] {processor.py:840} INFO - DAG(s) 'example_nested_branch_dag' retrieved from /home/airflow/.local/lib/python3.12/site-packages/airflow/example_dags/example_nested_branch_dag.py
[2024-09-02T21:40:18.567+0000] {logging_mixin.py:188} INFO - [2024-09-02T21:40:18.566+0000] {dag.py:3096} INFO - Sync 1 DAGs
[2024-09-02T21:40:18.593+0000] {logging_mixin.py:188} INFO - [2024-09-02T21:40:18.593+0000] {dag.py:3954} INFO - Setting next_dagrun for example_nested_branch_dag to 2024-09-01 00:00:00+00:00, run_after=2024-09-02 00:00:00+00:00
[2024-09-02T21:40:18.617+0000] {processor.py:183} INFO - Processing /home/airflow/.local/lib/python3.12/site-packages/airflow/example_dags/example_nested_branch_dag.py took 0.101 seconds
[2024-09-02T21:40:48.834+0000] {processor.py:161} INFO - Started process (PID=347) to work on /home/airflow/.local/lib/python3.12/site-packages/airflow/example_dags/example_nested_branch_dag.py
[2024-09-02T21:40:48.836+0000] {processor.py:830} INFO - Processing file /home/airflow/.local/lib/python3.12/site-packages/airflow/example_dags/example_nested_branch_dag.py for tasks to queue
[2024-09-02T21:40:48.844+0000] {logging_mixin.py:188} INFO - [2024-09-02T21:40:48.843+0000] {dagbag.py:545} INFO - Filling up the DagBag from /home/airflow/.local/lib/python3.12/site-packages/airflow/example_dags/example_nested_branch_dag.py
[2024-09-02T21:40:48.881+0000] {processor.py:840} INFO - DAG(s) 'example_nested_branch_dag' retrieved from /home/airflow/.local/lib/python3.12/site-packages/airflow/example_dags/example_nested_branch_dag.py
[2024-09-02T21:40:48.964+0000] {logging_mixin.py:188} INFO - [2024-09-02T21:40:48.963+0000] {dag.py:3096} INFO - Sync 1 DAGs
[2024-09-02T21:40:49.017+0000] {logging_mixin.py:188} INFO - [2024-09-02T21:40:49.017+0000] {dag.py:3954} INFO - Setting next_dagrun for example_nested_branch_dag to 2024-09-01 00:00:00+00:00, run_after=2024-09-02 00:00:00+00:00
[2024-09-02T21:40:49.056+0000] {processor.py:183} INFO - Processing /home/airflow/.local/lib/python3.12/site-packages/airflow/example_dags/example_nested_branch_dag.py took 0.238 seconds
[2024-09-02T21:44:37.245+0000] {processor.py:161} INFO - Started process (PID=101) to work on /home/airflow/.local/lib/python3.12/site-packages/airflow/example_dags/example_nested_branch_dag.py
[2024-09-02T21:44:37.249+0000] {processor.py:830} INFO - Processing file /home/airflow/.local/lib/python3.12/site-packages/airflow/example_dags/example_nested_branch_dag.py for tasks to queue
[2024-09-02T21:44:37.254+0000] {logging_mixin.py:188} INFO - [2024-09-02T21:44:37.253+0000] {dagbag.py:545} INFO - Filling up the DagBag from /home/airflow/.local/lib/python3.12/site-packages/airflow/example_dags/example_nested_branch_dag.py
[2024-09-02T21:44:37.303+0000] {processor.py:840} INFO - DAG(s) 'example_nested_branch_dag' retrieved from /home/airflow/.local/lib/python3.12/site-packages/airflow/example_dags/example_nested_branch_dag.py
[2024-09-02T21:44:37.728+0000] {logging_mixin.py:188} INFO - [2024-09-02T21:44:37.726+0000] {override.py:1829} INFO - Created Permission View: can read on DAG:example_nested_branch_dag
[2024-09-02T21:44:37.752+0000] {logging_mixin.py:188} INFO - [2024-09-02T21:44:37.751+0000] {override.py:1829} INFO - Created Permission View: can delete on DAG:example_nested_branch_dag
[2024-09-02T21:44:37.774+0000] {logging_mixin.py:188} INFO - [2024-09-02T21:44:37.773+0000] {override.py:1829} INFO - Created Permission View: can edit on DAG:example_nested_branch_dag
[2024-09-02T21:44:37.776+0000] {logging_mixin.py:188} INFO - [2024-09-02T21:44:37.775+0000] {dag.py:3096} INFO - Sync 1 DAGs
[2024-09-02T21:44:37.840+0000] {logging_mixin.py:188} INFO - [2024-09-02T21:44:37.839+0000] {dag.py:3118} INFO - Creating ORM DAG for example_nested_branch_dag
[2024-09-02T21:44:37.896+0000] {logging_mixin.py:188} INFO - [2024-09-02T21:44:37.895+0000] {dag.py:3954} INFO - Setting next_dagrun for example_nested_branch_dag to 2024-09-01 00:00:00+00:00, run_after=2024-09-02 00:00:00+00:00
[2024-09-02T21:44:37.948+0000] {processor.py:183} INFO - Processing /home/airflow/.local/lib/python3.12/site-packages/airflow/example_dags/example_nested_branch_dag.py took 0.732 seconds
[2024-09-02T21:45:08.856+0000] {processor.py:161} INFO - Started process (PID=161) to work on /home/airflow/.local/lib/python3.12/site-packages/airflow/example_dags/example_nested_branch_dag.py
[2024-09-02T21:45:08.857+0000] {processor.py:830} INFO - Processing file /home/airflow/.local/lib/python3.12/site-packages/airflow/example_dags/example_nested_branch_dag.py for tasks to queue
[2024-09-02T21:45:08.858+0000] {logging_mixin.py:188} INFO - [2024-09-02T21:45:08.858+0000] {dagbag.py:545} INFO - Filling up the DagBag from /home/airflow/.local/lib/python3.12/site-packages/airflow/example_dags/example_nested_branch_dag.py
[2024-09-02T21:45:08.868+0000] {processor.py:840} INFO - DAG(s) 'example_nested_branch_dag' retrieved from /home/airflow/.local/lib/python3.12/site-packages/airflow/example_dags/example_nested_branch_dag.py
[2024-09-02T21:45:08.891+0000] {logging_mixin.py:188} INFO - [2024-09-02T21:45:08.891+0000] {dag.py:3096} INFO - Sync 1 DAGs
[2024-09-02T21:45:08.916+0000] {logging_mixin.py:188} INFO - [2024-09-02T21:45:08.915+0000] {dag.py:3954} INFO - Setting next_dagrun for example_nested_branch_dag to 2024-09-01 00:00:00+00:00, run_after=2024-09-02 00:00:00+00:00
[2024-09-02T21:45:08.936+0000] {processor.py:183} INFO - Processing /home/airflow/.local/lib/python3.12/site-packages/airflow/example_dags/example_nested_branch_dag.py took 0.085 seconds
[2024-09-02T21:45:39.536+0000] {processor.py:161} INFO - Started process (PID=221) to work on /home/airflow/.local/lib/python3.12/site-packages/airflow/example_dags/example_nested_branch_dag.py
[2024-09-02T21:45:39.538+0000] {processor.py:830} INFO - Processing file /home/airflow/.local/lib/python3.12/site-packages/airflow/example_dags/example_nested_branch_dag.py for tasks to queue
[2024-09-02T21:45:39.542+0000] {logging_mixin.py:188} INFO - [2024-09-02T21:45:39.541+0000] {dagbag.py:545} INFO - Filling up the DagBag from /home/airflow/.local/lib/python3.12/site-packages/airflow/example_dags/example_nested_branch_dag.py
[2024-09-02T21:45:39.568+0000] {processor.py:840} INFO - DAG(s) 'example_nested_branch_dag' retrieved from /home/airflow/.local/lib/python3.12/site-packages/airflow/example_dags/example_nested_branch_dag.py
[2024-09-02T21:45:39.605+0000] {logging_mixin.py:188} INFO - [2024-09-02T21:45:39.605+0000] {dag.py:3096} INFO - Sync 1 DAGs
[2024-09-02T21:45:39.636+0000] {logging_mixin.py:188} INFO - [2024-09-02T21:45:39.635+0000] {dag.py:3954} INFO - Setting next_dagrun for example_nested_branch_dag to 2024-09-01 00:00:00+00:00, run_after=2024-09-02 00:00:00+00:00
[2024-09-02T21:45:39.673+0000] {processor.py:183} INFO - Processing /home/airflow/.local/lib/python3.12/site-packages/airflow/example_dags/example_nested_branch_dag.py took 0.151 seconds
[2024-09-02T21:46:09.842+0000] {processor.py:161} INFO - Started process (PID=282) to work on /home/airflow/.local/lib/python3.12/site-packages/airflow/example_dags/example_nested_branch_dag.py
[2024-09-02T21:46:09.844+0000] {processor.py:830} INFO - Processing file /home/airflow/.local/lib/python3.12/site-packages/airflow/example_dags/example_nested_branch_dag.py for tasks to queue
[2024-09-02T21:46:09.846+0000] {logging_mixin.py:188} INFO - [2024-09-02T21:46:09.845+0000] {dagbag.py:545} INFO - Filling up the DagBag from /home/airflow/.local/lib/python3.12/site-packages/airflow/example_dags/example_nested_branch_dag.py
[2024-09-02T21:46:09.856+0000] {processor.py:840} INFO - DAG(s) 'example_nested_branch_dag' retrieved from /home/airflow/.local/lib/python3.12/site-packages/airflow/example_dags/example_nested_branch_dag.py
[2024-09-02T21:46:09.881+0000] {logging_mixin.py:188} INFO - [2024-09-02T21:46:09.881+0000] {dag.py:3096} INFO - Sync 1 DAGs
[2024-09-02T21:46:09.908+0000] {logging_mixin.py:188} INFO - [2024-09-02T21:46:09.908+0000] {dag.py:3954} INFO - Setting next_dagrun for example_nested_branch_dag to 2024-09-01 00:00:00+00:00, run_after=2024-09-02 00:00:00+00:00
[2024-09-02T21:46:09.933+0000] {processor.py:183} INFO - Processing /home/airflow/.local/lib/python3.12/site-packages/airflow/example_dags/example_nested_branch_dag.py took 0.096 seconds
[2024-09-02T21:46:40.087+0000] {processor.py:161} INFO - Started process (PID=342) to work on /home/airflow/.local/lib/python3.12/site-packages/airflow/example_dags/example_nested_branch_dag.py
[2024-09-02T21:46:40.088+0000] {processor.py:830} INFO - Processing file /home/airflow/.local/lib/python3.12/site-packages/airflow/example_dags/example_nested_branch_dag.py for tasks to queue
[2024-09-02T21:46:40.090+0000] {logging_mixin.py:188} INFO - [2024-09-02T21:46:40.090+0000] {dagbag.py:545} INFO - Filling up the DagBag from /home/airflow/.local/lib/python3.12/site-packages/airflow/example_dags/example_nested_branch_dag.py
[2024-09-02T21:46:40.101+0000] {processor.py:840} INFO - DAG(s) 'example_nested_branch_dag' retrieved from /home/airflow/.local/lib/python3.12/site-packages/airflow/example_dags/example_nested_branch_dag.py
[2024-09-02T21:46:40.126+0000] {logging_mixin.py:188} INFO - [2024-09-02T21:46:40.126+0000] {dag.py:3096} INFO - Sync 1 DAGs
[2024-09-02T21:46:40.153+0000] {logging_mixin.py:188} INFO - [2024-09-02T21:46:40.153+0000] {dag.py:3954} INFO - Setting next_dagrun for example_nested_branch_dag to 2024-09-01 00:00:00+00:00, run_after=2024-09-02 00:00:00+00:00
[2024-09-02T21:46:40.180+0000] {processor.py:183} INFO - Processing /home/airflow/.local/lib/python3.12/site-packages/airflow/example_dags/example_nested_branch_dag.py took 0.099 seconds
[2024-09-02T21:47:10.468+0000] {processor.py:161} INFO - Started process (PID=402) to work on /home/airflow/.local/lib/python3.12/site-packages/airflow/example_dags/example_nested_branch_dag.py
[2024-09-02T21:47:10.469+0000] {processor.py:830} INFO - Processing file /home/airflow/.local/lib/python3.12/site-packages/airflow/example_dags/example_nested_branch_dag.py for tasks to queue
[2024-09-02T21:47:10.471+0000] {logging_mixin.py:188} INFO - [2024-09-02T21:47:10.471+0000] {dagbag.py:545} INFO - Filling up the DagBag from /home/airflow/.local/lib/python3.12/site-packages/airflow/example_dags/example_nested_branch_dag.py
[2024-09-02T21:47:10.485+0000] {processor.py:840} INFO - DAG(s) 'example_nested_branch_dag' retrieved from /home/airflow/.local/lib/python3.12/site-packages/airflow/example_dags/example_nested_branch_dag.py
[2024-09-02T21:47:10.515+0000] {logging_mixin.py:188} INFO - [2024-09-02T21:47:10.514+0000] {dag.py:3096} INFO - Sync 1 DAGs
[2024-09-02T21:47:10.548+0000] {logging_mixin.py:188} INFO - [2024-09-02T21:47:10.547+0000] {dag.py:3954} INFO - Setting next_dagrun for example_nested_branch_dag to 2024-09-01 00:00:00+00:00, run_after=2024-09-02 00:00:00+00:00
[2024-09-02T21:47:10.576+0000] {processor.py:183} INFO - Processing /home/airflow/.local/lib/python3.12/site-packages/airflow/example_dags/example_nested_branch_dag.py took 0.115 seconds
[2024-09-02T21:47:41.429+0000] {processor.py:161} INFO - Started process (PID=462) to work on /home/airflow/.local/lib/python3.12/site-packages/airflow/example_dags/example_nested_branch_dag.py
[2024-09-02T21:47:41.431+0000] {processor.py:830} INFO - Processing file /home/airflow/.local/lib/python3.12/site-packages/airflow/example_dags/example_nested_branch_dag.py for tasks to queue
[2024-09-02T21:47:41.434+0000] {logging_mixin.py:188} INFO - [2024-09-02T21:47:41.433+0000] {dagbag.py:545} INFO - Filling up the DagBag from /home/airflow/.local/lib/python3.12/site-packages/airflow/example_dags/example_nested_branch_dag.py
[2024-09-02T21:47:41.449+0000] {processor.py:840} INFO - DAG(s) 'example_nested_branch_dag' retrieved from /home/airflow/.local/lib/python3.12/site-packages/airflow/example_dags/example_nested_branch_dag.py
[2024-09-02T21:47:41.491+0000] {logging_mixin.py:188} INFO - [2024-09-02T21:47:41.490+0000] {dag.py:3096} INFO - Sync 1 DAGs
[2024-09-02T21:47:41.541+0000] {logging_mixin.py:188} INFO - [2024-09-02T21:47:41.541+0000] {dag.py:3954} INFO - Setting next_dagrun for example_nested_branch_dag to 2024-09-01 00:00:00+00:00, run_after=2024-09-02 00:00:00+00:00
[2024-09-02T21:47:41.594+0000] {processor.py:183} INFO - Processing /home/airflow/.local/lib/python3.12/site-packages/airflow/example_dags/example_nested_branch_dag.py took 0.176 seconds
[2024-09-02T21:48:11.806+0000] {processor.py:161} INFO - Started process (PID=522) to work on /home/airflow/.local/lib/python3.12/site-packages/airflow/example_dags/example_nested_branch_dag.py
[2024-09-02T21:48:11.809+0000] {processor.py:830} INFO - Processing file /home/airflow/.local/lib/python3.12/site-packages/airflow/example_dags/example_nested_branch_dag.py for tasks to queue
[2024-09-02T21:48:11.814+0000] {logging_mixin.py:188} INFO - [2024-09-02T21:48:11.813+0000] {dagbag.py:545} INFO - Filling up the DagBag from /home/airflow/.local/lib/python3.12/site-packages/airflow/example_dags/example_nested_branch_dag.py
[2024-09-02T21:48:11.843+0000] {processor.py:840} INFO - DAG(s) 'example_nested_branch_dag' retrieved from /home/airflow/.local/lib/python3.12/site-packages/airflow/example_dags/example_nested_branch_dag.py
[2024-09-02T21:48:11.901+0000] {logging_mixin.py:188} INFO - [2024-09-02T21:48:11.900+0000] {dag.py:3096} INFO - Sync 1 DAGs
[2024-09-02T21:48:11.963+0000] {logging_mixin.py:188} INFO - [2024-09-02T21:48:11.963+0000] {dag.py:3954} INFO - Setting next_dagrun for example_nested_branch_dag to 2024-09-01 00:00:00+00:00, run_after=2024-09-02 00:00:00+00:00
[2024-09-02T21:48:12.047+0000] {processor.py:183} INFO - Processing /home/airflow/.local/lib/python3.12/site-packages/airflow/example_dags/example_nested_branch_dag.py took 0.256 seconds
[2024-09-02T21:48:42.693+0000] {processor.py:161} INFO - Started process (PID=582) to work on /home/airflow/.local/lib/python3.12/site-packages/airflow/example_dags/example_nested_branch_dag.py
[2024-09-02T21:48:42.694+0000] {processor.py:830} INFO - Processing file /home/airflow/.local/lib/python3.12/site-packages/airflow/example_dags/example_nested_branch_dag.py for tasks to queue
[2024-09-02T21:48:42.696+0000] {logging_mixin.py:188} INFO - [2024-09-02T21:48:42.695+0000] {dagbag.py:545} INFO - Filling up the DagBag from /home/airflow/.local/lib/python3.12/site-packages/airflow/example_dags/example_nested_branch_dag.py
[2024-09-02T21:48:42.713+0000] {processor.py:840} INFO - DAG(s) 'example_nested_branch_dag' retrieved from /home/airflow/.local/lib/python3.12/site-packages/airflow/example_dags/example_nested_branch_dag.py
[2024-09-02T21:48:42.769+0000] {logging_mixin.py:188} INFO - [2024-09-02T21:48:42.769+0000] {dag.py:3096} INFO - Sync 1 DAGs
[2024-09-02T21:48:42.820+0000] {logging_mixin.py:188} INFO - [2024-09-02T21:48:42.819+0000] {dag.py:3954} INFO - Setting next_dagrun for example_nested_branch_dag to 2024-09-01 00:00:00+00:00, run_after=2024-09-02 00:00:00+00:00
[2024-09-02T21:48:42.864+0000] {processor.py:183} INFO - Processing /home/airflow/.local/lib/python3.12/site-packages/airflow/example_dags/example_nested_branch_dag.py took 0.176 seconds
[2024-09-02T21:49:13.722+0000] {processor.py:161} INFO - Started process (PID=642) to work on /home/airflow/.local/lib/python3.12/site-packages/airflow/example_dags/example_nested_branch_dag.py
[2024-09-02T21:49:13.723+0000] {processor.py:830} INFO - Processing file /home/airflow/.local/lib/python3.12/site-packages/airflow/example_dags/example_nested_branch_dag.py for tasks to queue
[2024-09-02T21:49:13.725+0000] {logging_mixin.py:188} INFO - [2024-09-02T21:49:13.725+0000] {dagbag.py:545} INFO - Filling up the DagBag from /home/airflow/.local/lib/python3.12/site-packages/airflow/example_dags/example_nested_branch_dag.py
[2024-09-02T21:49:13.745+0000] {processor.py:840} INFO - DAG(s) 'example_nested_branch_dag' retrieved from /home/airflow/.local/lib/python3.12/site-packages/airflow/example_dags/example_nested_branch_dag.py
[2024-09-02T21:49:13.776+0000] {logging_mixin.py:188} INFO - [2024-09-02T21:49:13.776+0000] {dag.py:3096} INFO - Sync 1 DAGs
[2024-09-02T21:49:13.811+0000] {logging_mixin.py:188} INFO - [2024-09-02T21:49:13.811+0000] {dag.py:3954} INFO - Setting next_dagrun for example_nested_branch_dag to 2024-09-01 00:00:00+00:00, run_after=2024-09-02 00:00:00+00:00
[2024-09-02T21:49:13.845+0000] {processor.py:183} INFO - Processing /home/airflow/.local/lib/python3.12/site-packages/airflow/example_dags/example_nested_branch_dag.py took 0.131 seconds
[2024-09-02T21:49:44.463+0000] {processor.py:161} INFO - Started process (PID=702) to work on /home/airflow/.local/lib/python3.12/site-packages/airflow/example_dags/example_nested_branch_dag.py
[2024-09-02T21:49:44.464+0000] {processor.py:830} INFO - Processing file /home/airflow/.local/lib/python3.12/site-packages/airflow/example_dags/example_nested_branch_dag.py for tasks to queue
[2024-09-02T21:49:44.466+0000] {logging_mixin.py:188} INFO - [2024-09-02T21:49:44.466+0000] {dagbag.py:545} INFO - Filling up the DagBag from /home/airflow/.local/lib/python3.12/site-packages/airflow/example_dags/example_nested_branch_dag.py
[2024-09-02T21:49:44.477+0000] {processor.py:840} INFO - DAG(s) 'example_nested_branch_dag' retrieved from /home/airflow/.local/lib/python3.12/site-packages/airflow/example_dags/example_nested_branch_dag.py
[2024-09-02T21:49:44.506+0000] {logging_mixin.py:188} INFO - [2024-09-02T21:49:44.506+0000] {dag.py:3096} INFO - Sync 1 DAGs
[2024-09-02T21:49:44.537+0000] {logging_mixin.py:188} INFO - [2024-09-02T21:49:44.537+0000] {dag.py:3954} INFO - Setting next_dagrun for example_nested_branch_dag to 2024-09-01 00:00:00+00:00, run_after=2024-09-02 00:00:00+00:00
[2024-09-02T21:49:44.562+0000] {processor.py:183} INFO - Processing /home/airflow/.local/lib/python3.12/site-packages/airflow/example_dags/example_nested_branch_dag.py took 0.105 seconds
[2024-09-02T21:50:15.066+0000] {processor.py:161} INFO - Started process (PID=762) to work on /home/airflow/.local/lib/python3.12/site-packages/airflow/example_dags/example_nested_branch_dag.py
[2024-09-02T21:50:15.068+0000] {processor.py:830} INFO - Processing file /home/airflow/.local/lib/python3.12/site-packages/airflow/example_dags/example_nested_branch_dag.py for tasks to queue
[2024-09-02T21:50:15.073+0000] {logging_mixin.py:188} INFO - [2024-09-02T21:50:15.072+0000] {dagbag.py:545} INFO - Filling up the DagBag from /home/airflow/.local/lib/python3.12/site-packages/airflow/example_dags/example_nested_branch_dag.py
[2024-09-02T21:50:15.109+0000] {processor.py:840} INFO - DAG(s) 'example_nested_branch_dag' retrieved from /home/airflow/.local/lib/python3.12/site-packages/airflow/example_dags/example_nested_branch_dag.py
[2024-09-02T21:50:15.179+0000] {logging_mixin.py:188} INFO - [2024-09-02T21:50:15.179+0000] {dag.py:3096} INFO - Sync 1 DAGs
[2024-09-02T21:50:15.223+0000] {logging_mixin.py:188} INFO - [2024-09-02T21:50:15.223+0000] {dag.py:3954} INFO - Setting next_dagrun for example_nested_branch_dag to 2024-09-01 00:00:00+00:00, run_after=2024-09-02 00:00:00+00:00
[2024-09-02T21:50:15.247+0000] {processor.py:183} INFO - Processing /home/airflow/.local/lib/python3.12/site-packages/airflow/example_dags/example_nested_branch_dag.py took 0.201 seconds
[2024-09-02T21:50:45.328+0000] {processor.py:161} INFO - Started process (PID=821) to work on /home/airflow/.local/lib/python3.12/site-packages/airflow/example_dags/example_nested_branch_dag.py
[2024-09-02T21:50:45.329+0000] {processor.py:830} INFO - Processing file /home/airflow/.local/lib/python3.12/site-packages/airflow/example_dags/example_nested_branch_dag.py for tasks to queue
[2024-09-02T21:50:45.332+0000] {logging_mixin.py:188} INFO - [2024-09-02T21:50:45.331+0000] {dagbag.py:545} INFO - Filling up the DagBag from /home/airflow/.local/lib/python3.12/site-packages/airflow/example_dags/example_nested_branch_dag.py
[2024-09-02T21:50:45.346+0000] {processor.py:840} INFO - DAG(s) 'example_nested_branch_dag' retrieved from /home/airflow/.local/lib/python3.12/site-packages/airflow/example_dags/example_nested_branch_dag.py
[2024-09-02T21:50:45.375+0000] {logging_mixin.py:188} INFO - [2024-09-02T21:50:45.375+0000] {dag.py:3096} INFO - Sync 1 DAGs
[2024-09-02T21:50:45.400+0000] {logging_mixin.py:188} INFO - [2024-09-02T21:50:45.400+0000] {dag.py:3954} INFO - Setting next_dagrun for example_nested_branch_dag to 2024-09-01 00:00:00+00:00, run_after=2024-09-02 00:00:00+00:00
[2024-09-02T21:50:45.423+0000] {processor.py:183} INFO - Processing /home/airflow/.local/lib/python3.12/site-packages/airflow/example_dags/example_nested_branch_dag.py took 0.101 seconds
[2024-09-02T21:51:15.665+0000] {processor.py:161} INFO - Started process (PID=881) to work on /home/airflow/.local/lib/python3.12/site-packages/airflow/example_dags/example_nested_branch_dag.py
[2024-09-02T21:51:15.668+0000] {processor.py:830} INFO - Processing file /home/airflow/.local/lib/python3.12/site-packages/airflow/example_dags/example_nested_branch_dag.py for tasks to queue
[2024-09-02T21:51:15.673+0000] {logging_mixin.py:188} INFO - [2024-09-02T21:51:15.672+0000] {dagbag.py:545} INFO - Filling up the DagBag from /home/airflow/.local/lib/python3.12/site-packages/airflow/example_dags/example_nested_branch_dag.py
[2024-09-02T21:51:15.685+0000] {processor.py:840} INFO - DAG(s) 'example_nested_branch_dag' retrieved from /home/airflow/.local/lib/python3.12/site-packages/airflow/example_dags/example_nested_branch_dag.py
[2024-09-02T21:51:15.708+0000] {logging_mixin.py:188} INFO - [2024-09-02T21:51:15.707+0000] {dag.py:3096} INFO - Sync 1 DAGs
[2024-09-02T21:51:15.732+0000] {logging_mixin.py:188} INFO - [2024-09-02T21:51:15.732+0000] {dag.py:3954} INFO - Setting next_dagrun for example_nested_branch_dag to 2024-09-01 00:00:00+00:00, run_after=2024-09-02 00:00:00+00:00
[2024-09-02T21:51:15.763+0000] {processor.py:183} INFO - Processing /home/airflow/.local/lib/python3.12/site-packages/airflow/example_dags/example_nested_branch_dag.py took 0.108 seconds
[2024-09-02T21:51:46.523+0000] {processor.py:161} INFO - Started process (PID=942) to work on /home/airflow/.local/lib/python3.12/site-packages/airflow/example_dags/example_nested_branch_dag.py
[2024-09-02T21:51:46.525+0000] {processor.py:830} INFO - Processing file /home/airflow/.local/lib/python3.12/site-packages/airflow/example_dags/example_nested_branch_dag.py for tasks to queue
[2024-09-02T21:51:46.527+0000] {logging_mixin.py:188} INFO - [2024-09-02T21:51:46.527+0000] {dagbag.py:545} INFO - Filling up the DagBag from /home/airflow/.local/lib/python3.12/site-packages/airflow/example_dags/example_nested_branch_dag.py
[2024-09-02T21:51:46.541+0000] {processor.py:840} INFO - DAG(s) 'example_nested_branch_dag' retrieved from /home/airflow/.local/lib/python3.12/site-packages/airflow/example_dags/example_nested_branch_dag.py
[2024-09-02T21:51:46.589+0000] {logging_mixin.py:188} INFO - [2024-09-02T21:51:46.588+0000] {dag.py:3096} INFO - Sync 1 DAGs
[2024-09-02T21:51:46.632+0000] {logging_mixin.py:188} INFO - [2024-09-02T21:51:46.632+0000] {dag.py:3954} INFO - Setting next_dagrun for example_nested_branch_dag to 2024-09-01 00:00:00+00:00, run_after=2024-09-02 00:00:00+00:00
[2024-09-02T21:51:46.675+0000] {processor.py:183} INFO - Processing /home/airflow/.local/lib/python3.12/site-packages/airflow/example_dags/example_nested_branch_dag.py took 0.162 seconds
[2024-09-02T21:52:17.570+0000] {processor.py:161} INFO - Started process (PID=1008) to work on /home/airflow/.local/lib/python3.12/site-packages/airflow/example_dags/example_nested_branch_dag.py
[2024-09-02T21:52:17.572+0000] {processor.py:830} INFO - Processing file /home/airflow/.local/lib/python3.12/site-packages/airflow/example_dags/example_nested_branch_dag.py for tasks to queue
[2024-09-02T21:52:17.577+0000] {logging_mixin.py:188} INFO - [2024-09-02T21:52:17.575+0000] {dagbag.py:545} INFO - Filling up the DagBag from /home/airflow/.local/lib/python3.12/site-packages/airflow/example_dags/example_nested_branch_dag.py
[2024-09-02T21:52:17.604+0000] {processor.py:840} INFO - DAG(s) 'example_nested_branch_dag' retrieved from /home/airflow/.local/lib/python3.12/site-packages/airflow/example_dags/example_nested_branch_dag.py
[2024-09-02T21:52:17.647+0000] {logging_mixin.py:188} INFO - [2024-09-02T21:52:17.646+0000] {dag.py:3096} INFO - Sync 1 DAGs
[2024-09-02T21:52:17.684+0000] {logging_mixin.py:188} INFO - [2024-09-02T21:52:17.683+0000] {dag.py:3954} INFO - Setting next_dagrun for example_nested_branch_dag to 2024-09-01 00:00:00+00:00, run_after=2024-09-02 00:00:00+00:00
[2024-09-02T21:52:17.745+0000] {processor.py:183} INFO - Processing /home/airflow/.local/lib/python3.12/site-packages/airflow/example_dags/example_nested_branch_dag.py took 0.188 seconds
[2024-09-02T21:52:48.111+0000] {processor.py:161} INFO - Started process (PID=1068) to work on /home/airflow/.local/lib/python3.12/site-packages/airflow/example_dags/example_nested_branch_dag.py
[2024-09-02T21:52:48.113+0000] {processor.py:830} INFO - Processing file /home/airflow/.local/lib/python3.12/site-packages/airflow/example_dags/example_nested_branch_dag.py for tasks to queue
[2024-09-02T21:52:48.115+0000] {logging_mixin.py:188} INFO - [2024-09-02T21:52:48.115+0000] {dagbag.py:545} INFO - Filling up the DagBag from /home/airflow/.local/lib/python3.12/site-packages/airflow/example_dags/example_nested_branch_dag.py
[2024-09-02T21:52:48.128+0000] {processor.py:840} INFO - DAG(s) 'example_nested_branch_dag' retrieved from /home/airflow/.local/lib/python3.12/site-packages/airflow/example_dags/example_nested_branch_dag.py
[2024-09-02T21:52:48.161+0000] {logging_mixin.py:188} INFO - [2024-09-02T21:52:48.161+0000] {dag.py:3096} INFO - Sync 1 DAGs
[2024-09-02T21:52:48.205+0000] {logging_mixin.py:188} INFO - [2024-09-02T21:52:48.204+0000] {dag.py:3954} INFO - Setting next_dagrun for example_nested_branch_dag to 2024-09-01 00:00:00+00:00, run_after=2024-09-02 00:00:00+00:00
[2024-09-02T21:52:48.291+0000] {processor.py:183} INFO - Processing /home/airflow/.local/lib/python3.12/site-packages/airflow/example_dags/example_nested_branch_dag.py took 0.188 seconds
[2024-09-02T21:53:18.616+0000] {processor.py:161} INFO - Started process (PID=1128) to work on /home/airflow/.local/lib/python3.12/site-packages/airflow/example_dags/example_nested_branch_dag.py
[2024-09-02T21:53:18.617+0000] {processor.py:830} INFO - Processing file /home/airflow/.local/lib/python3.12/site-packages/airflow/example_dags/example_nested_branch_dag.py for tasks to queue
[2024-09-02T21:53:18.620+0000] {logging_mixin.py:188} INFO - [2024-09-02T21:53:18.620+0000] {dagbag.py:545} INFO - Filling up the DagBag from /home/airflow/.local/lib/python3.12/site-packages/airflow/example_dags/example_nested_branch_dag.py
[2024-09-02T21:53:18.639+0000] {processor.py:840} INFO - DAG(s) 'example_nested_branch_dag' retrieved from /home/airflow/.local/lib/python3.12/site-packages/airflow/example_dags/example_nested_branch_dag.py
[2024-09-02T21:53:18.679+0000] {logging_mixin.py:188} INFO - [2024-09-02T21:53:18.678+0000] {dag.py:3096} INFO - Sync 1 DAGs
[2024-09-02T21:53:18.736+0000] {logging_mixin.py:188} INFO - [2024-09-02T21:53:18.735+0000] {dag.py:3954} INFO - Setting next_dagrun for example_nested_branch_dag to 2024-09-01 00:00:00+00:00, run_after=2024-09-02 00:00:00+00:00
[2024-09-02T21:53:18.768+0000] {processor.py:183} INFO - Processing /home/airflow/.local/lib/python3.12/site-packages/airflow/example_dags/example_nested_branch_dag.py took 0.160 seconds
[2024-09-02T21:53:49.675+0000] {processor.py:161} INFO - Started process (PID=1189) to work on /home/airflow/.local/lib/python3.12/site-packages/airflow/example_dags/example_nested_branch_dag.py
[2024-09-02T21:53:49.677+0000] {processor.py:830} INFO - Processing file /home/airflow/.local/lib/python3.12/site-packages/airflow/example_dags/example_nested_branch_dag.py for tasks to queue
[2024-09-02T21:53:49.682+0000] {logging_mixin.py:188} INFO - [2024-09-02T21:53:49.682+0000] {dagbag.py:545} INFO - Filling up the DagBag from /home/airflow/.local/lib/python3.12/site-packages/airflow/example_dags/example_nested_branch_dag.py
[2024-09-02T21:53:49.707+0000] {processor.py:840} INFO - DAG(s) 'example_nested_branch_dag' retrieved from /home/airflow/.local/lib/python3.12/site-packages/airflow/example_dags/example_nested_branch_dag.py
[2024-09-02T21:53:49.751+0000] {logging_mixin.py:188} INFO - [2024-09-02T21:53:49.751+0000] {dag.py:3096} INFO - Sync 1 DAGs
[2024-09-02T21:53:49.800+0000] {logging_mixin.py:188} INFO - [2024-09-02T21:53:49.800+0000] {dag.py:3954} INFO - Setting next_dagrun for example_nested_branch_dag to 2024-09-01 00:00:00+00:00, run_after=2024-09-02 00:00:00+00:00
[2024-09-02T21:53:49.850+0000] {processor.py:183} INFO - Processing /home/airflow/.local/lib/python3.12/site-packages/airflow/example_dags/example_nested_branch_dag.py took 0.191 seconds
[2024-09-02T21:54:20.107+0000] {processor.py:161} INFO - Started process (PID=1249) to work on /home/airflow/.local/lib/python3.12/site-packages/airflow/example_dags/example_nested_branch_dag.py
[2024-09-02T21:54:20.109+0000] {processor.py:830} INFO - Processing file /home/airflow/.local/lib/python3.12/site-packages/airflow/example_dags/example_nested_branch_dag.py for tasks to queue
[2024-09-02T21:54:20.113+0000] {logging_mixin.py:188} INFO - [2024-09-02T21:54:20.112+0000] {dagbag.py:545} INFO - Filling up the DagBag from /home/airflow/.local/lib/python3.12/site-packages/airflow/example_dags/example_nested_branch_dag.py
[2024-09-02T21:54:20.135+0000] {processor.py:840} INFO - DAG(s) 'example_nested_branch_dag' retrieved from /home/airflow/.local/lib/python3.12/site-packages/airflow/example_dags/example_nested_branch_dag.py
[2024-09-02T21:54:20.234+0000] {logging_mixin.py:188} INFO - [2024-09-02T21:54:20.234+0000] {dag.py:3096} INFO - Sync 1 DAGs
[2024-09-02T21:54:20.287+0000] {logging_mixin.py:188} INFO - [2024-09-02T21:54:20.286+0000] {dag.py:3954} INFO - Setting next_dagrun for example_nested_branch_dag to 2024-09-01 00:00:00+00:00, run_after=2024-09-02 00:00:00+00:00
[2024-09-02T21:54:20.337+0000] {processor.py:183} INFO - Processing /home/airflow/.local/lib/python3.12/site-packages/airflow/example_dags/example_nested_branch_dag.py took 0.243 seconds
[2024-09-02T21:54:50.685+0000] {processor.py:161} INFO - Started process (PID=1309) to work on /home/airflow/.local/lib/python3.12/site-packages/airflow/example_dags/example_nested_branch_dag.py
[2024-09-02T21:54:50.686+0000] {processor.py:830} INFO - Processing file /home/airflow/.local/lib/python3.12/site-packages/airflow/example_dags/example_nested_branch_dag.py for tasks to queue
[2024-09-02T21:54:50.688+0000] {logging_mixin.py:188} INFO - [2024-09-02T21:54:50.688+0000] {dagbag.py:545} INFO - Filling up the DagBag from /home/airflow/.local/lib/python3.12/site-packages/airflow/example_dags/example_nested_branch_dag.py
[2024-09-02T21:54:50.702+0000] {processor.py:840} INFO - DAG(s) 'example_nested_branch_dag' retrieved from /home/airflow/.local/lib/python3.12/site-packages/airflow/example_dags/example_nested_branch_dag.py
[2024-09-02T21:54:50.733+0000] {logging_mixin.py:188} INFO - [2024-09-02T21:54:50.733+0000] {dag.py:3096} INFO - Sync 1 DAGs
[2024-09-02T21:54:50.766+0000] {logging_mixin.py:188} INFO - [2024-09-02T21:54:50.765+0000] {dag.py:3954} INFO - Setting next_dagrun for example_nested_branch_dag to 2024-09-01 00:00:00+00:00, run_after=2024-09-02 00:00:00+00:00
[2024-09-02T21:54:50.795+0000] {processor.py:183} INFO - Processing /home/airflow/.local/lib/python3.12/site-packages/airflow/example_dags/example_nested_branch_dag.py took 0.119 seconds
[2024-09-02T21:55:21.299+0000] {processor.py:161} INFO - Started process (PID=1373) to work on /home/airflow/.local/lib/python3.12/site-packages/airflow/example_dags/example_nested_branch_dag.py
[2024-09-02T21:55:21.301+0000] {processor.py:830} INFO - Processing file /home/airflow/.local/lib/python3.12/site-packages/airflow/example_dags/example_nested_branch_dag.py for tasks to queue
[2024-09-02T21:55:21.303+0000] {logging_mixin.py:188} INFO - [2024-09-02T21:55:21.303+0000] {dagbag.py:545} INFO - Filling up the DagBag from /home/airflow/.local/lib/python3.12/site-packages/airflow/example_dags/example_nested_branch_dag.py
[2024-09-02T21:55:21.318+0000] {processor.py:840} INFO - DAG(s) 'example_nested_branch_dag' retrieved from /home/airflow/.local/lib/python3.12/site-packages/airflow/example_dags/example_nested_branch_dag.py
[2024-09-02T21:55:21.345+0000] {logging_mixin.py:188} INFO - [2024-09-02T21:55:21.345+0000] {dag.py:3096} INFO - Sync 1 DAGs
[2024-09-02T21:55:21.372+0000] {logging_mixin.py:188} INFO - [2024-09-02T21:55:21.372+0000] {dag.py:3954} INFO - Setting next_dagrun for example_nested_branch_dag to 2024-09-01 00:00:00+00:00, run_after=2024-09-02 00:00:00+00:00
[2024-09-02T21:55:21.395+0000] {processor.py:183} INFO - Processing /home/airflow/.local/lib/python3.12/site-packages/airflow/example_dags/example_nested_branch_dag.py took 0.102 seconds
[2024-09-02T21:55:51.590+0000] {processor.py:161} INFO - Started process (PID=1435) to work on /home/airflow/.local/lib/python3.12/site-packages/airflow/example_dags/example_nested_branch_dag.py
[2024-09-02T21:55:51.591+0000] {processor.py:830} INFO - Processing file /home/airflow/.local/lib/python3.12/site-packages/airflow/example_dags/example_nested_branch_dag.py for tasks to queue
[2024-09-02T21:55:51.593+0000] {logging_mixin.py:188} INFO - [2024-09-02T21:55:51.593+0000] {dagbag.py:545} INFO - Filling up the DagBag from /home/airflow/.local/lib/python3.12/site-packages/airflow/example_dags/example_nested_branch_dag.py
[2024-09-02T21:55:51.605+0000] {processor.py:840} INFO - DAG(s) 'example_nested_branch_dag' retrieved from /home/airflow/.local/lib/python3.12/site-packages/airflow/example_dags/example_nested_branch_dag.py
[2024-09-02T21:55:51.635+0000] {logging_mixin.py:188} INFO - [2024-09-02T21:55:51.634+0000] {dag.py:3096} INFO - Sync 1 DAGs
[2024-09-02T21:55:51.664+0000] {logging_mixin.py:188} INFO - [2024-09-02T21:55:51.664+0000] {dag.py:3954} INFO - Setting next_dagrun for example_nested_branch_dag to 2024-09-01 00:00:00+00:00, run_after=2024-09-02 00:00:00+00:00
[2024-09-02T21:55:51.699+0000] {processor.py:183} INFO - Processing /home/airflow/.local/lib/python3.12/site-packages/airflow/example_dags/example_nested_branch_dag.py took 0.115 seconds
