[2024-09-02T21:35:03.119+0000] {processor.py:161} INFO - Started process (PID=88) to work on /home/airflow/.local/lib/python3.12/site-packages/airflow/example_dags/example_dag_decorator.py
[2024-09-02T21:35:03.123+0000] {processor.py:830} INFO - Processing file /home/airflow/.local/lib/python3.12/site-packages/airflow/example_dags/example_dag_decorator.py for tasks to queue
[2024-09-02T21:35:03.141+0000] {logging_mixin.py:188} INFO - [2024-09-02T21:35:03.139+0000] {dagbag.py:545} INFO - Filling up the DagBag from /home/airflow/.local/lib/python3.12/site-packages/airflow/example_dags/example_dag_decorator.py
[2024-09-02T21:35:05.078+0000] {processor.py:840} INFO - DAG(s) 'example_dag_decorator' retrieved from /home/airflow/.local/lib/python3.12/site-packages/airflow/example_dags/example_dag_decorator.py
[2024-09-02T21:35:05.646+0000] {logging_mixin.py:188} INFO - [2024-09-02T21:35:05.644+0000] {override.py:1829} INFO - Created Permission View: can edit on DAG:example_dag_decorator
[2024-09-02T21:35:05.699+0000] {logging_mixin.py:188} INFO - [2024-09-02T21:35:05.698+0000] {override.py:1829} INFO - Created Permission View: can delete on DAG:example_dag_decorator
[2024-09-02T21:35:05.719+0000] {logging_mixin.py:188} INFO - [2024-09-02T21:35:05.718+0000] {override.py:1829} INFO - Created Permission View: can read on DAG:example_dag_decorator
[2024-09-02T21:35:05.721+0000] {logging_mixin.py:188} INFO - [2024-09-02T21:35:05.720+0000] {dag.py:3096} INFO - Sync 1 DAGs
[2024-09-02T21:35:05.808+0000] {logging_mixin.py:188} INFO - [2024-09-02T21:35:05.807+0000] {dag.py:3118} INFO - Creating ORM DAG for example_dag_decorator
[2024-09-02T21:35:05.813+0000] {logging_mixin.py:188} INFO - [2024-09-02T21:35:05.812+0000] {dag.py:3954} INFO - Setting next_dagrun for example_dag_decorator to None, run_after=None
[2024-09-02T21:35:05.881+0000] {processor.py:183} INFO - Processing /home/airflow/.local/lib/python3.12/site-packages/airflow/example_dags/example_dag_decorator.py took 2.794 seconds
[2024-09-02T21:35:36.012+0000] {processor.py:161} INFO - Started process (PID=147) to work on /home/airflow/.local/lib/python3.12/site-packages/airflow/example_dags/example_dag_decorator.py
[2024-09-02T21:35:36.016+0000] {processor.py:830} INFO - Processing file /home/airflow/.local/lib/python3.12/site-packages/airflow/example_dags/example_dag_decorator.py for tasks to queue
[2024-09-02T21:35:36.022+0000] {logging_mixin.py:188} INFO - [2024-09-02T21:35:36.021+0000] {dagbag.py:545} INFO - Filling up the DagBag from /home/airflow/.local/lib/python3.12/site-packages/airflow/example_dags/example_dag_decorator.py
[2024-09-02T21:35:36.647+0000] {processor.py:840} INFO - DAG(s) 'example_dag_decorator' retrieved from /home/airflow/.local/lib/python3.12/site-packages/airflow/example_dags/example_dag_decorator.py
[2024-09-02T21:35:37.615+0000] {logging_mixin.py:188} INFO - [2024-09-02T21:35:37.610+0000] {dag.py:3096} INFO - Sync 1 DAGs
[2024-09-02T21:35:37.730+0000] {logging_mixin.py:188} INFO - [2024-09-02T21:35:37.729+0000] {dag.py:3954} INFO - Setting next_dagrun for example_dag_decorator to None, run_after=None
[2024-09-02T21:35:37.877+0000] {processor.py:183} INFO - Processing /home/airflow/.local/lib/python3.12/site-packages/airflow/example_dags/example_dag_decorator.py took 1.887 seconds
[2024-09-02T21:36:08.362+0000] {processor.py:161} INFO - Started process (PID=208) to work on /home/airflow/.local/lib/python3.12/site-packages/airflow/example_dags/example_dag_decorator.py
[2024-09-02T21:36:08.366+0000] {processor.py:830} INFO - Processing file /home/airflow/.local/lib/python3.12/site-packages/airflow/example_dags/example_dag_decorator.py for tasks to queue
[2024-09-02T21:36:08.373+0000] {logging_mixin.py:188} INFO - [2024-09-02T21:36:08.372+0000] {dagbag.py:545} INFO - Filling up the DagBag from /home/airflow/.local/lib/python3.12/site-packages/airflow/example_dags/example_dag_decorator.py
[2024-09-02T21:36:09.313+0000] {processor.py:840} INFO - DAG(s) 'example_dag_decorator' retrieved from /home/airflow/.local/lib/python3.12/site-packages/airflow/example_dags/example_dag_decorator.py
[2024-09-02T21:36:09.959+0000] {logging_mixin.py:188} INFO - [2024-09-02T21:36:09.958+0000] {dag.py:3096} INFO - Sync 1 DAGs
[2024-09-02T21:36:10.040+0000] {logging_mixin.py:188} INFO - [2024-09-02T21:36:10.039+0000] {dag.py:3954} INFO - Setting next_dagrun for example_dag_decorator to None, run_after=None
[2024-09-02T21:36:10.180+0000] {processor.py:183} INFO - Processing /home/airflow/.local/lib/python3.12/site-packages/airflow/example_dags/example_dag_decorator.py took 1.865 seconds
[2024-09-02T21:38:36.933+0000] {processor.py:161} INFO - Started process (PID=79) to work on /home/airflow/.local/lib/python3.12/site-packages/airflow/example_dags/example_dag_decorator.py
[2024-09-02T21:38:36.937+0000] {processor.py:830} INFO - Processing file /home/airflow/.local/lib/python3.12/site-packages/airflow/example_dags/example_dag_decorator.py for tasks to queue
[2024-09-02T21:38:36.945+0000] {logging_mixin.py:188} INFO - [2024-09-02T21:38:36.943+0000] {dagbag.py:545} INFO - Filling up the DagBag from /home/airflow/.local/lib/python3.12/site-packages/airflow/example_dags/example_dag_decorator.py
[2024-09-02T21:38:38.279+0000] {processor.py:840} INFO - DAG(s) 'example_dag_decorator' retrieved from /home/airflow/.local/lib/python3.12/site-packages/airflow/example_dags/example_dag_decorator.py
[2024-09-02T21:38:38.684+0000] {logging_mixin.py:188} INFO - [2024-09-02T21:38:38.683+0000] {override.py:1829} INFO - Created Permission View: can edit on DAG:example_dag_decorator
[2024-09-02T21:38:38.717+0000] {logging_mixin.py:188} INFO - [2024-09-02T21:38:38.716+0000] {override.py:1829} INFO - Created Permission View: can read on DAG:example_dag_decorator
[2024-09-02T21:38:38.739+0000] {logging_mixin.py:188} INFO - [2024-09-02T21:38:38.738+0000] {override.py:1829} INFO - Created Permission View: can delete on DAG:example_dag_decorator
[2024-09-02T21:38:38.741+0000] {logging_mixin.py:188} INFO - [2024-09-02T21:38:38.740+0000] {dag.py:3096} INFO - Sync 1 DAGs
[2024-09-02T21:38:38.792+0000] {logging_mixin.py:188} INFO - [2024-09-02T21:38:38.791+0000] {dag.py:3118} INFO - Creating ORM DAG for example_dag_decorator
[2024-09-02T21:38:38.795+0000] {logging_mixin.py:188} INFO - [2024-09-02T21:38:38.794+0000] {dag.py:3954} INFO - Setting next_dagrun for example_dag_decorator to None, run_after=None
[2024-09-02T21:38:38.857+0000] {processor.py:183} INFO - Processing /home/airflow/.local/lib/python3.12/site-packages/airflow/example_dags/example_dag_decorator.py took 1.946 seconds
[2024-09-02T21:39:09.065+0000] {processor.py:161} INFO - Started process (PID=140) to work on /home/airflow/.local/lib/python3.12/site-packages/airflow/example_dags/example_dag_decorator.py
[2024-09-02T21:39:09.066+0000] {processor.py:830} INFO - Processing file /home/airflow/.local/lib/python3.12/site-packages/airflow/example_dags/example_dag_decorator.py for tasks to queue
[2024-09-02T21:39:09.069+0000] {logging_mixin.py:188} INFO - [2024-09-02T21:39:09.069+0000] {dagbag.py:545} INFO - Filling up the DagBag from /home/airflow/.local/lib/python3.12/site-packages/airflow/example_dags/example_dag_decorator.py
[2024-09-02T21:39:09.296+0000] {processor.py:840} INFO - DAG(s) 'example_dag_decorator' retrieved from /home/airflow/.local/lib/python3.12/site-packages/airflow/example_dags/example_dag_decorator.py
[2024-09-02T21:39:09.471+0000] {logging_mixin.py:188} INFO - [2024-09-02T21:39:09.471+0000] {dag.py:3096} INFO - Sync 1 DAGs
[2024-09-02T21:39:09.489+0000] {logging_mixin.py:188} INFO - [2024-09-02T21:39:09.488+0000] {dag.py:3954} INFO - Setting next_dagrun for example_dag_decorator to None, run_after=None
[2024-09-02T21:39:09.523+0000] {processor.py:183} INFO - Processing /home/airflow/.local/lib/python3.12/site-packages/airflow/example_dags/example_dag_decorator.py took 0.470 seconds
[2024-09-02T21:39:39.746+0000] {processor.py:161} INFO - Started process (PID=202) to work on /home/airflow/.local/lib/python3.12/site-packages/airflow/example_dags/example_dag_decorator.py
[2024-09-02T21:39:39.753+0000] {processor.py:830} INFO - Processing file /home/airflow/.local/lib/python3.12/site-packages/airflow/example_dags/example_dag_decorator.py for tasks to queue
[2024-09-02T21:39:39.758+0000] {logging_mixin.py:188} INFO - [2024-09-02T21:39:39.757+0000] {dagbag.py:545} INFO - Filling up the DagBag from /home/airflow/.local/lib/python3.12/site-packages/airflow/example_dags/example_dag_decorator.py
[2024-09-02T21:39:39.890+0000] {processor.py:840} INFO - DAG(s) 'example_dag_decorator' retrieved from /home/airflow/.local/lib/python3.12/site-packages/airflow/example_dags/example_dag_decorator.py
[2024-09-02T21:39:39.988+0000] {logging_mixin.py:188} INFO - [2024-09-02T21:39:39.988+0000] {dag.py:3096} INFO - Sync 1 DAGs
[2024-09-02T21:39:39.999+0000] {logging_mixin.py:188} INFO - [2024-09-02T21:39:39.999+0000] {dag.py:3954} INFO - Setting next_dagrun for example_dag_decorator to None, run_after=None
[2024-09-02T21:39:40.022+0000] {processor.py:183} INFO - Processing /home/airflow/.local/lib/python3.12/site-packages/airflow/example_dags/example_dag_decorator.py took 0.288 seconds
[2024-09-02T21:40:10.121+0000] {processor.py:161} INFO - Started process (PID=262) to work on /home/airflow/.local/lib/python3.12/site-packages/airflow/example_dags/example_dag_decorator.py
[2024-09-02T21:40:10.122+0000] {processor.py:830} INFO - Processing file /home/airflow/.local/lib/python3.12/site-packages/airflow/example_dags/example_dag_decorator.py for tasks to queue
[2024-09-02T21:40:10.124+0000] {logging_mixin.py:188} INFO - [2024-09-02T21:40:10.124+0000] {dagbag.py:545} INFO - Filling up the DagBag from /home/airflow/.local/lib/python3.12/site-packages/airflow/example_dags/example_dag_decorator.py
[2024-09-02T21:40:10.277+0000] {processor.py:840} INFO - DAG(s) 'example_dag_decorator' retrieved from /home/airflow/.local/lib/python3.12/site-packages/airflow/example_dags/example_dag_decorator.py
[2024-09-02T21:40:10.414+0000] {logging_mixin.py:188} INFO - [2024-09-02T21:40:10.413+0000] {dag.py:3096} INFO - Sync 1 DAGs
[2024-09-02T21:40:10.431+0000] {logging_mixin.py:188} INFO - [2024-09-02T21:40:10.431+0000] {dag.py:3954} INFO - Setting next_dagrun for example_dag_decorator to None, run_after=None
[2024-09-02T21:40:10.459+0000] {processor.py:183} INFO - Processing /home/airflow/.local/lib/python3.12/site-packages/airflow/example_dags/example_dag_decorator.py took 0.345 seconds
[2024-09-02T21:40:40.568+0000] {processor.py:161} INFO - Started process (PID=322) to work on /home/airflow/.local/lib/python3.12/site-packages/airflow/example_dags/example_dag_decorator.py
[2024-09-02T21:40:40.570+0000] {processor.py:830} INFO - Processing file /home/airflow/.local/lib/python3.12/site-packages/airflow/example_dags/example_dag_decorator.py for tasks to queue
[2024-09-02T21:40:40.573+0000] {logging_mixin.py:188} INFO - [2024-09-02T21:40:40.572+0000] {dagbag.py:545} INFO - Filling up the DagBag from /home/airflow/.local/lib/python3.12/site-packages/airflow/example_dags/example_dag_decorator.py
[2024-09-02T21:40:40.794+0000] {processor.py:840} INFO - DAG(s) 'example_dag_decorator' retrieved from /home/airflow/.local/lib/python3.12/site-packages/airflow/example_dags/example_dag_decorator.py
[2024-09-02T21:40:41.001+0000] {logging_mixin.py:188} INFO - [2024-09-02T21:40:41.000+0000] {dag.py:3096} INFO - Sync 1 DAGs
[2024-09-02T21:40:41.036+0000] {logging_mixin.py:188} INFO - [2024-09-02T21:40:41.035+0000] {dag.py:3954} INFO - Setting next_dagrun for example_dag_decorator to None, run_after=None
[2024-09-02T21:40:41.066+0000] {processor.py:183} INFO - Processing /home/airflow/.local/lib/python3.12/site-packages/airflow/example_dags/example_dag_decorator.py took 0.510 seconds
[2024-09-02T21:41:11.201+0000] {processor.py:161} INFO - Started process (PID=385) to work on /home/airflow/.local/lib/python3.12/site-packages/airflow/example_dags/example_dag_decorator.py
[2024-09-02T21:41:11.202+0000] {processor.py:830} INFO - Processing file /home/airflow/.local/lib/python3.12/site-packages/airflow/example_dags/example_dag_decorator.py for tasks to queue
[2024-09-02T21:41:11.206+0000] {logging_mixin.py:188} INFO - [2024-09-02T21:41:11.205+0000] {dagbag.py:545} INFO - Filling up the DagBag from /home/airflow/.local/lib/python3.12/site-packages/airflow/example_dags/example_dag_decorator.py
[2024-09-02T21:41:11.399+0000] {processor.py:840} INFO - DAG(s) 'example_dag_decorator' retrieved from /home/airflow/.local/lib/python3.12/site-packages/airflow/example_dags/example_dag_decorator.py
[2024-09-02T21:41:11.611+0000] {logging_mixin.py:188} INFO - [2024-09-02T21:41:11.611+0000] {dag.py:3096} INFO - Sync 1 DAGs
[2024-09-02T21:41:11.626+0000] {logging_mixin.py:188} INFO - [2024-09-02T21:41:11.626+0000] {dag.py:3954} INFO - Setting next_dagrun for example_dag_decorator to None, run_after=None
[2024-09-02T21:41:11.656+0000] {processor.py:183} INFO - Processing /home/airflow/.local/lib/python3.12/site-packages/airflow/example_dags/example_dag_decorator.py took 0.465 seconds
[2024-09-02T21:44:31.045+0000] {processor.py:161} INFO - Started process (PID=80) to work on /home/airflow/.local/lib/python3.12/site-packages/airflow/example_dags/example_dag_decorator.py
[2024-09-02T21:44:31.047+0000] {processor.py:830} INFO - Processing file /home/airflow/.local/lib/python3.12/site-packages/airflow/example_dags/example_dag_decorator.py for tasks to queue
[2024-09-02T21:44:31.051+0000] {logging_mixin.py:188} INFO - [2024-09-02T21:44:31.050+0000] {dagbag.py:545} INFO - Filling up the DagBag from /home/airflow/.local/lib/python3.12/site-packages/airflow/example_dags/example_dag_decorator.py
[2024-09-02T21:44:31.849+0000] {processor.py:840} INFO - DAG(s) 'example_dag_decorator' retrieved from /home/airflow/.local/lib/python3.12/site-packages/airflow/example_dags/example_dag_decorator.py
[2024-09-02T21:44:32.161+0000] {logging_mixin.py:188} INFO - [2024-09-02T21:44:32.159+0000] {override.py:1829} INFO - Created Permission View: can read on DAG:example_dag_decorator
[2024-09-02T21:44:32.189+0000] {logging_mixin.py:188} INFO - [2024-09-02T21:44:32.189+0000] {override.py:1829} INFO - Created Permission View: can delete on DAG:example_dag_decorator
[2024-09-02T21:44:32.206+0000] {logging_mixin.py:188} INFO - [2024-09-02T21:44:32.205+0000] {override.py:1829} INFO - Created Permission View: can edit on DAG:example_dag_decorator
[2024-09-02T21:44:32.208+0000] {logging_mixin.py:188} INFO - [2024-09-02T21:44:32.207+0000] {dag.py:3096} INFO - Sync 1 DAGs
[2024-09-02T21:44:32.233+0000] {logging_mixin.py:188} INFO - [2024-09-02T21:44:32.233+0000] {dag.py:3118} INFO - Creating ORM DAG for example_dag_decorator
[2024-09-02T21:44:32.235+0000] {logging_mixin.py:188} INFO - [2024-09-02T21:44:32.235+0000] {dag.py:3954} INFO - Setting next_dagrun for example_dag_decorator to None, run_after=None
[2024-09-02T21:44:32.273+0000] {processor.py:183} INFO - Processing /home/airflow/.local/lib/python3.12/site-packages/airflow/example_dags/example_dag_decorator.py took 1.244 seconds
[2024-09-02T21:45:03.060+0000] {processor.py:161} INFO - Started process (PID=141) to work on /home/airflow/.local/lib/python3.12/site-packages/airflow/example_dags/example_dag_decorator.py
[2024-09-02T21:45:03.062+0000] {processor.py:830} INFO - Processing file /home/airflow/.local/lib/python3.12/site-packages/airflow/example_dags/example_dag_decorator.py for tasks to queue
[2024-09-02T21:45:03.064+0000] {logging_mixin.py:188} INFO - [2024-09-02T21:45:03.064+0000] {dagbag.py:545} INFO - Filling up the DagBag from /home/airflow/.local/lib/python3.12/site-packages/airflow/example_dags/example_dag_decorator.py
[2024-09-02T21:45:03.212+0000] {processor.py:840} INFO - DAG(s) 'example_dag_decorator' retrieved from /home/airflow/.local/lib/python3.12/site-packages/airflow/example_dags/example_dag_decorator.py
[2024-09-02T21:45:03.385+0000] {logging_mixin.py:188} INFO - [2024-09-02T21:45:03.385+0000] {dag.py:3096} INFO - Sync 1 DAGs
[2024-09-02T21:45:03.405+0000] {logging_mixin.py:188} INFO - [2024-09-02T21:45:03.404+0000] {dag.py:3954} INFO - Setting next_dagrun for example_dag_decorator to None, run_after=None
[2024-09-02T21:45:03.436+0000] {processor.py:183} INFO - Processing /home/airflow/.local/lib/python3.12/site-packages/airflow/example_dags/example_dag_decorator.py took 0.383 seconds
[2024-09-02T21:45:33.628+0000] {processor.py:161} INFO - Started process (PID=201) to work on /home/airflow/.local/lib/python3.12/site-packages/airflow/example_dags/example_dag_decorator.py
[2024-09-02T21:45:33.632+0000] {processor.py:830} INFO - Processing file /home/airflow/.local/lib/python3.12/site-packages/airflow/example_dags/example_dag_decorator.py for tasks to queue
[2024-09-02T21:45:33.636+0000] {logging_mixin.py:188} INFO - [2024-09-02T21:45:33.635+0000] {dagbag.py:545} INFO - Filling up the DagBag from /home/airflow/.local/lib/python3.12/site-packages/airflow/example_dags/example_dag_decorator.py
[2024-09-02T21:45:33.885+0000] {processor.py:840} INFO - DAG(s) 'example_dag_decorator' retrieved from /home/airflow/.local/lib/python3.12/site-packages/airflow/example_dags/example_dag_decorator.py
[2024-09-02T21:45:34.075+0000] {logging_mixin.py:188} INFO - [2024-09-02T21:45:34.075+0000] {dag.py:3096} INFO - Sync 1 DAGs
[2024-09-02T21:45:34.091+0000] {logging_mixin.py:188} INFO - [2024-09-02T21:45:34.091+0000] {dag.py:3954} INFO - Setting next_dagrun for example_dag_decorator to None, run_after=None
[2024-09-02T21:45:34.121+0000] {processor.py:183} INFO - Processing /home/airflow/.local/lib/python3.12/site-packages/airflow/example_dags/example_dag_decorator.py took 0.505 seconds
[2024-09-02T21:46:04.194+0000] {processor.py:161} INFO - Started process (PID=262) to work on /home/airflow/.local/lib/python3.12/site-packages/airflow/example_dags/example_dag_decorator.py
[2024-09-02T21:46:04.195+0000] {processor.py:830} INFO - Processing file /home/airflow/.local/lib/python3.12/site-packages/airflow/example_dags/example_dag_decorator.py for tasks to queue
[2024-09-02T21:46:04.197+0000] {logging_mixin.py:188} INFO - [2024-09-02T21:46:04.197+0000] {dagbag.py:545} INFO - Filling up the DagBag from /home/airflow/.local/lib/python3.12/site-packages/airflow/example_dags/example_dag_decorator.py
[2024-09-02T21:46:04.351+0000] {processor.py:840} INFO - DAG(s) 'example_dag_decorator' retrieved from /home/airflow/.local/lib/python3.12/site-packages/airflow/example_dags/example_dag_decorator.py
[2024-09-02T21:46:04.475+0000] {logging_mixin.py:188} INFO - [2024-09-02T21:46:04.474+0000] {dag.py:3096} INFO - Sync 1 DAGs
[2024-09-02T21:46:04.491+0000] {logging_mixin.py:188} INFO - [2024-09-02T21:46:04.490+0000] {dag.py:3954} INFO - Setting next_dagrun for example_dag_decorator to None, run_after=None
[2024-09-02T21:46:04.523+0000] {processor.py:183} INFO - Processing /home/airflow/.local/lib/python3.12/site-packages/airflow/example_dags/example_dag_decorator.py took 0.335 seconds
[2024-09-02T21:46:34.964+0000] {processor.py:161} INFO - Started process (PID=322) to work on /home/airflow/.local/lib/python3.12/site-packages/airflow/example_dags/example_dag_decorator.py
[2024-09-02T21:46:34.967+0000] {processor.py:830} INFO - Processing file /home/airflow/.local/lib/python3.12/site-packages/airflow/example_dags/example_dag_decorator.py for tasks to queue
[2024-09-02T21:46:34.970+0000] {logging_mixin.py:188} INFO - [2024-09-02T21:46:34.970+0000] {dagbag.py:545} INFO - Filling up the DagBag from /home/airflow/.local/lib/python3.12/site-packages/airflow/example_dags/example_dag_decorator.py
[2024-09-02T21:46:35.148+0000] {processor.py:840} INFO - DAG(s) 'example_dag_decorator' retrieved from /home/airflow/.local/lib/python3.12/site-packages/airflow/example_dags/example_dag_decorator.py
[2024-09-02T21:46:35.318+0000] {logging_mixin.py:188} INFO - [2024-09-02T21:46:35.317+0000] {dag.py:3096} INFO - Sync 1 DAGs
[2024-09-02T21:46:35.339+0000] {logging_mixin.py:188} INFO - [2024-09-02T21:46:35.339+0000] {dag.py:3954} INFO - Setting next_dagrun for example_dag_decorator to None, run_after=None
[2024-09-02T21:46:35.380+0000] {processor.py:183} INFO - Processing /home/airflow/.local/lib/python3.12/site-packages/airflow/example_dags/example_dag_decorator.py took 0.431 seconds
[2024-09-02T21:47:05.786+0000] {processor.py:161} INFO - Started process (PID=382) to work on /home/airflow/.local/lib/python3.12/site-packages/airflow/example_dags/example_dag_decorator.py
[2024-09-02T21:47:05.788+0000] {processor.py:830} INFO - Processing file /home/airflow/.local/lib/python3.12/site-packages/airflow/example_dags/example_dag_decorator.py for tasks to queue
[2024-09-02T21:47:05.791+0000] {logging_mixin.py:188} INFO - [2024-09-02T21:47:05.791+0000] {dagbag.py:545} INFO - Filling up the DagBag from /home/airflow/.local/lib/python3.12/site-packages/airflow/example_dags/example_dag_decorator.py
[2024-09-02T21:47:05.975+0000] {processor.py:840} INFO - DAG(s) 'example_dag_decorator' retrieved from /home/airflow/.local/lib/python3.12/site-packages/airflow/example_dags/example_dag_decorator.py
[2024-09-02T21:47:06.131+0000] {logging_mixin.py:188} INFO - [2024-09-02T21:47:06.131+0000] {dag.py:3096} INFO - Sync 1 DAGs
[2024-09-02T21:47:06.151+0000] {logging_mixin.py:188} INFO - [2024-09-02T21:47:06.151+0000] {dag.py:3954} INFO - Setting next_dagrun for example_dag_decorator to None, run_after=None
[2024-09-02T21:47:06.181+0000] {processor.py:183} INFO - Processing /home/airflow/.local/lib/python3.12/site-packages/airflow/example_dags/example_dag_decorator.py took 0.403 seconds
[2024-09-02T21:47:36.385+0000] {processor.py:161} INFO - Started process (PID=444) to work on /home/airflow/.local/lib/python3.12/site-packages/airflow/example_dags/example_dag_decorator.py
[2024-09-02T21:47:36.386+0000] {processor.py:830} INFO - Processing file /home/airflow/.local/lib/python3.12/site-packages/airflow/example_dags/example_dag_decorator.py for tasks to queue
[2024-09-02T21:47:36.390+0000] {logging_mixin.py:188} INFO - [2024-09-02T21:47:36.389+0000] {dagbag.py:545} INFO - Filling up the DagBag from /home/airflow/.local/lib/python3.12/site-packages/airflow/example_dags/example_dag_decorator.py
[2024-09-02T21:47:36.605+0000] {processor.py:840} INFO - DAG(s) 'example_dag_decorator' retrieved from /home/airflow/.local/lib/python3.12/site-packages/airflow/example_dags/example_dag_decorator.py
[2024-09-02T21:47:36.811+0000] {logging_mixin.py:188} INFO - [2024-09-02T21:47:36.811+0000] {dag.py:3096} INFO - Sync 1 DAGs
[2024-09-02T21:47:36.830+0000] {logging_mixin.py:188} INFO - [2024-09-02T21:47:36.830+0000] {dag.py:3954} INFO - Setting next_dagrun for example_dag_decorator to None, run_after=None
[2024-09-02T21:47:36.864+0000] {processor.py:183} INFO - Processing /home/airflow/.local/lib/python3.12/site-packages/airflow/example_dags/example_dag_decorator.py took 0.487 seconds
[2024-09-02T21:48:07.307+0000] {processor.py:161} INFO - Started process (PID=503) to work on /home/airflow/.local/lib/python3.12/site-packages/airflow/example_dags/example_dag_decorator.py
[2024-09-02T21:48:07.308+0000] {processor.py:830} INFO - Processing file /home/airflow/.local/lib/python3.12/site-packages/airflow/example_dags/example_dag_decorator.py for tasks to queue
[2024-09-02T21:48:07.311+0000] {logging_mixin.py:188} INFO - [2024-09-02T21:48:07.310+0000] {dagbag.py:545} INFO - Filling up the DagBag from /home/airflow/.local/lib/python3.12/site-packages/airflow/example_dags/example_dag_decorator.py
[2024-09-02T21:48:07.551+0000] {processor.py:840} INFO - DAG(s) 'example_dag_decorator' retrieved from /home/airflow/.local/lib/python3.12/site-packages/airflow/example_dags/example_dag_decorator.py
[2024-09-02T21:48:07.755+0000] {logging_mixin.py:188} INFO - [2024-09-02T21:48:07.754+0000] {dag.py:3096} INFO - Sync 1 DAGs
[2024-09-02T21:48:07.784+0000] {logging_mixin.py:188} INFO - [2024-09-02T21:48:07.784+0000] {dag.py:3954} INFO - Setting next_dagrun for example_dag_decorator to None, run_after=None
[2024-09-02T21:48:07.827+0000] {processor.py:183} INFO - Processing /home/airflow/.local/lib/python3.12/site-packages/airflow/example_dags/example_dag_decorator.py took 0.531 seconds
[2024-09-02T21:48:38.636+0000] {processor.py:161} INFO - Started process (PID=564) to work on /home/airflow/.local/lib/python3.12/site-packages/airflow/example_dags/example_dag_decorator.py
[2024-09-02T21:48:38.637+0000] {processor.py:830} INFO - Processing file /home/airflow/.local/lib/python3.12/site-packages/airflow/example_dags/example_dag_decorator.py for tasks to queue
[2024-09-02T21:48:38.641+0000] {logging_mixin.py:188} INFO - [2024-09-02T21:48:38.640+0000] {dagbag.py:545} INFO - Filling up the DagBag from /home/airflow/.local/lib/python3.12/site-packages/airflow/example_dags/example_dag_decorator.py
[2024-09-02T21:48:38.858+0000] {processor.py:840} INFO - DAG(s) 'example_dag_decorator' retrieved from /home/airflow/.local/lib/python3.12/site-packages/airflow/example_dags/example_dag_decorator.py
[2024-09-02T21:48:39.054+0000] {logging_mixin.py:188} INFO - [2024-09-02T21:48:39.054+0000] {dag.py:3096} INFO - Sync 1 DAGs
[2024-09-02T21:48:39.069+0000] {logging_mixin.py:188} INFO - [2024-09-02T21:48:39.068+0000] {dag.py:3954} INFO - Setting next_dagrun for example_dag_decorator to None, run_after=None
[2024-09-02T21:48:39.094+0000] {processor.py:183} INFO - Processing /home/airflow/.local/lib/python3.12/site-packages/airflow/example_dags/example_dag_decorator.py took 0.467 seconds
[2024-09-02T21:49:09.220+0000] {processor.py:161} INFO - Started process (PID=624) to work on /home/airflow/.local/lib/python3.12/site-packages/airflow/example_dags/example_dag_decorator.py
[2024-09-02T21:49:09.222+0000] {processor.py:830} INFO - Processing file /home/airflow/.local/lib/python3.12/site-packages/airflow/example_dags/example_dag_decorator.py for tasks to queue
[2024-09-02T21:49:09.225+0000] {logging_mixin.py:188} INFO - [2024-09-02T21:49:09.224+0000] {dagbag.py:545} INFO - Filling up the DagBag from /home/airflow/.local/lib/python3.12/site-packages/airflow/example_dags/example_dag_decorator.py
[2024-09-02T21:49:09.538+0000] {processor.py:840} INFO - DAG(s) 'example_dag_decorator' retrieved from /home/airflow/.local/lib/python3.12/site-packages/airflow/example_dags/example_dag_decorator.py
[2024-09-02T21:49:09.865+0000] {logging_mixin.py:188} INFO - [2024-09-02T21:49:09.865+0000] {dag.py:3096} INFO - Sync 1 DAGs
[2024-09-02T21:49:10.161+0000] {logging_mixin.py:188} INFO - [2024-09-02T21:49:10.161+0000] {dag.py:3954} INFO - Setting next_dagrun for example_dag_decorator to None, run_after=None
[2024-09-02T21:49:10.196+0000] {processor.py:183} INFO - Processing /home/airflow/.local/lib/python3.12/site-packages/airflow/example_dags/example_dag_decorator.py took 0.988 seconds
[2024-09-02T21:49:40.303+0000] {processor.py:161} INFO - Started process (PID=684) to work on /home/airflow/.local/lib/python3.12/site-packages/airflow/example_dags/example_dag_decorator.py
[2024-09-02T21:49:40.304+0000] {processor.py:830} INFO - Processing file /home/airflow/.local/lib/python3.12/site-packages/airflow/example_dags/example_dag_decorator.py for tasks to queue
[2024-09-02T21:49:40.306+0000] {logging_mixin.py:188} INFO - [2024-09-02T21:49:40.306+0000] {dagbag.py:545} INFO - Filling up the DagBag from /home/airflow/.local/lib/python3.12/site-packages/airflow/example_dags/example_dag_decorator.py
[2024-09-02T21:49:40.450+0000] {processor.py:840} INFO - DAG(s) 'example_dag_decorator' retrieved from /home/airflow/.local/lib/python3.12/site-packages/airflow/example_dags/example_dag_decorator.py
[2024-09-02T21:49:40.629+0000] {logging_mixin.py:188} INFO - [2024-09-02T21:49:40.628+0000] {dag.py:3096} INFO - Sync 1 DAGs
[2024-09-02T21:49:40.644+0000] {logging_mixin.py:188} INFO - [2024-09-02T21:49:40.644+0000] {dag.py:3954} INFO - Setting next_dagrun for example_dag_decorator to None, run_after=None
[2024-09-02T21:49:40.862+0000] {processor.py:183} INFO - Processing /home/airflow/.local/lib/python3.12/site-packages/airflow/example_dags/example_dag_decorator.py took 0.565 seconds
[2024-09-02T21:50:11.225+0000] {processor.py:161} INFO - Started process (PID=747) to work on /home/airflow/.local/lib/python3.12/site-packages/airflow/example_dags/example_dag_decorator.py
[2024-09-02T21:50:11.247+0000] {processor.py:830} INFO - Processing file /home/airflow/.local/lib/python3.12/site-packages/airflow/example_dags/example_dag_decorator.py for tasks to queue
[2024-09-02T21:50:11.254+0000] {logging_mixin.py:188} INFO - [2024-09-02T21:50:11.253+0000] {dagbag.py:545} INFO - Filling up the DagBag from /home/airflow/.local/lib/python3.12/site-packages/airflow/example_dags/example_dag_decorator.py
[2024-09-02T21:50:11.584+0000] {processor.py:840} INFO - DAG(s) 'example_dag_decorator' retrieved from /home/airflow/.local/lib/python3.12/site-packages/airflow/example_dags/example_dag_decorator.py
[2024-09-02T21:50:11.778+0000] {logging_mixin.py:188} INFO - [2024-09-02T21:50:11.778+0000] {dag.py:3096} INFO - Sync 1 DAGs
[2024-09-02T21:50:12.055+0000] {logging_mixin.py:188} INFO - [2024-09-02T21:50:12.055+0000] {dag.py:3954} INFO - Setting next_dagrun for example_dag_decorator to None, run_after=None
[2024-09-02T21:50:12.079+0000] {processor.py:183} INFO - Processing /home/airflow/.local/lib/python3.12/site-packages/airflow/example_dags/example_dag_decorator.py took 0.869 seconds
[2024-09-02T21:50:42.190+0000] {processor.py:161} INFO - Started process (PID=809) to work on /home/airflow/.local/lib/python3.12/site-packages/airflow/example_dags/example_dag_decorator.py
[2024-09-02T21:50:42.191+0000] {processor.py:830} INFO - Processing file /home/airflow/.local/lib/python3.12/site-packages/airflow/example_dags/example_dag_decorator.py for tasks to queue
[2024-09-02T21:50:42.194+0000] {logging_mixin.py:188} INFO - [2024-09-02T21:50:42.193+0000] {dagbag.py:545} INFO - Filling up the DagBag from /home/airflow/.local/lib/python3.12/site-packages/airflow/example_dags/example_dag_decorator.py
[2024-09-02T21:50:42.354+0000] {processor.py:840} INFO - DAG(s) 'example_dag_decorator' retrieved from /home/airflow/.local/lib/python3.12/site-packages/airflow/example_dags/example_dag_decorator.py
[2024-09-02T21:50:42.674+0000] {logging_mixin.py:188} INFO - [2024-09-02T21:50:42.674+0000] {dag.py:3096} INFO - Sync 1 DAGs
[2024-09-02T21:50:42.688+0000] {logging_mixin.py:188} INFO - [2024-09-02T21:50:42.688+0000] {dag.py:3954} INFO - Setting next_dagrun for example_dag_decorator to None, run_after=None
[2024-09-02T21:50:42.720+0000] {processor.py:183} INFO - Processing /home/airflow/.local/lib/python3.12/site-packages/airflow/example_dags/example_dag_decorator.py took 0.541 seconds
[2024-09-02T21:51:13.031+0000] {processor.py:161} INFO - Started process (PID=868) to work on /home/airflow/.local/lib/python3.12/site-packages/airflow/example_dags/example_dag_decorator.py
[2024-09-02T21:51:13.032+0000] {processor.py:830} INFO - Processing file /home/airflow/.local/lib/python3.12/site-packages/airflow/example_dags/example_dag_decorator.py for tasks to queue
[2024-09-02T21:51:13.036+0000] {logging_mixin.py:188} INFO - [2024-09-02T21:51:13.035+0000] {dagbag.py:545} INFO - Filling up the DagBag from /home/airflow/.local/lib/python3.12/site-packages/airflow/example_dags/example_dag_decorator.py
[2024-09-02T21:51:13.233+0000] {processor.py:840} INFO - DAG(s) 'example_dag_decorator' retrieved from /home/airflow/.local/lib/python3.12/site-packages/airflow/example_dags/example_dag_decorator.py
[2024-09-02T21:51:13.565+0000] {logging_mixin.py:188} INFO - [2024-09-02T21:51:13.564+0000] {dag.py:3096} INFO - Sync 1 DAGs
[2024-09-02T21:51:13.793+0000] {logging_mixin.py:188} INFO - [2024-09-02T21:51:13.793+0000] {dag.py:3954} INFO - Setting next_dagrun for example_dag_decorator to None, run_after=None
[2024-09-02T21:51:13.820+0000] {processor.py:183} INFO - Processing /home/airflow/.local/lib/python3.12/site-packages/airflow/example_dags/example_dag_decorator.py took 0.797 seconds
[2024-09-02T21:51:44.397+0000] {processor.py:161} INFO - Started process (PID=929) to work on /home/airflow/.local/lib/python3.12/site-packages/airflow/example_dags/example_dag_decorator.py
[2024-09-02T21:51:44.402+0000] {processor.py:830} INFO - Processing file /home/airflow/.local/lib/python3.12/site-packages/airflow/example_dags/example_dag_decorator.py for tasks to queue
[2024-09-02T21:51:44.407+0000] {logging_mixin.py:188} INFO - [2024-09-02T21:51:44.406+0000] {dagbag.py:545} INFO - Filling up the DagBag from /home/airflow/.local/lib/python3.12/site-packages/airflow/example_dags/example_dag_decorator.py
[2024-09-02T21:51:44.611+0000] {processor.py:840} INFO - DAG(s) 'example_dag_decorator' retrieved from /home/airflow/.local/lib/python3.12/site-packages/airflow/example_dags/example_dag_decorator.py
[2024-09-02T21:51:44.897+0000] {logging_mixin.py:188} INFO - [2024-09-02T21:51:44.897+0000] {dag.py:3096} INFO - Sync 1 DAGs
[2024-09-02T21:51:44.910+0000] {logging_mixin.py:188} INFO - [2024-09-02T21:51:44.910+0000] {dag.py:3954} INFO - Setting next_dagrun for example_dag_decorator to None, run_after=None
[2024-09-02T21:51:44.936+0000] {processor.py:183} INFO - Processing /home/airflow/.local/lib/python3.12/site-packages/airflow/example_dags/example_dag_decorator.py took 0.549 seconds
[2024-09-02T21:52:15.377+0000] {processor.py:161} INFO - Started process (PID=989) to work on /home/airflow/.local/lib/python3.12/site-packages/airflow/example_dags/example_dag_decorator.py
[2024-09-02T21:52:15.378+0000] {processor.py:830} INFO - Processing file /home/airflow/.local/lib/python3.12/site-packages/airflow/example_dags/example_dag_decorator.py for tasks to queue
[2024-09-02T21:52:15.380+0000] {logging_mixin.py:188} INFO - [2024-09-02T21:52:15.380+0000] {dagbag.py:545} INFO - Filling up the DagBag from /home/airflow/.local/lib/python3.12/site-packages/airflow/example_dags/example_dag_decorator.py
[2024-09-02T21:52:15.516+0000] {processor.py:840} INFO - DAG(s) 'example_dag_decorator' retrieved from /home/airflow/.local/lib/python3.12/site-packages/airflow/example_dags/example_dag_decorator.py
[2024-09-02T21:52:15.733+0000] {logging_mixin.py:188} INFO - [2024-09-02T21:52:15.733+0000] {dag.py:3096} INFO - Sync 1 DAGs
[2024-09-02T21:52:15.931+0000] {logging_mixin.py:188} INFO - [2024-09-02T21:52:15.931+0000] {dag.py:3954} INFO - Setting next_dagrun for example_dag_decorator to None, run_after=None
[2024-09-02T21:52:15.964+0000] {processor.py:183} INFO - Processing /home/airflow/.local/lib/python3.12/site-packages/airflow/example_dags/example_dag_decorator.py took 0.592 seconds
[2024-09-02T21:52:46.051+0000] {processor.py:161} INFO - Started process (PID=1052) to work on /home/airflow/.local/lib/python3.12/site-packages/airflow/example_dags/example_dag_decorator.py
[2024-09-02T21:52:46.052+0000] {processor.py:830} INFO - Processing file /home/airflow/.local/lib/python3.12/site-packages/airflow/example_dags/example_dag_decorator.py for tasks to queue
[2024-09-02T21:52:46.054+0000] {logging_mixin.py:188} INFO - [2024-09-02T21:52:46.054+0000] {dagbag.py:545} INFO - Filling up the DagBag from /home/airflow/.local/lib/python3.12/site-packages/airflow/example_dags/example_dag_decorator.py
[2024-09-02T21:52:46.228+0000] {processor.py:840} INFO - DAG(s) 'example_dag_decorator' retrieved from /home/airflow/.local/lib/python3.12/site-packages/airflow/example_dags/example_dag_decorator.py
[2024-09-02T21:52:46.401+0000] {logging_mixin.py:188} INFO - [2024-09-02T21:52:46.400+0000] {dag.py:3096} INFO - Sync 1 DAGs
[2024-09-02T21:52:46.577+0000] {logging_mixin.py:188} INFO - [2024-09-02T21:52:46.577+0000] {dag.py:3954} INFO - Setting next_dagrun for example_dag_decorator to None, run_after=None
[2024-09-02T21:52:46.605+0000] {processor.py:183} INFO - Processing /home/airflow/.local/lib/python3.12/site-packages/airflow/example_dags/example_dag_decorator.py took 0.559 seconds
[2024-09-02T21:53:16.954+0000] {processor.py:161} INFO - Started process (PID=1114) to work on /home/airflow/.local/lib/python3.12/site-packages/airflow/example_dags/example_dag_decorator.py
[2024-09-02T21:53:16.956+0000] {processor.py:830} INFO - Processing file /home/airflow/.local/lib/python3.12/site-packages/airflow/example_dags/example_dag_decorator.py for tasks to queue
[2024-09-02T21:53:16.958+0000] {logging_mixin.py:188} INFO - [2024-09-02T21:53:16.957+0000] {dagbag.py:545} INFO - Filling up the DagBag from /home/airflow/.local/lib/python3.12/site-packages/airflow/example_dags/example_dag_decorator.py
[2024-09-02T21:53:17.089+0000] {processor.py:840} INFO - DAG(s) 'example_dag_decorator' retrieved from /home/airflow/.local/lib/python3.12/site-packages/airflow/example_dags/example_dag_decorator.py
[2024-09-02T21:53:17.361+0000] {logging_mixin.py:188} INFO - [2024-09-02T21:53:17.361+0000] {dag.py:3096} INFO - Sync 1 DAGs
[2024-09-02T21:53:17.372+0000] {logging_mixin.py:188} INFO - [2024-09-02T21:53:17.371+0000] {dag.py:3954} INFO - Setting next_dagrun for example_dag_decorator to None, run_after=None
[2024-09-02T21:53:17.393+0000] {processor.py:183} INFO - Processing /home/airflow/.local/lib/python3.12/site-packages/airflow/example_dags/example_dag_decorator.py took 0.444 seconds
[2024-09-02T21:53:48.181+0000] {processor.py:161} INFO - Started process (PID=1184) to work on /home/airflow/.local/lib/python3.12/site-packages/airflow/example_dags/example_dag_decorator.py
[2024-09-02T21:53:48.182+0000] {processor.py:830} INFO - Processing file /home/airflow/.local/lib/python3.12/site-packages/airflow/example_dags/example_dag_decorator.py for tasks to queue
[2024-09-02T21:53:48.185+0000] {logging_mixin.py:188} INFO - [2024-09-02T21:53:48.184+0000] {dagbag.py:545} INFO - Filling up the DagBag from /home/airflow/.local/lib/python3.12/site-packages/airflow/example_dags/example_dag_decorator.py
[2024-09-02T21:53:48.372+0000] {processor.py:840} INFO - DAG(s) 'example_dag_decorator' retrieved from /home/airflow/.local/lib/python3.12/site-packages/airflow/example_dags/example_dag_decorator.py
[2024-09-02T21:53:48.678+0000] {logging_mixin.py:188} INFO - [2024-09-02T21:53:48.678+0000] {dag.py:3096} INFO - Sync 1 DAGs
[2024-09-02T21:53:48.689+0000] {logging_mixin.py:188} INFO - [2024-09-02T21:53:48.689+0000] {dag.py:3954} INFO - Setting next_dagrun for example_dag_decorator to None, run_after=None
[2024-09-02T21:53:48.712+0000] {processor.py:183} INFO - Processing /home/airflow/.local/lib/python3.12/site-packages/airflow/example_dags/example_dag_decorator.py took 0.537 seconds
[2024-09-02T21:54:18.920+0000] {processor.py:161} INFO - Started process (PID=1247) to work on /home/airflow/.local/lib/python3.12/site-packages/airflow/example_dags/example_dag_decorator.py
[2024-09-02T21:54:18.922+0000] {processor.py:830} INFO - Processing file /home/airflow/.local/lib/python3.12/site-packages/airflow/example_dags/example_dag_decorator.py for tasks to queue
[2024-09-02T21:54:18.925+0000] {logging_mixin.py:188} INFO - [2024-09-02T21:54:18.924+0000] {dagbag.py:545} INFO - Filling up the DagBag from /home/airflow/.local/lib/python3.12/site-packages/airflow/example_dags/example_dag_decorator.py
[2024-09-02T21:54:19.099+0000] {processor.py:840} INFO - DAG(s) 'example_dag_decorator' retrieved from /home/airflow/.local/lib/python3.12/site-packages/airflow/example_dags/example_dag_decorator.py
[2024-09-02T21:54:19.678+0000] {logging_mixin.py:188} INFO - [2024-09-02T21:54:19.677+0000] {dag.py:3096} INFO - Sync 1 DAGs
[2024-09-02T21:54:19.705+0000] {logging_mixin.py:188} INFO - [2024-09-02T21:54:19.704+0000] {dag.py:3954} INFO - Setting next_dagrun for example_dag_decorator to None, run_after=None
[2024-09-02T21:54:19.752+0000] {processor.py:183} INFO - Processing /home/airflow/.local/lib/python3.12/site-packages/airflow/example_dags/example_dag_decorator.py took 0.845 seconds
[2024-09-02T21:54:50.249+0000] {processor.py:161} INFO - Started process (PID=1307) to work on /home/airflow/.local/lib/python3.12/site-packages/airflow/example_dags/example_dag_decorator.py
[2024-09-02T21:54:50.250+0000] {processor.py:830} INFO - Processing file /home/airflow/.local/lib/python3.12/site-packages/airflow/example_dags/example_dag_decorator.py for tasks to queue
[2024-09-02T21:54:50.252+0000] {logging_mixin.py:188} INFO - [2024-09-02T21:54:50.252+0000] {dagbag.py:545} INFO - Filling up the DagBag from /home/airflow/.local/lib/python3.12/site-packages/airflow/example_dags/example_dag_decorator.py
[2024-09-02T21:54:50.353+0000] {processor.py:840} INFO - DAG(s) 'example_dag_decorator' retrieved from /home/airflow/.local/lib/python3.12/site-packages/airflow/example_dags/example_dag_decorator.py
[2024-09-02T21:54:50.582+0000] {logging_mixin.py:188} INFO - [2024-09-02T21:54:50.581+0000] {dag.py:3096} INFO - Sync 1 DAGs
[2024-09-02T21:54:50.594+0000] {logging_mixin.py:188} INFO - [2024-09-02T21:54:50.594+0000] {dag.py:3954} INFO - Setting next_dagrun for example_dag_decorator to None, run_after=None
[2024-09-02T21:54:50.620+0000] {processor.py:183} INFO - Processing /home/airflow/.local/lib/python3.12/site-packages/airflow/example_dags/example_dag_decorator.py took 0.376 seconds
[2024-09-02T21:55:21.133+0000] {processor.py:161} INFO - Started process (PID=1371) to work on /home/airflow/.local/lib/python3.12/site-packages/airflow/example_dags/example_dag_decorator.py
[2024-09-02T21:55:21.134+0000] {processor.py:830} INFO - Processing file /home/airflow/.local/lib/python3.12/site-packages/airflow/example_dags/example_dag_decorator.py for tasks to queue
[2024-09-02T21:55:21.136+0000] {logging_mixin.py:188} INFO - [2024-09-02T21:55:21.136+0000] {dagbag.py:545} INFO - Filling up the DagBag from /home/airflow/.local/lib/python3.12/site-packages/airflow/example_dags/example_dag_decorator.py
[2024-09-02T21:55:21.288+0000] {processor.py:840} INFO - DAG(s) 'example_dag_decorator' retrieved from /home/airflow/.local/lib/python3.12/site-packages/airflow/example_dags/example_dag_decorator.py
[2024-09-02T21:55:21.544+0000] {logging_mixin.py:188} INFO - [2024-09-02T21:55:21.544+0000] {dag.py:3096} INFO - Sync 1 DAGs
[2024-09-02T21:55:21.558+0000] {logging_mixin.py:188} INFO - [2024-09-02T21:55:21.558+0000] {dag.py:3954} INFO - Setting next_dagrun for example_dag_decorator to None, run_after=None
[2024-09-02T21:55:21.581+0000] {processor.py:183} INFO - Processing /home/airflow/.local/lib/python3.12/site-packages/airflow/example_dags/example_dag_decorator.py took 0.453 seconds
[2024-09-02T21:55:51.873+0000] {processor.py:161} INFO - Started process (PID=1437) to work on /home/airflow/.local/lib/python3.12/site-packages/airflow/example_dags/example_dag_decorator.py
[2024-09-02T21:55:51.874+0000] {processor.py:830} INFO - Processing file /home/airflow/.local/lib/python3.12/site-packages/airflow/example_dags/example_dag_decorator.py for tasks to queue
[2024-09-02T21:55:51.876+0000] {logging_mixin.py:188} INFO - [2024-09-02T21:55:51.876+0000] {dagbag.py:545} INFO - Filling up the DagBag from /home/airflow/.local/lib/python3.12/site-packages/airflow/example_dags/example_dag_decorator.py
[2024-09-02T21:55:52.042+0000] {processor.py:840} INFO - DAG(s) 'example_dag_decorator' retrieved from /home/airflow/.local/lib/python3.12/site-packages/airflow/example_dags/example_dag_decorator.py
[2024-09-02T21:55:52.365+0000] {logging_mixin.py:188} INFO - [2024-09-02T21:55:52.365+0000] {dag.py:3096} INFO - Sync 1 DAGs
[2024-09-02T21:55:52.378+0000] {logging_mixin.py:188} INFO - [2024-09-02T21:55:52.377+0000] {dag.py:3954} INFO - Setting next_dagrun for example_dag_decorator to None, run_after=None
[2024-09-02T21:55:52.407+0000] {processor.py:183} INFO - Processing /home/airflow/.local/lib/python3.12/site-packages/airflow/example_dags/example_dag_decorator.py took 0.539 seconds
