[2024-09-02T21:35:22.653+0000] {processor.py:161} INFO - Started process (PID=115) to work on /home/airflow/.local/lib/python3.12/site-packages/airflow/example_dags/example_local_kubernetes_executor.py
[2024-09-02T21:35:22.656+0000] {processor.py:830} INFO - Processing file /home/airflow/.local/lib/python3.12/site-packages/airflow/example_dags/example_local_kubernetes_executor.py for tasks to queue
[2024-09-02T21:35:22.661+0000] {logging_mixin.py:188} INFO - [2024-09-02T21:35:22.660+0000] {dagbag.py:545} INFO - Filling up the DagBag from /home/airflow/.local/lib/python3.12/site-packages/airflow/example_dags/example_local_kubernetes_executor.py
[2024-09-02T21:35:22.721+0000] {processor.py:840} INFO - DAG(s) 'example_local_kubernetes_executor' retrieved from /home/airflow/.local/lib/python3.12/site-packages/airflow/example_dags/example_local_kubernetes_executor.py
[2024-09-02T21:35:23.150+0000] {logging_mixin.py:188} INFO - [2024-09-02T21:35:23.147+0000] {override.py:1829} INFO - Created Permission View: can edit on DAG:example_local_kubernetes_executor
[2024-09-02T21:35:23.186+0000] {logging_mixin.py:188} INFO - [2024-09-02T21:35:23.185+0000] {override.py:1829} INFO - Created Permission View: can delete on DAG:example_local_kubernetes_executor
[2024-09-02T21:35:23.208+0000] {logging_mixin.py:188} INFO - [2024-09-02T21:35:23.207+0000] {override.py:1829} INFO - Created Permission View: can read on DAG:example_local_kubernetes_executor
[2024-09-02T21:35:23.209+0000] {logging_mixin.py:188} INFO - [2024-09-02T21:35:23.209+0000] {dag.py:3096} INFO - Sync 1 DAGs
[2024-09-02T21:35:23.253+0000] {logging_mixin.py:188} INFO - [2024-09-02T21:35:23.252+0000] {dag.py:3118} INFO - Creating ORM DAG for example_local_kubernetes_executor
[2024-09-02T21:35:23.256+0000] {logging_mixin.py:188} INFO - [2024-09-02T21:35:23.255+0000] {dag.py:3954} INFO - Setting next_dagrun for example_local_kubernetes_executor to None, run_after=None
[2024-09-02T21:35:23.327+0000] {processor.py:183} INFO - Processing /home/airflow/.local/lib/python3.12/site-packages/airflow/example_dags/example_local_kubernetes_executor.py took 0.693 seconds
[2024-09-02T21:35:55.896+0000] {processor.py:161} INFO - Started process (PID=180) to work on /home/airflow/.local/lib/python3.12/site-packages/airflow/example_dags/example_local_kubernetes_executor.py
[2024-09-02T21:35:55.904+0000] {processor.py:830} INFO - Processing file /home/airflow/.local/lib/python3.12/site-packages/airflow/example_dags/example_local_kubernetes_executor.py for tasks to queue
[2024-09-02T21:35:55.912+0000] {logging_mixin.py:188} INFO - [2024-09-02T21:35:55.910+0000] {dagbag.py:545} INFO - Filling up the DagBag from /home/airflow/.local/lib/python3.12/site-packages/airflow/example_dags/example_local_kubernetes_executor.py
[2024-09-02T21:35:55.966+0000] {processor.py:840} INFO - DAG(s) 'example_local_kubernetes_executor' retrieved from /home/airflow/.local/lib/python3.12/site-packages/airflow/example_dags/example_local_kubernetes_executor.py
[2024-09-02T21:35:56.215+0000] {logging_mixin.py:188} INFO - [2024-09-02T21:35:56.214+0000] {dag.py:3096} INFO - Sync 1 DAGs
[2024-09-02T21:35:56.490+0000] {logging_mixin.py:188} INFO - [2024-09-02T21:35:56.488+0000] {dag.py:3954} INFO - Setting next_dagrun for example_local_kubernetes_executor to None, run_after=None
[2024-09-02T21:35:56.712+0000] {processor.py:183} INFO - Processing /home/airflow/.local/lib/python3.12/site-packages/airflow/example_dags/example_local_kubernetes_executor.py took 0.845 seconds
[2024-09-02T21:38:48.641+0000] {processor.py:161} INFO - Started process (PID=113) to work on /home/airflow/.local/lib/python3.12/site-packages/airflow/example_dags/example_local_kubernetes_executor.py
[2024-09-02T21:38:48.645+0000] {processor.py:830} INFO - Processing file /home/airflow/.local/lib/python3.12/site-packages/airflow/example_dags/example_local_kubernetes_executor.py for tasks to queue
[2024-09-02T21:38:48.657+0000] {logging_mixin.py:188} INFO - [2024-09-02T21:38:48.656+0000] {dagbag.py:545} INFO - Filling up the DagBag from /home/airflow/.local/lib/python3.12/site-packages/airflow/example_dags/example_local_kubernetes_executor.py
[2024-09-02T21:38:48.714+0000] {processor.py:840} INFO - DAG(s) 'example_local_kubernetes_executor' retrieved from /home/airflow/.local/lib/python3.12/site-packages/airflow/example_dags/example_local_kubernetes_executor.py
[2024-09-02T21:38:49.143+0000] {logging_mixin.py:188} INFO - [2024-09-02T21:38:49.141+0000] {override.py:1829} INFO - Created Permission View: can edit on DAG:example_local_kubernetes_executor
[2024-09-02T21:38:49.173+0000] {logging_mixin.py:188} INFO - [2024-09-02T21:38:49.172+0000] {override.py:1829} INFO - Created Permission View: can read on DAG:example_local_kubernetes_executor
[2024-09-02T21:38:49.202+0000] {logging_mixin.py:188} INFO - [2024-09-02T21:38:49.201+0000] {override.py:1829} INFO - Created Permission View: can delete on DAG:example_local_kubernetes_executor
[2024-09-02T21:38:49.204+0000] {logging_mixin.py:188} INFO - [2024-09-02T21:38:49.203+0000] {dag.py:3096} INFO - Sync 1 DAGs
[2024-09-02T21:38:49.231+0000] {logging_mixin.py:188} INFO - [2024-09-02T21:38:49.230+0000] {dag.py:3118} INFO - Creating ORM DAG for example_local_kubernetes_executor
[2024-09-02T21:38:49.234+0000] {logging_mixin.py:188} INFO - [2024-09-02T21:38:49.233+0000] {dag.py:3954} INFO - Setting next_dagrun for example_local_kubernetes_executor to None, run_after=None
[2024-09-02T21:38:49.273+0000] {processor.py:183} INFO - Processing /home/airflow/.local/lib/python3.12/site-packages/airflow/example_dags/example_local_kubernetes_executor.py took 0.652 seconds
[2024-09-02T21:39:19.693+0000] {processor.py:161} INFO - Started process (PID=173) to work on /home/airflow/.local/lib/python3.12/site-packages/airflow/example_dags/example_local_kubernetes_executor.py
[2024-09-02T21:39:19.696+0000] {processor.py:830} INFO - Processing file /home/airflow/.local/lib/python3.12/site-packages/airflow/example_dags/example_local_kubernetes_executor.py for tasks to queue
[2024-09-02T21:39:19.700+0000] {logging_mixin.py:188} INFO - [2024-09-02T21:39:19.700+0000] {dagbag.py:545} INFO - Filling up the DagBag from /home/airflow/.local/lib/python3.12/site-packages/airflow/example_dags/example_local_kubernetes_executor.py
[2024-09-02T21:39:19.717+0000] {processor.py:840} INFO - DAG(s) 'example_local_kubernetes_executor' retrieved from /home/airflow/.local/lib/python3.12/site-packages/airflow/example_dags/example_local_kubernetes_executor.py
[2024-09-02T21:39:19.794+0000] {logging_mixin.py:188} INFO - [2024-09-02T21:39:19.794+0000] {dag.py:3096} INFO - Sync 1 DAGs
[2024-09-02T21:39:19.816+0000] {logging_mixin.py:188} INFO - [2024-09-02T21:39:19.815+0000] {dag.py:3954} INFO - Setting next_dagrun for example_local_kubernetes_executor to None, run_after=None
[2024-09-02T21:39:19.846+0000] {processor.py:183} INFO - Processing /home/airflow/.local/lib/python3.12/site-packages/airflow/example_dags/example_local_kubernetes_executor.py took 0.167 seconds
[2024-09-02T21:39:50.738+0000] {processor.py:161} INFO - Started process (PID=233) to work on /home/airflow/.local/lib/python3.12/site-packages/airflow/example_dags/example_local_kubernetes_executor.py
[2024-09-02T21:39:50.739+0000] {processor.py:830} INFO - Processing file /home/airflow/.local/lib/python3.12/site-packages/airflow/example_dags/example_local_kubernetes_executor.py for tasks to queue
[2024-09-02T21:39:50.741+0000] {logging_mixin.py:188} INFO - [2024-09-02T21:39:50.741+0000] {dagbag.py:545} INFO - Filling up the DagBag from /home/airflow/.local/lib/python3.12/site-packages/airflow/example_dags/example_local_kubernetes_executor.py
[2024-09-02T21:39:50.748+0000] {processor.py:840} INFO - DAG(s) 'example_local_kubernetes_executor' retrieved from /home/airflow/.local/lib/python3.12/site-packages/airflow/example_dags/example_local_kubernetes_executor.py
[2024-09-02T21:39:50.788+0000] {logging_mixin.py:188} INFO - [2024-09-02T21:39:50.787+0000] {dag.py:3096} INFO - Sync 1 DAGs
[2024-09-02T21:39:50.802+0000] {logging_mixin.py:188} INFO - [2024-09-02T21:39:50.801+0000] {dag.py:3954} INFO - Setting next_dagrun for example_local_kubernetes_executor to None, run_after=None
[2024-09-02T21:39:50.826+0000] {processor.py:183} INFO - Processing /home/airflow/.local/lib/python3.12/site-packages/airflow/example_dags/example_local_kubernetes_executor.py took 0.093 seconds
[2024-09-02T21:40:21.075+0000] {processor.py:161} INFO - Started process (PID=293) to work on /home/airflow/.local/lib/python3.12/site-packages/airflow/example_dags/example_local_kubernetes_executor.py
[2024-09-02T21:40:21.076+0000] {processor.py:830} INFO - Processing file /home/airflow/.local/lib/python3.12/site-packages/airflow/example_dags/example_local_kubernetes_executor.py for tasks to queue
[2024-09-02T21:40:21.078+0000] {logging_mixin.py:188} INFO - [2024-09-02T21:40:21.078+0000] {dagbag.py:545} INFO - Filling up the DagBag from /home/airflow/.local/lib/python3.12/site-packages/airflow/example_dags/example_local_kubernetes_executor.py
[2024-09-02T21:40:21.086+0000] {processor.py:840} INFO - DAG(s) 'example_local_kubernetes_executor' retrieved from /home/airflow/.local/lib/python3.12/site-packages/airflow/example_dags/example_local_kubernetes_executor.py
[2024-09-02T21:40:21.126+0000] {logging_mixin.py:188} INFO - [2024-09-02T21:40:21.125+0000] {dag.py:3096} INFO - Sync 1 DAGs
[2024-09-02T21:40:21.142+0000] {logging_mixin.py:188} INFO - [2024-09-02T21:40:21.141+0000] {dag.py:3954} INFO - Setting next_dagrun for example_local_kubernetes_executor to None, run_after=None
[2024-09-02T21:40:21.164+0000] {processor.py:183} INFO - Processing /home/airflow/.local/lib/python3.12/site-packages/airflow/example_dags/example_local_kubernetes_executor.py took 0.096 seconds
[2024-09-02T21:40:51.496+0000] {processor.py:161} INFO - Started process (PID=353) to work on /home/airflow/.local/lib/python3.12/site-packages/airflow/example_dags/example_local_kubernetes_executor.py
[2024-09-02T21:40:51.497+0000] {processor.py:830} INFO - Processing file /home/airflow/.local/lib/python3.12/site-packages/airflow/example_dags/example_local_kubernetes_executor.py for tasks to queue
[2024-09-02T21:40:51.499+0000] {logging_mixin.py:188} INFO - [2024-09-02T21:40:51.498+0000] {dagbag.py:545} INFO - Filling up the DagBag from /home/airflow/.local/lib/python3.12/site-packages/airflow/example_dags/example_local_kubernetes_executor.py
[2024-09-02T21:40:51.506+0000] {processor.py:840} INFO - DAG(s) 'example_local_kubernetes_executor' retrieved from /home/airflow/.local/lib/python3.12/site-packages/airflow/example_dags/example_local_kubernetes_executor.py
[2024-09-02T21:40:51.557+0000] {logging_mixin.py:188} INFO - [2024-09-02T21:40:51.557+0000] {dag.py:3096} INFO - Sync 1 DAGs
[2024-09-02T21:40:51.579+0000] {logging_mixin.py:188} INFO - [2024-09-02T21:40:51.579+0000] {dag.py:3954} INFO - Setting next_dagrun for example_local_kubernetes_executor to None, run_after=None
[2024-09-02T21:40:51.607+0000] {processor.py:183} INFO - Processing /home/airflow/.local/lib/python3.12/site-packages/airflow/example_dags/example_local_kubernetes_executor.py took 0.116 seconds
[2024-09-02T21:44:38.929+0000] {processor.py:161} INFO - Started process (PID=107) to work on /home/airflow/.local/lib/python3.12/site-packages/airflow/example_dags/example_local_kubernetes_executor.py
[2024-09-02T21:44:38.931+0000] {processor.py:830} INFO - Processing file /home/airflow/.local/lib/python3.12/site-packages/airflow/example_dags/example_local_kubernetes_executor.py for tasks to queue
[2024-09-02T21:44:38.934+0000] {logging_mixin.py:188} INFO - [2024-09-02T21:44:38.934+0000] {dagbag.py:545} INFO - Filling up the DagBag from /home/airflow/.local/lib/python3.12/site-packages/airflow/example_dags/example_local_kubernetes_executor.py
[2024-09-02T21:44:38.952+0000] {processor.py:840} INFO - DAG(s) 'example_local_kubernetes_executor' retrieved from /home/airflow/.local/lib/python3.12/site-packages/airflow/example_dags/example_local_kubernetes_executor.py
[2024-09-02T21:44:39.163+0000] {logging_mixin.py:188} INFO - [2024-09-02T21:44:39.162+0000] {override.py:1829} INFO - Created Permission View: can read on DAG:example_local_kubernetes_executor
[2024-09-02T21:44:39.183+0000] {logging_mixin.py:188} INFO - [2024-09-02T21:44:39.183+0000] {override.py:1829} INFO - Created Permission View: can delete on DAG:example_local_kubernetes_executor
[2024-09-02T21:44:39.196+0000] {logging_mixin.py:188} INFO - [2024-09-02T21:44:39.195+0000] {override.py:1829} INFO - Created Permission View: can edit on DAG:example_local_kubernetes_executor
[2024-09-02T21:44:39.197+0000] {logging_mixin.py:188} INFO - [2024-09-02T21:44:39.197+0000] {dag.py:3096} INFO - Sync 1 DAGs
[2024-09-02T21:44:39.216+0000] {logging_mixin.py:188} INFO - [2024-09-02T21:44:39.215+0000] {dag.py:3118} INFO - Creating ORM DAG for example_local_kubernetes_executor
[2024-09-02T21:44:39.217+0000] {logging_mixin.py:188} INFO - [2024-09-02T21:44:39.217+0000] {dag.py:3954} INFO - Setting next_dagrun for example_local_kubernetes_executor to None, run_after=None
[2024-09-02T21:44:39.250+0000] {processor.py:183} INFO - Processing /home/airflow/.local/lib/python3.12/site-packages/airflow/example_dags/example_local_kubernetes_executor.py took 0.331 seconds
[2024-09-02T21:45:10.237+0000] {processor.py:161} INFO - Started process (PID=167) to work on /home/airflow/.local/lib/python3.12/site-packages/airflow/example_dags/example_local_kubernetes_executor.py
[2024-09-02T21:45:10.238+0000] {processor.py:830} INFO - Processing file /home/airflow/.local/lib/python3.12/site-packages/airflow/example_dags/example_local_kubernetes_executor.py for tasks to queue
[2024-09-02T21:45:10.240+0000] {logging_mixin.py:188} INFO - [2024-09-02T21:45:10.239+0000] {dagbag.py:545} INFO - Filling up the DagBag from /home/airflow/.local/lib/python3.12/site-packages/airflow/example_dags/example_local_kubernetes_executor.py
[2024-09-02T21:45:10.248+0000] {processor.py:840} INFO - DAG(s) 'example_local_kubernetes_executor' retrieved from /home/airflow/.local/lib/python3.12/site-packages/airflow/example_dags/example_local_kubernetes_executor.py
[2024-09-02T21:45:10.288+0000] {logging_mixin.py:188} INFO - [2024-09-02T21:45:10.287+0000] {dag.py:3096} INFO - Sync 1 DAGs
[2024-09-02T21:45:10.303+0000] {logging_mixin.py:188} INFO - [2024-09-02T21:45:10.303+0000] {dag.py:3954} INFO - Setting next_dagrun for example_local_kubernetes_executor to None, run_after=None
[2024-09-02T21:45:10.327+0000] {processor.py:183} INFO - Processing /home/airflow/.local/lib/python3.12/site-packages/airflow/example_dags/example_local_kubernetes_executor.py took 0.096 seconds
[2024-09-02T21:45:40.963+0000] {processor.py:161} INFO - Started process (PID=227) to work on /home/airflow/.local/lib/python3.12/site-packages/airflow/example_dags/example_local_kubernetes_executor.py
[2024-09-02T21:45:40.964+0000] {processor.py:830} INFO - Processing file /home/airflow/.local/lib/python3.12/site-packages/airflow/example_dags/example_local_kubernetes_executor.py for tasks to queue
[2024-09-02T21:45:40.966+0000] {logging_mixin.py:188} INFO - [2024-09-02T21:45:40.966+0000] {dagbag.py:545} INFO - Filling up the DagBag from /home/airflow/.local/lib/python3.12/site-packages/airflow/example_dags/example_local_kubernetes_executor.py
[2024-09-02T21:45:40.976+0000] {processor.py:840} INFO - DAG(s) 'example_local_kubernetes_executor' retrieved from /home/airflow/.local/lib/python3.12/site-packages/airflow/example_dags/example_local_kubernetes_executor.py
[2024-09-02T21:45:41.013+0000] {logging_mixin.py:188} INFO - [2024-09-02T21:45:41.013+0000] {dag.py:3096} INFO - Sync 1 DAGs
[2024-09-02T21:45:41.029+0000] {logging_mixin.py:188} INFO - [2024-09-02T21:45:41.029+0000] {dag.py:3954} INFO - Setting next_dagrun for example_local_kubernetes_executor to None, run_after=None
[2024-09-02T21:45:41.053+0000] {processor.py:183} INFO - Processing /home/airflow/.local/lib/python3.12/site-packages/airflow/example_dags/example_local_kubernetes_executor.py took 0.094 seconds
[2024-09-02T21:46:11.152+0000] {processor.py:161} INFO - Started process (PID=288) to work on /home/airflow/.local/lib/python3.12/site-packages/airflow/example_dags/example_local_kubernetes_executor.py
[2024-09-02T21:46:11.156+0000] {processor.py:830} INFO - Processing file /home/airflow/.local/lib/python3.12/site-packages/airflow/example_dags/example_local_kubernetes_executor.py for tasks to queue
[2024-09-02T21:46:11.164+0000] {logging_mixin.py:188} INFO - [2024-09-02T21:46:11.163+0000] {dagbag.py:545} INFO - Filling up the DagBag from /home/airflow/.local/lib/python3.12/site-packages/airflow/example_dags/example_local_kubernetes_executor.py
[2024-09-02T21:46:11.181+0000] {processor.py:840} INFO - DAG(s) 'example_local_kubernetes_executor' retrieved from /home/airflow/.local/lib/python3.12/site-packages/airflow/example_dags/example_local_kubernetes_executor.py
[2024-09-02T21:46:11.272+0000] {logging_mixin.py:188} INFO - [2024-09-02T21:46:11.272+0000] {dag.py:3096} INFO - Sync 1 DAGs
[2024-09-02T21:46:11.298+0000] {logging_mixin.py:188} INFO - [2024-09-02T21:46:11.297+0000] {dag.py:3954} INFO - Setting next_dagrun for example_local_kubernetes_executor to None, run_after=None
[2024-09-02T21:46:11.324+0000] {processor.py:183} INFO - Processing /home/airflow/.local/lib/python3.12/site-packages/airflow/example_dags/example_local_kubernetes_executor.py took 0.185 seconds
[2024-09-02T21:46:41.457+0000] {processor.py:161} INFO - Started process (PID=348) to work on /home/airflow/.local/lib/python3.12/site-packages/airflow/example_dags/example_local_kubernetes_executor.py
[2024-09-02T21:46:41.459+0000] {processor.py:830} INFO - Processing file /home/airflow/.local/lib/python3.12/site-packages/airflow/example_dags/example_local_kubernetes_executor.py for tasks to queue
[2024-09-02T21:46:41.462+0000] {logging_mixin.py:188} INFO - [2024-09-02T21:46:41.462+0000] {dagbag.py:545} INFO - Filling up the DagBag from /home/airflow/.local/lib/python3.12/site-packages/airflow/example_dags/example_local_kubernetes_executor.py
[2024-09-02T21:46:41.476+0000] {processor.py:840} INFO - DAG(s) 'example_local_kubernetes_executor' retrieved from /home/airflow/.local/lib/python3.12/site-packages/airflow/example_dags/example_local_kubernetes_executor.py
[2024-09-02T21:46:41.532+0000] {logging_mixin.py:188} INFO - [2024-09-02T21:46:41.531+0000] {dag.py:3096} INFO - Sync 1 DAGs
[2024-09-02T21:46:41.562+0000] {logging_mixin.py:188} INFO - [2024-09-02T21:46:41.561+0000] {dag.py:3954} INFO - Setting next_dagrun for example_local_kubernetes_executor to None, run_after=None
[2024-09-02T21:46:41.596+0000] {processor.py:183} INFO - Processing /home/airflow/.local/lib/python3.12/site-packages/airflow/example_dags/example_local_kubernetes_executor.py took 0.150 seconds
[2024-09-02T21:47:11.804+0000] {processor.py:161} INFO - Started process (PID=408) to work on /home/airflow/.local/lib/python3.12/site-packages/airflow/example_dags/example_local_kubernetes_executor.py
[2024-09-02T21:47:11.805+0000] {processor.py:830} INFO - Processing file /home/airflow/.local/lib/python3.12/site-packages/airflow/example_dags/example_local_kubernetes_executor.py for tasks to queue
[2024-09-02T21:47:11.808+0000] {logging_mixin.py:188} INFO - [2024-09-02T21:47:11.808+0000] {dagbag.py:545} INFO - Filling up the DagBag from /home/airflow/.local/lib/python3.12/site-packages/airflow/example_dags/example_local_kubernetes_executor.py
[2024-09-02T21:47:11.818+0000] {processor.py:840} INFO - DAG(s) 'example_local_kubernetes_executor' retrieved from /home/airflow/.local/lib/python3.12/site-packages/airflow/example_dags/example_local_kubernetes_executor.py
[2024-09-02T21:47:11.862+0000] {logging_mixin.py:188} INFO - [2024-09-02T21:47:11.862+0000] {dag.py:3096} INFO - Sync 1 DAGs
[2024-09-02T21:47:11.878+0000] {logging_mixin.py:188} INFO - [2024-09-02T21:47:11.878+0000] {dag.py:3954} INFO - Setting next_dagrun for example_local_kubernetes_executor to None, run_after=None
[2024-09-02T21:47:11.904+0000] {processor.py:183} INFO - Processing /home/airflow/.local/lib/python3.12/site-packages/airflow/example_dags/example_local_kubernetes_executor.py took 0.108 seconds
[2024-09-02T21:47:42.842+0000] {processor.py:161} INFO - Started process (PID=468) to work on /home/airflow/.local/lib/python3.12/site-packages/airflow/example_dags/example_local_kubernetes_executor.py
[2024-09-02T21:47:42.844+0000] {processor.py:830} INFO - Processing file /home/airflow/.local/lib/python3.12/site-packages/airflow/example_dags/example_local_kubernetes_executor.py for tasks to queue
[2024-09-02T21:47:42.847+0000] {logging_mixin.py:188} INFO - [2024-09-02T21:47:42.847+0000] {dagbag.py:545} INFO - Filling up the DagBag from /home/airflow/.local/lib/python3.12/site-packages/airflow/example_dags/example_local_kubernetes_executor.py
[2024-09-02T21:47:42.865+0000] {processor.py:840} INFO - DAG(s) 'example_local_kubernetes_executor' retrieved from /home/airflow/.local/lib/python3.12/site-packages/airflow/example_dags/example_local_kubernetes_executor.py
[2024-09-02T21:47:42.931+0000] {logging_mixin.py:188} INFO - [2024-09-02T21:47:42.930+0000] {dag.py:3096} INFO - Sync 1 DAGs
[2024-09-02T21:47:42.963+0000] {logging_mixin.py:188} INFO - [2024-09-02T21:47:42.962+0000] {dag.py:3954} INFO - Setting next_dagrun for example_local_kubernetes_executor to None, run_after=None
[2024-09-02T21:47:43.085+0000] {processor.py:183} INFO - Processing /home/airflow/.local/lib/python3.12/site-packages/airflow/example_dags/example_local_kubernetes_executor.py took 0.253 seconds
[2024-09-02T21:48:13.595+0000] {processor.py:161} INFO - Started process (PID=528) to work on /home/airflow/.local/lib/python3.12/site-packages/airflow/example_dags/example_local_kubernetes_executor.py
[2024-09-02T21:48:13.596+0000] {processor.py:830} INFO - Processing file /home/airflow/.local/lib/python3.12/site-packages/airflow/example_dags/example_local_kubernetes_executor.py for tasks to queue
[2024-09-02T21:48:13.600+0000] {logging_mixin.py:188} INFO - [2024-09-02T21:48:13.599+0000] {dagbag.py:545} INFO - Filling up the DagBag from /home/airflow/.local/lib/python3.12/site-packages/airflow/example_dags/example_local_kubernetes_executor.py
[2024-09-02T21:48:13.615+0000] {processor.py:840} INFO - DAG(s) 'example_local_kubernetes_executor' retrieved from /home/airflow/.local/lib/python3.12/site-packages/airflow/example_dags/example_local_kubernetes_executor.py
[2024-09-02T21:48:13.687+0000] {logging_mixin.py:188} INFO - [2024-09-02T21:48:13.686+0000] {dag.py:3096} INFO - Sync 1 DAGs
[2024-09-02T21:48:13.724+0000] {logging_mixin.py:188} INFO - [2024-09-02T21:48:13.723+0000] {dag.py:3954} INFO - Setting next_dagrun for example_local_kubernetes_executor to None, run_after=None
[2024-09-02T21:48:13.787+0000] {processor.py:183} INFO - Processing /home/airflow/.local/lib/python3.12/site-packages/airflow/example_dags/example_local_kubernetes_executor.py took 0.204 seconds
[2024-09-02T21:48:44.207+0000] {processor.py:161} INFO - Started process (PID=588) to work on /home/airflow/.local/lib/python3.12/site-packages/airflow/example_dags/example_local_kubernetes_executor.py
[2024-09-02T21:48:44.208+0000] {processor.py:830} INFO - Processing file /home/airflow/.local/lib/python3.12/site-packages/airflow/example_dags/example_local_kubernetes_executor.py for tasks to queue
[2024-09-02T21:48:44.211+0000] {logging_mixin.py:188} INFO - [2024-09-02T21:48:44.210+0000] {dagbag.py:545} INFO - Filling up the DagBag from /home/airflow/.local/lib/python3.12/site-packages/airflow/example_dags/example_local_kubernetes_executor.py
[2024-09-02T21:48:44.222+0000] {processor.py:840} INFO - DAG(s) 'example_local_kubernetes_executor' retrieved from /home/airflow/.local/lib/python3.12/site-packages/airflow/example_dags/example_local_kubernetes_executor.py
[2024-09-02T21:48:44.273+0000] {logging_mixin.py:188} INFO - [2024-09-02T21:48:44.272+0000] {dag.py:3096} INFO - Sync 1 DAGs
[2024-09-02T21:48:44.292+0000] {logging_mixin.py:188} INFO - [2024-09-02T21:48:44.291+0000] {dag.py:3954} INFO - Setting next_dagrun for example_local_kubernetes_executor to None, run_after=None
[2024-09-02T21:48:44.330+0000] {processor.py:183} INFO - Processing /home/airflow/.local/lib/python3.12/site-packages/airflow/example_dags/example_local_kubernetes_executor.py took 0.131 seconds
[2024-09-02T21:49:14.573+0000] {processor.py:161} INFO - Started process (PID=648) to work on /home/airflow/.local/lib/python3.12/site-packages/airflow/example_dags/example_local_kubernetes_executor.py
[2024-09-02T21:49:14.577+0000] {processor.py:830} INFO - Processing file /home/airflow/.local/lib/python3.12/site-packages/airflow/example_dags/example_local_kubernetes_executor.py for tasks to queue
[2024-09-02T21:49:14.583+0000] {logging_mixin.py:188} INFO - [2024-09-02T21:49:14.582+0000] {dagbag.py:545} INFO - Filling up the DagBag from /home/airflow/.local/lib/python3.12/site-packages/airflow/example_dags/example_local_kubernetes_executor.py
[2024-09-02T21:49:14.599+0000] {processor.py:840} INFO - DAG(s) 'example_local_kubernetes_executor' retrieved from /home/airflow/.local/lib/python3.12/site-packages/airflow/example_dags/example_local_kubernetes_executor.py
[2024-09-02T21:49:14.672+0000] {logging_mixin.py:188} INFO - [2024-09-02T21:49:14.672+0000] {dag.py:3096} INFO - Sync 1 DAGs
[2024-09-02T21:49:14.695+0000] {logging_mixin.py:188} INFO - [2024-09-02T21:49:14.694+0000] {dag.py:3954} INFO - Setting next_dagrun for example_local_kubernetes_executor to None, run_after=None
[2024-09-02T21:49:14.724+0000] {processor.py:183} INFO - Processing /home/airflow/.local/lib/python3.12/site-packages/airflow/example_dags/example_local_kubernetes_executor.py took 0.168 seconds
[2024-09-02T21:49:44.943+0000] {processor.py:161} INFO - Started process (PID=708) to work on /home/airflow/.local/lib/python3.12/site-packages/airflow/example_dags/example_local_kubernetes_executor.py
[2024-09-02T21:49:44.944+0000] {processor.py:830} INFO - Processing file /home/airflow/.local/lib/python3.12/site-packages/airflow/example_dags/example_local_kubernetes_executor.py for tasks to queue
[2024-09-02T21:49:44.947+0000] {logging_mixin.py:188} INFO - [2024-09-02T21:49:44.946+0000] {dagbag.py:545} INFO - Filling up the DagBag from /home/airflow/.local/lib/python3.12/site-packages/airflow/example_dags/example_local_kubernetes_executor.py
[2024-09-02T21:49:44.958+0000] {processor.py:840} INFO - DAG(s) 'example_local_kubernetes_executor' retrieved from /home/airflow/.local/lib/python3.12/site-packages/airflow/example_dags/example_local_kubernetes_executor.py
[2024-09-02T21:49:45.012+0000] {logging_mixin.py:188} INFO - [2024-09-02T21:49:45.012+0000] {dag.py:3096} INFO - Sync 1 DAGs
[2024-09-02T21:49:45.034+0000] {logging_mixin.py:188} INFO - [2024-09-02T21:49:45.034+0000] {dag.py:3954} INFO - Setting next_dagrun for example_local_kubernetes_executor to None, run_after=None
[2024-09-02T21:49:45.065+0000] {processor.py:183} INFO - Processing /home/airflow/.local/lib/python3.12/site-packages/airflow/example_dags/example_local_kubernetes_executor.py took 0.131 seconds
[2024-09-02T21:50:15.675+0000] {processor.py:161} INFO - Started process (PID=768) to work on /home/airflow/.local/lib/python3.12/site-packages/airflow/example_dags/example_local_kubernetes_executor.py
[2024-09-02T21:50:15.676+0000] {processor.py:830} INFO - Processing file /home/airflow/.local/lib/python3.12/site-packages/airflow/example_dags/example_local_kubernetes_executor.py for tasks to queue
[2024-09-02T21:50:15.678+0000] {logging_mixin.py:188} INFO - [2024-09-02T21:50:15.678+0000] {dagbag.py:545} INFO - Filling up the DagBag from /home/airflow/.local/lib/python3.12/site-packages/airflow/example_dags/example_local_kubernetes_executor.py
[2024-09-02T21:50:15.690+0000] {processor.py:840} INFO - DAG(s) 'example_local_kubernetes_executor' retrieved from /home/airflow/.local/lib/python3.12/site-packages/airflow/example_dags/example_local_kubernetes_executor.py
[2024-09-02T21:50:15.733+0000] {logging_mixin.py:188} INFO - [2024-09-02T21:50:15.733+0000] {dag.py:3096} INFO - Sync 1 DAGs
[2024-09-02T21:50:15.752+0000] {logging_mixin.py:188} INFO - [2024-09-02T21:50:15.752+0000] {dag.py:3954} INFO - Setting next_dagrun for example_local_kubernetes_executor to None, run_after=None
[2024-09-02T21:50:15.777+0000] {processor.py:183} INFO - Processing /home/airflow/.local/lib/python3.12/site-packages/airflow/example_dags/example_local_kubernetes_executor.py took 0.111 seconds
[2024-09-02T21:50:46.135+0000] {processor.py:161} INFO - Started process (PID=828) to work on /home/airflow/.local/lib/python3.12/site-packages/airflow/example_dags/example_local_kubernetes_executor.py
[2024-09-02T21:50:46.137+0000] {processor.py:830} INFO - Processing file /home/airflow/.local/lib/python3.12/site-packages/airflow/example_dags/example_local_kubernetes_executor.py for tasks to queue
[2024-09-02T21:50:46.142+0000] {logging_mixin.py:188} INFO - [2024-09-02T21:50:46.141+0000] {dagbag.py:545} INFO - Filling up the DagBag from /home/airflow/.local/lib/python3.12/site-packages/airflow/example_dags/example_local_kubernetes_executor.py
[2024-09-02T21:50:46.166+0000] {processor.py:840} INFO - DAG(s) 'example_local_kubernetes_executor' retrieved from /home/airflow/.local/lib/python3.12/site-packages/airflow/example_dags/example_local_kubernetes_executor.py
[2024-09-02T21:50:46.253+0000] {logging_mixin.py:188} INFO - [2024-09-02T21:50:46.252+0000] {dag.py:3096} INFO - Sync 1 DAGs
[2024-09-02T21:50:46.281+0000] {logging_mixin.py:188} INFO - [2024-09-02T21:50:46.280+0000] {dag.py:3954} INFO - Setting next_dagrun for example_local_kubernetes_executor to None, run_after=None
[2024-09-02T21:50:46.332+0000] {processor.py:183} INFO - Processing /home/airflow/.local/lib/python3.12/site-packages/airflow/example_dags/example_local_kubernetes_executor.py took 0.210 seconds
[2024-09-02T21:51:16.553+0000] {processor.py:161} INFO - Started process (PID=888) to work on /home/airflow/.local/lib/python3.12/site-packages/airflow/example_dags/example_local_kubernetes_executor.py
[2024-09-02T21:51:16.554+0000] {processor.py:830} INFO - Processing file /home/airflow/.local/lib/python3.12/site-packages/airflow/example_dags/example_local_kubernetes_executor.py for tasks to queue
[2024-09-02T21:51:16.557+0000] {logging_mixin.py:188} INFO - [2024-09-02T21:51:16.556+0000] {dagbag.py:545} INFO - Filling up the DagBag from /home/airflow/.local/lib/python3.12/site-packages/airflow/example_dags/example_local_kubernetes_executor.py
[2024-09-02T21:51:16.568+0000] {processor.py:840} INFO - DAG(s) 'example_local_kubernetes_executor' retrieved from /home/airflow/.local/lib/python3.12/site-packages/airflow/example_dags/example_local_kubernetes_executor.py
[2024-09-02T21:51:16.625+0000] {logging_mixin.py:188} INFO - [2024-09-02T21:51:16.624+0000] {dag.py:3096} INFO - Sync 1 DAGs
[2024-09-02T21:51:16.657+0000] {logging_mixin.py:188} INFO - [2024-09-02T21:51:16.656+0000] {dag.py:3954} INFO - Setting next_dagrun for example_local_kubernetes_executor to None, run_after=None
[2024-09-02T21:51:16.697+0000] {processor.py:183} INFO - Processing /home/airflow/.local/lib/python3.12/site-packages/airflow/example_dags/example_local_kubernetes_executor.py took 0.152 seconds
[2024-09-02T21:51:47.238+0000] {processor.py:161} INFO - Started process (PID=948) to work on /home/airflow/.local/lib/python3.12/site-packages/airflow/example_dags/example_local_kubernetes_executor.py
[2024-09-02T21:51:47.240+0000] {processor.py:830} INFO - Processing file /home/airflow/.local/lib/python3.12/site-packages/airflow/example_dags/example_local_kubernetes_executor.py for tasks to queue
[2024-09-02T21:51:47.242+0000] {logging_mixin.py:188} INFO - [2024-09-02T21:51:47.242+0000] {dagbag.py:545} INFO - Filling up the DagBag from /home/airflow/.local/lib/python3.12/site-packages/airflow/example_dags/example_local_kubernetes_executor.py
[2024-09-02T21:51:47.251+0000] {processor.py:840} INFO - DAG(s) 'example_local_kubernetes_executor' retrieved from /home/airflow/.local/lib/python3.12/site-packages/airflow/example_dags/example_local_kubernetes_executor.py
[2024-09-02T21:51:47.313+0000] {logging_mixin.py:188} INFO - [2024-09-02T21:51:47.312+0000] {dag.py:3096} INFO - Sync 1 DAGs
[2024-09-02T21:51:47.346+0000] {logging_mixin.py:188} INFO - [2024-09-02T21:51:47.345+0000] {dag.py:3954} INFO - Setting next_dagrun for example_local_kubernetes_executor to None, run_after=None
[2024-09-02T21:51:47.385+0000] {processor.py:183} INFO - Processing /home/airflow/.local/lib/python3.12/site-packages/airflow/example_dags/example_local_kubernetes_executor.py took 0.154 seconds
[2024-09-02T21:52:18.458+0000] {processor.py:161} INFO - Started process (PID=1014) to work on /home/airflow/.local/lib/python3.12/site-packages/airflow/example_dags/example_local_kubernetes_executor.py
[2024-09-02T21:52:18.460+0000] {processor.py:830} INFO - Processing file /home/airflow/.local/lib/python3.12/site-packages/airflow/example_dags/example_local_kubernetes_executor.py for tasks to queue
[2024-09-02T21:52:18.464+0000] {logging_mixin.py:188} INFO - [2024-09-02T21:52:18.463+0000] {dagbag.py:545} INFO - Filling up the DagBag from /home/airflow/.local/lib/python3.12/site-packages/airflow/example_dags/example_local_kubernetes_executor.py
[2024-09-02T21:52:18.476+0000] {processor.py:840} INFO - DAG(s) 'example_local_kubernetes_executor' retrieved from /home/airflow/.local/lib/python3.12/site-packages/airflow/example_dags/example_local_kubernetes_executor.py
[2024-09-02T21:52:18.521+0000] {logging_mixin.py:188} INFO - [2024-09-02T21:52:18.520+0000] {dag.py:3096} INFO - Sync 1 DAGs
[2024-09-02T21:52:18.540+0000] {logging_mixin.py:188} INFO - [2024-09-02T21:52:18.540+0000] {dag.py:3954} INFO - Setting next_dagrun for example_local_kubernetes_executor to None, run_after=None
[2024-09-02T21:52:18.562+0000] {processor.py:183} INFO - Processing /home/airflow/.local/lib/python3.12/site-packages/airflow/example_dags/example_local_kubernetes_executor.py took 0.116 seconds
[2024-09-02T21:52:48.939+0000] {processor.py:161} INFO - Started process (PID=1074) to work on /home/airflow/.local/lib/python3.12/site-packages/airflow/example_dags/example_local_kubernetes_executor.py
[2024-09-02T21:52:48.940+0000] {processor.py:830} INFO - Processing file /home/airflow/.local/lib/python3.12/site-packages/airflow/example_dags/example_local_kubernetes_executor.py for tasks to queue
[2024-09-02T21:52:48.943+0000] {logging_mixin.py:188} INFO - [2024-09-02T21:52:48.942+0000] {dagbag.py:545} INFO - Filling up the DagBag from /home/airflow/.local/lib/python3.12/site-packages/airflow/example_dags/example_local_kubernetes_executor.py
[2024-09-02T21:52:48.952+0000] {processor.py:840} INFO - DAG(s) 'example_local_kubernetes_executor' retrieved from /home/airflow/.local/lib/python3.12/site-packages/airflow/example_dags/example_local_kubernetes_executor.py
[2024-09-02T21:52:48.995+0000] {logging_mixin.py:188} INFO - [2024-09-02T21:52:48.995+0000] {dag.py:3096} INFO - Sync 1 DAGs
[2024-09-02T21:52:49.018+0000] {logging_mixin.py:188} INFO - [2024-09-02T21:52:49.018+0000] {dag.py:3954} INFO - Setting next_dagrun for example_local_kubernetes_executor to None, run_after=None
[2024-09-02T21:52:49.043+0000] {processor.py:183} INFO - Processing /home/airflow/.local/lib/python3.12/site-packages/airflow/example_dags/example_local_kubernetes_executor.py took 0.111 seconds
[2024-09-02T21:53:19.304+0000] {processor.py:161} INFO - Started process (PID=1134) to work on /home/airflow/.local/lib/python3.12/site-packages/airflow/example_dags/example_local_kubernetes_executor.py
[2024-09-02T21:53:19.305+0000] {processor.py:830} INFO - Processing file /home/airflow/.local/lib/python3.12/site-packages/airflow/example_dags/example_local_kubernetes_executor.py for tasks to queue
[2024-09-02T21:53:19.307+0000] {logging_mixin.py:188} INFO - [2024-09-02T21:53:19.307+0000] {dagbag.py:545} INFO - Filling up the DagBag from /home/airflow/.local/lib/python3.12/site-packages/airflow/example_dags/example_local_kubernetes_executor.py
[2024-09-02T21:53:19.316+0000] {processor.py:840} INFO - DAG(s) 'example_local_kubernetes_executor' retrieved from /home/airflow/.local/lib/python3.12/site-packages/airflow/example_dags/example_local_kubernetes_executor.py
[2024-09-02T21:53:19.359+0000] {logging_mixin.py:188} INFO - [2024-09-02T21:53:19.359+0000] {dag.py:3096} INFO - Sync 1 DAGs
[2024-09-02T21:53:19.377+0000] {logging_mixin.py:188} INFO - [2024-09-02T21:53:19.377+0000] {dag.py:3954} INFO - Setting next_dagrun for example_local_kubernetes_executor to None, run_after=None
[2024-09-02T21:53:19.406+0000] {processor.py:183} INFO - Processing /home/airflow/.local/lib/python3.12/site-packages/airflow/example_dags/example_local_kubernetes_executor.py took 0.110 seconds
[2024-09-02T21:53:50.419+0000] {processor.py:161} INFO - Started process (PID=1195) to work on /home/airflow/.local/lib/python3.12/site-packages/airflow/example_dags/example_local_kubernetes_executor.py
[2024-09-02T21:53:50.421+0000] {processor.py:830} INFO - Processing file /home/airflow/.local/lib/python3.12/site-packages/airflow/example_dags/example_local_kubernetes_executor.py for tasks to queue
[2024-09-02T21:53:50.423+0000] {logging_mixin.py:188} INFO - [2024-09-02T21:53:50.423+0000] {dagbag.py:545} INFO - Filling up the DagBag from /home/airflow/.local/lib/python3.12/site-packages/airflow/example_dags/example_local_kubernetes_executor.py
[2024-09-02T21:53:50.433+0000] {processor.py:840} INFO - DAG(s) 'example_local_kubernetes_executor' retrieved from /home/airflow/.local/lib/python3.12/site-packages/airflow/example_dags/example_local_kubernetes_executor.py
[2024-09-02T21:53:50.479+0000] {logging_mixin.py:188} INFO - [2024-09-02T21:53:50.479+0000] {dag.py:3096} INFO - Sync 1 DAGs
[2024-09-02T21:53:50.499+0000] {logging_mixin.py:188} INFO - [2024-09-02T21:53:50.499+0000] {dag.py:3954} INFO - Setting next_dagrun for example_local_kubernetes_executor to None, run_after=None
[2024-09-02T21:53:50.524+0000] {processor.py:183} INFO - Processing /home/airflow/.local/lib/python3.12/site-packages/airflow/example_dags/example_local_kubernetes_executor.py took 0.112 seconds
[2024-09-02T21:54:21.076+0000] {processor.py:161} INFO - Started process (PID=1255) to work on /home/airflow/.local/lib/python3.12/site-packages/airflow/example_dags/example_local_kubernetes_executor.py
[2024-09-02T21:54:21.078+0000] {processor.py:830} INFO - Processing file /home/airflow/.local/lib/python3.12/site-packages/airflow/example_dags/example_local_kubernetes_executor.py for tasks to queue
[2024-09-02T21:54:21.082+0000] {logging_mixin.py:188} INFO - [2024-09-02T21:54:21.081+0000] {dagbag.py:545} INFO - Filling up the DagBag from /home/airflow/.local/lib/python3.12/site-packages/airflow/example_dags/example_local_kubernetes_executor.py
[2024-09-02T21:54:21.098+0000] {processor.py:840} INFO - DAG(s) 'example_local_kubernetes_executor' retrieved from /home/airflow/.local/lib/python3.12/site-packages/airflow/example_dags/example_local_kubernetes_executor.py
[2024-09-02T21:54:21.270+0000] {logging_mixin.py:188} INFO - [2024-09-02T21:54:21.270+0000] {dag.py:3096} INFO - Sync 1 DAGs
[2024-09-02T21:54:21.305+0000] {logging_mixin.py:188} INFO - [2024-09-02T21:54:21.305+0000] {dag.py:3954} INFO - Setting next_dagrun for example_local_kubernetes_executor to None, run_after=None
[2024-09-02T21:54:21.344+0000] {processor.py:183} INFO - Processing /home/airflow/.local/lib/python3.12/site-packages/airflow/example_dags/example_local_kubernetes_executor.py took 0.278 seconds
[2024-09-02T21:54:51.498+0000] {processor.py:161} INFO - Started process (PID=1315) to work on /home/airflow/.local/lib/python3.12/site-packages/airflow/example_dags/example_local_kubernetes_executor.py
[2024-09-02T21:54:51.503+0000] {processor.py:830} INFO - Processing file /home/airflow/.local/lib/python3.12/site-packages/airflow/example_dags/example_local_kubernetes_executor.py for tasks to queue
[2024-09-02T21:54:51.511+0000] {logging_mixin.py:188} INFO - [2024-09-02T21:54:51.510+0000] {dagbag.py:545} INFO - Filling up the DagBag from /home/airflow/.local/lib/python3.12/site-packages/airflow/example_dags/example_local_kubernetes_executor.py
[2024-09-02T21:54:51.539+0000] {processor.py:840} INFO - DAG(s) 'example_local_kubernetes_executor' retrieved from /home/airflow/.local/lib/python3.12/site-packages/airflow/example_dags/example_local_kubernetes_executor.py
[2024-09-02T21:54:51.591+0000] {logging_mixin.py:188} INFO - [2024-09-02T21:54:51.590+0000] {dag.py:3096} INFO - Sync 1 DAGs
[2024-09-02T21:54:51.611+0000] {logging_mixin.py:188} INFO - [2024-09-02T21:54:51.611+0000] {dag.py:3954} INFO - Setting next_dagrun for example_local_kubernetes_executor to None, run_after=None
[2024-09-02T21:54:51.637+0000] {processor.py:183} INFO - Processing /home/airflow/.local/lib/python3.12/site-packages/airflow/example_dags/example_local_kubernetes_executor.py took 0.160 seconds
[2024-09-02T21:55:21.846+0000] {processor.py:161} INFO - Started process (PID=1379) to work on /home/airflow/.local/lib/python3.12/site-packages/airflow/example_dags/example_local_kubernetes_executor.py
[2024-09-02T21:55:21.847+0000] {processor.py:830} INFO - Processing file /home/airflow/.local/lib/python3.12/site-packages/airflow/example_dags/example_local_kubernetes_executor.py for tasks to queue
[2024-09-02T21:55:21.850+0000] {logging_mixin.py:188} INFO - [2024-09-02T21:55:21.849+0000] {dagbag.py:545} INFO - Filling up the DagBag from /home/airflow/.local/lib/python3.12/site-packages/airflow/example_dags/example_local_kubernetes_executor.py
[2024-09-02T21:55:21.860+0000] {processor.py:840} INFO - DAG(s) 'example_local_kubernetes_executor' retrieved from /home/airflow/.local/lib/python3.12/site-packages/airflow/example_dags/example_local_kubernetes_executor.py
[2024-09-02T21:55:21.909+0000] {logging_mixin.py:188} INFO - [2024-09-02T21:55:21.908+0000] {dag.py:3096} INFO - Sync 1 DAGs
[2024-09-02T21:55:21.928+0000] {logging_mixin.py:188} INFO - [2024-09-02T21:55:21.928+0000] {dag.py:3954} INFO - Setting next_dagrun for example_local_kubernetes_executor to None, run_after=None
[2024-09-02T21:55:21.952+0000] {processor.py:183} INFO - Processing /home/airflow/.local/lib/python3.12/site-packages/airflow/example_dags/example_local_kubernetes_executor.py took 0.114 seconds
[2024-09-02T21:55:52.452+0000] {processor.py:161} INFO - Started process (PID=1442) to work on /home/airflow/.local/lib/python3.12/site-packages/airflow/example_dags/example_local_kubernetes_executor.py
[2024-09-02T21:55:52.453+0000] {processor.py:830} INFO - Processing file /home/airflow/.local/lib/python3.12/site-packages/airflow/example_dags/example_local_kubernetes_executor.py for tasks to queue
[2024-09-02T21:55:52.456+0000] {logging_mixin.py:188} INFO - [2024-09-02T21:55:52.456+0000] {dagbag.py:545} INFO - Filling up the DagBag from /home/airflow/.local/lib/python3.12/site-packages/airflow/example_dags/example_local_kubernetes_executor.py
[2024-09-02T21:55:52.468+0000] {processor.py:840} INFO - DAG(s) 'example_local_kubernetes_executor' retrieved from /home/airflow/.local/lib/python3.12/site-packages/airflow/example_dags/example_local_kubernetes_executor.py
[2024-09-02T21:55:52.525+0000] {logging_mixin.py:188} INFO - [2024-09-02T21:55:52.524+0000] {dag.py:3096} INFO - Sync 1 DAGs
[2024-09-02T21:55:52.550+0000] {logging_mixin.py:188} INFO - [2024-09-02T21:55:52.550+0000] {dag.py:3954} INFO - Setting next_dagrun for example_local_kubernetes_executor to None, run_after=None
[2024-09-02T21:55:52.584+0000] {processor.py:183} INFO - Processing /home/airflow/.local/lib/python3.12/site-packages/airflow/example_dags/example_local_kubernetes_executor.py took 0.141 seconds
