[2024-09-02T21:35:17.285+0000] {processor.py:161} INFO - Started process (PID=106) to work on /home/airflow/.local/lib/python3.12/site-packages/airflow/example_dags/example_python_operator.py
[2024-09-02T21:35:17.288+0000] {processor.py:830} INFO - Processing file /home/airflow/.local/lib/python3.12/site-packages/airflow/example_dags/example_python_operator.py for tasks to queue
[2024-09-02T21:35:17.304+0000] {logging_mixin.py:188} INFO - [2024-09-02T21:35:17.303+0000] {dagbag.py:545} INFO - Filling up the DagBag from /home/airflow/.local/lib/python3.12/site-packages/airflow/example_dags/example_python_operator.py
[2024-09-02T21:35:17.484+0000] {processor.py:840} INFO - DAG(s) 'example_python_operator' retrieved from /home/airflow/.local/lib/python3.12/site-packages/airflow/example_dags/example_python_operator.py
[2024-09-02T21:35:18.275+0000] {logging_mixin.py:188} INFO - [2024-09-02T21:35:18.271+0000] {override.py:1829} INFO - Created Permission View: can edit on DAG:example_python_operator
[2024-09-02T21:35:18.334+0000] {logging_mixin.py:188} INFO - [2024-09-02T21:35:18.327+0000] {override.py:1829} INFO - Created Permission View: can delete on DAG:example_python_operator
[2024-09-02T21:35:18.381+0000] {logging_mixin.py:188} INFO - [2024-09-02T21:35:18.380+0000] {override.py:1829} INFO - Created Permission View: can read on DAG:example_python_operator
[2024-09-02T21:35:18.391+0000] {logging_mixin.py:188} INFO - [2024-09-02T21:35:18.384+0000] {dag.py:3096} INFO - Sync 1 DAGs
[2024-09-02T21:35:18.477+0000] {logging_mixin.py:188} INFO - [2024-09-02T21:35:18.477+0000] {dag.py:3118} INFO - Creating ORM DAG for example_python_operator
[2024-09-02T21:35:18.497+0000] {logging_mixin.py:188} INFO - [2024-09-02T21:35:18.497+0000] {dag.py:3954} INFO - Setting next_dagrun for example_python_operator to None, run_after=None
[2024-09-02T21:35:18.669+0000] {processor.py:183} INFO - Processing /home/airflow/.local/lib/python3.12/site-packages/airflow/example_dags/example_python_operator.py took 1.443 seconds
[2024-09-02T21:35:49.603+0000] {processor.py:161} INFO - Started process (PID=165) to work on /home/airflow/.local/lib/python3.12/site-packages/airflow/example_dags/example_python_operator.py
[2024-09-02T21:35:49.607+0000] {processor.py:830} INFO - Processing file /home/airflow/.local/lib/python3.12/site-packages/airflow/example_dags/example_python_operator.py for tasks to queue
[2024-09-02T21:35:49.628+0000] {logging_mixin.py:188} INFO - [2024-09-02T21:35:49.623+0000] {dagbag.py:545} INFO - Filling up the DagBag from /home/airflow/.local/lib/python3.12/site-packages/airflow/example_dags/example_python_operator.py
[2024-09-02T21:35:49.779+0000] {processor.py:840} INFO - DAG(s) 'example_python_operator' retrieved from /home/airflow/.local/lib/python3.12/site-packages/airflow/example_dags/example_python_operator.py
[2024-09-02T21:35:49.983+0000] {logging_mixin.py:188} INFO - [2024-09-02T21:35:49.981+0000] {dag.py:3096} INFO - Sync 1 DAGs
[2024-09-02T21:35:50.126+0000] {logging_mixin.py:188} INFO - [2024-09-02T21:35:50.125+0000] {dag.py:3954} INFO - Setting next_dagrun for example_python_operator to None, run_after=None
[2024-09-02T21:35:50.357+0000] {processor.py:183} INFO - Processing /home/airflow/.local/lib/python3.12/site-packages/airflow/example_dags/example_python_operator.py took 0.796 seconds
[2024-09-02T21:36:22.383+0000] {processor.py:161} INFO - Started process (PID=225) to work on /home/airflow/.local/lib/python3.12/site-packages/airflow/example_dags/example_python_operator.py
[2024-09-02T21:36:22.390+0000] {processor.py:830} INFO - Processing file /home/airflow/.local/lib/python3.12/site-packages/airflow/example_dags/example_python_operator.py for tasks to queue
[2024-09-02T21:36:22.405+0000] {logging_mixin.py:188} INFO - [2024-09-02T21:36:22.404+0000] {dagbag.py:545} INFO - Filling up the DagBag from /home/airflow/.local/lib/python3.12/site-packages/airflow/example_dags/example_python_operator.py
[2024-09-02T21:36:22.467+0000] {processor.py:840} INFO - DAG(s) 'example_python_operator' retrieved from /home/airflow/.local/lib/python3.12/site-packages/airflow/example_dags/example_python_operator.py
[2024-09-02T21:36:25.414+0000] {logging_mixin.py:188} INFO - [2024-09-02T21:36:25.402+0000] {process_utils.py:263} INFO - Waiting up to 5 seconds for processes to exit...
[2024-09-02T21:38:45.974+0000] {processor.py:161} INFO - Started process (PID=104) to work on /home/airflow/.local/lib/python3.12/site-packages/airflow/example_dags/example_python_operator.py
[2024-09-02T21:38:45.977+0000] {processor.py:830} INFO - Processing file /home/airflow/.local/lib/python3.12/site-packages/airflow/example_dags/example_python_operator.py for tasks to queue
[2024-09-02T21:38:45.983+0000] {logging_mixin.py:188} INFO - [2024-09-02T21:38:45.982+0000] {dagbag.py:545} INFO - Filling up the DagBag from /home/airflow/.local/lib/python3.12/site-packages/airflow/example_dags/example_python_operator.py
[2024-09-02T21:38:46.027+0000] {processor.py:840} INFO - DAG(s) 'example_python_operator' retrieved from /home/airflow/.local/lib/python3.12/site-packages/airflow/example_dags/example_python_operator.py
[2024-09-02T21:38:46.382+0000] {logging_mixin.py:188} INFO - [2024-09-02T21:38:46.380+0000] {override.py:1829} INFO - Created Permission View: can edit on DAG:example_python_operator
[2024-09-02T21:38:46.411+0000] {logging_mixin.py:188} INFO - [2024-09-02T21:38:46.411+0000] {override.py:1829} INFO - Created Permission View: can read on DAG:example_python_operator
[2024-09-02T21:38:46.428+0000] {logging_mixin.py:188} INFO - [2024-09-02T21:38:46.427+0000] {override.py:1829} INFO - Created Permission View: can delete on DAG:example_python_operator
[2024-09-02T21:38:46.430+0000] {logging_mixin.py:188} INFO - [2024-09-02T21:38:46.430+0000] {dag.py:3096} INFO - Sync 1 DAGs
[2024-09-02T21:38:46.466+0000] {logging_mixin.py:188} INFO - [2024-09-02T21:38:46.465+0000] {dag.py:3118} INFO - Creating ORM DAG for example_python_operator
[2024-09-02T21:38:46.468+0000] {logging_mixin.py:188} INFO - [2024-09-02T21:38:46.467+0000] {dag.py:3954} INFO - Setting next_dagrun for example_python_operator to None, run_after=None
[2024-09-02T21:38:46.506+0000] {processor.py:183} INFO - Processing /home/airflow/.local/lib/python3.12/site-packages/airflow/example_dags/example_python_operator.py took 0.554 seconds
[2024-09-02T21:39:16.697+0000] {processor.py:161} INFO - Started process (PID=164) to work on /home/airflow/.local/lib/python3.12/site-packages/airflow/example_dags/example_python_operator.py
[2024-09-02T21:39:16.698+0000] {processor.py:830} INFO - Processing file /home/airflow/.local/lib/python3.12/site-packages/airflow/example_dags/example_python_operator.py for tasks to queue
[2024-09-02T21:39:16.700+0000] {logging_mixin.py:188} INFO - [2024-09-02T21:39:16.700+0000] {dagbag.py:545} INFO - Filling up the DagBag from /home/airflow/.local/lib/python3.12/site-packages/airflow/example_dags/example_python_operator.py
[2024-09-02T21:39:16.711+0000] {processor.py:840} INFO - DAG(s) 'example_python_operator' retrieved from /home/airflow/.local/lib/python3.12/site-packages/airflow/example_dags/example_python_operator.py
[2024-09-02T21:39:16.737+0000] {logging_mixin.py:188} INFO - [2024-09-02T21:39:16.737+0000] {dag.py:3096} INFO - Sync 1 DAGs
[2024-09-02T21:39:16.749+0000] {logging_mixin.py:188} INFO - [2024-09-02T21:39:16.749+0000] {dag.py:3954} INFO - Setting next_dagrun for example_python_operator to None, run_after=None
[2024-09-02T21:39:16.769+0000] {processor.py:183} INFO - Processing /home/airflow/.local/lib/python3.12/site-packages/airflow/example_dags/example_python_operator.py took 0.077 seconds
[2024-09-02T21:39:46.856+0000] {processor.py:161} INFO - Started process (PID=224) to work on /home/airflow/.local/lib/python3.12/site-packages/airflow/example_dags/example_python_operator.py
[2024-09-02T21:39:46.857+0000] {processor.py:830} INFO - Processing file /home/airflow/.local/lib/python3.12/site-packages/airflow/example_dags/example_python_operator.py for tasks to queue
[2024-09-02T21:39:46.859+0000] {logging_mixin.py:188} INFO - [2024-09-02T21:39:46.858+0000] {dagbag.py:545} INFO - Filling up the DagBag from /home/airflow/.local/lib/python3.12/site-packages/airflow/example_dags/example_python_operator.py
[2024-09-02T21:39:46.868+0000] {processor.py:840} INFO - DAG(s) 'example_python_operator' retrieved from /home/airflow/.local/lib/python3.12/site-packages/airflow/example_dags/example_python_operator.py
[2024-09-02T21:39:46.898+0000] {logging_mixin.py:188} INFO - [2024-09-02T21:39:46.898+0000] {dag.py:3096} INFO - Sync 1 DAGs
[2024-09-02T21:39:46.911+0000] {logging_mixin.py:188} INFO - [2024-09-02T21:39:46.910+0000] {dag.py:3954} INFO - Setting next_dagrun for example_python_operator to None, run_after=None
[2024-09-02T21:39:46.929+0000] {processor.py:183} INFO - Processing /home/airflow/.local/lib/python3.12/site-packages/airflow/example_dags/example_python_operator.py took 0.079 seconds
[2024-09-02T21:40:17.317+0000] {processor.py:161} INFO - Started process (PID=284) to work on /home/airflow/.local/lib/python3.12/site-packages/airflow/example_dags/example_python_operator.py
[2024-09-02T21:40:17.318+0000] {processor.py:830} INFO - Processing file /home/airflow/.local/lib/python3.12/site-packages/airflow/example_dags/example_python_operator.py for tasks to queue
[2024-09-02T21:40:17.321+0000] {logging_mixin.py:188} INFO - [2024-09-02T21:40:17.321+0000] {dagbag.py:545} INFO - Filling up the DagBag from /home/airflow/.local/lib/python3.12/site-packages/airflow/example_dags/example_python_operator.py
[2024-09-02T21:40:17.332+0000] {processor.py:840} INFO - DAG(s) 'example_python_operator' retrieved from /home/airflow/.local/lib/python3.12/site-packages/airflow/example_dags/example_python_operator.py
[2024-09-02T21:40:17.372+0000] {logging_mixin.py:188} INFO - [2024-09-02T21:40:17.372+0000] {dag.py:3096} INFO - Sync 1 DAGs
[2024-09-02T21:40:17.402+0000] {logging_mixin.py:188} INFO - [2024-09-02T21:40:17.401+0000] {dag.py:3954} INFO - Setting next_dagrun for example_python_operator to None, run_after=None
[2024-09-02T21:40:17.448+0000] {processor.py:183} INFO - Processing /home/airflow/.local/lib/python3.12/site-packages/airflow/example_dags/example_python_operator.py took 0.143 seconds
[2024-09-02T21:40:47.589+0000] {processor.py:161} INFO - Started process (PID=344) to work on /home/airflow/.local/lib/python3.12/site-packages/airflow/example_dags/example_python_operator.py
[2024-09-02T21:40:47.590+0000] {processor.py:830} INFO - Processing file /home/airflow/.local/lib/python3.12/site-packages/airflow/example_dags/example_python_operator.py for tasks to queue
[2024-09-02T21:40:47.593+0000] {logging_mixin.py:188} INFO - [2024-09-02T21:40:47.593+0000] {dagbag.py:545} INFO - Filling up the DagBag from /home/airflow/.local/lib/python3.12/site-packages/airflow/example_dags/example_python_operator.py
[2024-09-02T21:40:47.611+0000] {processor.py:840} INFO - DAG(s) 'example_python_operator' retrieved from /home/airflow/.local/lib/python3.12/site-packages/airflow/example_dags/example_python_operator.py
[2024-09-02T21:40:47.646+0000] {logging_mixin.py:188} INFO - [2024-09-02T21:40:47.646+0000] {dag.py:3096} INFO - Sync 1 DAGs
[2024-09-02T21:40:47.662+0000] {logging_mixin.py:188} INFO - [2024-09-02T21:40:47.661+0000] {dag.py:3954} INFO - Setting next_dagrun for example_python_operator to None, run_after=None
[2024-09-02T21:40:47.688+0000] {processor.py:183} INFO - Processing /home/airflow/.local/lib/python3.12/site-packages/airflow/example_dags/example_python_operator.py took 0.109 seconds
[2024-09-02T21:44:36.517+0000] {processor.py:161} INFO - Started process (PID=98) to work on /home/airflow/.local/lib/python3.12/site-packages/airflow/example_dags/example_python_operator.py
[2024-09-02T21:44:36.518+0000] {processor.py:830} INFO - Processing file /home/airflow/.local/lib/python3.12/site-packages/airflow/example_dags/example_python_operator.py for tasks to queue
[2024-09-02T21:44:36.522+0000] {logging_mixin.py:188} INFO - [2024-09-02T21:44:36.521+0000] {dagbag.py:545} INFO - Filling up the DagBag from /home/airflow/.local/lib/python3.12/site-packages/airflow/example_dags/example_python_operator.py
[2024-09-02T21:44:36.557+0000] {processor.py:840} INFO - DAG(s) 'example_python_operator' retrieved from /home/airflow/.local/lib/python3.12/site-packages/airflow/example_dags/example_python_operator.py
[2024-09-02T21:44:36.818+0000] {logging_mixin.py:188} INFO - [2024-09-02T21:44:36.817+0000] {override.py:1829} INFO - Created Permission View: can read on DAG:example_python_operator
[2024-09-02T21:44:36.842+0000] {logging_mixin.py:188} INFO - [2024-09-02T21:44:36.842+0000] {override.py:1829} INFO - Created Permission View: can delete on DAG:example_python_operator
[2024-09-02T21:44:36.856+0000] {logging_mixin.py:188} INFO - [2024-09-02T21:44:36.856+0000] {override.py:1829} INFO - Created Permission View: can edit on DAG:example_python_operator
[2024-09-02T21:44:36.858+0000] {logging_mixin.py:188} INFO - [2024-09-02T21:44:36.858+0000] {dag.py:3096} INFO - Sync 1 DAGs
[2024-09-02T21:44:36.883+0000] {logging_mixin.py:188} INFO - [2024-09-02T21:44:36.882+0000] {dag.py:3118} INFO - Creating ORM DAG for example_python_operator
[2024-09-02T21:44:36.885+0000] {logging_mixin.py:188} INFO - [2024-09-02T21:44:36.885+0000] {dag.py:3954} INFO - Setting next_dagrun for example_python_operator to None, run_after=None
[2024-09-02T21:44:36.921+0000] {processor.py:183} INFO - Processing /home/airflow/.local/lib/python3.12/site-packages/airflow/example_dags/example_python_operator.py took 0.415 seconds
[2024-09-02T21:45:07.703+0000] {processor.py:161} INFO - Started process (PID=158) to work on /home/airflow/.local/lib/python3.12/site-packages/airflow/example_dags/example_python_operator.py
[2024-09-02T21:45:07.704+0000] {processor.py:830} INFO - Processing file /home/airflow/.local/lib/python3.12/site-packages/airflow/example_dags/example_python_operator.py for tasks to queue
[2024-09-02T21:45:07.706+0000] {logging_mixin.py:188} INFO - [2024-09-02T21:45:07.706+0000] {dagbag.py:545} INFO - Filling up the DagBag from /home/airflow/.local/lib/python3.12/site-packages/airflow/example_dags/example_python_operator.py
[2024-09-02T21:45:07.716+0000] {processor.py:840} INFO - DAG(s) 'example_python_operator' retrieved from /home/airflow/.local/lib/python3.12/site-packages/airflow/example_dags/example_python_operator.py
[2024-09-02T21:45:07.740+0000] {logging_mixin.py:188} INFO - [2024-09-02T21:45:07.740+0000] {dag.py:3096} INFO - Sync 1 DAGs
[2024-09-02T21:45:07.754+0000] {logging_mixin.py:188} INFO - [2024-09-02T21:45:07.754+0000] {dag.py:3954} INFO - Setting next_dagrun for example_python_operator to None, run_after=None
[2024-09-02T21:45:07.776+0000] {processor.py:183} INFO - Processing /home/airflow/.local/lib/python3.12/site-packages/airflow/example_dags/example_python_operator.py took 0.078 seconds
[2024-09-02T21:45:38.240+0000] {processor.py:161} INFO - Started process (PID=218) to work on /home/airflow/.local/lib/python3.12/site-packages/airflow/example_dags/example_python_operator.py
[2024-09-02T21:45:38.242+0000] {processor.py:830} INFO - Processing file /home/airflow/.local/lib/python3.12/site-packages/airflow/example_dags/example_python_operator.py for tasks to queue
[2024-09-02T21:45:38.244+0000] {logging_mixin.py:188} INFO - [2024-09-02T21:45:38.244+0000] {dagbag.py:545} INFO - Filling up the DagBag from /home/airflow/.local/lib/python3.12/site-packages/airflow/example_dags/example_python_operator.py
[2024-09-02T21:45:38.263+0000] {processor.py:840} INFO - DAG(s) 'example_python_operator' retrieved from /home/airflow/.local/lib/python3.12/site-packages/airflow/example_dags/example_python_operator.py
[2024-09-02T21:45:38.322+0000] {logging_mixin.py:188} INFO - [2024-09-02T21:45:38.322+0000] {dag.py:3096} INFO - Sync 1 DAGs
[2024-09-02T21:45:38.388+0000] {logging_mixin.py:188} INFO - [2024-09-02T21:45:38.387+0000] {dag.py:3954} INFO - Setting next_dagrun for example_python_operator to None, run_after=None
[2024-09-02T21:45:38.461+0000] {processor.py:183} INFO - Processing /home/airflow/.local/lib/python3.12/site-packages/airflow/example_dags/example_python_operator.py took 0.231 seconds
[2024-09-02T21:46:08.691+0000] {processor.py:161} INFO - Started process (PID=279) to work on /home/airflow/.local/lib/python3.12/site-packages/airflow/example_dags/example_python_operator.py
[2024-09-02T21:46:08.692+0000] {processor.py:830} INFO - Processing file /home/airflow/.local/lib/python3.12/site-packages/airflow/example_dags/example_python_operator.py for tasks to queue
[2024-09-02T21:46:08.694+0000] {logging_mixin.py:188} INFO - [2024-09-02T21:46:08.694+0000] {dagbag.py:545} INFO - Filling up the DagBag from /home/airflow/.local/lib/python3.12/site-packages/airflow/example_dags/example_python_operator.py
[2024-09-02T21:46:08.705+0000] {processor.py:840} INFO - DAG(s) 'example_python_operator' retrieved from /home/airflow/.local/lib/python3.12/site-packages/airflow/example_dags/example_python_operator.py
[2024-09-02T21:46:08.732+0000] {logging_mixin.py:188} INFO - [2024-09-02T21:46:08.731+0000] {dag.py:3096} INFO - Sync 1 DAGs
[2024-09-02T21:46:08.748+0000] {logging_mixin.py:188} INFO - [2024-09-02T21:46:08.747+0000] {dag.py:3954} INFO - Setting next_dagrun for example_python_operator to None, run_after=None
[2024-09-02T21:46:08.773+0000] {processor.py:183} INFO - Processing /home/airflow/.local/lib/python3.12/site-packages/airflow/example_dags/example_python_operator.py took 0.088 seconds
[2024-09-02T21:46:38.959+0000] {processor.py:161} INFO - Started process (PID=339) to work on /home/airflow/.local/lib/python3.12/site-packages/airflow/example_dags/example_python_operator.py
[2024-09-02T21:46:38.960+0000] {processor.py:830} INFO - Processing file /home/airflow/.local/lib/python3.12/site-packages/airflow/example_dags/example_python_operator.py for tasks to queue
[2024-09-02T21:46:38.962+0000] {logging_mixin.py:188} INFO - [2024-09-02T21:46:38.961+0000] {dagbag.py:545} INFO - Filling up the DagBag from /home/airflow/.local/lib/python3.12/site-packages/airflow/example_dags/example_python_operator.py
[2024-09-02T21:46:38.972+0000] {processor.py:840} INFO - DAG(s) 'example_python_operator' retrieved from /home/airflow/.local/lib/python3.12/site-packages/airflow/example_dags/example_python_operator.py
[2024-09-02T21:46:38.996+0000] {logging_mixin.py:188} INFO - [2024-09-02T21:46:38.996+0000] {dag.py:3096} INFO - Sync 1 DAGs
[2024-09-02T21:46:39.012+0000] {logging_mixin.py:188} INFO - [2024-09-02T21:46:39.012+0000] {dag.py:3954} INFO - Setting next_dagrun for example_python_operator to None, run_after=None
[2024-09-02T21:46:39.032+0000] {processor.py:183} INFO - Processing /home/airflow/.local/lib/python3.12/site-packages/airflow/example_dags/example_python_operator.py took 0.080 seconds
[2024-09-02T21:47:09.255+0000] {processor.py:161} INFO - Started process (PID=399) to work on /home/airflow/.local/lib/python3.12/site-packages/airflow/example_dags/example_python_operator.py
[2024-09-02T21:47:09.257+0000] {processor.py:830} INFO - Processing file /home/airflow/.local/lib/python3.12/site-packages/airflow/example_dags/example_python_operator.py for tasks to queue
[2024-09-02T21:47:09.260+0000] {logging_mixin.py:188} INFO - [2024-09-02T21:47:09.259+0000] {dagbag.py:545} INFO - Filling up the DagBag from /home/airflow/.local/lib/python3.12/site-packages/airflow/example_dags/example_python_operator.py
[2024-09-02T21:47:09.276+0000] {processor.py:840} INFO - DAG(s) 'example_python_operator' retrieved from /home/airflow/.local/lib/python3.12/site-packages/airflow/example_dags/example_python_operator.py
[2024-09-02T21:47:09.309+0000] {logging_mixin.py:188} INFO - [2024-09-02T21:47:09.309+0000] {dag.py:3096} INFO - Sync 1 DAGs
[2024-09-02T21:47:09.330+0000] {logging_mixin.py:188} INFO - [2024-09-02T21:47:09.329+0000] {dag.py:3954} INFO - Setting next_dagrun for example_python_operator to None, run_after=None
[2024-09-02T21:47:09.354+0000] {processor.py:183} INFO - Processing /home/airflow/.local/lib/python3.12/site-packages/airflow/example_dags/example_python_operator.py took 0.107 seconds
[2024-09-02T21:47:40.201+0000] {processor.py:161} INFO - Started process (PID=459) to work on /home/airflow/.local/lib/python3.12/site-packages/airflow/example_dags/example_python_operator.py
[2024-09-02T21:47:40.202+0000] {processor.py:830} INFO - Processing file /home/airflow/.local/lib/python3.12/site-packages/airflow/example_dags/example_python_operator.py for tasks to queue
[2024-09-02T21:47:40.206+0000] {logging_mixin.py:188} INFO - [2024-09-02T21:47:40.205+0000] {dagbag.py:545} INFO - Filling up the DagBag from /home/airflow/.local/lib/python3.12/site-packages/airflow/example_dags/example_python_operator.py
[2024-09-02T21:47:40.224+0000] {processor.py:840} INFO - DAG(s) 'example_python_operator' retrieved from /home/airflow/.local/lib/python3.12/site-packages/airflow/example_dags/example_python_operator.py
[2024-09-02T21:47:40.259+0000] {logging_mixin.py:188} INFO - [2024-09-02T21:47:40.258+0000] {dag.py:3096} INFO - Sync 1 DAGs
[2024-09-02T21:47:40.281+0000] {logging_mixin.py:188} INFO - [2024-09-02T21:47:40.281+0000] {dag.py:3954} INFO - Setting next_dagrun for example_python_operator to None, run_after=None
[2024-09-02T21:47:40.310+0000] {processor.py:183} INFO - Processing /home/airflow/.local/lib/python3.12/site-packages/airflow/example_dags/example_python_operator.py took 0.121 seconds
[2024-09-02T21:48:11.354+0000] {processor.py:161} INFO - Started process (PID=519) to work on /home/airflow/.local/lib/python3.12/site-packages/airflow/example_dags/example_python_operator.py
[2024-09-02T21:48:11.362+0000] {processor.py:830} INFO - Processing file /home/airflow/.local/lib/python3.12/site-packages/airflow/example_dags/example_python_operator.py for tasks to queue
[2024-09-02T21:48:11.375+0000] {logging_mixin.py:188} INFO - [2024-09-02T21:48:11.374+0000] {dagbag.py:545} INFO - Filling up the DagBag from /home/airflow/.local/lib/python3.12/site-packages/airflow/example_dags/example_python_operator.py
[2024-09-02T21:48:11.401+0000] {processor.py:840} INFO - DAG(s) 'example_python_operator' retrieved from /home/airflow/.local/lib/python3.12/site-packages/airflow/example_dags/example_python_operator.py
[2024-09-02T21:48:11.459+0000] {logging_mixin.py:188} INFO - [2024-09-02T21:48:11.459+0000] {dag.py:3096} INFO - Sync 1 DAGs
[2024-09-02T21:48:11.503+0000] {logging_mixin.py:188} INFO - [2024-09-02T21:48:11.503+0000] {dag.py:3954} INFO - Setting next_dagrun for example_python_operator to None, run_after=None
[2024-09-02T21:48:11.561+0000] {processor.py:183} INFO - Processing /home/airflow/.local/lib/python3.12/site-packages/airflow/example_dags/example_python_operator.py took 0.227 seconds
[2024-09-02T21:48:42.319+0000] {processor.py:161} INFO - Started process (PID=579) to work on /home/airflow/.local/lib/python3.12/site-packages/airflow/example_dags/example_python_operator.py
[2024-09-02T21:48:42.321+0000] {processor.py:830} INFO - Processing file /home/airflow/.local/lib/python3.12/site-packages/airflow/example_dags/example_python_operator.py for tasks to queue
[2024-09-02T21:48:42.324+0000] {logging_mixin.py:188} INFO - [2024-09-02T21:48:42.323+0000] {dagbag.py:545} INFO - Filling up the DagBag from /home/airflow/.local/lib/python3.12/site-packages/airflow/example_dags/example_python_operator.py
[2024-09-02T21:48:42.342+0000] {processor.py:840} INFO - DAG(s) 'example_python_operator' retrieved from /home/airflow/.local/lib/python3.12/site-packages/airflow/example_dags/example_python_operator.py
[2024-09-02T21:48:42.375+0000] {logging_mixin.py:188} INFO - [2024-09-02T21:48:42.375+0000] {dag.py:3096} INFO - Sync 1 DAGs
[2024-09-02T21:48:42.396+0000] {logging_mixin.py:188} INFO - [2024-09-02T21:48:42.396+0000] {dag.py:3954} INFO - Setting next_dagrun for example_python_operator to None, run_after=None
[2024-09-02T21:48:42.439+0000] {processor.py:183} INFO - Processing /home/airflow/.local/lib/python3.12/site-packages/airflow/example_dags/example_python_operator.py took 0.131 seconds
[2024-09-02T21:49:12.552+0000] {processor.py:161} INFO - Started process (PID=639) to work on /home/airflow/.local/lib/python3.12/site-packages/airflow/example_dags/example_python_operator.py
[2024-09-02T21:49:12.554+0000] {processor.py:830} INFO - Processing file /home/airflow/.local/lib/python3.12/site-packages/airflow/example_dags/example_python_operator.py for tasks to queue
[2024-09-02T21:49:12.556+0000] {logging_mixin.py:188} INFO - [2024-09-02T21:49:12.556+0000] {dagbag.py:545} INFO - Filling up the DagBag from /home/airflow/.local/lib/python3.12/site-packages/airflow/example_dags/example_python_operator.py
[2024-09-02T21:49:12.572+0000] {processor.py:840} INFO - DAG(s) 'example_python_operator' retrieved from /home/airflow/.local/lib/python3.12/site-packages/airflow/example_dags/example_python_operator.py
[2024-09-02T21:49:12.604+0000] {logging_mixin.py:188} INFO - [2024-09-02T21:49:12.604+0000] {dag.py:3096} INFO - Sync 1 DAGs
[2024-09-02T21:49:12.624+0000] {logging_mixin.py:188} INFO - [2024-09-02T21:49:12.623+0000] {dag.py:3954} INFO - Setting next_dagrun for example_python_operator to None, run_after=None
[2024-09-02T21:49:12.657+0000] {processor.py:183} INFO - Processing /home/airflow/.local/lib/python3.12/site-packages/airflow/example_dags/example_python_operator.py took 0.113 seconds
[2024-09-02T21:49:43.240+0000] {processor.py:161} INFO - Started process (PID=699) to work on /home/airflow/.local/lib/python3.12/site-packages/airflow/example_dags/example_python_operator.py
[2024-09-02T21:49:43.242+0000] {processor.py:830} INFO - Processing file /home/airflow/.local/lib/python3.12/site-packages/airflow/example_dags/example_python_operator.py for tasks to queue
[2024-09-02T21:49:43.246+0000] {logging_mixin.py:188} INFO - [2024-09-02T21:49:43.245+0000] {dagbag.py:545} INFO - Filling up the DagBag from /home/airflow/.local/lib/python3.12/site-packages/airflow/example_dags/example_python_operator.py
[2024-09-02T21:49:43.269+0000] {processor.py:840} INFO - DAG(s) 'example_python_operator' retrieved from /home/airflow/.local/lib/python3.12/site-packages/airflow/example_dags/example_python_operator.py
[2024-09-02T21:49:43.328+0000] {logging_mixin.py:188} INFO - [2024-09-02T21:49:43.328+0000] {dag.py:3096} INFO - Sync 1 DAGs
[2024-09-02T21:49:43.371+0000] {logging_mixin.py:188} INFO - [2024-09-02T21:49:43.371+0000] {dag.py:3954} INFO - Setting next_dagrun for example_python_operator to None, run_after=None
[2024-09-02T21:49:43.413+0000] {processor.py:183} INFO - Processing /home/airflow/.local/lib/python3.12/site-packages/airflow/example_dags/example_python_operator.py took 0.185 seconds
[2024-09-02T21:50:13.835+0000] {processor.py:161} INFO - Started process (PID=759) to work on /home/airflow/.local/lib/python3.12/site-packages/airflow/example_dags/example_python_operator.py
[2024-09-02T21:50:13.837+0000] {processor.py:830} INFO - Processing file /home/airflow/.local/lib/python3.12/site-packages/airflow/example_dags/example_python_operator.py for tasks to queue
[2024-09-02T21:50:13.841+0000] {logging_mixin.py:188} INFO - [2024-09-02T21:50:13.840+0000] {dagbag.py:545} INFO - Filling up the DagBag from /home/airflow/.local/lib/python3.12/site-packages/airflow/example_dags/example_python_operator.py
[2024-09-02T21:50:13.860+0000] {processor.py:840} INFO - DAG(s) 'example_python_operator' retrieved from /home/airflow/.local/lib/python3.12/site-packages/airflow/example_dags/example_python_operator.py
[2024-09-02T21:50:13.899+0000] {logging_mixin.py:188} INFO - [2024-09-02T21:50:13.899+0000] {dag.py:3096} INFO - Sync 1 DAGs
[2024-09-02T21:50:13.922+0000] {logging_mixin.py:188} INFO - [2024-09-02T21:50:13.922+0000] {dag.py:3954} INFO - Setting next_dagrun for example_python_operator to None, run_after=None
[2024-09-02T21:50:13.958+0000] {processor.py:183} INFO - Processing /home/airflow/.local/lib/python3.12/site-packages/airflow/example_dags/example_python_operator.py took 0.129 seconds
[2024-09-02T21:50:44.038+0000] {processor.py:161} INFO - Started process (PID=819) to work on /home/airflow/.local/lib/python3.12/site-packages/airflow/example_dags/example_python_operator.py
[2024-09-02T21:50:44.039+0000] {processor.py:830} INFO - Processing file /home/airflow/.local/lib/python3.12/site-packages/airflow/example_dags/example_python_operator.py for tasks to queue
[2024-09-02T21:50:44.041+0000] {logging_mixin.py:188} INFO - [2024-09-02T21:50:44.041+0000] {dagbag.py:545} INFO - Filling up the DagBag from /home/airflow/.local/lib/python3.12/site-packages/airflow/example_dags/example_python_operator.py
[2024-09-02T21:50:44.054+0000] {processor.py:840} INFO - DAG(s) 'example_python_operator' retrieved from /home/airflow/.local/lib/python3.12/site-packages/airflow/example_dags/example_python_operator.py
[2024-09-02T21:50:44.080+0000] {logging_mixin.py:188} INFO - [2024-09-02T21:50:44.080+0000] {dag.py:3096} INFO - Sync 1 DAGs
[2024-09-02T21:50:44.096+0000] {logging_mixin.py:188} INFO - [2024-09-02T21:50:44.096+0000] {dag.py:3954} INFO - Setting next_dagrun for example_python_operator to None, run_after=None
[2024-09-02T21:50:44.124+0000] {processor.py:183} INFO - Processing /home/airflow/.local/lib/python3.12/site-packages/airflow/example_dags/example_python_operator.py took 0.094 seconds
[2024-09-02T21:51:14.472+0000] {processor.py:161} INFO - Started process (PID=879) to work on /home/airflow/.local/lib/python3.12/site-packages/airflow/example_dags/example_python_operator.py
[2024-09-02T21:51:14.474+0000] {processor.py:830} INFO - Processing file /home/airflow/.local/lib/python3.12/site-packages/airflow/example_dags/example_python_operator.py for tasks to queue
[2024-09-02T21:51:14.478+0000] {logging_mixin.py:188} INFO - [2024-09-02T21:51:14.478+0000] {dagbag.py:545} INFO - Filling up the DagBag from /home/airflow/.local/lib/python3.12/site-packages/airflow/example_dags/example_python_operator.py
[2024-09-02T21:51:14.494+0000] {processor.py:840} INFO - DAG(s) 'example_python_operator' retrieved from /home/airflow/.local/lib/python3.12/site-packages/airflow/example_dags/example_python_operator.py
[2024-09-02T21:51:14.522+0000] {logging_mixin.py:188} INFO - [2024-09-02T21:51:14.522+0000] {dag.py:3096} INFO - Sync 1 DAGs
[2024-09-02T21:51:14.539+0000] {logging_mixin.py:188} INFO - [2024-09-02T21:51:14.538+0000] {dag.py:3954} INFO - Setting next_dagrun for example_python_operator to None, run_after=None
[2024-09-02T21:51:14.579+0000] {processor.py:183} INFO - Processing /home/airflow/.local/lib/python3.12/site-packages/airflow/example_dags/example_python_operator.py took 0.120 seconds
[2024-09-02T21:51:45.341+0000] {processor.py:161} INFO - Started process (PID=939) to work on /home/airflow/.local/lib/python3.12/site-packages/airflow/example_dags/example_python_operator.py
[2024-09-02T21:51:45.342+0000] {processor.py:830} INFO - Processing file /home/airflow/.local/lib/python3.12/site-packages/airflow/example_dags/example_python_operator.py for tasks to queue
[2024-09-02T21:51:45.344+0000] {logging_mixin.py:188} INFO - [2024-09-02T21:51:45.344+0000] {dagbag.py:545} INFO - Filling up the DagBag from /home/airflow/.local/lib/python3.12/site-packages/airflow/example_dags/example_python_operator.py
[2024-09-02T21:51:45.356+0000] {processor.py:840} INFO - DAG(s) 'example_python_operator' retrieved from /home/airflow/.local/lib/python3.12/site-packages/airflow/example_dags/example_python_operator.py
[2024-09-02T21:51:45.381+0000] {logging_mixin.py:188} INFO - [2024-09-02T21:51:45.381+0000] {dag.py:3096} INFO - Sync 1 DAGs
[2024-09-02T21:51:45.397+0000] {logging_mixin.py:188} INFO - [2024-09-02T21:51:45.397+0000] {dag.py:3954} INFO - Setting next_dagrun for example_python_operator to None, run_after=None
[2024-09-02T21:51:45.436+0000] {processor.py:183} INFO - Processing /home/airflow/.local/lib/python3.12/site-packages/airflow/example_dags/example_python_operator.py took 0.103 seconds
[2024-09-02T21:52:16.425+0000] {processor.py:161} INFO - Started process (PID=999) to work on /home/airflow/.local/lib/python3.12/site-packages/airflow/example_dags/example_python_operator.py
[2024-09-02T21:52:16.426+0000] {processor.py:830} INFO - Processing file /home/airflow/.local/lib/python3.12/site-packages/airflow/example_dags/example_python_operator.py for tasks to queue
[2024-09-02T21:52:16.428+0000] {logging_mixin.py:188} INFO - [2024-09-02T21:52:16.428+0000] {dagbag.py:545} INFO - Filling up the DagBag from /home/airflow/.local/lib/python3.12/site-packages/airflow/example_dags/example_python_operator.py
[2024-09-02T21:52:16.439+0000] {processor.py:840} INFO - DAG(s) 'example_python_operator' retrieved from /home/airflow/.local/lib/python3.12/site-packages/airflow/example_dags/example_python_operator.py
[2024-09-02T21:52:16.466+0000] {logging_mixin.py:188} INFO - [2024-09-02T21:52:16.466+0000] {dag.py:3096} INFO - Sync 1 DAGs
[2024-09-02T21:52:16.480+0000] {logging_mixin.py:188} INFO - [2024-09-02T21:52:16.480+0000] {dag.py:3954} INFO - Setting next_dagrun for example_python_operator to None, run_after=None
[2024-09-02T21:52:16.505+0000] {processor.py:183} INFO - Processing /home/airflow/.local/lib/python3.12/site-packages/airflow/example_dags/example_python_operator.py took 0.086 seconds
[2024-09-02T21:52:46.942+0000] {processor.py:161} INFO - Started process (PID=1059) to work on /home/airflow/.local/lib/python3.12/site-packages/airflow/example_dags/example_python_operator.py
[2024-09-02T21:52:46.943+0000] {processor.py:830} INFO - Processing file /home/airflow/.local/lib/python3.12/site-packages/airflow/example_dags/example_python_operator.py for tasks to queue
[2024-09-02T21:52:46.945+0000] {logging_mixin.py:188} INFO - [2024-09-02T21:52:46.945+0000] {dagbag.py:545} INFO - Filling up the DagBag from /home/airflow/.local/lib/python3.12/site-packages/airflow/example_dags/example_python_operator.py
[2024-09-02T21:52:46.955+0000] {processor.py:840} INFO - DAG(s) 'example_python_operator' retrieved from /home/airflow/.local/lib/python3.12/site-packages/airflow/example_dags/example_python_operator.py
[2024-09-02T21:52:46.980+0000] {logging_mixin.py:188} INFO - [2024-09-02T21:52:46.980+0000] {dag.py:3096} INFO - Sync 1 DAGs
[2024-09-02T21:52:46.997+0000] {logging_mixin.py:188} INFO - [2024-09-02T21:52:46.997+0000] {dag.py:3954} INFO - Setting next_dagrun for example_python_operator to None, run_after=None
[2024-09-02T21:52:47.044+0000] {processor.py:183} INFO - Processing /home/airflow/.local/lib/python3.12/site-packages/airflow/example_dags/example_python_operator.py took 0.107 seconds
[2024-09-02T21:53:17.458+0000] {processor.py:161} INFO - Started process (PID=1119) to work on /home/airflow/.local/lib/python3.12/site-packages/airflow/example_dags/example_python_operator.py
[2024-09-02T21:53:17.460+0000] {processor.py:830} INFO - Processing file /home/airflow/.local/lib/python3.12/site-packages/airflow/example_dags/example_python_operator.py for tasks to queue
[2024-09-02T21:53:17.462+0000] {logging_mixin.py:188} INFO - [2024-09-02T21:53:17.462+0000] {dagbag.py:545} INFO - Filling up the DagBag from /home/airflow/.local/lib/python3.12/site-packages/airflow/example_dags/example_python_operator.py
[2024-09-02T21:53:17.480+0000] {processor.py:840} INFO - DAG(s) 'example_python_operator' retrieved from /home/airflow/.local/lib/python3.12/site-packages/airflow/example_dags/example_python_operator.py
[2024-09-02T21:53:17.503+0000] {logging_mixin.py:188} INFO - [2024-09-02T21:53:17.502+0000] {dag.py:3096} INFO - Sync 1 DAGs
[2024-09-02T21:53:17.515+0000] {logging_mixin.py:188} INFO - [2024-09-02T21:53:17.515+0000] {dag.py:3954} INFO - Setting next_dagrun for example_python_operator to None, run_after=None
[2024-09-02T21:53:17.544+0000] {processor.py:183} INFO - Processing /home/airflow/.local/lib/python3.12/site-packages/airflow/example_dags/example_python_operator.py took 0.094 seconds
[2024-09-02T21:53:48.323+0000] {processor.py:161} INFO - Started process (PID=1186) to work on /home/airflow/.local/lib/python3.12/site-packages/airflow/example_dags/example_python_operator.py
[2024-09-02T21:53:48.326+0000] {processor.py:830} INFO - Processing file /home/airflow/.local/lib/python3.12/site-packages/airflow/example_dags/example_python_operator.py for tasks to queue
[2024-09-02T21:53:48.330+0000] {logging_mixin.py:188} INFO - [2024-09-02T21:53:48.329+0000] {dagbag.py:545} INFO - Filling up the DagBag from /home/airflow/.local/lib/python3.12/site-packages/airflow/example_dags/example_python_operator.py
[2024-09-02T21:53:48.350+0000] {processor.py:840} INFO - DAG(s) 'example_python_operator' retrieved from /home/airflow/.local/lib/python3.12/site-packages/airflow/example_dags/example_python_operator.py
[2024-09-02T21:53:48.398+0000] {logging_mixin.py:188} INFO - [2024-09-02T21:53:48.398+0000] {dag.py:3096} INFO - Sync 1 DAGs
[2024-09-02T21:53:48.427+0000] {logging_mixin.py:188} INFO - [2024-09-02T21:53:48.427+0000] {dag.py:3954} INFO - Setting next_dagrun for example_python_operator to None, run_after=None
[2024-09-02T21:53:48.459+0000] {processor.py:183} INFO - Processing /home/airflow/.local/lib/python3.12/site-packages/airflow/example_dags/example_python_operator.py took 0.149 seconds
[2024-09-02T21:54:18.732+0000] {processor.py:161} INFO - Started process (PID=1245) to work on /home/airflow/.local/lib/python3.12/site-packages/airflow/example_dags/example_python_operator.py
[2024-09-02T21:54:18.734+0000] {processor.py:830} INFO - Processing file /home/airflow/.local/lib/python3.12/site-packages/airflow/example_dags/example_python_operator.py for tasks to queue
[2024-09-02T21:54:18.737+0000] {logging_mixin.py:188} INFO - [2024-09-02T21:54:18.736+0000] {dagbag.py:545} INFO - Filling up the DagBag from /home/airflow/.local/lib/python3.12/site-packages/airflow/example_dags/example_python_operator.py
[2024-09-02T21:54:18.753+0000] {processor.py:840} INFO - DAG(s) 'example_python_operator' retrieved from /home/airflow/.local/lib/python3.12/site-packages/airflow/example_dags/example_python_operator.py
[2024-09-02T21:54:18.784+0000] {logging_mixin.py:188} INFO - [2024-09-02T21:54:18.784+0000] {dag.py:3096} INFO - Sync 1 DAGs
[2024-09-02T21:54:18.814+0000] {logging_mixin.py:188} INFO - [2024-09-02T21:54:18.813+0000] {dag.py:3954} INFO - Setting next_dagrun for example_python_operator to None, run_after=None
[2024-09-02T21:54:18.856+0000] {processor.py:183} INFO - Processing /home/airflow/.local/lib/python3.12/site-packages/airflow/example_dags/example_python_operator.py took 0.136 seconds
[2024-09-02T21:54:49.088+0000] {processor.py:161} INFO - Started process (PID=1305) to work on /home/airflow/.local/lib/python3.12/site-packages/airflow/example_dags/example_python_operator.py
[2024-09-02T21:54:49.090+0000] {processor.py:830} INFO - Processing file /home/airflow/.local/lib/python3.12/site-packages/airflow/example_dags/example_python_operator.py for tasks to queue
[2024-09-02T21:54:49.091+0000] {logging_mixin.py:188} INFO - [2024-09-02T21:54:49.091+0000] {dagbag.py:545} INFO - Filling up the DagBag from /home/airflow/.local/lib/python3.12/site-packages/airflow/example_dags/example_python_operator.py
[2024-09-02T21:54:49.103+0000] {processor.py:840} INFO - DAG(s) 'example_python_operator' retrieved from /home/airflow/.local/lib/python3.12/site-packages/airflow/example_dags/example_python_operator.py
[2024-09-02T21:54:49.131+0000] {logging_mixin.py:188} INFO - [2024-09-02T21:54:49.131+0000] {dag.py:3096} INFO - Sync 1 DAGs
[2024-09-02T21:54:49.146+0000] {logging_mixin.py:188} INFO - [2024-09-02T21:54:49.145+0000] {dag.py:3954} INFO - Setting next_dagrun for example_python_operator to None, run_after=None
[2024-09-02T21:54:49.167+0000] {processor.py:183} INFO - Processing /home/airflow/.local/lib/python3.12/site-packages/airflow/example_dags/example_python_operator.py took 0.084 seconds
[2024-09-02T21:55:19.981+0000] {processor.py:161} INFO - Started process (PID=1369) to work on /home/airflow/.local/lib/python3.12/site-packages/airflow/example_dags/example_python_operator.py
[2024-09-02T21:55:19.982+0000] {processor.py:830} INFO - Processing file /home/airflow/.local/lib/python3.12/site-packages/airflow/example_dags/example_python_operator.py for tasks to queue
[2024-09-02T21:55:19.986+0000] {logging_mixin.py:188} INFO - [2024-09-02T21:55:19.985+0000] {dagbag.py:545} INFO - Filling up the DagBag from /home/airflow/.local/lib/python3.12/site-packages/airflow/example_dags/example_python_operator.py
[2024-09-02T21:55:20.010+0000] {processor.py:840} INFO - DAG(s) 'example_python_operator' retrieved from /home/airflow/.local/lib/python3.12/site-packages/airflow/example_dags/example_python_operator.py
[2024-09-02T21:55:20.037+0000] {logging_mixin.py:188} INFO - [2024-09-02T21:55:20.036+0000] {dag.py:3096} INFO - Sync 1 DAGs
[2024-09-02T21:55:20.050+0000] {logging_mixin.py:188} INFO - [2024-09-02T21:55:20.050+0000] {dag.py:3954} INFO - Setting next_dagrun for example_python_operator to None, run_after=None
[2024-09-02T21:55:20.076+0000] {processor.py:183} INFO - Processing /home/airflow/.local/lib/python3.12/site-packages/airflow/example_dags/example_python_operator.py took 0.105 seconds
[2024-09-02T21:55:50.418+0000] {processor.py:161} INFO - Started process (PID=1432) to work on /home/airflow/.local/lib/python3.12/site-packages/airflow/example_dags/example_python_operator.py
[2024-09-02T21:55:50.419+0000] {processor.py:830} INFO - Processing file /home/airflow/.local/lib/python3.12/site-packages/airflow/example_dags/example_python_operator.py for tasks to queue
[2024-09-02T21:55:50.422+0000] {logging_mixin.py:188} INFO - [2024-09-02T21:55:50.421+0000] {dagbag.py:545} INFO - Filling up the DagBag from /home/airflow/.local/lib/python3.12/site-packages/airflow/example_dags/example_python_operator.py
[2024-09-02T21:55:50.436+0000] {processor.py:840} INFO - DAG(s) 'example_python_operator' retrieved from /home/airflow/.local/lib/python3.12/site-packages/airflow/example_dags/example_python_operator.py
[2024-09-02T21:55:50.472+0000] {logging_mixin.py:188} INFO - [2024-09-02T21:55:50.471+0000] {dag.py:3096} INFO - Sync 1 DAGs
[2024-09-02T21:55:50.497+0000] {logging_mixin.py:188} INFO - [2024-09-02T21:55:50.497+0000] {dag.py:3954} INFO - Setting next_dagrun for example_python_operator to None, run_after=None
[2024-09-02T21:55:50.536+0000] {processor.py:183} INFO - Processing /home/airflow/.local/lib/python3.12/site-packages/airflow/example_dags/example_python_operator.py took 0.127 seconds
