[2024-09-02T21:35:17.038+0000] {processor.py:161} INFO - Started process (PID=105) to work on /home/airflow/.local/lib/python3.12/site-packages/airflow/example_dags/example_latest_only.py
[2024-09-02T21:35:17.046+0000] {processor.py:830} INFO - Processing file /home/airflow/.local/lib/python3.12/site-packages/airflow/example_dags/example_latest_only.py for tasks to queue
[2024-09-02T21:35:17.149+0000] {logging_mixin.py:188} INFO - [2024-09-02T21:35:17.138+0000] {dagbag.py:545} INFO - Filling up the DagBag from /home/airflow/.local/lib/python3.12/site-packages/airflow/example_dags/example_latest_only.py
[2024-09-02T21:35:17.202+0000] {processor.py:840} INFO - DAG(s) 'latest_only' retrieved from /home/airflow/.local/lib/python3.12/site-packages/airflow/example_dags/example_latest_only.py
[2024-09-02T21:35:17.984+0000] {logging_mixin.py:188} INFO - [2024-09-02T21:35:17.974+0000] {override.py:1829} INFO - Created Permission View: can edit on DAG:latest_only
[2024-09-02T21:35:18.078+0000] {logging_mixin.py:188} INFO - [2024-09-02T21:35:18.075+0000] {override.py:1829} INFO - Created Permission View: can delete on DAG:latest_only
[2024-09-02T21:35:18.165+0000] {logging_mixin.py:188} INFO - [2024-09-02T21:35:18.164+0000] {override.py:1829} INFO - Created Permission View: can read on DAG:latest_only
[2024-09-02T21:35:18.168+0000] {logging_mixin.py:188} INFO - [2024-09-02T21:35:18.167+0000] {dag.py:3096} INFO - Sync 1 DAGs
[2024-09-02T21:35:18.269+0000] {logging_mixin.py:188} INFO - [2024-09-02T21:35:18.268+0000] {dag.py:3118} INFO - Creating ORM DAG for latest_only
[2024-09-02T21:35:18.348+0000] {logging_mixin.py:188} INFO - [2024-09-02T21:35:18.346+0000] {dag.py:3954} INFO - Setting next_dagrun for latest_only to 2024-09-02 16:00:00+00:00, run_after=2024-09-02 20:00:00+00:00
[2024-09-02T21:35:18.493+0000] {processor.py:183} INFO - Processing /home/airflow/.local/lib/python3.12/site-packages/airflow/example_dags/example_latest_only.py took 1.550 seconds
[2024-09-02T21:35:49.523+0000] {processor.py:161} INFO - Started process (PID=164) to work on /home/airflow/.local/lib/python3.12/site-packages/airflow/example_dags/example_latest_only.py
[2024-09-02T21:35:49.526+0000] {processor.py:830} INFO - Processing file /home/airflow/.local/lib/python3.12/site-packages/airflow/example_dags/example_latest_only.py for tasks to queue
[2024-09-02T21:35:49.543+0000] {logging_mixin.py:188} INFO - [2024-09-02T21:35:49.542+0000] {dagbag.py:545} INFO - Filling up the DagBag from /home/airflow/.local/lib/python3.12/site-packages/airflow/example_dags/example_latest_only.py
[2024-09-02T21:35:49.576+0000] {processor.py:840} INFO - DAG(s) 'latest_only' retrieved from /home/airflow/.local/lib/python3.12/site-packages/airflow/example_dags/example_latest_only.py
[2024-09-02T21:35:49.776+0000] {logging_mixin.py:188} INFO - [2024-09-02T21:35:49.775+0000] {dag.py:3096} INFO - Sync 1 DAGs
[2024-09-02T21:35:50.304+0000] {logging_mixin.py:188} INFO - [2024-09-02T21:35:50.303+0000] {dag.py:3954} INFO - Setting next_dagrun for latest_only to 2024-09-02 16:00:00+00:00, run_after=2024-09-02 20:00:00+00:00
[2024-09-02T21:35:50.562+0000] {processor.py:183} INFO - Processing /home/airflow/.local/lib/python3.12/site-packages/airflow/example_dags/example_latest_only.py took 1.081 seconds
[2024-09-02T21:36:21.782+0000] {processor.py:161} INFO - Started process (PID=224) to work on /home/airflow/.local/lib/python3.12/site-packages/airflow/example_dags/example_latest_only.py
[2024-09-02T21:36:21.785+0000] {processor.py:830} INFO - Processing file /home/airflow/.local/lib/python3.12/site-packages/airflow/example_dags/example_latest_only.py for tasks to queue
[2024-09-02T21:36:21.793+0000] {logging_mixin.py:188} INFO - [2024-09-02T21:36:21.792+0000] {dagbag.py:545} INFO - Filling up the DagBag from /home/airflow/.local/lib/python3.12/site-packages/airflow/example_dags/example_latest_only.py
[2024-09-02T21:36:21.832+0000] {processor.py:840} INFO - DAG(s) 'latest_only' retrieved from /home/airflow/.local/lib/python3.12/site-packages/airflow/example_dags/example_latest_only.py
[2024-09-02T21:36:21.971+0000] {logging_mixin.py:188} INFO - [2024-09-02T21:36:21.970+0000] {dag.py:3096} INFO - Sync 1 DAGs
[2024-09-02T21:36:22.171+0000] {logging_mixin.py:188} INFO - [2024-09-02T21:36:22.170+0000] {dag.py:3954} INFO - Setting next_dagrun for latest_only to 2024-09-02 16:00:00+00:00, run_after=2024-09-02 20:00:00+00:00
[2024-09-02T21:36:22.375+0000] {processor.py:183} INFO - Processing /home/airflow/.local/lib/python3.12/site-packages/airflow/example_dags/example_latest_only.py took 0.621 seconds
[2024-09-02T21:38:45.186+0000] {processor.py:161} INFO - Started process (PID=103) to work on /home/airflow/.local/lib/python3.12/site-packages/airflow/example_dags/example_latest_only.py
[2024-09-02T21:38:45.190+0000] {processor.py:830} INFO - Processing file /home/airflow/.local/lib/python3.12/site-packages/airflow/example_dags/example_latest_only.py for tasks to queue
[2024-09-02T21:38:45.204+0000] {logging_mixin.py:188} INFO - [2024-09-02T21:38:45.202+0000] {dagbag.py:545} INFO - Filling up the DagBag from /home/airflow/.local/lib/python3.12/site-packages/airflow/example_dags/example_latest_only.py
[2024-09-02T21:38:45.246+0000] {processor.py:840} INFO - DAG(s) 'latest_only' retrieved from /home/airflow/.local/lib/python3.12/site-packages/airflow/example_dags/example_latest_only.py
[2024-09-02T21:38:45.975+0000] {logging_mixin.py:188} INFO - [2024-09-02T21:38:45.970+0000] {override.py:1829} INFO - Created Permission View: can edit on DAG:latest_only
[2024-09-02T21:38:46.002+0000] {logging_mixin.py:188} INFO - [2024-09-02T21:38:46.001+0000] {override.py:1829} INFO - Created Permission View: can read on DAG:latest_only
[2024-09-02T21:38:46.018+0000] {logging_mixin.py:188} INFO - [2024-09-02T21:38:46.017+0000] {override.py:1829} INFO - Created Permission View: can delete on DAG:latest_only
[2024-09-02T21:38:46.020+0000] {logging_mixin.py:188} INFO - [2024-09-02T21:38:46.019+0000] {dag.py:3096} INFO - Sync 1 DAGs
[2024-09-02T21:38:46.053+0000] {logging_mixin.py:188} INFO - [2024-09-02T21:38:46.053+0000] {dag.py:3118} INFO - Creating ORM DAG for latest_only
[2024-09-02T21:38:46.081+0000] {logging_mixin.py:188} INFO - [2024-09-02T21:38:46.080+0000] {dag.py:3954} INFO - Setting next_dagrun for latest_only to 2024-09-02 16:00:00+00:00, run_after=2024-09-02 20:00:00+00:00
[2024-09-02T21:38:46.127+0000] {processor.py:183} INFO - Processing /home/airflow/.local/lib/python3.12/site-packages/airflow/example_dags/example_latest_only.py took 0.965 seconds
[2024-09-02T21:39:16.538+0000] {processor.py:161} INFO - Started process (PID=163) to work on /home/airflow/.local/lib/python3.12/site-packages/airflow/example_dags/example_latest_only.py
[2024-09-02T21:39:16.540+0000] {processor.py:830} INFO - Processing file /home/airflow/.local/lib/python3.12/site-packages/airflow/example_dags/example_latest_only.py for tasks to queue
[2024-09-02T21:39:16.546+0000] {logging_mixin.py:188} INFO - [2024-09-02T21:39:16.545+0000] {dagbag.py:545} INFO - Filling up the DagBag from /home/airflow/.local/lib/python3.12/site-packages/airflow/example_dags/example_latest_only.py
[2024-09-02T21:39:16.559+0000] {processor.py:840} INFO - DAG(s) 'latest_only' retrieved from /home/airflow/.local/lib/python3.12/site-packages/airflow/example_dags/example_latest_only.py
[2024-09-02T21:39:16.608+0000] {logging_mixin.py:188} INFO - [2024-09-02T21:39:16.608+0000] {dag.py:3096} INFO - Sync 1 DAGs
[2024-09-02T21:39:16.638+0000] {logging_mixin.py:188} INFO - [2024-09-02T21:39:16.638+0000] {dag.py:3954} INFO - Setting next_dagrun for latest_only to 2024-09-02 16:00:00+00:00, run_after=2024-09-02 20:00:00+00:00
[2024-09-02T21:39:16.660+0000] {processor.py:183} INFO - Processing /home/airflow/.local/lib/python3.12/site-packages/airflow/example_dags/example_latest_only.py took 0.138 seconds
[2024-09-02T21:39:46.744+0000] {processor.py:161} INFO - Started process (PID=223) to work on /home/airflow/.local/lib/python3.12/site-packages/airflow/example_dags/example_latest_only.py
[2024-09-02T21:39:46.745+0000] {processor.py:830} INFO - Processing file /home/airflow/.local/lib/python3.12/site-packages/airflow/example_dags/example_latest_only.py for tasks to queue
[2024-09-02T21:39:46.746+0000] {logging_mixin.py:188} INFO - [2024-09-02T21:39:46.746+0000] {dagbag.py:545} INFO - Filling up the DagBag from /home/airflow/.local/lib/python3.12/site-packages/airflow/example_dags/example_latest_only.py
[2024-09-02T21:39:46.751+0000] {processor.py:840} INFO - DAG(s) 'latest_only' retrieved from /home/airflow/.local/lib/python3.12/site-packages/airflow/example_dags/example_latest_only.py
[2024-09-02T21:39:46.774+0000] {logging_mixin.py:188} INFO - [2024-09-02T21:39:46.774+0000] {dag.py:3096} INFO - Sync 1 DAGs
[2024-09-02T21:39:46.798+0000] {logging_mixin.py:188} INFO - [2024-09-02T21:39:46.798+0000] {dag.py:3954} INFO - Setting next_dagrun for latest_only to 2024-09-02 16:00:00+00:00, run_after=2024-09-02 20:00:00+00:00
[2024-09-02T21:39:46.821+0000] {processor.py:183} INFO - Processing /home/airflow/.local/lib/python3.12/site-packages/airflow/example_dags/example_latest_only.py took 0.082 seconds
[2024-09-02T21:40:17.137+0000] {processor.py:161} INFO - Started process (PID=283) to work on /home/airflow/.local/lib/python3.12/site-packages/airflow/example_dags/example_latest_only.py
[2024-09-02T21:40:17.138+0000] {processor.py:830} INFO - Processing file /home/airflow/.local/lib/python3.12/site-packages/airflow/example_dags/example_latest_only.py for tasks to queue
[2024-09-02T21:40:17.139+0000] {logging_mixin.py:188} INFO - [2024-09-02T21:40:17.139+0000] {dagbag.py:545} INFO - Filling up the DagBag from /home/airflow/.local/lib/python3.12/site-packages/airflow/example_dags/example_latest_only.py
[2024-09-02T21:40:17.144+0000] {processor.py:840} INFO - DAG(s) 'latest_only' retrieved from /home/airflow/.local/lib/python3.12/site-packages/airflow/example_dags/example_latest_only.py
[2024-09-02T21:40:17.171+0000] {logging_mixin.py:188} INFO - [2024-09-02T21:40:17.171+0000] {dag.py:3096} INFO - Sync 1 DAGs
[2024-09-02T21:40:17.220+0000] {logging_mixin.py:188} INFO - [2024-09-02T21:40:17.220+0000] {dag.py:3954} INFO - Setting next_dagrun for latest_only to 2024-09-02 16:00:00+00:00, run_after=2024-09-02 20:00:00+00:00
[2024-09-02T21:40:17.268+0000] {processor.py:183} INFO - Processing /home/airflow/.local/lib/python3.12/site-packages/airflow/example_dags/example_latest_only.py took 0.136 seconds
[2024-09-02T21:40:47.456+0000] {processor.py:161} INFO - Started process (PID=343) to work on /home/airflow/.local/lib/python3.12/site-packages/airflow/example_dags/example_latest_only.py
[2024-09-02T21:40:47.457+0000] {processor.py:830} INFO - Processing file /home/airflow/.local/lib/python3.12/site-packages/airflow/example_dags/example_latest_only.py for tasks to queue
[2024-09-02T21:40:47.459+0000] {logging_mixin.py:188} INFO - [2024-09-02T21:40:47.458+0000] {dagbag.py:545} INFO - Filling up the DagBag from /home/airflow/.local/lib/python3.12/site-packages/airflow/example_dags/example_latest_only.py
[2024-09-02T21:40:47.464+0000] {processor.py:840} INFO - DAG(s) 'latest_only' retrieved from /home/airflow/.local/lib/python3.12/site-packages/airflow/example_dags/example_latest_only.py
[2024-09-02T21:40:47.487+0000] {logging_mixin.py:188} INFO - [2024-09-02T21:40:47.487+0000] {dag.py:3096} INFO - Sync 1 DAGs
[2024-09-02T21:40:47.515+0000] {logging_mixin.py:188} INFO - [2024-09-02T21:40:47.515+0000] {dag.py:3954} INFO - Setting next_dagrun for latest_only to 2024-09-02 16:00:00+00:00, run_after=2024-09-02 20:00:00+00:00
[2024-09-02T21:40:47.543+0000] {processor.py:183} INFO - Processing /home/airflow/.local/lib/python3.12/site-packages/airflow/example_dags/example_latest_only.py took 0.092 seconds
[2024-09-02T21:44:36.292+0000] {processor.py:161} INFO - Started process (PID=97) to work on /home/airflow/.local/lib/python3.12/site-packages/airflow/example_dags/example_latest_only.py
[2024-09-02T21:44:36.294+0000] {processor.py:830} INFO - Processing file /home/airflow/.local/lib/python3.12/site-packages/airflow/example_dags/example_latest_only.py for tasks to queue
[2024-09-02T21:44:36.297+0000] {logging_mixin.py:188} INFO - [2024-09-02T21:44:36.297+0000] {dagbag.py:545} INFO - Filling up the DagBag from /home/airflow/.local/lib/python3.12/site-packages/airflow/example_dags/example_latest_only.py
[2024-09-02T21:44:36.311+0000] {processor.py:840} INFO - DAG(s) 'latest_only' retrieved from /home/airflow/.local/lib/python3.12/site-packages/airflow/example_dags/example_latest_only.py
[2024-09-02T21:44:36.512+0000] {logging_mixin.py:188} INFO - [2024-09-02T21:44:36.510+0000] {override.py:1829} INFO - Created Permission View: can read on DAG:latest_only
[2024-09-02T21:44:36.529+0000] {logging_mixin.py:188} INFO - [2024-09-02T21:44:36.528+0000] {override.py:1829} INFO - Created Permission View: can delete on DAG:latest_only
[2024-09-02T21:44:36.539+0000] {logging_mixin.py:188} INFO - [2024-09-02T21:44:36.538+0000] {override.py:1829} INFO - Created Permission View: can edit on DAG:latest_only
[2024-09-02T21:44:36.540+0000] {logging_mixin.py:188} INFO - [2024-09-02T21:44:36.539+0000] {dag.py:3096} INFO - Sync 1 DAGs
[2024-09-02T21:44:36.560+0000] {logging_mixin.py:188} INFO - [2024-09-02T21:44:36.559+0000] {dag.py:3118} INFO - Creating ORM DAG for latest_only
[2024-09-02T21:44:36.579+0000] {logging_mixin.py:188} INFO - [2024-09-02T21:44:36.578+0000] {dag.py:3954} INFO - Setting next_dagrun for latest_only to 2024-09-02 16:00:00+00:00, run_after=2024-09-02 20:00:00+00:00
[2024-09-02T21:44:36.614+0000] {processor.py:183} INFO - Processing /home/airflow/.local/lib/python3.12/site-packages/airflow/example_dags/example_latest_only.py took 0.332 seconds
[2024-09-02T21:45:06.678+0000] {processor.py:161} INFO - Started process (PID=157) to work on /home/airflow/.local/lib/python3.12/site-packages/airflow/example_dags/example_latest_only.py
[2024-09-02T21:45:06.679+0000] {processor.py:830} INFO - Processing file /home/airflow/.local/lib/python3.12/site-packages/airflow/example_dags/example_latest_only.py for tasks to queue
[2024-09-02T21:45:06.682+0000] {logging_mixin.py:188} INFO - [2024-09-02T21:45:06.681+0000] {dagbag.py:545} INFO - Filling up the DagBag from /home/airflow/.local/lib/python3.12/site-packages/airflow/example_dags/example_latest_only.py
[2024-09-02T21:45:06.690+0000] {processor.py:840} INFO - DAG(s) 'latest_only' retrieved from /home/airflow/.local/lib/python3.12/site-packages/airflow/example_dags/example_latest_only.py
[2024-09-02T21:45:06.722+0000] {logging_mixin.py:188} INFO - [2024-09-02T21:45:06.722+0000] {dag.py:3096} INFO - Sync 1 DAGs
[2024-09-02T21:45:06.763+0000] {logging_mixin.py:188} INFO - [2024-09-02T21:45:06.762+0000] {dag.py:3954} INFO - Setting next_dagrun for latest_only to 2024-09-02 16:00:00+00:00, run_after=2024-09-02 20:00:00+00:00
[2024-09-02T21:45:06.794+0000] {processor.py:183} INFO - Processing /home/airflow/.local/lib/python3.12/site-packages/airflow/example_dags/example_latest_only.py took 0.124 seconds
[2024-09-02T21:45:37.126+0000] {processor.py:161} INFO - Started process (PID=217) to work on /home/airflow/.local/lib/python3.12/site-packages/airflow/example_dags/example_latest_only.py
[2024-09-02T21:45:37.127+0000] {processor.py:830} INFO - Processing file /home/airflow/.local/lib/python3.12/site-packages/airflow/example_dags/example_latest_only.py for tasks to queue
[2024-09-02T21:45:37.129+0000] {logging_mixin.py:188} INFO - [2024-09-02T21:45:37.129+0000] {dagbag.py:545} INFO - Filling up the DagBag from /home/airflow/.local/lib/python3.12/site-packages/airflow/example_dags/example_latest_only.py
[2024-09-02T21:45:37.136+0000] {processor.py:840} INFO - DAG(s) 'latest_only' retrieved from /home/airflow/.local/lib/python3.12/site-packages/airflow/example_dags/example_latest_only.py
[2024-09-02T21:45:37.165+0000] {logging_mixin.py:188} INFO - [2024-09-02T21:45:37.165+0000] {dag.py:3096} INFO - Sync 1 DAGs
[2024-09-02T21:45:37.211+0000] {logging_mixin.py:188} INFO - [2024-09-02T21:45:37.211+0000] {dag.py:3954} INFO - Setting next_dagrun for latest_only to 2024-09-02 16:00:00+00:00, run_after=2024-09-02 20:00:00+00:00
[2024-09-02T21:45:37.242+0000] {processor.py:183} INFO - Processing /home/airflow/.local/lib/python3.12/site-packages/airflow/example_dags/example_latest_only.py took 0.124 seconds
[2024-09-02T21:46:07.539+0000] {processor.py:161} INFO - Started process (PID=278) to work on /home/airflow/.local/lib/python3.12/site-packages/airflow/example_dags/example_latest_only.py
[2024-09-02T21:46:07.540+0000] {processor.py:830} INFO - Processing file /home/airflow/.local/lib/python3.12/site-packages/airflow/example_dags/example_latest_only.py for tasks to queue
[2024-09-02T21:46:07.542+0000] {logging_mixin.py:188} INFO - [2024-09-02T21:46:07.542+0000] {dagbag.py:545} INFO - Filling up the DagBag from /home/airflow/.local/lib/python3.12/site-packages/airflow/example_dags/example_latest_only.py
[2024-09-02T21:46:07.550+0000] {processor.py:840} INFO - DAG(s) 'latest_only' retrieved from /home/airflow/.local/lib/python3.12/site-packages/airflow/example_dags/example_latest_only.py
[2024-09-02T21:46:07.580+0000] {logging_mixin.py:188} INFO - [2024-09-02T21:46:07.580+0000] {dag.py:3096} INFO - Sync 1 DAGs
[2024-09-02T21:46:07.615+0000] {logging_mixin.py:188} INFO - [2024-09-02T21:46:07.615+0000] {dag.py:3954} INFO - Setting next_dagrun for latest_only to 2024-09-02 16:00:00+00:00, run_after=2024-09-02 20:00:00+00:00
[2024-09-02T21:46:07.641+0000] {processor.py:183} INFO - Processing /home/airflow/.local/lib/python3.12/site-packages/airflow/example_dags/example_latest_only.py took 0.109 seconds
[2024-09-02T21:46:38.792+0000] {processor.py:161} INFO - Started process (PID=338) to work on /home/airflow/.local/lib/python3.12/site-packages/airflow/example_dags/example_latest_only.py
[2024-09-02T21:46:38.794+0000] {processor.py:830} INFO - Processing file /home/airflow/.local/lib/python3.12/site-packages/airflow/example_dags/example_latest_only.py for tasks to queue
[2024-09-02T21:46:38.796+0000] {logging_mixin.py:188} INFO - [2024-09-02T21:46:38.795+0000] {dagbag.py:545} INFO - Filling up the DagBag from /home/airflow/.local/lib/python3.12/site-packages/airflow/example_dags/example_latest_only.py
[2024-09-02T21:46:38.801+0000] {processor.py:840} INFO - DAG(s) 'latest_only' retrieved from /home/airflow/.local/lib/python3.12/site-packages/airflow/example_dags/example_latest_only.py
[2024-09-02T21:46:38.831+0000] {logging_mixin.py:188} INFO - [2024-09-02T21:46:38.830+0000] {dag.py:3096} INFO - Sync 1 DAGs
[2024-09-02T21:46:38.869+0000] {logging_mixin.py:188} INFO - [2024-09-02T21:46:38.869+0000] {dag.py:3954} INFO - Setting next_dagrun for latest_only to 2024-09-02 16:00:00+00:00, run_after=2024-09-02 20:00:00+00:00
[2024-09-02T21:46:38.902+0000] {processor.py:183} INFO - Processing /home/airflow/.local/lib/python3.12/site-packages/airflow/example_dags/example_latest_only.py took 0.117 seconds
[2024-09-02T21:47:09.162+0000] {processor.py:161} INFO - Started process (PID=398) to work on /home/airflow/.local/lib/python3.12/site-packages/airflow/example_dags/example_latest_only.py
[2024-09-02T21:47:09.164+0000] {processor.py:830} INFO - Processing file /home/airflow/.local/lib/python3.12/site-packages/airflow/example_dags/example_latest_only.py for tasks to queue
[2024-09-02T21:47:09.167+0000] {logging_mixin.py:188} INFO - [2024-09-02T21:47:09.166+0000] {dagbag.py:545} INFO - Filling up the DagBag from /home/airflow/.local/lib/python3.12/site-packages/airflow/example_dags/example_latest_only.py
[2024-09-02T21:47:09.173+0000] {processor.py:840} INFO - DAG(s) 'latest_only' retrieved from /home/airflow/.local/lib/python3.12/site-packages/airflow/example_dags/example_latest_only.py
[2024-09-02T21:47:09.202+0000] {logging_mixin.py:188} INFO - [2024-09-02T21:47:09.202+0000] {dag.py:3096} INFO - Sync 1 DAGs
[2024-09-02T21:47:09.238+0000] {logging_mixin.py:188} INFO - [2024-09-02T21:47:09.238+0000] {dag.py:3954} INFO - Setting next_dagrun for latest_only to 2024-09-02 16:00:00+00:00, run_after=2024-09-02 20:00:00+00:00
[2024-09-02T21:47:09.266+0000] {processor.py:183} INFO - Processing /home/airflow/.local/lib/python3.12/site-packages/airflow/example_dags/example_latest_only.py took 0.112 seconds
[2024-09-02T21:47:40.082+0000] {processor.py:161} INFO - Started process (PID=458) to work on /home/airflow/.local/lib/python3.12/site-packages/airflow/example_dags/example_latest_only.py
[2024-09-02T21:47:40.083+0000] {processor.py:830} INFO - Processing file /home/airflow/.local/lib/python3.12/site-packages/airflow/example_dags/example_latest_only.py for tasks to queue
[2024-09-02T21:47:40.086+0000] {logging_mixin.py:188} INFO - [2024-09-02T21:47:40.086+0000] {dagbag.py:545} INFO - Filling up the DagBag from /home/airflow/.local/lib/python3.12/site-packages/airflow/example_dags/example_latest_only.py
[2024-09-02T21:47:40.095+0000] {processor.py:840} INFO - DAG(s) 'latest_only' retrieved from /home/airflow/.local/lib/python3.12/site-packages/airflow/example_dags/example_latest_only.py
[2024-09-02T21:47:40.132+0000] {logging_mixin.py:188} INFO - [2024-09-02T21:47:40.131+0000] {dag.py:3096} INFO - Sync 1 DAGs
[2024-09-02T21:47:40.171+0000] {logging_mixin.py:188} INFO - [2024-09-02T21:47:40.171+0000] {dag.py:3954} INFO - Setting next_dagrun for latest_only to 2024-09-02 16:00:00+00:00, run_after=2024-09-02 20:00:00+00:00
[2024-09-02T21:47:40.204+0000] {processor.py:183} INFO - Processing /home/airflow/.local/lib/python3.12/site-packages/airflow/example_dags/example_latest_only.py took 0.131 seconds
[2024-09-02T21:48:11.052+0000] {processor.py:161} INFO - Started process (PID=518) to work on /home/airflow/.local/lib/python3.12/site-packages/airflow/example_dags/example_latest_only.py
[2024-09-02T21:48:11.054+0000] {processor.py:830} INFO - Processing file /home/airflow/.local/lib/python3.12/site-packages/airflow/example_dags/example_latest_only.py for tasks to queue
[2024-09-02T21:48:11.059+0000] {logging_mixin.py:188} INFO - [2024-09-02T21:48:11.058+0000] {dagbag.py:545} INFO - Filling up the DagBag from /home/airflow/.local/lib/python3.12/site-packages/airflow/example_dags/example_latest_only.py
[2024-09-02T21:48:11.069+0000] {processor.py:840} INFO - DAG(s) 'latest_only' retrieved from /home/airflow/.local/lib/python3.12/site-packages/airflow/example_dags/example_latest_only.py
[2024-09-02T21:48:11.106+0000] {logging_mixin.py:188} INFO - [2024-09-02T21:48:11.105+0000] {dag.py:3096} INFO - Sync 1 DAGs
[2024-09-02T21:48:11.232+0000] {logging_mixin.py:188} INFO - [2024-09-02T21:48:11.227+0000] {dag.py:3954} INFO - Setting next_dagrun for latest_only to 2024-09-02 16:00:00+00:00, run_after=2024-09-02 20:00:00+00:00
[2024-09-02T21:48:11.350+0000] {processor.py:183} INFO - Processing /home/airflow/.local/lib/python3.12/site-packages/airflow/example_dags/example_latest_only.py took 0.307 seconds
[2024-09-02T21:48:42.316+0000] {processor.py:161} INFO - Started process (PID=578) to work on /home/airflow/.local/lib/python3.12/site-packages/airflow/example_dags/example_latest_only.py
[2024-09-02T21:48:42.317+0000] {processor.py:830} INFO - Processing file /home/airflow/.local/lib/python3.12/site-packages/airflow/example_dags/example_latest_only.py for tasks to queue
[2024-09-02T21:48:42.322+0000] {logging_mixin.py:188} INFO - [2024-09-02T21:48:42.321+0000] {dagbag.py:545} INFO - Filling up the DagBag from /home/airflow/.local/lib/python3.12/site-packages/airflow/example_dags/example_latest_only.py
[2024-09-02T21:48:42.332+0000] {processor.py:840} INFO - DAG(s) 'latest_only' retrieved from /home/airflow/.local/lib/python3.12/site-packages/airflow/example_dags/example_latest_only.py
[2024-09-02T21:48:42.362+0000] {logging_mixin.py:188} INFO - [2024-09-02T21:48:42.361+0000] {dag.py:3096} INFO - Sync 1 DAGs
[2024-09-02T21:48:42.394+0000] {logging_mixin.py:188} INFO - [2024-09-02T21:48:42.394+0000] {dag.py:3954} INFO - Setting next_dagrun for latest_only to 2024-09-02 16:00:00+00:00, run_after=2024-09-02 20:00:00+00:00
[2024-09-02T21:48:42.434+0000] {processor.py:183} INFO - Processing /home/airflow/.local/lib/python3.12/site-packages/airflow/example_dags/example_latest_only.py took 0.133 seconds
[2024-09-02T21:49:12.551+0000] {processor.py:161} INFO - Started process (PID=638) to work on /home/airflow/.local/lib/python3.12/site-packages/airflow/example_dags/example_latest_only.py
[2024-09-02T21:49:12.553+0000] {processor.py:830} INFO - Processing file /home/airflow/.local/lib/python3.12/site-packages/airflow/example_dags/example_latest_only.py for tasks to queue
[2024-09-02T21:49:12.556+0000] {logging_mixin.py:188} INFO - [2024-09-02T21:49:12.556+0000] {dagbag.py:545} INFO - Filling up the DagBag from /home/airflow/.local/lib/python3.12/site-packages/airflow/example_dags/example_latest_only.py
[2024-09-02T21:49:12.562+0000] {processor.py:840} INFO - DAG(s) 'latest_only' retrieved from /home/airflow/.local/lib/python3.12/site-packages/airflow/example_dags/example_latest_only.py
[2024-09-02T21:49:12.592+0000] {logging_mixin.py:188} INFO - [2024-09-02T21:49:12.591+0000] {dag.py:3096} INFO - Sync 1 DAGs
[2024-09-02T21:49:12.629+0000] {logging_mixin.py:188} INFO - [2024-09-02T21:49:12.629+0000] {dag.py:3954} INFO - Setting next_dagrun for latest_only to 2024-09-02 16:00:00+00:00, run_after=2024-09-02 20:00:00+00:00
[2024-09-02T21:49:12.657+0000] {processor.py:183} INFO - Processing /home/airflow/.local/lib/python3.12/site-packages/airflow/example_dags/example_latest_only.py took 0.115 seconds
[2024-09-02T21:49:43.042+0000] {processor.py:161} INFO - Started process (PID=698) to work on /home/airflow/.local/lib/python3.12/site-packages/airflow/example_dags/example_latest_only.py
[2024-09-02T21:49:43.044+0000] {processor.py:830} INFO - Processing file /home/airflow/.local/lib/python3.12/site-packages/airflow/example_dags/example_latest_only.py for tasks to queue
[2024-09-02T21:49:43.047+0000] {logging_mixin.py:188} INFO - [2024-09-02T21:49:43.046+0000] {dagbag.py:545} INFO - Filling up the DagBag from /home/airflow/.local/lib/python3.12/site-packages/airflow/example_dags/example_latest_only.py
[2024-09-02T21:49:43.061+0000] {processor.py:840} INFO - DAG(s) 'latest_only' retrieved from /home/airflow/.local/lib/python3.12/site-packages/airflow/example_dags/example_latest_only.py
[2024-09-02T21:49:43.111+0000] {logging_mixin.py:188} INFO - [2024-09-02T21:49:43.111+0000] {dag.py:3096} INFO - Sync 1 DAGs
[2024-09-02T21:49:43.180+0000] {logging_mixin.py:188} INFO - [2024-09-02T21:49:43.179+0000] {dag.py:3954} INFO - Setting next_dagrun for latest_only to 2024-09-02 16:00:00+00:00, run_after=2024-09-02 20:00:00+00:00
[2024-09-02T21:49:43.233+0000] {processor.py:183} INFO - Processing /home/airflow/.local/lib/python3.12/site-packages/airflow/example_dags/example_latest_only.py took 0.207 seconds
[2024-09-02T21:50:13.686+0000] {processor.py:161} INFO - Started process (PID=758) to work on /home/airflow/.local/lib/python3.12/site-packages/airflow/example_dags/example_latest_only.py
[2024-09-02T21:50:13.687+0000] {processor.py:830} INFO - Processing file /home/airflow/.local/lib/python3.12/site-packages/airflow/example_dags/example_latest_only.py for tasks to queue
[2024-09-02T21:50:13.689+0000] {logging_mixin.py:188} INFO - [2024-09-02T21:50:13.689+0000] {dagbag.py:545} INFO - Filling up the DagBag from /home/airflow/.local/lib/python3.12/site-packages/airflow/example_dags/example_latest_only.py
[2024-09-02T21:50:13.694+0000] {processor.py:840} INFO - DAG(s) 'latest_only' retrieved from /home/airflow/.local/lib/python3.12/site-packages/airflow/example_dags/example_latest_only.py
[2024-09-02T21:50:13.715+0000] {logging_mixin.py:188} INFO - [2024-09-02T21:50:13.714+0000] {dag.py:3096} INFO - Sync 1 DAGs
[2024-09-02T21:50:13.753+0000] {logging_mixin.py:188} INFO - [2024-09-02T21:50:13.753+0000] {dag.py:3954} INFO - Setting next_dagrun for latest_only to 2024-09-02 16:00:00+00:00, run_after=2024-09-02 20:00:00+00:00
[2024-09-02T21:50:13.783+0000] {processor.py:183} INFO - Processing /home/airflow/.local/lib/python3.12/site-packages/airflow/example_dags/example_latest_only.py took 0.102 seconds
[2024-09-02T21:50:44.036+0000] {processor.py:161} INFO - Started process (PID=818) to work on /home/airflow/.local/lib/python3.12/site-packages/airflow/example_dags/example_latest_only.py
[2024-09-02T21:50:44.038+0000] {processor.py:830} INFO - Processing file /home/airflow/.local/lib/python3.12/site-packages/airflow/example_dags/example_latest_only.py for tasks to queue
[2024-09-02T21:50:44.040+0000] {logging_mixin.py:188} INFO - [2024-09-02T21:50:44.040+0000] {dagbag.py:545} INFO - Filling up the DagBag from /home/airflow/.local/lib/python3.12/site-packages/airflow/example_dags/example_latest_only.py
[2024-09-02T21:50:44.045+0000] {processor.py:840} INFO - DAG(s) 'latest_only' retrieved from /home/airflow/.local/lib/python3.12/site-packages/airflow/example_dags/example_latest_only.py
[2024-09-02T21:50:44.070+0000] {logging_mixin.py:188} INFO - [2024-09-02T21:50:44.070+0000] {dag.py:3096} INFO - Sync 1 DAGs
[2024-09-02T21:50:44.096+0000] {logging_mixin.py:188} INFO - [2024-09-02T21:50:44.096+0000] {dag.py:3954} INFO - Setting next_dagrun for latest_only to 2024-09-02 16:00:00+00:00, run_after=2024-09-02 20:00:00+00:00
[2024-09-02T21:50:44.123+0000] {processor.py:183} INFO - Processing /home/airflow/.local/lib/python3.12/site-packages/airflow/example_dags/example_latest_only.py took 0.094 seconds
[2024-09-02T21:51:14.347+0000] {processor.py:161} INFO - Started process (PID=878) to work on /home/airflow/.local/lib/python3.12/site-packages/airflow/example_dags/example_latest_only.py
[2024-09-02T21:51:14.348+0000] {processor.py:830} INFO - Processing file /home/airflow/.local/lib/python3.12/site-packages/airflow/example_dags/example_latest_only.py for tasks to queue
[2024-09-02T21:51:14.350+0000] {logging_mixin.py:188} INFO - [2024-09-02T21:51:14.350+0000] {dagbag.py:545} INFO - Filling up the DagBag from /home/airflow/.local/lib/python3.12/site-packages/airflow/example_dags/example_latest_only.py
[2024-09-02T21:51:14.356+0000] {processor.py:840} INFO - DAG(s) 'latest_only' retrieved from /home/airflow/.local/lib/python3.12/site-packages/airflow/example_dags/example_latest_only.py
[2024-09-02T21:51:14.400+0000] {logging_mixin.py:188} INFO - [2024-09-02T21:51:14.399+0000] {dag.py:3096} INFO - Sync 1 DAGs
[2024-09-02T21:51:14.459+0000] {logging_mixin.py:188} INFO - [2024-09-02T21:51:14.458+0000] {dag.py:3954} INFO - Setting next_dagrun for latest_only to 2024-09-02 16:00:00+00:00, run_after=2024-09-02 20:00:00+00:00
[2024-09-02T21:51:14.494+0000] {processor.py:183} INFO - Processing /home/airflow/.local/lib/python3.12/site-packages/airflow/example_dags/example_latest_only.py took 0.154 seconds
[2024-09-02T21:51:45.341+0000] {processor.py:161} INFO - Started process (PID=938) to work on /home/airflow/.local/lib/python3.12/site-packages/airflow/example_dags/example_latest_only.py
[2024-09-02T21:51:45.342+0000] {processor.py:830} INFO - Processing file /home/airflow/.local/lib/python3.12/site-packages/airflow/example_dags/example_latest_only.py for tasks to queue
[2024-09-02T21:51:45.344+0000] {logging_mixin.py:188} INFO - [2024-09-02T21:51:45.344+0000] {dagbag.py:545} INFO - Filling up the DagBag from /home/airflow/.local/lib/python3.12/site-packages/airflow/example_dags/example_latest_only.py
[2024-09-02T21:51:45.350+0000] {processor.py:840} INFO - DAG(s) 'latest_only' retrieved from /home/airflow/.local/lib/python3.12/site-packages/airflow/example_dags/example_latest_only.py
[2024-09-02T21:51:45.373+0000] {logging_mixin.py:188} INFO - [2024-09-02T21:51:45.373+0000] {dag.py:3096} INFO - Sync 1 DAGs
[2024-09-02T21:51:45.400+0000] {logging_mixin.py:188} INFO - [2024-09-02T21:51:45.400+0000] {dag.py:3954} INFO - Setting next_dagrun for latest_only to 2024-09-02 16:00:00+00:00, run_after=2024-09-02 20:00:00+00:00
[2024-09-02T21:51:45.438+0000] {processor.py:183} INFO - Processing /home/airflow/.local/lib/python3.12/site-packages/airflow/example_dags/example_latest_only.py took 0.104 seconds
[2024-09-02T21:52:16.273+0000] {processor.py:161} INFO - Started process (PID=998) to work on /home/airflow/.local/lib/python3.12/site-packages/airflow/example_dags/example_latest_only.py
[2024-09-02T21:52:16.274+0000] {processor.py:830} INFO - Processing file /home/airflow/.local/lib/python3.12/site-packages/airflow/example_dags/example_latest_only.py for tasks to queue
[2024-09-02T21:52:16.276+0000] {logging_mixin.py:188} INFO - [2024-09-02T21:52:16.275+0000] {dagbag.py:545} INFO - Filling up the DagBag from /home/airflow/.local/lib/python3.12/site-packages/airflow/example_dags/example_latest_only.py
[2024-09-02T21:52:16.280+0000] {processor.py:840} INFO - DAG(s) 'latest_only' retrieved from /home/airflow/.local/lib/python3.12/site-packages/airflow/example_dags/example_latest_only.py
[2024-09-02T21:52:16.303+0000] {logging_mixin.py:188} INFO - [2024-09-02T21:52:16.302+0000] {dag.py:3096} INFO - Sync 1 DAGs
[2024-09-02T21:52:16.346+0000] {logging_mixin.py:188} INFO - [2024-09-02T21:52:16.346+0000] {dag.py:3954} INFO - Setting next_dagrun for latest_only to 2024-09-02 16:00:00+00:00, run_after=2024-09-02 20:00:00+00:00
[2024-09-02T21:52:16.377+0000] {processor.py:183} INFO - Processing /home/airflow/.local/lib/python3.12/site-packages/airflow/example_dags/example_latest_only.py took 0.110 seconds
[2024-09-02T21:52:46.796+0000] {processor.py:161} INFO - Started process (PID=1058) to work on /home/airflow/.local/lib/python3.12/site-packages/airflow/example_dags/example_latest_only.py
[2024-09-02T21:52:46.797+0000] {processor.py:830} INFO - Processing file /home/airflow/.local/lib/python3.12/site-packages/airflow/example_dags/example_latest_only.py for tasks to queue
[2024-09-02T21:52:46.799+0000] {logging_mixin.py:188} INFO - [2024-09-02T21:52:46.798+0000] {dagbag.py:545} INFO - Filling up the DagBag from /home/airflow/.local/lib/python3.12/site-packages/airflow/example_dags/example_latest_only.py
[2024-09-02T21:52:46.803+0000] {processor.py:840} INFO - DAG(s) 'latest_only' retrieved from /home/airflow/.local/lib/python3.12/site-packages/airflow/example_dags/example_latest_only.py
[2024-09-02T21:52:46.825+0000] {logging_mixin.py:188} INFO - [2024-09-02T21:52:46.825+0000] {dag.py:3096} INFO - Sync 1 DAGs
[2024-09-02T21:52:46.866+0000] {logging_mixin.py:188} INFO - [2024-09-02T21:52:46.865+0000] {dag.py:3954} INFO - Setting next_dagrun for latest_only to 2024-09-02 16:00:00+00:00, run_after=2024-09-02 20:00:00+00:00
[2024-09-02T21:52:46.898+0000] {processor.py:183} INFO - Processing /home/airflow/.local/lib/python3.12/site-packages/airflow/example_dags/example_latest_only.py took 0.107 seconds
[2024-09-02T21:53:17.316+0000] {processor.py:161} INFO - Started process (PID=1118) to work on /home/airflow/.local/lib/python3.12/site-packages/airflow/example_dags/example_latest_only.py
[2024-09-02T21:53:17.318+0000] {processor.py:830} INFO - Processing file /home/airflow/.local/lib/python3.12/site-packages/airflow/example_dags/example_latest_only.py for tasks to queue
[2024-09-02T21:53:17.322+0000] {logging_mixin.py:188} INFO - [2024-09-02T21:53:17.322+0000] {dagbag.py:545} INFO - Filling up the DagBag from /home/airflow/.local/lib/python3.12/site-packages/airflow/example_dags/example_latest_only.py
[2024-09-02T21:53:17.328+0000] {processor.py:840} INFO - DAG(s) 'latest_only' retrieved from /home/airflow/.local/lib/python3.12/site-packages/airflow/example_dags/example_latest_only.py
[2024-09-02T21:53:17.356+0000] {logging_mixin.py:188} INFO - [2024-09-02T21:53:17.355+0000] {dag.py:3096} INFO - Sync 1 DAGs
[2024-09-02T21:53:17.380+0000] {logging_mixin.py:188} INFO - [2024-09-02T21:53:17.380+0000] {dag.py:3954} INFO - Setting next_dagrun for latest_only to 2024-09-02 16:00:00+00:00, run_after=2024-09-02 20:00:00+00:00
[2024-09-02T21:53:17.401+0000] {processor.py:183} INFO - Processing /home/airflow/.local/lib/python3.12/site-packages/airflow/example_dags/example_latest_only.py took 0.097 seconds
[2024-09-02T21:53:48.181+0000] {processor.py:161} INFO - Started process (PID=1185) to work on /home/airflow/.local/lib/python3.12/site-packages/airflow/example_dags/example_latest_only.py
[2024-09-02T21:53:48.182+0000] {processor.py:830} INFO - Processing file /home/airflow/.local/lib/python3.12/site-packages/airflow/example_dags/example_latest_only.py for tasks to queue
[2024-09-02T21:53:48.185+0000] {logging_mixin.py:188} INFO - [2024-09-02T21:53:48.184+0000] {dagbag.py:545} INFO - Filling up the DagBag from /home/airflow/.local/lib/python3.12/site-packages/airflow/example_dags/example_latest_only.py
[2024-09-02T21:53:48.191+0000] {processor.py:840} INFO - DAG(s) 'latest_only' retrieved from /home/airflow/.local/lib/python3.12/site-packages/airflow/example_dags/example_latest_only.py
[2024-09-02T21:53:48.217+0000] {logging_mixin.py:188} INFO - [2024-09-02T21:53:48.217+0000] {dag.py:3096} INFO - Sync 1 DAGs
[2024-09-02T21:53:48.250+0000] {logging_mixin.py:188} INFO - [2024-09-02T21:53:48.249+0000] {dag.py:3954} INFO - Setting next_dagrun for latest_only to 2024-09-02 16:00:00+00:00, run_after=2024-09-02 20:00:00+00:00
[2024-09-02T21:53:48.276+0000] {processor.py:183} INFO - Processing /home/airflow/.local/lib/python3.12/site-packages/airflow/example_dags/example_latest_only.py took 0.099 seconds
[2024-09-02T21:54:18.702+0000] {processor.py:161} INFO - Started process (PID=1244) to work on /home/airflow/.local/lib/python3.12/site-packages/airflow/example_dags/example_latest_only.py
[2024-09-02T21:54:18.704+0000] {processor.py:830} INFO - Processing file /home/airflow/.local/lib/python3.12/site-packages/airflow/example_dags/example_latest_only.py for tasks to queue
[2024-09-02T21:54:18.707+0000] {logging_mixin.py:188} INFO - [2024-09-02T21:54:18.706+0000] {dagbag.py:545} INFO - Filling up the DagBag from /home/airflow/.local/lib/python3.12/site-packages/airflow/example_dags/example_latest_only.py
[2024-09-02T21:54:18.714+0000] {processor.py:840} INFO - DAG(s) 'latest_only' retrieved from /home/airflow/.local/lib/python3.12/site-packages/airflow/example_dags/example_latest_only.py
[2024-09-02T21:54:18.744+0000] {logging_mixin.py:188} INFO - [2024-09-02T21:54:18.743+0000] {dag.py:3096} INFO - Sync 1 DAGs
[2024-09-02T21:54:18.774+0000] {logging_mixin.py:188} INFO - [2024-09-02T21:54:18.774+0000] {dag.py:3954} INFO - Setting next_dagrun for latest_only to 2024-09-02 16:00:00+00:00, run_after=2024-09-02 20:00:00+00:00
[2024-09-02T21:54:18.805+0000] {processor.py:183} INFO - Processing /home/airflow/.local/lib/python3.12/site-packages/airflow/example_dags/example_latest_only.py took 0.112 seconds
[2024-09-02T21:54:49.087+0000] {processor.py:161} INFO - Started process (PID=1304) to work on /home/airflow/.local/lib/python3.12/site-packages/airflow/example_dags/example_latest_only.py
[2024-09-02T21:54:49.088+0000] {processor.py:830} INFO - Processing file /home/airflow/.local/lib/python3.12/site-packages/airflow/example_dags/example_latest_only.py for tasks to queue
[2024-09-02T21:54:49.090+0000] {logging_mixin.py:188} INFO - [2024-09-02T21:54:49.090+0000] {dagbag.py:545} INFO - Filling up the DagBag from /home/airflow/.local/lib/python3.12/site-packages/airflow/example_dags/example_latest_only.py
[2024-09-02T21:54:49.095+0000] {processor.py:840} INFO - DAG(s) 'latest_only' retrieved from /home/airflow/.local/lib/python3.12/site-packages/airflow/example_dags/example_latest_only.py
[2024-09-02T21:54:49.118+0000] {logging_mixin.py:188} INFO - [2024-09-02T21:54:49.118+0000] {dag.py:3096} INFO - Sync 1 DAGs
[2024-09-02T21:54:49.144+0000] {logging_mixin.py:188} INFO - [2024-09-02T21:54:49.144+0000] {dag.py:3954} INFO - Setting next_dagrun for latest_only to 2024-09-02 16:00:00+00:00, run_after=2024-09-02 20:00:00+00:00
[2024-09-02T21:54:49.166+0000] {processor.py:183} INFO - Processing /home/airflow/.local/lib/python3.12/site-packages/airflow/example_dags/example_latest_only.py took 0.084 seconds
[2024-09-02T21:55:19.956+0000] {processor.py:161} INFO - Started process (PID=1368) to work on /home/airflow/.local/lib/python3.12/site-packages/airflow/example_dags/example_latest_only.py
[2024-09-02T21:55:19.957+0000] {processor.py:830} INFO - Processing file /home/airflow/.local/lib/python3.12/site-packages/airflow/example_dags/example_latest_only.py for tasks to queue
[2024-09-02T21:55:19.959+0000] {logging_mixin.py:188} INFO - [2024-09-02T21:55:19.959+0000] {dagbag.py:545} INFO - Filling up the DagBag from /home/airflow/.local/lib/python3.12/site-packages/airflow/example_dags/example_latest_only.py
[2024-09-02T21:55:19.965+0000] {processor.py:840} INFO - DAG(s) 'latest_only' retrieved from /home/airflow/.local/lib/python3.12/site-packages/airflow/example_dags/example_latest_only.py
[2024-09-02T21:55:19.994+0000] {logging_mixin.py:188} INFO - [2024-09-02T21:55:19.994+0000] {dag.py:3096} INFO - Sync 1 DAGs
[2024-09-02T21:55:20.028+0000] {logging_mixin.py:188} INFO - [2024-09-02T21:55:20.027+0000] {dag.py:3954} INFO - Setting next_dagrun for latest_only to 2024-09-02 16:00:00+00:00, run_after=2024-09-02 20:00:00+00:00
[2024-09-02T21:55:20.050+0000] {processor.py:183} INFO - Processing /home/airflow/.local/lib/python3.12/site-packages/airflow/example_dags/example_latest_only.py took 0.101 seconds
[2024-09-02T21:55:50.402+0000] {processor.py:161} INFO - Started process (PID=1431) to work on /home/airflow/.local/lib/python3.12/site-packages/airflow/example_dags/example_latest_only.py
[2024-09-02T21:55:50.403+0000] {processor.py:830} INFO - Processing file /home/airflow/.local/lib/python3.12/site-packages/airflow/example_dags/example_latest_only.py for tasks to queue
[2024-09-02T21:55:50.406+0000] {logging_mixin.py:188} INFO - [2024-09-02T21:55:50.406+0000] {dagbag.py:545} INFO - Filling up the DagBag from /home/airflow/.local/lib/python3.12/site-packages/airflow/example_dags/example_latest_only.py
[2024-09-02T21:55:50.412+0000] {processor.py:840} INFO - DAG(s) 'latest_only' retrieved from /home/airflow/.local/lib/python3.12/site-packages/airflow/example_dags/example_latest_only.py
[2024-09-02T21:55:50.439+0000] {logging_mixin.py:188} INFO - [2024-09-02T21:55:50.438+0000] {dag.py:3096} INFO - Sync 1 DAGs
[2024-09-02T21:55:50.477+0000] {logging_mixin.py:188} INFO - [2024-09-02T21:55:50.476+0000] {dag.py:3954} INFO - Setting next_dagrun for latest_only to 2024-09-02 16:00:00+00:00, run_after=2024-09-02 20:00:00+00:00
[2024-09-02T21:55:50.509+0000] {processor.py:183} INFO - Processing /home/airflow/.local/lib/python3.12/site-packages/airflow/example_dags/example_latest_only.py took 0.118 seconds
