[2024-09-02T21:35:24.302+0000] {processor.py:161} INFO - Started process (PID=125) to work on /home/airflow/.local/lib/python3.12/site-packages/airflow/example_dags/example_trigger_target_dag.py
[2024-09-02T21:35:24.305+0000] {processor.py:830} INFO - Processing file /home/airflow/.local/lib/python3.12/site-packages/airflow/example_dags/example_trigger_target_dag.py for tasks to queue
[2024-09-02T21:35:24.311+0000] {logging_mixin.py:188} INFO - [2024-09-02T21:35:24.310+0000] {dagbag.py:545} INFO - Filling up the DagBag from /home/airflow/.local/lib/python3.12/site-packages/airflow/example_dags/example_trigger_target_dag.py
[2024-09-02T21:35:24.344+0000] {processor.py:840} INFO - DAG(s) 'example_trigger_target_dag' retrieved from /home/airflow/.local/lib/python3.12/site-packages/airflow/example_dags/example_trigger_target_dag.py
[2024-09-02T21:35:24.788+0000] {logging_mixin.py:188} INFO - [2024-09-02T21:35:24.786+0000] {override.py:1829} INFO - Created Permission View: can edit on DAG:example_trigger_target_dag
[2024-09-02T21:35:24.825+0000] {logging_mixin.py:188} INFO - [2024-09-02T21:35:24.824+0000] {override.py:1829} INFO - Created Permission View: can delete on DAG:example_trigger_target_dag
[2024-09-02T21:35:24.851+0000] {logging_mixin.py:188} INFO - [2024-09-02T21:35:24.850+0000] {override.py:1829} INFO - Created Permission View: can read on DAG:example_trigger_target_dag
[2024-09-02T21:35:24.853+0000] {logging_mixin.py:188} INFO - [2024-09-02T21:35:24.852+0000] {dag.py:3096} INFO - Sync 1 DAGs
[2024-09-02T21:35:24.894+0000] {logging_mixin.py:188} INFO - [2024-09-02T21:35:24.893+0000] {dag.py:3118} INFO - Creating ORM DAG for example_trigger_target_dag
[2024-09-02T21:35:24.897+0000] {logging_mixin.py:188} INFO - [2024-09-02T21:35:24.896+0000] {dag.py:3954} INFO - Setting next_dagrun for example_trigger_target_dag to None, run_after=None
[2024-09-02T21:35:25.005+0000] {processor.py:183} INFO - Processing /home/airflow/.local/lib/python3.12/site-packages/airflow/example_dags/example_trigger_target_dag.py took 0.721 seconds
[2024-09-02T21:35:57.711+0000] {processor.py:161} INFO - Started process (PID=184) to work on /home/airflow/.local/lib/python3.12/site-packages/airflow/example_dags/example_trigger_target_dag.py
[2024-09-02T21:35:57.720+0000] {processor.py:830} INFO - Processing file /home/airflow/.local/lib/python3.12/site-packages/airflow/example_dags/example_trigger_target_dag.py for tasks to queue
[2024-09-02T21:35:57.788+0000] {logging_mixin.py:188} INFO - [2024-09-02T21:35:57.784+0000] {dagbag.py:545} INFO - Filling up the DagBag from /home/airflow/.local/lib/python3.12/site-packages/airflow/example_dags/example_trigger_target_dag.py
[2024-09-02T21:35:57.875+0000] {processor.py:840} INFO - DAG(s) 'example_trigger_target_dag' retrieved from /home/airflow/.local/lib/python3.12/site-packages/airflow/example_dags/example_trigger_target_dag.py
[2024-09-02T21:35:58.006+0000] {logging_mixin.py:188} INFO - [2024-09-02T21:35:58.005+0000] {dag.py:3096} INFO - Sync 1 DAGs
[2024-09-02T21:35:58.127+0000] {logging_mixin.py:188} INFO - [2024-09-02T21:35:58.127+0000] {dag.py:3954} INFO - Setting next_dagrun for example_trigger_target_dag to None, run_after=None
[2024-09-02T21:35:58.347+0000] {processor.py:183} INFO - Processing /home/airflow/.local/lib/python3.12/site-packages/airflow/example_dags/example_trigger_target_dag.py took 0.762 seconds
[2024-09-02T21:38:49.732+0000] {processor.py:161} INFO - Started process (PID=117) to work on /home/airflow/.local/lib/python3.12/site-packages/airflow/example_dags/example_trigger_target_dag.py
[2024-09-02T21:38:49.734+0000] {processor.py:830} INFO - Processing file /home/airflow/.local/lib/python3.12/site-packages/airflow/example_dags/example_trigger_target_dag.py for tasks to queue
[2024-09-02T21:38:49.738+0000] {logging_mixin.py:188} INFO - [2024-09-02T21:38:49.737+0000] {dagbag.py:545} INFO - Filling up the DagBag from /home/airflow/.local/lib/python3.12/site-packages/airflow/example_dags/example_trigger_target_dag.py
[2024-09-02T21:38:49.753+0000] {processor.py:840} INFO - DAG(s) 'example_trigger_target_dag' retrieved from /home/airflow/.local/lib/python3.12/site-packages/airflow/example_dags/example_trigger_target_dag.py
[2024-09-02T21:38:49.969+0000] {logging_mixin.py:188} INFO - [2024-09-02T21:38:49.968+0000] {override.py:1829} INFO - Created Permission View: can edit on DAG:example_trigger_target_dag
[2024-09-02T21:38:49.988+0000] {logging_mixin.py:188} INFO - [2024-09-02T21:38:49.987+0000] {override.py:1829} INFO - Created Permission View: can read on DAG:example_trigger_target_dag
[2024-09-02T21:38:50.001+0000] {logging_mixin.py:188} INFO - [2024-09-02T21:38:50.000+0000] {override.py:1829} INFO - Created Permission View: can delete on DAG:example_trigger_target_dag
[2024-09-02T21:38:50.002+0000] {logging_mixin.py:188} INFO - [2024-09-02T21:38:50.002+0000] {dag.py:3096} INFO - Sync 1 DAGs
[2024-09-02T21:38:50.023+0000] {logging_mixin.py:188} INFO - [2024-09-02T21:38:50.022+0000] {dag.py:3118} INFO - Creating ORM DAG for example_trigger_target_dag
[2024-09-02T21:38:50.024+0000] {logging_mixin.py:188} INFO - [2024-09-02T21:38:50.024+0000] {dag.py:3954} INFO - Setting next_dagrun for example_trigger_target_dag to None, run_after=None
[2024-09-02T21:38:50.056+0000] {processor.py:183} INFO - Processing /home/airflow/.local/lib/python3.12/site-packages/airflow/example_dags/example_trigger_target_dag.py took 0.335 seconds
[2024-09-02T21:39:20.171+0000] {processor.py:161} INFO - Started process (PID=177) to work on /home/airflow/.local/lib/python3.12/site-packages/airflow/example_dags/example_trigger_target_dag.py
[2024-09-02T21:39:20.173+0000] {processor.py:830} INFO - Processing file /home/airflow/.local/lib/python3.12/site-packages/airflow/example_dags/example_trigger_target_dag.py for tasks to queue
[2024-09-02T21:39:20.177+0000] {logging_mixin.py:188} INFO - [2024-09-02T21:39:20.176+0000] {dagbag.py:545} INFO - Filling up the DagBag from /home/airflow/.local/lib/python3.12/site-packages/airflow/example_dags/example_trigger_target_dag.py
[2024-09-02T21:39:20.190+0000] {processor.py:840} INFO - DAG(s) 'example_trigger_target_dag' retrieved from /home/airflow/.local/lib/python3.12/site-packages/airflow/example_dags/example_trigger_target_dag.py
[2024-09-02T21:39:20.229+0000] {logging_mixin.py:188} INFO - [2024-09-02T21:39:20.228+0000] {dag.py:3096} INFO - Sync 1 DAGs
[2024-09-02T21:39:20.268+0000] {logging_mixin.py:188} INFO - [2024-09-02T21:39:20.268+0000] {dag.py:3954} INFO - Setting next_dagrun for example_trigger_target_dag to None, run_after=None
[2024-09-02T21:39:20.322+0000] {processor.py:183} INFO - Processing /home/airflow/.local/lib/python3.12/site-packages/airflow/example_dags/example_trigger_target_dag.py took 0.163 seconds
[2024-09-02T21:39:51.020+0000] {processor.py:161} INFO - Started process (PID=237) to work on /home/airflow/.local/lib/python3.12/site-packages/airflow/example_dags/example_trigger_target_dag.py
[2024-09-02T21:39:51.021+0000] {processor.py:830} INFO - Processing file /home/airflow/.local/lib/python3.12/site-packages/airflow/example_dags/example_trigger_target_dag.py for tasks to queue
[2024-09-02T21:39:51.023+0000] {logging_mixin.py:188} INFO - [2024-09-02T21:39:51.023+0000] {dagbag.py:545} INFO - Filling up the DagBag from /home/airflow/.local/lib/python3.12/site-packages/airflow/example_dags/example_trigger_target_dag.py
[2024-09-02T21:39:51.032+0000] {processor.py:840} INFO - DAG(s) 'example_trigger_target_dag' retrieved from /home/airflow/.local/lib/python3.12/site-packages/airflow/example_dags/example_trigger_target_dag.py
[2024-09-02T21:39:51.059+0000] {logging_mixin.py:188} INFO - [2024-09-02T21:39:51.059+0000] {dag.py:3096} INFO - Sync 1 DAGs
[2024-09-02T21:39:51.081+0000] {logging_mixin.py:188} INFO - [2024-09-02T21:39:51.081+0000] {dag.py:3954} INFO - Setting next_dagrun for example_trigger_target_dag to None, run_after=None
[2024-09-02T21:39:51.113+0000] {processor.py:183} INFO - Processing /home/airflow/.local/lib/python3.12/site-packages/airflow/example_dags/example_trigger_target_dag.py took 0.099 seconds
[2024-09-02T21:40:21.439+0000] {processor.py:161} INFO - Started process (PID=297) to work on /home/airflow/.local/lib/python3.12/site-packages/airflow/example_dags/example_trigger_target_dag.py
[2024-09-02T21:40:21.441+0000] {processor.py:830} INFO - Processing file /home/airflow/.local/lib/python3.12/site-packages/airflow/example_dags/example_trigger_target_dag.py for tasks to queue
[2024-09-02T21:40:21.443+0000] {logging_mixin.py:188} INFO - [2024-09-02T21:40:21.443+0000] {dagbag.py:545} INFO - Filling up the DagBag from /home/airflow/.local/lib/python3.12/site-packages/airflow/example_dags/example_trigger_target_dag.py
[2024-09-02T21:40:21.450+0000] {processor.py:840} INFO - DAG(s) 'example_trigger_target_dag' retrieved from /home/airflow/.local/lib/python3.12/site-packages/airflow/example_dags/example_trigger_target_dag.py
[2024-09-02T21:40:21.475+0000] {logging_mixin.py:188} INFO - [2024-09-02T21:40:21.474+0000] {dag.py:3096} INFO - Sync 1 DAGs
[2024-09-02T21:40:21.490+0000] {logging_mixin.py:188} INFO - [2024-09-02T21:40:21.490+0000] {dag.py:3954} INFO - Setting next_dagrun for example_trigger_target_dag to None, run_after=None
[2024-09-02T21:40:21.534+0000] {processor.py:183} INFO - Processing /home/airflow/.local/lib/python3.12/site-packages/airflow/example_dags/example_trigger_target_dag.py took 0.102 seconds
[2024-09-02T21:40:51.845+0000] {processor.py:161} INFO - Started process (PID=357) to work on /home/airflow/.local/lib/python3.12/site-packages/airflow/example_dags/example_trigger_target_dag.py
[2024-09-02T21:40:51.846+0000] {processor.py:830} INFO - Processing file /home/airflow/.local/lib/python3.12/site-packages/airflow/example_dags/example_trigger_target_dag.py for tasks to queue
[2024-09-02T21:40:51.849+0000] {logging_mixin.py:188} INFO - [2024-09-02T21:40:51.849+0000] {dagbag.py:545} INFO - Filling up the DagBag from /home/airflow/.local/lib/python3.12/site-packages/airflow/example_dags/example_trigger_target_dag.py
[2024-09-02T21:40:51.857+0000] {processor.py:840} INFO - DAG(s) 'example_trigger_target_dag' retrieved from /home/airflow/.local/lib/python3.12/site-packages/airflow/example_dags/example_trigger_target_dag.py
[2024-09-02T21:40:51.881+0000] {logging_mixin.py:188} INFO - [2024-09-02T21:40:51.881+0000] {dag.py:3096} INFO - Sync 1 DAGs
[2024-09-02T21:40:51.901+0000] {logging_mixin.py:188} INFO - [2024-09-02T21:40:51.901+0000] {dag.py:3954} INFO - Setting next_dagrun for example_trigger_target_dag to None, run_after=None
[2024-09-02T21:40:51.928+0000] {processor.py:183} INFO - Processing /home/airflow/.local/lib/python3.12/site-packages/airflow/example_dags/example_trigger_target_dag.py took 0.091 seconds
[2024-09-02T21:44:39.647+0000] {processor.py:161} INFO - Started process (PID=111) to work on /home/airflow/.local/lib/python3.12/site-packages/airflow/example_dags/example_trigger_target_dag.py
[2024-09-02T21:44:39.649+0000] {processor.py:830} INFO - Processing file /home/airflow/.local/lib/python3.12/site-packages/airflow/example_dags/example_trigger_target_dag.py for tasks to queue
[2024-09-02T21:44:39.653+0000] {logging_mixin.py:188} INFO - [2024-09-02T21:44:39.652+0000] {dagbag.py:545} INFO - Filling up the DagBag from /home/airflow/.local/lib/python3.12/site-packages/airflow/example_dags/example_trigger_target_dag.py
[2024-09-02T21:44:39.667+0000] {processor.py:840} INFO - DAG(s) 'example_trigger_target_dag' retrieved from /home/airflow/.local/lib/python3.12/site-packages/airflow/example_dags/example_trigger_target_dag.py
[2024-09-02T21:44:39.849+0000] {logging_mixin.py:188} INFO - [2024-09-02T21:44:39.848+0000] {override.py:1829} INFO - Created Permission View: can read on DAG:example_trigger_target_dag
[2024-09-02T21:44:39.866+0000] {logging_mixin.py:188} INFO - [2024-09-02T21:44:39.866+0000] {override.py:1829} INFO - Created Permission View: can delete on DAG:example_trigger_target_dag
[2024-09-02T21:44:39.878+0000] {logging_mixin.py:188} INFO - [2024-09-02T21:44:39.878+0000] {override.py:1829} INFO - Created Permission View: can edit on DAG:example_trigger_target_dag
[2024-09-02T21:44:39.880+0000] {logging_mixin.py:188} INFO - [2024-09-02T21:44:39.879+0000] {dag.py:3096} INFO - Sync 1 DAGs
[2024-09-02T21:44:39.898+0000] {logging_mixin.py:188} INFO - [2024-09-02T21:44:39.898+0000] {dag.py:3118} INFO - Creating ORM DAG for example_trigger_target_dag
[2024-09-02T21:44:39.900+0000] {logging_mixin.py:188} INFO - [2024-09-02T21:44:39.900+0000] {dag.py:3954} INFO - Setting next_dagrun for example_trigger_target_dag to None, run_after=None
[2024-09-02T21:44:39.928+0000] {processor.py:183} INFO - Processing /home/airflow/.local/lib/python3.12/site-packages/airflow/example_dags/example_trigger_target_dag.py took 0.290 seconds
[2024-09-02T21:45:10.671+0000] {processor.py:161} INFO - Started process (PID=171) to work on /home/airflow/.local/lib/python3.12/site-packages/airflow/example_dags/example_trigger_target_dag.py
[2024-09-02T21:45:10.672+0000] {processor.py:830} INFO - Processing file /home/airflow/.local/lib/python3.12/site-packages/airflow/example_dags/example_trigger_target_dag.py for tasks to queue
[2024-09-02T21:45:10.675+0000] {logging_mixin.py:188} INFO - [2024-09-02T21:45:10.675+0000] {dagbag.py:545} INFO - Filling up the DagBag from /home/airflow/.local/lib/python3.12/site-packages/airflow/example_dags/example_trigger_target_dag.py
[2024-09-02T21:45:10.686+0000] {processor.py:840} INFO - DAG(s) 'example_trigger_target_dag' retrieved from /home/airflow/.local/lib/python3.12/site-packages/airflow/example_dags/example_trigger_target_dag.py
[2024-09-02T21:45:10.724+0000] {logging_mixin.py:188} INFO - [2024-09-02T21:45:10.723+0000] {dag.py:3096} INFO - Sync 1 DAGs
[2024-09-02T21:45:10.746+0000] {logging_mixin.py:188} INFO - [2024-09-02T21:45:10.746+0000] {dag.py:3954} INFO - Setting next_dagrun for example_trigger_target_dag to None, run_after=None
[2024-09-02T21:45:10.771+0000] {processor.py:183} INFO - Processing /home/airflow/.local/lib/python3.12/site-packages/airflow/example_dags/example_trigger_target_dag.py took 0.107 seconds
[2024-09-02T21:45:41.309+0000] {processor.py:161} INFO - Started process (PID=231) to work on /home/airflow/.local/lib/python3.12/site-packages/airflow/example_dags/example_trigger_target_dag.py
[2024-09-02T21:45:41.311+0000] {processor.py:830} INFO - Processing file /home/airflow/.local/lib/python3.12/site-packages/airflow/example_dags/example_trigger_target_dag.py for tasks to queue
[2024-09-02T21:45:41.313+0000] {logging_mixin.py:188} INFO - [2024-09-02T21:45:41.312+0000] {dagbag.py:545} INFO - Filling up the DagBag from /home/airflow/.local/lib/python3.12/site-packages/airflow/example_dags/example_trigger_target_dag.py
[2024-09-02T21:45:41.318+0000] {processor.py:840} INFO - DAG(s) 'example_trigger_target_dag' retrieved from /home/airflow/.local/lib/python3.12/site-packages/airflow/example_dags/example_trigger_target_dag.py
[2024-09-02T21:45:41.335+0000] {logging_mixin.py:188} INFO - [2024-09-02T21:45:41.335+0000] {dag.py:3096} INFO - Sync 1 DAGs
[2024-09-02T21:45:41.346+0000] {logging_mixin.py:188} INFO - [2024-09-02T21:45:41.346+0000] {dag.py:3954} INFO - Setting next_dagrun for example_trigger_target_dag to None, run_after=None
[2024-09-02T21:45:41.365+0000] {processor.py:183} INFO - Processing /home/airflow/.local/lib/python3.12/site-packages/airflow/example_dags/example_trigger_target_dag.py took 0.061 seconds
[2024-09-02T21:46:11.715+0000] {processor.py:161} INFO - Started process (PID=292) to work on /home/airflow/.local/lib/python3.12/site-packages/airflow/example_dags/example_trigger_target_dag.py
[2024-09-02T21:46:11.717+0000] {processor.py:830} INFO - Processing file /home/airflow/.local/lib/python3.12/site-packages/airflow/example_dags/example_trigger_target_dag.py for tasks to queue
[2024-09-02T21:46:11.720+0000] {logging_mixin.py:188} INFO - [2024-09-02T21:46:11.719+0000] {dagbag.py:545} INFO - Filling up the DagBag from /home/airflow/.local/lib/python3.12/site-packages/airflow/example_dags/example_trigger_target_dag.py
[2024-09-02T21:46:11.728+0000] {processor.py:840} INFO - DAG(s) 'example_trigger_target_dag' retrieved from /home/airflow/.local/lib/python3.12/site-packages/airflow/example_dags/example_trigger_target_dag.py
[2024-09-02T21:46:11.751+0000] {logging_mixin.py:188} INFO - [2024-09-02T21:46:11.751+0000] {dag.py:3096} INFO - Sync 1 DAGs
[2024-09-02T21:46:11.768+0000] {logging_mixin.py:188} INFO - [2024-09-02T21:46:11.767+0000] {dag.py:3954} INFO - Setting next_dagrun for example_trigger_target_dag to None, run_after=None
[2024-09-02T21:46:11.792+0000] {processor.py:183} INFO - Processing /home/airflow/.local/lib/python3.12/site-packages/airflow/example_dags/example_trigger_target_dag.py took 0.085 seconds
[2024-09-02T21:46:41.947+0000] {processor.py:161} INFO - Started process (PID=352) to work on /home/airflow/.local/lib/python3.12/site-packages/airflow/example_dags/example_trigger_target_dag.py
[2024-09-02T21:46:41.948+0000] {processor.py:830} INFO - Processing file /home/airflow/.local/lib/python3.12/site-packages/airflow/example_dags/example_trigger_target_dag.py for tasks to queue
[2024-09-02T21:46:41.950+0000] {logging_mixin.py:188} INFO - [2024-09-02T21:46:41.950+0000] {dagbag.py:545} INFO - Filling up the DagBag from /home/airflow/.local/lib/python3.12/site-packages/airflow/example_dags/example_trigger_target_dag.py
[2024-09-02T21:46:41.957+0000] {processor.py:840} INFO - DAG(s) 'example_trigger_target_dag' retrieved from /home/airflow/.local/lib/python3.12/site-packages/airflow/example_dags/example_trigger_target_dag.py
[2024-09-02T21:46:41.978+0000] {logging_mixin.py:188} INFO - [2024-09-02T21:46:41.977+0000] {dag.py:3096} INFO - Sync 1 DAGs
[2024-09-02T21:46:41.998+0000] {logging_mixin.py:188} INFO - [2024-09-02T21:46:41.997+0000] {dag.py:3954} INFO - Setting next_dagrun for example_trigger_target_dag to None, run_after=None
[2024-09-02T21:46:42.023+0000] {processor.py:183} INFO - Processing /home/airflow/.local/lib/python3.12/site-packages/airflow/example_dags/example_trigger_target_dag.py took 0.082 seconds
[2024-09-02T21:47:12.245+0000] {processor.py:161} INFO - Started process (PID=412) to work on /home/airflow/.local/lib/python3.12/site-packages/airflow/example_dags/example_trigger_target_dag.py
[2024-09-02T21:47:12.246+0000] {processor.py:830} INFO - Processing file /home/airflow/.local/lib/python3.12/site-packages/airflow/example_dags/example_trigger_target_dag.py for tasks to queue
[2024-09-02T21:47:12.248+0000] {logging_mixin.py:188} INFO - [2024-09-02T21:47:12.248+0000] {dagbag.py:545} INFO - Filling up the DagBag from /home/airflow/.local/lib/python3.12/site-packages/airflow/example_dags/example_trigger_target_dag.py
[2024-09-02T21:47:12.254+0000] {processor.py:840} INFO - DAG(s) 'example_trigger_target_dag' retrieved from /home/airflow/.local/lib/python3.12/site-packages/airflow/example_dags/example_trigger_target_dag.py
[2024-09-02T21:47:12.287+0000] {logging_mixin.py:188} INFO - [2024-09-02T21:47:12.286+0000] {dag.py:3096} INFO - Sync 1 DAGs
[2024-09-02T21:47:12.305+0000] {logging_mixin.py:188} INFO - [2024-09-02T21:47:12.305+0000] {dag.py:3954} INFO - Setting next_dagrun for example_trigger_target_dag to None, run_after=None
[2024-09-02T21:47:12.325+0000] {processor.py:183} INFO - Processing /home/airflow/.local/lib/python3.12/site-packages/airflow/example_dags/example_trigger_target_dag.py took 0.085 seconds
[2024-09-02T21:47:43.506+0000] {processor.py:161} INFO - Started process (PID=472) to work on /home/airflow/.local/lib/python3.12/site-packages/airflow/example_dags/example_trigger_target_dag.py
[2024-09-02T21:47:43.507+0000] {processor.py:830} INFO - Processing file /home/airflow/.local/lib/python3.12/site-packages/airflow/example_dags/example_trigger_target_dag.py for tasks to queue
[2024-09-02T21:47:43.509+0000] {logging_mixin.py:188} INFO - [2024-09-02T21:47:43.509+0000] {dagbag.py:545} INFO - Filling up the DagBag from /home/airflow/.local/lib/python3.12/site-packages/airflow/example_dags/example_trigger_target_dag.py
[2024-09-02T21:47:43.516+0000] {processor.py:840} INFO - DAG(s) 'example_trigger_target_dag' retrieved from /home/airflow/.local/lib/python3.12/site-packages/airflow/example_dags/example_trigger_target_dag.py
[2024-09-02T21:47:43.554+0000] {logging_mixin.py:188} INFO - [2024-09-02T21:47:43.553+0000] {dag.py:3096} INFO - Sync 1 DAGs
[2024-09-02T21:47:43.581+0000] {logging_mixin.py:188} INFO - [2024-09-02T21:47:43.580+0000] {dag.py:3954} INFO - Setting next_dagrun for example_trigger_target_dag to None, run_after=None
[2024-09-02T21:47:43.627+0000] {processor.py:183} INFO - Processing /home/airflow/.local/lib/python3.12/site-packages/airflow/example_dags/example_trigger_target_dag.py took 0.129 seconds
[2024-09-02T21:48:14.097+0000] {processor.py:161} INFO - Started process (PID=532) to work on /home/airflow/.local/lib/python3.12/site-packages/airflow/example_dags/example_trigger_target_dag.py
[2024-09-02T21:48:14.100+0000] {processor.py:830} INFO - Processing file /home/airflow/.local/lib/python3.12/site-packages/airflow/example_dags/example_trigger_target_dag.py for tasks to queue
[2024-09-02T21:48:14.106+0000] {logging_mixin.py:188} INFO - [2024-09-02T21:48:14.105+0000] {dagbag.py:545} INFO - Filling up the DagBag from /home/airflow/.local/lib/python3.12/site-packages/airflow/example_dags/example_trigger_target_dag.py
[2024-09-02T21:48:14.123+0000] {processor.py:840} INFO - DAG(s) 'example_trigger_target_dag' retrieved from /home/airflow/.local/lib/python3.12/site-packages/airflow/example_dags/example_trigger_target_dag.py
[2024-09-02T21:48:14.181+0000] {logging_mixin.py:188} INFO - [2024-09-02T21:48:14.180+0000] {dag.py:3096} INFO - Sync 1 DAGs
[2024-09-02T21:48:14.218+0000] {logging_mixin.py:188} INFO - [2024-09-02T21:48:14.217+0000] {dag.py:3954} INFO - Setting next_dagrun for example_trigger_target_dag to None, run_after=None
[2024-09-02T21:48:14.259+0000] {processor.py:183} INFO - Processing /home/airflow/.local/lib/python3.12/site-packages/airflow/example_dags/example_trigger_target_dag.py took 0.185 seconds
[2024-09-02T21:48:44.654+0000] {processor.py:161} INFO - Started process (PID=592) to work on /home/airflow/.local/lib/python3.12/site-packages/airflow/example_dags/example_trigger_target_dag.py
[2024-09-02T21:48:44.656+0000] {processor.py:830} INFO - Processing file /home/airflow/.local/lib/python3.12/site-packages/airflow/example_dags/example_trigger_target_dag.py for tasks to queue
[2024-09-02T21:48:44.658+0000] {logging_mixin.py:188} INFO - [2024-09-02T21:48:44.658+0000] {dagbag.py:545} INFO - Filling up the DagBag from /home/airflow/.local/lib/python3.12/site-packages/airflow/example_dags/example_trigger_target_dag.py
[2024-09-02T21:48:44.667+0000] {processor.py:840} INFO - DAG(s) 'example_trigger_target_dag' retrieved from /home/airflow/.local/lib/python3.12/site-packages/airflow/example_dags/example_trigger_target_dag.py
[2024-09-02T21:48:44.696+0000] {logging_mixin.py:188} INFO - [2024-09-02T21:48:44.695+0000] {dag.py:3096} INFO - Sync 1 DAGs
[2024-09-02T21:48:44.714+0000] {logging_mixin.py:188} INFO - [2024-09-02T21:48:44.713+0000] {dag.py:3954} INFO - Setting next_dagrun for example_trigger_target_dag to None, run_after=None
[2024-09-02T21:48:44.741+0000] {processor.py:183} INFO - Processing /home/airflow/.local/lib/python3.12/site-packages/airflow/example_dags/example_trigger_target_dag.py took 0.095 seconds
[2024-09-02T21:49:14.961+0000] {processor.py:161} INFO - Started process (PID=652) to work on /home/airflow/.local/lib/python3.12/site-packages/airflow/example_dags/example_trigger_target_dag.py
[2024-09-02T21:49:14.964+0000] {processor.py:830} INFO - Processing file /home/airflow/.local/lib/python3.12/site-packages/airflow/example_dags/example_trigger_target_dag.py for tasks to queue
[2024-09-02T21:49:14.970+0000] {logging_mixin.py:188} INFO - [2024-09-02T21:49:14.967+0000] {dagbag.py:545} INFO - Filling up the DagBag from /home/airflow/.local/lib/python3.12/site-packages/airflow/example_dags/example_trigger_target_dag.py
[2024-09-02T21:49:14.982+0000] {processor.py:840} INFO - DAG(s) 'example_trigger_target_dag' retrieved from /home/airflow/.local/lib/python3.12/site-packages/airflow/example_dags/example_trigger_target_dag.py
[2024-09-02T21:49:15.027+0000] {logging_mixin.py:188} INFO - [2024-09-02T21:49:15.026+0000] {dag.py:3096} INFO - Sync 1 DAGs
[2024-09-02T21:49:15.049+0000] {logging_mixin.py:188} INFO - [2024-09-02T21:49:15.049+0000] {dag.py:3954} INFO - Setting next_dagrun for example_trigger_target_dag to None, run_after=None
[2024-09-02T21:49:15.084+0000] {processor.py:183} INFO - Processing /home/airflow/.local/lib/python3.12/site-packages/airflow/example_dags/example_trigger_target_dag.py took 0.135 seconds
[2024-09-02T21:49:45.263+0000] {processor.py:161} INFO - Started process (PID=712) to work on /home/airflow/.local/lib/python3.12/site-packages/airflow/example_dags/example_trigger_target_dag.py
[2024-09-02T21:49:45.265+0000] {processor.py:830} INFO - Processing file /home/airflow/.local/lib/python3.12/site-packages/airflow/example_dags/example_trigger_target_dag.py for tasks to queue
[2024-09-02T21:49:45.269+0000] {logging_mixin.py:188} INFO - [2024-09-02T21:49:45.268+0000] {dagbag.py:545} INFO - Filling up the DagBag from /home/airflow/.local/lib/python3.12/site-packages/airflow/example_dags/example_trigger_target_dag.py
[2024-09-02T21:49:45.279+0000] {processor.py:840} INFO - DAG(s) 'example_trigger_target_dag' retrieved from /home/airflow/.local/lib/python3.12/site-packages/airflow/example_dags/example_trigger_target_dag.py
[2024-09-02T21:49:45.310+0000] {logging_mixin.py:188} INFO - [2024-09-02T21:49:45.309+0000] {dag.py:3096} INFO - Sync 1 DAGs
[2024-09-02T21:49:45.337+0000] {logging_mixin.py:188} INFO - [2024-09-02T21:49:45.337+0000] {dag.py:3954} INFO - Setting next_dagrun for example_trigger_target_dag to None, run_after=None
[2024-09-02T21:49:45.377+0000] {processor.py:183} INFO - Processing /home/airflow/.local/lib/python3.12/site-packages/airflow/example_dags/example_trigger_target_dag.py took 0.125 seconds
[2024-09-02T21:50:15.969+0000] {processor.py:161} INFO - Started process (PID=772) to work on /home/airflow/.local/lib/python3.12/site-packages/airflow/example_dags/example_trigger_target_dag.py
[2024-09-02T21:50:15.970+0000] {processor.py:830} INFO - Processing file /home/airflow/.local/lib/python3.12/site-packages/airflow/example_dags/example_trigger_target_dag.py for tasks to queue
[2024-09-02T21:50:15.974+0000] {logging_mixin.py:188} INFO - [2024-09-02T21:50:15.973+0000] {dagbag.py:545} INFO - Filling up the DagBag from /home/airflow/.local/lib/python3.12/site-packages/airflow/example_dags/example_trigger_target_dag.py
[2024-09-02T21:50:15.983+0000] {processor.py:840} INFO - DAG(s) 'example_trigger_target_dag' retrieved from /home/airflow/.local/lib/python3.12/site-packages/airflow/example_dags/example_trigger_target_dag.py
[2024-09-02T21:50:16.019+0000] {logging_mixin.py:188} INFO - [2024-09-02T21:50:16.018+0000] {dag.py:3096} INFO - Sync 1 DAGs
[2024-09-02T21:50:16.043+0000] {logging_mixin.py:188} INFO - [2024-09-02T21:50:16.043+0000] {dag.py:3954} INFO - Setting next_dagrun for example_trigger_target_dag to None, run_after=None
[2024-09-02T21:50:16.073+0000] {processor.py:183} INFO - Processing /home/airflow/.local/lib/python3.12/site-packages/airflow/example_dags/example_trigger_target_dag.py took 0.112 seconds
[2024-09-02T21:50:46.673+0000] {processor.py:161} INFO - Started process (PID=832) to work on /home/airflow/.local/lib/python3.12/site-packages/airflow/example_dags/example_trigger_target_dag.py
[2024-09-02T21:50:46.675+0000] {processor.py:830} INFO - Processing file /home/airflow/.local/lib/python3.12/site-packages/airflow/example_dags/example_trigger_target_dag.py for tasks to queue
[2024-09-02T21:50:46.680+0000] {logging_mixin.py:188} INFO - [2024-09-02T21:50:46.678+0000] {dagbag.py:545} INFO - Filling up the DagBag from /home/airflow/.local/lib/python3.12/site-packages/airflow/example_dags/example_trigger_target_dag.py
[2024-09-02T21:50:46.705+0000] {processor.py:840} INFO - DAG(s) 'example_trigger_target_dag' retrieved from /home/airflow/.local/lib/python3.12/site-packages/airflow/example_dags/example_trigger_target_dag.py
[2024-09-02T21:50:46.782+0000] {logging_mixin.py:188} INFO - [2024-09-02T21:50:46.781+0000] {dag.py:3096} INFO - Sync 1 DAGs
[2024-09-02T21:50:46.839+0000] {logging_mixin.py:188} INFO - [2024-09-02T21:50:46.838+0000] {dag.py:3954} INFO - Setting next_dagrun for example_trigger_target_dag to None, run_after=None
[2024-09-02T21:50:46.906+0000] {processor.py:183} INFO - Processing /home/airflow/.local/lib/python3.12/site-packages/airflow/example_dags/example_trigger_target_dag.py took 0.249 seconds
[2024-09-02T21:51:17.069+0000] {processor.py:161} INFO - Started process (PID=891) to work on /home/airflow/.local/lib/python3.12/site-packages/airflow/example_dags/example_trigger_target_dag.py
[2024-09-02T21:51:17.070+0000] {processor.py:830} INFO - Processing file /home/airflow/.local/lib/python3.12/site-packages/airflow/example_dags/example_trigger_target_dag.py for tasks to queue
[2024-09-02T21:51:17.073+0000] {logging_mixin.py:188} INFO - [2024-09-02T21:51:17.072+0000] {dagbag.py:545} INFO - Filling up the DagBag from /home/airflow/.local/lib/python3.12/site-packages/airflow/example_dags/example_trigger_target_dag.py
[2024-09-02T21:51:17.080+0000] {processor.py:840} INFO - DAG(s) 'example_trigger_target_dag' retrieved from /home/airflow/.local/lib/python3.12/site-packages/airflow/example_dags/example_trigger_target_dag.py
[2024-09-02T21:51:17.108+0000] {logging_mixin.py:188} INFO - [2024-09-02T21:51:17.108+0000] {dag.py:3096} INFO - Sync 1 DAGs
[2024-09-02T21:51:17.126+0000] {logging_mixin.py:188} INFO - [2024-09-02T21:51:17.126+0000] {dag.py:3954} INFO - Setting next_dagrun for example_trigger_target_dag to None, run_after=None
[2024-09-02T21:51:17.155+0000] {processor.py:183} INFO - Processing /home/airflow/.local/lib/python3.12/site-packages/airflow/example_dags/example_trigger_target_dag.py took 0.096 seconds
[2024-09-02T21:51:47.515+0000] {processor.py:161} INFO - Started process (PID=957) to work on /home/airflow/.local/lib/python3.12/site-packages/airflow/example_dags/example_trigger_target_dag.py
[2024-09-02T21:51:47.517+0000] {processor.py:830} INFO - Processing file /home/airflow/.local/lib/python3.12/site-packages/airflow/example_dags/example_trigger_target_dag.py for tasks to queue
[2024-09-02T21:51:47.520+0000] {logging_mixin.py:188} INFO - [2024-09-02T21:51:47.519+0000] {dagbag.py:545} INFO - Filling up the DagBag from /home/airflow/.local/lib/python3.12/site-packages/airflow/example_dags/example_trigger_target_dag.py
[2024-09-02T21:51:47.528+0000] {processor.py:840} INFO - DAG(s) 'example_trigger_target_dag' retrieved from /home/airflow/.local/lib/python3.12/site-packages/airflow/example_dags/example_trigger_target_dag.py
[2024-09-02T21:51:47.556+0000] {logging_mixin.py:188} INFO - [2024-09-02T21:51:47.556+0000] {dag.py:3096} INFO - Sync 1 DAGs
[2024-09-02T21:51:47.582+0000] {logging_mixin.py:188} INFO - [2024-09-02T21:51:47.581+0000] {dag.py:3954} INFO - Setting next_dagrun for example_trigger_target_dag to None, run_after=None
[2024-09-02T21:51:47.612+0000] {processor.py:183} INFO - Processing /home/airflow/.local/lib/python3.12/site-packages/airflow/example_dags/example_trigger_target_dag.py took 0.104 seconds
[2024-09-02T21:52:18.920+0000] {processor.py:161} INFO - Started process (PID=1018) to work on /home/airflow/.local/lib/python3.12/site-packages/airflow/example_dags/example_trigger_target_dag.py
[2024-09-02T21:52:18.921+0000] {processor.py:830} INFO - Processing file /home/airflow/.local/lib/python3.12/site-packages/airflow/example_dags/example_trigger_target_dag.py for tasks to queue
[2024-09-02T21:52:18.923+0000] {logging_mixin.py:188} INFO - [2024-09-02T21:52:18.923+0000] {dagbag.py:545} INFO - Filling up the DagBag from /home/airflow/.local/lib/python3.12/site-packages/airflow/example_dags/example_trigger_target_dag.py
[2024-09-02T21:52:18.930+0000] {processor.py:840} INFO - DAG(s) 'example_trigger_target_dag' retrieved from /home/airflow/.local/lib/python3.12/site-packages/airflow/example_dags/example_trigger_target_dag.py
[2024-09-02T21:52:18.954+0000] {logging_mixin.py:188} INFO - [2024-09-02T21:52:18.954+0000] {dag.py:3096} INFO - Sync 1 DAGs
[2024-09-02T21:52:18.972+0000] {logging_mixin.py:188} INFO - [2024-09-02T21:52:18.971+0000] {dag.py:3954} INFO - Setting next_dagrun for example_trigger_target_dag to None, run_after=None
[2024-09-02T21:52:19.009+0000] {processor.py:183} INFO - Processing /home/airflow/.local/lib/python3.12/site-packages/airflow/example_dags/example_trigger_target_dag.py took 0.096 seconds
[2024-09-02T21:52:49.204+0000] {processor.py:161} INFO - Started process (PID=1078) to work on /home/airflow/.local/lib/python3.12/site-packages/airflow/example_dags/example_trigger_target_dag.py
[2024-09-02T21:52:49.205+0000] {processor.py:830} INFO - Processing file /home/airflow/.local/lib/python3.12/site-packages/airflow/example_dags/example_trigger_target_dag.py for tasks to queue
[2024-09-02T21:52:49.207+0000] {logging_mixin.py:188} INFO - [2024-09-02T21:52:49.207+0000] {dagbag.py:545} INFO - Filling up the DagBag from /home/airflow/.local/lib/python3.12/site-packages/airflow/example_dags/example_trigger_target_dag.py
[2024-09-02T21:52:49.214+0000] {processor.py:840} INFO - DAG(s) 'example_trigger_target_dag' retrieved from /home/airflow/.local/lib/python3.12/site-packages/airflow/example_dags/example_trigger_target_dag.py
[2024-09-02T21:52:49.238+0000] {logging_mixin.py:188} INFO - [2024-09-02T21:52:49.237+0000] {dag.py:3096} INFO - Sync 1 DAGs
[2024-09-02T21:52:49.255+0000] {logging_mixin.py:188} INFO - [2024-09-02T21:52:49.255+0000] {dag.py:3954} INFO - Setting next_dagrun for example_trigger_target_dag to None, run_after=None
[2024-09-02T21:52:49.283+0000] {processor.py:183} INFO - Processing /home/airflow/.local/lib/python3.12/site-packages/airflow/example_dags/example_trigger_target_dag.py took 0.087 seconds
[2024-09-02T21:53:19.572+0000] {processor.py:161} INFO - Started process (PID=1138) to work on /home/airflow/.local/lib/python3.12/site-packages/airflow/example_dags/example_trigger_target_dag.py
[2024-09-02T21:53:19.573+0000] {processor.py:830} INFO - Processing file /home/airflow/.local/lib/python3.12/site-packages/airflow/example_dags/example_trigger_target_dag.py for tasks to queue
[2024-09-02T21:53:19.575+0000] {logging_mixin.py:188} INFO - [2024-09-02T21:53:19.575+0000] {dagbag.py:545} INFO - Filling up the DagBag from /home/airflow/.local/lib/python3.12/site-packages/airflow/example_dags/example_trigger_target_dag.py
[2024-09-02T21:53:19.582+0000] {processor.py:840} INFO - DAG(s) 'example_trigger_target_dag' retrieved from /home/airflow/.local/lib/python3.12/site-packages/airflow/example_dags/example_trigger_target_dag.py
[2024-09-02T21:53:19.609+0000] {logging_mixin.py:188} INFO - [2024-09-02T21:53:19.608+0000] {dag.py:3096} INFO - Sync 1 DAGs
[2024-09-02T21:53:19.629+0000] {logging_mixin.py:188} INFO - [2024-09-02T21:53:19.628+0000] {dag.py:3954} INFO - Setting next_dagrun for example_trigger_target_dag to None, run_after=None
[2024-09-02T21:53:19.654+0000] {processor.py:183} INFO - Processing /home/airflow/.local/lib/python3.12/site-packages/airflow/example_dags/example_trigger_target_dag.py took 0.091 seconds
[2024-09-02T21:53:50.707+0000] {processor.py:161} INFO - Started process (PID=1199) to work on /home/airflow/.local/lib/python3.12/site-packages/airflow/example_dags/example_trigger_target_dag.py
[2024-09-02T21:53:50.709+0000] {processor.py:830} INFO - Processing file /home/airflow/.local/lib/python3.12/site-packages/airflow/example_dags/example_trigger_target_dag.py for tasks to queue
[2024-09-02T21:53:50.711+0000] {logging_mixin.py:188} INFO - [2024-09-02T21:53:50.711+0000] {dagbag.py:545} INFO - Filling up the DagBag from /home/airflow/.local/lib/python3.12/site-packages/airflow/example_dags/example_trigger_target_dag.py
[2024-09-02T21:53:50.719+0000] {processor.py:840} INFO - DAG(s) 'example_trigger_target_dag' retrieved from /home/airflow/.local/lib/python3.12/site-packages/airflow/example_dags/example_trigger_target_dag.py
[2024-09-02T21:53:50.744+0000] {logging_mixin.py:188} INFO - [2024-09-02T21:53:50.744+0000] {dag.py:3096} INFO - Sync 1 DAGs
[2024-09-02T21:53:50.762+0000] {logging_mixin.py:188} INFO - [2024-09-02T21:53:50.762+0000] {dag.py:3954} INFO - Setting next_dagrun for example_trigger_target_dag to None, run_after=None
[2024-09-02T21:53:50.787+0000] {processor.py:183} INFO - Processing /home/airflow/.local/lib/python3.12/site-packages/airflow/example_dags/example_trigger_target_dag.py took 0.087 seconds
[2024-09-02T21:54:21.683+0000] {processor.py:161} INFO - Started process (PID=1259) to work on /home/airflow/.local/lib/python3.12/site-packages/airflow/example_dags/example_trigger_target_dag.py
[2024-09-02T21:54:21.685+0000] {processor.py:830} INFO - Processing file /home/airflow/.local/lib/python3.12/site-packages/airflow/example_dags/example_trigger_target_dag.py for tasks to queue
[2024-09-02T21:54:21.688+0000] {logging_mixin.py:188} INFO - [2024-09-02T21:54:21.687+0000] {dagbag.py:545} INFO - Filling up the DagBag from /home/airflow/.local/lib/python3.12/site-packages/airflow/example_dags/example_trigger_target_dag.py
[2024-09-02T21:54:21.696+0000] {processor.py:840} INFO - DAG(s) 'example_trigger_target_dag' retrieved from /home/airflow/.local/lib/python3.12/site-packages/airflow/example_dags/example_trigger_target_dag.py
[2024-09-02T21:54:21.728+0000] {logging_mixin.py:188} INFO - [2024-09-02T21:54:21.728+0000] {dag.py:3096} INFO - Sync 1 DAGs
[2024-09-02T21:54:21.743+0000] {logging_mixin.py:188} INFO - [2024-09-02T21:54:21.743+0000] {dag.py:3954} INFO - Setting next_dagrun for example_trigger_target_dag to None, run_after=None
[2024-09-02T21:54:21.765+0000] {processor.py:183} INFO - Processing /home/airflow/.local/lib/python3.12/site-packages/airflow/example_dags/example_trigger_target_dag.py took 0.089 seconds
[2024-09-02T21:54:52.088+0000] {processor.py:161} INFO - Started process (PID=1319) to work on /home/airflow/.local/lib/python3.12/site-packages/airflow/example_dags/example_trigger_target_dag.py
[2024-09-02T21:54:52.090+0000] {processor.py:830} INFO - Processing file /home/airflow/.local/lib/python3.12/site-packages/airflow/example_dags/example_trigger_target_dag.py for tasks to queue
[2024-09-02T21:54:52.094+0000] {logging_mixin.py:188} INFO - [2024-09-02T21:54:52.093+0000] {dagbag.py:545} INFO - Filling up the DagBag from /home/airflow/.local/lib/python3.12/site-packages/airflow/example_dags/example_trigger_target_dag.py
[2024-09-02T21:54:52.106+0000] {processor.py:840} INFO - DAG(s) 'example_trigger_target_dag' retrieved from /home/airflow/.local/lib/python3.12/site-packages/airflow/example_dags/example_trigger_target_dag.py
[2024-09-02T21:54:52.136+0000] {logging_mixin.py:188} INFO - [2024-09-02T21:54:52.136+0000] {dag.py:3096} INFO - Sync 1 DAGs
[2024-09-02T21:54:52.166+0000] {logging_mixin.py:188} INFO - [2024-09-02T21:54:52.166+0000] {dag.py:3954} INFO - Setting next_dagrun for example_trigger_target_dag to None, run_after=None
[2024-09-02T21:54:52.214+0000] {processor.py:183} INFO - Processing /home/airflow/.local/lib/python3.12/site-packages/airflow/example_dags/example_trigger_target_dag.py took 0.142 seconds
[2024-09-02T21:55:23.126+0000] {processor.py:161} INFO - Started process (PID=1383) to work on /home/airflow/.local/lib/python3.12/site-packages/airflow/example_dags/example_trigger_target_dag.py
[2024-09-02T21:55:23.127+0000] {processor.py:830} INFO - Processing file /home/airflow/.local/lib/python3.12/site-packages/airflow/example_dags/example_trigger_target_dag.py for tasks to queue
[2024-09-02T21:55:23.130+0000] {logging_mixin.py:188} INFO - [2024-09-02T21:55:23.129+0000] {dagbag.py:545} INFO - Filling up the DagBag from /home/airflow/.local/lib/python3.12/site-packages/airflow/example_dags/example_trigger_target_dag.py
[2024-09-02T21:55:23.136+0000] {processor.py:840} INFO - DAG(s) 'example_trigger_target_dag' retrieved from /home/airflow/.local/lib/python3.12/site-packages/airflow/example_dags/example_trigger_target_dag.py
[2024-09-02T21:55:23.163+0000] {logging_mixin.py:188} INFO - [2024-09-02T21:55:23.163+0000] {dag.py:3096} INFO - Sync 1 DAGs
[2024-09-02T21:55:23.183+0000] {logging_mixin.py:188} INFO - [2024-09-02T21:55:23.183+0000] {dag.py:3954} INFO - Setting next_dagrun for example_trigger_target_dag to None, run_after=None
[2024-09-02T21:55:23.210+0000] {processor.py:183} INFO - Processing /home/airflow/.local/lib/python3.12/site-packages/airflow/example_dags/example_trigger_target_dag.py took 0.090 seconds
[2024-09-02T21:55:53.868+0000] {processor.py:161} INFO - Started process (PID=1446) to work on /home/airflow/.local/lib/python3.12/site-packages/airflow/example_dags/example_trigger_target_dag.py
[2024-09-02T21:55:53.869+0000] {processor.py:830} INFO - Processing file /home/airflow/.local/lib/python3.12/site-packages/airflow/example_dags/example_trigger_target_dag.py for tasks to queue
[2024-09-02T21:55:53.871+0000] {logging_mixin.py:188} INFO - [2024-09-02T21:55:53.871+0000] {dagbag.py:545} INFO - Filling up the DagBag from /home/airflow/.local/lib/python3.12/site-packages/airflow/example_dags/example_trigger_target_dag.py
[2024-09-02T21:55:53.878+0000] {processor.py:840} INFO - DAG(s) 'example_trigger_target_dag' retrieved from /home/airflow/.local/lib/python3.12/site-packages/airflow/example_dags/example_trigger_target_dag.py
[2024-09-02T21:55:53.902+0000] {logging_mixin.py:188} INFO - [2024-09-02T21:55:53.902+0000] {dag.py:3096} INFO - Sync 1 DAGs
[2024-09-02T21:55:53.920+0000] {logging_mixin.py:188} INFO - [2024-09-02T21:55:53.920+0000] {dag.py:3954} INFO - Setting next_dagrun for example_trigger_target_dag to None, run_after=None
[2024-09-02T21:55:53.946+0000] {processor.py:183} INFO - Processing /home/airflow/.local/lib/python3.12/site-packages/airflow/example_dags/example_trigger_target_dag.py took 0.087 seconds
