[2024-09-02T21:35:14.725+0000] {processor.py:161} INFO - Started process (PID=103) to work on /home/airflow/.local/lib/python3.12/site-packages/airflow/example_dags/example_branch_day_of_week_operator.py
[2024-09-02T21:35:14.734+0000] {processor.py:830} INFO - Processing file /home/airflow/.local/lib/python3.12/site-packages/airflow/example_dags/example_branch_day_of_week_operator.py for tasks to queue
[2024-09-02T21:35:14.759+0000] {logging_mixin.py:188} INFO - [2024-09-02T21:35:14.747+0000] {dagbag.py:545} INFO - Filling up the DagBag from /home/airflow/.local/lib/python3.12/site-packages/airflow/example_dags/example_branch_day_of_week_operator.py
[2024-09-02T21:35:14.909+0000] {processor.py:840} INFO - DAG(s) 'example_weekday_branch_operator' retrieved from /home/airflow/.local/lib/python3.12/site-packages/airflow/example_dags/example_branch_day_of_week_operator.py
[2024-09-02T21:35:16.125+0000] {logging_mixin.py:188} INFO - [2024-09-02T21:35:16.114+0000] {override.py:1829} INFO - Created Permission View: can edit on DAG:example_weekday_branch_operator
[2024-09-02T21:35:16.260+0000] {logging_mixin.py:188} INFO - [2024-09-02T21:35:16.258+0000] {override.py:1829} INFO - Created Permission View: can delete on DAG:example_weekday_branch_operator
[2024-09-02T21:35:16.419+0000] {logging_mixin.py:188} INFO - [2024-09-02T21:35:16.412+0000] {override.py:1829} INFO - Created Permission View: can read on DAG:example_weekday_branch_operator
[2024-09-02T21:35:16.427+0000] {logging_mixin.py:188} INFO - [2024-09-02T21:35:16.426+0000] {dag.py:3096} INFO - Sync 1 DAGs
[2024-09-02T21:35:16.616+0000] {logging_mixin.py:188} INFO - [2024-09-02T21:35:16.615+0000] {dag.py:3118} INFO - Creating ORM DAG for example_weekday_branch_operator
[2024-09-02T21:35:16.734+0000] {logging_mixin.py:188} INFO - [2024-09-02T21:35:16.730+0000] {dag.py:3954} INFO - Setting next_dagrun for example_weekday_branch_operator to 2024-09-01 00:00:00+00:00, run_after=2024-09-02 00:00:00+00:00
[2024-09-02T21:35:16.974+0000] {processor.py:183} INFO - Processing /home/airflow/.local/lib/python3.12/site-packages/airflow/example_dags/example_branch_day_of_week_operator.py took 2.314 seconds
[2024-09-02T21:35:48.140+0000] {processor.py:161} INFO - Started process (PID=162) to work on /home/airflow/.local/lib/python3.12/site-packages/airflow/example_dags/example_branch_day_of_week_operator.py
[2024-09-02T21:35:48.175+0000] {processor.py:830} INFO - Processing file /home/airflow/.local/lib/python3.12/site-packages/airflow/example_dags/example_branch_day_of_week_operator.py for tasks to queue
[2024-09-02T21:35:48.216+0000] {logging_mixin.py:188} INFO - [2024-09-02T21:35:48.212+0000] {dagbag.py:545} INFO - Filling up the DagBag from /home/airflow/.local/lib/python3.12/site-packages/airflow/example_dags/example_branch_day_of_week_operator.py
[2024-09-02T21:35:48.391+0000] {processor.py:840} INFO - DAG(s) 'example_weekday_branch_operator' retrieved from /home/airflow/.local/lib/python3.12/site-packages/airflow/example_dags/example_branch_day_of_week_operator.py
[2024-09-02T21:35:48.760+0000] {logging_mixin.py:188} INFO - [2024-09-02T21:35:48.759+0000] {dag.py:3096} INFO - Sync 1 DAGs
[2024-09-02T21:35:49.196+0000] {logging_mixin.py:188} INFO - [2024-09-02T21:35:49.195+0000] {dag.py:3954} INFO - Setting next_dagrun for example_weekday_branch_operator to 2024-09-01 00:00:00+00:00, run_after=2024-09-02 00:00:00+00:00
[2024-09-02T21:35:49.347+0000] {processor.py:183} INFO - Processing /home/airflow/.local/lib/python3.12/site-packages/airflow/example_dags/example_branch_day_of_week_operator.py took 1.388 seconds
[2024-09-02T21:36:20.626+0000] {processor.py:161} INFO - Started process (PID=222) to work on /home/airflow/.local/lib/python3.12/site-packages/airflow/example_dags/example_branch_day_of_week_operator.py
[2024-09-02T21:36:20.629+0000] {processor.py:830} INFO - Processing file /home/airflow/.local/lib/python3.12/site-packages/airflow/example_dags/example_branch_day_of_week_operator.py for tasks to queue
[2024-09-02T21:36:20.638+0000] {logging_mixin.py:188} INFO - [2024-09-02T21:36:20.636+0000] {dagbag.py:545} INFO - Filling up the DagBag from /home/airflow/.local/lib/python3.12/site-packages/airflow/example_dags/example_branch_day_of_week_operator.py
[2024-09-02T21:36:20.664+0000] {processor.py:840} INFO - DAG(s) 'example_weekday_branch_operator' retrieved from /home/airflow/.local/lib/python3.12/site-packages/airflow/example_dags/example_branch_day_of_week_operator.py
[2024-09-02T21:36:20.729+0000] {logging_mixin.py:188} INFO - [2024-09-02T21:36:20.728+0000] {dag.py:3096} INFO - Sync 1 DAGs
[2024-09-02T21:36:20.796+0000] {logging_mixin.py:188} INFO - [2024-09-02T21:36:20.796+0000] {dag.py:3954} INFO - Setting next_dagrun for example_weekday_branch_operator to 2024-09-01 00:00:00+00:00, run_after=2024-09-02 00:00:00+00:00
[2024-09-02T21:36:21.519+0000] {processor.py:183} INFO - Processing /home/airflow/.local/lib/python3.12/site-packages/airflow/example_dags/example_branch_day_of_week_operator.py took 0.919 seconds
[2024-09-02T21:38:44.289+0000] {processor.py:161} INFO - Started process (PID=101) to work on /home/airflow/.local/lib/python3.12/site-packages/airflow/example_dags/example_branch_day_of_week_operator.py
[2024-09-02T21:38:44.295+0000] {processor.py:830} INFO - Processing file /home/airflow/.local/lib/python3.12/site-packages/airflow/example_dags/example_branch_day_of_week_operator.py for tasks to queue
[2024-09-02T21:38:44.303+0000] {logging_mixin.py:188} INFO - [2024-09-02T21:38:44.302+0000] {dagbag.py:545} INFO - Filling up the DagBag from /home/airflow/.local/lib/python3.12/site-packages/airflow/example_dags/example_branch_day_of_week_operator.py
[2024-09-02T21:38:44.354+0000] {processor.py:840} INFO - DAG(s) 'example_weekday_branch_operator' retrieved from /home/airflow/.local/lib/python3.12/site-packages/airflow/example_dags/example_branch_day_of_week_operator.py
[2024-09-02T21:38:44.788+0000] {logging_mixin.py:188} INFO - [2024-09-02T21:38:44.786+0000] {override.py:1829} INFO - Created Permission View: can edit on DAG:example_weekday_branch_operator
[2024-09-02T21:38:44.847+0000] {logging_mixin.py:188} INFO - [2024-09-02T21:38:44.846+0000] {override.py:1829} INFO - Created Permission View: can read on DAG:example_weekday_branch_operator
[2024-09-02T21:38:44.871+0000] {logging_mixin.py:188} INFO - [2024-09-02T21:38:44.871+0000] {override.py:1829} INFO - Created Permission View: can delete on DAG:example_weekday_branch_operator
[2024-09-02T21:38:44.873+0000] {logging_mixin.py:188} INFO - [2024-09-02T21:38:44.872+0000] {dag.py:3096} INFO - Sync 1 DAGs
[2024-09-02T21:38:44.922+0000] {logging_mixin.py:188} INFO - [2024-09-02T21:38:44.921+0000] {dag.py:3118} INFO - Creating ORM DAG for example_weekday_branch_operator
[2024-09-02T21:38:45.015+0000] {logging_mixin.py:188} INFO - [2024-09-02T21:38:45.012+0000] {dag.py:3954} INFO - Setting next_dagrun for example_weekday_branch_operator to 2024-09-01 00:00:00+00:00, run_after=2024-09-02 00:00:00+00:00
[2024-09-02T21:38:45.079+0000] {processor.py:183} INFO - Processing /home/airflow/.local/lib/python3.12/site-packages/airflow/example_dags/example_branch_day_of_week_operator.py took 0.812 seconds
[2024-09-02T21:39:15.374+0000] {processor.py:161} INFO - Started process (PID=161) to work on /home/airflow/.local/lib/python3.12/site-packages/airflow/example_dags/example_branch_day_of_week_operator.py
[2024-09-02T21:39:15.375+0000] {processor.py:830} INFO - Processing file /home/airflow/.local/lib/python3.12/site-packages/airflow/example_dags/example_branch_day_of_week_operator.py for tasks to queue
[2024-09-02T21:39:15.377+0000] {logging_mixin.py:188} INFO - [2024-09-02T21:39:15.376+0000] {dagbag.py:545} INFO - Filling up the DagBag from /home/airflow/.local/lib/python3.12/site-packages/airflow/example_dags/example_branch_day_of_week_operator.py
[2024-09-02T21:39:15.385+0000] {processor.py:840} INFO - DAG(s) 'example_weekday_branch_operator' retrieved from /home/airflow/.local/lib/python3.12/site-packages/airflow/example_dags/example_branch_day_of_week_operator.py
[2024-09-02T21:39:15.412+0000] {logging_mixin.py:188} INFO - [2024-09-02T21:39:15.411+0000] {dag.py:3096} INFO - Sync 1 DAGs
[2024-09-02T21:39:15.440+0000] {logging_mixin.py:188} INFO - [2024-09-02T21:39:15.440+0000] {dag.py:3954} INFO - Setting next_dagrun for example_weekday_branch_operator to 2024-09-01 00:00:00+00:00, run_after=2024-09-02 00:00:00+00:00
[2024-09-02T21:39:15.464+0000] {processor.py:183} INFO - Processing /home/airflow/.local/lib/python3.12/site-packages/airflow/example_dags/example_branch_day_of_week_operator.py took 0.096 seconds
[2024-09-02T21:39:45.698+0000] {processor.py:161} INFO - Started process (PID=221) to work on /home/airflow/.local/lib/python3.12/site-packages/airflow/example_dags/example_branch_day_of_week_operator.py
[2024-09-02T21:39:45.700+0000] {processor.py:830} INFO - Processing file /home/airflow/.local/lib/python3.12/site-packages/airflow/example_dags/example_branch_day_of_week_operator.py for tasks to queue
[2024-09-02T21:39:45.706+0000] {logging_mixin.py:188} INFO - [2024-09-02T21:39:45.705+0000] {dagbag.py:545} INFO - Filling up the DagBag from /home/airflow/.local/lib/python3.12/site-packages/airflow/example_dags/example_branch_day_of_week_operator.py
[2024-09-02T21:39:45.724+0000] {processor.py:840} INFO - DAG(s) 'example_weekday_branch_operator' retrieved from /home/airflow/.local/lib/python3.12/site-packages/airflow/example_dags/example_branch_day_of_week_operator.py
[2024-09-02T21:39:45.751+0000] {logging_mixin.py:188} INFO - [2024-09-02T21:39:45.750+0000] {dag.py:3096} INFO - Sync 1 DAGs
[2024-09-02T21:39:45.778+0000] {logging_mixin.py:188} INFO - [2024-09-02T21:39:45.778+0000] {dag.py:3954} INFO - Setting next_dagrun for example_weekday_branch_operator to 2024-09-01 00:00:00+00:00, run_after=2024-09-02 00:00:00+00:00
[2024-09-02T21:39:45.805+0000] {processor.py:183} INFO - Processing /home/airflow/.local/lib/python3.12/site-packages/airflow/example_dags/example_branch_day_of_week_operator.py took 0.120 seconds
[2024-09-02T21:40:16.008+0000] {processor.py:161} INFO - Started process (PID=281) to work on /home/airflow/.local/lib/python3.12/site-packages/airflow/example_dags/example_branch_day_of_week_operator.py
[2024-09-02T21:40:16.009+0000] {processor.py:830} INFO - Processing file /home/airflow/.local/lib/python3.12/site-packages/airflow/example_dags/example_branch_day_of_week_operator.py for tasks to queue
[2024-09-02T21:40:16.011+0000] {logging_mixin.py:188} INFO - [2024-09-02T21:40:16.011+0000] {dagbag.py:545} INFO - Filling up the DagBag from /home/airflow/.local/lib/python3.12/site-packages/airflow/example_dags/example_branch_day_of_week_operator.py
[2024-09-02T21:40:16.018+0000] {processor.py:840} INFO - DAG(s) 'example_weekday_branch_operator' retrieved from /home/airflow/.local/lib/python3.12/site-packages/airflow/example_dags/example_branch_day_of_week_operator.py
[2024-09-02T21:40:16.044+0000] {logging_mixin.py:188} INFO - [2024-09-02T21:40:16.044+0000] {dag.py:3096} INFO - Sync 1 DAGs
[2024-09-02T21:40:16.071+0000] {logging_mixin.py:188} INFO - [2024-09-02T21:40:16.071+0000] {dag.py:3954} INFO - Setting next_dagrun for example_weekday_branch_operator to 2024-09-01 00:00:00+00:00, run_after=2024-09-02 00:00:00+00:00
[2024-09-02T21:40:16.096+0000] {processor.py:183} INFO - Processing /home/airflow/.local/lib/python3.12/site-packages/airflow/example_dags/example_branch_day_of_week_operator.py took 0.092 seconds
[2024-09-02T21:40:46.413+0000] {processor.py:161} INFO - Started process (PID=341) to work on /home/airflow/.local/lib/python3.12/site-packages/airflow/example_dags/example_branch_day_of_week_operator.py
[2024-09-02T21:40:46.415+0000] {processor.py:830} INFO - Processing file /home/airflow/.local/lib/python3.12/site-packages/airflow/example_dags/example_branch_day_of_week_operator.py for tasks to queue
[2024-09-02T21:40:46.417+0000] {logging_mixin.py:188} INFO - [2024-09-02T21:40:46.416+0000] {dagbag.py:545} INFO - Filling up the DagBag from /home/airflow/.local/lib/python3.12/site-packages/airflow/example_dags/example_branch_day_of_week_operator.py
[2024-09-02T21:40:46.428+0000] {processor.py:840} INFO - DAG(s) 'example_weekday_branch_operator' retrieved from /home/airflow/.local/lib/python3.12/site-packages/airflow/example_dags/example_branch_day_of_week_operator.py
[2024-09-02T21:40:46.454+0000] {logging_mixin.py:188} INFO - [2024-09-02T21:40:46.454+0000] {dag.py:3096} INFO - Sync 1 DAGs
[2024-09-02T21:40:46.482+0000] {logging_mixin.py:188} INFO - [2024-09-02T21:40:46.481+0000] {dag.py:3954} INFO - Setting next_dagrun for example_weekday_branch_operator to 2024-09-01 00:00:00+00:00, run_after=2024-09-02 00:00:00+00:00
[2024-09-02T21:40:46.506+0000] {processor.py:183} INFO - Processing /home/airflow/.local/lib/python3.12/site-packages/airflow/example_dags/example_branch_day_of_week_operator.py took 0.100 seconds
[2024-09-02T21:44:35.903+0000] {processor.py:161} INFO - Started process (PID=95) to work on /home/airflow/.local/lib/python3.12/site-packages/airflow/example_dags/example_branch_day_of_week_operator.py
[2024-09-02T21:44:35.905+0000] {processor.py:830} INFO - Processing file /home/airflow/.local/lib/python3.12/site-packages/airflow/example_dags/example_branch_day_of_week_operator.py for tasks to queue
[2024-09-02T21:44:35.909+0000] {logging_mixin.py:188} INFO - [2024-09-02T21:44:35.908+0000] {dagbag.py:545} INFO - Filling up the DagBag from /home/airflow/.local/lib/python3.12/site-packages/airflow/example_dags/example_branch_day_of_week_operator.py
[2024-09-02T21:44:35.928+0000] {processor.py:840} INFO - DAG(s) 'example_weekday_branch_operator' retrieved from /home/airflow/.local/lib/python3.12/site-packages/airflow/example_dags/example_branch_day_of_week_operator.py
[2024-09-02T21:44:36.134+0000] {logging_mixin.py:188} INFO - [2024-09-02T21:44:36.133+0000] {override.py:1829} INFO - Created Permission View: can read on DAG:example_weekday_branch_operator
[2024-09-02T21:44:36.158+0000] {logging_mixin.py:188} INFO - [2024-09-02T21:44:36.157+0000] {override.py:1829} INFO - Created Permission View: can delete on DAG:example_weekday_branch_operator
[2024-09-02T21:44:36.171+0000] {logging_mixin.py:188} INFO - [2024-09-02T21:44:36.171+0000] {override.py:1829} INFO - Created Permission View: can edit on DAG:example_weekday_branch_operator
[2024-09-02T21:44:36.172+0000] {logging_mixin.py:188} INFO - [2024-09-02T21:44:36.172+0000] {dag.py:3096} INFO - Sync 1 DAGs
[2024-09-02T21:44:36.194+0000] {logging_mixin.py:188} INFO - [2024-09-02T21:44:36.193+0000] {dag.py:3118} INFO - Creating ORM DAG for example_weekday_branch_operator
[2024-09-02T21:44:36.216+0000] {logging_mixin.py:188} INFO - [2024-09-02T21:44:36.216+0000] {dag.py:3954} INFO - Setting next_dagrun for example_weekday_branch_operator to 2024-09-01 00:00:00+00:00, run_after=2024-09-02 00:00:00+00:00
[2024-09-02T21:44:36.245+0000] {processor.py:183} INFO - Processing /home/airflow/.local/lib/python3.12/site-packages/airflow/example_dags/example_branch_day_of_week_operator.py took 0.352 seconds
[2024-09-02T21:45:06.310+0000] {processor.py:161} INFO - Started process (PID=155) to work on /home/airflow/.local/lib/python3.12/site-packages/airflow/example_dags/example_branch_day_of_week_operator.py
[2024-09-02T21:45:06.313+0000] {processor.py:830} INFO - Processing file /home/airflow/.local/lib/python3.12/site-packages/airflow/example_dags/example_branch_day_of_week_operator.py for tasks to queue
[2024-09-02T21:45:06.317+0000] {logging_mixin.py:188} INFO - [2024-09-02T21:45:06.316+0000] {dagbag.py:545} INFO - Filling up the DagBag from /home/airflow/.local/lib/python3.12/site-packages/airflow/example_dags/example_branch_day_of_week_operator.py
[2024-09-02T21:45:06.341+0000] {processor.py:840} INFO - DAG(s) 'example_weekday_branch_operator' retrieved from /home/airflow/.local/lib/python3.12/site-packages/airflow/example_dags/example_branch_day_of_week_operator.py
[2024-09-02T21:45:06.374+0000] {logging_mixin.py:188} INFO - [2024-09-02T21:45:06.374+0000] {dag.py:3096} INFO - Sync 1 DAGs
[2024-09-02T21:45:06.422+0000] {logging_mixin.py:188} INFO - [2024-09-02T21:45:06.421+0000] {dag.py:3954} INFO - Setting next_dagrun for example_weekday_branch_operator to 2024-09-01 00:00:00+00:00, run_after=2024-09-02 00:00:00+00:00
[2024-09-02T21:45:06.465+0000] {processor.py:183} INFO - Processing /home/airflow/.local/lib/python3.12/site-packages/airflow/example_dags/example_branch_day_of_week_operator.py took 0.167 seconds
[2024-09-02T21:45:36.912+0000] {processor.py:161} INFO - Started process (PID=215) to work on /home/airflow/.local/lib/python3.12/site-packages/airflow/example_dags/example_branch_day_of_week_operator.py
[2024-09-02T21:45:36.914+0000] {processor.py:830} INFO - Processing file /home/airflow/.local/lib/python3.12/site-packages/airflow/example_dags/example_branch_day_of_week_operator.py for tasks to queue
[2024-09-02T21:45:36.916+0000] {logging_mixin.py:188} INFO - [2024-09-02T21:45:36.916+0000] {dagbag.py:545} INFO - Filling up the DagBag from /home/airflow/.local/lib/python3.12/site-packages/airflow/example_dags/example_branch_day_of_week_operator.py
[2024-09-02T21:45:36.926+0000] {processor.py:840} INFO - DAG(s) 'example_weekday_branch_operator' retrieved from /home/airflow/.local/lib/python3.12/site-packages/airflow/example_dags/example_branch_day_of_week_operator.py
[2024-09-02T21:45:36.957+0000] {logging_mixin.py:188} INFO - [2024-09-02T21:45:36.956+0000] {dag.py:3096} INFO - Sync 1 DAGs
[2024-09-02T21:45:37.028+0000] {logging_mixin.py:188} INFO - [2024-09-02T21:45:37.027+0000] {dag.py:3954} INFO - Setting next_dagrun for example_weekday_branch_operator to 2024-09-01 00:00:00+00:00, run_after=2024-09-02 00:00:00+00:00
[2024-09-02T21:45:37.087+0000] {processor.py:183} INFO - Processing /home/airflow/.local/lib/python3.12/site-packages/airflow/example_dags/example_branch_day_of_week_operator.py took 0.182 seconds
[2024-09-02T21:46:07.389+0000] {processor.py:161} INFO - Started process (PID=276) to work on /home/airflow/.local/lib/python3.12/site-packages/airflow/example_dags/example_branch_day_of_week_operator.py
[2024-09-02T21:46:07.390+0000] {processor.py:830} INFO - Processing file /home/airflow/.local/lib/python3.12/site-packages/airflow/example_dags/example_branch_day_of_week_operator.py for tasks to queue
[2024-09-02T21:46:07.392+0000] {logging_mixin.py:188} INFO - [2024-09-02T21:46:07.392+0000] {dagbag.py:545} INFO - Filling up the DagBag from /home/airflow/.local/lib/python3.12/site-packages/airflow/example_dags/example_branch_day_of_week_operator.py
[2024-09-02T21:46:07.403+0000] {processor.py:840} INFO - DAG(s) 'example_weekday_branch_operator' retrieved from /home/airflow/.local/lib/python3.12/site-packages/airflow/example_dags/example_branch_day_of_week_operator.py
[2024-09-02T21:46:07.439+0000] {logging_mixin.py:188} INFO - [2024-09-02T21:46:07.439+0000] {dag.py:3096} INFO - Sync 1 DAGs
[2024-09-02T21:46:07.473+0000] {logging_mixin.py:188} INFO - [2024-09-02T21:46:07.472+0000] {dag.py:3954} INFO - Setting next_dagrun for example_weekday_branch_operator to 2024-09-01 00:00:00+00:00, run_after=2024-09-02 00:00:00+00:00
[2024-09-02T21:46:07.505+0000] {processor.py:183} INFO - Processing /home/airflow/.local/lib/python3.12/site-packages/airflow/example_dags/example_branch_day_of_week_operator.py took 0.124 seconds
[2024-09-02T21:46:38.613+0000] {processor.py:161} INFO - Started process (PID=336) to work on /home/airflow/.local/lib/python3.12/site-packages/airflow/example_dags/example_branch_day_of_week_operator.py
[2024-09-02T21:46:38.615+0000] {processor.py:830} INFO - Processing file /home/airflow/.local/lib/python3.12/site-packages/airflow/example_dags/example_branch_day_of_week_operator.py for tasks to queue
[2024-09-02T21:46:38.618+0000] {logging_mixin.py:188} INFO - [2024-09-02T21:46:38.617+0000] {dagbag.py:545} INFO - Filling up the DagBag from /home/airflow/.local/lib/python3.12/site-packages/airflow/example_dags/example_branch_day_of_week_operator.py
[2024-09-02T21:46:38.628+0000] {processor.py:840} INFO - DAG(s) 'example_weekday_branch_operator' retrieved from /home/airflow/.local/lib/python3.12/site-packages/airflow/example_dags/example_branch_day_of_week_operator.py
[2024-09-02T21:46:38.665+0000] {logging_mixin.py:188} INFO - [2024-09-02T21:46:38.664+0000] {dag.py:3096} INFO - Sync 1 DAGs
[2024-09-02T21:46:38.713+0000] {logging_mixin.py:188} INFO - [2024-09-02T21:46:38.713+0000] {dag.py:3954} INFO - Setting next_dagrun for example_weekday_branch_operator to 2024-09-01 00:00:00+00:00, run_after=2024-09-02 00:00:00+00:00
[2024-09-02T21:46:38.749+0000] {processor.py:183} INFO - Processing /home/airflow/.local/lib/python3.12/site-packages/airflow/example_dags/example_branch_day_of_week_operator.py took 0.143 seconds
[2024-09-02T21:47:09.012+0000] {processor.py:161} INFO - Started process (PID=396) to work on /home/airflow/.local/lib/python3.12/site-packages/airflow/example_dags/example_branch_day_of_week_operator.py
[2024-09-02T21:47:09.014+0000] {processor.py:830} INFO - Processing file /home/airflow/.local/lib/python3.12/site-packages/airflow/example_dags/example_branch_day_of_week_operator.py for tasks to queue
[2024-09-02T21:47:09.017+0000] {logging_mixin.py:188} INFO - [2024-09-02T21:47:09.016+0000] {dagbag.py:545} INFO - Filling up the DagBag from /home/airflow/.local/lib/python3.12/site-packages/airflow/example_dags/example_branch_day_of_week_operator.py
[2024-09-02T21:47:09.028+0000] {processor.py:840} INFO - DAG(s) 'example_weekday_branch_operator' retrieved from /home/airflow/.local/lib/python3.12/site-packages/airflow/example_dags/example_branch_day_of_week_operator.py
[2024-09-02T21:47:09.058+0000] {logging_mixin.py:188} INFO - [2024-09-02T21:47:09.058+0000] {dag.py:3096} INFO - Sync 1 DAGs
[2024-09-02T21:47:09.092+0000] {logging_mixin.py:188} INFO - [2024-09-02T21:47:09.092+0000] {dag.py:3954} INFO - Setting next_dagrun for example_weekday_branch_operator to 2024-09-01 00:00:00+00:00, run_after=2024-09-02 00:00:00+00:00
[2024-09-02T21:47:09.122+0000] {processor.py:183} INFO - Processing /home/airflow/.local/lib/python3.12/site-packages/airflow/example_dags/example_branch_day_of_week_operator.py took 0.120 seconds
[2024-09-02T21:47:39.912+0000] {processor.py:161} INFO - Started process (PID=456) to work on /home/airflow/.local/lib/python3.12/site-packages/airflow/example_dags/example_branch_day_of_week_operator.py
[2024-09-02T21:47:39.913+0000] {processor.py:830} INFO - Processing file /home/airflow/.local/lib/python3.12/site-packages/airflow/example_dags/example_branch_day_of_week_operator.py for tasks to queue
[2024-09-02T21:47:39.916+0000] {logging_mixin.py:188} INFO - [2024-09-02T21:47:39.916+0000] {dagbag.py:545} INFO - Filling up the DagBag from /home/airflow/.local/lib/python3.12/site-packages/airflow/example_dags/example_branch_day_of_week_operator.py
[2024-09-02T21:47:39.929+0000] {processor.py:840} INFO - DAG(s) 'example_weekday_branch_operator' retrieved from /home/airflow/.local/lib/python3.12/site-packages/airflow/example_dags/example_branch_day_of_week_operator.py
[2024-09-02T21:47:39.957+0000] {logging_mixin.py:188} INFO - [2024-09-02T21:47:39.957+0000] {dag.py:3096} INFO - Sync 1 DAGs
[2024-09-02T21:47:40.004+0000] {logging_mixin.py:188} INFO - [2024-09-02T21:47:40.004+0000] {dag.py:3954} INFO - Setting next_dagrun for example_weekday_branch_operator to 2024-09-01 00:00:00+00:00, run_after=2024-09-02 00:00:00+00:00
[2024-09-02T21:47:40.040+0000] {processor.py:183} INFO - Processing /home/airflow/.local/lib/python3.12/site-packages/airflow/example_dags/example_branch_day_of_week_operator.py took 0.138 seconds
[2024-09-02T21:48:10.812+0000] {processor.py:161} INFO - Started process (PID=516) to work on /home/airflow/.local/lib/python3.12/site-packages/airflow/example_dags/example_branch_day_of_week_operator.py
[2024-09-02T21:48:10.815+0000] {processor.py:830} INFO - Processing file /home/airflow/.local/lib/python3.12/site-packages/airflow/example_dags/example_branch_day_of_week_operator.py for tasks to queue
[2024-09-02T21:48:10.820+0000] {logging_mixin.py:188} INFO - [2024-09-02T21:48:10.819+0000] {dagbag.py:545} INFO - Filling up the DagBag from /home/airflow/.local/lib/python3.12/site-packages/airflow/example_dags/example_branch_day_of_week_operator.py
[2024-09-02T21:48:10.844+0000] {processor.py:840} INFO - DAG(s) 'example_weekday_branch_operator' retrieved from /home/airflow/.local/lib/python3.12/site-packages/airflow/example_dags/example_branch_day_of_week_operator.py
[2024-09-02T21:48:10.909+0000] {logging_mixin.py:188} INFO - [2024-09-02T21:48:10.908+0000] {dag.py:3096} INFO - Sync 1 DAGs
[2024-09-02T21:48:10.958+0000] {logging_mixin.py:188} INFO - [2024-09-02T21:48:10.958+0000] {dag.py:3954} INFO - Setting next_dagrun for example_weekday_branch_operator to 2024-09-01 00:00:00+00:00, run_after=2024-09-02 00:00:00+00:00
[2024-09-02T21:48:11.000+0000] {processor.py:183} INFO - Processing /home/airflow/.local/lib/python3.12/site-packages/airflow/example_dags/example_branch_day_of_week_operator.py took 0.200 seconds
[2024-09-02T21:48:41.929+0000] {processor.py:161} INFO - Started process (PID=576) to work on /home/airflow/.local/lib/python3.12/site-packages/airflow/example_dags/example_branch_day_of_week_operator.py
[2024-09-02T21:48:41.931+0000] {processor.py:830} INFO - Processing file /home/airflow/.local/lib/python3.12/site-packages/airflow/example_dags/example_branch_day_of_week_operator.py for tasks to queue
[2024-09-02T21:48:41.933+0000] {logging_mixin.py:188} INFO - [2024-09-02T21:48:41.933+0000] {dagbag.py:545} INFO - Filling up the DagBag from /home/airflow/.local/lib/python3.12/site-packages/airflow/example_dags/example_branch_day_of_week_operator.py
[2024-09-02T21:48:41.945+0000] {processor.py:840} INFO - DAG(s) 'example_weekday_branch_operator' retrieved from /home/airflow/.local/lib/python3.12/site-packages/airflow/example_dags/example_branch_day_of_week_operator.py
[2024-09-02T21:48:41.987+0000] {logging_mixin.py:188} INFO - [2024-09-02T21:48:41.987+0000] {dag.py:3096} INFO - Sync 1 DAGs
[2024-09-02T21:48:42.034+0000] {logging_mixin.py:188} INFO - [2024-09-02T21:48:42.034+0000] {dag.py:3954} INFO - Setting next_dagrun for example_weekday_branch_operator to 2024-09-01 00:00:00+00:00, run_after=2024-09-02 00:00:00+00:00
[2024-09-02T21:48:42.067+0000] {processor.py:183} INFO - Processing /home/airflow/.local/lib/python3.12/site-packages/airflow/example_dags/example_branch_day_of_week_operator.py took 0.144 seconds
[2024-09-02T21:49:12.237+0000] {processor.py:161} INFO - Started process (PID=636) to work on /home/airflow/.local/lib/python3.12/site-packages/airflow/example_dags/example_branch_day_of_week_operator.py
[2024-09-02T21:49:12.238+0000] {processor.py:830} INFO - Processing file /home/airflow/.local/lib/python3.12/site-packages/airflow/example_dags/example_branch_day_of_week_operator.py for tasks to queue
[2024-09-02T21:49:12.242+0000] {logging_mixin.py:188} INFO - [2024-09-02T21:49:12.241+0000] {dagbag.py:545} INFO - Filling up the DagBag from /home/airflow/.local/lib/python3.12/site-packages/airflow/example_dags/example_branch_day_of_week_operator.py
[2024-09-02T21:49:12.254+0000] {processor.py:840} INFO - DAG(s) 'example_weekday_branch_operator' retrieved from /home/airflow/.local/lib/python3.12/site-packages/airflow/example_dags/example_branch_day_of_week_operator.py
[2024-09-02T21:49:12.287+0000] {logging_mixin.py:188} INFO - [2024-09-02T21:49:12.287+0000] {dag.py:3096} INFO - Sync 1 DAGs
[2024-09-02T21:49:12.323+0000] {logging_mixin.py:188} INFO - [2024-09-02T21:49:12.322+0000] {dag.py:3954} INFO - Setting next_dagrun for example_weekday_branch_operator to 2024-09-01 00:00:00+00:00, run_after=2024-09-02 00:00:00+00:00
[2024-09-02T21:49:12.361+0000] {processor.py:183} INFO - Processing /home/airflow/.local/lib/python3.12/site-packages/airflow/example_dags/example_branch_day_of_week_operator.py took 0.131 seconds
[2024-09-02T21:49:42.723+0000] {processor.py:161} INFO - Started process (PID=696) to work on /home/airflow/.local/lib/python3.12/site-packages/airflow/example_dags/example_branch_day_of_week_operator.py
[2024-09-02T21:49:42.725+0000] {processor.py:830} INFO - Processing file /home/airflow/.local/lib/python3.12/site-packages/airflow/example_dags/example_branch_day_of_week_operator.py for tasks to queue
[2024-09-02T21:49:42.728+0000] {logging_mixin.py:188} INFO - [2024-09-02T21:49:42.728+0000] {dagbag.py:545} INFO - Filling up the DagBag from /home/airflow/.local/lib/python3.12/site-packages/airflow/example_dags/example_branch_day_of_week_operator.py
[2024-09-02T21:49:42.750+0000] {processor.py:840} INFO - DAG(s) 'example_weekday_branch_operator' retrieved from /home/airflow/.local/lib/python3.12/site-packages/airflow/example_dags/example_branch_day_of_week_operator.py
[2024-09-02T21:49:42.811+0000] {logging_mixin.py:188} INFO - [2024-09-02T21:49:42.811+0000] {dag.py:3096} INFO - Sync 1 DAGs
[2024-09-02T21:49:42.868+0000] {logging_mixin.py:188} INFO - [2024-09-02T21:49:42.867+0000] {dag.py:3954} INFO - Setting next_dagrun for example_weekday_branch_operator to 2024-09-01 00:00:00+00:00, run_after=2024-09-02 00:00:00+00:00
[2024-09-02T21:49:42.941+0000] {processor.py:183} INFO - Processing /home/airflow/.local/lib/python3.12/site-packages/airflow/example_dags/example_branch_day_of_week_operator.py took 0.232 seconds
[2024-09-02T21:50:13.387+0000] {processor.py:161} INFO - Started process (PID=756) to work on /home/airflow/.local/lib/python3.12/site-packages/airflow/example_dags/example_branch_day_of_week_operator.py
[2024-09-02T21:50:13.388+0000] {processor.py:830} INFO - Processing file /home/airflow/.local/lib/python3.12/site-packages/airflow/example_dags/example_branch_day_of_week_operator.py for tasks to queue
[2024-09-02T21:50:13.390+0000] {logging_mixin.py:188} INFO - [2024-09-02T21:50:13.390+0000] {dagbag.py:545} INFO - Filling up the DagBag from /home/airflow/.local/lib/python3.12/site-packages/airflow/example_dags/example_branch_day_of_week_operator.py
[2024-09-02T21:50:13.400+0000] {processor.py:840} INFO - DAG(s) 'example_weekday_branch_operator' retrieved from /home/airflow/.local/lib/python3.12/site-packages/airflow/example_dags/example_branch_day_of_week_operator.py
[2024-09-02T21:50:13.427+0000] {logging_mixin.py:188} INFO - [2024-09-02T21:50:13.427+0000] {dag.py:3096} INFO - Sync 1 DAGs
[2024-09-02T21:50:13.458+0000] {logging_mixin.py:188} INFO - [2024-09-02T21:50:13.457+0000] {dag.py:3954} INFO - Setting next_dagrun for example_weekday_branch_operator to 2024-09-01 00:00:00+00:00, run_after=2024-09-02 00:00:00+00:00
[2024-09-02T21:50:13.482+0000] {processor.py:183} INFO - Processing /home/airflow/.local/lib/python3.12/site-packages/airflow/example_dags/example_branch_day_of_week_operator.py took 0.101 seconds
[2024-09-02T21:50:43.791+0000] {processor.py:161} INFO - Started process (PID=816) to work on /home/airflow/.local/lib/python3.12/site-packages/airflow/example_dags/example_branch_day_of_week_operator.py
[2024-09-02T21:50:43.792+0000] {processor.py:830} INFO - Processing file /home/airflow/.local/lib/python3.12/site-packages/airflow/example_dags/example_branch_day_of_week_operator.py for tasks to queue
[2024-09-02T21:50:43.794+0000] {logging_mixin.py:188} INFO - [2024-09-02T21:50:43.794+0000] {dagbag.py:545} INFO - Filling up the DagBag from /home/airflow/.local/lib/python3.12/site-packages/airflow/example_dags/example_branch_day_of_week_operator.py
[2024-09-02T21:50:43.801+0000] {processor.py:840} INFO - DAG(s) 'example_weekday_branch_operator' retrieved from /home/airflow/.local/lib/python3.12/site-packages/airflow/example_dags/example_branch_day_of_week_operator.py
[2024-09-02T21:50:43.826+0000] {logging_mixin.py:188} INFO - [2024-09-02T21:50:43.825+0000] {dag.py:3096} INFO - Sync 1 DAGs
[2024-09-02T21:50:43.851+0000] {logging_mixin.py:188} INFO - [2024-09-02T21:50:43.851+0000] {dag.py:3954} INFO - Setting next_dagrun for example_weekday_branch_operator to 2024-09-01 00:00:00+00:00, run_after=2024-09-02 00:00:00+00:00
[2024-09-02T21:50:43.888+0000] {processor.py:183} INFO - Processing /home/airflow/.local/lib/python3.12/site-packages/airflow/example_dags/example_branch_day_of_week_operator.py took 0.102 seconds
[2024-09-02T21:51:14.174+0000] {processor.py:161} INFO - Started process (PID=876) to work on /home/airflow/.local/lib/python3.12/site-packages/airflow/example_dags/example_branch_day_of_week_operator.py
[2024-09-02T21:51:14.175+0000] {processor.py:830} INFO - Processing file /home/airflow/.local/lib/python3.12/site-packages/airflow/example_dags/example_branch_day_of_week_operator.py for tasks to queue
[2024-09-02T21:51:14.178+0000] {logging_mixin.py:188} INFO - [2024-09-02T21:51:14.177+0000] {dagbag.py:545} INFO - Filling up the DagBag from /home/airflow/.local/lib/python3.12/site-packages/airflow/example_dags/example_branch_day_of_week_operator.py
[2024-09-02T21:51:14.186+0000] {processor.py:840} INFO - DAG(s) 'example_weekday_branch_operator' retrieved from /home/airflow/.local/lib/python3.12/site-packages/airflow/example_dags/example_branch_day_of_week_operator.py
[2024-09-02T21:51:14.212+0000] {logging_mixin.py:188} INFO - [2024-09-02T21:51:14.211+0000] {dag.py:3096} INFO - Sync 1 DAGs
[2024-09-02T21:51:14.254+0000] {logging_mixin.py:188} INFO - [2024-09-02T21:51:14.253+0000] {dag.py:3954} INFO - Setting next_dagrun for example_weekday_branch_operator to 2024-09-01 00:00:00+00:00, run_after=2024-09-02 00:00:00+00:00
[2024-09-02T21:51:14.294+0000] {processor.py:183} INFO - Processing /home/airflow/.local/lib/python3.12/site-packages/airflow/example_dags/example_branch_day_of_week_operator.py took 0.126 seconds
[2024-09-02T21:51:45.099+0000] {processor.py:161} INFO - Started process (PID=936) to work on /home/airflow/.local/lib/python3.12/site-packages/airflow/example_dags/example_branch_day_of_week_operator.py
[2024-09-02T21:51:45.100+0000] {processor.py:830} INFO - Processing file /home/airflow/.local/lib/python3.12/site-packages/airflow/example_dags/example_branch_day_of_week_operator.py for tasks to queue
[2024-09-02T21:51:45.102+0000] {logging_mixin.py:188} INFO - [2024-09-02T21:51:45.101+0000] {dagbag.py:545} INFO - Filling up the DagBag from /home/airflow/.local/lib/python3.12/site-packages/airflow/example_dags/example_branch_day_of_week_operator.py
[2024-09-02T21:51:45.109+0000] {processor.py:840} INFO - DAG(s) 'example_weekday_branch_operator' retrieved from /home/airflow/.local/lib/python3.12/site-packages/airflow/example_dags/example_branch_day_of_week_operator.py
[2024-09-02T21:51:45.135+0000] {logging_mixin.py:188} INFO - [2024-09-02T21:51:45.134+0000] {dag.py:3096} INFO - Sync 1 DAGs
[2024-09-02T21:51:45.160+0000] {logging_mixin.py:188} INFO - [2024-09-02T21:51:45.160+0000] {dag.py:3954} INFO - Setting next_dagrun for example_weekday_branch_operator to 2024-09-01 00:00:00+00:00, run_after=2024-09-02 00:00:00+00:00
[2024-09-02T21:51:45.185+0000] {processor.py:183} INFO - Processing /home/airflow/.local/lib/python3.12/site-packages/airflow/example_dags/example_branch_day_of_week_operator.py took 0.091 seconds
[2024-09-02T21:52:16.095+0000] {processor.py:161} INFO - Started process (PID=996) to work on /home/airflow/.local/lib/python3.12/site-packages/airflow/example_dags/example_branch_day_of_week_operator.py
[2024-09-02T21:52:16.097+0000] {processor.py:830} INFO - Processing file /home/airflow/.local/lib/python3.12/site-packages/airflow/example_dags/example_branch_day_of_week_operator.py for tasks to queue
[2024-09-02T21:52:16.100+0000] {logging_mixin.py:188} INFO - [2024-09-02T21:52:16.100+0000] {dagbag.py:545} INFO - Filling up the DagBag from /home/airflow/.local/lib/python3.12/site-packages/airflow/example_dags/example_branch_day_of_week_operator.py
[2024-09-02T21:52:16.115+0000] {processor.py:840} INFO - DAG(s) 'example_weekday_branch_operator' retrieved from /home/airflow/.local/lib/python3.12/site-packages/airflow/example_dags/example_branch_day_of_week_operator.py
[2024-09-02T21:52:16.144+0000] {logging_mixin.py:188} INFO - [2024-09-02T21:52:16.144+0000] {dag.py:3096} INFO - Sync 1 DAGs
[2024-09-02T21:52:16.191+0000] {logging_mixin.py:188} INFO - [2024-09-02T21:52:16.191+0000] {dag.py:3954} INFO - Setting next_dagrun for example_weekday_branch_operator to 2024-09-01 00:00:00+00:00, run_after=2024-09-02 00:00:00+00:00
[2024-09-02T21:52:16.223+0000] {processor.py:183} INFO - Processing /home/airflow/.local/lib/python3.12/site-packages/airflow/example_dags/example_branch_day_of_week_operator.py took 0.134 seconds
[2024-09-02T21:52:46.522+0000] {processor.py:161} INFO - Started process (PID=1056) to work on /home/airflow/.local/lib/python3.12/site-packages/airflow/example_dags/example_branch_day_of_week_operator.py
[2024-09-02T21:52:46.524+0000] {processor.py:830} INFO - Processing file /home/airflow/.local/lib/python3.12/site-packages/airflow/example_dags/example_branch_day_of_week_operator.py for tasks to queue
[2024-09-02T21:52:46.526+0000] {logging_mixin.py:188} INFO - [2024-09-02T21:52:46.526+0000] {dagbag.py:545} INFO - Filling up the DagBag from /home/airflow/.local/lib/python3.12/site-packages/airflow/example_dags/example_branch_day_of_week_operator.py
[2024-09-02T21:52:46.537+0000] {processor.py:840} INFO - DAG(s) 'example_weekday_branch_operator' retrieved from /home/airflow/.local/lib/python3.12/site-packages/airflow/example_dags/example_branch_day_of_week_operator.py
[2024-09-02T21:52:46.565+0000] {logging_mixin.py:188} INFO - [2024-09-02T21:52:46.564+0000] {dag.py:3096} INFO - Sync 1 DAGs
[2024-09-02T21:52:46.590+0000] {logging_mixin.py:188} INFO - [2024-09-02T21:52:46.590+0000] {dag.py:3954} INFO - Setting next_dagrun for example_weekday_branch_operator to 2024-09-01 00:00:00+00:00, run_after=2024-09-02 00:00:00+00:00
[2024-09-02T21:52:46.628+0000] {processor.py:183} INFO - Processing /home/airflow/.local/lib/python3.12/site-packages/airflow/example_dags/example_branch_day_of_week_operator.py took 0.113 seconds
[2024-09-02T21:53:17.084+0000] {processor.py:161} INFO - Started process (PID=1116) to work on /home/airflow/.local/lib/python3.12/site-packages/airflow/example_dags/example_branch_day_of_week_operator.py
[2024-09-02T21:53:17.086+0000] {processor.py:830} INFO - Processing file /home/airflow/.local/lib/python3.12/site-packages/airflow/example_dags/example_branch_day_of_week_operator.py for tasks to queue
[2024-09-02T21:53:17.088+0000] {logging_mixin.py:188} INFO - [2024-09-02T21:53:17.088+0000] {dagbag.py:545} INFO - Filling up the DagBag from /home/airflow/.local/lib/python3.12/site-packages/airflow/example_dags/example_branch_day_of_week_operator.py
[2024-09-02T21:53:17.096+0000] {processor.py:840} INFO - DAG(s) 'example_weekday_branch_operator' retrieved from /home/airflow/.local/lib/python3.12/site-packages/airflow/example_dags/example_branch_day_of_week_operator.py
[2024-09-02T21:53:17.120+0000] {logging_mixin.py:188} INFO - [2024-09-02T21:53:17.120+0000] {dag.py:3096} INFO - Sync 1 DAGs
[2024-09-02T21:53:17.147+0000] {logging_mixin.py:188} INFO - [2024-09-02T21:53:17.147+0000] {dag.py:3954} INFO - Setting next_dagrun for example_weekday_branch_operator to 2024-09-01 00:00:00+00:00, run_after=2024-09-02 00:00:00+00:00
[2024-09-02T21:53:17.169+0000] {processor.py:183} INFO - Processing /home/airflow/.local/lib/python3.12/site-packages/airflow/example_dags/example_branch_day_of_week_operator.py took 0.095 seconds
[2024-09-02T21:53:47.910+0000] {processor.py:161} INFO - Started process (PID=1182) to work on /home/airflow/.local/lib/python3.12/site-packages/airflow/example_dags/example_branch_day_of_week_operator.py
[2024-09-02T21:53:47.911+0000] {processor.py:830} INFO - Processing file /home/airflow/.local/lib/python3.12/site-packages/airflow/example_dags/example_branch_day_of_week_operator.py for tasks to queue
[2024-09-02T21:53:47.914+0000] {logging_mixin.py:188} INFO - [2024-09-02T21:53:47.913+0000] {dagbag.py:545} INFO - Filling up the DagBag from /home/airflow/.local/lib/python3.12/site-packages/airflow/example_dags/example_branch_day_of_week_operator.py
[2024-09-02T21:53:47.923+0000] {processor.py:840} INFO - DAG(s) 'example_weekday_branch_operator' retrieved from /home/airflow/.local/lib/python3.12/site-packages/airflow/example_dags/example_branch_day_of_week_operator.py
[2024-09-02T21:53:47.947+0000] {logging_mixin.py:188} INFO - [2024-09-02T21:53:47.947+0000] {dag.py:3096} INFO - Sync 1 DAGs
[2024-09-02T21:53:47.973+0000] {logging_mixin.py:188} INFO - [2024-09-02T21:53:47.973+0000] {dag.py:3954} INFO - Setting next_dagrun for example_weekday_branch_operator to 2024-09-01 00:00:00+00:00, run_after=2024-09-02 00:00:00+00:00
[2024-09-02T21:53:47.993+0000] {processor.py:183} INFO - Processing /home/airflow/.local/lib/python3.12/site-packages/airflow/example_dags/example_branch_day_of_week_operator.py took 0.090 seconds
[2024-09-02T21:54:18.547+0000] {processor.py:161} INFO - Started process (PID=1242) to work on /home/airflow/.local/lib/python3.12/site-packages/airflow/example_dags/example_branch_day_of_week_operator.py
[2024-09-02T21:54:18.549+0000] {processor.py:830} INFO - Processing file /home/airflow/.local/lib/python3.12/site-packages/airflow/example_dags/example_branch_day_of_week_operator.py for tasks to queue
[2024-09-02T21:54:18.553+0000] {logging_mixin.py:188} INFO - [2024-09-02T21:54:18.552+0000] {dagbag.py:545} INFO - Filling up the DagBag from /home/airflow/.local/lib/python3.12/site-packages/airflow/example_dags/example_branch_day_of_week_operator.py
[2024-09-02T21:54:18.568+0000] {processor.py:840} INFO - DAG(s) 'example_weekday_branch_operator' retrieved from /home/airflow/.local/lib/python3.12/site-packages/airflow/example_dags/example_branch_day_of_week_operator.py
[2024-09-02T21:54:18.600+0000] {logging_mixin.py:188} INFO - [2024-09-02T21:54:18.599+0000] {dag.py:3096} INFO - Sync 1 DAGs
[2024-09-02T21:54:18.635+0000] {logging_mixin.py:188} INFO - [2024-09-02T21:54:18.635+0000] {dag.py:3954} INFO - Setting next_dagrun for example_weekday_branch_operator to 2024-09-01 00:00:00+00:00, run_after=2024-09-02 00:00:00+00:00
[2024-09-02T21:54:18.662+0000] {processor.py:183} INFO - Processing /home/airflow/.local/lib/python3.12/site-packages/airflow/example_dags/example_branch_day_of_week_operator.py took 0.135 seconds
[2024-09-02T21:54:48.863+0000] {processor.py:161} INFO - Started process (PID=1302) to work on /home/airflow/.local/lib/python3.12/site-packages/airflow/example_dags/example_branch_day_of_week_operator.py
[2024-09-02T21:54:48.864+0000] {processor.py:830} INFO - Processing file /home/airflow/.local/lib/python3.12/site-packages/airflow/example_dags/example_branch_day_of_week_operator.py for tasks to queue
[2024-09-02T21:54:48.866+0000] {logging_mixin.py:188} INFO - [2024-09-02T21:54:48.866+0000] {dagbag.py:545} INFO - Filling up the DagBag from /home/airflow/.local/lib/python3.12/site-packages/airflow/example_dags/example_branch_day_of_week_operator.py
[2024-09-02T21:54:48.874+0000] {processor.py:840} INFO - DAG(s) 'example_weekday_branch_operator' retrieved from /home/airflow/.local/lib/python3.12/site-packages/airflow/example_dags/example_branch_day_of_week_operator.py
[2024-09-02T21:54:48.899+0000] {logging_mixin.py:188} INFO - [2024-09-02T21:54:48.899+0000] {dag.py:3096} INFO - Sync 1 DAGs
[2024-09-02T21:54:48.926+0000] {logging_mixin.py:188} INFO - [2024-09-02T21:54:48.926+0000] {dag.py:3954} INFO - Setting next_dagrun for example_weekday_branch_operator to 2024-09-01 00:00:00+00:00, run_after=2024-09-02 00:00:00+00:00
[2024-09-02T21:54:48.947+0000] {processor.py:183} INFO - Processing /home/airflow/.local/lib/python3.12/site-packages/airflow/example_dags/example_branch_day_of_week_operator.py took 0.091 seconds
[2024-09-02T21:55:19.698+0000] {processor.py:161} INFO - Started process (PID=1365) to work on /home/airflow/.local/lib/python3.12/site-packages/airflow/example_dags/example_branch_day_of_week_operator.py
[2024-09-02T21:55:19.699+0000] {processor.py:830} INFO - Processing file /home/airflow/.local/lib/python3.12/site-packages/airflow/example_dags/example_branch_day_of_week_operator.py for tasks to queue
[2024-09-02T21:55:19.700+0000] {logging_mixin.py:188} INFO - [2024-09-02T21:55:19.700+0000] {dagbag.py:545} INFO - Filling up the DagBag from /home/airflow/.local/lib/python3.12/site-packages/airflow/example_dags/example_branch_day_of_week_operator.py
[2024-09-02T21:55:19.708+0000] {processor.py:840} INFO - DAG(s) 'example_weekday_branch_operator' retrieved from /home/airflow/.local/lib/python3.12/site-packages/airflow/example_dags/example_branch_day_of_week_operator.py
[2024-09-02T21:55:19.742+0000] {logging_mixin.py:188} INFO - [2024-09-02T21:55:19.741+0000] {dag.py:3096} INFO - Sync 1 DAGs
[2024-09-02T21:55:19.775+0000] {logging_mixin.py:188} INFO - [2024-09-02T21:55:19.775+0000] {dag.py:3954} INFO - Setting next_dagrun for example_weekday_branch_operator to 2024-09-01 00:00:00+00:00, run_after=2024-09-02 00:00:00+00:00
[2024-09-02T21:55:19.803+0000] {processor.py:183} INFO - Processing /home/airflow/.local/lib/python3.12/site-packages/airflow/example_dags/example_branch_day_of_week_operator.py took 0.111 seconds
[2024-09-02T21:55:50.251+0000] {processor.py:161} INFO - Started process (PID=1429) to work on /home/airflow/.local/lib/python3.12/site-packages/airflow/example_dags/example_branch_day_of_week_operator.py
[2024-09-02T21:55:50.253+0000] {processor.py:830} INFO - Processing file /home/airflow/.local/lib/python3.12/site-packages/airflow/example_dags/example_branch_day_of_week_operator.py for tasks to queue
[2024-09-02T21:55:50.256+0000] {logging_mixin.py:188} INFO - [2024-09-02T21:55:50.255+0000] {dagbag.py:545} INFO - Filling up the DagBag from /home/airflow/.local/lib/python3.12/site-packages/airflow/example_dags/example_branch_day_of_week_operator.py
[2024-09-02T21:55:50.268+0000] {processor.py:840} INFO - DAG(s) 'example_weekday_branch_operator' retrieved from /home/airflow/.local/lib/python3.12/site-packages/airflow/example_dags/example_branch_day_of_week_operator.py
[2024-09-02T21:55:50.298+0000] {logging_mixin.py:188} INFO - [2024-09-02T21:55:50.298+0000] {dag.py:3096} INFO - Sync 1 DAGs
[2024-09-02T21:55:50.325+0000] {logging_mixin.py:188} INFO - [2024-09-02T21:55:50.325+0000] {dag.py:3954} INFO - Setting next_dagrun for example_weekday_branch_operator to 2024-09-01 00:00:00+00:00, run_after=2024-09-02 00:00:00+00:00
[2024-09-02T21:55:50.354+0000] {processor.py:183} INFO - Processing /home/airflow/.local/lib/python3.12/site-packages/airflow/example_dags/example_branch_day_of_week_operator.py took 0.111 seconds
