[2024-09-02T21:35:18.757+0000] {processor.py:161} INFO - Started process (PID=107) to work on /home/airflow/.local/lib/python3.12/site-packages/airflow/example_dags/example_sla_dag.py
[2024-09-02T21:35:18.772+0000] {processor.py:830} INFO - Processing file /home/airflow/.local/lib/python3.12/site-packages/airflow/example_dags/example_sla_dag.py for tasks to queue
[2024-09-02T21:35:18.794+0000] {logging_mixin.py:188} INFO - [2024-09-02T21:35:18.792+0000] {dagbag.py:545} INFO - Filling up the DagBag from /home/airflow/.local/lib/python3.12/site-packages/airflow/example_dags/example_sla_dag.py
[2024-09-02T21:35:18.860+0000] {processor.py:840} INFO - DAG(s) 'example_sla_dag' retrieved from /home/airflow/.local/lib/python3.12/site-packages/airflow/example_dags/example_sla_dag.py
[2024-09-02T21:35:19.260+0000] {logging_mixin.py:188} INFO - [2024-09-02T21:35:19.258+0000] {override.py:1829} INFO - Created Permission View: can edit on DAG:example_sla_dag
[2024-09-02T21:35:19.292+0000] {logging_mixin.py:188} INFO - [2024-09-02T21:35:19.291+0000] {override.py:1829} INFO - Created Permission View: can delete on DAG:example_sla_dag
[2024-09-02T21:35:19.361+0000] {logging_mixin.py:188} INFO - [2024-09-02T21:35:19.360+0000] {override.py:1829} INFO - Created Permission View: can read on DAG:example_sla_dag
[2024-09-02T21:35:19.364+0000] {logging_mixin.py:188} INFO - [2024-09-02T21:35:19.363+0000] {dag.py:3096} INFO - Sync 1 DAGs
[2024-09-02T21:35:19.407+0000] {logging_mixin.py:188} INFO - [2024-09-02T21:35:19.406+0000] {dag.py:3118} INFO - Creating ORM DAG for example_sla_dag
[2024-09-02T21:35:19.446+0000] {logging_mixin.py:188} INFO - [2024-09-02T21:35:19.445+0000] {dag.py:3954} INFO - Setting next_dagrun for example_sla_dag to 2024-09-02 21:32:00+00:00, run_after=2024-09-02 21:34:00+00:00
[2024-09-02T21:35:19.491+0000] {processor.py:183} INFO - Processing /home/airflow/.local/lib/python3.12/site-packages/airflow/example_dags/example_sla_dag.py took 0.792 seconds
[2024-09-02T21:35:50.708+0000] {processor.py:161} INFO - Started process (PID=166) to work on /home/airflow/.local/lib/python3.12/site-packages/airflow/example_dags/example_sla_dag.py
[2024-09-02T21:35:50.711+0000] {processor.py:830} INFO - Processing file /home/airflow/.local/lib/python3.12/site-packages/airflow/example_dags/example_sla_dag.py for tasks to queue
[2024-09-02T21:35:50.718+0000] {logging_mixin.py:188} INFO - [2024-09-02T21:35:50.717+0000] {dagbag.py:545} INFO - Filling up the DagBag from /home/airflow/.local/lib/python3.12/site-packages/airflow/example_dags/example_sla_dag.py
[2024-09-02T21:35:50.775+0000] {processor.py:840} INFO - DAG(s) 'example_sla_dag' retrieved from /home/airflow/.local/lib/python3.12/site-packages/airflow/example_dags/example_sla_dag.py
[2024-09-02T21:35:50.918+0000] {logging_mixin.py:188} INFO - [2024-09-02T21:35:50.916+0000] {dag.py:3096} INFO - Sync 1 DAGs
[2024-09-02T21:35:51.084+0000] {logging_mixin.py:188} INFO - [2024-09-02T21:35:51.084+0000] {dag.py:3954} INFO - Setting next_dagrun for example_sla_dag to 2024-09-02 21:32:00+00:00, run_after=2024-09-02 21:34:00+00:00
[2024-09-02T21:35:51.208+0000] {processor.py:183} INFO - Processing /home/airflow/.local/lib/python3.12/site-packages/airflow/example_dags/example_sla_dag.py took 0.587 seconds
[2024-09-02T21:36:25.469+0000] {logging_mixin.py:188} INFO - [2024-09-02T21:36:25.468+0000] {process_utils.py:263} INFO - Waiting up to 5 seconds for processes to exit...
[2024-09-02T21:38:46.200+0000] {processor.py:161} INFO - Started process (PID=105) to work on /home/airflow/.local/lib/python3.12/site-packages/airflow/example_dags/example_sla_dag.py
[2024-09-02T21:38:46.203+0000] {processor.py:830} INFO - Processing file /home/airflow/.local/lib/python3.12/site-packages/airflow/example_dags/example_sla_dag.py for tasks to queue
[2024-09-02T21:38:46.208+0000] {logging_mixin.py:188} INFO - [2024-09-02T21:38:46.207+0000] {dagbag.py:545} INFO - Filling up the DagBag from /home/airflow/.local/lib/python3.12/site-packages/airflow/example_dags/example_sla_dag.py
[2024-09-02T21:38:46.236+0000] {processor.py:840} INFO - DAG(s) 'example_sla_dag' retrieved from /home/airflow/.local/lib/python3.12/site-packages/airflow/example_dags/example_sla_dag.py
[2024-09-02T21:38:46.565+0000] {logging_mixin.py:188} INFO - [2024-09-02T21:38:46.564+0000] {override.py:1829} INFO - Created Permission View: can edit on DAG:example_sla_dag
[2024-09-02T21:38:46.589+0000] {logging_mixin.py:188} INFO - [2024-09-02T21:38:46.588+0000] {override.py:1829} INFO - Created Permission View: can read on DAG:example_sla_dag
[2024-09-02T21:38:46.604+0000] {logging_mixin.py:188} INFO - [2024-09-02T21:38:46.604+0000] {override.py:1829} INFO - Created Permission View: can delete on DAG:example_sla_dag
[2024-09-02T21:38:46.606+0000] {logging_mixin.py:188} INFO - [2024-09-02T21:38:46.605+0000] {dag.py:3096} INFO - Sync 1 DAGs
[2024-09-02T21:38:46.634+0000] {logging_mixin.py:188} INFO - [2024-09-02T21:38:46.633+0000] {dag.py:3118} INFO - Creating ORM DAG for example_sla_dag
[2024-09-02T21:38:46.666+0000] {logging_mixin.py:188} INFO - [2024-09-02T21:38:46.665+0000] {dag.py:3954} INFO - Setting next_dagrun for example_sla_dag to 2024-09-02 21:36:00+00:00, run_after=2024-09-02 21:38:00+00:00
[2024-09-02T21:38:46.704+0000] {processor.py:183} INFO - Processing /home/airflow/.local/lib/python3.12/site-packages/airflow/example_dags/example_sla_dag.py took 0.522 seconds
[2024-09-02T21:39:16.812+0000] {processor.py:161} INFO - Started process (PID=165) to work on /home/airflow/.local/lib/python3.12/site-packages/airflow/example_dags/example_sla_dag.py
[2024-09-02T21:39:16.813+0000] {processor.py:830} INFO - Processing file /home/airflow/.local/lib/python3.12/site-packages/airflow/example_dags/example_sla_dag.py for tasks to queue
[2024-09-02T21:39:16.815+0000] {logging_mixin.py:188} INFO - [2024-09-02T21:39:16.814+0000] {dagbag.py:545} INFO - Filling up the DagBag from /home/airflow/.local/lib/python3.12/site-packages/airflow/example_dags/example_sla_dag.py
[2024-09-02T21:39:16.822+0000] {processor.py:840} INFO - DAG(s) 'example_sla_dag' retrieved from /home/airflow/.local/lib/python3.12/site-packages/airflow/example_dags/example_sla_dag.py
[2024-09-02T21:39:16.840+0000] {logging_mixin.py:188} INFO - [2024-09-02T21:39:16.840+0000] {dag.py:3096} INFO - Sync 1 DAGs
[2024-09-02T21:39:16.862+0000] {logging_mixin.py:188} INFO - [2024-09-02T21:39:16.862+0000] {dag.py:3954} INFO - Setting next_dagrun for example_sla_dag to 2024-09-02 21:36:00+00:00, run_after=2024-09-02 21:38:00+00:00
[2024-09-02T21:39:16.880+0000] {processor.py:183} INFO - Processing /home/airflow/.local/lib/python3.12/site-packages/airflow/example_dags/example_sla_dag.py took 0.073 seconds
[2024-09-02T21:39:46.975+0000] {processor.py:161} INFO - Started process (PID=225) to work on /home/airflow/.local/lib/python3.12/site-packages/airflow/example_dags/example_sla_dag.py
[2024-09-02T21:39:46.976+0000] {processor.py:830} INFO - Processing file /home/airflow/.local/lib/python3.12/site-packages/airflow/example_dags/example_sla_dag.py for tasks to queue
[2024-09-02T21:39:46.978+0000] {logging_mixin.py:188} INFO - [2024-09-02T21:39:46.977+0000] {dagbag.py:545} INFO - Filling up the DagBag from /home/airflow/.local/lib/python3.12/site-packages/airflow/example_dags/example_sla_dag.py
[2024-09-02T21:39:46.985+0000] {processor.py:840} INFO - DAG(s) 'example_sla_dag' retrieved from /home/airflow/.local/lib/python3.12/site-packages/airflow/example_dags/example_sla_dag.py
[2024-09-02T21:39:47.004+0000] {logging_mixin.py:188} INFO - [2024-09-02T21:39:47.003+0000] {dag.py:3096} INFO - Sync 1 DAGs
[2024-09-02T21:39:47.052+0000] {logging_mixin.py:188} INFO - [2024-09-02T21:39:47.051+0000] {dag.py:3954} INFO - Setting next_dagrun for example_sla_dag to 2024-09-02 21:36:00+00:00, run_after=2024-09-02 21:38:00+00:00
[2024-09-02T21:39:47.076+0000] {processor.py:183} INFO - Processing /home/airflow/.local/lib/python3.12/site-packages/airflow/example_dags/example_sla_dag.py took 0.106 seconds
[2024-09-02T21:40:17.327+0000] {processor.py:161} INFO - Started process (PID=285) to work on /home/airflow/.local/lib/python3.12/site-packages/airflow/example_dags/example_sla_dag.py
[2024-09-02T21:40:17.329+0000] {processor.py:830} INFO - Processing file /home/airflow/.local/lib/python3.12/site-packages/airflow/example_dags/example_sla_dag.py for tasks to queue
[2024-09-02T21:40:17.330+0000] {logging_mixin.py:188} INFO - [2024-09-02T21:40:17.330+0000] {dagbag.py:545} INFO - Filling up the DagBag from /home/airflow/.local/lib/python3.12/site-packages/airflow/example_dags/example_sla_dag.py
[2024-09-02T21:40:17.342+0000] {processor.py:840} INFO - DAG(s) 'example_sla_dag' retrieved from /home/airflow/.local/lib/python3.12/site-packages/airflow/example_dags/example_sla_dag.py
[2024-09-02T21:40:17.381+0000] {logging_mixin.py:188} INFO - [2024-09-02T21:40:17.380+0000] {dag.py:3096} INFO - Sync 1 DAGs
[2024-09-02T21:40:17.437+0000] {logging_mixin.py:188} INFO - [2024-09-02T21:40:17.437+0000] {dag.py:3954} INFO - Setting next_dagrun for example_sla_dag to 2024-09-02 21:38:00+00:00, run_after=2024-09-02 21:40:00+00:00
[2024-09-02T21:40:17.486+0000] {processor.py:183} INFO - Processing /home/airflow/.local/lib/python3.12/site-packages/airflow/example_dags/example_sla_dag.py took 0.164 seconds
[2024-09-02T21:40:47.591+0000] {processor.py:161} INFO - Started process (PID=345) to work on /home/airflow/.local/lib/python3.12/site-packages/airflow/example_dags/example_sla_dag.py
[2024-09-02T21:40:47.593+0000] {processor.py:830} INFO - Processing file /home/airflow/.local/lib/python3.12/site-packages/airflow/example_dags/example_sla_dag.py for tasks to queue
[2024-09-02T21:40:47.596+0000] {logging_mixin.py:188} INFO - [2024-09-02T21:40:47.595+0000] {dagbag.py:545} INFO - Filling up the DagBag from /home/airflow/.local/lib/python3.12/site-packages/airflow/example_dags/example_sla_dag.py
[2024-09-02T21:40:47.610+0000] {processor.py:840} INFO - DAG(s) 'example_sla_dag' retrieved from /home/airflow/.local/lib/python3.12/site-packages/airflow/example_dags/example_sla_dag.py
[2024-09-02T21:40:47.642+0000] {logging_mixin.py:188} INFO - [2024-09-02T21:40:47.642+0000] {dag.py:3096} INFO - Sync 1 DAGs
[2024-09-02T21:40:47.673+0000] {logging_mixin.py:188} INFO - [2024-09-02T21:40:47.673+0000] {dag.py:3954} INFO - Setting next_dagrun for example_sla_dag to 2024-09-02 21:38:00+00:00, run_after=2024-09-02 21:40:00+00:00
[2024-09-02T21:40:47.704+0000] {processor.py:183} INFO - Processing /home/airflow/.local/lib/python3.12/site-packages/airflow/example_dags/example_sla_dag.py took 0.122 seconds
[2024-09-02T21:44:36.671+0000] {processor.py:161} INFO - Started process (PID=99) to work on /home/airflow/.local/lib/python3.12/site-packages/airflow/example_dags/example_sla_dag.py
[2024-09-02T21:44:36.674+0000] {processor.py:830} INFO - Processing file /home/airflow/.local/lib/python3.12/site-packages/airflow/example_dags/example_sla_dag.py for tasks to queue
[2024-09-02T21:44:36.679+0000] {logging_mixin.py:188} INFO - [2024-09-02T21:44:36.678+0000] {dagbag.py:545} INFO - Filling up the DagBag from /home/airflow/.local/lib/python3.12/site-packages/airflow/example_dags/example_sla_dag.py
[2024-09-02T21:44:36.707+0000] {processor.py:840} INFO - DAG(s) 'example_sla_dag' retrieved from /home/airflow/.local/lib/python3.12/site-packages/airflow/example_dags/example_sla_dag.py
[2024-09-02T21:44:36.977+0000] {logging_mixin.py:188} INFO - [2024-09-02T21:44:36.975+0000] {override.py:1829} INFO - Created Permission View: can read on DAG:example_sla_dag
[2024-09-02T21:44:36.998+0000] {logging_mixin.py:188} INFO - [2024-09-02T21:44:36.997+0000] {override.py:1829} INFO - Created Permission View: can delete on DAG:example_sla_dag
[2024-09-02T21:44:37.013+0000] {logging_mixin.py:188} INFO - [2024-09-02T21:44:37.013+0000] {override.py:1829} INFO - Created Permission View: can edit on DAG:example_sla_dag
[2024-09-02T21:44:37.015+0000] {logging_mixin.py:188} INFO - [2024-09-02T21:44:37.014+0000] {dag.py:3096} INFO - Sync 1 DAGs
[2024-09-02T21:44:37.043+0000] {logging_mixin.py:188} INFO - [2024-09-02T21:44:37.042+0000] {dag.py:3118} INFO - Creating ORM DAG for example_sla_dag
[2024-09-02T21:44:37.076+0000] {logging_mixin.py:188} INFO - [2024-09-02T21:44:37.076+0000] {dag.py:3954} INFO - Setting next_dagrun for example_sla_dag to 2024-09-02 21:42:00+00:00, run_after=2024-09-02 21:44:00+00:00
[2024-09-02T21:44:37.132+0000] {processor.py:183} INFO - Processing /home/airflow/.local/lib/python3.12/site-packages/airflow/example_dags/example_sla_dag.py took 0.475 seconds
[2024-09-02T21:45:07.703+0000] {processor.py:161} INFO - Started process (PID=159) to work on /home/airflow/.local/lib/python3.12/site-packages/airflow/example_dags/example_sla_dag.py
[2024-09-02T21:45:07.704+0000] {processor.py:830} INFO - Processing file /home/airflow/.local/lib/python3.12/site-packages/airflow/example_dags/example_sla_dag.py for tasks to queue
[2024-09-02T21:45:07.706+0000] {logging_mixin.py:188} INFO - [2024-09-02T21:45:07.706+0000] {dagbag.py:545} INFO - Filling up the DagBag from /home/airflow/.local/lib/python3.12/site-packages/airflow/example_dags/example_sla_dag.py
[2024-09-02T21:45:07.714+0000] {processor.py:840} INFO - DAG(s) 'example_sla_dag' retrieved from /home/airflow/.local/lib/python3.12/site-packages/airflow/example_dags/example_sla_dag.py
[2024-09-02T21:45:07.736+0000] {logging_mixin.py:188} INFO - [2024-09-02T21:45:07.735+0000] {dag.py:3096} INFO - Sync 1 DAGs
[2024-09-02T21:45:07.762+0000] {logging_mixin.py:188} INFO - [2024-09-02T21:45:07.762+0000] {dag.py:3954} INFO - Setting next_dagrun for example_sla_dag to 2024-09-02 21:42:00+00:00, run_after=2024-09-02 21:44:00+00:00
[2024-09-02T21:45:07.783+0000] {processor.py:183} INFO - Processing /home/airflow/.local/lib/python3.12/site-packages/airflow/example_dags/example_sla_dag.py took 0.085 seconds
[2024-09-02T21:45:38.240+0000] {processor.py:161} INFO - Started process (PID=219) to work on /home/airflow/.local/lib/python3.12/site-packages/airflow/example_dags/example_sla_dag.py
[2024-09-02T21:45:38.241+0000] {processor.py:830} INFO - Processing file /home/airflow/.local/lib/python3.12/site-packages/airflow/example_dags/example_sla_dag.py for tasks to queue
[2024-09-02T21:45:38.244+0000] {logging_mixin.py:188} INFO - [2024-09-02T21:45:38.244+0000] {dagbag.py:545} INFO - Filling up the DagBag from /home/airflow/.local/lib/python3.12/site-packages/airflow/example_dags/example_sla_dag.py
[2024-09-02T21:45:38.261+0000] {processor.py:840} INFO - DAG(s) 'example_sla_dag' retrieved from /home/airflow/.local/lib/python3.12/site-packages/airflow/example_dags/example_sla_dag.py
[2024-09-02T21:45:38.292+0000] {logging_mixin.py:188} INFO - [2024-09-02T21:45:38.291+0000] {dag.py:3096} INFO - Sync 1 DAGs
[2024-09-02T21:45:38.405+0000] {logging_mixin.py:188} INFO - [2024-09-02T21:45:38.404+0000] {dag.py:3954} INFO - Setting next_dagrun for example_sla_dag to 2024-09-02 21:42:00+00:00, run_after=2024-09-02 21:44:00+00:00
[2024-09-02T21:45:38.465+0000] {processor.py:183} INFO - Processing /home/airflow/.local/lib/python3.12/site-packages/airflow/example_dags/example_sla_dag.py took 0.234 seconds
[2024-09-02T21:46:08.691+0000] {processor.py:161} INFO - Started process (PID=280) to work on /home/airflow/.local/lib/python3.12/site-packages/airflow/example_dags/example_sla_dag.py
[2024-09-02T21:46:08.692+0000] {processor.py:830} INFO - Processing file /home/airflow/.local/lib/python3.12/site-packages/airflow/example_dags/example_sla_dag.py for tasks to queue
[2024-09-02T21:46:08.694+0000] {logging_mixin.py:188} INFO - [2024-09-02T21:46:08.694+0000] {dagbag.py:545} INFO - Filling up the DagBag from /home/airflow/.local/lib/python3.12/site-packages/airflow/example_dags/example_sla_dag.py
[2024-09-02T21:46:08.702+0000] {processor.py:840} INFO - DAG(s) 'example_sla_dag' retrieved from /home/airflow/.local/lib/python3.12/site-packages/airflow/example_dags/example_sla_dag.py
[2024-09-02T21:46:08.726+0000] {logging_mixin.py:188} INFO - [2024-09-02T21:46:08.725+0000] {dag.py:3096} INFO - Sync 1 DAGs
[2024-09-02T21:46:08.755+0000] {logging_mixin.py:188} INFO - [2024-09-02T21:46:08.754+0000] {dag.py:3954} INFO - Setting next_dagrun for example_sla_dag to 2024-09-02 21:44:00+00:00, run_after=2024-09-02 21:46:00+00:00
[2024-09-02T21:46:08.779+0000] {processor.py:183} INFO - Processing /home/airflow/.local/lib/python3.12/site-packages/airflow/example_dags/example_sla_dag.py took 0.093 seconds
[2024-09-02T21:46:38.959+0000] {processor.py:161} INFO - Started process (PID=340) to work on /home/airflow/.local/lib/python3.12/site-packages/airflow/example_dags/example_sla_dag.py
[2024-09-02T21:46:38.960+0000] {processor.py:830} INFO - Processing file /home/airflow/.local/lib/python3.12/site-packages/airflow/example_dags/example_sla_dag.py for tasks to queue
[2024-09-02T21:46:38.962+0000] {logging_mixin.py:188} INFO - [2024-09-02T21:46:38.962+0000] {dagbag.py:545} INFO - Filling up the DagBag from /home/airflow/.local/lib/python3.12/site-packages/airflow/example_dags/example_sla_dag.py
[2024-09-02T21:46:38.970+0000] {processor.py:840} INFO - DAG(s) 'example_sla_dag' retrieved from /home/airflow/.local/lib/python3.12/site-packages/airflow/example_dags/example_sla_dag.py
[2024-09-02T21:46:38.992+0000] {logging_mixin.py:188} INFO - [2024-09-02T21:46:38.992+0000] {dag.py:3096} INFO - Sync 1 DAGs
[2024-09-02T21:46:39.020+0000] {logging_mixin.py:188} INFO - [2024-09-02T21:46:39.020+0000] {dag.py:3954} INFO - Setting next_dagrun for example_sla_dag to 2024-09-02 21:44:00+00:00, run_after=2024-09-02 21:46:00+00:00
[2024-09-02T21:46:39.042+0000] {processor.py:183} INFO - Processing /home/airflow/.local/lib/python3.12/site-packages/airflow/example_dags/example_sla_dag.py took 0.090 seconds
[2024-09-02T21:47:09.307+0000] {processor.py:161} INFO - Started process (PID=400) to work on /home/airflow/.local/lib/python3.12/site-packages/airflow/example_dags/example_sla_dag.py
[2024-09-02T21:47:09.308+0000] {processor.py:830} INFO - Processing file /home/airflow/.local/lib/python3.12/site-packages/airflow/example_dags/example_sla_dag.py for tasks to queue
[2024-09-02T21:47:09.311+0000] {logging_mixin.py:188} INFO - [2024-09-02T21:47:09.311+0000] {dagbag.py:545} INFO - Filling up the DagBag from /home/airflow/.local/lib/python3.12/site-packages/airflow/example_dags/example_sla_dag.py
[2024-09-02T21:47:09.323+0000] {processor.py:840} INFO - DAG(s) 'example_sla_dag' retrieved from /home/airflow/.local/lib/python3.12/site-packages/airflow/example_dags/example_sla_dag.py
[2024-09-02T21:47:09.349+0000] {logging_mixin.py:188} INFO - [2024-09-02T21:47:09.349+0000] {dag.py:3096} INFO - Sync 1 DAGs
[2024-09-02T21:47:09.383+0000] {logging_mixin.py:188} INFO - [2024-09-02T21:47:09.383+0000] {dag.py:3954} INFO - Setting next_dagrun for example_sla_dag to 2024-09-02 21:44:00+00:00, run_after=2024-09-02 21:46:00+00:00
[2024-09-02T21:47:09.408+0000] {processor.py:183} INFO - Processing /home/airflow/.local/lib/python3.12/site-packages/airflow/example_dags/example_sla_dag.py took 0.109 seconds
[2024-09-02T21:47:40.247+0000] {processor.py:161} INFO - Started process (PID=460) to work on /home/airflow/.local/lib/python3.12/site-packages/airflow/example_dags/example_sla_dag.py
[2024-09-02T21:47:40.248+0000] {processor.py:830} INFO - Processing file /home/airflow/.local/lib/python3.12/site-packages/airflow/example_dags/example_sla_dag.py for tasks to queue
[2024-09-02T21:47:40.251+0000] {logging_mixin.py:188} INFO - [2024-09-02T21:47:40.250+0000] {dagbag.py:545} INFO - Filling up the DagBag from /home/airflow/.local/lib/python3.12/site-packages/airflow/example_dags/example_sla_dag.py
[2024-09-02T21:47:40.265+0000] {processor.py:840} INFO - DAG(s) 'example_sla_dag' retrieved from /home/airflow/.local/lib/python3.12/site-packages/airflow/example_dags/example_sla_dag.py
[2024-09-02T21:47:40.294+0000] {logging_mixin.py:188} INFO - [2024-09-02T21:47:40.294+0000] {dag.py:3096} INFO - Sync 1 DAGs
[2024-09-02T21:47:40.337+0000] {logging_mixin.py:188} INFO - [2024-09-02T21:47:40.336+0000] {dag.py:3954} INFO - Setting next_dagrun for example_sla_dag to 2024-09-02 21:44:00+00:00, run_after=2024-09-02 21:46:00+00:00
[2024-09-02T21:47:40.365+0000] {processor.py:183} INFO - Processing /home/airflow/.local/lib/python3.12/site-packages/airflow/example_dags/example_sla_dag.py took 0.127 seconds
[2024-09-02T21:48:11.430+0000] {processor.py:161} INFO - Started process (PID=520) to work on /home/airflow/.local/lib/python3.12/site-packages/airflow/example_dags/example_sla_dag.py
[2024-09-02T21:48:11.432+0000] {processor.py:830} INFO - Processing file /home/airflow/.local/lib/python3.12/site-packages/airflow/example_dags/example_sla_dag.py for tasks to queue
[2024-09-02T21:48:11.436+0000] {logging_mixin.py:188} INFO - [2024-09-02T21:48:11.435+0000] {dagbag.py:545} INFO - Filling up the DagBag from /home/airflow/.local/lib/python3.12/site-packages/airflow/example_dags/example_sla_dag.py
[2024-09-02T21:48:11.457+0000] {processor.py:840} INFO - DAG(s) 'example_sla_dag' retrieved from /home/airflow/.local/lib/python3.12/site-packages/airflow/example_dags/example_sla_dag.py
[2024-09-02T21:48:11.529+0000] {logging_mixin.py:188} INFO - [2024-09-02T21:48:11.528+0000] {dag.py:3096} INFO - Sync 1 DAGs
[2024-09-02T21:48:11.610+0000] {logging_mixin.py:188} INFO - [2024-09-02T21:48:11.609+0000] {dag.py:3954} INFO - Setting next_dagrun for example_sla_dag to 2024-09-02 21:46:00+00:00, run_after=2024-09-02 21:48:00+00:00
[2024-09-02T21:48:11.726+0000] {processor.py:183} INFO - Processing /home/airflow/.local/lib/python3.12/site-packages/airflow/example_dags/example_sla_dag.py took 0.311 seconds
[2024-09-02T21:48:42.518+0000] {processor.py:161} INFO - Started process (PID=580) to work on /home/airflow/.local/lib/python3.12/site-packages/airflow/example_dags/example_sla_dag.py
[2024-09-02T21:48:42.520+0000] {processor.py:830} INFO - Processing file /home/airflow/.local/lib/python3.12/site-packages/airflow/example_dags/example_sla_dag.py for tasks to queue
[2024-09-02T21:48:42.524+0000] {logging_mixin.py:188} INFO - [2024-09-02T21:48:42.524+0000] {dagbag.py:545} INFO - Filling up the DagBag from /home/airflow/.local/lib/python3.12/site-packages/airflow/example_dags/example_sla_dag.py
[2024-09-02T21:48:42.542+0000] {processor.py:840} INFO - DAG(s) 'example_sla_dag' retrieved from /home/airflow/.local/lib/python3.12/site-packages/airflow/example_dags/example_sla_dag.py
[2024-09-02T21:48:42.569+0000] {logging_mixin.py:188} INFO - [2024-09-02T21:48:42.569+0000] {dag.py:3096} INFO - Sync 1 DAGs
[2024-09-02T21:48:42.592+0000] {logging_mixin.py:188} INFO - [2024-09-02T21:48:42.592+0000] {dag.py:3954} INFO - Setting next_dagrun for example_sla_dag to 2024-09-02 21:46:00+00:00, run_after=2024-09-02 21:48:00+00:00
[2024-09-02T21:48:42.624+0000] {processor.py:183} INFO - Processing /home/airflow/.local/lib/python3.12/site-packages/airflow/example_dags/example_sla_dag.py took 0.117 seconds
[2024-09-02T21:49:12.705+0000] {processor.py:161} INFO - Started process (PID=640) to work on /home/airflow/.local/lib/python3.12/site-packages/airflow/example_dags/example_sla_dag.py
[2024-09-02T21:49:12.706+0000] {processor.py:830} INFO - Processing file /home/airflow/.local/lib/python3.12/site-packages/airflow/example_dags/example_sla_dag.py for tasks to queue
[2024-09-02T21:49:12.709+0000] {logging_mixin.py:188} INFO - [2024-09-02T21:49:12.708+0000] {dagbag.py:545} INFO - Filling up the DagBag from /home/airflow/.local/lib/python3.12/site-packages/airflow/example_dags/example_sla_dag.py
[2024-09-02T21:49:12.720+0000] {processor.py:840} INFO - DAG(s) 'example_sla_dag' retrieved from /home/airflow/.local/lib/python3.12/site-packages/airflow/example_dags/example_sla_dag.py
[2024-09-02T21:49:12.744+0000] {logging_mixin.py:188} INFO - [2024-09-02T21:49:12.744+0000] {dag.py:3096} INFO - Sync 1 DAGs
[2024-09-02T21:49:12.775+0000] {logging_mixin.py:188} INFO - [2024-09-02T21:49:12.775+0000] {dag.py:3954} INFO - Setting next_dagrun for example_sla_dag to 2024-09-02 21:46:00+00:00, run_after=2024-09-02 21:48:00+00:00
[2024-09-02T21:49:12.798+0000] {processor.py:183} INFO - Processing /home/airflow/.local/lib/python3.12/site-packages/airflow/example_dags/example_sla_dag.py took 0.101 seconds
[2024-09-02T21:49:43.281+0000] {processor.py:161} INFO - Started process (PID=700) to work on /home/airflow/.local/lib/python3.12/site-packages/airflow/example_dags/example_sla_dag.py
[2024-09-02T21:49:43.282+0000] {processor.py:830} INFO - Processing file /home/airflow/.local/lib/python3.12/site-packages/airflow/example_dags/example_sla_dag.py for tasks to queue
[2024-09-02T21:49:43.286+0000] {logging_mixin.py:188} INFO - [2024-09-02T21:49:43.285+0000] {dagbag.py:545} INFO - Filling up the DagBag from /home/airflow/.local/lib/python3.12/site-packages/airflow/example_dags/example_sla_dag.py
[2024-09-02T21:49:43.320+0000] {processor.py:840} INFO - DAG(s) 'example_sla_dag' retrieved from /home/airflow/.local/lib/python3.12/site-packages/airflow/example_dags/example_sla_dag.py
[2024-09-02T21:49:43.377+0000] {logging_mixin.py:188} INFO - [2024-09-02T21:49:43.377+0000] {dag.py:3096} INFO - Sync 1 DAGs
[2024-09-02T21:49:43.438+0000] {logging_mixin.py:188} INFO - [2024-09-02T21:49:43.437+0000] {dag.py:3954} INFO - Setting next_dagrun for example_sla_dag to 2024-09-02 21:46:00+00:00, run_after=2024-09-02 21:48:00+00:00
[2024-09-02T21:49:43.482+0000] {processor.py:183} INFO - Processing /home/airflow/.local/lib/python3.12/site-packages/airflow/example_dags/example_sla_dag.py took 0.210 seconds
[2024-09-02T21:50:13.836+0000] {processor.py:161} INFO - Started process (PID=760) to work on /home/airflow/.local/lib/python3.12/site-packages/airflow/example_dags/example_sla_dag.py
[2024-09-02T21:50:13.837+0000] {processor.py:830} INFO - Processing file /home/airflow/.local/lib/python3.12/site-packages/airflow/example_dags/example_sla_dag.py for tasks to queue
[2024-09-02T21:50:13.841+0000] {logging_mixin.py:188} INFO - [2024-09-02T21:50:13.840+0000] {dagbag.py:545} INFO - Filling up the DagBag from /home/airflow/.local/lib/python3.12/site-packages/airflow/example_dags/example_sla_dag.py
[2024-09-02T21:50:13.858+0000] {processor.py:840} INFO - DAG(s) 'example_sla_dag' retrieved from /home/airflow/.local/lib/python3.12/site-packages/airflow/example_dags/example_sla_dag.py
[2024-09-02T21:50:13.892+0000] {logging_mixin.py:188} INFO - [2024-09-02T21:50:13.891+0000] {dag.py:3096} INFO - Sync 1 DAGs
[2024-09-02T21:50:13.935+0000] {logging_mixin.py:188} INFO - [2024-09-02T21:50:13.934+0000] {dag.py:3954} INFO - Setting next_dagrun for example_sla_dag to 2024-09-02 21:48:00+00:00, run_after=2024-09-02 21:50:00+00:00
[2024-09-02T21:50:13.974+0000] {processor.py:183} INFO - Processing /home/airflow/.local/lib/python3.12/site-packages/airflow/example_dags/example_sla_dag.py took 0.145 seconds
[2024-09-02T21:50:44.170+0000] {processor.py:161} INFO - Started process (PID=820) to work on /home/airflow/.local/lib/python3.12/site-packages/airflow/example_dags/example_sla_dag.py
[2024-09-02T21:50:44.171+0000] {processor.py:830} INFO - Processing file /home/airflow/.local/lib/python3.12/site-packages/airflow/example_dags/example_sla_dag.py for tasks to queue
[2024-09-02T21:50:44.173+0000] {logging_mixin.py:188} INFO - [2024-09-02T21:50:44.173+0000] {dagbag.py:545} INFO - Filling up the DagBag from /home/airflow/.local/lib/python3.12/site-packages/airflow/example_dags/example_sla_dag.py
[2024-09-02T21:50:44.180+0000] {processor.py:840} INFO - DAG(s) 'example_sla_dag' retrieved from /home/airflow/.local/lib/python3.12/site-packages/airflow/example_dags/example_sla_dag.py
[2024-09-02T21:50:44.199+0000] {logging_mixin.py:188} INFO - [2024-09-02T21:50:44.199+0000] {dag.py:3096} INFO - Sync 1 DAGs
[2024-09-02T21:50:44.223+0000] {logging_mixin.py:188} INFO - [2024-09-02T21:50:44.222+0000] {dag.py:3954} INFO - Setting next_dagrun for example_sla_dag to 2024-09-02 21:48:00+00:00, run_after=2024-09-02 21:50:00+00:00
[2024-09-02T21:50:44.241+0000] {processor.py:183} INFO - Processing /home/airflow/.local/lib/python3.12/site-packages/airflow/example_dags/example_sla_dag.py took 0.077 seconds
[2024-09-02T21:51:14.529+0000] {processor.py:161} INFO - Started process (PID=880) to work on /home/airflow/.local/lib/python3.12/site-packages/airflow/example_dags/example_sla_dag.py
[2024-09-02T21:51:14.531+0000] {processor.py:830} INFO - Processing file /home/airflow/.local/lib/python3.12/site-packages/airflow/example_dags/example_sla_dag.py for tasks to queue
[2024-09-02T21:51:14.533+0000] {logging_mixin.py:188} INFO - [2024-09-02T21:51:14.533+0000] {dagbag.py:545} INFO - Filling up the DagBag from /home/airflow/.local/lib/python3.12/site-packages/airflow/example_dags/example_sla_dag.py
[2024-09-02T21:51:14.550+0000] {processor.py:840} INFO - DAG(s) 'example_sla_dag' retrieved from /home/airflow/.local/lib/python3.12/site-packages/airflow/example_dags/example_sla_dag.py
[2024-09-02T21:51:14.594+0000] {logging_mixin.py:188} INFO - [2024-09-02T21:51:14.593+0000] {dag.py:3096} INFO - Sync 1 DAGs
[2024-09-02T21:51:14.641+0000] {logging_mixin.py:188} INFO - [2024-09-02T21:51:14.640+0000] {dag.py:3954} INFO - Setting next_dagrun for example_sla_dag to 2024-09-02 21:48:00+00:00, run_after=2024-09-02 21:50:00+00:00
[2024-09-02T21:51:14.713+0000] {processor.py:183} INFO - Processing /home/airflow/.local/lib/python3.12/site-packages/airflow/example_dags/example_sla_dag.py took 0.190 seconds
[2024-09-02T21:51:45.502+0000] {processor.py:161} INFO - Started process (PID=940) to work on /home/airflow/.local/lib/python3.12/site-packages/airflow/example_dags/example_sla_dag.py
[2024-09-02T21:51:45.503+0000] {processor.py:830} INFO - Processing file /home/airflow/.local/lib/python3.12/site-packages/airflow/example_dags/example_sla_dag.py for tasks to queue
[2024-09-02T21:51:45.506+0000] {logging_mixin.py:188} INFO - [2024-09-02T21:51:45.505+0000] {dagbag.py:545} INFO - Filling up the DagBag from /home/airflow/.local/lib/python3.12/site-packages/airflow/example_dags/example_sla_dag.py
[2024-09-02T21:51:45.529+0000] {processor.py:840} INFO - DAG(s) 'example_sla_dag' retrieved from /home/airflow/.local/lib/python3.12/site-packages/airflow/example_dags/example_sla_dag.py
[2024-09-02T21:51:45.563+0000] {logging_mixin.py:188} INFO - [2024-09-02T21:51:45.563+0000] {dag.py:3096} INFO - Sync 1 DAGs
[2024-09-02T21:51:45.610+0000] {logging_mixin.py:188} INFO - [2024-09-02T21:51:45.609+0000] {dag.py:3954} INFO - Setting next_dagrun for example_sla_dag to 2024-09-02 21:48:00+00:00, run_after=2024-09-02 21:50:00+00:00
[2024-09-02T21:51:45.645+0000] {processor.py:183} INFO - Processing /home/airflow/.local/lib/python3.12/site-packages/airflow/example_dags/example_sla_dag.py took 0.151 seconds
[2024-09-02T21:52:16.425+0000] {processor.py:161} INFO - Started process (PID=1000) to work on /home/airflow/.local/lib/python3.12/site-packages/airflow/example_dags/example_sla_dag.py
[2024-09-02T21:52:16.426+0000] {processor.py:830} INFO - Processing file /home/airflow/.local/lib/python3.12/site-packages/airflow/example_dags/example_sla_dag.py for tasks to queue
[2024-09-02T21:52:16.428+0000] {logging_mixin.py:188} INFO - [2024-09-02T21:52:16.428+0000] {dagbag.py:545} INFO - Filling up the DagBag from /home/airflow/.local/lib/python3.12/site-packages/airflow/example_dags/example_sla_dag.py
[2024-09-02T21:52:16.437+0000] {processor.py:840} INFO - DAG(s) 'example_sla_dag' retrieved from /home/airflow/.local/lib/python3.12/site-packages/airflow/example_dags/example_sla_dag.py
[2024-09-02T21:52:16.462+0000] {logging_mixin.py:188} INFO - [2024-09-02T21:52:16.462+0000] {dag.py:3096} INFO - Sync 1 DAGs
[2024-09-02T21:52:16.490+0000] {logging_mixin.py:188} INFO - [2024-09-02T21:52:16.490+0000] {dag.py:3954} INFO - Setting next_dagrun for example_sla_dag to 2024-09-02 21:50:00+00:00, run_after=2024-09-02 21:52:00+00:00
[2024-09-02T21:52:16.513+0000] {processor.py:183} INFO - Processing /home/airflow/.local/lib/python3.12/site-packages/airflow/example_dags/example_sla_dag.py took 0.093 seconds
[2024-09-02T21:52:46.942+0000] {processor.py:161} INFO - Started process (PID=1060) to work on /home/airflow/.local/lib/python3.12/site-packages/airflow/example_dags/example_sla_dag.py
[2024-09-02T21:52:46.943+0000] {processor.py:830} INFO - Processing file /home/airflow/.local/lib/python3.12/site-packages/airflow/example_dags/example_sla_dag.py for tasks to queue
[2024-09-02T21:52:46.945+0000] {logging_mixin.py:188} INFO - [2024-09-02T21:52:46.945+0000] {dagbag.py:545} INFO - Filling up the DagBag from /home/airflow/.local/lib/python3.12/site-packages/airflow/example_dags/example_sla_dag.py
[2024-09-02T21:52:46.953+0000] {processor.py:840} INFO - DAG(s) 'example_sla_dag' retrieved from /home/airflow/.local/lib/python3.12/site-packages/airflow/example_dags/example_sla_dag.py
[2024-09-02T21:52:46.976+0000] {logging_mixin.py:188} INFO - [2024-09-02T21:52:46.976+0000] {dag.py:3096} INFO - Sync 1 DAGs
[2024-09-02T21:52:47.010+0000] {logging_mixin.py:188} INFO - [2024-09-02T21:52:47.010+0000] {dag.py:3954} INFO - Setting next_dagrun for example_sla_dag to 2024-09-02 21:50:00+00:00, run_after=2024-09-02 21:52:00+00:00
[2024-09-02T21:52:47.072+0000] {processor.py:183} INFO - Processing /home/airflow/.local/lib/python3.12/site-packages/airflow/example_dags/example_sla_dag.py took 0.135 seconds
[2024-09-02T21:53:17.579+0000] {processor.py:161} INFO - Started process (PID=1126) to work on /home/airflow/.local/lib/python3.12/site-packages/airflow/example_dags/example_sla_dag.py
[2024-09-02T21:53:17.580+0000] {processor.py:830} INFO - Processing file /home/airflow/.local/lib/python3.12/site-packages/airflow/example_dags/example_sla_dag.py for tasks to queue
[2024-09-02T21:53:17.582+0000] {logging_mixin.py:188} INFO - [2024-09-02T21:53:17.582+0000] {dagbag.py:545} INFO - Filling up the DagBag from /home/airflow/.local/lib/python3.12/site-packages/airflow/example_dags/example_sla_dag.py
[2024-09-02T21:53:17.590+0000] {processor.py:840} INFO - DAG(s) 'example_sla_dag' retrieved from /home/airflow/.local/lib/python3.12/site-packages/airflow/example_dags/example_sla_dag.py
[2024-09-02T21:53:17.609+0000] {logging_mixin.py:188} INFO - [2024-09-02T21:53:17.609+0000] {dag.py:3096} INFO - Sync 1 DAGs
[2024-09-02T21:53:17.657+0000] {logging_mixin.py:188} INFO - [2024-09-02T21:53:17.657+0000] {dag.py:3954} INFO - Setting next_dagrun for example_sla_dag to 2024-09-02 21:50:00+00:00, run_after=2024-09-02 21:52:00+00:00
[2024-09-02T21:53:17.678+0000] {processor.py:183} INFO - Processing /home/airflow/.local/lib/python3.12/site-packages/airflow/example_dags/example_sla_dag.py took 0.104 seconds
[2024-09-02T21:53:48.504+0000] {processor.py:161} INFO - Started process (PID=1187) to work on /home/airflow/.local/lib/python3.12/site-packages/airflow/example_dags/example_sla_dag.py
[2024-09-02T21:53:48.505+0000] {processor.py:830} INFO - Processing file /home/airflow/.local/lib/python3.12/site-packages/airflow/example_dags/example_sla_dag.py for tasks to queue
[2024-09-02T21:53:48.508+0000] {logging_mixin.py:188} INFO - [2024-09-02T21:53:48.507+0000] {dagbag.py:545} INFO - Filling up the DagBag from /home/airflow/.local/lib/python3.12/site-packages/airflow/example_dags/example_sla_dag.py
[2024-09-02T21:53:48.520+0000] {processor.py:840} INFO - DAG(s) 'example_sla_dag' retrieved from /home/airflow/.local/lib/python3.12/site-packages/airflow/example_dags/example_sla_dag.py
[2024-09-02T21:53:48.545+0000] {logging_mixin.py:188} INFO - [2024-09-02T21:53:48.545+0000] {dag.py:3096} INFO - Sync 1 DAGs
[2024-09-02T21:53:48.581+0000] {logging_mixin.py:188} INFO - [2024-09-02T21:53:48.581+0000] {dag.py:3954} INFO - Setting next_dagrun for example_sla_dag to 2024-09-02 21:50:00+00:00, run_after=2024-09-02 21:52:00+00:00
[2024-09-02T21:53:48.605+0000] {processor.py:183} INFO - Processing /home/airflow/.local/lib/python3.12/site-packages/airflow/example_dags/example_sla_dag.py took 0.112 seconds
[2024-09-02T21:54:18.861+0000] {processor.py:161} INFO - Started process (PID=1246) to work on /home/airflow/.local/lib/python3.12/site-packages/airflow/example_dags/example_sla_dag.py
[2024-09-02T21:54:18.866+0000] {processor.py:830} INFO - Processing file /home/airflow/.local/lib/python3.12/site-packages/airflow/example_dags/example_sla_dag.py for tasks to queue
[2024-09-02T21:54:18.876+0000] {logging_mixin.py:188} INFO - [2024-09-02T21:54:18.875+0000] {dagbag.py:545} INFO - Filling up the DagBag from /home/airflow/.local/lib/python3.12/site-packages/airflow/example_dags/example_sla_dag.py
[2024-09-02T21:54:18.896+0000] {processor.py:840} INFO - DAG(s) 'example_sla_dag' retrieved from /home/airflow/.local/lib/python3.12/site-packages/airflow/example_dags/example_sla_dag.py
[2024-09-02T21:54:18.933+0000] {logging_mixin.py:188} INFO - [2024-09-02T21:54:18.933+0000] {dag.py:3096} INFO - Sync 1 DAGs
[2024-09-02T21:54:18.986+0000] {logging_mixin.py:188} INFO - [2024-09-02T21:54:18.985+0000] {dag.py:3954} INFO - Setting next_dagrun for example_sla_dag to 2024-09-02 21:52:00+00:00, run_after=2024-09-02 21:54:00+00:00
[2024-09-02T21:54:19.017+0000] {processor.py:183} INFO - Processing /home/airflow/.local/lib/python3.12/site-packages/airflow/example_dags/example_sla_dag.py took 0.168 seconds
[2024-09-02T21:54:49.209+0000] {processor.py:161} INFO - Started process (PID=1306) to work on /home/airflow/.local/lib/python3.12/site-packages/airflow/example_dags/example_sla_dag.py
[2024-09-02T21:54:49.210+0000] {processor.py:830} INFO - Processing file /home/airflow/.local/lib/python3.12/site-packages/airflow/example_dags/example_sla_dag.py for tasks to queue
[2024-09-02T21:54:49.211+0000] {logging_mixin.py:188} INFO - [2024-09-02T21:54:49.211+0000] {dagbag.py:545} INFO - Filling up the DagBag from /home/airflow/.local/lib/python3.12/site-packages/airflow/example_dags/example_sla_dag.py
[2024-09-02T21:54:49.219+0000] {processor.py:840} INFO - DAG(s) 'example_sla_dag' retrieved from /home/airflow/.local/lib/python3.12/site-packages/airflow/example_dags/example_sla_dag.py
[2024-09-02T21:54:49.238+0000] {logging_mixin.py:188} INFO - [2024-09-02T21:54:49.238+0000] {dag.py:3096} INFO - Sync 1 DAGs
[2024-09-02T21:54:49.266+0000] {logging_mixin.py:188} INFO - [2024-09-02T21:54:49.266+0000] {dag.py:3954} INFO - Setting next_dagrun for example_sla_dag to 2024-09-02 21:52:00+00:00, run_after=2024-09-02 21:54:00+00:00
[2024-09-02T21:54:49.283+0000] {processor.py:183} INFO - Processing /home/airflow/.local/lib/python3.12/site-packages/airflow/example_dags/example_sla_dag.py took 0.079 seconds
[2024-09-02T21:55:20.090+0000] {processor.py:161} INFO - Started process (PID=1370) to work on /home/airflow/.local/lib/python3.12/site-packages/airflow/example_dags/example_sla_dag.py
[2024-09-02T21:55:20.091+0000] {processor.py:830} INFO - Processing file /home/airflow/.local/lib/python3.12/site-packages/airflow/example_dags/example_sla_dag.py for tasks to queue
[2024-09-02T21:55:20.094+0000] {logging_mixin.py:188} INFO - [2024-09-02T21:55:20.094+0000] {dagbag.py:545} INFO - Filling up the DagBag from /home/airflow/.local/lib/python3.12/site-packages/airflow/example_dags/example_sla_dag.py
[2024-09-02T21:55:20.105+0000] {processor.py:840} INFO - DAG(s) 'example_sla_dag' retrieved from /home/airflow/.local/lib/python3.12/site-packages/airflow/example_dags/example_sla_dag.py
[2024-09-02T21:55:20.129+0000] {logging_mixin.py:188} INFO - [2024-09-02T21:55:20.129+0000] {dag.py:3096} INFO - Sync 1 DAGs
[2024-09-02T21:55:20.171+0000] {logging_mixin.py:188} INFO - [2024-09-02T21:55:20.170+0000] {dag.py:3954} INFO - Setting next_dagrun for example_sla_dag to 2024-09-02 21:52:00+00:00, run_after=2024-09-02 21:54:00+00:00
[2024-09-02T21:55:20.204+0000] {processor.py:183} INFO - Processing /home/airflow/.local/lib/python3.12/site-packages/airflow/example_dags/example_sla_dag.py took 0.123 seconds
[2024-09-02T21:55:50.562+0000] {processor.py:161} INFO - Started process (PID=1433) to work on /home/airflow/.local/lib/python3.12/site-packages/airflow/example_dags/example_sla_dag.py
[2024-09-02T21:55:50.564+0000] {processor.py:830} INFO - Processing file /home/airflow/.local/lib/python3.12/site-packages/airflow/example_dags/example_sla_dag.py for tasks to queue
[2024-09-02T21:55:50.580+0000] {logging_mixin.py:188} INFO - [2024-09-02T21:55:50.579+0000] {dagbag.py:545} INFO - Filling up the DagBag from /home/airflow/.local/lib/python3.12/site-packages/airflow/example_dags/example_sla_dag.py
[2024-09-02T21:55:50.611+0000] {processor.py:840} INFO - DAG(s) 'example_sla_dag' retrieved from /home/airflow/.local/lib/python3.12/site-packages/airflow/example_dags/example_sla_dag.py
[2024-09-02T21:55:50.646+0000] {logging_mixin.py:188} INFO - [2024-09-02T21:55:50.645+0000] {dag.py:3096} INFO - Sync 1 DAGs
[2024-09-02T21:55:50.684+0000] {logging_mixin.py:188} INFO - [2024-09-02T21:55:50.684+0000] {dag.py:3954} INFO - Setting next_dagrun for example_sla_dag to 2024-09-02 21:52:00+00:00, run_after=2024-09-02 21:54:00+00:00
[2024-09-02T21:55:50.710+0000] {processor.py:183} INFO - Processing /home/airflow/.local/lib/python3.12/site-packages/airflow/example_dags/example_sla_dag.py took 0.157 seconds
