[2024-09-02T21:35:22.057+0000] {processor.py:161} INFO - Started process (PID=114) to work on /home/airflow/.local/lib/python3.12/site-packages/airflow/example_dags/example_branch_python_dop_operator_3.py
[2024-09-02T21:35:22.060+0000] {processor.py:830} INFO - Processing file /home/airflow/.local/lib/python3.12/site-packages/airflow/example_dags/example_branch_python_dop_operator_3.py for tasks to queue
[2024-09-02T21:35:22.065+0000] {logging_mixin.py:188} INFO - [2024-09-02T21:35:22.064+0000] {dagbag.py:545} INFO - Filling up the DagBag from /home/airflow/.local/lib/python3.12/site-packages/airflow/example_dags/example_branch_python_dop_operator_3.py
[2024-09-02T21:35:22.100+0000] {processor.py:840} INFO - DAG(s) 'example_branch_dop_operator_v3' retrieved from /home/airflow/.local/lib/python3.12/site-packages/airflow/example_dags/example_branch_python_dop_operator_3.py
[2024-09-02T21:35:22.497+0000] {logging_mixin.py:188} INFO - [2024-09-02T21:35:22.496+0000] {override.py:1829} INFO - Created Permission View: can edit on DAG:example_branch_dop_operator_v3
[2024-09-02T21:35:22.548+0000] {logging_mixin.py:188} INFO - [2024-09-02T21:35:22.547+0000] {override.py:1829} INFO - Created Permission View: can delete on DAG:example_branch_dop_operator_v3
[2024-09-02T21:35:22.586+0000] {logging_mixin.py:188} INFO - [2024-09-02T21:35:22.585+0000] {override.py:1829} INFO - Created Permission View: can read on DAG:example_branch_dop_operator_v3
[2024-09-02T21:35:22.588+0000] {logging_mixin.py:188} INFO - [2024-09-02T21:35:22.588+0000] {dag.py:3096} INFO - Sync 1 DAGs
[2024-09-02T21:35:22.629+0000] {logging_mixin.py:188} INFO - [2024-09-02T21:35:22.628+0000] {dag.py:3118} INFO - Creating ORM DAG for example_branch_dop_operator_v3
[2024-09-02T21:35:22.670+0000] {logging_mixin.py:188} INFO - [2024-09-02T21:35:22.670+0000] {dag.py:3954} INFO - Setting next_dagrun for example_branch_dop_operator_v3 to 2024-09-02 21:34:00+00:00, run_after=2024-09-02 21:35:00+00:00
[2024-09-02T21:35:22.727+0000] {processor.py:183} INFO - Processing /home/airflow/.local/lib/python3.12/site-packages/airflow/example_dags/example_branch_python_dop_operator_3.py took 0.688 seconds
[2024-09-02T21:35:54.768+0000] {processor.py:161} INFO - Started process (PID=179) to work on /home/airflow/.local/lib/python3.12/site-packages/airflow/example_dags/example_branch_python_dop_operator_3.py
[2024-09-02T21:35:54.771+0000] {processor.py:830} INFO - Processing file /home/airflow/.local/lib/python3.12/site-packages/airflow/example_dags/example_branch_python_dop_operator_3.py for tasks to queue
[2024-09-02T21:35:54.818+0000] {logging_mixin.py:188} INFO - [2024-09-02T21:35:54.815+0000] {dagbag.py:545} INFO - Filling up the DagBag from /home/airflow/.local/lib/python3.12/site-packages/airflow/example_dags/example_branch_python_dop_operator_3.py
[2024-09-02T21:35:54.985+0000] {processor.py:840} INFO - DAG(s) 'example_branch_dop_operator_v3' retrieved from /home/airflow/.local/lib/python3.12/site-packages/airflow/example_dags/example_branch_python_dop_operator_3.py
[2024-09-02T21:35:55.353+0000] {logging_mixin.py:188} INFO - [2024-09-02T21:35:55.352+0000] {dag.py:3096} INFO - Sync 1 DAGs
[2024-09-02T21:35:55.682+0000] {logging_mixin.py:188} INFO - [2024-09-02T21:35:55.681+0000] {dag.py:3954} INFO - Setting next_dagrun for example_branch_dop_operator_v3 to 2024-09-02 21:34:00+00:00, run_after=2024-09-02 21:35:00+00:00
[2024-09-02T21:35:55.877+0000] {processor.py:183} INFO - Processing /home/airflow/.local/lib/python3.12/site-packages/airflow/example_dags/example_branch_python_dop_operator_3.py took 1.399 seconds
[2024-09-02T21:38:48.444+0000] {processor.py:161} INFO - Started process (PID=112) to work on /home/airflow/.local/lib/python3.12/site-packages/airflow/example_dags/example_branch_python_dop_operator_3.py
[2024-09-02T21:38:48.447+0000] {processor.py:830} INFO - Processing file /home/airflow/.local/lib/python3.12/site-packages/airflow/example_dags/example_branch_python_dop_operator_3.py for tasks to queue
[2024-09-02T21:38:48.452+0000] {logging_mixin.py:188} INFO - [2024-09-02T21:38:48.451+0000] {dagbag.py:545} INFO - Filling up the DagBag from /home/airflow/.local/lib/python3.12/site-packages/airflow/example_dags/example_branch_python_dop_operator_3.py
[2024-09-02T21:38:48.493+0000] {processor.py:840} INFO - DAG(s) 'example_branch_dop_operator_v3' retrieved from /home/airflow/.local/lib/python3.12/site-packages/airflow/example_dags/example_branch_python_dop_operator_3.py
[2024-09-02T21:38:48.930+0000] {logging_mixin.py:188} INFO - [2024-09-02T21:38:48.928+0000] {override.py:1829} INFO - Created Permission View: can edit on DAG:example_branch_dop_operator_v3
[2024-09-02T21:38:48.957+0000] {logging_mixin.py:188} INFO - [2024-09-02T21:38:48.956+0000] {override.py:1829} INFO - Created Permission View: can read on DAG:example_branch_dop_operator_v3
[2024-09-02T21:38:48.976+0000] {logging_mixin.py:188} INFO - [2024-09-02T21:38:48.975+0000] {override.py:1829} INFO - Created Permission View: can delete on DAG:example_branch_dop_operator_v3
[2024-09-02T21:38:48.977+0000] {logging_mixin.py:188} INFO - [2024-09-02T21:38:48.977+0000] {dag.py:3096} INFO - Sync 1 DAGs
[2024-09-02T21:38:49.016+0000] {logging_mixin.py:188} INFO - [2024-09-02T21:38:49.016+0000] {dag.py:3118} INFO - Creating ORM DAG for example_branch_dop_operator_v3
[2024-09-02T21:38:49.054+0000] {logging_mixin.py:188} INFO - [2024-09-02T21:38:49.054+0000] {dag.py:3954} INFO - Setting next_dagrun for example_branch_dop_operator_v3 to 2024-09-02 21:37:00+00:00, run_after=2024-09-02 21:38:00+00:00
[2024-09-02T21:38:49.089+0000] {processor.py:183} INFO - Processing /home/airflow/.local/lib/python3.12/site-packages/airflow/example_dags/example_branch_python_dop_operator_3.py took 0.660 seconds
[2024-09-02T21:39:19.422+0000] {processor.py:161} INFO - Started process (PID=172) to work on /home/airflow/.local/lib/python3.12/site-packages/airflow/example_dags/example_branch_python_dop_operator_3.py
[2024-09-02T21:39:19.424+0000] {processor.py:830} INFO - Processing file /home/airflow/.local/lib/python3.12/site-packages/airflow/example_dags/example_branch_python_dop_operator_3.py for tasks to queue
[2024-09-02T21:39:19.428+0000] {logging_mixin.py:188} INFO - [2024-09-02T21:39:19.427+0000] {dagbag.py:545} INFO - Filling up the DagBag from /home/airflow/.local/lib/python3.12/site-packages/airflow/example_dags/example_branch_python_dop_operator_3.py
[2024-09-02T21:39:19.446+0000] {processor.py:840} INFO - DAG(s) 'example_branch_dop_operator_v3' retrieved from /home/airflow/.local/lib/python3.12/site-packages/airflow/example_dags/example_branch_python_dop_operator_3.py
[2024-09-02T21:39:19.513+0000] {logging_mixin.py:188} INFO - [2024-09-02T21:39:19.512+0000] {dag.py:3096} INFO - Sync 1 DAGs
[2024-09-02T21:39:19.572+0000] {logging_mixin.py:188} INFO - [2024-09-02T21:39:19.572+0000] {dag.py:3954} INFO - Setting next_dagrun for example_branch_dop_operator_v3 to 2024-09-02 21:38:00+00:00, run_after=2024-09-02 21:39:00+00:00
[2024-09-02T21:39:19.605+0000] {processor.py:183} INFO - Processing /home/airflow/.local/lib/python3.12/site-packages/airflow/example_dags/example_branch_python_dop_operator_3.py took 0.195 seconds
[2024-09-02T21:39:49.708+0000] {processor.py:161} INFO - Started process (PID=232) to work on /home/airflow/.local/lib/python3.12/site-packages/airflow/example_dags/example_branch_python_dop_operator_3.py
[2024-09-02T21:39:49.709+0000] {processor.py:830} INFO - Processing file /home/airflow/.local/lib/python3.12/site-packages/airflow/example_dags/example_branch_python_dop_operator_3.py for tasks to queue
[2024-09-02T21:39:49.711+0000] {logging_mixin.py:188} INFO - [2024-09-02T21:39:49.711+0000] {dagbag.py:545} INFO - Filling up the DagBag from /home/airflow/.local/lib/python3.12/site-packages/airflow/example_dags/example_branch_python_dop_operator_3.py
[2024-09-02T21:39:49.722+0000] {processor.py:840} INFO - DAG(s) 'example_branch_dop_operator_v3' retrieved from /home/airflow/.local/lib/python3.12/site-packages/airflow/example_dags/example_branch_python_dop_operator_3.py
[2024-09-02T21:39:49.742+0000] {logging_mixin.py:188} INFO - [2024-09-02T21:39:49.742+0000] {dag.py:3096} INFO - Sync 1 DAGs
[2024-09-02T21:39:49.767+0000] {logging_mixin.py:188} INFO - [2024-09-02T21:39:49.766+0000] {dag.py:3954} INFO - Setting next_dagrun for example_branch_dop_operator_v3 to 2024-09-02 21:38:00+00:00, run_after=2024-09-02 21:39:00+00:00
[2024-09-02T21:39:49.786+0000] {processor.py:183} INFO - Processing /home/airflow/.local/lib/python3.12/site-packages/airflow/example_dags/example_branch_python_dop_operator_3.py took 0.083 seconds
[2024-09-02T21:40:20.063+0000] {processor.py:161} INFO - Started process (PID=292) to work on /home/airflow/.local/lib/python3.12/site-packages/airflow/example_dags/example_branch_python_dop_operator_3.py
[2024-09-02T21:40:20.065+0000] {processor.py:830} INFO - Processing file /home/airflow/.local/lib/python3.12/site-packages/airflow/example_dags/example_branch_python_dop_operator_3.py for tasks to queue
[2024-09-02T21:40:20.068+0000] {logging_mixin.py:188} INFO - [2024-09-02T21:40:20.068+0000] {dagbag.py:545} INFO - Filling up the DagBag from /home/airflow/.local/lib/python3.12/site-packages/airflow/example_dags/example_branch_python_dop_operator_3.py
[2024-09-02T21:40:20.086+0000] {processor.py:840} INFO - DAG(s) 'example_branch_dop_operator_v3' retrieved from /home/airflow/.local/lib/python3.12/site-packages/airflow/example_dags/example_branch_python_dop_operator_3.py
[2024-09-02T21:40:20.115+0000] {logging_mixin.py:188} INFO - [2024-09-02T21:40:20.114+0000] {dag.py:3096} INFO - Sync 1 DAGs
[2024-09-02T21:40:20.153+0000] {logging_mixin.py:188} INFO - [2024-09-02T21:40:20.153+0000] {dag.py:3954} INFO - Setting next_dagrun for example_branch_dop_operator_v3 to 2024-09-02 21:39:00+00:00, run_after=2024-09-02 21:40:00+00:00
[2024-09-02T21:40:20.178+0000] {processor.py:183} INFO - Processing /home/airflow/.local/lib/python3.12/site-packages/airflow/example_dags/example_branch_python_dop_operator_3.py took 0.126 seconds
[2024-09-02T21:40:50.482+0000] {processor.py:161} INFO - Started process (PID=352) to work on /home/airflow/.local/lib/python3.12/site-packages/airflow/example_dags/example_branch_python_dop_operator_3.py
[2024-09-02T21:40:50.484+0000] {processor.py:830} INFO - Processing file /home/airflow/.local/lib/python3.12/site-packages/airflow/example_dags/example_branch_python_dop_operator_3.py for tasks to queue
[2024-09-02T21:40:50.486+0000] {logging_mixin.py:188} INFO - [2024-09-02T21:40:50.485+0000] {dagbag.py:545} INFO - Filling up the DagBag from /home/airflow/.local/lib/python3.12/site-packages/airflow/example_dags/example_branch_python_dop_operator_3.py
[2024-09-02T21:40:50.496+0000] {processor.py:840} INFO - DAG(s) 'example_branch_dop_operator_v3' retrieved from /home/airflow/.local/lib/python3.12/site-packages/airflow/example_dags/example_branch_python_dop_operator_3.py
[2024-09-02T21:40:50.526+0000] {logging_mixin.py:188} INFO - [2024-09-02T21:40:50.525+0000] {dag.py:3096} INFO - Sync 1 DAGs
[2024-09-02T21:40:50.559+0000] {logging_mixin.py:188} INFO - [2024-09-02T21:40:50.559+0000] {dag.py:3954} INFO - Setting next_dagrun for example_branch_dop_operator_v3 to 2024-09-02 21:39:00+00:00, run_after=2024-09-02 21:40:00+00:00
[2024-09-02T21:40:50.578+0000] {processor.py:183} INFO - Processing /home/airflow/.local/lib/python3.12/site-packages/airflow/example_dags/example_branch_python_dop_operator_3.py took 0.102 seconds
[2024-09-02T21:44:38.867+0000] {processor.py:161} INFO - Started process (PID=106) to work on /home/airflow/.local/lib/python3.12/site-packages/airflow/example_dags/example_branch_python_dop_operator_3.py
[2024-09-02T21:44:38.869+0000] {processor.py:830} INFO - Processing file /home/airflow/.local/lib/python3.12/site-packages/airflow/example_dags/example_branch_python_dop_operator_3.py for tasks to queue
[2024-09-02T21:44:38.873+0000] {logging_mixin.py:188} INFO - [2024-09-02T21:44:38.873+0000] {dagbag.py:545} INFO - Filling up the DagBag from /home/airflow/.local/lib/python3.12/site-packages/airflow/example_dags/example_branch_python_dop_operator_3.py
[2024-09-02T21:44:38.897+0000] {processor.py:840} INFO - DAG(s) 'example_branch_dop_operator_v3' retrieved from /home/airflow/.local/lib/python3.12/site-packages/airflow/example_dags/example_branch_python_dop_operator_3.py
[2024-09-02T21:44:39.099+0000] {logging_mixin.py:188} INFO - [2024-09-02T21:44:39.098+0000] {override.py:1829} INFO - Created Permission View: can read on DAG:example_branch_dop_operator_v3
[2024-09-02T21:44:39.118+0000] {logging_mixin.py:188} INFO - [2024-09-02T21:44:39.118+0000] {override.py:1829} INFO - Created Permission View: can delete on DAG:example_branch_dop_operator_v3
[2024-09-02T21:44:39.131+0000] {logging_mixin.py:188} INFO - [2024-09-02T21:44:39.130+0000] {override.py:1829} INFO - Created Permission View: can edit on DAG:example_branch_dop_operator_v3
[2024-09-02T21:44:39.132+0000] {logging_mixin.py:188} INFO - [2024-09-02T21:44:39.132+0000] {dag.py:3096} INFO - Sync 1 DAGs
[2024-09-02T21:44:39.156+0000] {logging_mixin.py:188} INFO - [2024-09-02T21:44:39.156+0000] {dag.py:3118} INFO - Creating ORM DAG for example_branch_dop_operator_v3
[2024-09-02T21:44:39.179+0000] {logging_mixin.py:188} INFO - [2024-09-02T21:44:39.178+0000] {dag.py:3954} INFO - Setting next_dagrun for example_branch_dop_operator_v3 to 2024-09-02 21:43:00+00:00, run_after=2024-09-02 21:44:00+00:00
[2024-09-02T21:44:39.209+0000] {processor.py:183} INFO - Processing /home/airflow/.local/lib/python3.12/site-packages/airflow/example_dags/example_branch_python_dop_operator_3.py took 0.354 seconds
[2024-09-02T21:45:10.236+0000] {processor.py:161} INFO - Started process (PID=166) to work on /home/airflow/.local/lib/python3.12/site-packages/airflow/example_dags/example_branch_python_dop_operator_3.py
[2024-09-02T21:45:10.237+0000] {processor.py:830} INFO - Processing file /home/airflow/.local/lib/python3.12/site-packages/airflow/example_dags/example_branch_python_dop_operator_3.py for tasks to queue
[2024-09-02T21:45:10.239+0000] {logging_mixin.py:188} INFO - [2024-09-02T21:45:10.239+0000] {dagbag.py:545} INFO - Filling up the DagBag from /home/airflow/.local/lib/python3.12/site-packages/airflow/example_dags/example_branch_python_dop_operator_3.py
[2024-09-02T21:45:10.249+0000] {processor.py:840} INFO - DAG(s) 'example_branch_dop_operator_v3' retrieved from /home/airflow/.local/lib/python3.12/site-packages/airflow/example_dags/example_branch_python_dop_operator_3.py
[2024-09-02T21:45:10.271+0000] {logging_mixin.py:188} INFO - [2024-09-02T21:45:10.270+0000] {dag.py:3096} INFO - Sync 1 DAGs
[2024-09-02T21:45:10.301+0000] {logging_mixin.py:188} INFO - [2024-09-02T21:45:10.301+0000] {dag.py:3954} INFO - Setting next_dagrun for example_branch_dop_operator_v3 to 2024-09-02 21:44:00+00:00, run_after=2024-09-02 21:45:00+00:00
[2024-09-02T21:45:10.326+0000] {processor.py:183} INFO - Processing /home/airflow/.local/lib/python3.12/site-packages/airflow/example_dags/example_branch_python_dop_operator_3.py took 0.097 seconds
[2024-09-02T21:45:40.963+0000] {processor.py:161} INFO - Started process (PID=226) to work on /home/airflow/.local/lib/python3.12/site-packages/airflow/example_dags/example_branch_python_dop_operator_3.py
[2024-09-02T21:45:40.964+0000] {processor.py:830} INFO - Processing file /home/airflow/.local/lib/python3.12/site-packages/airflow/example_dags/example_branch_python_dop_operator_3.py for tasks to queue
[2024-09-02T21:45:40.966+0000] {logging_mixin.py:188} INFO - [2024-09-02T21:45:40.966+0000] {dagbag.py:545} INFO - Filling up the DagBag from /home/airflow/.local/lib/python3.12/site-packages/airflow/example_dags/example_branch_python_dop_operator_3.py
[2024-09-02T21:45:40.977+0000] {processor.py:840} INFO - DAG(s) 'example_branch_dop_operator_v3' retrieved from /home/airflow/.local/lib/python3.12/site-packages/airflow/example_dags/example_branch_python_dop_operator_3.py
[2024-09-02T21:45:40.998+0000] {logging_mixin.py:188} INFO - [2024-09-02T21:45:40.997+0000] {dag.py:3096} INFO - Sync 1 DAGs
[2024-09-02T21:45:41.025+0000] {logging_mixin.py:188} INFO - [2024-09-02T21:45:41.024+0000] {dag.py:3954} INFO - Setting next_dagrun for example_branch_dop_operator_v3 to 2024-09-02 21:44:00+00:00, run_after=2024-09-02 21:45:00+00:00
[2024-09-02T21:45:41.048+0000] {processor.py:183} INFO - Processing /home/airflow/.local/lib/python3.12/site-packages/airflow/example_dags/example_branch_python_dop_operator_3.py took 0.090 seconds
[2024-09-02T21:46:11.152+0000] {processor.py:161} INFO - Started process (PID=287) to work on /home/airflow/.local/lib/python3.12/site-packages/airflow/example_dags/example_branch_python_dop_operator_3.py
[2024-09-02T21:46:11.154+0000] {processor.py:830} INFO - Processing file /home/airflow/.local/lib/python3.12/site-packages/airflow/example_dags/example_branch_python_dop_operator_3.py for tasks to queue
[2024-09-02T21:46:11.164+0000] {logging_mixin.py:188} INFO - [2024-09-02T21:46:11.160+0000] {dagbag.py:545} INFO - Filling up the DagBag from /home/airflow/.local/lib/python3.12/site-packages/airflow/example_dags/example_branch_python_dop_operator_3.py
[2024-09-02T21:46:11.183+0000] {processor.py:840} INFO - DAG(s) 'example_branch_dop_operator_v3' retrieved from /home/airflow/.local/lib/python3.12/site-packages/airflow/example_dags/example_branch_python_dop_operator_3.py
[2024-09-02T21:46:11.244+0000] {logging_mixin.py:188} INFO - [2024-09-02T21:46:11.243+0000] {dag.py:3096} INFO - Sync 1 DAGs
[2024-09-02T21:46:11.303+0000] {logging_mixin.py:188} INFO - [2024-09-02T21:46:11.302+0000] {dag.py:3954} INFO - Setting next_dagrun for example_branch_dop_operator_v3 to 2024-09-02 21:45:00+00:00, run_after=2024-09-02 21:46:00+00:00
[2024-09-02T21:46:11.332+0000] {processor.py:183} INFO - Processing /home/airflow/.local/lib/python3.12/site-packages/airflow/example_dags/example_branch_python_dop_operator_3.py took 0.196 seconds
[2024-09-02T21:46:41.456+0000] {processor.py:161} INFO - Started process (PID=347) to work on /home/airflow/.local/lib/python3.12/site-packages/airflow/example_dags/example_branch_python_dop_operator_3.py
[2024-09-02T21:46:41.458+0000] {processor.py:830} INFO - Processing file /home/airflow/.local/lib/python3.12/site-packages/airflow/example_dags/example_branch_python_dop_operator_3.py for tasks to queue
[2024-09-02T21:46:41.461+0000] {logging_mixin.py:188} INFO - [2024-09-02T21:46:41.461+0000] {dagbag.py:545} INFO - Filling up the DagBag from /home/airflow/.local/lib/python3.12/site-packages/airflow/example_dags/example_branch_python_dop_operator_3.py
[2024-09-02T21:46:41.476+0000] {processor.py:840} INFO - DAG(s) 'example_branch_dop_operator_v3' retrieved from /home/airflow/.local/lib/python3.12/site-packages/airflow/example_dags/example_branch_python_dop_operator_3.py
[2024-09-02T21:46:41.508+0000] {logging_mixin.py:188} INFO - [2024-09-02T21:46:41.507+0000] {dag.py:3096} INFO - Sync 1 DAGs
[2024-09-02T21:46:41.562+0000] {logging_mixin.py:188} INFO - [2024-09-02T21:46:41.561+0000] {dag.py:3954} INFO - Setting next_dagrun for example_branch_dop_operator_v3 to 2024-09-02 21:45:00+00:00, run_after=2024-09-02 21:46:00+00:00
[2024-09-02T21:46:41.597+0000] {processor.py:183} INFO - Processing /home/airflow/.local/lib/python3.12/site-packages/airflow/example_dags/example_branch_python_dop_operator_3.py took 0.153 seconds
[2024-09-02T21:47:11.804+0000] {processor.py:161} INFO - Started process (PID=407) to work on /home/airflow/.local/lib/python3.12/site-packages/airflow/example_dags/example_branch_python_dop_operator_3.py
[2024-09-02T21:47:11.805+0000] {processor.py:830} INFO - Processing file /home/airflow/.local/lib/python3.12/site-packages/airflow/example_dags/example_branch_python_dop_operator_3.py for tasks to queue
[2024-09-02T21:47:11.808+0000] {logging_mixin.py:188} INFO - [2024-09-02T21:47:11.808+0000] {dagbag.py:545} INFO - Filling up the DagBag from /home/airflow/.local/lib/python3.12/site-packages/airflow/example_dags/example_branch_python_dop_operator_3.py
[2024-09-02T21:47:11.821+0000] {processor.py:840} INFO - DAG(s) 'example_branch_dop_operator_v3' retrieved from /home/airflow/.local/lib/python3.12/site-packages/airflow/example_dags/example_branch_python_dop_operator_3.py
[2024-09-02T21:47:11.846+0000] {logging_mixin.py:188} INFO - [2024-09-02T21:47:11.845+0000] {dag.py:3096} INFO - Sync 1 DAGs
[2024-09-02T21:47:11.879+0000] {logging_mixin.py:188} INFO - [2024-09-02T21:47:11.879+0000] {dag.py:3954} INFO - Setting next_dagrun for example_branch_dop_operator_v3 to 2024-09-02 21:46:00+00:00, run_after=2024-09-02 21:47:00+00:00
[2024-09-02T21:47:11.905+0000] {processor.py:183} INFO - Processing /home/airflow/.local/lib/python3.12/site-packages/airflow/example_dags/example_branch_python_dop_operator_3.py took 0.108 seconds
[2024-09-02T21:47:42.841+0000] {processor.py:161} INFO - Started process (PID=467) to work on /home/airflow/.local/lib/python3.12/site-packages/airflow/example_dags/example_branch_python_dop_operator_3.py
[2024-09-02T21:47:42.843+0000] {processor.py:830} INFO - Processing file /home/airflow/.local/lib/python3.12/site-packages/airflow/example_dags/example_branch_python_dop_operator_3.py for tasks to queue
[2024-09-02T21:47:42.846+0000] {logging_mixin.py:188} INFO - [2024-09-02T21:47:42.845+0000] {dagbag.py:545} INFO - Filling up the DagBag from /home/airflow/.local/lib/python3.12/site-packages/airflow/example_dags/example_branch_python_dop_operator_3.py
[2024-09-02T21:47:42.867+0000] {processor.py:840} INFO - DAG(s) 'example_branch_dop_operator_v3' retrieved from /home/airflow/.local/lib/python3.12/site-packages/airflow/example_dags/example_branch_python_dop_operator_3.py
[2024-09-02T21:47:42.902+0000] {logging_mixin.py:188} INFO - [2024-09-02T21:47:42.902+0000] {dag.py:3096} INFO - Sync 1 DAGs
[2024-09-02T21:47:42.972+0000] {logging_mixin.py:188} INFO - [2024-09-02T21:47:42.971+0000] {dag.py:3954} INFO - Setting next_dagrun for example_branch_dop_operator_v3 to 2024-09-02 21:46:00+00:00, run_after=2024-09-02 21:47:00+00:00
[2024-09-02T21:47:43.083+0000] {processor.py:183} INFO - Processing /home/airflow/.local/lib/python3.12/site-packages/airflow/example_dags/example_branch_python_dop_operator_3.py took 0.253 seconds
[2024-09-02T21:48:13.593+0000] {processor.py:161} INFO - Started process (PID=527) to work on /home/airflow/.local/lib/python3.12/site-packages/airflow/example_dags/example_branch_python_dop_operator_3.py
[2024-09-02T21:48:13.595+0000] {processor.py:830} INFO - Processing file /home/airflow/.local/lib/python3.12/site-packages/airflow/example_dags/example_branch_python_dop_operator_3.py for tasks to queue
[2024-09-02T21:48:13.599+0000] {logging_mixin.py:188} INFO - [2024-09-02T21:48:13.598+0000] {dagbag.py:545} INFO - Filling up the DagBag from /home/airflow/.local/lib/python3.12/site-packages/airflow/example_dags/example_branch_python_dop_operator_3.py
[2024-09-02T21:48:13.616+0000] {processor.py:840} INFO - DAG(s) 'example_branch_dop_operator_v3' retrieved from /home/airflow/.local/lib/python3.12/site-packages/airflow/example_dags/example_branch_python_dop_operator_3.py
[2024-09-02T21:48:13.656+0000] {logging_mixin.py:188} INFO - [2024-09-02T21:48:13.655+0000] {dag.py:3096} INFO - Sync 1 DAGs
[2024-09-02T21:48:13.714+0000] {logging_mixin.py:188} INFO - [2024-09-02T21:48:13.713+0000] {dag.py:3954} INFO - Setting next_dagrun for example_branch_dop_operator_v3 to 2024-09-02 21:47:00+00:00, run_after=2024-09-02 21:48:00+00:00
[2024-09-02T21:48:13.766+0000] {processor.py:183} INFO - Processing /home/airflow/.local/lib/python3.12/site-packages/airflow/example_dags/example_branch_python_dop_operator_3.py took 0.184 seconds
[2024-09-02T21:48:44.206+0000] {processor.py:161} INFO - Started process (PID=587) to work on /home/airflow/.local/lib/python3.12/site-packages/airflow/example_dags/example_branch_python_dop_operator_3.py
[2024-09-02T21:48:44.208+0000] {processor.py:830} INFO - Processing file /home/airflow/.local/lib/python3.12/site-packages/airflow/example_dags/example_branch_python_dop_operator_3.py for tasks to queue
[2024-09-02T21:48:44.210+0000] {logging_mixin.py:188} INFO - [2024-09-02T21:48:44.210+0000] {dagbag.py:545} INFO - Filling up the DagBag from /home/airflow/.local/lib/python3.12/site-packages/airflow/example_dags/example_branch_python_dop_operator_3.py
[2024-09-02T21:48:44.223+0000] {processor.py:840} INFO - DAG(s) 'example_branch_dop_operator_v3' retrieved from /home/airflow/.local/lib/python3.12/site-packages/airflow/example_dags/example_branch_python_dop_operator_3.py
[2024-09-02T21:48:44.251+0000] {logging_mixin.py:188} INFO - [2024-09-02T21:48:44.250+0000] {dag.py:3096} INFO - Sync 1 DAGs
[2024-09-02T21:48:44.291+0000] {logging_mixin.py:188} INFO - [2024-09-02T21:48:44.290+0000] {dag.py:3954} INFO - Setting next_dagrun for example_branch_dop_operator_v3 to 2024-09-02 21:47:00+00:00, run_after=2024-09-02 21:48:00+00:00
[2024-09-02T21:48:44.332+0000] {processor.py:183} INFO - Processing /home/airflow/.local/lib/python3.12/site-packages/airflow/example_dags/example_branch_python_dop_operator_3.py took 0.133 seconds
[2024-09-02T21:49:14.439+0000] {processor.py:161} INFO - Started process (PID=647) to work on /home/airflow/.local/lib/python3.12/site-packages/airflow/example_dags/example_branch_python_dop_operator_3.py
[2024-09-02T21:49:14.440+0000] {processor.py:830} INFO - Processing file /home/airflow/.local/lib/python3.12/site-packages/airflow/example_dags/example_branch_python_dop_operator_3.py for tasks to queue
[2024-09-02T21:49:14.444+0000] {logging_mixin.py:188} INFO - [2024-09-02T21:49:14.443+0000] {dagbag.py:545} INFO - Filling up the DagBag from /home/airflow/.local/lib/python3.12/site-packages/airflow/example_dags/example_branch_python_dop_operator_3.py
[2024-09-02T21:49:14.462+0000] {processor.py:840} INFO - DAG(s) 'example_branch_dop_operator_v3' retrieved from /home/airflow/.local/lib/python3.12/site-packages/airflow/example_dags/example_branch_python_dop_operator_3.py
[2024-09-02T21:49:14.504+0000] {logging_mixin.py:188} INFO - [2024-09-02T21:49:14.503+0000] {dag.py:3096} INFO - Sync 1 DAGs
[2024-09-02T21:49:14.584+0000] {logging_mixin.py:188} INFO - [2024-09-02T21:49:14.583+0000] {dag.py:3954} INFO - Setting next_dagrun for example_branch_dop_operator_v3 to 2024-09-02 21:48:00+00:00, run_after=2024-09-02 21:49:00+00:00
[2024-09-02T21:49:14.625+0000] {processor.py:183} INFO - Processing /home/airflow/.local/lib/python3.12/site-packages/airflow/example_dags/example_branch_python_dop_operator_3.py took 0.196 seconds
[2024-09-02T21:49:44.887+0000] {processor.py:161} INFO - Started process (PID=707) to work on /home/airflow/.local/lib/python3.12/site-packages/airflow/example_dags/example_branch_python_dop_operator_3.py
[2024-09-02T21:49:44.888+0000] {processor.py:830} INFO - Processing file /home/airflow/.local/lib/python3.12/site-packages/airflow/example_dags/example_branch_python_dop_operator_3.py for tasks to queue
[2024-09-02T21:49:44.891+0000] {logging_mixin.py:188} INFO - [2024-09-02T21:49:44.890+0000] {dagbag.py:545} INFO - Filling up the DagBag from /home/airflow/.local/lib/python3.12/site-packages/airflow/example_dags/example_branch_python_dop_operator_3.py
[2024-09-02T21:49:44.902+0000] {processor.py:840} INFO - DAG(s) 'example_branch_dop_operator_v3' retrieved from /home/airflow/.local/lib/python3.12/site-packages/airflow/example_dags/example_branch_python_dop_operator_3.py
[2024-09-02T21:49:44.935+0000] {logging_mixin.py:188} INFO - [2024-09-02T21:49:44.934+0000] {dag.py:3096} INFO - Sync 1 DAGs
[2024-09-02T21:49:44.971+0000] {logging_mixin.py:188} INFO - [2024-09-02T21:49:44.971+0000] {dag.py:3954} INFO - Setting next_dagrun for example_branch_dop_operator_v3 to 2024-09-02 21:48:00+00:00, run_after=2024-09-02 21:49:00+00:00
[2024-09-02T21:49:45.000+0000] {processor.py:183} INFO - Processing /home/airflow/.local/lib/python3.12/site-packages/airflow/example_dags/example_branch_python_dop_operator_3.py took 0.121 seconds
[2024-09-02T21:50:15.628+0000] {processor.py:161} INFO - Started process (PID=767) to work on /home/airflow/.local/lib/python3.12/site-packages/airflow/example_dags/example_branch_python_dop_operator_3.py
[2024-09-02T21:50:15.630+0000] {processor.py:830} INFO - Processing file /home/airflow/.local/lib/python3.12/site-packages/airflow/example_dags/example_branch_python_dop_operator_3.py for tasks to queue
[2024-09-02T21:50:15.633+0000] {logging_mixin.py:188} INFO - [2024-09-02T21:50:15.632+0000] {dagbag.py:545} INFO - Filling up the DagBag from /home/airflow/.local/lib/python3.12/site-packages/airflow/example_dags/example_branch_python_dop_operator_3.py
[2024-09-02T21:50:15.647+0000] {processor.py:840} INFO - DAG(s) 'example_branch_dop_operator_v3' retrieved from /home/airflow/.local/lib/python3.12/site-packages/airflow/example_dags/example_branch_python_dop_operator_3.py
[2024-09-02T21:50:15.674+0000] {logging_mixin.py:188} INFO - [2024-09-02T21:50:15.674+0000] {dag.py:3096} INFO - Sync 1 DAGs
[2024-09-02T21:50:15.710+0000] {logging_mixin.py:188} INFO - [2024-09-02T21:50:15.709+0000] {dag.py:3954} INFO - Setting next_dagrun for example_branch_dop_operator_v3 to 2024-09-02 21:49:00+00:00, run_after=2024-09-02 21:50:00+00:00
[2024-09-02T21:50:15.733+0000] {processor.py:183} INFO - Processing /home/airflow/.local/lib/python3.12/site-packages/airflow/example_dags/example_branch_python_dop_operator_3.py took 0.117 seconds
[2024-09-02T21:50:46.017+0000] {processor.py:161} INFO - Started process (PID=827) to work on /home/airflow/.local/lib/python3.12/site-packages/airflow/example_dags/example_branch_python_dop_operator_3.py
[2024-09-02T21:50:46.019+0000] {processor.py:830} INFO - Processing file /home/airflow/.local/lib/python3.12/site-packages/airflow/example_dags/example_branch_python_dop_operator_3.py for tasks to queue
[2024-09-02T21:50:46.022+0000] {logging_mixin.py:188} INFO - [2024-09-02T21:50:46.021+0000] {dagbag.py:545} INFO - Filling up the DagBag from /home/airflow/.local/lib/python3.12/site-packages/airflow/example_dags/example_branch_python_dop_operator_3.py
[2024-09-02T21:50:46.034+0000] {processor.py:840} INFO - DAG(s) 'example_branch_dop_operator_v3' retrieved from /home/airflow/.local/lib/python3.12/site-packages/airflow/example_dags/example_branch_python_dop_operator_3.py
[2024-09-02T21:50:46.063+0000] {logging_mixin.py:188} INFO - [2024-09-02T21:50:46.063+0000] {dag.py:3096} INFO - Sync 1 DAGs
[2024-09-02T21:50:46.106+0000] {logging_mixin.py:188} INFO - [2024-09-02T21:50:46.105+0000] {dag.py:3954} INFO - Setting next_dagrun for example_branch_dop_operator_v3 to 2024-09-02 21:49:00+00:00, run_after=2024-09-02 21:50:00+00:00
[2024-09-02T21:50:46.143+0000] {processor.py:183} INFO - Processing /home/airflow/.local/lib/python3.12/site-packages/airflow/example_dags/example_branch_python_dop_operator_3.py took 0.136 seconds
[2024-09-02T21:51:16.314+0000] {processor.py:161} INFO - Started process (PID=887) to work on /home/airflow/.local/lib/python3.12/site-packages/airflow/example_dags/example_branch_python_dop_operator_3.py
[2024-09-02T21:51:16.316+0000] {processor.py:830} INFO - Processing file /home/airflow/.local/lib/python3.12/site-packages/airflow/example_dags/example_branch_python_dop_operator_3.py for tasks to queue
[2024-09-02T21:51:16.322+0000] {logging_mixin.py:188} INFO - [2024-09-02T21:51:16.321+0000] {dagbag.py:545} INFO - Filling up the DagBag from /home/airflow/.local/lib/python3.12/site-packages/airflow/example_dags/example_branch_python_dop_operator_3.py
[2024-09-02T21:51:16.347+0000] {processor.py:840} INFO - DAG(s) 'example_branch_dop_operator_v3' retrieved from /home/airflow/.local/lib/python3.12/site-packages/airflow/example_dags/example_branch_python_dop_operator_3.py
[2024-09-02T21:51:16.394+0000] {logging_mixin.py:188} INFO - [2024-09-02T21:51:16.394+0000] {dag.py:3096} INFO - Sync 1 DAGs
[2024-09-02T21:51:16.443+0000] {logging_mixin.py:188} INFO - [2024-09-02T21:51:16.442+0000] {dag.py:3954} INFO - Setting next_dagrun for example_branch_dop_operator_v3 to 2024-09-02 21:50:00+00:00, run_after=2024-09-02 21:51:00+00:00
[2024-09-02T21:51:16.496+0000] {processor.py:183} INFO - Processing /home/airflow/.local/lib/python3.12/site-packages/airflow/example_dags/example_branch_python_dop_operator_3.py took 0.195 seconds
[2024-09-02T21:51:47.180+0000] {processor.py:161} INFO - Started process (PID=947) to work on /home/airflow/.local/lib/python3.12/site-packages/airflow/example_dags/example_branch_python_dop_operator_3.py
[2024-09-02T21:51:47.181+0000] {processor.py:830} INFO - Processing file /home/airflow/.local/lib/python3.12/site-packages/airflow/example_dags/example_branch_python_dop_operator_3.py for tasks to queue
[2024-09-02T21:51:47.183+0000] {logging_mixin.py:188} INFO - [2024-09-02T21:51:47.183+0000] {dagbag.py:545} INFO - Filling up the DagBag from /home/airflow/.local/lib/python3.12/site-packages/airflow/example_dags/example_branch_python_dop_operator_3.py
[2024-09-02T21:51:47.194+0000] {processor.py:840} INFO - DAG(s) 'example_branch_dop_operator_v3' retrieved from /home/airflow/.local/lib/python3.12/site-packages/airflow/example_dags/example_branch_python_dop_operator_3.py
[2024-09-02T21:51:47.219+0000] {logging_mixin.py:188} INFO - [2024-09-02T21:51:47.219+0000] {dag.py:3096} INFO - Sync 1 DAGs
[2024-09-02T21:51:47.253+0000] {logging_mixin.py:188} INFO - [2024-09-02T21:51:47.253+0000] {dag.py:3954} INFO - Setting next_dagrun for example_branch_dop_operator_v3 to 2024-09-02 21:50:00+00:00, run_after=2024-09-02 21:51:00+00:00
[2024-09-02T21:51:47.278+0000] {processor.py:183} INFO - Processing /home/airflow/.local/lib/python3.12/site-packages/airflow/example_dags/example_branch_python_dop_operator_3.py took 0.106 seconds
[2024-09-02T21:52:18.455+0000] {processor.py:161} INFO - Started process (PID=1013) to work on /home/airflow/.local/lib/python3.12/site-packages/airflow/example_dags/example_branch_python_dop_operator_3.py
[2024-09-02T21:52:18.457+0000] {processor.py:830} INFO - Processing file /home/airflow/.local/lib/python3.12/site-packages/airflow/example_dags/example_branch_python_dop_operator_3.py for tasks to queue
[2024-09-02T21:52:18.459+0000] {logging_mixin.py:188} INFO - [2024-09-02T21:52:18.459+0000] {dagbag.py:545} INFO - Filling up the DagBag from /home/airflow/.local/lib/python3.12/site-packages/airflow/example_dags/example_branch_python_dop_operator_3.py
[2024-09-02T21:52:18.476+0000] {processor.py:840} INFO - DAG(s) 'example_branch_dop_operator_v3' retrieved from /home/airflow/.local/lib/python3.12/site-packages/airflow/example_dags/example_branch_python_dop_operator_3.py
[2024-09-02T21:52:18.506+0000] {logging_mixin.py:188} INFO - [2024-09-02T21:52:18.506+0000] {dag.py:3096} INFO - Sync 1 DAGs
[2024-09-02T21:52:18.543+0000] {logging_mixin.py:188} INFO - [2024-09-02T21:52:18.542+0000] {dag.py:3954} INFO - Setting next_dagrun for example_branch_dop_operator_v3 to 2024-09-02 21:51:00+00:00, run_after=2024-09-02 21:52:00+00:00
[2024-09-02T21:52:18.563+0000] {processor.py:183} INFO - Processing /home/airflow/.local/lib/python3.12/site-packages/airflow/example_dags/example_branch_python_dop_operator_3.py took 0.118 seconds
[2024-09-02T21:52:48.893+0000] {processor.py:161} INFO - Started process (PID=1073) to work on /home/airflow/.local/lib/python3.12/site-packages/airflow/example_dags/example_branch_python_dop_operator_3.py
[2024-09-02T21:52:48.896+0000] {processor.py:830} INFO - Processing file /home/airflow/.local/lib/python3.12/site-packages/airflow/example_dags/example_branch_python_dop_operator_3.py for tasks to queue
[2024-09-02T21:52:48.899+0000] {logging_mixin.py:188} INFO - [2024-09-02T21:52:48.899+0000] {dagbag.py:545} INFO - Filling up the DagBag from /home/airflow/.local/lib/python3.12/site-packages/airflow/example_dags/example_branch_python_dop_operator_3.py
[2024-09-02T21:52:48.912+0000] {processor.py:840} INFO - DAG(s) 'example_branch_dop_operator_v3' retrieved from /home/airflow/.local/lib/python3.12/site-packages/airflow/example_dags/example_branch_python_dop_operator_3.py
[2024-09-02T21:52:48.937+0000] {logging_mixin.py:188} INFO - [2024-09-02T21:52:48.937+0000] {dag.py:3096} INFO - Sync 1 DAGs
[2024-09-02T21:52:48.969+0000] {logging_mixin.py:188} INFO - [2024-09-02T21:52:48.969+0000] {dag.py:3954} INFO - Setting next_dagrun for example_branch_dop_operator_v3 to 2024-09-02 21:51:00+00:00, run_after=2024-09-02 21:52:00+00:00
[2024-09-02T21:52:48.996+0000] {processor.py:183} INFO - Processing /home/airflow/.local/lib/python3.12/site-packages/airflow/example_dags/example_branch_python_dop_operator_3.py took 0.114 seconds
[2024-09-02T21:53:19.243+0000] {processor.py:161} INFO - Started process (PID=1133) to work on /home/airflow/.local/lib/python3.12/site-packages/airflow/example_dags/example_branch_python_dop_operator_3.py
[2024-09-02T21:53:19.244+0000] {processor.py:830} INFO - Processing file /home/airflow/.local/lib/python3.12/site-packages/airflow/example_dags/example_branch_python_dop_operator_3.py for tasks to queue
[2024-09-02T21:53:19.247+0000] {logging_mixin.py:188} INFO - [2024-09-02T21:53:19.246+0000] {dagbag.py:545} INFO - Filling up the DagBag from /home/airflow/.local/lib/python3.12/site-packages/airflow/example_dags/example_branch_python_dop_operator_3.py
[2024-09-02T21:53:19.259+0000] {processor.py:840} INFO - DAG(s) 'example_branch_dop_operator_v3' retrieved from /home/airflow/.local/lib/python3.12/site-packages/airflow/example_dags/example_branch_python_dop_operator_3.py
[2024-09-02T21:53:19.283+0000] {logging_mixin.py:188} INFO - [2024-09-02T21:53:19.283+0000] {dag.py:3096} INFO - Sync 1 DAGs
[2024-09-02T21:53:19.315+0000] {logging_mixin.py:188} INFO - [2024-09-02T21:53:19.315+0000] {dag.py:3954} INFO - Setting next_dagrun for example_branch_dop_operator_v3 to 2024-09-02 21:52:00+00:00, run_after=2024-09-02 21:53:00+00:00
[2024-09-02T21:53:19.338+0000] {processor.py:183} INFO - Processing /home/airflow/.local/lib/python3.12/site-packages/airflow/example_dags/example_branch_python_dop_operator_3.py took 0.102 seconds
[2024-09-02T21:53:50.373+0000] {processor.py:161} INFO - Started process (PID=1194) to work on /home/airflow/.local/lib/python3.12/site-packages/airflow/example_dags/example_branch_python_dop_operator_3.py
[2024-09-02T21:53:50.374+0000] {processor.py:830} INFO - Processing file /home/airflow/.local/lib/python3.12/site-packages/airflow/example_dags/example_branch_python_dop_operator_3.py for tasks to queue
[2024-09-02T21:53:50.376+0000] {logging_mixin.py:188} INFO - [2024-09-02T21:53:50.376+0000] {dagbag.py:545} INFO - Filling up the DagBag from /home/airflow/.local/lib/python3.12/site-packages/airflow/example_dags/example_branch_python_dop_operator_3.py
[2024-09-02T21:53:50.388+0000] {processor.py:840} INFO - DAG(s) 'example_branch_dop_operator_v3' retrieved from /home/airflow/.local/lib/python3.12/site-packages/airflow/example_dags/example_branch_python_dop_operator_3.py
[2024-09-02T21:53:50.415+0000] {logging_mixin.py:188} INFO - [2024-09-02T21:53:50.415+0000] {dag.py:3096} INFO - Sync 1 DAGs
[2024-09-02T21:53:50.447+0000] {logging_mixin.py:188} INFO - [2024-09-02T21:53:50.447+0000] {dag.py:3954} INFO - Setting next_dagrun for example_branch_dop_operator_v3 to 2024-09-02 21:52:00+00:00, run_after=2024-09-02 21:53:00+00:00
[2024-09-02T21:53:50.472+0000] {processor.py:183} INFO - Processing /home/airflow/.local/lib/python3.12/site-packages/airflow/example_dags/example_branch_python_dop_operator_3.py took 0.107 seconds
[2024-09-02T21:54:20.894+0000] {processor.py:161} INFO - Started process (PID=1254) to work on /home/airflow/.local/lib/python3.12/site-packages/airflow/example_dags/example_branch_python_dop_operator_3.py
[2024-09-02T21:54:20.895+0000] {processor.py:830} INFO - Processing file /home/airflow/.local/lib/python3.12/site-packages/airflow/example_dags/example_branch_python_dop_operator_3.py for tasks to queue
[2024-09-02T21:54:20.898+0000] {logging_mixin.py:188} INFO - [2024-09-02T21:54:20.898+0000] {dagbag.py:545} INFO - Filling up the DagBag from /home/airflow/.local/lib/python3.12/site-packages/airflow/example_dags/example_branch_python_dop_operator_3.py
[2024-09-02T21:54:20.912+0000] {processor.py:840} INFO - DAG(s) 'example_branch_dop_operator_v3' retrieved from /home/airflow/.local/lib/python3.12/site-packages/airflow/example_dags/example_branch_python_dop_operator_3.py
[2024-09-02T21:54:20.942+0000] {logging_mixin.py:188} INFO - [2024-09-02T21:54:20.941+0000] {dag.py:3096} INFO - Sync 1 DAGs
[2024-09-02T21:54:20.981+0000] {logging_mixin.py:188} INFO - [2024-09-02T21:54:20.980+0000] {dag.py:3954} INFO - Setting next_dagrun for example_branch_dop_operator_v3 to 2024-09-02 21:53:00+00:00, run_after=2024-09-02 21:54:00+00:00
[2024-09-02T21:54:21.018+0000] {processor.py:183} INFO - Processing /home/airflow/.local/lib/python3.12/site-packages/airflow/example_dags/example_branch_python_dop_operator_3.py took 0.134 seconds
[2024-09-02T21:54:51.288+0000] {processor.py:161} INFO - Started process (PID=1314) to work on /home/airflow/.local/lib/python3.12/site-packages/airflow/example_dags/example_branch_python_dop_operator_3.py
[2024-09-02T21:54:51.290+0000] {processor.py:830} INFO - Processing file /home/airflow/.local/lib/python3.12/site-packages/airflow/example_dags/example_branch_python_dop_operator_3.py for tasks to queue
[2024-09-02T21:54:51.294+0000] {logging_mixin.py:188} INFO - [2024-09-02T21:54:51.293+0000] {dagbag.py:545} INFO - Filling up the DagBag from /home/airflow/.local/lib/python3.12/site-packages/airflow/example_dags/example_branch_python_dop_operator_3.py
[2024-09-02T21:54:51.314+0000] {processor.py:840} INFO - DAG(s) 'example_branch_dop_operator_v3' retrieved from /home/airflow/.local/lib/python3.12/site-packages/airflow/example_dags/example_branch_python_dop_operator_3.py
[2024-09-02T21:54:51.349+0000] {logging_mixin.py:188} INFO - [2024-09-02T21:54:51.349+0000] {dag.py:3096} INFO - Sync 1 DAGs
[2024-09-02T21:54:51.388+0000] {logging_mixin.py:188} INFO - [2024-09-02T21:54:51.388+0000] {dag.py:3954} INFO - Setting next_dagrun for example_branch_dop_operator_v3 to 2024-09-02 21:53:00+00:00, run_after=2024-09-02 21:54:00+00:00
[2024-09-02T21:54:51.424+0000] {processor.py:183} INFO - Processing /home/airflow/.local/lib/python3.12/site-packages/airflow/example_dags/example_branch_python_dop_operator_3.py took 0.154 seconds
[2024-09-02T21:55:21.788+0000] {processor.py:161} INFO - Started process (PID=1378) to work on /home/airflow/.local/lib/python3.12/site-packages/airflow/example_dags/example_branch_python_dop_operator_3.py
[2024-09-02T21:55:21.790+0000] {processor.py:830} INFO - Processing file /home/airflow/.local/lib/python3.12/site-packages/airflow/example_dags/example_branch_python_dop_operator_3.py for tasks to queue
[2024-09-02T21:55:21.792+0000] {logging_mixin.py:188} INFO - [2024-09-02T21:55:21.792+0000] {dagbag.py:545} INFO - Filling up the DagBag from /home/airflow/.local/lib/python3.12/site-packages/airflow/example_dags/example_branch_python_dop_operator_3.py
[2024-09-02T21:55:21.803+0000] {processor.py:840} INFO - DAG(s) 'example_branch_dop_operator_v3' retrieved from /home/airflow/.local/lib/python3.12/site-packages/airflow/example_dags/example_branch_python_dop_operator_3.py
[2024-09-02T21:55:21.830+0000] {logging_mixin.py:188} INFO - [2024-09-02T21:55:21.830+0000] {dag.py:3096} INFO - Sync 1 DAGs
[2024-09-02T21:55:21.864+0000] {logging_mixin.py:188} INFO - [2024-09-02T21:55:21.864+0000] {dag.py:3954} INFO - Setting next_dagrun for example_branch_dop_operator_v3 to 2024-09-02 21:54:00+00:00, run_after=2024-09-02 21:55:00+00:00
[2024-09-02T21:55:21.893+0000] {processor.py:183} INFO - Processing /home/airflow/.local/lib/python3.12/site-packages/airflow/example_dags/example_branch_python_dop_operator_3.py took 0.113 seconds
[2024-09-02T21:55:52.380+0000] {processor.py:161} INFO - Started process (PID=1441) to work on /home/airflow/.local/lib/python3.12/site-packages/airflow/example_dags/example_branch_python_dop_operator_3.py
[2024-09-02T21:55:52.382+0000] {processor.py:830} INFO - Processing file /home/airflow/.local/lib/python3.12/site-packages/airflow/example_dags/example_branch_python_dop_operator_3.py for tasks to queue
[2024-09-02T21:55:52.384+0000] {logging_mixin.py:188} INFO - [2024-09-02T21:55:52.384+0000] {dagbag.py:545} INFO - Filling up the DagBag from /home/airflow/.local/lib/python3.12/site-packages/airflow/example_dags/example_branch_python_dop_operator_3.py
[2024-09-02T21:55:52.397+0000] {processor.py:840} INFO - DAG(s) 'example_branch_dop_operator_v3' retrieved from /home/airflow/.local/lib/python3.12/site-packages/airflow/example_dags/example_branch_python_dop_operator_3.py
[2024-09-02T21:55:52.428+0000] {logging_mixin.py:188} INFO - [2024-09-02T21:55:52.428+0000] {dag.py:3096} INFO - Sync 1 DAGs
[2024-09-02T21:55:52.475+0000] {logging_mixin.py:188} INFO - [2024-09-02T21:55:52.474+0000] {dag.py:3954} INFO - Setting next_dagrun for example_branch_dop_operator_v3 to 2024-09-02 21:54:00+00:00, run_after=2024-09-02 21:55:00+00:00
[2024-09-02T21:55:52.503+0000] {processor.py:183} INFO - Processing /home/airflow/.local/lib/python3.12/site-packages/airflow/example_dags/example_branch_python_dop_operator_3.py took 0.131 seconds
