[2024-09-02T21:35:24.492+0000] {processor.py:161} INFO - Started process (PID=126) to work on /home/airflow/.local/lib/python3.12/site-packages/airflow/example_dags/example_python_decorator.py
[2024-09-02T21:35:24.495+0000] {processor.py:830} INFO - Processing file /home/airflow/.local/lib/python3.12/site-packages/airflow/example_dags/example_python_decorator.py for tasks to queue
[2024-09-02T21:35:24.501+0000] {logging_mixin.py:188} INFO - [2024-09-02T21:35:24.499+0000] {dagbag.py:545} INFO - Filling up the DagBag from /home/airflow/.local/lib/python3.12/site-packages/airflow/example_dags/example_python_decorator.py
[2024-09-02T21:35:24.557+0000] {processor.py:840} INFO - DAG(s) 'example_python_decorator' retrieved from /home/airflow/.local/lib/python3.12/site-packages/airflow/example_dags/example_python_decorator.py
[2024-09-02T21:35:25.047+0000] {logging_mixin.py:188} INFO - [2024-09-02T21:35:25.045+0000] {override.py:1829} INFO - Created Permission View: can edit on DAG:example_python_decorator
[2024-09-02T21:35:25.090+0000] {logging_mixin.py:188} INFO - [2024-09-02T21:35:25.089+0000] {override.py:1829} INFO - Created Permission View: can delete on DAG:example_python_decorator
[2024-09-02T21:35:25.162+0000] {logging_mixin.py:188} INFO - [2024-09-02T21:35:25.161+0000] {override.py:1829} INFO - Created Permission View: can read on DAG:example_python_decorator
[2024-09-02T21:35:25.165+0000] {logging_mixin.py:188} INFO - [2024-09-02T21:35:25.164+0000] {dag.py:3096} INFO - Sync 1 DAGs
[2024-09-02T21:35:25.214+0000] {logging_mixin.py:188} INFO - [2024-09-02T21:35:25.213+0000] {dag.py:3118} INFO - Creating ORM DAG for example_python_decorator
[2024-09-02T21:35:25.220+0000] {logging_mixin.py:188} INFO - [2024-09-02T21:35:25.219+0000] {dag.py:3954} INFO - Setting next_dagrun for example_python_decorator to None, run_after=None
[2024-09-02T21:35:25.308+0000] {processor.py:183} INFO - Processing /home/airflow/.local/lib/python3.12/site-packages/airflow/example_dags/example_python_decorator.py took 0.832 seconds
[2024-09-02T21:35:58.110+0000] {processor.py:161} INFO - Started process (PID=185) to work on /home/airflow/.local/lib/python3.12/site-packages/airflow/example_dags/example_python_decorator.py
[2024-09-02T21:35:58.114+0000] {processor.py:830} INFO - Processing file /home/airflow/.local/lib/python3.12/site-packages/airflow/example_dags/example_python_decorator.py for tasks to queue
[2024-09-02T21:35:58.142+0000] {logging_mixin.py:188} INFO - [2024-09-02T21:35:58.128+0000] {dagbag.py:545} INFO - Filling up the DagBag from /home/airflow/.local/lib/python3.12/site-packages/airflow/example_dags/example_python_decorator.py
[2024-09-02T21:35:58.341+0000] {processor.py:840} INFO - DAG(s) 'example_python_decorator' retrieved from /home/airflow/.local/lib/python3.12/site-packages/airflow/example_dags/example_python_decorator.py
[2024-09-02T21:35:58.695+0000] {logging_mixin.py:188} INFO - [2024-09-02T21:35:58.694+0000] {dag.py:3096} INFO - Sync 1 DAGs
[2024-09-02T21:35:59.013+0000] {logging_mixin.py:188} INFO - [2024-09-02T21:35:59.013+0000] {dag.py:3954} INFO - Setting next_dagrun for example_python_decorator to None, run_after=None
[2024-09-02T21:35:59.301+0000] {processor.py:183} INFO - Processing /home/airflow/.local/lib/python3.12/site-packages/airflow/example_dags/example_python_decorator.py took 1.292 seconds
[2024-09-02T21:38:50.001+0000] {processor.py:161} INFO - Started process (PID=118) to work on /home/airflow/.local/lib/python3.12/site-packages/airflow/example_dags/example_python_decorator.py
[2024-09-02T21:38:50.003+0000] {processor.py:830} INFO - Processing file /home/airflow/.local/lib/python3.12/site-packages/airflow/example_dags/example_python_decorator.py for tasks to queue
[2024-09-02T21:38:50.007+0000] {logging_mixin.py:188} INFO - [2024-09-02T21:38:50.006+0000] {dagbag.py:545} INFO - Filling up the DagBag from /home/airflow/.local/lib/python3.12/site-packages/airflow/example_dags/example_python_decorator.py
[2024-09-02T21:38:50.037+0000] {processor.py:840} INFO - DAG(s) 'example_python_decorator' retrieved from /home/airflow/.local/lib/python3.12/site-packages/airflow/example_dags/example_python_decorator.py
[2024-09-02T21:38:50.240+0000] {logging_mixin.py:188} INFO - [2024-09-02T21:38:50.239+0000] {override.py:1829} INFO - Created Permission View: can edit on DAG:example_python_decorator
[2024-09-02T21:38:50.259+0000] {logging_mixin.py:188} INFO - [2024-09-02T21:38:50.259+0000] {override.py:1829} INFO - Created Permission View: can read on DAG:example_python_decorator
[2024-09-02T21:38:50.271+0000] {logging_mixin.py:188} INFO - [2024-09-02T21:38:50.270+0000] {override.py:1829} INFO - Created Permission View: can delete on DAG:example_python_decorator
[2024-09-02T21:38:50.272+0000] {logging_mixin.py:188} INFO - [2024-09-02T21:38:50.272+0000] {dag.py:3096} INFO - Sync 1 DAGs
[2024-09-02T21:38:50.296+0000] {logging_mixin.py:188} INFO - [2024-09-02T21:38:50.296+0000] {dag.py:3118} INFO - Creating ORM DAG for example_python_decorator
[2024-09-02T21:38:50.298+0000] {logging_mixin.py:188} INFO - [2024-09-02T21:38:50.298+0000] {dag.py:3954} INFO - Setting next_dagrun for example_python_decorator to None, run_after=None
[2024-09-02T21:38:50.328+0000] {processor.py:183} INFO - Processing /home/airflow/.local/lib/python3.12/site-packages/airflow/example_dags/example_python_decorator.py took 0.338 seconds
[2024-09-02T21:39:21.207+0000] {processor.py:161} INFO - Started process (PID=178) to work on /home/airflow/.local/lib/python3.12/site-packages/airflow/example_dags/example_python_decorator.py
[2024-09-02T21:39:21.210+0000] {processor.py:830} INFO - Processing file /home/airflow/.local/lib/python3.12/site-packages/airflow/example_dags/example_python_decorator.py for tasks to queue
[2024-09-02T21:39:21.216+0000] {logging_mixin.py:188} INFO - [2024-09-02T21:39:21.215+0000] {dagbag.py:545} INFO - Filling up the DagBag from /home/airflow/.local/lib/python3.12/site-packages/airflow/example_dags/example_python_decorator.py
[2024-09-02T21:39:21.259+0000] {processor.py:840} INFO - DAG(s) 'example_python_decorator' retrieved from /home/airflow/.local/lib/python3.12/site-packages/airflow/example_dags/example_python_decorator.py
[2024-09-02T21:39:21.330+0000] {logging_mixin.py:188} INFO - [2024-09-02T21:39:21.329+0000] {dag.py:3096} INFO - Sync 1 DAGs
[2024-09-02T21:39:21.382+0000] {logging_mixin.py:188} INFO - [2024-09-02T21:39:21.382+0000] {dag.py:3954} INFO - Setting next_dagrun for example_python_decorator to None, run_after=None
[2024-09-02T21:39:21.432+0000] {processor.py:183} INFO - Processing /home/airflow/.local/lib/python3.12/site-packages/airflow/example_dags/example_python_decorator.py took 0.242 seconds
[2024-09-02T21:39:52.064+0000] {processor.py:161} INFO - Started process (PID=238) to work on /home/airflow/.local/lib/python3.12/site-packages/airflow/example_dags/example_python_decorator.py
[2024-09-02T21:39:52.066+0000] {processor.py:830} INFO - Processing file /home/airflow/.local/lib/python3.12/site-packages/airflow/example_dags/example_python_decorator.py for tasks to queue
[2024-09-02T21:39:52.071+0000] {logging_mixin.py:188} INFO - [2024-09-02T21:39:52.070+0000] {dagbag.py:545} INFO - Filling up the DagBag from /home/airflow/.local/lib/python3.12/site-packages/airflow/example_dags/example_python_decorator.py
[2024-09-02T21:39:52.106+0000] {processor.py:840} INFO - DAG(s) 'example_python_decorator' retrieved from /home/airflow/.local/lib/python3.12/site-packages/airflow/example_dags/example_python_decorator.py
[2024-09-02T21:39:52.143+0000] {logging_mixin.py:188} INFO - [2024-09-02T21:39:52.142+0000] {dag.py:3096} INFO - Sync 1 DAGs
[2024-09-02T21:39:52.161+0000] {logging_mixin.py:188} INFO - [2024-09-02T21:39:52.161+0000] {dag.py:3954} INFO - Setting next_dagrun for example_python_decorator to None, run_after=None
[2024-09-02T21:39:52.196+0000] {processor.py:183} INFO - Processing /home/airflow/.local/lib/python3.12/site-packages/airflow/example_dags/example_python_decorator.py took 0.147 seconds
[2024-09-02T21:40:22.450+0000] {processor.py:161} INFO - Started process (PID=298) to work on /home/airflow/.local/lib/python3.12/site-packages/airflow/example_dags/example_python_decorator.py
[2024-09-02T21:40:22.452+0000] {processor.py:830} INFO - Processing file /home/airflow/.local/lib/python3.12/site-packages/airflow/example_dags/example_python_decorator.py for tasks to queue
[2024-09-02T21:40:22.454+0000] {logging_mixin.py:188} INFO - [2024-09-02T21:40:22.454+0000] {dagbag.py:545} INFO - Filling up the DagBag from /home/airflow/.local/lib/python3.12/site-packages/airflow/example_dags/example_python_decorator.py
[2024-09-02T21:40:22.471+0000] {processor.py:840} INFO - DAG(s) 'example_python_decorator' retrieved from /home/airflow/.local/lib/python3.12/site-packages/airflow/example_dags/example_python_decorator.py
[2024-09-02T21:40:22.503+0000] {logging_mixin.py:188} INFO - [2024-09-02T21:40:22.503+0000] {dag.py:3096} INFO - Sync 1 DAGs
[2024-09-02T21:40:22.520+0000] {logging_mixin.py:188} INFO - [2024-09-02T21:40:22.520+0000] {dag.py:3954} INFO - Setting next_dagrun for example_python_decorator to None, run_after=None
[2024-09-02T21:40:22.548+0000] {processor.py:183} INFO - Processing /home/airflow/.local/lib/python3.12/site-packages/airflow/example_dags/example_python_decorator.py took 0.105 seconds
[2024-09-02T21:40:52.853+0000] {processor.py:161} INFO - Started process (PID=358) to work on /home/airflow/.local/lib/python3.12/site-packages/airflow/example_dags/example_python_decorator.py
[2024-09-02T21:40:52.854+0000] {processor.py:830} INFO - Processing file /home/airflow/.local/lib/python3.12/site-packages/airflow/example_dags/example_python_decorator.py for tasks to queue
[2024-09-02T21:40:52.856+0000] {logging_mixin.py:188} INFO - [2024-09-02T21:40:52.856+0000] {dagbag.py:545} INFO - Filling up the DagBag from /home/airflow/.local/lib/python3.12/site-packages/airflow/example_dags/example_python_decorator.py
[2024-09-02T21:40:52.869+0000] {processor.py:840} INFO - DAG(s) 'example_python_decorator' retrieved from /home/airflow/.local/lib/python3.12/site-packages/airflow/example_dags/example_python_decorator.py
[2024-09-02T21:40:52.897+0000] {logging_mixin.py:188} INFO - [2024-09-02T21:40:52.897+0000] {dag.py:3096} INFO - Sync 1 DAGs
[2024-09-02T21:40:52.912+0000] {logging_mixin.py:188} INFO - [2024-09-02T21:40:52.912+0000] {dag.py:3954} INFO - Setting next_dagrun for example_python_decorator to None, run_after=None
[2024-09-02T21:40:52.937+0000] {processor.py:183} INFO - Processing /home/airflow/.local/lib/python3.12/site-packages/airflow/example_dags/example_python_decorator.py took 0.089 seconds
[2024-09-02T21:44:39.998+0000] {processor.py:161} INFO - Started process (PID=112) to work on /home/airflow/.local/lib/python3.12/site-packages/airflow/example_dags/example_python_decorator.py
[2024-09-02T21:44:40.000+0000] {processor.py:830} INFO - Processing file /home/airflow/.local/lib/python3.12/site-packages/airflow/example_dags/example_python_decorator.py for tasks to queue
[2024-09-02T21:44:40.003+0000] {logging_mixin.py:188} INFO - [2024-09-02T21:44:40.003+0000] {dagbag.py:545} INFO - Filling up the DagBag from /home/airflow/.local/lib/python3.12/site-packages/airflow/example_dags/example_python_decorator.py
[2024-09-02T21:44:40.035+0000] {processor.py:840} INFO - DAG(s) 'example_python_decorator' retrieved from /home/airflow/.local/lib/python3.12/site-packages/airflow/example_dags/example_python_decorator.py
[2024-09-02T21:44:40.202+0000] {logging_mixin.py:188} INFO - [2024-09-02T21:44:40.201+0000] {override.py:1829} INFO - Created Permission View: can read on DAG:example_python_decorator
[2024-09-02T21:44:40.221+0000] {logging_mixin.py:188} INFO - [2024-09-02T21:44:40.220+0000] {override.py:1829} INFO - Created Permission View: can delete on DAG:example_python_decorator
[2024-09-02T21:44:40.235+0000] {logging_mixin.py:188} INFO - [2024-09-02T21:44:40.234+0000] {override.py:1829} INFO - Created Permission View: can edit on DAG:example_python_decorator
[2024-09-02T21:44:40.236+0000] {logging_mixin.py:188} INFO - [2024-09-02T21:44:40.235+0000] {dag.py:3096} INFO - Sync 1 DAGs
[2024-09-02T21:44:40.257+0000] {logging_mixin.py:188} INFO - [2024-09-02T21:44:40.257+0000] {dag.py:3118} INFO - Creating ORM DAG for example_python_decorator
[2024-09-02T21:44:40.259+0000] {logging_mixin.py:188} INFO - [2024-09-02T21:44:40.259+0000] {dag.py:3954} INFO - Setting next_dagrun for example_python_decorator to None, run_after=None
[2024-09-02T21:44:40.287+0000] {processor.py:183} INFO - Processing /home/airflow/.local/lib/python3.12/site-packages/airflow/example_dags/example_python_decorator.py took 0.299 seconds
[2024-09-02T21:45:10.822+0000] {processor.py:161} INFO - Started process (PID=172) to work on /home/airflow/.local/lib/python3.12/site-packages/airflow/example_dags/example_python_decorator.py
[2024-09-02T21:45:10.824+0000] {processor.py:830} INFO - Processing file /home/airflow/.local/lib/python3.12/site-packages/airflow/example_dags/example_python_decorator.py for tasks to queue
[2024-09-02T21:45:10.826+0000] {logging_mixin.py:188} INFO - [2024-09-02T21:45:10.826+0000] {dagbag.py:545} INFO - Filling up the DagBag from /home/airflow/.local/lib/python3.12/site-packages/airflow/example_dags/example_python_decorator.py
[2024-09-02T21:45:10.845+0000] {processor.py:840} INFO - DAG(s) 'example_python_decorator' retrieved from /home/airflow/.local/lib/python3.12/site-packages/airflow/example_dags/example_python_decorator.py
[2024-09-02T21:45:10.879+0000] {logging_mixin.py:188} INFO - [2024-09-02T21:45:10.878+0000] {dag.py:3096} INFO - Sync 1 DAGs
[2024-09-02T21:45:10.896+0000] {logging_mixin.py:188} INFO - [2024-09-02T21:45:10.896+0000] {dag.py:3954} INFO - Setting next_dagrun for example_python_decorator to None, run_after=None
[2024-09-02T21:45:10.924+0000] {processor.py:183} INFO - Processing /home/airflow/.local/lib/python3.12/site-packages/airflow/example_dags/example_python_decorator.py took 0.112 seconds
[2024-09-02T21:45:41.409+0000] {processor.py:161} INFO - Started process (PID=232) to work on /home/airflow/.local/lib/python3.12/site-packages/airflow/example_dags/example_python_decorator.py
[2024-09-02T21:45:41.410+0000] {processor.py:830} INFO - Processing file /home/airflow/.local/lib/python3.12/site-packages/airflow/example_dags/example_python_decorator.py for tasks to queue
[2024-09-02T21:45:41.412+0000] {logging_mixin.py:188} INFO - [2024-09-02T21:45:41.412+0000] {dagbag.py:545} INFO - Filling up the DagBag from /home/airflow/.local/lib/python3.12/site-packages/airflow/example_dags/example_python_decorator.py
[2024-09-02T21:45:41.429+0000] {processor.py:840} INFO - DAG(s) 'example_python_decorator' retrieved from /home/airflow/.local/lib/python3.12/site-packages/airflow/example_dags/example_python_decorator.py
[2024-09-02T21:45:41.455+0000] {logging_mixin.py:188} INFO - [2024-09-02T21:45:41.455+0000] {dag.py:3096} INFO - Sync 1 DAGs
[2024-09-02T21:45:41.470+0000] {logging_mixin.py:188} INFO - [2024-09-02T21:45:41.470+0000] {dag.py:3954} INFO - Setting next_dagrun for example_python_decorator to None, run_after=None
[2024-09-02T21:45:41.492+0000] {processor.py:183} INFO - Processing /home/airflow/.local/lib/python3.12/site-packages/airflow/example_dags/example_python_decorator.py took 0.089 seconds
[2024-09-02T21:46:11.857+0000] {processor.py:161} INFO - Started process (PID=293) to work on /home/airflow/.local/lib/python3.12/site-packages/airflow/example_dags/example_python_decorator.py
[2024-09-02T21:46:11.859+0000] {processor.py:830} INFO - Processing file /home/airflow/.local/lib/python3.12/site-packages/airflow/example_dags/example_python_decorator.py for tasks to queue
[2024-09-02T21:46:11.862+0000] {logging_mixin.py:188} INFO - [2024-09-02T21:46:11.861+0000] {dagbag.py:545} INFO - Filling up the DagBag from /home/airflow/.local/lib/python3.12/site-packages/airflow/example_dags/example_python_decorator.py
[2024-09-02T21:46:11.884+0000] {processor.py:840} INFO - DAG(s) 'example_python_decorator' retrieved from /home/airflow/.local/lib/python3.12/site-packages/airflow/example_dags/example_python_decorator.py
[2024-09-02T21:46:11.916+0000] {logging_mixin.py:188} INFO - [2024-09-02T21:46:11.915+0000] {dag.py:3096} INFO - Sync 1 DAGs
[2024-09-02T21:46:11.942+0000] {logging_mixin.py:188} INFO - [2024-09-02T21:46:11.941+0000] {dag.py:3954} INFO - Setting next_dagrun for example_python_decorator to None, run_after=None
[2024-09-02T21:46:12.047+0000] {processor.py:183} INFO - Processing /home/airflow/.local/lib/python3.12/site-packages/airflow/example_dags/example_python_decorator.py took 0.201 seconds
[2024-09-02T21:46:42.965+0000] {processor.py:161} INFO - Started process (PID=353) to work on /home/airflow/.local/lib/python3.12/site-packages/airflow/example_dags/example_python_decorator.py
[2024-09-02T21:46:42.966+0000] {processor.py:830} INFO - Processing file /home/airflow/.local/lib/python3.12/site-packages/airflow/example_dags/example_python_decorator.py for tasks to queue
[2024-09-02T21:46:42.969+0000] {logging_mixin.py:188} INFO - [2024-09-02T21:46:42.968+0000] {dagbag.py:545} INFO - Filling up the DagBag from /home/airflow/.local/lib/python3.12/site-packages/airflow/example_dags/example_python_decorator.py
[2024-09-02T21:46:42.985+0000] {processor.py:840} INFO - DAG(s) 'example_python_decorator' retrieved from /home/airflow/.local/lib/python3.12/site-packages/airflow/example_dags/example_python_decorator.py
[2024-09-02T21:46:43.038+0000] {logging_mixin.py:188} INFO - [2024-09-02T21:46:43.038+0000] {dag.py:3096} INFO - Sync 1 DAGs
[2024-09-02T21:46:43.053+0000] {logging_mixin.py:188} INFO - [2024-09-02T21:46:43.052+0000] {dag.py:3954} INFO - Setting next_dagrun for example_python_decorator to None, run_after=None
[2024-09-02T21:46:43.080+0000] {processor.py:183} INFO - Processing /home/airflow/.local/lib/python3.12/site-packages/airflow/example_dags/example_python_decorator.py took 0.122 seconds
[2024-09-02T21:47:13.264+0000] {processor.py:161} INFO - Started process (PID=413) to work on /home/airflow/.local/lib/python3.12/site-packages/airflow/example_dags/example_python_decorator.py
[2024-09-02T21:47:13.265+0000] {processor.py:830} INFO - Processing file /home/airflow/.local/lib/python3.12/site-packages/airflow/example_dags/example_python_decorator.py for tasks to queue
[2024-09-02T21:47:13.268+0000] {logging_mixin.py:188} INFO - [2024-09-02T21:47:13.267+0000] {dagbag.py:545} INFO - Filling up the DagBag from /home/airflow/.local/lib/python3.12/site-packages/airflow/example_dags/example_python_decorator.py
[2024-09-02T21:47:13.284+0000] {processor.py:840} INFO - DAG(s) 'example_python_decorator' retrieved from /home/airflow/.local/lib/python3.12/site-packages/airflow/example_dags/example_python_decorator.py
[2024-09-02T21:47:13.314+0000] {logging_mixin.py:188} INFO - [2024-09-02T21:47:13.313+0000] {dag.py:3096} INFO - Sync 1 DAGs
[2024-09-02T21:47:13.331+0000] {logging_mixin.py:188} INFO - [2024-09-02T21:47:13.330+0000] {dag.py:3954} INFO - Setting next_dagrun for example_python_decorator to None, run_after=None
[2024-09-02T21:47:13.360+0000] {processor.py:183} INFO - Processing /home/airflow/.local/lib/python3.12/site-packages/airflow/example_dags/example_python_decorator.py took 0.103 seconds
[2024-09-02T21:47:43.692+0000] {processor.py:161} INFO - Started process (PID=473) to work on /home/airflow/.local/lib/python3.12/site-packages/airflow/example_dags/example_python_decorator.py
[2024-09-02T21:47:43.694+0000] {processor.py:830} INFO - Processing file /home/airflow/.local/lib/python3.12/site-packages/airflow/example_dags/example_python_decorator.py for tasks to queue
[2024-09-02T21:47:43.696+0000] {logging_mixin.py:188} INFO - [2024-09-02T21:47:43.696+0000] {dagbag.py:545} INFO - Filling up the DagBag from /home/airflow/.local/lib/python3.12/site-packages/airflow/example_dags/example_python_decorator.py
[2024-09-02T21:47:43.713+0000] {processor.py:840} INFO - DAG(s) 'example_python_decorator' retrieved from /home/airflow/.local/lib/python3.12/site-packages/airflow/example_dags/example_python_decorator.py
[2024-09-02T21:47:43.745+0000] {logging_mixin.py:188} INFO - [2024-09-02T21:47:43.745+0000] {dag.py:3096} INFO - Sync 1 DAGs
[2024-09-02T21:47:43.770+0000] {logging_mixin.py:188} INFO - [2024-09-02T21:47:43.769+0000] {dag.py:3954} INFO - Setting next_dagrun for example_python_decorator to None, run_after=None
[2024-09-02T21:47:43.806+0000] {processor.py:183} INFO - Processing /home/airflow/.local/lib/python3.12/site-packages/airflow/example_dags/example_python_decorator.py took 0.121 seconds
[2024-09-02T21:48:14.311+0000] {processor.py:161} INFO - Started process (PID=533) to work on /home/airflow/.local/lib/python3.12/site-packages/airflow/example_dags/example_python_decorator.py
[2024-09-02T21:48:14.312+0000] {processor.py:830} INFO - Processing file /home/airflow/.local/lib/python3.12/site-packages/airflow/example_dags/example_python_decorator.py for tasks to queue
[2024-09-02T21:48:14.316+0000] {logging_mixin.py:188} INFO - [2024-09-02T21:48:14.316+0000] {dagbag.py:545} INFO - Filling up the DagBag from /home/airflow/.local/lib/python3.12/site-packages/airflow/example_dags/example_python_decorator.py
[2024-09-02T21:48:14.338+0000] {processor.py:840} INFO - DAG(s) 'example_python_decorator' retrieved from /home/airflow/.local/lib/python3.12/site-packages/airflow/example_dags/example_python_decorator.py
[2024-09-02T21:48:14.372+0000] {logging_mixin.py:188} INFO - [2024-09-02T21:48:14.372+0000] {dag.py:3096} INFO - Sync 1 DAGs
[2024-09-02T21:48:14.396+0000] {logging_mixin.py:188} INFO - [2024-09-02T21:48:14.396+0000] {dag.py:3954} INFO - Setting next_dagrun for example_python_decorator to None, run_after=None
[2024-09-02T21:48:14.423+0000] {processor.py:183} INFO - Processing /home/airflow/.local/lib/python3.12/site-packages/airflow/example_dags/example_python_decorator.py took 0.123 seconds
[2024-09-02T21:48:44.783+0000] {processor.py:161} INFO - Started process (PID=593) to work on /home/airflow/.local/lib/python3.12/site-packages/airflow/example_dags/example_python_decorator.py
[2024-09-02T21:48:44.785+0000] {processor.py:830} INFO - Processing file /home/airflow/.local/lib/python3.12/site-packages/airflow/example_dags/example_python_decorator.py for tasks to queue
[2024-09-02T21:48:44.788+0000] {logging_mixin.py:188} INFO - [2024-09-02T21:48:44.788+0000] {dagbag.py:545} INFO - Filling up the DagBag from /home/airflow/.local/lib/python3.12/site-packages/airflow/example_dags/example_python_decorator.py
[2024-09-02T21:48:44.810+0000] {processor.py:840} INFO - DAG(s) 'example_python_decorator' retrieved from /home/airflow/.local/lib/python3.12/site-packages/airflow/example_dags/example_python_decorator.py
[2024-09-02T21:48:44.850+0000] {logging_mixin.py:188} INFO - [2024-09-02T21:48:44.850+0000] {dag.py:3096} INFO - Sync 1 DAGs
[2024-09-02T21:48:44.874+0000] {logging_mixin.py:188} INFO - [2024-09-02T21:48:44.873+0000] {dag.py:3954} INFO - Setting next_dagrun for example_python_decorator to None, run_after=None
[2024-09-02T21:48:44.911+0000] {processor.py:183} INFO - Processing /home/airflow/.local/lib/python3.12/site-packages/airflow/example_dags/example_python_decorator.py took 0.138 seconds
[2024-09-02T21:49:15.048+0000] {processor.py:161} INFO - Started process (PID=653) to work on /home/airflow/.local/lib/python3.12/site-packages/airflow/example_dags/example_python_decorator.py
[2024-09-02T21:49:15.049+0000] {processor.py:830} INFO - Processing file /home/airflow/.local/lib/python3.12/site-packages/airflow/example_dags/example_python_decorator.py for tasks to queue
[2024-09-02T21:49:15.052+0000] {logging_mixin.py:188} INFO - [2024-09-02T21:49:15.051+0000] {dagbag.py:545} INFO - Filling up the DagBag from /home/airflow/.local/lib/python3.12/site-packages/airflow/example_dags/example_python_decorator.py
[2024-09-02T21:49:15.083+0000] {processor.py:840} INFO - DAG(s) 'example_python_decorator' retrieved from /home/airflow/.local/lib/python3.12/site-packages/airflow/example_dags/example_python_decorator.py
[2024-09-02T21:49:15.138+0000] {logging_mixin.py:188} INFO - [2024-09-02T21:49:15.137+0000] {dag.py:3096} INFO - Sync 1 DAGs
[2024-09-02T21:49:15.182+0000] {logging_mixin.py:188} INFO - [2024-09-02T21:49:15.181+0000] {dag.py:3954} INFO - Setting next_dagrun for example_python_decorator to None, run_after=None
[2024-09-02T21:49:15.216+0000] {processor.py:183} INFO - Processing /home/airflow/.local/lib/python3.12/site-packages/airflow/example_dags/example_python_decorator.py took 0.177 seconds
[2024-09-02T21:49:45.355+0000] {processor.py:161} INFO - Started process (PID=713) to work on /home/airflow/.local/lib/python3.12/site-packages/airflow/example_dags/example_python_decorator.py
[2024-09-02T21:49:45.358+0000] {processor.py:830} INFO - Processing file /home/airflow/.local/lib/python3.12/site-packages/airflow/example_dags/example_python_decorator.py for tasks to queue
[2024-09-02T21:49:45.362+0000] {logging_mixin.py:188} INFO - [2024-09-02T21:49:45.361+0000] {dagbag.py:545} INFO - Filling up the DagBag from /home/airflow/.local/lib/python3.12/site-packages/airflow/example_dags/example_python_decorator.py
[2024-09-02T21:49:45.396+0000] {processor.py:840} INFO - DAG(s) 'example_python_decorator' retrieved from /home/airflow/.local/lib/python3.12/site-packages/airflow/example_dags/example_python_decorator.py
[2024-09-02T21:49:45.444+0000] {logging_mixin.py:188} INFO - [2024-09-02T21:49:45.443+0000] {dag.py:3096} INFO - Sync 1 DAGs
[2024-09-02T21:49:45.470+0000] {logging_mixin.py:188} INFO - [2024-09-02T21:49:45.470+0000] {dag.py:3954} INFO - Setting next_dagrun for example_python_decorator to None, run_after=None
[2024-09-02T21:49:45.509+0000] {processor.py:183} INFO - Processing /home/airflow/.local/lib/python3.12/site-packages/airflow/example_dags/example_python_decorator.py took 0.162 seconds
[2024-09-02T21:50:16.075+0000] {processor.py:161} INFO - Started process (PID=773) to work on /home/airflow/.local/lib/python3.12/site-packages/airflow/example_dags/example_python_decorator.py
[2024-09-02T21:50:16.077+0000] {processor.py:830} INFO - Processing file /home/airflow/.local/lib/python3.12/site-packages/airflow/example_dags/example_python_decorator.py for tasks to queue
[2024-09-02T21:50:16.080+0000] {logging_mixin.py:188} INFO - [2024-09-02T21:50:16.079+0000] {dagbag.py:545} INFO - Filling up the DagBag from /home/airflow/.local/lib/python3.12/site-packages/airflow/example_dags/example_python_decorator.py
[2024-09-02T21:50:16.103+0000] {processor.py:840} INFO - DAG(s) 'example_python_decorator' retrieved from /home/airflow/.local/lib/python3.12/site-packages/airflow/example_dags/example_python_decorator.py
[2024-09-02T21:50:16.139+0000] {logging_mixin.py:188} INFO - [2024-09-02T21:50:16.139+0000] {dag.py:3096} INFO - Sync 1 DAGs
[2024-09-02T21:50:16.156+0000] {logging_mixin.py:188} INFO - [2024-09-02T21:50:16.155+0000] {dag.py:3954} INFO - Setting next_dagrun for example_python_decorator to None, run_after=None
[2024-09-02T21:50:16.180+0000] {processor.py:183} INFO - Processing /home/airflow/.local/lib/python3.12/site-packages/airflow/example_dags/example_python_decorator.py took 0.113 seconds
[2024-09-02T21:50:47.081+0000] {processor.py:161} INFO - Started process (PID=833) to work on /home/airflow/.local/lib/python3.12/site-packages/airflow/example_dags/example_python_decorator.py
[2024-09-02T21:50:47.121+0000] {processor.py:830} INFO - Processing file /home/airflow/.local/lib/python3.12/site-packages/airflow/example_dags/example_python_decorator.py for tasks to queue
[2024-09-02T21:50:47.135+0000] {logging_mixin.py:188} INFO - [2024-09-02T21:50:47.132+0000] {dagbag.py:545} INFO - Filling up the DagBag from /home/airflow/.local/lib/python3.12/site-packages/airflow/example_dags/example_python_decorator.py
[2024-09-02T21:50:47.185+0000] {processor.py:840} INFO - DAG(s) 'example_python_decorator' retrieved from /home/airflow/.local/lib/python3.12/site-packages/airflow/example_dags/example_python_decorator.py
[2024-09-02T21:50:47.242+0000] {logging_mixin.py:188} INFO - [2024-09-02T21:50:47.242+0000] {dag.py:3096} INFO - Sync 1 DAGs
[2024-09-02T21:50:47.275+0000] {logging_mixin.py:188} INFO - [2024-09-02T21:50:47.275+0000] {dag.py:3954} INFO - Setting next_dagrun for example_python_decorator to None, run_after=None
[2024-09-02T21:50:47.333+0000] {processor.py:183} INFO - Processing /home/airflow/.local/lib/python3.12/site-packages/airflow/example_dags/example_python_decorator.py took 0.278 seconds
[2024-09-02T21:51:17.481+0000] {processor.py:161} INFO - Started process (PID=899) to work on /home/airflow/.local/lib/python3.12/site-packages/airflow/example_dags/example_python_decorator.py
[2024-09-02T21:51:17.483+0000] {processor.py:830} INFO - Processing file /home/airflow/.local/lib/python3.12/site-packages/airflow/example_dags/example_python_decorator.py for tasks to queue
[2024-09-02T21:51:17.489+0000] {logging_mixin.py:188} INFO - [2024-09-02T21:51:17.488+0000] {dagbag.py:545} INFO - Filling up the DagBag from /home/airflow/.local/lib/python3.12/site-packages/airflow/example_dags/example_python_decorator.py
[2024-09-02T21:51:17.520+0000] {processor.py:840} INFO - DAG(s) 'example_python_decorator' retrieved from /home/airflow/.local/lib/python3.12/site-packages/airflow/example_dags/example_python_decorator.py
[2024-09-02T21:51:17.559+0000] {logging_mixin.py:188} INFO - [2024-09-02T21:51:17.558+0000] {dag.py:3096} INFO - Sync 1 DAGs
[2024-09-02T21:51:17.575+0000] {logging_mixin.py:188} INFO - [2024-09-02T21:51:17.575+0000] {dag.py:3954} INFO - Setting next_dagrun for example_python_decorator to None, run_after=None
[2024-09-02T21:51:17.596+0000] {processor.py:183} INFO - Processing /home/airflow/.local/lib/python3.12/site-packages/airflow/example_dags/example_python_decorator.py took 0.124 seconds
[2024-09-02T21:51:47.650+0000] {processor.py:161} INFO - Started process (PID=959) to work on /home/airflow/.local/lib/python3.12/site-packages/airflow/example_dags/example_python_decorator.py
[2024-09-02T21:51:47.651+0000] {processor.py:830} INFO - Processing file /home/airflow/.local/lib/python3.12/site-packages/airflow/example_dags/example_python_decorator.py for tasks to queue
[2024-09-02T21:51:47.654+0000] {logging_mixin.py:188} INFO - [2024-09-02T21:51:47.653+0000] {dagbag.py:545} INFO - Filling up the DagBag from /home/airflow/.local/lib/python3.12/site-packages/airflow/example_dags/example_python_decorator.py
[2024-09-02T21:51:47.669+0000] {processor.py:840} INFO - DAG(s) 'example_python_decorator' retrieved from /home/airflow/.local/lib/python3.12/site-packages/airflow/example_dags/example_python_decorator.py
[2024-09-02T21:51:47.712+0000] {logging_mixin.py:188} INFO - [2024-09-02T21:51:47.711+0000] {dag.py:3096} INFO - Sync 1 DAGs
[2024-09-02T21:51:47.731+0000] {logging_mixin.py:188} INFO - [2024-09-02T21:51:47.731+0000] {dag.py:3954} INFO - Setting next_dagrun for example_python_decorator to None, run_after=None
[2024-09-02T21:51:47.753+0000] {processor.py:183} INFO - Processing /home/airflow/.local/lib/python3.12/site-packages/airflow/example_dags/example_python_decorator.py took 0.109 seconds
[2024-09-02T21:52:19.072+0000] {processor.py:161} INFO - Started process (PID=1019) to work on /home/airflow/.local/lib/python3.12/site-packages/airflow/example_dags/example_python_decorator.py
[2024-09-02T21:52:19.073+0000] {processor.py:830} INFO - Processing file /home/airflow/.local/lib/python3.12/site-packages/airflow/example_dags/example_python_decorator.py for tasks to queue
[2024-09-02T21:52:19.077+0000] {logging_mixin.py:188} INFO - [2024-09-02T21:52:19.076+0000] {dagbag.py:545} INFO - Filling up the DagBag from /home/airflow/.local/lib/python3.12/site-packages/airflow/example_dags/example_python_decorator.py
[2024-09-02T21:52:19.093+0000] {processor.py:840} INFO - DAG(s) 'example_python_decorator' retrieved from /home/airflow/.local/lib/python3.12/site-packages/airflow/example_dags/example_python_decorator.py
[2024-09-02T21:52:19.130+0000] {logging_mixin.py:188} INFO - [2024-09-02T21:52:19.130+0000] {dag.py:3096} INFO - Sync 1 DAGs
[2024-09-02T21:52:19.155+0000] {logging_mixin.py:188} INFO - [2024-09-02T21:52:19.155+0000] {dag.py:3954} INFO - Setting next_dagrun for example_python_decorator to None, run_after=None
[2024-09-02T21:52:19.181+0000] {processor.py:183} INFO - Processing /home/airflow/.local/lib/python3.12/site-packages/airflow/example_dags/example_python_decorator.py took 0.121 seconds
[2024-09-02T21:52:49.282+0000] {processor.py:161} INFO - Started process (PID=1079) to work on /home/airflow/.local/lib/python3.12/site-packages/airflow/example_dags/example_python_decorator.py
[2024-09-02T21:52:49.283+0000] {processor.py:830} INFO - Processing file /home/airflow/.local/lib/python3.12/site-packages/airflow/example_dags/example_python_decorator.py for tasks to queue
[2024-09-02T21:52:49.287+0000] {logging_mixin.py:188} INFO - [2024-09-02T21:52:49.287+0000] {dagbag.py:545} INFO - Filling up the DagBag from /home/airflow/.local/lib/python3.12/site-packages/airflow/example_dags/example_python_decorator.py
[2024-09-02T21:52:49.307+0000] {processor.py:840} INFO - DAG(s) 'example_python_decorator' retrieved from /home/airflow/.local/lib/python3.12/site-packages/airflow/example_dags/example_python_decorator.py
[2024-09-02T21:52:49.334+0000] {logging_mixin.py:188} INFO - [2024-09-02T21:52:49.333+0000] {dag.py:3096} INFO - Sync 1 DAGs
[2024-09-02T21:52:49.354+0000] {logging_mixin.py:188} INFO - [2024-09-02T21:52:49.353+0000] {dag.py:3954} INFO - Setting next_dagrun for example_python_decorator to None, run_after=None
[2024-09-02T21:52:49.378+0000] {processor.py:183} INFO - Processing /home/airflow/.local/lib/python3.12/site-packages/airflow/example_dags/example_python_decorator.py took 0.104 seconds
[2024-09-02T21:53:19.637+0000] {processor.py:161} INFO - Started process (PID=1139) to work on /home/airflow/.local/lib/python3.12/site-packages/airflow/example_dags/example_python_decorator.py
[2024-09-02T21:53:19.639+0000] {processor.py:830} INFO - Processing file /home/airflow/.local/lib/python3.12/site-packages/airflow/example_dags/example_python_decorator.py for tasks to queue
[2024-09-02T21:53:19.642+0000] {logging_mixin.py:188} INFO - [2024-09-02T21:53:19.641+0000] {dagbag.py:545} INFO - Filling up the DagBag from /home/airflow/.local/lib/python3.12/site-packages/airflow/example_dags/example_python_decorator.py
[2024-09-02T21:53:19.666+0000] {processor.py:840} INFO - DAG(s) 'example_python_decorator' retrieved from /home/airflow/.local/lib/python3.12/site-packages/airflow/example_dags/example_python_decorator.py
[2024-09-02T21:53:19.705+0000] {logging_mixin.py:188} INFO - [2024-09-02T21:53:19.705+0000] {dag.py:3096} INFO - Sync 1 DAGs
[2024-09-02T21:53:19.721+0000] {logging_mixin.py:188} INFO - [2024-09-02T21:53:19.720+0000] {dag.py:3954} INFO - Setting next_dagrun for example_python_decorator to None, run_after=None
[2024-09-02T21:53:19.745+0000] {processor.py:183} INFO - Processing /home/airflow/.local/lib/python3.12/site-packages/airflow/example_dags/example_python_decorator.py took 0.114 seconds
[2024-09-02T21:53:50.782+0000] {processor.py:161} INFO - Started process (PID=1200) to work on /home/airflow/.local/lib/python3.12/site-packages/airflow/example_dags/example_python_decorator.py
[2024-09-02T21:53:50.783+0000] {processor.py:830} INFO - Processing file /home/airflow/.local/lib/python3.12/site-packages/airflow/example_dags/example_python_decorator.py for tasks to queue
[2024-09-02T21:53:50.786+0000] {logging_mixin.py:188} INFO - [2024-09-02T21:53:50.785+0000] {dagbag.py:545} INFO - Filling up the DagBag from /home/airflow/.local/lib/python3.12/site-packages/airflow/example_dags/example_python_decorator.py
[2024-09-02T21:53:50.808+0000] {processor.py:840} INFO - DAG(s) 'example_python_decorator' retrieved from /home/airflow/.local/lib/python3.12/site-packages/airflow/example_dags/example_python_decorator.py
[2024-09-02T21:53:50.838+0000] {logging_mixin.py:188} INFO - [2024-09-02T21:53:50.838+0000] {dag.py:3096} INFO - Sync 1 DAGs
[2024-09-02T21:53:50.856+0000] {logging_mixin.py:188} INFO - [2024-09-02T21:53:50.856+0000] {dag.py:3954} INFO - Setting next_dagrun for example_python_decorator to None, run_after=None
[2024-09-02T21:53:50.881+0000] {processor.py:183} INFO - Processing /home/airflow/.local/lib/python3.12/site-packages/airflow/example_dags/example_python_decorator.py took 0.106 seconds
[2024-09-02T21:54:21.813+0000] {processor.py:161} INFO - Started process (PID=1260) to work on /home/airflow/.local/lib/python3.12/site-packages/airflow/example_dags/example_python_decorator.py
[2024-09-02T21:54:21.815+0000] {processor.py:830} INFO - Processing file /home/airflow/.local/lib/python3.12/site-packages/airflow/example_dags/example_python_decorator.py for tasks to queue
[2024-09-02T21:54:21.818+0000] {logging_mixin.py:188} INFO - [2024-09-02T21:54:21.817+0000] {dagbag.py:545} INFO - Filling up the DagBag from /home/airflow/.local/lib/python3.12/site-packages/airflow/example_dags/example_python_decorator.py
[2024-09-02T21:54:21.838+0000] {processor.py:840} INFO - DAG(s) 'example_python_decorator' retrieved from /home/airflow/.local/lib/python3.12/site-packages/airflow/example_dags/example_python_decorator.py
[2024-09-02T21:54:21.868+0000] {logging_mixin.py:188} INFO - [2024-09-02T21:54:21.868+0000] {dag.py:3096} INFO - Sync 1 DAGs
[2024-09-02T21:54:21.891+0000] {logging_mixin.py:188} INFO - [2024-09-02T21:54:21.890+0000] {dag.py:3954} INFO - Setting next_dagrun for example_python_decorator to None, run_after=None
[2024-09-02T21:54:21.922+0000] {processor.py:183} INFO - Processing /home/airflow/.local/lib/python3.12/site-packages/airflow/example_dags/example_python_decorator.py took 0.116 seconds
[2024-09-02T21:54:52.090+0000] {processor.py:161} INFO - Started process (PID=1320) to work on /home/airflow/.local/lib/python3.12/site-packages/airflow/example_dags/example_python_decorator.py
[2024-09-02T21:54:52.091+0000] {processor.py:830} INFO - Processing file /home/airflow/.local/lib/python3.12/site-packages/airflow/example_dags/example_python_decorator.py for tasks to queue
[2024-09-02T21:54:52.096+0000] {logging_mixin.py:188} INFO - [2024-09-02T21:54:52.095+0000] {dagbag.py:545} INFO - Filling up the DagBag from /home/airflow/.local/lib/python3.12/site-packages/airflow/example_dags/example_python_decorator.py
[2024-09-02T21:54:52.118+0000] {processor.py:840} INFO - DAG(s) 'example_python_decorator' retrieved from /home/airflow/.local/lib/python3.12/site-packages/airflow/example_dags/example_python_decorator.py
[2024-09-02T21:54:52.161+0000] {logging_mixin.py:188} INFO - [2024-09-02T21:54:52.161+0000] {dag.py:3096} INFO - Sync 1 DAGs
[2024-09-02T21:54:52.192+0000] {logging_mixin.py:188} INFO - [2024-09-02T21:54:52.192+0000] {dag.py:3954} INFO - Setting next_dagrun for example_python_decorator to None, run_after=None
[2024-09-02T21:54:52.257+0000] {processor.py:183} INFO - Processing /home/airflow/.local/lib/python3.12/site-packages/airflow/example_dags/example_python_decorator.py took 0.183 seconds
[2024-09-02T21:55:23.128+0000] {processor.py:161} INFO - Started process (PID=1384) to work on /home/airflow/.local/lib/python3.12/site-packages/airflow/example_dags/example_python_decorator.py
[2024-09-02T21:55:23.130+0000] {processor.py:830} INFO - Processing file /home/airflow/.local/lib/python3.12/site-packages/airflow/example_dags/example_python_decorator.py for tasks to queue
[2024-09-02T21:55:23.132+0000] {logging_mixin.py:188} INFO - [2024-09-02T21:55:23.132+0000] {dagbag.py:545} INFO - Filling up the DagBag from /home/airflow/.local/lib/python3.12/site-packages/airflow/example_dags/example_python_decorator.py
[2024-09-02T21:55:23.151+0000] {processor.py:840} INFO - DAG(s) 'example_python_decorator' retrieved from /home/airflow/.local/lib/python3.12/site-packages/airflow/example_dags/example_python_decorator.py
[2024-09-02T21:55:23.183+0000] {logging_mixin.py:188} INFO - [2024-09-02T21:55:23.183+0000] {dag.py:3096} INFO - Sync 1 DAGs
[2024-09-02T21:55:23.201+0000] {logging_mixin.py:188} INFO - [2024-09-02T21:55:23.200+0000] {dag.py:3954} INFO - Setting next_dagrun for example_python_decorator to None, run_after=None
[2024-09-02T21:55:23.227+0000] {processor.py:183} INFO - Processing /home/airflow/.local/lib/python3.12/site-packages/airflow/example_dags/example_python_decorator.py took 0.106 seconds
[2024-09-02T21:55:53.867+0000] {processor.py:161} INFO - Started process (PID=1447) to work on /home/airflow/.local/lib/python3.12/site-packages/airflow/example_dags/example_python_decorator.py
[2024-09-02T21:55:53.869+0000] {processor.py:830} INFO - Processing file /home/airflow/.local/lib/python3.12/site-packages/airflow/example_dags/example_python_decorator.py for tasks to queue
[2024-09-02T21:55:53.871+0000] {logging_mixin.py:188} INFO - [2024-09-02T21:55:53.871+0000] {dagbag.py:545} INFO - Filling up the DagBag from /home/airflow/.local/lib/python3.12/site-packages/airflow/example_dags/example_python_decorator.py
[2024-09-02T21:55:53.886+0000] {processor.py:840} INFO - DAG(s) 'example_python_decorator' retrieved from /home/airflow/.local/lib/python3.12/site-packages/airflow/example_dags/example_python_decorator.py
[2024-09-02T21:55:53.916+0000] {logging_mixin.py:188} INFO - [2024-09-02T21:55:53.916+0000] {dag.py:3096} INFO - Sync 1 DAGs
[2024-09-02T21:55:53.931+0000] {logging_mixin.py:188} INFO - [2024-09-02T21:55:53.931+0000] {dag.py:3954} INFO - Setting next_dagrun for example_python_decorator to None, run_after=None
[2024-09-02T21:55:53.959+0000] {processor.py:183} INFO - Processing /home/airflow/.local/lib/python3.12/site-packages/airflow/example_dags/example_python_decorator.py took 0.099 seconds
