[2024-09-02T21:35:25.428+0000] {processor.py:161} INFO - Started process (PID=128) to work on /home/airflow/.local/lib/python3.12/site-packages/airflow/example_dags/example_external_task_marker_dag.py
[2024-09-02T21:35:25.431+0000] {processor.py:830} INFO - Processing file /home/airflow/.local/lib/python3.12/site-packages/airflow/example_dags/example_external_task_marker_dag.py for tasks to queue
[2024-09-02T21:35:25.440+0000] {logging_mixin.py:188} INFO - [2024-09-02T21:35:25.439+0000] {dagbag.py:545} INFO - Filling up the DagBag from /home/airflow/.local/lib/python3.12/site-packages/airflow/example_dags/example_external_task_marker_dag.py
[2024-09-02T21:35:25.464+0000] {processor.py:840} INFO - DAG(s) 'example_external_task_marker_parent', 'example_external_task_marker_child' retrieved from /home/airflow/.local/lib/python3.12/site-packages/airflow/example_dags/example_external_task_marker_dag.py
[2024-09-02T21:35:25.856+0000] {logging_mixin.py:188} INFO - [2024-09-02T21:35:25.855+0000] {override.py:1829} INFO - Created Permission View: can edit on DAG:example_external_task_marker_parent
[2024-09-02T21:35:25.886+0000] {logging_mixin.py:188} INFO - [2024-09-02T21:35:25.885+0000] {override.py:1829} INFO - Created Permission View: can delete on DAG:example_external_task_marker_parent
[2024-09-02T21:35:25.904+0000] {logging_mixin.py:188} INFO - [2024-09-02T21:35:25.902+0000] {override.py:1829} INFO - Created Permission View: can read on DAG:example_external_task_marker_parent
[2024-09-02T21:35:25.945+0000] {logging_mixin.py:188} INFO - [2024-09-02T21:35:25.944+0000] {override.py:1829} INFO - Created Permission View: can edit on DAG:example_external_task_marker_child
[2024-09-02T21:35:25.973+0000] {logging_mixin.py:188} INFO - [2024-09-02T21:35:25.972+0000] {override.py:1829} INFO - Created Permission View: can delete on DAG:example_external_task_marker_child
[2024-09-02T21:35:25.993+0000] {logging_mixin.py:188} INFO - [2024-09-02T21:35:25.992+0000] {override.py:1829} INFO - Created Permission View: can read on DAG:example_external_task_marker_child
[2024-09-02T21:35:25.997+0000] {logging_mixin.py:188} INFO - [2024-09-02T21:35:25.997+0000] {dag.py:3096} INFO - Sync 2 DAGs
[2024-09-02T21:35:26.038+0000] {logging_mixin.py:188} INFO - [2024-09-02T21:35:26.037+0000] {dag.py:3118} INFO - Creating ORM DAG for example_external_task_marker_parent
[2024-09-02T21:35:26.040+0000] {logging_mixin.py:188} INFO - [2024-09-02T21:35:26.040+0000] {dag.py:3118} INFO - Creating ORM DAG for example_external_task_marker_child
[2024-09-02T21:35:26.043+0000] {logging_mixin.py:188} INFO - [2024-09-02T21:35:26.042+0000] {dag.py:3954} INFO - Setting next_dagrun for example_external_task_marker_child to None, run_after=None
[2024-09-02T21:35:26.047+0000] {logging_mixin.py:188} INFO - [2024-09-02T21:35:26.046+0000] {dag.py:3954} INFO - Setting next_dagrun for example_external_task_marker_parent to None, run_after=None
[2024-09-02T21:35:26.095+0000] {processor.py:183} INFO - Processing /home/airflow/.local/lib/python3.12/site-packages/airflow/example_dags/example_external_task_marker_dag.py took 0.687 seconds
[2024-09-02T21:35:59.474+0000] {processor.py:161} INFO - Started process (PID=187) to work on /home/airflow/.local/lib/python3.12/site-packages/airflow/example_dags/example_external_task_marker_dag.py
[2024-09-02T21:35:59.486+0000] {processor.py:830} INFO - Processing file /home/airflow/.local/lib/python3.12/site-packages/airflow/example_dags/example_external_task_marker_dag.py for tasks to queue
[2024-09-02T21:35:59.492+0000] {logging_mixin.py:188} INFO - [2024-09-02T21:35:59.491+0000] {dagbag.py:545} INFO - Filling up the DagBag from /home/airflow/.local/lib/python3.12/site-packages/airflow/example_dags/example_external_task_marker_dag.py
[2024-09-02T21:35:59.528+0000] {processor.py:840} INFO - DAG(s) 'example_external_task_marker_child', 'example_external_task_marker_parent' retrieved from /home/airflow/.local/lib/python3.12/site-packages/airflow/example_dags/example_external_task_marker_dag.py
[2024-09-02T21:35:59.637+0000] {logging_mixin.py:188} INFO - [2024-09-02T21:35:59.637+0000] {dag.py:3096} INFO - Sync 2 DAGs
[2024-09-02T21:35:59.761+0000] {logging_mixin.py:188} INFO - [2024-09-02T21:35:59.759+0000] {dag.py:3954} INFO - Setting next_dagrun for example_external_task_marker_child to None, run_after=None
[2024-09-02T21:35:59.803+0000] {logging_mixin.py:188} INFO - [2024-09-02T21:35:59.802+0000] {dag.py:3954} INFO - Setting next_dagrun for example_external_task_marker_parent to None, run_after=None
[2024-09-02T21:35:59.938+0000] {processor.py:183} INFO - Processing /home/airflow/.local/lib/python3.12/site-packages/airflow/example_dags/example_external_task_marker_dag.py took 0.511 seconds
[2024-09-02T21:38:50.390+0000] {processor.py:161} INFO - Started process (PID=120) to work on /home/airflow/.local/lib/python3.12/site-packages/airflow/example_dags/example_external_task_marker_dag.py
[2024-09-02T21:38:50.392+0000] {processor.py:830} INFO - Processing file /home/airflow/.local/lib/python3.12/site-packages/airflow/example_dags/example_external_task_marker_dag.py for tasks to queue
[2024-09-02T21:38:50.396+0000] {logging_mixin.py:188} INFO - [2024-09-02T21:38:50.395+0000] {dagbag.py:545} INFO - Filling up the DagBag from /home/airflow/.local/lib/python3.12/site-packages/airflow/example_dags/example_external_task_marker_dag.py
[2024-09-02T21:38:50.411+0000] {processor.py:840} INFO - DAG(s) 'example_external_task_marker_child', 'example_external_task_marker_parent' retrieved from /home/airflow/.local/lib/python3.12/site-packages/airflow/example_dags/example_external_task_marker_dag.py
[2024-09-02T21:38:50.757+0000] {logging_mixin.py:188} INFO - [2024-09-02T21:38:50.755+0000] {override.py:1829} INFO - Created Permission View: can edit on DAG:example_external_task_marker_child
[2024-09-02T21:38:50.782+0000] {logging_mixin.py:188} INFO - [2024-09-02T21:38:50.781+0000] {override.py:1829} INFO - Created Permission View: can read on DAG:example_external_task_marker_child
[2024-09-02T21:38:50.810+0000] {logging_mixin.py:188} INFO - [2024-09-02T21:38:50.808+0000] {override.py:1829} INFO - Created Permission View: can delete on DAG:example_external_task_marker_child
[2024-09-02T21:38:50.849+0000] {logging_mixin.py:188} INFO - [2024-09-02T21:38:50.848+0000] {override.py:1829} INFO - Created Permission View: can edit on DAG:example_external_task_marker_parent
[2024-09-02T21:38:50.872+0000] {logging_mixin.py:188} INFO - [2024-09-02T21:38:50.871+0000] {override.py:1829} INFO - Created Permission View: can read on DAG:example_external_task_marker_parent
[2024-09-02T21:38:50.898+0000] {logging_mixin.py:188} INFO - [2024-09-02T21:38:50.896+0000] {override.py:1829} INFO - Created Permission View: can delete on DAG:example_external_task_marker_parent
[2024-09-02T21:38:50.903+0000] {logging_mixin.py:188} INFO - [2024-09-02T21:38:50.902+0000] {dag.py:3096} INFO - Sync 2 DAGs
[2024-09-02T21:38:50.934+0000] {logging_mixin.py:188} INFO - [2024-09-02T21:38:50.933+0000] {dag.py:3118} INFO - Creating ORM DAG for example_external_task_marker_child
[2024-09-02T21:38:50.936+0000] {logging_mixin.py:188} INFO - [2024-09-02T21:38:50.935+0000] {dag.py:3118} INFO - Creating ORM DAG for example_external_task_marker_parent
[2024-09-02T21:38:50.937+0000] {logging_mixin.py:188} INFO - [2024-09-02T21:38:50.937+0000] {dag.py:3954} INFO - Setting next_dagrun for example_external_task_marker_child to None, run_after=None
[2024-09-02T21:38:50.939+0000] {logging_mixin.py:188} INFO - [2024-09-02T21:38:50.939+0000] {dag.py:3954} INFO - Setting next_dagrun for example_external_task_marker_parent to None, run_after=None
[2024-09-02T21:38:50.984+0000] {processor.py:183} INFO - Processing /home/airflow/.local/lib/python3.12/site-packages/airflow/example_dags/example_external_task_marker_dag.py took 0.606 seconds
[2024-09-02T21:39:21.485+0000] {processor.py:161} INFO - Started process (PID=180) to work on /home/airflow/.local/lib/python3.12/site-packages/airflow/example_dags/example_external_task_marker_dag.py
[2024-09-02T21:39:21.487+0000] {processor.py:830} INFO - Processing file /home/airflow/.local/lib/python3.12/site-packages/airflow/example_dags/example_external_task_marker_dag.py for tasks to queue
[2024-09-02T21:39:21.490+0000] {logging_mixin.py:188} INFO - [2024-09-02T21:39:21.489+0000] {dagbag.py:545} INFO - Filling up the DagBag from /home/airflow/.local/lib/python3.12/site-packages/airflow/example_dags/example_external_task_marker_dag.py
[2024-09-02T21:39:21.501+0000] {processor.py:840} INFO - DAG(s) 'example_external_task_marker_parent', 'example_external_task_marker_child' retrieved from /home/airflow/.local/lib/python3.12/site-packages/airflow/example_dags/example_external_task_marker_dag.py
[2024-09-02T21:39:21.545+0000] {logging_mixin.py:188} INFO - [2024-09-02T21:39:21.545+0000] {dag.py:3096} INFO - Sync 2 DAGs
[2024-09-02T21:39:21.571+0000] {logging_mixin.py:188} INFO - [2024-09-02T21:39:21.571+0000] {dag.py:3954} INFO - Setting next_dagrun for example_external_task_marker_child to None, run_after=None
[2024-09-02T21:39:21.579+0000] {logging_mixin.py:188} INFO - [2024-09-02T21:39:21.579+0000] {dag.py:3954} INFO - Setting next_dagrun for example_external_task_marker_parent to None, run_after=None
[2024-09-02T21:39:21.608+0000] {processor.py:183} INFO - Processing /home/airflow/.local/lib/python3.12/site-packages/airflow/example_dags/example_external_task_marker_dag.py took 0.136 seconds
[2024-09-02T21:39:52.262+0000] {processor.py:161} INFO - Started process (PID=240) to work on /home/airflow/.local/lib/python3.12/site-packages/airflow/example_dags/example_external_task_marker_dag.py
[2024-09-02T21:39:52.265+0000] {processor.py:830} INFO - Processing file /home/airflow/.local/lib/python3.12/site-packages/airflow/example_dags/example_external_task_marker_dag.py for tasks to queue
[2024-09-02T21:39:52.270+0000] {logging_mixin.py:188} INFO - [2024-09-02T21:39:52.269+0000] {dagbag.py:545} INFO - Filling up the DagBag from /home/airflow/.local/lib/python3.12/site-packages/airflow/example_dags/example_external_task_marker_dag.py
[2024-09-02T21:39:52.289+0000] {processor.py:840} INFO - DAG(s) 'example_external_task_marker_parent', 'example_external_task_marker_child' retrieved from /home/airflow/.local/lib/python3.12/site-packages/airflow/example_dags/example_external_task_marker_dag.py
[2024-09-02T21:39:52.338+0000] {logging_mixin.py:188} INFO - [2024-09-02T21:39:52.337+0000] {dag.py:3096} INFO - Sync 2 DAGs
[2024-09-02T21:39:52.359+0000] {logging_mixin.py:188} INFO - [2024-09-02T21:39:52.359+0000] {dag.py:3954} INFO - Setting next_dagrun for example_external_task_marker_child to None, run_after=None
[2024-09-02T21:39:52.368+0000] {logging_mixin.py:188} INFO - [2024-09-02T21:39:52.367+0000] {dag.py:3954} INFO - Setting next_dagrun for example_external_task_marker_parent to None, run_after=None
[2024-09-02T21:39:52.403+0000] {processor.py:183} INFO - Processing /home/airflow/.local/lib/python3.12/site-packages/airflow/example_dags/example_external_task_marker_dag.py took 0.158 seconds
[2024-09-02T21:40:22.585+0000] {processor.py:161} INFO - Started process (PID=300) to work on /home/airflow/.local/lib/python3.12/site-packages/airflow/example_dags/example_external_task_marker_dag.py
[2024-09-02T21:40:22.586+0000] {processor.py:830} INFO - Processing file /home/airflow/.local/lib/python3.12/site-packages/airflow/example_dags/example_external_task_marker_dag.py for tasks to queue
[2024-09-02T21:40:22.589+0000] {logging_mixin.py:188} INFO - [2024-09-02T21:40:22.589+0000] {dagbag.py:545} INFO - Filling up the DagBag from /home/airflow/.local/lib/python3.12/site-packages/airflow/example_dags/example_external_task_marker_dag.py
[2024-09-02T21:40:22.599+0000] {processor.py:840} INFO - DAG(s) 'example_external_task_marker_parent', 'example_external_task_marker_child' retrieved from /home/airflow/.local/lib/python3.12/site-packages/airflow/example_dags/example_external_task_marker_dag.py
[2024-09-02T21:40:22.639+0000] {logging_mixin.py:188} INFO - [2024-09-02T21:40:22.639+0000] {dag.py:3096} INFO - Sync 2 DAGs
[2024-09-02T21:40:22.660+0000] {logging_mixin.py:188} INFO - [2024-09-02T21:40:22.659+0000] {dag.py:3954} INFO - Setting next_dagrun for example_external_task_marker_child to None, run_after=None
[2024-09-02T21:40:22.665+0000] {logging_mixin.py:188} INFO - [2024-09-02T21:40:22.664+0000] {dag.py:3954} INFO - Setting next_dagrun for example_external_task_marker_parent to None, run_after=None
[2024-09-02T21:40:22.688+0000] {processor.py:183} INFO - Processing /home/airflow/.local/lib/python3.12/site-packages/airflow/example_dags/example_external_task_marker_dag.py took 0.110 seconds
[2024-09-02T21:40:52.975+0000] {processor.py:161} INFO - Started process (PID=360) to work on /home/airflow/.local/lib/python3.12/site-packages/airflow/example_dags/example_external_task_marker_dag.py
[2024-09-02T21:40:52.976+0000] {processor.py:830} INFO - Processing file /home/airflow/.local/lib/python3.12/site-packages/airflow/example_dags/example_external_task_marker_dag.py for tasks to queue
[2024-09-02T21:40:52.979+0000] {logging_mixin.py:188} INFO - [2024-09-02T21:40:52.979+0000] {dagbag.py:545} INFO - Filling up the DagBag from /home/airflow/.local/lib/python3.12/site-packages/airflow/example_dags/example_external_task_marker_dag.py
[2024-09-02T21:40:52.987+0000] {processor.py:840} INFO - DAG(s) 'example_external_task_marker_parent', 'example_external_task_marker_child' retrieved from /home/airflow/.local/lib/python3.12/site-packages/airflow/example_dags/example_external_task_marker_dag.py
[2024-09-02T21:40:53.017+0000] {logging_mixin.py:188} INFO - [2024-09-02T21:40:53.017+0000] {dag.py:3096} INFO - Sync 2 DAGs
[2024-09-02T21:40:53.034+0000] {logging_mixin.py:188} INFO - [2024-09-02T21:40:53.033+0000] {dag.py:3954} INFO - Setting next_dagrun for example_external_task_marker_child to None, run_after=None
[2024-09-02T21:40:53.038+0000] {logging_mixin.py:188} INFO - [2024-09-02T21:40:53.038+0000] {dag.py:3954} INFO - Setting next_dagrun for example_external_task_marker_parent to None, run_after=None
[2024-09-02T21:40:53.063+0000] {processor.py:183} INFO - Processing /home/airflow/.local/lib/python3.12/site-packages/airflow/example_dags/example_external_task_marker_dag.py took 0.096 seconds
[2024-09-02T21:44:40.348+0000] {processor.py:161} INFO - Started process (PID=114) to work on /home/airflow/.local/lib/python3.12/site-packages/airflow/example_dags/example_external_task_marker_dag.py
[2024-09-02T21:44:40.350+0000] {processor.py:830} INFO - Processing file /home/airflow/.local/lib/python3.12/site-packages/airflow/example_dags/example_external_task_marker_dag.py for tasks to queue
[2024-09-02T21:44:40.353+0000] {logging_mixin.py:188} INFO - [2024-09-02T21:44:40.352+0000] {dagbag.py:545} INFO - Filling up the DagBag from /home/airflow/.local/lib/python3.12/site-packages/airflow/example_dags/example_external_task_marker_dag.py
[2024-09-02T21:44:40.365+0000] {processor.py:840} INFO - DAG(s) 'example_external_task_marker_parent', 'example_external_task_marker_child' retrieved from /home/airflow/.local/lib/python3.12/site-packages/airflow/example_dags/example_external_task_marker_dag.py
[2024-09-02T21:44:40.539+0000] {logging_mixin.py:188} INFO - [2024-09-02T21:44:40.538+0000] {override.py:1829} INFO - Created Permission View: can read on DAG:example_external_task_marker_parent
[2024-09-02T21:44:40.555+0000] {logging_mixin.py:188} INFO - [2024-09-02T21:44:40.555+0000] {override.py:1829} INFO - Created Permission View: can delete on DAG:example_external_task_marker_parent
[2024-09-02T21:44:40.566+0000] {logging_mixin.py:188} INFO - [2024-09-02T21:44:40.566+0000] {override.py:1829} INFO - Created Permission View: can edit on DAG:example_external_task_marker_parent
[2024-09-02T21:44:40.590+0000] {logging_mixin.py:188} INFO - [2024-09-02T21:44:40.589+0000] {override.py:1829} INFO - Created Permission View: can read on DAG:example_external_task_marker_child
[2024-09-02T21:44:40.601+0000] {logging_mixin.py:188} INFO - [2024-09-02T21:44:40.601+0000] {override.py:1829} INFO - Created Permission View: can delete on DAG:example_external_task_marker_child
[2024-09-02T21:44:40.613+0000] {logging_mixin.py:188} INFO - [2024-09-02T21:44:40.613+0000] {override.py:1829} INFO - Created Permission View: can edit on DAG:example_external_task_marker_child
[2024-09-02T21:44:40.615+0000] {logging_mixin.py:188} INFO - [2024-09-02T21:44:40.614+0000] {dag.py:3096} INFO - Sync 2 DAGs
[2024-09-02T21:44:40.633+0000] {logging_mixin.py:188} INFO - [2024-09-02T21:44:40.633+0000] {dag.py:3118} INFO - Creating ORM DAG for example_external_task_marker_child
[2024-09-02T21:44:40.635+0000] {logging_mixin.py:188} INFO - [2024-09-02T21:44:40.635+0000] {dag.py:3118} INFO - Creating ORM DAG for example_external_task_marker_parent
[2024-09-02T21:44:40.637+0000] {logging_mixin.py:188} INFO - [2024-09-02T21:44:40.636+0000] {dag.py:3954} INFO - Setting next_dagrun for example_external_task_marker_child to None, run_after=None
[2024-09-02T21:44:40.638+0000] {logging_mixin.py:188} INFO - [2024-09-02T21:44:40.638+0000] {dag.py:3954} INFO - Setting next_dagrun for example_external_task_marker_parent to None, run_after=None
[2024-09-02T21:44:40.667+0000] {processor.py:183} INFO - Processing /home/airflow/.local/lib/python3.12/site-packages/airflow/example_dags/example_external_task_marker_dag.py took 0.328 seconds
[2024-09-02T21:45:10.972+0000] {processor.py:161} INFO - Started process (PID=174) to work on /home/airflow/.local/lib/python3.12/site-packages/airflow/example_dags/example_external_task_marker_dag.py
[2024-09-02T21:45:10.974+0000] {processor.py:830} INFO - Processing file /home/airflow/.local/lib/python3.12/site-packages/airflow/example_dags/example_external_task_marker_dag.py for tasks to queue
[2024-09-02T21:45:10.979+0000] {logging_mixin.py:188} INFO - [2024-09-02T21:45:10.978+0000] {dagbag.py:545} INFO - Filling up the DagBag from /home/airflow/.local/lib/python3.12/site-packages/airflow/example_dags/example_external_task_marker_dag.py
[2024-09-02T21:45:10.995+0000] {processor.py:840} INFO - DAG(s) 'example_external_task_marker_parent', 'example_external_task_marker_child' retrieved from /home/airflow/.local/lib/python3.12/site-packages/airflow/example_dags/example_external_task_marker_dag.py
[2024-09-02T21:45:11.043+0000] {logging_mixin.py:188} INFO - [2024-09-02T21:45:11.042+0000] {dag.py:3096} INFO - Sync 2 DAGs
[2024-09-02T21:45:11.066+0000] {logging_mixin.py:188} INFO - [2024-09-02T21:45:11.066+0000] {dag.py:3954} INFO - Setting next_dagrun for example_external_task_marker_child to None, run_after=None
[2024-09-02T21:45:11.072+0000] {logging_mixin.py:188} INFO - [2024-09-02T21:45:11.072+0000] {dag.py:3954} INFO - Setting next_dagrun for example_external_task_marker_parent to None, run_after=None
[2024-09-02T21:45:11.100+0000] {processor.py:183} INFO - Processing /home/airflow/.local/lib/python3.12/site-packages/airflow/example_dags/example_external_task_marker_dag.py took 0.139 seconds
[2024-09-02T21:45:41.527+0000] {processor.py:161} INFO - Started process (PID=234) to work on /home/airflow/.local/lib/python3.12/site-packages/airflow/example_dags/example_external_task_marker_dag.py
[2024-09-02T21:45:41.529+0000] {processor.py:830} INFO - Processing file /home/airflow/.local/lib/python3.12/site-packages/airflow/example_dags/example_external_task_marker_dag.py for tasks to queue
[2024-09-02T21:45:41.531+0000] {logging_mixin.py:188} INFO - [2024-09-02T21:45:41.530+0000] {dagbag.py:545} INFO - Filling up the DagBag from /home/airflow/.local/lib/python3.12/site-packages/airflow/example_dags/example_external_task_marker_dag.py
[2024-09-02T21:45:41.538+0000] {processor.py:840} INFO - DAG(s) 'example_external_task_marker_child', 'example_external_task_marker_parent' retrieved from /home/airflow/.local/lib/python3.12/site-packages/airflow/example_dags/example_external_task_marker_dag.py
[2024-09-02T21:45:41.565+0000] {logging_mixin.py:188} INFO - [2024-09-02T21:45:41.565+0000] {dag.py:3096} INFO - Sync 2 DAGs
[2024-09-02T21:45:41.580+0000] {logging_mixin.py:188} INFO - [2024-09-02T21:45:41.580+0000] {dag.py:3954} INFO - Setting next_dagrun for example_external_task_marker_child to None, run_after=None
[2024-09-02T21:45:41.588+0000] {logging_mixin.py:188} INFO - [2024-09-02T21:45:41.585+0000] {dag.py:3954} INFO - Setting next_dagrun for example_external_task_marker_parent to None, run_after=None
[2024-09-02T21:45:41.624+0000] {processor.py:183} INFO - Processing /home/airflow/.local/lib/python3.12/site-packages/airflow/example_dags/example_external_task_marker_dag.py took 0.103 seconds
[2024-09-02T21:46:12.128+0000] {processor.py:161} INFO - Started process (PID=295) to work on /home/airflow/.local/lib/python3.12/site-packages/airflow/example_dags/example_external_task_marker_dag.py
[2024-09-02T21:46:12.130+0000] {processor.py:830} INFO - Processing file /home/airflow/.local/lib/python3.12/site-packages/airflow/example_dags/example_external_task_marker_dag.py for tasks to queue
[2024-09-02T21:46:12.134+0000] {logging_mixin.py:188} INFO - [2024-09-02T21:46:12.133+0000] {dagbag.py:545} INFO - Filling up the DagBag from /home/airflow/.local/lib/python3.12/site-packages/airflow/example_dags/example_external_task_marker_dag.py
[2024-09-02T21:46:12.143+0000] {processor.py:840} INFO - DAG(s) 'example_external_task_marker_parent', 'example_external_task_marker_child' retrieved from /home/airflow/.local/lib/python3.12/site-packages/airflow/example_dags/example_external_task_marker_dag.py
[2024-09-02T21:46:12.175+0000] {logging_mixin.py:188} INFO - [2024-09-02T21:46:12.174+0000] {dag.py:3096} INFO - Sync 2 DAGs
[2024-09-02T21:46:12.192+0000] {logging_mixin.py:188} INFO - [2024-09-02T21:46:12.192+0000] {dag.py:3954} INFO - Setting next_dagrun for example_external_task_marker_child to None, run_after=None
[2024-09-02T21:46:12.196+0000] {logging_mixin.py:188} INFO - [2024-09-02T21:46:12.196+0000] {dag.py:3954} INFO - Setting next_dagrun for example_external_task_marker_parent to None, run_after=None
[2024-09-02T21:46:12.217+0000] {processor.py:183} INFO - Processing /home/airflow/.local/lib/python3.12/site-packages/airflow/example_dags/example_external_task_marker_dag.py took 0.102 seconds
[2024-09-02T21:46:43.119+0000] {processor.py:161} INFO - Started process (PID=355) to work on /home/airflow/.local/lib/python3.12/site-packages/airflow/example_dags/example_external_task_marker_dag.py
[2024-09-02T21:46:43.121+0000] {processor.py:830} INFO - Processing file /home/airflow/.local/lib/python3.12/site-packages/airflow/example_dags/example_external_task_marker_dag.py for tasks to queue
[2024-09-02T21:46:43.124+0000] {logging_mixin.py:188} INFO - [2024-09-02T21:46:43.124+0000] {dagbag.py:545} INFO - Filling up the DagBag from /home/airflow/.local/lib/python3.12/site-packages/airflow/example_dags/example_external_task_marker_dag.py
[2024-09-02T21:46:43.132+0000] {processor.py:840} INFO - DAG(s) 'example_external_task_marker_parent', 'example_external_task_marker_child' retrieved from /home/airflow/.local/lib/python3.12/site-packages/airflow/example_dags/example_external_task_marker_dag.py
[2024-09-02T21:46:43.163+0000] {logging_mixin.py:188} INFO - [2024-09-02T21:46:43.162+0000] {dag.py:3096} INFO - Sync 2 DAGs
[2024-09-02T21:46:43.181+0000] {logging_mixin.py:188} INFO - [2024-09-02T21:46:43.181+0000] {dag.py:3954} INFO - Setting next_dagrun for example_external_task_marker_child to None, run_after=None
[2024-09-02T21:46:43.188+0000] {logging_mixin.py:188} INFO - [2024-09-02T21:46:43.188+0000] {dag.py:3954} INFO - Setting next_dagrun for example_external_task_marker_parent to None, run_after=None
[2024-09-02T21:46:43.212+0000] {processor.py:183} INFO - Processing /home/airflow/.local/lib/python3.12/site-packages/airflow/example_dags/example_external_task_marker_dag.py took 0.100 seconds
[2024-09-02T21:47:13.405+0000] {processor.py:161} INFO - Started process (PID=415) to work on /home/airflow/.local/lib/python3.12/site-packages/airflow/example_dags/example_external_task_marker_dag.py
[2024-09-02T21:47:13.407+0000] {processor.py:830} INFO - Processing file /home/airflow/.local/lib/python3.12/site-packages/airflow/example_dags/example_external_task_marker_dag.py for tasks to queue
[2024-09-02T21:47:13.410+0000] {logging_mixin.py:188} INFO - [2024-09-02T21:47:13.409+0000] {dagbag.py:545} INFO - Filling up the DagBag from /home/airflow/.local/lib/python3.12/site-packages/airflow/example_dags/example_external_task_marker_dag.py
[2024-09-02T21:47:13.419+0000] {processor.py:840} INFO - DAG(s) 'example_external_task_marker_child', 'example_external_task_marker_parent' retrieved from /home/airflow/.local/lib/python3.12/site-packages/airflow/example_dags/example_external_task_marker_dag.py
[2024-09-02T21:47:13.456+0000] {logging_mixin.py:188} INFO - [2024-09-02T21:47:13.455+0000] {dag.py:3096} INFO - Sync 2 DAGs
[2024-09-02T21:47:13.483+0000] {logging_mixin.py:188} INFO - [2024-09-02T21:47:13.483+0000] {dag.py:3954} INFO - Setting next_dagrun for example_external_task_marker_child to None, run_after=None
[2024-09-02T21:47:13.491+0000] {logging_mixin.py:188} INFO - [2024-09-02T21:47:13.490+0000] {dag.py:3954} INFO - Setting next_dagrun for example_external_task_marker_parent to None, run_after=None
[2024-09-02T21:47:13.522+0000] {processor.py:183} INFO - Processing /home/airflow/.local/lib/python3.12/site-packages/airflow/example_dags/example_external_task_marker_dag.py took 0.128 seconds
[2024-09-02T21:47:43.870+0000] {processor.py:161} INFO - Started process (PID=475) to work on /home/airflow/.local/lib/python3.12/site-packages/airflow/example_dags/example_external_task_marker_dag.py
[2024-09-02T21:47:43.872+0000] {processor.py:830} INFO - Processing file /home/airflow/.local/lib/python3.12/site-packages/airflow/example_dags/example_external_task_marker_dag.py for tasks to queue
[2024-09-02T21:47:43.876+0000] {logging_mixin.py:188} INFO - [2024-09-02T21:47:43.876+0000] {dagbag.py:545} INFO - Filling up the DagBag from /home/airflow/.local/lib/python3.12/site-packages/airflow/example_dags/example_external_task_marker_dag.py
[2024-09-02T21:47:43.889+0000] {processor.py:840} INFO - DAG(s) 'example_external_task_marker_child', 'example_external_task_marker_parent' retrieved from /home/airflow/.local/lib/python3.12/site-packages/airflow/example_dags/example_external_task_marker_dag.py
[2024-09-02T21:47:43.916+0000] {logging_mixin.py:188} INFO - [2024-09-02T21:47:43.916+0000] {dag.py:3096} INFO - Sync 2 DAGs
[2024-09-02T21:47:43.937+0000] {logging_mixin.py:188} INFO - [2024-09-02T21:47:43.937+0000] {dag.py:3954} INFO - Setting next_dagrun for example_external_task_marker_child to None, run_after=None
[2024-09-02T21:47:43.942+0000] {logging_mixin.py:188} INFO - [2024-09-02T21:47:43.942+0000] {dag.py:3954} INFO - Setting next_dagrun for example_external_task_marker_parent to None, run_after=None
[2024-09-02T21:47:43.965+0000] {processor.py:183} INFO - Processing /home/airflow/.local/lib/python3.12/site-packages/airflow/example_dags/example_external_task_marker_dag.py took 0.107 seconds
[2024-09-02T21:48:14.472+0000] {processor.py:161} INFO - Started process (PID=535) to work on /home/airflow/.local/lib/python3.12/site-packages/airflow/example_dags/example_external_task_marker_dag.py
[2024-09-02T21:48:14.474+0000] {processor.py:830} INFO - Processing file /home/airflow/.local/lib/python3.12/site-packages/airflow/example_dags/example_external_task_marker_dag.py for tasks to queue
[2024-09-02T21:48:14.476+0000] {logging_mixin.py:188} INFO - [2024-09-02T21:48:14.476+0000] {dagbag.py:545} INFO - Filling up the DagBag from /home/airflow/.local/lib/python3.12/site-packages/airflow/example_dags/example_external_task_marker_dag.py
[2024-09-02T21:48:14.486+0000] {processor.py:840} INFO - DAG(s) 'example_external_task_marker_child', 'example_external_task_marker_parent' retrieved from /home/airflow/.local/lib/python3.12/site-packages/airflow/example_dags/example_external_task_marker_dag.py
[2024-09-02T21:48:14.525+0000] {logging_mixin.py:188} INFO - [2024-09-02T21:48:14.524+0000] {dag.py:3096} INFO - Sync 2 DAGs
[2024-09-02T21:48:14.564+0000] {logging_mixin.py:188} INFO - [2024-09-02T21:48:14.563+0000] {dag.py:3954} INFO - Setting next_dagrun for example_external_task_marker_child to None, run_after=None
[2024-09-02T21:48:14.578+0000] {logging_mixin.py:188} INFO - [2024-09-02T21:48:14.577+0000] {dag.py:3954} INFO - Setting next_dagrun for example_external_task_marker_parent to None, run_after=None
[2024-09-02T21:48:14.619+0000] {processor.py:183} INFO - Processing /home/airflow/.local/lib/python3.12/site-packages/airflow/example_dags/example_external_task_marker_dag.py took 0.156 seconds
[2024-09-02T21:48:44.963+0000] {processor.py:161} INFO - Started process (PID=595) to work on /home/airflow/.local/lib/python3.12/site-packages/airflow/example_dags/example_external_task_marker_dag.py
[2024-09-02T21:48:44.965+0000] {processor.py:830} INFO - Processing file /home/airflow/.local/lib/python3.12/site-packages/airflow/example_dags/example_external_task_marker_dag.py for tasks to queue
[2024-09-02T21:48:44.969+0000] {logging_mixin.py:188} INFO - [2024-09-02T21:48:44.968+0000] {dagbag.py:545} INFO - Filling up the DagBag from /home/airflow/.local/lib/python3.12/site-packages/airflow/example_dags/example_external_task_marker_dag.py
[2024-09-02T21:48:44.980+0000] {processor.py:840} INFO - DAG(s) 'example_external_task_marker_parent', 'example_external_task_marker_child' retrieved from /home/airflow/.local/lib/python3.12/site-packages/airflow/example_dags/example_external_task_marker_dag.py
[2024-09-02T21:48:45.025+0000] {logging_mixin.py:188} INFO - [2024-09-02T21:48:45.025+0000] {dag.py:3096} INFO - Sync 2 DAGs
[2024-09-02T21:48:45.046+0000] {logging_mixin.py:188} INFO - [2024-09-02T21:48:45.046+0000] {dag.py:3954} INFO - Setting next_dagrun for example_external_task_marker_child to None, run_after=None
[2024-09-02T21:48:45.054+0000] {logging_mixin.py:188} INFO - [2024-09-02T21:48:45.053+0000] {dag.py:3954} INFO - Setting next_dagrun for example_external_task_marker_parent to None, run_after=None
[2024-09-02T21:48:45.082+0000] {processor.py:183} INFO - Processing /home/airflow/.local/lib/python3.12/site-packages/airflow/example_dags/example_external_task_marker_dag.py took 0.130 seconds
[2024-09-02T21:49:15.260+0000] {processor.py:161} INFO - Started process (PID=655) to work on /home/airflow/.local/lib/python3.12/site-packages/airflow/example_dags/example_external_task_marker_dag.py
[2024-09-02T21:49:15.261+0000] {processor.py:830} INFO - Processing file /home/airflow/.local/lib/python3.12/site-packages/airflow/example_dags/example_external_task_marker_dag.py for tasks to queue
[2024-09-02T21:49:15.264+0000] {logging_mixin.py:188} INFO - [2024-09-02T21:49:15.264+0000] {dagbag.py:545} INFO - Filling up the DagBag from /home/airflow/.local/lib/python3.12/site-packages/airflow/example_dags/example_external_task_marker_dag.py
[2024-09-02T21:49:15.273+0000] {processor.py:840} INFO - DAG(s) 'example_external_task_marker_child', 'example_external_task_marker_parent' retrieved from /home/airflow/.local/lib/python3.12/site-packages/airflow/example_dags/example_external_task_marker_dag.py
[2024-09-02T21:49:15.335+0000] {logging_mixin.py:188} INFO - [2024-09-02T21:49:15.335+0000] {dag.py:3096} INFO - Sync 2 DAGs
[2024-09-02T21:49:15.374+0000] {logging_mixin.py:188} INFO - [2024-09-02T21:49:15.374+0000] {dag.py:3954} INFO - Setting next_dagrun for example_external_task_marker_child to None, run_after=None
[2024-09-02T21:49:15.385+0000] {logging_mixin.py:188} INFO - [2024-09-02T21:49:15.384+0000] {dag.py:3954} INFO - Setting next_dagrun for example_external_task_marker_parent to None, run_after=None
[2024-09-02T21:49:15.462+0000] {processor.py:183} INFO - Processing /home/airflow/.local/lib/python3.12/site-packages/airflow/example_dags/example_external_task_marker_dag.py took 0.211 seconds
[2024-09-02T21:49:45.575+0000] {processor.py:161} INFO - Started process (PID=715) to work on /home/airflow/.local/lib/python3.12/site-packages/airflow/example_dags/example_external_task_marker_dag.py
[2024-09-02T21:49:45.577+0000] {processor.py:830} INFO - Processing file /home/airflow/.local/lib/python3.12/site-packages/airflow/example_dags/example_external_task_marker_dag.py for tasks to queue
[2024-09-02T21:49:45.581+0000] {logging_mixin.py:188} INFO - [2024-09-02T21:49:45.580+0000] {dagbag.py:545} INFO - Filling up the DagBag from /home/airflow/.local/lib/python3.12/site-packages/airflow/example_dags/example_external_task_marker_dag.py
[2024-09-02T21:49:45.595+0000] {processor.py:840} INFO - DAG(s) 'example_external_task_marker_child', 'example_external_task_marker_parent' retrieved from /home/airflow/.local/lib/python3.12/site-packages/airflow/example_dags/example_external_task_marker_dag.py
[2024-09-02T21:49:45.643+0000] {logging_mixin.py:188} INFO - [2024-09-02T21:49:45.643+0000] {dag.py:3096} INFO - Sync 2 DAGs
[2024-09-02T21:49:45.673+0000] {logging_mixin.py:188} INFO - [2024-09-02T21:49:45.672+0000] {dag.py:3954} INFO - Setting next_dagrun for example_external_task_marker_child to None, run_after=None
[2024-09-02T21:49:45.681+0000] {logging_mixin.py:188} INFO - [2024-09-02T21:49:45.680+0000] {dag.py:3954} INFO - Setting next_dagrun for example_external_task_marker_parent to None, run_after=None
[2024-09-02T21:49:45.710+0000] {processor.py:183} INFO - Processing /home/airflow/.local/lib/python3.12/site-packages/airflow/example_dags/example_external_task_marker_dag.py took 0.150 seconds
[2024-09-02T21:50:16.223+0000] {processor.py:161} INFO - Started process (PID=775) to work on /home/airflow/.local/lib/python3.12/site-packages/airflow/example_dags/example_external_task_marker_dag.py
[2024-09-02T21:50:16.225+0000] {processor.py:830} INFO - Processing file /home/airflow/.local/lib/python3.12/site-packages/airflow/example_dags/example_external_task_marker_dag.py for tasks to queue
[2024-09-02T21:50:16.228+0000] {logging_mixin.py:188} INFO - [2024-09-02T21:50:16.228+0000] {dagbag.py:545} INFO - Filling up the DagBag from /home/airflow/.local/lib/python3.12/site-packages/airflow/example_dags/example_external_task_marker_dag.py
[2024-09-02T21:50:16.239+0000] {processor.py:840} INFO - DAG(s) 'example_external_task_marker_parent', 'example_external_task_marker_child' retrieved from /home/airflow/.local/lib/python3.12/site-packages/airflow/example_dags/example_external_task_marker_dag.py
[2024-09-02T21:50:16.290+0000] {logging_mixin.py:188} INFO - [2024-09-02T21:50:16.290+0000] {dag.py:3096} INFO - Sync 2 DAGs
[2024-09-02T21:50:16.315+0000] {logging_mixin.py:188} INFO - [2024-09-02T21:50:16.315+0000] {dag.py:3954} INFO - Setting next_dagrun for example_external_task_marker_child to None, run_after=None
[2024-09-02T21:50:16.323+0000] {logging_mixin.py:188} INFO - [2024-09-02T21:50:16.322+0000] {dag.py:3954} INFO - Setting next_dagrun for example_external_task_marker_parent to None, run_after=None
[2024-09-02T21:50:16.360+0000] {processor.py:183} INFO - Processing /home/airflow/.local/lib/python3.12/site-packages/airflow/example_dags/example_external_task_marker_dag.py took 0.146 seconds
[2024-09-02T21:50:47.392+0000] {processor.py:161} INFO - Started process (PID=841) to work on /home/airflow/.local/lib/python3.12/site-packages/airflow/example_dags/example_external_task_marker_dag.py
[2024-09-02T21:50:47.394+0000] {processor.py:830} INFO - Processing file /home/airflow/.local/lib/python3.12/site-packages/airflow/example_dags/example_external_task_marker_dag.py for tasks to queue
[2024-09-02T21:50:47.397+0000] {logging_mixin.py:188} INFO - [2024-09-02T21:50:47.397+0000] {dagbag.py:545} INFO - Filling up the DagBag from /home/airflow/.local/lib/python3.12/site-packages/airflow/example_dags/example_external_task_marker_dag.py
[2024-09-02T21:50:47.410+0000] {processor.py:840} INFO - DAG(s) 'example_external_task_marker_parent', 'example_external_task_marker_child' retrieved from /home/airflow/.local/lib/python3.12/site-packages/airflow/example_dags/example_external_task_marker_dag.py
[2024-09-02T21:50:47.484+0000] {logging_mixin.py:188} INFO - [2024-09-02T21:50:47.483+0000] {dag.py:3096} INFO - Sync 2 DAGs
[2024-09-02T21:50:47.518+0000] {logging_mixin.py:188} INFO - [2024-09-02T21:50:47.518+0000] {dag.py:3954} INFO - Setting next_dagrun for example_external_task_marker_child to None, run_after=None
[2024-09-02T21:50:47.528+0000] {logging_mixin.py:188} INFO - [2024-09-02T21:50:47.527+0000] {dag.py:3954} INFO - Setting next_dagrun for example_external_task_marker_parent to None, run_after=None
[2024-09-02T21:50:47.561+0000] {processor.py:183} INFO - Processing /home/airflow/.local/lib/python3.12/site-packages/airflow/example_dags/example_external_task_marker_dag.py took 0.181 seconds
[2024-09-02T21:51:17.720+0000] {processor.py:161} INFO - Started process (PID=901) to work on /home/airflow/.local/lib/python3.12/site-packages/airflow/example_dags/example_external_task_marker_dag.py
[2024-09-02T21:51:17.723+0000] {processor.py:830} INFO - Processing file /home/airflow/.local/lib/python3.12/site-packages/airflow/example_dags/example_external_task_marker_dag.py for tasks to queue
[2024-09-02T21:51:17.729+0000] {logging_mixin.py:188} INFO - [2024-09-02T21:51:17.729+0000] {dagbag.py:545} INFO - Filling up the DagBag from /home/airflow/.local/lib/python3.12/site-packages/airflow/example_dags/example_external_task_marker_dag.py
[2024-09-02T21:51:17.754+0000] {processor.py:840} INFO - DAG(s) 'example_external_task_marker_parent', 'example_external_task_marker_child' retrieved from /home/airflow/.local/lib/python3.12/site-packages/airflow/example_dags/example_external_task_marker_dag.py
[2024-09-02T21:51:17.822+0000] {logging_mixin.py:188} INFO - [2024-09-02T21:51:17.822+0000] {dag.py:3096} INFO - Sync 2 DAGs
[2024-09-02T21:51:17.838+0000] {logging_mixin.py:188} INFO - [2024-09-02T21:51:17.837+0000] {dag.py:3954} INFO - Setting next_dagrun for example_external_task_marker_child to None, run_after=None
[2024-09-02T21:51:17.843+0000] {logging_mixin.py:188} INFO - [2024-09-02T21:51:17.842+0000] {dag.py:3954} INFO - Setting next_dagrun for example_external_task_marker_parent to None, run_after=None
[2024-09-02T21:51:17.860+0000] {processor.py:183} INFO - Processing /home/airflow/.local/lib/python3.12/site-packages/airflow/example_dags/example_external_task_marker_dag.py took 0.169 seconds
[2024-09-02T21:51:48.771+0000] {processor.py:161} INFO - Started process (PID=961) to work on /home/airflow/.local/lib/python3.12/site-packages/airflow/example_dags/example_external_task_marker_dag.py
[2024-09-02T21:51:48.772+0000] {processor.py:830} INFO - Processing file /home/airflow/.local/lib/python3.12/site-packages/airflow/example_dags/example_external_task_marker_dag.py for tasks to queue
[2024-09-02T21:51:48.774+0000] {logging_mixin.py:188} INFO - [2024-09-02T21:51:48.774+0000] {dagbag.py:545} INFO - Filling up the DagBag from /home/airflow/.local/lib/python3.12/site-packages/airflow/example_dags/example_external_task_marker_dag.py
[2024-09-02T21:51:48.781+0000] {processor.py:840} INFO - DAG(s) 'example_external_task_marker_child', 'example_external_task_marker_parent' retrieved from /home/airflow/.local/lib/python3.12/site-packages/airflow/example_dags/example_external_task_marker_dag.py
[2024-09-02T21:51:48.812+0000] {logging_mixin.py:188} INFO - [2024-09-02T21:51:48.812+0000] {dag.py:3096} INFO - Sync 2 DAGs
[2024-09-02T21:51:48.827+0000] {logging_mixin.py:188} INFO - [2024-09-02T21:51:48.826+0000] {dag.py:3954} INFO - Setting next_dagrun for example_external_task_marker_child to None, run_after=None
[2024-09-02T21:51:48.831+0000] {logging_mixin.py:188} INFO - [2024-09-02T21:51:48.831+0000] {dag.py:3954} INFO - Setting next_dagrun for example_external_task_marker_parent to None, run_after=None
[2024-09-02T21:51:48.850+0000] {processor.py:183} INFO - Processing /home/airflow/.local/lib/python3.12/site-packages/airflow/example_dags/example_external_task_marker_dag.py took 0.085 seconds
[2024-09-02T21:52:19.230+0000] {processor.py:161} INFO - Started process (PID=1021) to work on /home/airflow/.local/lib/python3.12/site-packages/airflow/example_dags/example_external_task_marker_dag.py
[2024-09-02T21:52:19.232+0000] {processor.py:830} INFO - Processing file /home/airflow/.local/lib/python3.12/site-packages/airflow/example_dags/example_external_task_marker_dag.py for tasks to queue
[2024-09-02T21:52:19.235+0000] {logging_mixin.py:188} INFO - [2024-09-02T21:52:19.234+0000] {dagbag.py:545} INFO - Filling up the DagBag from /home/airflow/.local/lib/python3.12/site-packages/airflow/example_dags/example_external_task_marker_dag.py
[2024-09-02T21:52:19.244+0000] {processor.py:840} INFO - DAG(s) 'example_external_task_marker_child', 'example_external_task_marker_parent' retrieved from /home/airflow/.local/lib/python3.12/site-packages/airflow/example_dags/example_external_task_marker_dag.py
[2024-09-02T21:52:19.300+0000] {logging_mixin.py:188} INFO - [2024-09-02T21:52:19.299+0000] {dag.py:3096} INFO - Sync 2 DAGs
[2024-09-02T21:52:19.330+0000] {logging_mixin.py:188} INFO - [2024-09-02T21:52:19.330+0000] {dag.py:3954} INFO - Setting next_dagrun for example_external_task_marker_child to None, run_after=None
[2024-09-02T21:52:19.339+0000] {logging_mixin.py:188} INFO - [2024-09-02T21:52:19.338+0000] {dag.py:3954} INFO - Setting next_dagrun for example_external_task_marker_parent to None, run_after=None
[2024-09-02T21:52:19.364+0000] {processor.py:183} INFO - Processing /home/airflow/.local/lib/python3.12/site-packages/airflow/example_dags/example_external_task_marker_dag.py took 0.143 seconds
[2024-09-02T21:52:49.421+0000] {processor.py:161} INFO - Started process (PID=1080) to work on /home/airflow/.local/lib/python3.12/site-packages/airflow/example_dags/example_external_task_marker_dag.py
[2024-09-02T21:52:49.422+0000] {processor.py:830} INFO - Processing file /home/airflow/.local/lib/python3.12/site-packages/airflow/example_dags/example_external_task_marker_dag.py for tasks to queue
[2024-09-02T21:52:49.425+0000] {logging_mixin.py:188} INFO - [2024-09-02T21:52:49.424+0000] {dagbag.py:545} INFO - Filling up the DagBag from /home/airflow/.local/lib/python3.12/site-packages/airflow/example_dags/example_external_task_marker_dag.py
[2024-09-02T21:52:49.432+0000] {processor.py:840} INFO - DAG(s) 'example_external_task_marker_parent', 'example_external_task_marker_child' retrieved from /home/airflow/.local/lib/python3.12/site-packages/airflow/example_dags/example_external_task_marker_dag.py
[2024-09-02T21:52:49.466+0000] {logging_mixin.py:188} INFO - [2024-09-02T21:52:49.466+0000] {dag.py:3096} INFO - Sync 2 DAGs
[2024-09-02T21:52:49.483+0000] {logging_mixin.py:188} INFO - [2024-09-02T21:52:49.483+0000] {dag.py:3954} INFO - Setting next_dagrun for example_external_task_marker_child to None, run_after=None
[2024-09-02T21:52:49.489+0000] {logging_mixin.py:188} INFO - [2024-09-02T21:52:49.489+0000] {dag.py:3954} INFO - Setting next_dagrun for example_external_task_marker_parent to None, run_after=None
[2024-09-02T21:52:49.513+0000] {processor.py:183} INFO - Processing /home/airflow/.local/lib/python3.12/site-packages/airflow/example_dags/example_external_task_marker_dag.py took 0.099 seconds
[2024-09-02T21:53:19.705+0000] {processor.py:161} INFO - Started process (PID=1140) to work on /home/airflow/.local/lib/python3.12/site-packages/airflow/example_dags/example_external_task_marker_dag.py
[2024-09-02T21:53:19.706+0000] {processor.py:830} INFO - Processing file /home/airflow/.local/lib/python3.12/site-packages/airflow/example_dags/example_external_task_marker_dag.py for tasks to queue
[2024-09-02T21:53:19.708+0000] {logging_mixin.py:188} INFO - [2024-09-02T21:53:19.708+0000] {dagbag.py:545} INFO - Filling up the DagBag from /home/airflow/.local/lib/python3.12/site-packages/airflow/example_dags/example_external_task_marker_dag.py
[2024-09-02T21:53:19.716+0000] {processor.py:840} INFO - DAG(s) 'example_external_task_marker_child', 'example_external_task_marker_parent' retrieved from /home/airflow/.local/lib/python3.12/site-packages/airflow/example_dags/example_external_task_marker_dag.py
[2024-09-02T21:53:19.744+0000] {logging_mixin.py:188} INFO - [2024-09-02T21:53:19.744+0000] {dag.py:3096} INFO - Sync 2 DAGs
[2024-09-02T21:53:19.760+0000] {logging_mixin.py:188} INFO - [2024-09-02T21:53:19.760+0000] {dag.py:3954} INFO - Setting next_dagrun for example_external_task_marker_child to None, run_after=None
[2024-09-02T21:53:19.768+0000] {logging_mixin.py:188} INFO - [2024-09-02T21:53:19.767+0000] {dag.py:3954} INFO - Setting next_dagrun for example_external_task_marker_parent to None, run_after=None
[2024-09-02T21:53:19.797+0000] {processor.py:183} INFO - Processing /home/airflow/.local/lib/python3.12/site-packages/airflow/example_dags/example_external_task_marker_dag.py took 0.101 seconds
[2024-09-02T21:53:50.923+0000] {processor.py:161} INFO - Started process (PID=1202) to work on /home/airflow/.local/lib/python3.12/site-packages/airflow/example_dags/example_external_task_marker_dag.py
[2024-09-02T21:53:50.925+0000] {processor.py:830} INFO - Processing file /home/airflow/.local/lib/python3.12/site-packages/airflow/example_dags/example_external_task_marker_dag.py for tasks to queue
[2024-09-02T21:53:50.928+0000] {logging_mixin.py:188} INFO - [2024-09-02T21:53:50.928+0000] {dagbag.py:545} INFO - Filling up the DagBag from /home/airflow/.local/lib/python3.12/site-packages/airflow/example_dags/example_external_task_marker_dag.py
[2024-09-02T21:53:50.940+0000] {processor.py:840} INFO - DAG(s) 'example_external_task_marker_parent', 'example_external_task_marker_child' retrieved from /home/airflow/.local/lib/python3.12/site-packages/airflow/example_dags/example_external_task_marker_dag.py
[2024-09-02T21:53:50.987+0000] {logging_mixin.py:188} INFO - [2024-09-02T21:53:50.987+0000] {dag.py:3096} INFO - Sync 2 DAGs
[2024-09-02T21:53:51.018+0000] {logging_mixin.py:188} INFO - [2024-09-02T21:53:51.017+0000] {dag.py:3954} INFO - Setting next_dagrun for example_external_task_marker_child to None, run_after=None
[2024-09-02T21:53:51.025+0000] {logging_mixin.py:188} INFO - [2024-09-02T21:53:51.025+0000] {dag.py:3954} INFO - Setting next_dagrun for example_external_task_marker_parent to None, run_after=None
[2024-09-02T21:53:51.055+0000] {processor.py:183} INFO - Processing /home/airflow/.local/lib/python3.12/site-packages/airflow/example_dags/example_external_task_marker_dag.py took 0.140 seconds
[2024-09-02T21:54:21.968+0000] {processor.py:161} INFO - Started process (PID=1262) to work on /home/airflow/.local/lib/python3.12/site-packages/airflow/example_dags/example_external_task_marker_dag.py
[2024-09-02T21:54:21.969+0000] {processor.py:830} INFO - Processing file /home/airflow/.local/lib/python3.12/site-packages/airflow/example_dags/example_external_task_marker_dag.py for tasks to queue
[2024-09-02T21:54:21.972+0000] {logging_mixin.py:188} INFO - [2024-09-02T21:54:21.972+0000] {dagbag.py:545} INFO - Filling up the DagBag from /home/airflow/.local/lib/python3.12/site-packages/airflow/example_dags/example_external_task_marker_dag.py
[2024-09-02T21:54:21.982+0000] {processor.py:840} INFO - DAG(s) 'example_external_task_marker_child', 'example_external_task_marker_parent' retrieved from /home/airflow/.local/lib/python3.12/site-packages/airflow/example_dags/example_external_task_marker_dag.py
[2024-09-02T21:54:22.019+0000] {logging_mixin.py:188} INFO - [2024-09-02T21:54:22.018+0000] {dag.py:3096} INFO - Sync 2 DAGs
[2024-09-02T21:54:22.038+0000] {logging_mixin.py:188} INFO - [2024-09-02T21:54:22.038+0000] {dag.py:3954} INFO - Setting next_dagrun for example_external_task_marker_child to None, run_after=None
[2024-09-02T21:54:22.045+0000] {logging_mixin.py:188} INFO - [2024-09-02T21:54:22.045+0000] {dag.py:3954} INFO - Setting next_dagrun for example_external_task_marker_parent to None, run_after=None
[2024-09-02T21:54:22.068+0000] {processor.py:183} INFO - Processing /home/airflow/.local/lib/python3.12/site-packages/airflow/example_dags/example_external_task_marker_dag.py took 0.111 seconds
[2024-09-02T21:54:52.336+0000] {processor.py:161} INFO - Started process (PID=1322) to work on /home/airflow/.local/lib/python3.12/site-packages/airflow/example_dags/example_external_task_marker_dag.py
[2024-09-02T21:54:52.337+0000] {processor.py:830} INFO - Processing file /home/airflow/.local/lib/python3.12/site-packages/airflow/example_dags/example_external_task_marker_dag.py for tasks to queue
[2024-09-02T21:54:52.341+0000] {logging_mixin.py:188} INFO - [2024-09-02T21:54:52.340+0000] {dagbag.py:545} INFO - Filling up the DagBag from /home/airflow/.local/lib/python3.12/site-packages/airflow/example_dags/example_external_task_marker_dag.py
[2024-09-02T21:54:52.351+0000] {processor.py:840} INFO - DAG(s) 'example_external_task_marker_child', 'example_external_task_marker_parent' retrieved from /home/airflow/.local/lib/python3.12/site-packages/airflow/example_dags/example_external_task_marker_dag.py
[2024-09-02T21:54:52.400+0000] {logging_mixin.py:188} INFO - [2024-09-02T21:54:52.398+0000] {dag.py:3096} INFO - Sync 2 DAGs
[2024-09-02T21:54:52.425+0000] {logging_mixin.py:188} INFO - [2024-09-02T21:54:52.425+0000] {dag.py:3954} INFO - Setting next_dagrun for example_external_task_marker_child to None, run_after=None
[2024-09-02T21:54:52.432+0000] {logging_mixin.py:188} INFO - [2024-09-02T21:54:52.432+0000] {dag.py:3954} INFO - Setting next_dagrun for example_external_task_marker_parent to None, run_after=None
[2024-09-02T21:54:52.486+0000] {processor.py:183} INFO - Processing /home/airflow/.local/lib/python3.12/site-packages/airflow/example_dags/example_external_task_marker_dag.py took 0.162 seconds
[2024-09-02T21:55:23.271+0000] {processor.py:161} INFO - Started process (PID=1386) to work on /home/airflow/.local/lib/python3.12/site-packages/airflow/example_dags/example_external_task_marker_dag.py
[2024-09-02T21:55:23.272+0000] {processor.py:830} INFO - Processing file /home/airflow/.local/lib/python3.12/site-packages/airflow/example_dags/example_external_task_marker_dag.py for tasks to queue
[2024-09-02T21:55:23.275+0000] {logging_mixin.py:188} INFO - [2024-09-02T21:55:23.275+0000] {dagbag.py:545} INFO - Filling up the DagBag from /home/airflow/.local/lib/python3.12/site-packages/airflow/example_dags/example_external_task_marker_dag.py
[2024-09-02T21:55:23.285+0000] {processor.py:840} INFO - DAG(s) 'example_external_task_marker_parent', 'example_external_task_marker_child' retrieved from /home/airflow/.local/lib/python3.12/site-packages/airflow/example_dags/example_external_task_marker_dag.py
[2024-09-02T21:55:23.328+0000] {logging_mixin.py:188} INFO - [2024-09-02T21:55:23.328+0000] {dag.py:3096} INFO - Sync 2 DAGs
[2024-09-02T21:55:23.346+0000] {logging_mixin.py:188} INFO - [2024-09-02T21:55:23.345+0000] {dag.py:3954} INFO - Setting next_dagrun for example_external_task_marker_child to None, run_after=None
[2024-09-02T21:55:23.351+0000] {logging_mixin.py:188} INFO - [2024-09-02T21:55:23.351+0000] {dag.py:3954} INFO - Setting next_dagrun for example_external_task_marker_parent to None, run_after=None
[2024-09-02T21:55:23.369+0000] {processor.py:183} INFO - Processing /home/airflow/.local/lib/python3.12/site-packages/airflow/example_dags/example_external_task_marker_dag.py took 0.106 seconds
[2024-09-02T21:55:54.008+0000] {processor.py:161} INFO - Started process (PID=1449) to work on /home/airflow/.local/lib/python3.12/site-packages/airflow/example_dags/example_external_task_marker_dag.py
[2024-09-02T21:55:54.010+0000] {processor.py:830} INFO - Processing file /home/airflow/.local/lib/python3.12/site-packages/airflow/example_dags/example_external_task_marker_dag.py for tasks to queue
[2024-09-02T21:55:54.012+0000] {logging_mixin.py:188} INFO - [2024-09-02T21:55:54.012+0000] {dagbag.py:545} INFO - Filling up the DagBag from /home/airflow/.local/lib/python3.12/site-packages/airflow/example_dags/example_external_task_marker_dag.py
[2024-09-02T21:55:54.022+0000] {processor.py:840} INFO - DAG(s) 'example_external_task_marker_child', 'example_external_task_marker_parent' retrieved from /home/airflow/.local/lib/python3.12/site-packages/airflow/example_dags/example_external_task_marker_dag.py
[2024-09-02T21:55:54.064+0000] {logging_mixin.py:188} INFO - [2024-09-02T21:55:54.064+0000] {dag.py:3096} INFO - Sync 2 DAGs
[2024-09-02T21:55:54.086+0000] {logging_mixin.py:188} INFO - [2024-09-02T21:55:54.085+0000] {dag.py:3954} INFO - Setting next_dagrun for example_external_task_marker_child to None, run_after=None
[2024-09-02T21:55:54.093+0000] {logging_mixin.py:188} INFO - [2024-09-02T21:55:54.092+0000] {dag.py:3954} INFO - Setting next_dagrun for example_external_task_marker_parent to None, run_after=None
[2024-09-02T21:55:54.132+0000] {processor.py:183} INFO - Processing /home/airflow/.local/lib/python3.12/site-packages/airflow/example_dags/example_external_task_marker_dag.py took 0.133 seconds
