[2024-09-02T21:35:11.192+0000] {processor.py:161} INFO - Started process (PID=100) to work on /home/airflow/.local/lib/python3.12/site-packages/airflow/example_dags/tutorial_dag.py
[2024-09-02T21:35:11.197+0000] {processor.py:830} INFO - Processing file /home/airflow/.local/lib/python3.12/site-packages/airflow/example_dags/tutorial_dag.py for tasks to queue
[2024-09-02T21:35:11.221+0000] {logging_mixin.py:188} INFO - [2024-09-02T21:35:11.210+0000] {dagbag.py:545} INFO - Filling up the DagBag from /home/airflow/.local/lib/python3.12/site-packages/airflow/example_dags/tutorial_dag.py
[2024-09-02T21:35:11.335+0000] {processor.py:840} INFO - DAG(s) 'tutorial_dag' retrieved from /home/airflow/.local/lib/python3.12/site-packages/airflow/example_dags/tutorial_dag.py
[2024-09-02T21:35:12.168+0000] {logging_mixin.py:188} INFO - [2024-09-02T21:35:12.166+0000] {override.py:1829} INFO - Created Permission View: can edit on DAG:tutorial_dag
[2024-09-02T21:35:12.224+0000] {logging_mixin.py:188} INFO - [2024-09-02T21:35:12.221+0000] {override.py:1829} INFO - Created Permission View: can delete on DAG:tutorial_dag
[2024-09-02T21:35:12.258+0000] {logging_mixin.py:188} INFO - [2024-09-02T21:35:12.256+0000] {override.py:1829} INFO - Created Permission View: can read on DAG:tutorial_dag
[2024-09-02T21:35:12.271+0000] {logging_mixin.py:188} INFO - [2024-09-02T21:35:12.271+0000] {dag.py:3096} INFO - Sync 1 DAGs
[2024-09-02T21:35:12.480+0000] {logging_mixin.py:188} INFO - [2024-09-02T21:35:12.479+0000] {dag.py:3118} INFO - Creating ORM DAG for tutorial_dag
[2024-09-02T21:35:12.483+0000] {logging_mixin.py:188} INFO - [2024-09-02T21:35:12.482+0000] {dag.py:3954} INFO - Setting next_dagrun for tutorial_dag to None, run_after=None
[2024-09-02T21:35:12.646+0000] {processor.py:183} INFO - Processing /home/airflow/.local/lib/python3.12/site-packages/airflow/example_dags/tutorial_dag.py took 1.514 seconds
[2024-09-02T21:35:43.472+0000] {processor.py:161} INFO - Started process (PID=159) to work on /home/airflow/.local/lib/python3.12/site-packages/airflow/example_dags/tutorial_dag.py
[2024-09-02T21:35:43.498+0000] {processor.py:830} INFO - Processing file /home/airflow/.local/lib/python3.12/site-packages/airflow/example_dags/tutorial_dag.py for tasks to queue
[2024-09-02T21:35:43.541+0000] {logging_mixin.py:188} INFO - [2024-09-02T21:35:43.533+0000] {dagbag.py:545} INFO - Filling up the DagBag from /home/airflow/.local/lib/python3.12/site-packages/airflow/example_dags/tutorial_dag.py
[2024-09-02T21:35:43.706+0000] {processor.py:840} INFO - DAG(s) 'tutorial_dag' retrieved from /home/airflow/.local/lib/python3.12/site-packages/airflow/example_dags/tutorial_dag.py
[2024-09-02T21:35:44.053+0000] {logging_mixin.py:188} INFO - [2024-09-02T21:35:44.052+0000] {dag.py:3096} INFO - Sync 1 DAGs
[2024-09-02T21:35:44.229+0000] {logging_mixin.py:188} INFO - [2024-09-02T21:35:44.228+0000] {dag.py:3954} INFO - Setting next_dagrun for tutorial_dag to None, run_after=None
[2024-09-02T21:35:44.408+0000] {processor.py:183} INFO - Processing /home/airflow/.local/lib/python3.12/site-packages/airflow/example_dags/tutorial_dag.py took 1.078 seconds
[2024-09-02T21:36:14.575+0000] {processor.py:161} INFO - Started process (PID=219) to work on /home/airflow/.local/lib/python3.12/site-packages/airflow/example_dags/tutorial_dag.py
[2024-09-02T21:36:14.580+0000] {processor.py:830} INFO - Processing file /home/airflow/.local/lib/python3.12/site-packages/airflow/example_dags/tutorial_dag.py for tasks to queue
[2024-09-02T21:36:14.585+0000] {logging_mixin.py:188} INFO - [2024-09-02T21:36:14.584+0000] {dagbag.py:545} INFO - Filling up the DagBag from /home/airflow/.local/lib/python3.12/site-packages/airflow/example_dags/tutorial_dag.py
[2024-09-02T21:36:14.601+0000] {processor.py:840} INFO - DAG(s) 'tutorial_dag' retrieved from /home/airflow/.local/lib/python3.12/site-packages/airflow/example_dags/tutorial_dag.py
[2024-09-02T21:36:14.669+0000] {logging_mixin.py:188} INFO - [2024-09-02T21:36:14.668+0000] {dag.py:3096} INFO - Sync 1 DAGs
[2024-09-02T21:36:14.710+0000] {logging_mixin.py:188} INFO - [2024-09-02T21:36:14.709+0000] {dag.py:3954} INFO - Setting next_dagrun for tutorial_dag to None, run_after=None
[2024-09-02T21:36:14.762+0000] {processor.py:183} INFO - Processing /home/airflow/.local/lib/python3.12/site-packages/airflow/example_dags/tutorial_dag.py took 0.206 seconds
[2024-09-02T21:38:43.376+0000] {processor.py:161} INFO - Started process (PID=98) to work on /home/airflow/.local/lib/python3.12/site-packages/airflow/example_dags/tutorial_dag.py
[2024-09-02T21:38:43.378+0000] {processor.py:830} INFO - Processing file /home/airflow/.local/lib/python3.12/site-packages/airflow/example_dags/tutorial_dag.py for tasks to queue
[2024-09-02T21:38:43.384+0000] {logging_mixin.py:188} INFO - [2024-09-02T21:38:43.383+0000] {dagbag.py:545} INFO - Filling up the DagBag from /home/airflow/.local/lib/python3.12/site-packages/airflow/example_dags/tutorial_dag.py
[2024-09-02T21:38:43.410+0000] {processor.py:840} INFO - DAG(s) 'tutorial_dag' retrieved from /home/airflow/.local/lib/python3.12/site-packages/airflow/example_dags/tutorial_dag.py
[2024-09-02T21:38:43.758+0000] {logging_mixin.py:188} INFO - [2024-09-02T21:38:43.757+0000] {override.py:1829} INFO - Created Permission View: can edit on DAG:tutorial_dag
[2024-09-02T21:38:43.789+0000] {logging_mixin.py:188} INFO - [2024-09-02T21:38:43.788+0000] {override.py:1829} INFO - Created Permission View: can read on DAG:tutorial_dag
[2024-09-02T21:38:43.804+0000] {logging_mixin.py:188} INFO - [2024-09-02T21:38:43.803+0000] {override.py:1829} INFO - Created Permission View: can delete on DAG:tutorial_dag
[2024-09-02T21:38:43.806+0000] {logging_mixin.py:188} INFO - [2024-09-02T21:38:43.806+0000] {dag.py:3096} INFO - Sync 1 DAGs
[2024-09-02T21:38:43.841+0000] {logging_mixin.py:188} INFO - [2024-09-02T21:38:43.840+0000] {dag.py:3118} INFO - Creating ORM DAG for tutorial_dag
[2024-09-02T21:38:43.844+0000] {logging_mixin.py:188} INFO - [2024-09-02T21:38:43.844+0000] {dag.py:3954} INFO - Setting next_dagrun for tutorial_dag to None, run_after=None
[2024-09-02T21:38:43.895+0000] {processor.py:183} INFO - Processing /home/airflow/.local/lib/python3.12/site-packages/airflow/example_dags/tutorial_dag.py took 0.537 seconds
[2024-09-02T21:39:14.232+0000] {processor.py:161} INFO - Started process (PID=158) to work on /home/airflow/.local/lib/python3.12/site-packages/airflow/example_dags/tutorial_dag.py
[2024-09-02T21:39:14.233+0000] {processor.py:830} INFO - Processing file /home/airflow/.local/lib/python3.12/site-packages/airflow/example_dags/tutorial_dag.py for tasks to queue
[2024-09-02T21:39:14.235+0000] {logging_mixin.py:188} INFO - [2024-09-02T21:39:14.234+0000] {dagbag.py:545} INFO - Filling up the DagBag from /home/airflow/.local/lib/python3.12/site-packages/airflow/example_dags/tutorial_dag.py
[2024-09-02T21:39:14.240+0000] {processor.py:840} INFO - DAG(s) 'tutorial_dag' retrieved from /home/airflow/.local/lib/python3.12/site-packages/airflow/example_dags/tutorial_dag.py
[2024-09-02T21:39:14.272+0000] {logging_mixin.py:188} INFO - [2024-09-02T21:39:14.271+0000] {dag.py:3096} INFO - Sync 1 DAGs
[2024-09-02T21:39:14.288+0000] {logging_mixin.py:188} INFO - [2024-09-02T21:39:14.287+0000] {dag.py:3954} INFO - Setting next_dagrun for tutorial_dag to None, run_after=None
[2024-09-02T21:39:14.308+0000] {processor.py:183} INFO - Processing /home/airflow/.local/lib/python3.12/site-packages/airflow/example_dags/tutorial_dag.py took 0.083 seconds
[2024-09-02T21:39:44.491+0000] {processor.py:161} INFO - Started process (PID=218) to work on /home/airflow/.local/lib/python3.12/site-packages/airflow/example_dags/tutorial_dag.py
[2024-09-02T21:39:44.493+0000] {processor.py:830} INFO - Processing file /home/airflow/.local/lib/python3.12/site-packages/airflow/example_dags/tutorial_dag.py for tasks to queue
[2024-09-02T21:39:44.498+0000] {logging_mixin.py:188} INFO - [2024-09-02T21:39:44.497+0000] {dagbag.py:545} INFO - Filling up the DagBag from /home/airflow/.local/lib/python3.12/site-packages/airflow/example_dags/tutorial_dag.py
[2024-09-02T21:39:44.509+0000] {processor.py:840} INFO - DAG(s) 'tutorial_dag' retrieved from /home/airflow/.local/lib/python3.12/site-packages/airflow/example_dags/tutorial_dag.py
[2024-09-02T21:39:44.550+0000] {logging_mixin.py:188} INFO - [2024-09-02T21:39:44.550+0000] {dag.py:3096} INFO - Sync 1 DAGs
[2024-09-02T21:39:44.570+0000] {logging_mixin.py:188} INFO - [2024-09-02T21:39:44.570+0000] {dag.py:3954} INFO - Setting next_dagrun for tutorial_dag to None, run_after=None
[2024-09-02T21:39:44.619+0000] {processor.py:183} INFO - Processing /home/airflow/.local/lib/python3.12/site-packages/airflow/example_dags/tutorial_dag.py took 0.142 seconds
[2024-09-02T21:40:14.884+0000] {processor.py:161} INFO - Started process (PID=278) to work on /home/airflow/.local/lib/python3.12/site-packages/airflow/example_dags/tutorial_dag.py
[2024-09-02T21:40:14.885+0000] {processor.py:830} INFO - Processing file /home/airflow/.local/lib/python3.12/site-packages/airflow/example_dags/tutorial_dag.py for tasks to queue
[2024-09-02T21:40:14.887+0000] {logging_mixin.py:188} INFO - [2024-09-02T21:40:14.887+0000] {dagbag.py:545} INFO - Filling up the DagBag from /home/airflow/.local/lib/python3.12/site-packages/airflow/example_dags/tutorial_dag.py
[2024-09-02T21:40:14.893+0000] {processor.py:840} INFO - DAG(s) 'tutorial_dag' retrieved from /home/airflow/.local/lib/python3.12/site-packages/airflow/example_dags/tutorial_dag.py
[2024-09-02T21:40:14.912+0000] {logging_mixin.py:188} INFO - [2024-09-02T21:40:14.911+0000] {dag.py:3096} INFO - Sync 1 DAGs
[2024-09-02T21:40:14.924+0000] {logging_mixin.py:188} INFO - [2024-09-02T21:40:14.924+0000] {dag.py:3954} INFO - Setting next_dagrun for tutorial_dag to None, run_after=None
[2024-09-02T21:40:14.944+0000] {processor.py:183} INFO - Processing /home/airflow/.local/lib/python3.12/site-packages/airflow/example_dags/tutorial_dag.py took 0.067 seconds
[2024-09-02T21:40:45.276+0000] {processor.py:161} INFO - Started process (PID=338) to work on /home/airflow/.local/lib/python3.12/site-packages/airflow/example_dags/tutorial_dag.py
[2024-09-02T21:40:45.277+0000] {processor.py:830} INFO - Processing file /home/airflow/.local/lib/python3.12/site-packages/airflow/example_dags/tutorial_dag.py for tasks to queue
[2024-09-02T21:40:45.280+0000] {logging_mixin.py:188} INFO - [2024-09-02T21:40:45.279+0000] {dagbag.py:545} INFO - Filling up the DagBag from /home/airflow/.local/lib/python3.12/site-packages/airflow/example_dags/tutorial_dag.py
[2024-09-02T21:40:45.286+0000] {processor.py:840} INFO - DAG(s) 'tutorial_dag' retrieved from /home/airflow/.local/lib/python3.12/site-packages/airflow/example_dags/tutorial_dag.py
[2024-09-02T21:40:45.309+0000] {logging_mixin.py:188} INFO - [2024-09-02T21:40:45.309+0000] {dag.py:3096} INFO - Sync 1 DAGs
[2024-09-02T21:40:45.325+0000] {logging_mixin.py:188} INFO - [2024-09-02T21:40:45.325+0000] {dag.py:3954} INFO - Setting next_dagrun for tutorial_dag to None, run_after=None
[2024-09-02T21:40:45.351+0000] {processor.py:183} INFO - Processing /home/airflow/.local/lib/python3.12/site-packages/airflow/example_dags/tutorial_dag.py took 0.081 seconds
[2024-09-02T21:44:35.234+0000] {processor.py:161} INFO - Started process (PID=92) to work on /home/airflow/.local/lib/python3.12/site-packages/airflow/example_dags/tutorial_dag.py
[2024-09-02T21:44:35.237+0000] {processor.py:830} INFO - Processing file /home/airflow/.local/lib/python3.12/site-packages/airflow/example_dags/tutorial_dag.py for tasks to queue
[2024-09-02T21:44:35.242+0000] {logging_mixin.py:188} INFO - [2024-09-02T21:44:35.241+0000] {dagbag.py:545} INFO - Filling up the DagBag from /home/airflow/.local/lib/python3.12/site-packages/airflow/example_dags/tutorial_dag.py
[2024-09-02T21:44:35.267+0000] {processor.py:840} INFO - DAG(s) 'tutorial_dag' retrieved from /home/airflow/.local/lib/python3.12/site-packages/airflow/example_dags/tutorial_dag.py
[2024-09-02T21:44:35.579+0000] {logging_mixin.py:188} INFO - [2024-09-02T21:44:35.578+0000] {override.py:1829} INFO - Created Permission View: can read on DAG:tutorial_dag
[2024-09-02T21:44:35.601+0000] {logging_mixin.py:188} INFO - [2024-09-02T21:44:35.600+0000] {override.py:1829} INFO - Created Permission View: can delete on DAG:tutorial_dag
[2024-09-02T21:44:35.621+0000] {logging_mixin.py:188} INFO - [2024-09-02T21:44:35.620+0000] {override.py:1829} INFO - Created Permission View: can edit on DAG:tutorial_dag
[2024-09-02T21:44:35.622+0000] {logging_mixin.py:188} INFO - [2024-09-02T21:44:35.622+0000] {dag.py:3096} INFO - Sync 1 DAGs
[2024-09-02T21:44:35.650+0000] {logging_mixin.py:188} INFO - [2024-09-02T21:44:35.650+0000] {dag.py:3118} INFO - Creating ORM DAG for tutorial_dag
[2024-09-02T21:44:35.652+0000] {logging_mixin.py:188} INFO - [2024-09-02T21:44:35.652+0000] {dag.py:3954} INFO - Setting next_dagrun for tutorial_dag to None, run_after=None
[2024-09-02T21:44:35.682+0000] {processor.py:183} INFO - Processing /home/airflow/.local/lib/python3.12/site-packages/airflow/example_dags/tutorial_dag.py took 0.464 seconds
[2024-09-02T21:45:06.052+0000] {processor.py:161} INFO - Started process (PID=152) to work on /home/airflow/.local/lib/python3.12/site-packages/airflow/example_dags/tutorial_dag.py
[2024-09-02T21:45:06.053+0000] {processor.py:830} INFO - Processing file /home/airflow/.local/lib/python3.12/site-packages/airflow/example_dags/tutorial_dag.py for tasks to queue
[2024-09-02T21:45:06.057+0000] {logging_mixin.py:188} INFO - [2024-09-02T21:45:06.056+0000] {dagbag.py:545} INFO - Filling up the DagBag from /home/airflow/.local/lib/python3.12/site-packages/airflow/example_dags/tutorial_dag.py
[2024-09-02T21:45:06.065+0000] {processor.py:840} INFO - DAG(s) 'tutorial_dag' retrieved from /home/airflow/.local/lib/python3.12/site-packages/airflow/example_dags/tutorial_dag.py
[2024-09-02T21:45:06.092+0000] {logging_mixin.py:188} INFO - [2024-09-02T21:45:06.092+0000] {dag.py:3096} INFO - Sync 1 DAGs
[2024-09-02T21:45:06.110+0000] {logging_mixin.py:188} INFO - [2024-09-02T21:45:06.110+0000] {dag.py:3954} INFO - Setting next_dagrun for tutorial_dag to None, run_after=None
[2024-09-02T21:45:06.139+0000] {processor.py:183} INFO - Processing /home/airflow/.local/lib/python3.12/site-packages/airflow/example_dags/tutorial_dag.py took 0.096 seconds
[2024-09-02T21:45:36.745+0000] {processor.py:161} INFO - Started process (PID=212) to work on /home/airflow/.local/lib/python3.12/site-packages/airflow/example_dags/tutorial_dag.py
[2024-09-02T21:45:36.747+0000] {processor.py:830} INFO - Processing file /home/airflow/.local/lib/python3.12/site-packages/airflow/example_dags/tutorial_dag.py for tasks to queue
[2024-09-02T21:45:36.750+0000] {logging_mixin.py:188} INFO - [2024-09-02T21:45:36.750+0000] {dagbag.py:545} INFO - Filling up the DagBag from /home/airflow/.local/lib/python3.12/site-packages/airflow/example_dags/tutorial_dag.py
[2024-09-02T21:45:36.763+0000] {processor.py:840} INFO - DAG(s) 'tutorial_dag' retrieved from /home/airflow/.local/lib/python3.12/site-packages/airflow/example_dags/tutorial_dag.py
[2024-09-02T21:45:36.791+0000] {logging_mixin.py:188} INFO - [2024-09-02T21:45:36.790+0000] {dag.py:3096} INFO - Sync 1 DAGs
[2024-09-02T21:45:36.809+0000] {logging_mixin.py:188} INFO - [2024-09-02T21:45:36.809+0000] {dag.py:3954} INFO - Setting next_dagrun for tutorial_dag to None, run_after=None
[2024-09-02T21:45:36.834+0000] {processor.py:183} INFO - Processing /home/airflow/.local/lib/python3.12/site-packages/airflow/example_dags/tutorial_dag.py took 0.099 seconds
[2024-09-02T21:46:07.211+0000] {processor.py:161} INFO - Started process (PID=273) to work on /home/airflow/.local/lib/python3.12/site-packages/airflow/example_dags/tutorial_dag.py
[2024-09-02T21:46:07.212+0000] {processor.py:830} INFO - Processing file /home/airflow/.local/lib/python3.12/site-packages/airflow/example_dags/tutorial_dag.py for tasks to queue
[2024-09-02T21:46:07.213+0000] {logging_mixin.py:188} INFO - [2024-09-02T21:46:07.213+0000] {dagbag.py:545} INFO - Filling up the DagBag from /home/airflow/.local/lib/python3.12/site-packages/airflow/example_dags/tutorial_dag.py
[2024-09-02T21:46:07.219+0000] {processor.py:840} INFO - DAG(s) 'tutorial_dag' retrieved from /home/airflow/.local/lib/python3.12/site-packages/airflow/example_dags/tutorial_dag.py
[2024-09-02T21:46:07.243+0000] {logging_mixin.py:188} INFO - [2024-09-02T21:46:07.242+0000] {dag.py:3096} INFO - Sync 1 DAGs
[2024-09-02T21:46:07.264+0000] {logging_mixin.py:188} INFO - [2024-09-02T21:46:07.264+0000] {dag.py:3954} INFO - Setting next_dagrun for tutorial_dag to None, run_after=None
[2024-09-02T21:46:07.300+0000] {processor.py:183} INFO - Processing /home/airflow/.local/lib/python3.12/site-packages/airflow/example_dags/tutorial_dag.py took 0.097 seconds
[2024-09-02T21:46:38.232+0000] {processor.py:161} INFO - Started process (PID=333) to work on /home/airflow/.local/lib/python3.12/site-packages/airflow/example_dags/tutorial_dag.py
[2024-09-02T21:46:38.234+0000] {processor.py:830} INFO - Processing file /home/airflow/.local/lib/python3.12/site-packages/airflow/example_dags/tutorial_dag.py for tasks to queue
[2024-09-02T21:46:38.238+0000] {logging_mixin.py:188} INFO - [2024-09-02T21:46:38.237+0000] {dagbag.py:545} INFO - Filling up the DagBag from /home/airflow/.local/lib/python3.12/site-packages/airflow/example_dags/tutorial_dag.py
[2024-09-02T21:46:38.248+0000] {processor.py:840} INFO - DAG(s) 'tutorial_dag' retrieved from /home/airflow/.local/lib/python3.12/site-packages/airflow/example_dags/tutorial_dag.py
[2024-09-02T21:46:38.279+0000] {logging_mixin.py:188} INFO - [2024-09-02T21:46:38.279+0000] {dag.py:3096} INFO - Sync 1 DAGs
[2024-09-02T21:46:38.297+0000] {logging_mixin.py:188} INFO - [2024-09-02T21:46:38.297+0000] {dag.py:3954} INFO - Setting next_dagrun for tutorial_dag to None, run_after=None
[2024-09-02T21:46:38.329+0000] {processor.py:183} INFO - Processing /home/airflow/.local/lib/python3.12/site-packages/airflow/example_dags/tutorial_dag.py took 0.111 seconds
[2024-09-02T21:47:08.842+0000] {processor.py:161} INFO - Started process (PID=393) to work on /home/airflow/.local/lib/python3.12/site-packages/airflow/example_dags/tutorial_dag.py
[2024-09-02T21:47:08.843+0000] {processor.py:830} INFO - Processing file /home/airflow/.local/lib/python3.12/site-packages/airflow/example_dags/tutorial_dag.py for tasks to queue
[2024-09-02T21:47:08.846+0000] {logging_mixin.py:188} INFO - [2024-09-02T21:47:08.846+0000] {dagbag.py:545} INFO - Filling up the DagBag from /home/airflow/.local/lib/python3.12/site-packages/airflow/example_dags/tutorial_dag.py
[2024-09-02T21:47:08.853+0000] {processor.py:840} INFO - DAG(s) 'tutorial_dag' retrieved from /home/airflow/.local/lib/python3.12/site-packages/airflow/example_dags/tutorial_dag.py
[2024-09-02T21:47:08.884+0000] {logging_mixin.py:188} INFO - [2024-09-02T21:47:08.883+0000] {dag.py:3096} INFO - Sync 1 DAGs
[2024-09-02T21:47:08.901+0000] {logging_mixin.py:188} INFO - [2024-09-02T21:47:08.900+0000] {dag.py:3954} INFO - Setting next_dagrun for tutorial_dag to None, run_after=None
[2024-09-02T21:47:08.930+0000] {processor.py:183} INFO - Processing /home/airflow/.local/lib/python3.12/site-packages/airflow/example_dags/tutorial_dag.py took 0.098 seconds
[2024-09-02T21:47:39.733+0000] {processor.py:161} INFO - Started process (PID=453) to work on /home/airflow/.local/lib/python3.12/site-packages/airflow/example_dags/tutorial_dag.py
[2024-09-02T21:47:39.736+0000] {processor.py:830} INFO - Processing file /home/airflow/.local/lib/python3.12/site-packages/airflow/example_dags/tutorial_dag.py for tasks to queue
[2024-09-02T21:47:39.741+0000] {logging_mixin.py:188} INFO - [2024-09-02T21:47:39.740+0000] {dagbag.py:545} INFO - Filling up the DagBag from /home/airflow/.local/lib/python3.12/site-packages/airflow/example_dags/tutorial_dag.py
[2024-09-02T21:47:39.749+0000] {processor.py:840} INFO - DAG(s) 'tutorial_dag' retrieved from /home/airflow/.local/lib/python3.12/site-packages/airflow/example_dags/tutorial_dag.py
[2024-09-02T21:47:39.780+0000] {logging_mixin.py:188} INFO - [2024-09-02T21:47:39.779+0000] {dag.py:3096} INFO - Sync 1 DAGs
[2024-09-02T21:47:39.798+0000] {logging_mixin.py:188} INFO - [2024-09-02T21:47:39.798+0000] {dag.py:3954} INFO - Setting next_dagrun for tutorial_dag to None, run_after=None
[2024-09-02T21:47:39.829+0000] {processor.py:183} INFO - Processing /home/airflow/.local/lib/python3.12/site-packages/airflow/example_dags/tutorial_dag.py took 0.107 seconds
[2024-09-02T21:48:10.520+0000] {processor.py:161} INFO - Started process (PID=513) to work on /home/airflow/.local/lib/python3.12/site-packages/airflow/example_dags/tutorial_dag.py
[2024-09-02T21:48:10.522+0000] {processor.py:830} INFO - Processing file /home/airflow/.local/lib/python3.12/site-packages/airflow/example_dags/tutorial_dag.py for tasks to queue
[2024-09-02T21:48:10.527+0000] {logging_mixin.py:188} INFO - [2024-09-02T21:48:10.526+0000] {dagbag.py:545} INFO - Filling up the DagBag from /home/airflow/.local/lib/python3.12/site-packages/airflow/example_dags/tutorial_dag.py
[2024-09-02T21:48:10.539+0000] {processor.py:840} INFO - DAG(s) 'tutorial_dag' retrieved from /home/airflow/.local/lib/python3.12/site-packages/airflow/example_dags/tutorial_dag.py
[2024-09-02T21:48:10.574+0000] {logging_mixin.py:188} INFO - [2024-09-02T21:48:10.573+0000] {dag.py:3096} INFO - Sync 1 DAGs
[2024-09-02T21:48:10.597+0000] {logging_mixin.py:188} INFO - [2024-09-02T21:48:10.597+0000] {dag.py:3954} INFO - Setting next_dagrun for tutorial_dag to None, run_after=None
[2024-09-02T21:48:10.633+0000] {processor.py:183} INFO - Processing /home/airflow/.local/lib/python3.12/site-packages/airflow/example_dags/tutorial_dag.py took 0.125 seconds
[2024-09-02T21:48:40.795+0000] {processor.py:161} INFO - Started process (PID=573) to work on /home/airflow/.local/lib/python3.12/site-packages/airflow/example_dags/tutorial_dag.py
[2024-09-02T21:48:40.796+0000] {processor.py:830} INFO - Processing file /home/airflow/.local/lib/python3.12/site-packages/airflow/example_dags/tutorial_dag.py for tasks to queue
[2024-09-02T21:48:40.798+0000] {logging_mixin.py:188} INFO - [2024-09-02T21:48:40.798+0000] {dagbag.py:545} INFO - Filling up the DagBag from /home/airflow/.local/lib/python3.12/site-packages/airflow/example_dags/tutorial_dag.py
[2024-09-02T21:48:40.806+0000] {processor.py:840} INFO - DAG(s) 'tutorial_dag' retrieved from /home/airflow/.local/lib/python3.12/site-packages/airflow/example_dags/tutorial_dag.py
[2024-09-02T21:48:40.831+0000] {logging_mixin.py:188} INFO - [2024-09-02T21:48:40.831+0000] {dag.py:3096} INFO - Sync 1 DAGs
[2024-09-02T21:48:40.850+0000] {logging_mixin.py:188} INFO - [2024-09-02T21:48:40.850+0000] {dag.py:3954} INFO - Setting next_dagrun for tutorial_dag to None, run_after=None
[2024-09-02T21:48:40.873+0000] {processor.py:183} INFO - Processing /home/airflow/.local/lib/python3.12/site-packages/airflow/example_dags/tutorial_dag.py took 0.088 seconds
[2024-09-02T21:49:11.087+0000] {processor.py:161} INFO - Started process (PID=633) to work on /home/airflow/.local/lib/python3.12/site-packages/airflow/example_dags/tutorial_dag.py
[2024-09-02T21:49:11.089+0000] {processor.py:830} INFO - Processing file /home/airflow/.local/lib/python3.12/site-packages/airflow/example_dags/tutorial_dag.py for tasks to queue
[2024-09-02T21:49:11.091+0000] {logging_mixin.py:188} INFO - [2024-09-02T21:49:11.091+0000] {dagbag.py:545} INFO - Filling up the DagBag from /home/airflow/.local/lib/python3.12/site-packages/airflow/example_dags/tutorial_dag.py
[2024-09-02T21:49:11.097+0000] {processor.py:840} INFO - DAG(s) 'tutorial_dag' retrieved from /home/airflow/.local/lib/python3.12/site-packages/airflow/example_dags/tutorial_dag.py
[2024-09-02T21:49:11.121+0000] {logging_mixin.py:188} INFO - [2024-09-02T21:49:11.121+0000] {dag.py:3096} INFO - Sync 1 DAGs
[2024-09-02T21:49:11.138+0000] {logging_mixin.py:188} INFO - [2024-09-02T21:49:11.138+0000] {dag.py:3954} INFO - Setting next_dagrun for tutorial_dag to None, run_after=None
[2024-09-02T21:49:11.163+0000] {processor.py:183} INFO - Processing /home/airflow/.local/lib/python3.12/site-packages/airflow/example_dags/tutorial_dag.py took 0.083 seconds
[2024-09-02T21:49:41.508+0000] {processor.py:161} INFO - Started process (PID=693) to work on /home/airflow/.local/lib/python3.12/site-packages/airflow/example_dags/tutorial_dag.py
[2024-09-02T21:49:41.511+0000] {processor.py:830} INFO - Processing file /home/airflow/.local/lib/python3.12/site-packages/airflow/example_dags/tutorial_dag.py for tasks to queue
[2024-09-02T21:49:41.516+0000] {logging_mixin.py:188} INFO - [2024-09-02T21:49:41.515+0000] {dagbag.py:545} INFO - Filling up the DagBag from /home/airflow/.local/lib/python3.12/site-packages/airflow/example_dags/tutorial_dag.py
[2024-09-02T21:49:41.529+0000] {processor.py:840} INFO - DAG(s) 'tutorial_dag' retrieved from /home/airflow/.local/lib/python3.12/site-packages/airflow/example_dags/tutorial_dag.py
[2024-09-02T21:49:41.594+0000] {logging_mixin.py:188} INFO - [2024-09-02T21:49:41.594+0000] {dag.py:3096} INFO - Sync 1 DAGs
[2024-09-02T21:49:41.617+0000] {logging_mixin.py:188} INFO - [2024-09-02T21:49:41.616+0000] {dag.py:3954} INFO - Setting next_dagrun for tutorial_dag to None, run_after=None
[2024-09-02T21:49:41.644+0000] {processor.py:183} INFO - Processing /home/airflow/.local/lib/python3.12/site-packages/airflow/example_dags/tutorial_dag.py took 0.150 seconds
[2024-09-02T21:50:12.229+0000] {processor.py:161} INFO - Started process (PID=753) to work on /home/airflow/.local/lib/python3.12/site-packages/airflow/example_dags/tutorial_dag.py
[2024-09-02T21:50:12.230+0000] {processor.py:830} INFO - Processing file /home/airflow/.local/lib/python3.12/site-packages/airflow/example_dags/tutorial_dag.py for tasks to queue
[2024-09-02T21:50:12.232+0000] {logging_mixin.py:188} INFO - [2024-09-02T21:50:12.232+0000] {dagbag.py:545} INFO - Filling up the DagBag from /home/airflow/.local/lib/python3.12/site-packages/airflow/example_dags/tutorial_dag.py
[2024-09-02T21:50:12.238+0000] {processor.py:840} INFO - DAG(s) 'tutorial_dag' retrieved from /home/airflow/.local/lib/python3.12/site-packages/airflow/example_dags/tutorial_dag.py
[2024-09-02T21:50:12.262+0000] {logging_mixin.py:188} INFO - [2024-09-02T21:50:12.262+0000] {dag.py:3096} INFO - Sync 1 DAGs
[2024-09-02T21:50:12.277+0000] {logging_mixin.py:188} INFO - [2024-09-02T21:50:12.277+0000] {dag.py:3954} INFO - Setting next_dagrun for tutorial_dag to None, run_after=None
[2024-09-02T21:50:12.300+0000] {processor.py:183} INFO - Processing /home/airflow/.local/lib/python3.12/site-packages/airflow/example_dags/tutorial_dag.py took 0.077 seconds
[2024-09-02T21:50:42.507+0000] {processor.py:161} INFO - Started process (PID=812) to work on /home/airflow/.local/lib/python3.12/site-packages/airflow/example_dags/tutorial_dag.py
[2024-09-02T21:50:42.509+0000] {processor.py:830} INFO - Processing file /home/airflow/.local/lib/python3.12/site-packages/airflow/example_dags/tutorial_dag.py for tasks to queue
[2024-09-02T21:50:42.511+0000] {logging_mixin.py:188} INFO - [2024-09-02T21:50:42.511+0000] {dagbag.py:545} INFO - Filling up the DagBag from /home/airflow/.local/lib/python3.12/site-packages/airflow/example_dags/tutorial_dag.py
[2024-09-02T21:50:42.517+0000] {processor.py:840} INFO - DAG(s) 'tutorial_dag' retrieved from /home/airflow/.local/lib/python3.12/site-packages/airflow/example_dags/tutorial_dag.py
[2024-09-02T21:50:42.544+0000] {logging_mixin.py:188} INFO - [2024-09-02T21:50:42.544+0000] {dag.py:3096} INFO - Sync 1 DAGs
[2024-09-02T21:50:42.561+0000] {logging_mixin.py:188} INFO - [2024-09-02T21:50:42.561+0000] {dag.py:3954} INFO - Setting next_dagrun for tutorial_dag to None, run_after=None
[2024-09-02T21:50:42.584+0000] {processor.py:183} INFO - Processing /home/airflow/.local/lib/python3.12/site-packages/airflow/example_dags/tutorial_dag.py took 0.084 seconds
[2024-09-02T21:51:13.885+0000] {processor.py:161} INFO - Started process (PID=873) to work on /home/airflow/.local/lib/python3.12/site-packages/airflow/example_dags/tutorial_dag.py
[2024-09-02T21:51:13.887+0000] {processor.py:830} INFO - Processing file /home/airflow/.local/lib/python3.12/site-packages/airflow/example_dags/tutorial_dag.py for tasks to queue
[2024-09-02T21:51:13.892+0000] {logging_mixin.py:188} INFO - [2024-09-02T21:51:13.891+0000] {dagbag.py:545} INFO - Filling up the DagBag from /home/airflow/.local/lib/python3.12/site-packages/airflow/example_dags/tutorial_dag.py
[2024-09-02T21:51:13.912+0000] {processor.py:840} INFO - DAG(s) 'tutorial_dag' retrieved from /home/airflow/.local/lib/python3.12/site-packages/airflow/example_dags/tutorial_dag.py
[2024-09-02T21:51:13.957+0000] {logging_mixin.py:188} INFO - [2024-09-02T21:51:13.956+0000] {dag.py:3096} INFO - Sync 1 DAGs
[2024-09-02T21:51:13.989+0000] {logging_mixin.py:188} INFO - [2024-09-02T21:51:13.988+0000] {dag.py:3954} INFO - Setting next_dagrun for tutorial_dag to None, run_after=None
[2024-09-02T21:51:14.026+0000] {processor.py:183} INFO - Processing /home/airflow/.local/lib/python3.12/site-packages/airflow/example_dags/tutorial_dag.py took 0.157 seconds
[2024-09-02T21:51:44.860+0000] {processor.py:161} INFO - Started process (PID=933) to work on /home/airflow/.local/lib/python3.12/site-packages/airflow/example_dags/tutorial_dag.py
[2024-09-02T21:51:44.861+0000] {processor.py:830} INFO - Processing file /home/airflow/.local/lib/python3.12/site-packages/airflow/example_dags/tutorial_dag.py for tasks to queue
[2024-09-02T21:51:44.863+0000] {logging_mixin.py:188} INFO - [2024-09-02T21:51:44.863+0000] {dagbag.py:545} INFO - Filling up the DagBag from /home/airflow/.local/lib/python3.12/site-packages/airflow/example_dags/tutorial_dag.py
[2024-09-02T21:51:44.870+0000] {processor.py:840} INFO - DAG(s) 'tutorial_dag' retrieved from /home/airflow/.local/lib/python3.12/site-packages/airflow/example_dags/tutorial_dag.py
[2024-09-02T21:51:44.893+0000] {logging_mixin.py:188} INFO - [2024-09-02T21:51:44.893+0000] {dag.py:3096} INFO - Sync 1 DAGs
[2024-09-02T21:51:44.909+0000] {logging_mixin.py:188} INFO - [2024-09-02T21:51:44.909+0000] {dag.py:3954} INFO - Setting next_dagrun for tutorial_dag to None, run_after=None
[2024-09-02T21:51:44.937+0000] {processor.py:183} INFO - Processing /home/airflow/.local/lib/python3.12/site-packages/airflow/example_dags/tutorial_dag.py took 0.084 seconds
[2024-09-02T21:52:15.814+0000] {processor.py:161} INFO - Started process (PID=993) to work on /home/airflow/.local/lib/python3.12/site-packages/airflow/example_dags/tutorial_dag.py
[2024-09-02T21:52:15.817+0000] {processor.py:830} INFO - Processing file /home/airflow/.local/lib/python3.12/site-packages/airflow/example_dags/tutorial_dag.py for tasks to queue
[2024-09-02T21:52:15.823+0000] {logging_mixin.py:188} INFO - [2024-09-02T21:52:15.823+0000] {dagbag.py:545} INFO - Filling up the DagBag from /home/airflow/.local/lib/python3.12/site-packages/airflow/example_dags/tutorial_dag.py
[2024-09-02T21:52:15.835+0000] {processor.py:840} INFO - DAG(s) 'tutorial_dag' retrieved from /home/airflow/.local/lib/python3.12/site-packages/airflow/example_dags/tutorial_dag.py
[2024-09-02T21:52:15.882+0000] {logging_mixin.py:188} INFO - [2024-09-02T21:52:15.881+0000] {dag.py:3096} INFO - Sync 1 DAGs
[2024-09-02T21:52:15.904+0000] {logging_mixin.py:188} INFO - [2024-09-02T21:52:15.903+0000] {dag.py:3954} INFO - Setting next_dagrun for tutorial_dag to None, run_after=None
[2024-09-02T21:52:15.941+0000] {processor.py:183} INFO - Processing /home/airflow/.local/lib/python3.12/site-packages/airflow/example_dags/tutorial_dag.py took 0.133 seconds
[2024-09-02T21:52:46.052+0000] {processor.py:161} INFO - Started process (PID=1053) to work on /home/airflow/.local/lib/python3.12/site-packages/airflow/example_dags/tutorial_dag.py
[2024-09-02T21:52:46.052+0000] {processor.py:830} INFO - Processing file /home/airflow/.local/lib/python3.12/site-packages/airflow/example_dags/tutorial_dag.py for tasks to queue
[2024-09-02T21:52:46.054+0000] {logging_mixin.py:188} INFO - [2024-09-02T21:52:46.054+0000] {dagbag.py:545} INFO - Filling up the DagBag from /home/airflow/.local/lib/python3.12/site-packages/airflow/example_dags/tutorial_dag.py
[2024-09-02T21:52:46.060+0000] {processor.py:840} INFO - DAG(s) 'tutorial_dag' retrieved from /home/airflow/.local/lib/python3.12/site-packages/airflow/example_dags/tutorial_dag.py
[2024-09-02T21:52:46.084+0000] {logging_mixin.py:188} INFO - [2024-09-02T21:52:46.084+0000] {dag.py:3096} INFO - Sync 1 DAGs
[2024-09-02T21:52:46.099+0000] {logging_mixin.py:188} INFO - [2024-09-02T21:52:46.099+0000] {dag.py:3954} INFO - Setting next_dagrun for tutorial_dag to None, run_after=None
[2024-09-02T21:52:46.121+0000] {processor.py:183} INFO - Processing /home/airflow/.local/lib/python3.12/site-packages/airflow/example_dags/tutorial_dag.py took 0.075 seconds
[2024-09-02T21:53:16.702+0000] {processor.py:161} INFO - Started process (PID=1112) to work on /home/airflow/.local/lib/python3.12/site-packages/airflow/example_dags/tutorial_dag.py
[2024-09-02T21:53:16.704+0000] {processor.py:830} INFO - Processing file /home/airflow/.local/lib/python3.12/site-packages/airflow/example_dags/tutorial_dag.py for tasks to queue
[2024-09-02T21:53:16.709+0000] {logging_mixin.py:188} INFO - [2024-09-02T21:53:16.708+0000] {dagbag.py:545} INFO - Filling up the DagBag from /home/airflow/.local/lib/python3.12/site-packages/airflow/example_dags/tutorial_dag.py
[2024-09-02T21:53:16.734+0000] {processor.py:840} INFO - DAG(s) 'tutorial_dag' retrieved from /home/airflow/.local/lib/python3.12/site-packages/airflow/example_dags/tutorial_dag.py
[2024-09-02T21:53:16.773+0000] {logging_mixin.py:188} INFO - [2024-09-02T21:53:16.773+0000] {dag.py:3096} INFO - Sync 1 DAGs
[2024-09-02T21:53:16.787+0000] {logging_mixin.py:188} INFO - [2024-09-02T21:53:16.787+0000] {dag.py:3954} INFO - Setting next_dagrun for tutorial_dag to None, run_after=None
[2024-09-02T21:53:16.808+0000] {processor.py:183} INFO - Processing /home/airflow/.local/lib/python3.12/site-packages/airflow/example_dags/tutorial_dag.py took 0.116 seconds
[2024-09-02T21:53:47.647+0000] {processor.py:161} INFO - Started process (PID=1179) to work on /home/airflow/.local/lib/python3.12/site-packages/airflow/example_dags/tutorial_dag.py
[2024-09-02T21:53:47.648+0000] {processor.py:830} INFO - Processing file /home/airflow/.local/lib/python3.12/site-packages/airflow/example_dags/tutorial_dag.py for tasks to queue
[2024-09-02T21:53:47.651+0000] {logging_mixin.py:188} INFO - [2024-09-02T21:53:47.650+0000] {dagbag.py:545} INFO - Filling up the DagBag from /home/airflow/.local/lib/python3.12/site-packages/airflow/example_dags/tutorial_dag.py
[2024-09-02T21:53:47.658+0000] {processor.py:840} INFO - DAG(s) 'tutorial_dag' retrieved from /home/airflow/.local/lib/python3.12/site-packages/airflow/example_dags/tutorial_dag.py
[2024-09-02T21:53:47.684+0000] {logging_mixin.py:188} INFO - [2024-09-02T21:53:47.684+0000] {dag.py:3096} INFO - Sync 1 DAGs
[2024-09-02T21:53:47.701+0000] {logging_mixin.py:188} INFO - [2024-09-02T21:53:47.700+0000] {dag.py:3954} INFO - Setting next_dagrun for tutorial_dag to None, run_after=None
[2024-09-02T21:53:47.728+0000] {processor.py:183} INFO - Processing /home/airflow/.local/lib/python3.12/site-packages/airflow/example_dags/tutorial_dag.py took 0.090 seconds
[2024-09-02T21:54:18.048+0000] {processor.py:161} INFO - Started process (PID=1239) to work on /home/airflow/.local/lib/python3.12/site-packages/airflow/example_dags/tutorial_dag.py
[2024-09-02T21:54:18.050+0000] {processor.py:830} INFO - Processing file /home/airflow/.local/lib/python3.12/site-packages/airflow/example_dags/tutorial_dag.py for tasks to queue
[2024-09-02T21:54:18.055+0000] {logging_mixin.py:188} INFO - [2024-09-02T21:54:18.054+0000] {dagbag.py:545} INFO - Filling up the DagBag from /home/airflow/.local/lib/python3.12/site-packages/airflow/example_dags/tutorial_dag.py
[2024-09-02T21:54:18.070+0000] {processor.py:840} INFO - DAG(s) 'tutorial_dag' retrieved from /home/airflow/.local/lib/python3.12/site-packages/airflow/example_dags/tutorial_dag.py
[2024-09-02T21:54:18.135+0000] {logging_mixin.py:188} INFO - [2024-09-02T21:54:18.135+0000] {dag.py:3096} INFO - Sync 1 DAGs
[2024-09-02T21:54:18.169+0000] {logging_mixin.py:188} INFO - [2024-09-02T21:54:18.169+0000] {dag.py:3954} INFO - Setting next_dagrun for tutorial_dag to None, run_after=None
[2024-09-02T21:54:18.238+0000] {processor.py:183} INFO - Processing /home/airflow/.local/lib/python3.12/site-packages/airflow/example_dags/tutorial_dag.py took 0.209 seconds
[2024-09-02T21:54:48.640+0000] {processor.py:161} INFO - Started process (PID=1299) to work on /home/airflow/.local/lib/python3.12/site-packages/airflow/example_dags/tutorial_dag.py
[2024-09-02T21:54:48.641+0000] {processor.py:830} INFO - Processing file /home/airflow/.local/lib/python3.12/site-packages/airflow/example_dags/tutorial_dag.py for tasks to queue
[2024-09-02T21:54:48.643+0000] {logging_mixin.py:188} INFO - [2024-09-02T21:54:48.643+0000] {dagbag.py:545} INFO - Filling up the DagBag from /home/airflow/.local/lib/python3.12/site-packages/airflow/example_dags/tutorial_dag.py
[2024-09-02T21:54:48.650+0000] {processor.py:840} INFO - DAG(s) 'tutorial_dag' retrieved from /home/airflow/.local/lib/python3.12/site-packages/airflow/example_dags/tutorial_dag.py
[2024-09-02T21:54:48.672+0000] {logging_mixin.py:188} INFO - [2024-09-02T21:54:48.672+0000] {dag.py:3096} INFO - Sync 1 DAGs
[2024-09-02T21:54:48.686+0000] {logging_mixin.py:188} INFO - [2024-09-02T21:54:48.686+0000] {dag.py:3954} INFO - Setting next_dagrun for tutorial_dag to None, run_after=None
[2024-09-02T21:54:48.708+0000] {processor.py:183} INFO - Processing /home/airflow/.local/lib/python3.12/site-packages/airflow/example_dags/tutorial_dag.py took 0.075 seconds
[2024-09-02T21:55:19.433+0000] {processor.py:161} INFO - Started process (PID=1363) to work on /home/airflow/.local/lib/python3.12/site-packages/airflow/example_dags/tutorial_dag.py
[2024-09-02T21:55:19.435+0000] {processor.py:830} INFO - Processing file /home/airflow/.local/lib/python3.12/site-packages/airflow/example_dags/tutorial_dag.py for tasks to queue
[2024-09-02T21:55:19.437+0000] {logging_mixin.py:188} INFO - [2024-09-02T21:55:19.437+0000] {dagbag.py:545} INFO - Filling up the DagBag from /home/airflow/.local/lib/python3.12/site-packages/airflow/example_dags/tutorial_dag.py
[2024-09-02T21:55:19.444+0000] {processor.py:840} INFO - DAG(s) 'tutorial_dag' retrieved from /home/airflow/.local/lib/python3.12/site-packages/airflow/example_dags/tutorial_dag.py
[2024-09-02T21:55:19.469+0000] {logging_mixin.py:188} INFO - [2024-09-02T21:55:19.469+0000] {dag.py:3096} INFO - Sync 1 DAGs
[2024-09-02T21:55:19.486+0000] {logging_mixin.py:188} INFO - [2024-09-02T21:55:19.486+0000] {dag.py:3954} INFO - Setting next_dagrun for tutorial_dag to None, run_after=None
[2024-09-02T21:55:19.514+0000] {processor.py:183} INFO - Processing /home/airflow/.local/lib/python3.12/site-packages/airflow/example_dags/tutorial_dag.py took 0.089 seconds
[2024-09-02T21:55:49.991+0000] {processor.py:161} INFO - Started process (PID=1426) to work on /home/airflow/.local/lib/python3.12/site-packages/airflow/example_dags/tutorial_dag.py
[2024-09-02T21:55:49.992+0000] {processor.py:830} INFO - Processing file /home/airflow/.local/lib/python3.12/site-packages/airflow/example_dags/tutorial_dag.py for tasks to queue
[2024-09-02T21:55:49.995+0000] {logging_mixin.py:188} INFO - [2024-09-02T21:55:49.994+0000] {dagbag.py:545} INFO - Filling up the DagBag from /home/airflow/.local/lib/python3.12/site-packages/airflow/example_dags/tutorial_dag.py
[2024-09-02T21:55:50.002+0000] {processor.py:840} INFO - DAG(s) 'tutorial_dag' retrieved from /home/airflow/.local/lib/python3.12/site-packages/airflow/example_dags/tutorial_dag.py
[2024-09-02T21:55:50.029+0000] {logging_mixin.py:188} INFO - [2024-09-02T21:55:50.029+0000] {dag.py:3096} INFO - Sync 1 DAGs
[2024-09-02T21:55:50.047+0000] {logging_mixin.py:188} INFO - [2024-09-02T21:55:50.047+0000] {dag.py:3954} INFO - Setting next_dagrun for tutorial_dag to None, run_after=None
[2024-09-02T21:55:50.076+0000] {processor.py:183} INFO - Processing /home/airflow/.local/lib/python3.12/site-packages/airflow/example_dags/tutorial_dag.py took 0.093 seconds
