[2024-09-02T21:35:01.246+0000] {processor.py:161} INFO - Started process (PID=85) to work on /home/airflow/.local/lib/python3.12/site-packages/airflow/example_dags/tutorial_objectstorage.py
[2024-09-02T21:35:01.255+0000] {processor.py:830} INFO - Processing file /home/airflow/.local/lib/python3.12/site-packages/airflow/example_dags/tutorial_objectstorage.py for tasks to queue
[2024-09-02T21:35:01.268+0000] {logging_mixin.py:188} INFO - [2024-09-02T21:35:01.265+0000] {dagbag.py:545} INFO - Filling up the DagBag from /home/airflow/.local/lib/python3.12/site-packages/airflow/example_dags/tutorial_objectstorage.py
[2024-09-02T21:35:01.331+0000] {processor.py:840} INFO - DAG(s) 'tutorial_objectstorage' retrieved from /home/airflow/.local/lib/python3.12/site-packages/airflow/example_dags/tutorial_objectstorage.py
[2024-09-02T21:35:01.909+0000] {logging_mixin.py:188} INFO - [2024-09-02T21:35:01.906+0000] {override.py:1829} INFO - Created Permission View: can edit on DAG:tutorial_objectstorage
[2024-09-02T21:35:01.949+0000] {logging_mixin.py:188} INFO - [2024-09-02T21:35:01.948+0000] {override.py:1829} INFO - Created Permission View: can delete on DAG:tutorial_objectstorage
[2024-09-02T21:35:01.979+0000] {logging_mixin.py:188} INFO - [2024-09-02T21:35:01.978+0000] {override.py:1829} INFO - Created Permission View: can read on DAG:tutorial_objectstorage
[2024-09-02T21:35:01.982+0000] {logging_mixin.py:188} INFO - [2024-09-02T21:35:01.981+0000] {dag.py:3096} INFO - Sync 1 DAGs
[2024-09-02T21:35:02.049+0000] {logging_mixin.py:188} INFO - [2024-09-02T21:35:02.048+0000] {dag.py:3118} INFO - Creating ORM DAG for tutorial_objectstorage
[2024-09-02T21:35:02.056+0000] {logging_mixin.py:188} INFO - [2024-09-02T21:35:02.055+0000] {dag.py:3954} INFO - Setting next_dagrun for tutorial_objectstorage to None, run_after=None
[2024-09-02T21:35:02.157+0000] {processor.py:183} INFO - Processing /home/airflow/.local/lib/python3.12/site-packages/airflow/example_dags/tutorial_objectstorage.py took 0.935 seconds
[2024-09-02T21:35:35.454+0000] {processor.py:161} INFO - Started process (PID=144) to work on /home/airflow/.local/lib/python3.12/site-packages/airflow/example_dags/tutorial_objectstorage.py
[2024-09-02T21:35:35.459+0000] {processor.py:830} INFO - Processing file /home/airflow/.local/lib/python3.12/site-packages/airflow/example_dags/tutorial_objectstorage.py for tasks to queue
[2024-09-02T21:35:35.470+0000] {logging_mixin.py:188} INFO - [2024-09-02T21:35:35.469+0000] {dagbag.py:545} INFO - Filling up the DagBag from /home/airflow/.local/lib/python3.12/site-packages/airflow/example_dags/tutorial_objectstorage.py
[2024-09-02T21:35:35.506+0000] {processor.py:840} INFO - DAG(s) 'tutorial_objectstorage' retrieved from /home/airflow/.local/lib/python3.12/site-packages/airflow/example_dags/tutorial_objectstorage.py
[2024-09-02T21:35:35.572+0000] {logging_mixin.py:188} INFO - [2024-09-02T21:35:35.571+0000] {dag.py:3096} INFO - Sync 1 DAGs
[2024-09-02T21:35:35.621+0000] {logging_mixin.py:188} INFO - [2024-09-02T21:35:35.620+0000] {dag.py:3954} INFO - Setting next_dagrun for tutorial_objectstorage to None, run_after=None
[2024-09-02T21:35:35.718+0000] {processor.py:183} INFO - Processing /home/airflow/.local/lib/python3.12/site-packages/airflow/example_dags/tutorial_objectstorage.py took 0.295 seconds
[2024-09-02T21:36:06.114+0000] {processor.py:161} INFO - Started process (PID=202) to work on /home/airflow/.local/lib/python3.12/site-packages/airflow/example_dags/tutorial_objectstorage.py
[2024-09-02T21:36:06.118+0000] {processor.py:830} INFO - Processing file /home/airflow/.local/lib/python3.12/site-packages/airflow/example_dags/tutorial_objectstorage.py for tasks to queue
[2024-09-02T21:36:06.127+0000] {logging_mixin.py:188} INFO - [2024-09-02T21:36:06.124+0000] {dagbag.py:545} INFO - Filling up the DagBag from /home/airflow/.local/lib/python3.12/site-packages/airflow/example_dags/tutorial_objectstorage.py
[2024-09-02T21:36:06.177+0000] {processor.py:840} INFO - DAG(s) 'tutorial_objectstorage' retrieved from /home/airflow/.local/lib/python3.12/site-packages/airflow/example_dags/tutorial_objectstorage.py
[2024-09-02T21:36:06.288+0000] {logging_mixin.py:188} INFO - [2024-09-02T21:36:06.287+0000] {dag.py:3096} INFO - Sync 1 DAGs
[2024-09-02T21:36:06.371+0000] {logging_mixin.py:188} INFO - [2024-09-02T21:36:06.370+0000] {dag.py:3954} INFO - Setting next_dagrun for tutorial_objectstorage to None, run_after=None
[2024-09-02T21:36:06.581+0000] {processor.py:183} INFO - Processing /home/airflow/.local/lib/python3.12/site-packages/airflow/example_dags/tutorial_objectstorage.py took 0.500 seconds
[2024-09-02T21:38:36.250+0000] {processor.py:161} INFO - Started process (PID=76) to work on /home/airflow/.local/lib/python3.12/site-packages/airflow/example_dags/tutorial_objectstorage.py
[2024-09-02T21:38:36.254+0000] {processor.py:830} INFO - Processing file /home/airflow/.local/lib/python3.12/site-packages/airflow/example_dags/tutorial_objectstorage.py for tasks to queue
[2024-09-02T21:38:36.261+0000] {logging_mixin.py:188} INFO - [2024-09-02T21:38:36.260+0000] {dagbag.py:545} INFO - Filling up the DagBag from /home/airflow/.local/lib/python3.12/site-packages/airflow/example_dags/tutorial_objectstorage.py
[2024-09-02T21:38:36.289+0000] {processor.py:840} INFO - DAG(s) 'tutorial_objectstorage' retrieved from /home/airflow/.local/lib/python3.12/site-packages/airflow/example_dags/tutorial_objectstorage.py
[2024-09-02T21:38:36.580+0000] {logging_mixin.py:188} INFO - [2024-09-02T21:38:36.579+0000] {override.py:1829} INFO - Created Permission View: can edit on DAG:tutorial_objectstorage
[2024-09-02T21:38:36.601+0000] {logging_mixin.py:188} INFO - [2024-09-02T21:38:36.601+0000] {override.py:1829} INFO - Created Permission View: can read on DAG:tutorial_objectstorage
[2024-09-02T21:38:36.613+0000] {logging_mixin.py:188} INFO - [2024-09-02T21:38:36.612+0000] {override.py:1829} INFO - Created Permission View: can delete on DAG:tutorial_objectstorage
[2024-09-02T21:38:36.614+0000] {logging_mixin.py:188} INFO - [2024-09-02T21:38:36.614+0000] {dag.py:3096} INFO - Sync 1 DAGs
[2024-09-02T21:38:36.644+0000] {logging_mixin.py:188} INFO - [2024-09-02T21:38:36.644+0000] {dag.py:3118} INFO - Creating ORM DAG for tutorial_objectstorage
[2024-09-02T21:38:36.647+0000] {logging_mixin.py:188} INFO - [2024-09-02T21:38:36.646+0000] {dag.py:3954} INFO - Setting next_dagrun for tutorial_objectstorage to None, run_after=None
[2024-09-02T21:38:36.684+0000] {processor.py:183} INFO - Processing /home/airflow/.local/lib/python3.12/site-packages/airflow/example_dags/tutorial_objectstorage.py took 0.460 seconds
[2024-09-02T21:39:06.864+0000] {processor.py:161} INFO - Started process (PID=137) to work on /home/airflow/.local/lib/python3.12/site-packages/airflow/example_dags/tutorial_objectstorage.py
[2024-09-02T21:39:06.865+0000] {processor.py:830} INFO - Processing file /home/airflow/.local/lib/python3.12/site-packages/airflow/example_dags/tutorial_objectstorage.py for tasks to queue
[2024-09-02T21:39:06.868+0000] {logging_mixin.py:188} INFO - [2024-09-02T21:39:06.868+0000] {dagbag.py:545} INFO - Filling up the DagBag from /home/airflow/.local/lib/python3.12/site-packages/airflow/example_dags/tutorial_objectstorage.py
[2024-09-02T21:39:06.880+0000] {processor.py:840} INFO - DAG(s) 'tutorial_objectstorage' retrieved from /home/airflow/.local/lib/python3.12/site-packages/airflow/example_dags/tutorial_objectstorage.py
[2024-09-02T21:39:06.910+0000] {logging_mixin.py:188} INFO - [2024-09-02T21:39:06.910+0000] {dag.py:3096} INFO - Sync 1 DAGs
[2024-09-02T21:39:06.936+0000] {logging_mixin.py:188} INFO - [2024-09-02T21:39:06.935+0000] {dag.py:3954} INFO - Setting next_dagrun for tutorial_objectstorage to None, run_after=None
[2024-09-02T21:39:06.966+0000] {processor.py:183} INFO - Processing /home/airflow/.local/lib/python3.12/site-packages/airflow/example_dags/tutorial_objectstorage.py took 0.110 seconds
[2024-09-02T21:39:37.693+0000] {processor.py:161} INFO - Started process (PID=196) to work on /home/airflow/.local/lib/python3.12/site-packages/airflow/example_dags/tutorial_objectstorage.py
[2024-09-02T21:39:37.694+0000] {processor.py:830} INFO - Processing file /home/airflow/.local/lib/python3.12/site-packages/airflow/example_dags/tutorial_objectstorage.py for tasks to queue
[2024-09-02T21:39:37.697+0000] {logging_mixin.py:188} INFO - [2024-09-02T21:39:37.696+0000] {dagbag.py:545} INFO - Filling up the DagBag from /home/airflow/.local/lib/python3.12/site-packages/airflow/example_dags/tutorial_objectstorage.py
[2024-09-02T21:39:37.705+0000] {processor.py:840} INFO - DAG(s) 'tutorial_objectstorage' retrieved from /home/airflow/.local/lib/python3.12/site-packages/airflow/example_dags/tutorial_objectstorage.py
[2024-09-02T21:39:37.729+0000] {logging_mixin.py:188} INFO - [2024-09-02T21:39:37.729+0000] {dag.py:3096} INFO - Sync 1 DAGs
[2024-09-02T21:39:37.746+0000] {logging_mixin.py:188} INFO - [2024-09-02T21:39:37.746+0000] {dag.py:3954} INFO - Setting next_dagrun for tutorial_objectstorage to None, run_after=None
[2024-09-02T21:39:37.770+0000] {processor.py:183} INFO - Processing /home/airflow/.local/lib/python3.12/site-packages/airflow/example_dags/tutorial_objectstorage.py took 0.083 seconds
[2024-09-02T21:40:08.263+0000] {processor.py:161} INFO - Started process (PID=255) to work on /home/airflow/.local/lib/python3.12/site-packages/airflow/example_dags/tutorial_objectstorage.py
[2024-09-02T21:40:08.265+0000] {processor.py:830} INFO - Processing file /home/airflow/.local/lib/python3.12/site-packages/airflow/example_dags/tutorial_objectstorage.py for tasks to queue
[2024-09-02T21:40:08.268+0000] {logging_mixin.py:188} INFO - [2024-09-02T21:40:08.267+0000] {dagbag.py:545} INFO - Filling up the DagBag from /home/airflow/.local/lib/python3.12/site-packages/airflow/example_dags/tutorial_objectstorage.py
[2024-09-02T21:40:08.282+0000] {processor.py:840} INFO - DAG(s) 'tutorial_objectstorage' retrieved from /home/airflow/.local/lib/python3.12/site-packages/airflow/example_dags/tutorial_objectstorage.py
[2024-09-02T21:40:08.315+0000] {logging_mixin.py:188} INFO - [2024-09-02T21:40:08.315+0000] {dag.py:3096} INFO - Sync 1 DAGs
[2024-09-02T21:40:08.330+0000] {logging_mixin.py:188} INFO - [2024-09-02T21:40:08.330+0000] {dag.py:3954} INFO - Setting next_dagrun for tutorial_objectstorage to None, run_after=None
[2024-09-02T21:40:08.352+0000] {processor.py:183} INFO - Processing /home/airflow/.local/lib/python3.12/site-packages/airflow/example_dags/tutorial_objectstorage.py took 0.103 seconds
[2024-09-02T21:40:38.437+0000] {processor.py:161} INFO - Started process (PID=315) to work on /home/airflow/.local/lib/python3.12/site-packages/airflow/example_dags/tutorial_objectstorage.py
[2024-09-02T21:40:38.438+0000] {processor.py:830} INFO - Processing file /home/airflow/.local/lib/python3.12/site-packages/airflow/example_dags/tutorial_objectstorage.py for tasks to queue
[2024-09-02T21:40:38.440+0000] {logging_mixin.py:188} INFO - [2024-09-02T21:40:38.439+0000] {dagbag.py:545} INFO - Filling up the DagBag from /home/airflow/.local/lib/python3.12/site-packages/airflow/example_dags/tutorial_objectstorage.py
[2024-09-02T21:40:38.446+0000] {processor.py:840} INFO - DAG(s) 'tutorial_objectstorage' retrieved from /home/airflow/.local/lib/python3.12/site-packages/airflow/example_dags/tutorial_objectstorage.py
[2024-09-02T21:40:38.465+0000] {logging_mixin.py:188} INFO - [2024-09-02T21:40:38.464+0000] {dag.py:3096} INFO - Sync 1 DAGs
[2024-09-02T21:40:38.479+0000] {logging_mixin.py:188} INFO - [2024-09-02T21:40:38.479+0000] {dag.py:3954} INFO - Setting next_dagrun for tutorial_objectstorage to None, run_after=None
[2024-09-02T21:40:38.498+0000] {processor.py:183} INFO - Processing /home/airflow/.local/lib/python3.12/site-packages/airflow/example_dags/tutorial_objectstorage.py took 0.066 seconds
[2024-09-02T21:41:08.903+0000] {processor.py:161} INFO - Started process (PID=375) to work on /home/airflow/.local/lib/python3.12/site-packages/airflow/example_dags/tutorial_objectstorage.py
[2024-09-02T21:41:08.907+0000] {processor.py:830} INFO - Processing file /home/airflow/.local/lib/python3.12/site-packages/airflow/example_dags/tutorial_objectstorage.py for tasks to queue
[2024-09-02T21:41:08.911+0000] {logging_mixin.py:188} INFO - [2024-09-02T21:41:08.911+0000] {dagbag.py:545} INFO - Filling up the DagBag from /home/airflow/.local/lib/python3.12/site-packages/airflow/example_dags/tutorial_objectstorage.py
[2024-09-02T21:41:08.928+0000] {processor.py:840} INFO - DAG(s) 'tutorial_objectstorage' retrieved from /home/airflow/.local/lib/python3.12/site-packages/airflow/example_dags/tutorial_objectstorage.py
[2024-09-02T21:41:08.965+0000] {logging_mixin.py:188} INFO - [2024-09-02T21:41:08.965+0000] {dag.py:3096} INFO - Sync 1 DAGs
[2024-09-02T21:41:08.986+0000] {logging_mixin.py:188} INFO - [2024-09-02T21:41:08.986+0000] {dag.py:3954} INFO - Setting next_dagrun for tutorial_objectstorage to None, run_after=None
[2024-09-02T21:41:09.023+0000] {processor.py:183} INFO - Processing /home/airflow/.local/lib/python3.12/site-packages/airflow/example_dags/tutorial_objectstorage.py took 0.147 seconds
[2024-09-02T21:44:30.368+0000] {processor.py:161} INFO - Started process (PID=77) to work on /home/airflow/.local/lib/python3.12/site-packages/airflow/example_dags/tutorial_objectstorage.py
[2024-09-02T21:44:30.370+0000] {processor.py:830} INFO - Processing file /home/airflow/.local/lib/python3.12/site-packages/airflow/example_dags/tutorial_objectstorage.py for tasks to queue
[2024-09-02T21:44:30.374+0000] {logging_mixin.py:188} INFO - [2024-09-02T21:44:30.373+0000] {dagbag.py:545} INFO - Filling up the DagBag from /home/airflow/.local/lib/python3.12/site-packages/airflow/example_dags/tutorial_objectstorage.py
[2024-09-02T21:44:30.398+0000] {processor.py:840} INFO - DAG(s) 'tutorial_objectstorage' retrieved from /home/airflow/.local/lib/python3.12/site-packages/airflow/example_dags/tutorial_objectstorage.py
[2024-09-02T21:44:30.657+0000] {logging_mixin.py:188} INFO - [2024-09-02T21:44:30.655+0000] {override.py:1829} INFO - Created Permission View: can read on DAG:tutorial_objectstorage
[2024-09-02T21:44:30.796+0000] {logging_mixin.py:188} INFO - [2024-09-02T21:44:30.795+0000] {override.py:1829} INFO - Created Permission View: can delete on DAG:tutorial_objectstorage
[2024-09-02T21:44:30.810+0000] {logging_mixin.py:188} INFO - [2024-09-02T21:44:30.810+0000] {override.py:1829} INFO - Created Permission View: can edit on DAG:tutorial_objectstorage
[2024-09-02T21:44:30.812+0000] {logging_mixin.py:188} INFO - [2024-09-02T21:44:30.811+0000] {dag.py:3096} INFO - Sync 1 DAGs
[2024-09-02T21:44:30.839+0000] {logging_mixin.py:188} INFO - [2024-09-02T21:44:30.838+0000] {dag.py:3118} INFO - Creating ORM DAG for tutorial_objectstorage
[2024-09-02T21:44:30.841+0000] {logging_mixin.py:188} INFO - [2024-09-02T21:44:30.841+0000] {dag.py:3954} INFO - Setting next_dagrun for tutorial_objectstorage to None, run_after=None
[2024-09-02T21:44:30.896+0000] {processor.py:183} INFO - Processing /home/airflow/.local/lib/python3.12/site-packages/airflow/example_dags/tutorial_objectstorage.py took 0.541 seconds
[2024-09-02T21:45:01.489+0000] {processor.py:161} INFO - Started process (PID=137) to work on /home/airflow/.local/lib/python3.12/site-packages/airflow/example_dags/tutorial_objectstorage.py
[2024-09-02T21:45:01.491+0000] {processor.py:830} INFO - Processing file /home/airflow/.local/lib/python3.12/site-packages/airflow/example_dags/tutorial_objectstorage.py for tasks to queue
[2024-09-02T21:45:01.496+0000] {logging_mixin.py:188} INFO - [2024-09-02T21:45:01.495+0000] {dagbag.py:545} INFO - Filling up the DagBag from /home/airflow/.local/lib/python3.12/site-packages/airflow/example_dags/tutorial_objectstorage.py
[2024-09-02T21:45:01.530+0000] {processor.py:840} INFO - DAG(s) 'tutorial_objectstorage' retrieved from /home/airflow/.local/lib/python3.12/site-packages/airflow/example_dags/tutorial_objectstorage.py
[2024-09-02T21:45:01.607+0000] {logging_mixin.py:188} INFO - [2024-09-02T21:45:01.607+0000] {dag.py:3096} INFO - Sync 1 DAGs
[2024-09-02T21:45:01.685+0000] {logging_mixin.py:188} INFO - [2024-09-02T21:45:01.684+0000] {dag.py:3954} INFO - Setting next_dagrun for tutorial_objectstorage to None, run_after=None
[2024-09-02T21:45:01.767+0000] {processor.py:183} INFO - Processing /home/airflow/.local/lib/python3.12/site-packages/airflow/example_dags/tutorial_objectstorage.py took 0.301 seconds
[2024-09-02T21:45:32.338+0000] {processor.py:161} INFO - Started process (PID=197) to work on /home/airflow/.local/lib/python3.12/site-packages/airflow/example_dags/tutorial_objectstorage.py
[2024-09-02T21:45:32.339+0000] {processor.py:830} INFO - Processing file /home/airflow/.local/lib/python3.12/site-packages/airflow/example_dags/tutorial_objectstorage.py for tasks to queue
[2024-09-02T21:45:32.341+0000] {logging_mixin.py:188} INFO - [2024-09-02T21:45:32.340+0000] {dagbag.py:545} INFO - Filling up the DagBag from /home/airflow/.local/lib/python3.12/site-packages/airflow/example_dags/tutorial_objectstorage.py
[2024-09-02T21:45:32.349+0000] {processor.py:840} INFO - DAG(s) 'tutorial_objectstorage' retrieved from /home/airflow/.local/lib/python3.12/site-packages/airflow/example_dags/tutorial_objectstorage.py
[2024-09-02T21:45:32.375+0000] {logging_mixin.py:188} INFO - [2024-09-02T21:45:32.375+0000] {dag.py:3096} INFO - Sync 1 DAGs
[2024-09-02T21:45:32.392+0000] {logging_mixin.py:188} INFO - [2024-09-02T21:45:32.392+0000] {dag.py:3954} INFO - Setting next_dagrun for tutorial_objectstorage to None, run_after=None
[2024-09-02T21:45:32.419+0000] {processor.py:183} INFO - Processing /home/airflow/.local/lib/python3.12/site-packages/airflow/example_dags/tutorial_objectstorage.py took 0.087 seconds
[2024-09-02T21:46:02.526+0000] {processor.py:161} INFO - Started process (PID=257) to work on /home/airflow/.local/lib/python3.12/site-packages/airflow/example_dags/tutorial_objectstorage.py
[2024-09-02T21:46:02.528+0000] {processor.py:830} INFO - Processing file /home/airflow/.local/lib/python3.12/site-packages/airflow/example_dags/tutorial_objectstorage.py for tasks to queue
[2024-09-02T21:46:02.531+0000] {logging_mixin.py:188} INFO - [2024-09-02T21:46:02.530+0000] {dagbag.py:545} INFO - Filling up the DagBag from /home/airflow/.local/lib/python3.12/site-packages/airflow/example_dags/tutorial_objectstorage.py
[2024-09-02T21:46:02.542+0000] {processor.py:840} INFO - DAG(s) 'tutorial_objectstorage' retrieved from /home/airflow/.local/lib/python3.12/site-packages/airflow/example_dags/tutorial_objectstorage.py
[2024-09-02T21:46:02.575+0000] {logging_mixin.py:188} INFO - [2024-09-02T21:46:02.574+0000] {dag.py:3096} INFO - Sync 1 DAGs
[2024-09-02T21:46:02.608+0000] {logging_mixin.py:188} INFO - [2024-09-02T21:46:02.607+0000] {dag.py:3954} INFO - Setting next_dagrun for tutorial_objectstorage to None, run_after=None
[2024-09-02T21:46:02.651+0000] {processor.py:183} INFO - Processing /home/airflow/.local/lib/python3.12/site-packages/airflow/example_dags/tutorial_objectstorage.py took 0.133 seconds
[2024-09-02T21:46:32.825+0000] {processor.py:161} INFO - Started process (PID=316) to work on /home/airflow/.local/lib/python3.12/site-packages/airflow/example_dags/tutorial_objectstorage.py
[2024-09-02T21:46:32.826+0000] {processor.py:830} INFO - Processing file /home/airflow/.local/lib/python3.12/site-packages/airflow/example_dags/tutorial_objectstorage.py for tasks to queue
[2024-09-02T21:46:32.828+0000] {logging_mixin.py:188} INFO - [2024-09-02T21:46:32.827+0000] {dagbag.py:545} INFO - Filling up the DagBag from /home/airflow/.local/lib/python3.12/site-packages/airflow/example_dags/tutorial_objectstorage.py
[2024-09-02T21:46:32.834+0000] {processor.py:840} INFO - DAG(s) 'tutorial_objectstorage' retrieved from /home/airflow/.local/lib/python3.12/site-packages/airflow/example_dags/tutorial_objectstorage.py
[2024-09-02T21:46:32.853+0000] {logging_mixin.py:188} INFO - [2024-09-02T21:46:32.853+0000] {dag.py:3096} INFO - Sync 1 DAGs
[2024-09-02T21:46:32.866+0000] {logging_mixin.py:188} INFO - [2024-09-02T21:46:32.866+0000] {dag.py:3954} INFO - Setting next_dagrun for tutorial_objectstorage to None, run_after=None
[2024-09-02T21:46:32.888+0000] {processor.py:183} INFO - Processing /home/airflow/.local/lib/python3.12/site-packages/airflow/example_dags/tutorial_objectstorage.py took 0.069 seconds
[2024-09-02T21:47:03.430+0000] {processor.py:161} INFO - Started process (PID=378) to work on /home/airflow/.local/lib/python3.12/site-packages/airflow/example_dags/tutorial_objectstorage.py
[2024-09-02T21:47:03.432+0000] {processor.py:830} INFO - Processing file /home/airflow/.local/lib/python3.12/site-packages/airflow/example_dags/tutorial_objectstorage.py for tasks to queue
[2024-09-02T21:47:03.435+0000] {logging_mixin.py:188} INFO - [2024-09-02T21:47:03.435+0000] {dagbag.py:545} INFO - Filling up the DagBag from /home/airflow/.local/lib/python3.12/site-packages/airflow/example_dags/tutorial_objectstorage.py
[2024-09-02T21:47:03.450+0000] {processor.py:840} INFO - DAG(s) 'tutorial_objectstorage' retrieved from /home/airflow/.local/lib/python3.12/site-packages/airflow/example_dags/tutorial_objectstorage.py
[2024-09-02T21:47:03.489+0000] {logging_mixin.py:188} INFO - [2024-09-02T21:47:03.488+0000] {dag.py:3096} INFO - Sync 1 DAGs
[2024-09-02T21:47:03.525+0000] {logging_mixin.py:188} INFO - [2024-09-02T21:47:03.524+0000] {dag.py:3954} INFO - Setting next_dagrun for tutorial_objectstorage to None, run_after=None
[2024-09-02T21:47:03.562+0000] {processor.py:183} INFO - Processing /home/airflow/.local/lib/python3.12/site-packages/airflow/example_dags/tutorial_objectstorage.py took 0.142 seconds
[2024-09-02T21:47:33.680+0000] {processor.py:161} INFO - Started process (PID=438) to work on /home/airflow/.local/lib/python3.12/site-packages/airflow/example_dags/tutorial_objectstorage.py
[2024-09-02T21:47:33.681+0000] {processor.py:830} INFO - Processing file /home/airflow/.local/lib/python3.12/site-packages/airflow/example_dags/tutorial_objectstorage.py for tasks to queue
[2024-09-02T21:47:33.683+0000] {logging_mixin.py:188} INFO - [2024-09-02T21:47:33.682+0000] {dagbag.py:545} INFO - Filling up the DagBag from /home/airflow/.local/lib/python3.12/site-packages/airflow/example_dags/tutorial_objectstorage.py
[2024-09-02T21:47:33.690+0000] {processor.py:840} INFO - DAG(s) 'tutorial_objectstorage' retrieved from /home/airflow/.local/lib/python3.12/site-packages/airflow/example_dags/tutorial_objectstorage.py
[2024-09-02T21:47:33.712+0000] {logging_mixin.py:188} INFO - [2024-09-02T21:47:33.712+0000] {dag.py:3096} INFO - Sync 1 DAGs
[2024-09-02T21:47:33.728+0000] {logging_mixin.py:188} INFO - [2024-09-02T21:47:33.727+0000] {dag.py:3954} INFO - Setting next_dagrun for tutorial_objectstorage to None, run_after=None
[2024-09-02T21:47:33.751+0000] {processor.py:183} INFO - Processing /home/airflow/.local/lib/python3.12/site-packages/airflow/example_dags/tutorial_objectstorage.py took 0.076 seconds
[2024-09-02T21:48:03.824+0000] {processor.py:161} INFO - Started process (PID=498) to work on /home/airflow/.local/lib/python3.12/site-packages/airflow/example_dags/tutorial_objectstorage.py
[2024-09-02T21:48:03.826+0000] {processor.py:830} INFO - Processing file /home/airflow/.local/lib/python3.12/site-packages/airflow/example_dags/tutorial_objectstorage.py for tasks to queue
[2024-09-02T21:48:03.829+0000] {logging_mixin.py:188} INFO - [2024-09-02T21:48:03.829+0000] {dagbag.py:545} INFO - Filling up the DagBag from /home/airflow/.local/lib/python3.12/site-packages/airflow/example_dags/tutorial_objectstorage.py
[2024-09-02T21:48:03.842+0000] {processor.py:840} INFO - DAG(s) 'tutorial_objectstorage' retrieved from /home/airflow/.local/lib/python3.12/site-packages/airflow/example_dags/tutorial_objectstorage.py
[2024-09-02T21:48:03.866+0000] {logging_mixin.py:188} INFO - [2024-09-02T21:48:03.865+0000] {dag.py:3096} INFO - Sync 1 DAGs
[2024-09-02T21:48:03.882+0000] {logging_mixin.py:188} INFO - [2024-09-02T21:48:03.882+0000] {dag.py:3954} INFO - Setting next_dagrun for tutorial_objectstorage to None, run_after=None
[2024-09-02T21:48:03.906+0000] {processor.py:183} INFO - Processing /home/airflow/.local/lib/python3.12/site-packages/airflow/example_dags/tutorial_objectstorage.py took 0.095 seconds
[2024-09-02T21:48:34.140+0000] {processor.py:161} INFO - Started process (PID=558) to work on /home/airflow/.local/lib/python3.12/site-packages/airflow/example_dags/tutorial_objectstorage.py
[2024-09-02T21:48:34.141+0000] {processor.py:830} INFO - Processing file /home/airflow/.local/lib/python3.12/site-packages/airflow/example_dags/tutorial_objectstorage.py for tasks to queue
[2024-09-02T21:48:34.144+0000] {logging_mixin.py:188} INFO - [2024-09-02T21:48:34.143+0000] {dagbag.py:545} INFO - Filling up the DagBag from /home/airflow/.local/lib/python3.12/site-packages/airflow/example_dags/tutorial_objectstorage.py
[2024-09-02T21:48:34.152+0000] {processor.py:840} INFO - DAG(s) 'tutorial_objectstorage' retrieved from /home/airflow/.local/lib/python3.12/site-packages/airflow/example_dags/tutorial_objectstorage.py
[2024-09-02T21:48:34.176+0000] {logging_mixin.py:188} INFO - [2024-09-02T21:48:34.175+0000] {dag.py:3096} INFO - Sync 1 DAGs
[2024-09-02T21:48:34.190+0000] {logging_mixin.py:188} INFO - [2024-09-02T21:48:34.190+0000] {dag.py:3954} INFO - Setting next_dagrun for tutorial_objectstorage to None, run_after=None
[2024-09-02T21:48:34.214+0000] {processor.py:183} INFO - Processing /home/airflow/.local/lib/python3.12/site-packages/airflow/example_dags/tutorial_objectstorage.py took 0.079 seconds
[2024-09-02T21:49:04.698+0000] {processor.py:161} INFO - Started process (PID=618) to work on /home/airflow/.local/lib/python3.12/site-packages/airflow/example_dags/tutorial_objectstorage.py
[2024-09-02T21:49:04.699+0000] {processor.py:830} INFO - Processing file /home/airflow/.local/lib/python3.12/site-packages/airflow/example_dags/tutorial_objectstorage.py for tasks to queue
[2024-09-02T21:49:04.701+0000] {logging_mixin.py:188} INFO - [2024-09-02T21:49:04.701+0000] {dagbag.py:545} INFO - Filling up the DagBag from /home/airflow/.local/lib/python3.12/site-packages/airflow/example_dags/tutorial_objectstorage.py
[2024-09-02T21:49:04.708+0000] {processor.py:840} INFO - DAG(s) 'tutorial_objectstorage' retrieved from /home/airflow/.local/lib/python3.12/site-packages/airflow/example_dags/tutorial_objectstorage.py
[2024-09-02T21:49:04.730+0000] {logging_mixin.py:188} INFO - [2024-09-02T21:49:04.730+0000] {dag.py:3096} INFO - Sync 1 DAGs
[2024-09-02T21:49:04.744+0000] {logging_mixin.py:188} INFO - [2024-09-02T21:49:04.744+0000] {dag.py:3954} INFO - Setting next_dagrun for tutorial_objectstorage to None, run_after=None
[2024-09-02T21:49:04.768+0000] {processor.py:183} INFO - Processing /home/airflow/.local/lib/python3.12/site-packages/airflow/example_dags/tutorial_objectstorage.py took 0.074 seconds
[2024-09-02T21:49:35.648+0000] {processor.py:161} INFO - Started process (PID=678) to work on /home/airflow/.local/lib/python3.12/site-packages/airflow/example_dags/tutorial_objectstorage.py
[2024-09-02T21:49:35.650+0000] {processor.py:830} INFO - Processing file /home/airflow/.local/lib/python3.12/site-packages/airflow/example_dags/tutorial_objectstorage.py for tasks to queue
[2024-09-02T21:49:35.654+0000] {logging_mixin.py:188} INFO - [2024-09-02T21:49:35.653+0000] {dagbag.py:545} INFO - Filling up the DagBag from /home/airflow/.local/lib/python3.12/site-packages/airflow/example_dags/tutorial_objectstorage.py
[2024-09-02T21:49:35.667+0000] {processor.py:840} INFO - DAG(s) 'tutorial_objectstorage' retrieved from /home/airflow/.local/lib/python3.12/site-packages/airflow/example_dags/tutorial_objectstorage.py
[2024-09-02T21:49:35.701+0000] {logging_mixin.py:188} INFO - [2024-09-02T21:49:35.701+0000] {dag.py:3096} INFO - Sync 1 DAGs
[2024-09-02T21:49:35.723+0000] {logging_mixin.py:188} INFO - [2024-09-02T21:49:35.723+0000] {dag.py:3954} INFO - Setting next_dagrun for tutorial_objectstorage to None, run_after=None
[2024-09-02T21:49:35.756+0000] {processor.py:183} INFO - Processing /home/airflow/.local/lib/python3.12/site-packages/airflow/example_dags/tutorial_objectstorage.py took 0.121 seconds
[2024-09-02T21:50:06.324+0000] {processor.py:161} INFO - Started process (PID=738) to work on /home/airflow/.local/lib/python3.12/site-packages/airflow/example_dags/tutorial_objectstorage.py
[2024-09-02T21:50:06.325+0000] {processor.py:830} INFO - Processing file /home/airflow/.local/lib/python3.12/site-packages/airflow/example_dags/tutorial_objectstorage.py for tasks to queue
[2024-09-02T21:50:06.328+0000] {logging_mixin.py:188} INFO - [2024-09-02T21:50:06.327+0000] {dagbag.py:545} INFO - Filling up the DagBag from /home/airflow/.local/lib/python3.12/site-packages/airflow/example_dags/tutorial_objectstorage.py
[2024-09-02T21:50:06.340+0000] {processor.py:840} INFO - DAG(s) 'tutorial_objectstorage' retrieved from /home/airflow/.local/lib/python3.12/site-packages/airflow/example_dags/tutorial_objectstorage.py
[2024-09-02T21:50:06.370+0000] {logging_mixin.py:188} INFO - [2024-09-02T21:50:06.369+0000] {dag.py:3096} INFO - Sync 1 DAGs
[2024-09-02T21:50:06.390+0000] {logging_mixin.py:188} INFO - [2024-09-02T21:50:06.390+0000] {dag.py:3954} INFO - Setting next_dagrun for tutorial_objectstorage to None, run_after=None
[2024-09-02T21:50:06.419+0000] {processor.py:183} INFO - Processing /home/airflow/.local/lib/python3.12/site-packages/airflow/example_dags/tutorial_objectstorage.py took 0.105 seconds
[2024-09-02T21:50:37.062+0000] {processor.py:161} INFO - Started process (PID=798) to work on /home/airflow/.local/lib/python3.12/site-packages/airflow/example_dags/tutorial_objectstorage.py
[2024-09-02T21:50:37.063+0000] {processor.py:830} INFO - Processing file /home/airflow/.local/lib/python3.12/site-packages/airflow/example_dags/tutorial_objectstorage.py for tasks to queue
[2024-09-02T21:50:37.065+0000] {logging_mixin.py:188} INFO - [2024-09-02T21:50:37.065+0000] {dagbag.py:545} INFO - Filling up the DagBag from /home/airflow/.local/lib/python3.12/site-packages/airflow/example_dags/tutorial_objectstorage.py
[2024-09-02T21:50:37.072+0000] {processor.py:840} INFO - DAG(s) 'tutorial_objectstorage' retrieved from /home/airflow/.local/lib/python3.12/site-packages/airflow/example_dags/tutorial_objectstorage.py
[2024-09-02T21:50:37.094+0000] {logging_mixin.py:188} INFO - [2024-09-02T21:50:37.094+0000] {dag.py:3096} INFO - Sync 1 DAGs
[2024-09-02T21:50:37.112+0000] {logging_mixin.py:188} INFO - [2024-09-02T21:50:37.112+0000] {dag.py:3954} INFO - Setting next_dagrun for tutorial_objectstorage to None, run_after=None
[2024-09-02T21:50:37.135+0000] {processor.py:183} INFO - Processing /home/airflow/.local/lib/python3.12/site-packages/airflow/example_dags/tutorial_objectstorage.py took 0.078 seconds
[2024-09-02T21:51:07.277+0000] {processor.py:161} INFO - Started process (PID=858) to work on /home/airflow/.local/lib/python3.12/site-packages/airflow/example_dags/tutorial_objectstorage.py
[2024-09-02T21:51:07.279+0000] {processor.py:830} INFO - Processing file /home/airflow/.local/lib/python3.12/site-packages/airflow/example_dags/tutorial_objectstorage.py for tasks to queue
[2024-09-02T21:51:07.282+0000] {logging_mixin.py:188} INFO - [2024-09-02T21:51:07.282+0000] {dagbag.py:545} INFO - Filling up the DagBag from /home/airflow/.local/lib/python3.12/site-packages/airflow/example_dags/tutorial_objectstorage.py
[2024-09-02T21:51:07.293+0000] {processor.py:840} INFO - DAG(s) 'tutorial_objectstorage' retrieved from /home/airflow/.local/lib/python3.12/site-packages/airflow/example_dags/tutorial_objectstorage.py
[2024-09-02T21:51:07.332+0000] {logging_mixin.py:188} INFO - [2024-09-02T21:51:07.331+0000] {dag.py:3096} INFO - Sync 1 DAGs
[2024-09-02T21:51:07.354+0000] {logging_mixin.py:188} INFO - [2024-09-02T21:51:07.354+0000] {dag.py:3954} INFO - Setting next_dagrun for tutorial_objectstorage to None, run_after=None
[2024-09-02T21:51:07.392+0000] {processor.py:183} INFO - Processing /home/airflow/.local/lib/python3.12/site-packages/airflow/example_dags/tutorial_objectstorage.py took 0.123 seconds
[2024-09-02T21:51:37.508+0000] {processor.py:161} INFO - Started process (PID=918) to work on /home/airflow/.local/lib/python3.12/site-packages/airflow/example_dags/tutorial_objectstorage.py
[2024-09-02T21:51:37.509+0000] {processor.py:830} INFO - Processing file /home/airflow/.local/lib/python3.12/site-packages/airflow/example_dags/tutorial_objectstorage.py for tasks to queue
[2024-09-02T21:51:37.511+0000] {logging_mixin.py:188} INFO - [2024-09-02T21:51:37.511+0000] {dagbag.py:545} INFO - Filling up the DagBag from /home/airflow/.local/lib/python3.12/site-packages/airflow/example_dags/tutorial_objectstorage.py
[2024-09-02T21:51:37.518+0000] {processor.py:840} INFO - DAG(s) 'tutorial_objectstorage' retrieved from /home/airflow/.local/lib/python3.12/site-packages/airflow/example_dags/tutorial_objectstorage.py
[2024-09-02T21:51:37.543+0000] {logging_mixin.py:188} INFO - [2024-09-02T21:51:37.542+0000] {dag.py:3096} INFO - Sync 1 DAGs
[2024-09-02T21:51:37.568+0000] {logging_mixin.py:188} INFO - [2024-09-02T21:51:37.568+0000] {dag.py:3954} INFO - Setting next_dagrun for tutorial_objectstorage to None, run_after=None
[2024-09-02T21:51:37.616+0000] {processor.py:183} INFO - Processing /home/airflow/.local/lib/python3.12/site-packages/airflow/example_dags/tutorial_objectstorage.py took 0.113 seconds
[2024-09-02T21:52:08.627+0000] {processor.py:161} INFO - Started process (PID=978) to work on /home/airflow/.local/lib/python3.12/site-packages/airflow/example_dags/tutorial_objectstorage.py
[2024-09-02T21:52:08.628+0000] {processor.py:830} INFO - Processing file /home/airflow/.local/lib/python3.12/site-packages/airflow/example_dags/tutorial_objectstorage.py for tasks to queue
[2024-09-02T21:52:08.631+0000] {logging_mixin.py:188} INFO - [2024-09-02T21:52:08.630+0000] {dagbag.py:545} INFO - Filling up the DagBag from /home/airflow/.local/lib/python3.12/site-packages/airflow/example_dags/tutorial_objectstorage.py
[2024-09-02T21:52:08.643+0000] {processor.py:840} INFO - DAG(s) 'tutorial_objectstorage' retrieved from /home/airflow/.local/lib/python3.12/site-packages/airflow/example_dags/tutorial_objectstorage.py
[2024-09-02T21:52:08.670+0000] {logging_mixin.py:188} INFO - [2024-09-02T21:52:08.670+0000] {dag.py:3096} INFO - Sync 1 DAGs
[2024-09-02T21:52:08.688+0000] {logging_mixin.py:188} INFO - [2024-09-02T21:52:08.687+0000] {dag.py:3954} INFO - Setting next_dagrun for tutorial_objectstorage to None, run_after=None
[2024-09-02T21:52:08.712+0000] {processor.py:183} INFO - Processing /home/airflow/.local/lib/python3.12/site-packages/airflow/example_dags/tutorial_objectstorage.py took 0.095 seconds
[2024-09-02T21:52:39.049+0000] {processor.py:161} INFO - Started process (PID=1038) to work on /home/airflow/.local/lib/python3.12/site-packages/airflow/example_dags/tutorial_objectstorage.py
[2024-09-02T21:52:39.050+0000] {processor.py:830} INFO - Processing file /home/airflow/.local/lib/python3.12/site-packages/airflow/example_dags/tutorial_objectstorage.py for tasks to queue
[2024-09-02T21:52:39.052+0000] {logging_mixin.py:188} INFO - [2024-09-02T21:52:39.052+0000] {dagbag.py:545} INFO - Filling up the DagBag from /home/airflow/.local/lib/python3.12/site-packages/airflow/example_dags/tutorial_objectstorage.py
[2024-09-02T21:52:39.058+0000] {processor.py:840} INFO - DAG(s) 'tutorial_objectstorage' retrieved from /home/airflow/.local/lib/python3.12/site-packages/airflow/example_dags/tutorial_objectstorage.py
[2024-09-02T21:52:39.078+0000] {logging_mixin.py:188} INFO - [2024-09-02T21:52:39.077+0000] {dag.py:3096} INFO - Sync 1 DAGs
[2024-09-02T21:52:39.090+0000] {logging_mixin.py:188} INFO - [2024-09-02T21:52:39.089+0000] {dag.py:3954} INFO - Setting next_dagrun for tutorial_objectstorage to None, run_after=None
[2024-09-02T21:52:39.114+0000] {processor.py:183} INFO - Processing /home/airflow/.local/lib/python3.12/site-packages/airflow/example_dags/tutorial_objectstorage.py took 0.070 seconds
[2024-09-02T21:53:09.581+0000] {processor.py:161} INFO - Started process (PID=1098) to work on /home/airflow/.local/lib/python3.12/site-packages/airflow/example_dags/tutorial_objectstorage.py
[2024-09-02T21:53:09.582+0000] {processor.py:830} INFO - Processing file /home/airflow/.local/lib/python3.12/site-packages/airflow/example_dags/tutorial_objectstorage.py for tasks to queue
[2024-09-02T21:53:09.585+0000] {logging_mixin.py:188} INFO - [2024-09-02T21:53:09.585+0000] {dagbag.py:545} INFO - Filling up the DagBag from /home/airflow/.local/lib/python3.12/site-packages/airflow/example_dags/tutorial_objectstorage.py
[2024-09-02T21:53:09.597+0000] {processor.py:840} INFO - DAG(s) 'tutorial_objectstorage' retrieved from /home/airflow/.local/lib/python3.12/site-packages/airflow/example_dags/tutorial_objectstorage.py
[2024-09-02T21:53:09.622+0000] {logging_mixin.py:188} INFO - [2024-09-02T21:53:09.622+0000] {dag.py:3096} INFO - Sync 1 DAGs
[2024-09-02T21:53:09.641+0000] {logging_mixin.py:188} INFO - [2024-09-02T21:53:09.641+0000] {dag.py:3954} INFO - Setting next_dagrun for tutorial_objectstorage to None, run_after=None
[2024-09-02T21:53:09.666+0000] {processor.py:183} INFO - Processing /home/airflow/.local/lib/python3.12/site-packages/airflow/example_dags/tutorial_objectstorage.py took 0.093 seconds
[2024-09-02T21:53:40.552+0000] {processor.py:161} INFO - Started process (PID=1158) to work on /home/airflow/.local/lib/python3.12/site-packages/airflow/example_dags/tutorial_objectstorage.py
[2024-09-02T21:53:40.554+0000] {processor.py:830} INFO - Processing file /home/airflow/.local/lib/python3.12/site-packages/airflow/example_dags/tutorial_objectstorage.py for tasks to queue
[2024-09-02T21:53:40.556+0000] {logging_mixin.py:188} INFO - [2024-09-02T21:53:40.556+0000] {dagbag.py:545} INFO - Filling up the DagBag from /home/airflow/.local/lib/python3.12/site-packages/airflow/example_dags/tutorial_objectstorage.py
[2024-09-02T21:53:40.565+0000] {processor.py:840} INFO - DAG(s) 'tutorial_objectstorage' retrieved from /home/airflow/.local/lib/python3.12/site-packages/airflow/example_dags/tutorial_objectstorage.py
[2024-09-02T21:53:40.587+0000] {logging_mixin.py:188} INFO - [2024-09-02T21:53:40.587+0000] {dag.py:3096} INFO - Sync 1 DAGs
[2024-09-02T21:53:40.600+0000] {logging_mixin.py:188} INFO - [2024-09-02T21:53:40.600+0000] {dag.py:3954} INFO - Setting next_dagrun for tutorial_objectstorage to None, run_after=None
[2024-09-02T21:53:40.623+0000] {processor.py:183} INFO - Processing /home/airflow/.local/lib/python3.12/site-packages/airflow/example_dags/tutorial_objectstorage.py took 0.077 seconds
[2024-09-02T21:54:10.894+0000] {processor.py:161} INFO - Started process (PID=1219) to work on /home/airflow/.local/lib/python3.12/site-packages/airflow/example_dags/tutorial_objectstorage.py
[2024-09-02T21:54:10.895+0000] {processor.py:830} INFO - Processing file /home/airflow/.local/lib/python3.12/site-packages/airflow/example_dags/tutorial_objectstorage.py for tasks to queue
[2024-09-02T21:54:10.897+0000] {logging_mixin.py:188} INFO - [2024-09-02T21:54:10.897+0000] {dagbag.py:545} INFO - Filling up the DagBag from /home/airflow/.local/lib/python3.12/site-packages/airflow/example_dags/tutorial_objectstorage.py
[2024-09-02T21:54:10.905+0000] {processor.py:840} INFO - DAG(s) 'tutorial_objectstorage' retrieved from /home/airflow/.local/lib/python3.12/site-packages/airflow/example_dags/tutorial_objectstorage.py
[2024-09-02T21:54:10.926+0000] {logging_mixin.py:188} INFO - [2024-09-02T21:54:10.926+0000] {dag.py:3096} INFO - Sync 1 DAGs
[2024-09-02T21:54:10.941+0000] {logging_mixin.py:188} INFO - [2024-09-02T21:54:10.940+0000] {dag.py:3954} INFO - Setting next_dagrun for tutorial_objectstorage to None, run_after=None
[2024-09-02T21:54:10.961+0000] {processor.py:183} INFO - Processing /home/airflow/.local/lib/python3.12/site-packages/airflow/example_dags/tutorial_objectstorage.py took 0.072 seconds
[2024-09-02T21:54:41.765+0000] {processor.py:161} INFO - Started process (PID=1279) to work on /home/airflow/.local/lib/python3.12/site-packages/airflow/example_dags/tutorial_objectstorage.py
[2024-09-02T21:54:41.767+0000] {processor.py:830} INFO - Processing file /home/airflow/.local/lib/python3.12/site-packages/airflow/example_dags/tutorial_objectstorage.py for tasks to queue
[2024-09-02T21:54:41.769+0000] {logging_mixin.py:188} INFO - [2024-09-02T21:54:41.769+0000] {dagbag.py:545} INFO - Filling up the DagBag from /home/airflow/.local/lib/python3.12/site-packages/airflow/example_dags/tutorial_objectstorage.py
[2024-09-02T21:54:41.777+0000] {processor.py:840} INFO - DAG(s) 'tutorial_objectstorage' retrieved from /home/airflow/.local/lib/python3.12/site-packages/airflow/example_dags/tutorial_objectstorage.py
[2024-09-02T21:54:41.799+0000] {logging_mixin.py:188} INFO - [2024-09-02T21:54:41.798+0000] {dag.py:3096} INFO - Sync 1 DAGs
[2024-09-02T21:54:41.814+0000] {logging_mixin.py:188} INFO - [2024-09-02T21:54:41.813+0000] {dag.py:3954} INFO - Setting next_dagrun for tutorial_objectstorage to None, run_after=None
[2024-09-02T21:54:41.836+0000] {processor.py:183} INFO - Processing /home/airflow/.local/lib/python3.12/site-packages/airflow/example_dags/tutorial_objectstorage.py took 0.076 seconds
[2024-09-02T21:55:12.223+0000] {processor.py:161} INFO - Started process (PID=1339) to work on /home/airflow/.local/lib/python3.12/site-packages/airflow/example_dags/tutorial_objectstorage.py
[2024-09-02T21:55:12.224+0000] {processor.py:830} INFO - Processing file /home/airflow/.local/lib/python3.12/site-packages/airflow/example_dags/tutorial_objectstorage.py for tasks to queue
[2024-09-02T21:55:12.226+0000] {logging_mixin.py:188} INFO - [2024-09-02T21:55:12.226+0000] {dagbag.py:545} INFO - Filling up the DagBag from /home/airflow/.local/lib/python3.12/site-packages/airflow/example_dags/tutorial_objectstorage.py
[2024-09-02T21:55:12.234+0000] {processor.py:840} INFO - DAG(s) 'tutorial_objectstorage' retrieved from /home/airflow/.local/lib/python3.12/site-packages/airflow/example_dags/tutorial_objectstorage.py
[2024-09-02T21:55:12.257+0000] {logging_mixin.py:188} INFO - [2024-09-02T21:55:12.256+0000] {dag.py:3096} INFO - Sync 1 DAGs
[2024-09-02T21:55:12.277+0000] {logging_mixin.py:188} INFO - [2024-09-02T21:55:12.277+0000] {dag.py:3954} INFO - Setting next_dagrun for tutorial_objectstorage to None, run_after=None
[2024-09-02T21:55:12.315+0000] {processor.py:183} INFO - Processing /home/airflow/.local/lib/python3.12/site-packages/airflow/example_dags/tutorial_objectstorage.py took 0.098 seconds
[2024-09-02T21:55:43.115+0000] {processor.py:161} INFO - Started process (PID=1403) to work on /home/airflow/.local/lib/python3.12/site-packages/airflow/example_dags/tutorial_objectstorage.py
[2024-09-02T21:55:43.116+0000] {processor.py:830} INFO - Processing file /home/airflow/.local/lib/python3.12/site-packages/airflow/example_dags/tutorial_objectstorage.py for tasks to queue
[2024-09-02T21:55:43.119+0000] {logging_mixin.py:188} INFO - [2024-09-02T21:55:43.119+0000] {dagbag.py:545} INFO - Filling up the DagBag from /home/airflow/.local/lib/python3.12/site-packages/airflow/example_dags/tutorial_objectstorage.py
[2024-09-02T21:55:43.129+0000] {processor.py:840} INFO - DAG(s) 'tutorial_objectstorage' retrieved from /home/airflow/.local/lib/python3.12/site-packages/airflow/example_dags/tutorial_objectstorage.py
[2024-09-02T21:55:43.148+0000] {logging_mixin.py:188} INFO - [2024-09-02T21:55:43.148+0000] {dag.py:3096} INFO - Sync 1 DAGs
[2024-09-02T21:55:43.171+0000] {logging_mixin.py:188} INFO - [2024-09-02T21:55:43.170+0000] {dag.py:3954} INFO - Setting next_dagrun for tutorial_objectstorage to None, run_after=None
[2024-09-02T21:55:43.217+0000] {processor.py:183} INFO - Processing /home/airflow/.local/lib/python3.12/site-packages/airflow/example_dags/tutorial_objectstorage.py took 0.107 seconds
[2024-09-02T21:56:14.130+0000] {processor.py:161} INFO - Started process (PID=1466) to work on /home/airflow/.local/lib/python3.12/site-packages/airflow/example_dags/tutorial_objectstorage.py
[2024-09-02T21:56:14.131+0000] {processor.py:830} INFO - Processing file /home/airflow/.local/lib/python3.12/site-packages/airflow/example_dags/tutorial_objectstorage.py for tasks to queue
[2024-09-02T21:56:14.134+0000] {logging_mixin.py:188} INFO - [2024-09-02T21:56:14.133+0000] {dagbag.py:545} INFO - Filling up the DagBag from /home/airflow/.local/lib/python3.12/site-packages/airflow/example_dags/tutorial_objectstorage.py
[2024-09-02T21:56:14.144+0000] {processor.py:840} INFO - DAG(s) 'tutorial_objectstorage' retrieved from /home/airflow/.local/lib/python3.12/site-packages/airflow/example_dags/tutorial_objectstorage.py
[2024-09-02T21:56:14.174+0000] {logging_mixin.py:188} INFO - [2024-09-02T21:56:14.174+0000] {dag.py:3096} INFO - Sync 1 DAGs
[2024-09-02T21:56:14.192+0000] {logging_mixin.py:188} INFO - [2024-09-02T21:56:14.192+0000] {dag.py:3954} INFO - Setting next_dagrun for tutorial_objectstorage to None, run_after=None
[2024-09-02T21:56:14.217+0000] {processor.py:183} INFO - Processing /home/airflow/.local/lib/python3.12/site-packages/airflow/example_dags/tutorial_objectstorage.py took 0.095 seconds
