[2024-09-02T21:35:15.045+0000] {processor.py:161} INFO - Started process (PID=104) to work on /home/airflow/.local/lib/python3.12/site-packages/airflow/example_dags/tutorial_taskflow_api.py
[2024-09-02T21:35:15.057+0000] {processor.py:830} INFO - Processing file /home/airflow/.local/lib/python3.12/site-packages/airflow/example_dags/tutorial_taskflow_api.py for tasks to queue
[2024-09-02T21:35:15.076+0000] {logging_mixin.py:188} INFO - [2024-09-02T21:35:15.075+0000] {dagbag.py:545} INFO - Filling up the DagBag from /home/airflow/.local/lib/python3.12/site-packages/airflow/example_dags/tutorial_taskflow_api.py
[2024-09-02T21:35:15.140+0000] {processor.py:840} INFO - DAG(s) 'tutorial_taskflow_api' retrieved from /home/airflow/.local/lib/python3.12/site-packages/airflow/example_dags/tutorial_taskflow_api.py
[2024-09-02T21:35:16.250+0000] {logging_mixin.py:188} INFO - [2024-09-02T21:35:16.212+0000] {override.py:1829} INFO - Created Permission View: can edit on DAG:tutorial_taskflow_api
[2024-09-02T21:35:16.377+0000] {logging_mixin.py:188} INFO - [2024-09-02T21:35:16.376+0000] {override.py:1829} INFO - Created Permission View: can delete on DAG:tutorial_taskflow_api
[2024-09-02T21:35:16.454+0000] {logging_mixin.py:188} INFO - [2024-09-02T21:35:16.449+0000] {override.py:1829} INFO - Created Permission View: can read on DAG:tutorial_taskflow_api
[2024-09-02T21:35:16.464+0000] {logging_mixin.py:188} INFO - [2024-09-02T21:35:16.463+0000] {dag.py:3096} INFO - Sync 1 DAGs
[2024-09-02T21:35:16.618+0000] {logging_mixin.py:188} INFO - [2024-09-02T21:35:16.618+0000] {dag.py:3118} INFO - Creating ORM DAG for tutorial_taskflow_api
[2024-09-02T21:35:16.622+0000] {logging_mixin.py:188} INFO - [2024-09-02T21:35:16.622+0000] {dag.py:3954} INFO - Setting next_dagrun for tutorial_taskflow_api to None, run_after=None
[2024-09-02T21:35:16.714+0000] {processor.py:183} INFO - Processing /home/airflow/.local/lib/python3.12/site-packages/airflow/example_dags/tutorial_taskflow_api.py took 1.710 seconds
[2024-09-02T21:35:48.105+0000] {processor.py:161} INFO - Started process (PID=163) to work on /home/airflow/.local/lib/python3.12/site-packages/airflow/example_dags/tutorial_taskflow_api.py
[2024-09-02T21:35:48.125+0000] {processor.py:830} INFO - Processing file /home/airflow/.local/lib/python3.12/site-packages/airflow/example_dags/tutorial_taskflow_api.py for tasks to queue
[2024-09-02T21:35:48.174+0000] {logging_mixin.py:188} INFO - [2024-09-02T21:35:48.170+0000] {dagbag.py:545} INFO - Filling up the DagBag from /home/airflow/.local/lib/python3.12/site-packages/airflow/example_dags/tutorial_taskflow_api.py
[2024-09-02T21:35:48.346+0000] {processor.py:840} INFO - DAG(s) 'tutorial_taskflow_api' retrieved from /home/airflow/.local/lib/python3.12/site-packages/airflow/example_dags/tutorial_taskflow_api.py
[2024-09-02T21:35:48.750+0000] {logging_mixin.py:188} INFO - [2024-09-02T21:35:48.736+0000] {dag.py:3096} INFO - Sync 1 DAGs
[2024-09-02T21:35:49.003+0000] {logging_mixin.py:188} INFO - [2024-09-02T21:35:49.002+0000] {dag.py:3954} INFO - Setting next_dagrun for tutorial_taskflow_api to None, run_after=None
[2024-09-02T21:35:49.262+0000] {processor.py:183} INFO - Processing /home/airflow/.local/lib/python3.12/site-packages/airflow/example_dags/tutorial_taskflow_api.py took 1.275 seconds
[2024-09-02T21:36:20.963+0000] {processor.py:161} INFO - Started process (PID=223) to work on /home/airflow/.local/lib/python3.12/site-packages/airflow/example_dags/tutorial_taskflow_api.py
[2024-09-02T21:36:20.966+0000] {processor.py:830} INFO - Processing file /home/airflow/.local/lib/python3.12/site-packages/airflow/example_dags/tutorial_taskflow_api.py for tasks to queue
[2024-09-02T21:36:20.973+0000] {logging_mixin.py:188} INFO - [2024-09-02T21:36:20.972+0000] {dagbag.py:545} INFO - Filling up the DagBag from /home/airflow/.local/lib/python3.12/site-packages/airflow/example_dags/tutorial_taskflow_api.py
[2024-09-02T21:36:20.988+0000] {processor.py:840} INFO - DAG(s) 'tutorial_taskflow_api' retrieved from /home/airflow/.local/lib/python3.12/site-packages/airflow/example_dags/tutorial_taskflow_api.py
[2024-09-02T21:36:21.041+0000] {logging_mixin.py:188} INFO - [2024-09-02T21:36:21.040+0000] {dag.py:3096} INFO - Sync 1 DAGs
[2024-09-02T21:36:21.087+0000] {logging_mixin.py:188} INFO - [2024-09-02T21:36:21.087+0000] {dag.py:3954} INFO - Setting next_dagrun for tutorial_taskflow_api to None, run_after=None
[2024-09-02T21:36:21.519+0000] {processor.py:183} INFO - Processing /home/airflow/.local/lib/python3.12/site-packages/airflow/example_dags/tutorial_taskflow_api.py took 0.571 seconds
[2024-09-02T21:38:44.803+0000] {processor.py:161} INFO - Started process (PID=102) to work on /home/airflow/.local/lib/python3.12/site-packages/airflow/example_dags/tutorial_taskflow_api.py
[2024-09-02T21:38:44.806+0000] {processor.py:830} INFO - Processing file /home/airflow/.local/lib/python3.12/site-packages/airflow/example_dags/tutorial_taskflow_api.py for tasks to queue
[2024-09-02T21:38:44.817+0000] {logging_mixin.py:188} INFO - [2024-09-02T21:38:44.816+0000] {dagbag.py:545} INFO - Filling up the DagBag from /home/airflow/.local/lib/python3.12/site-packages/airflow/example_dags/tutorial_taskflow_api.py
[2024-09-02T21:38:44.868+0000] {processor.py:840} INFO - DAG(s) 'tutorial_taskflow_api' retrieved from /home/airflow/.local/lib/python3.12/site-packages/airflow/example_dags/tutorial_taskflow_api.py
[2024-09-02T21:38:45.430+0000] {logging_mixin.py:188} INFO - [2024-09-02T21:38:45.429+0000] {override.py:1829} INFO - Created Permission View: can edit on DAG:tutorial_taskflow_api
[2024-09-02T21:38:45.502+0000] {logging_mixin.py:188} INFO - [2024-09-02T21:38:45.501+0000] {override.py:1829} INFO - Created Permission View: can read on DAG:tutorial_taskflow_api
[2024-09-02T21:38:45.544+0000] {logging_mixin.py:188} INFO - [2024-09-02T21:38:45.543+0000] {override.py:1829} INFO - Created Permission View: can delete on DAG:tutorial_taskflow_api
[2024-09-02T21:38:45.546+0000] {logging_mixin.py:188} INFO - [2024-09-02T21:38:45.546+0000] {dag.py:3096} INFO - Sync 1 DAGs
[2024-09-02T21:38:45.634+0000] {logging_mixin.py:188} INFO - [2024-09-02T21:38:45.633+0000] {dag.py:3118} INFO - Creating ORM DAG for tutorial_taskflow_api
[2024-09-02T21:38:45.669+0000] {logging_mixin.py:188} INFO - [2024-09-02T21:38:45.666+0000] {dag.py:3954} INFO - Setting next_dagrun for tutorial_taskflow_api to None, run_after=None
[2024-09-02T21:38:45.827+0000] {processor.py:183} INFO - Processing /home/airflow/.local/lib/python3.12/site-packages/airflow/example_dags/tutorial_taskflow_api.py took 1.047 seconds
[2024-09-02T21:39:16.536+0000] {processor.py:161} INFO - Started process (PID=162) to work on /home/airflow/.local/lib/python3.12/site-packages/airflow/example_dags/tutorial_taskflow_api.py
[2024-09-02T21:39:16.538+0000] {processor.py:830} INFO - Processing file /home/airflow/.local/lib/python3.12/site-packages/airflow/example_dags/tutorial_taskflow_api.py for tasks to queue
[2024-09-02T21:39:16.543+0000] {logging_mixin.py:188} INFO - [2024-09-02T21:39:16.542+0000] {dagbag.py:545} INFO - Filling up the DagBag from /home/airflow/.local/lib/python3.12/site-packages/airflow/example_dags/tutorial_taskflow_api.py
[2024-09-02T21:39:16.559+0000] {processor.py:840} INFO - DAG(s) 'tutorial_taskflow_api' retrieved from /home/airflow/.local/lib/python3.12/site-packages/airflow/example_dags/tutorial_taskflow_api.py
[2024-09-02T21:39:16.605+0000] {logging_mixin.py:188} INFO - [2024-09-02T21:39:16.605+0000] {dag.py:3096} INFO - Sync 1 DAGs
[2024-09-02T21:39:16.629+0000] {logging_mixin.py:188} INFO - [2024-09-02T21:39:16.629+0000] {dag.py:3954} INFO - Setting next_dagrun for tutorial_taskflow_api to None, run_after=None
[2024-09-02T21:39:16.649+0000] {processor.py:183} INFO - Processing /home/airflow/.local/lib/python3.12/site-packages/airflow/example_dags/tutorial_taskflow_api.py took 0.128 seconds
[2024-09-02T21:39:46.743+0000] {processor.py:161} INFO - Started process (PID=222) to work on /home/airflow/.local/lib/python3.12/site-packages/airflow/example_dags/tutorial_taskflow_api.py
[2024-09-02T21:39:46.744+0000] {processor.py:830} INFO - Processing file /home/airflow/.local/lib/python3.12/site-packages/airflow/example_dags/tutorial_taskflow_api.py for tasks to queue
[2024-09-02T21:39:46.746+0000] {logging_mixin.py:188} INFO - [2024-09-02T21:39:46.746+0000] {dagbag.py:545} INFO - Filling up the DagBag from /home/airflow/.local/lib/python3.12/site-packages/airflow/example_dags/tutorial_taskflow_api.py
[2024-09-02T21:39:46.753+0000] {processor.py:840} INFO - DAG(s) 'tutorial_taskflow_api' retrieved from /home/airflow/.local/lib/python3.12/site-packages/airflow/example_dags/tutorial_taskflow_api.py
[2024-09-02T21:39:46.774+0000] {logging_mixin.py:188} INFO - [2024-09-02T21:39:46.774+0000] {dag.py:3096} INFO - Sync 1 DAGs
[2024-09-02T21:39:46.789+0000] {logging_mixin.py:188} INFO - [2024-09-02T21:39:46.788+0000] {dag.py:3954} INFO - Setting next_dagrun for tutorial_taskflow_api to None, run_after=None
[2024-09-02T21:39:46.812+0000] {processor.py:183} INFO - Processing /home/airflow/.local/lib/python3.12/site-packages/airflow/example_dags/tutorial_taskflow_api.py took 0.073 seconds
[2024-09-02T21:40:17.137+0000] {processor.py:161} INFO - Started process (PID=282) to work on /home/airflow/.local/lib/python3.12/site-packages/airflow/example_dags/tutorial_taskflow_api.py
[2024-09-02T21:40:17.138+0000] {processor.py:830} INFO - Processing file /home/airflow/.local/lib/python3.12/site-packages/airflow/example_dags/tutorial_taskflow_api.py for tasks to queue
[2024-09-02T21:40:17.139+0000] {logging_mixin.py:188} INFO - [2024-09-02T21:40:17.139+0000] {dagbag.py:545} INFO - Filling up the DagBag from /home/airflow/.local/lib/python3.12/site-packages/airflow/example_dags/tutorial_taskflow_api.py
[2024-09-02T21:40:17.145+0000] {processor.py:840} INFO - DAG(s) 'tutorial_taskflow_api' retrieved from /home/airflow/.local/lib/python3.12/site-packages/airflow/example_dags/tutorial_taskflow_api.py
[2024-09-02T21:40:17.172+0000] {logging_mixin.py:188} INFO - [2024-09-02T21:40:17.172+0000] {dag.py:3096} INFO - Sync 1 DAGs
[2024-09-02T21:40:17.201+0000] {logging_mixin.py:188} INFO - [2024-09-02T21:40:17.200+0000] {dag.py:3954} INFO - Setting next_dagrun for tutorial_taskflow_api to None, run_after=None
[2024-09-02T21:40:17.243+0000] {processor.py:183} INFO - Processing /home/airflow/.local/lib/python3.12/site-packages/airflow/example_dags/tutorial_taskflow_api.py took 0.111 seconds
[2024-09-02T21:40:47.456+0000] {processor.py:161} INFO - Started process (PID=342) to work on /home/airflow/.local/lib/python3.12/site-packages/airflow/example_dags/tutorial_taskflow_api.py
[2024-09-02T21:40:47.457+0000] {processor.py:830} INFO - Processing file /home/airflow/.local/lib/python3.12/site-packages/airflow/example_dags/tutorial_taskflow_api.py for tasks to queue
[2024-09-02T21:40:47.459+0000] {logging_mixin.py:188} INFO - [2024-09-02T21:40:47.458+0000] {dagbag.py:545} INFO - Filling up the DagBag from /home/airflow/.local/lib/python3.12/site-packages/airflow/example_dags/tutorial_taskflow_api.py
[2024-09-02T21:40:47.466+0000] {processor.py:840} INFO - DAG(s) 'tutorial_taskflow_api' retrieved from /home/airflow/.local/lib/python3.12/site-packages/airflow/example_dags/tutorial_taskflow_api.py
[2024-09-02T21:40:47.488+0000] {logging_mixin.py:188} INFO - [2024-09-02T21:40:47.487+0000] {dag.py:3096} INFO - Sync 1 DAGs
[2024-09-02T21:40:47.504+0000] {logging_mixin.py:188} INFO - [2024-09-02T21:40:47.504+0000] {dag.py:3954} INFO - Setting next_dagrun for tutorial_taskflow_api to None, run_after=None
[2024-09-02T21:40:47.531+0000] {processor.py:183} INFO - Processing /home/airflow/.local/lib/python3.12/site-packages/airflow/example_dags/tutorial_taskflow_api.py took 0.081 seconds
[2024-09-02T21:44:36.148+0000] {processor.py:161} INFO - Started process (PID=96) to work on /home/airflow/.local/lib/python3.12/site-packages/airflow/example_dags/tutorial_taskflow_api.py
[2024-09-02T21:44:36.150+0000] {processor.py:830} INFO - Processing file /home/airflow/.local/lib/python3.12/site-packages/airflow/example_dags/tutorial_taskflow_api.py for tasks to queue
[2024-09-02T21:44:36.154+0000] {logging_mixin.py:188} INFO - [2024-09-02T21:44:36.154+0000] {dagbag.py:545} INFO - Filling up the DagBag from /home/airflow/.local/lib/python3.12/site-packages/airflow/example_dags/tutorial_taskflow_api.py
[2024-09-02T21:44:36.175+0000] {processor.py:840} INFO - DAG(s) 'tutorial_taskflow_api' retrieved from /home/airflow/.local/lib/python3.12/site-packages/airflow/example_dags/tutorial_taskflow_api.py
[2024-09-02T21:44:36.383+0000] {logging_mixin.py:188} INFO - [2024-09-02T21:44:36.382+0000] {override.py:1829} INFO - Created Permission View: can read on DAG:tutorial_taskflow_api
[2024-09-02T21:44:36.409+0000] {logging_mixin.py:188} INFO - [2024-09-02T21:44:36.408+0000] {override.py:1829} INFO - Created Permission View: can delete on DAG:tutorial_taskflow_api
[2024-09-02T21:44:36.420+0000] {logging_mixin.py:188} INFO - [2024-09-02T21:44:36.419+0000] {override.py:1829} INFO - Created Permission View: can edit on DAG:tutorial_taskflow_api
[2024-09-02T21:44:36.421+0000] {logging_mixin.py:188} INFO - [2024-09-02T21:44:36.421+0000] {dag.py:3096} INFO - Sync 1 DAGs
[2024-09-02T21:44:36.440+0000] {logging_mixin.py:188} INFO - [2024-09-02T21:44:36.440+0000] {dag.py:3118} INFO - Creating ORM DAG for tutorial_taskflow_api
[2024-09-02T21:44:36.442+0000] {logging_mixin.py:188} INFO - [2024-09-02T21:44:36.442+0000] {dag.py:3954} INFO - Setting next_dagrun for tutorial_taskflow_api to None, run_after=None
[2024-09-02T21:44:36.469+0000] {processor.py:183} INFO - Processing /home/airflow/.local/lib/python3.12/site-packages/airflow/example_dags/tutorial_taskflow_api.py took 0.331 seconds
[2024-09-02T21:45:06.543+0000] {processor.py:161} INFO - Started process (PID=156) to work on /home/airflow/.local/lib/python3.12/site-packages/airflow/example_dags/tutorial_taskflow_api.py
[2024-09-02T21:45:06.545+0000] {processor.py:830} INFO - Processing file /home/airflow/.local/lib/python3.12/site-packages/airflow/example_dags/tutorial_taskflow_api.py for tasks to queue
[2024-09-02T21:45:06.548+0000] {logging_mixin.py:188} INFO - [2024-09-02T21:45:06.547+0000] {dagbag.py:545} INFO - Filling up the DagBag from /home/airflow/.local/lib/python3.12/site-packages/airflow/example_dags/tutorial_taskflow_api.py
[2024-09-02T21:45:06.558+0000] {processor.py:840} INFO - DAG(s) 'tutorial_taskflow_api' retrieved from /home/airflow/.local/lib/python3.12/site-packages/airflow/example_dags/tutorial_taskflow_api.py
[2024-09-02T21:45:06.585+0000] {logging_mixin.py:188} INFO - [2024-09-02T21:45:06.584+0000] {dag.py:3096} INFO - Sync 1 DAGs
[2024-09-02T21:45:06.604+0000] {logging_mixin.py:188} INFO - [2024-09-02T21:45:06.604+0000] {dag.py:3954} INFO - Setting next_dagrun for tutorial_taskflow_api to None, run_after=None
[2024-09-02T21:45:06.629+0000] {processor.py:183} INFO - Processing /home/airflow/.local/lib/python3.12/site-packages/airflow/example_dags/tutorial_taskflow_api.py took 0.096 seconds
[2024-09-02T21:45:37.075+0000] {processor.py:161} INFO - Started process (PID=216) to work on /home/airflow/.local/lib/python3.12/site-packages/airflow/example_dags/tutorial_taskflow_api.py
[2024-09-02T21:45:37.079+0000] {processor.py:830} INFO - Processing file /home/airflow/.local/lib/python3.12/site-packages/airflow/example_dags/tutorial_taskflow_api.py for tasks to queue
[2024-09-02T21:45:37.083+0000] {logging_mixin.py:188} INFO - [2024-09-02T21:45:37.082+0000] {dagbag.py:545} INFO - Filling up the DagBag from /home/airflow/.local/lib/python3.12/site-packages/airflow/example_dags/tutorial_taskflow_api.py
[2024-09-02T21:45:37.093+0000] {processor.py:840} INFO - DAG(s) 'tutorial_taskflow_api' retrieved from /home/airflow/.local/lib/python3.12/site-packages/airflow/example_dags/tutorial_taskflow_api.py
[2024-09-02T21:45:37.124+0000] {logging_mixin.py:188} INFO - [2024-09-02T21:45:37.123+0000] {dag.py:3096} INFO - Sync 1 DAGs
[2024-09-02T21:45:37.142+0000] {logging_mixin.py:188} INFO - [2024-09-02T21:45:37.142+0000] {dag.py:3954} INFO - Setting next_dagrun for tutorial_taskflow_api to None, run_after=None
[2024-09-02T21:45:37.170+0000] {processor.py:183} INFO - Processing /home/airflow/.local/lib/python3.12/site-packages/airflow/example_dags/tutorial_taskflow_api.py took 0.117 seconds
[2024-09-02T21:46:07.527+0000] {processor.py:161} INFO - Started process (PID=277) to work on /home/airflow/.local/lib/python3.12/site-packages/airflow/example_dags/tutorial_taskflow_api.py
[2024-09-02T21:46:07.528+0000] {processor.py:830} INFO - Processing file /home/airflow/.local/lib/python3.12/site-packages/airflow/example_dags/tutorial_taskflow_api.py for tasks to queue
[2024-09-02T21:46:07.530+0000] {logging_mixin.py:188} INFO - [2024-09-02T21:46:07.530+0000] {dagbag.py:545} INFO - Filling up the DagBag from /home/airflow/.local/lib/python3.12/site-packages/airflow/example_dags/tutorial_taskflow_api.py
[2024-09-02T21:46:07.539+0000] {processor.py:840} INFO - DAG(s) 'tutorial_taskflow_api' retrieved from /home/airflow/.local/lib/python3.12/site-packages/airflow/example_dags/tutorial_taskflow_api.py
[2024-09-02T21:46:07.571+0000] {logging_mixin.py:188} INFO - [2024-09-02T21:46:07.571+0000] {dag.py:3096} INFO - Sync 1 DAGs
[2024-09-02T21:46:07.591+0000] {logging_mixin.py:188} INFO - [2024-09-02T21:46:07.591+0000] {dag.py:3954} INFO - Setting next_dagrun for tutorial_taskflow_api to None, run_after=None
[2024-09-02T21:46:07.617+0000] {processor.py:183} INFO - Processing /home/airflow/.local/lib/python3.12/site-packages/airflow/example_dags/tutorial_taskflow_api.py took 0.099 seconds
[2024-09-02T21:46:38.632+0000] {processor.py:161} INFO - Started process (PID=337) to work on /home/airflow/.local/lib/python3.12/site-packages/airflow/example_dags/tutorial_taskflow_api.py
[2024-09-02T21:46:38.634+0000] {processor.py:830} INFO - Processing file /home/airflow/.local/lib/python3.12/site-packages/airflow/example_dags/tutorial_taskflow_api.py for tasks to queue
[2024-09-02T21:46:38.637+0000] {logging_mixin.py:188} INFO - [2024-09-02T21:46:38.636+0000] {dagbag.py:545} INFO - Filling up the DagBag from /home/airflow/.local/lib/python3.12/site-packages/airflow/example_dags/tutorial_taskflow_api.py
[2024-09-02T21:46:38.647+0000] {processor.py:840} INFO - DAG(s) 'tutorial_taskflow_api' retrieved from /home/airflow/.local/lib/python3.12/site-packages/airflow/example_dags/tutorial_taskflow_api.py
[2024-09-02T21:46:38.691+0000] {logging_mixin.py:188} INFO - [2024-09-02T21:46:38.691+0000] {dag.py:3096} INFO - Sync 1 DAGs
[2024-09-02T21:46:38.726+0000] {logging_mixin.py:188} INFO - [2024-09-02T21:46:38.725+0000] {dag.py:3954} INFO - Setting next_dagrun for tutorial_taskflow_api to None, run_after=None
[2024-09-02T21:46:38.760+0000] {processor.py:183} INFO - Processing /home/airflow/.local/lib/python3.12/site-packages/airflow/example_dags/tutorial_taskflow_api.py took 0.137 seconds
[2024-09-02T21:47:09.125+0000] {processor.py:161} INFO - Started process (PID=397) to work on /home/airflow/.local/lib/python3.12/site-packages/airflow/example_dags/tutorial_taskflow_api.py
[2024-09-02T21:47:09.126+0000] {processor.py:830} INFO - Processing file /home/airflow/.local/lib/python3.12/site-packages/airflow/example_dags/tutorial_taskflow_api.py for tasks to queue
[2024-09-02T21:47:09.130+0000] {logging_mixin.py:188} INFO - [2024-09-02T21:47:09.129+0000] {dagbag.py:545} INFO - Filling up the DagBag from /home/airflow/.local/lib/python3.12/site-packages/airflow/example_dags/tutorial_taskflow_api.py
[2024-09-02T21:47:09.139+0000] {processor.py:840} INFO - DAG(s) 'tutorial_taskflow_api' retrieved from /home/airflow/.local/lib/python3.12/site-packages/airflow/example_dags/tutorial_taskflow_api.py
[2024-09-02T21:47:09.167+0000] {logging_mixin.py:188} INFO - [2024-09-02T21:47:09.167+0000] {dag.py:3096} INFO - Sync 1 DAGs
[2024-09-02T21:47:09.186+0000] {logging_mixin.py:188} INFO - [2024-09-02T21:47:09.185+0000] {dag.py:3954} INFO - Setting next_dagrun for tutorial_taskflow_api to None, run_after=None
[2024-09-02T21:47:09.213+0000] {processor.py:183} INFO - Processing /home/airflow/.local/lib/python3.12/site-packages/airflow/example_dags/tutorial_taskflow_api.py took 0.097 seconds
[2024-09-02T21:47:40.050+0000] {processor.py:161} INFO - Started process (PID=457) to work on /home/airflow/.local/lib/python3.12/site-packages/airflow/example_dags/tutorial_taskflow_api.py
[2024-09-02T21:47:40.052+0000] {processor.py:830} INFO - Processing file /home/airflow/.local/lib/python3.12/site-packages/airflow/example_dags/tutorial_taskflow_api.py for tasks to queue
[2024-09-02T21:47:40.056+0000] {logging_mixin.py:188} INFO - [2024-09-02T21:47:40.055+0000] {dagbag.py:545} INFO - Filling up the DagBag from /home/airflow/.local/lib/python3.12/site-packages/airflow/example_dags/tutorial_taskflow_api.py
[2024-09-02T21:47:40.066+0000] {processor.py:840} INFO - DAG(s) 'tutorial_taskflow_api' retrieved from /home/airflow/.local/lib/python3.12/site-packages/airflow/example_dags/tutorial_taskflow_api.py
[2024-09-02T21:47:40.095+0000] {logging_mixin.py:188} INFO - [2024-09-02T21:47:40.094+0000] {dag.py:3096} INFO - Sync 1 DAGs
[2024-09-02T21:47:40.116+0000] {logging_mixin.py:188} INFO - [2024-09-02T21:47:40.116+0000] {dag.py:3954} INFO - Setting next_dagrun for tutorial_taskflow_api to None, run_after=None
[2024-09-02T21:47:40.149+0000] {processor.py:183} INFO - Processing /home/airflow/.local/lib/python3.12/site-packages/airflow/example_dags/tutorial_taskflow_api.py took 0.109 seconds
[2024-09-02T21:48:11.008+0000] {processor.py:161} INFO - Started process (PID=517) to work on /home/airflow/.local/lib/python3.12/site-packages/airflow/example_dags/tutorial_taskflow_api.py
[2024-09-02T21:48:11.010+0000] {processor.py:830} INFO - Processing file /home/airflow/.local/lib/python3.12/site-packages/airflow/example_dags/tutorial_taskflow_api.py for tasks to queue
[2024-09-02T21:48:11.015+0000] {logging_mixin.py:188} INFO - [2024-09-02T21:48:11.014+0000] {dagbag.py:545} INFO - Filling up the DagBag from /home/airflow/.local/lib/python3.12/site-packages/airflow/example_dags/tutorial_taskflow_api.py
[2024-09-02T21:48:11.029+0000] {processor.py:840} INFO - DAG(s) 'tutorial_taskflow_api' retrieved from /home/airflow/.local/lib/python3.12/site-packages/airflow/example_dags/tutorial_taskflow_api.py
[2024-09-02T21:48:11.067+0000] {logging_mixin.py:188} INFO - [2024-09-02T21:48:11.067+0000] {dag.py:3096} INFO - Sync 1 DAGs
[2024-09-02T21:48:11.094+0000] {logging_mixin.py:188} INFO - [2024-09-02T21:48:11.094+0000] {dag.py:3954} INFO - Setting next_dagrun for tutorial_taskflow_api to None, run_after=None
[2024-09-02T21:48:11.182+0000] {processor.py:183} INFO - Processing /home/airflow/.local/lib/python3.12/site-packages/airflow/example_dags/tutorial_taskflow_api.py took 0.185 seconds
[2024-09-02T21:48:42.141+0000] {processor.py:161} INFO - Started process (PID=577) to work on /home/airflow/.local/lib/python3.12/site-packages/airflow/example_dags/tutorial_taskflow_api.py
[2024-09-02T21:48:42.143+0000] {processor.py:830} INFO - Processing file /home/airflow/.local/lib/python3.12/site-packages/airflow/example_dags/tutorial_taskflow_api.py for tasks to queue
[2024-09-02T21:48:42.146+0000] {logging_mixin.py:188} INFO - [2024-09-02T21:48:42.145+0000] {dagbag.py:545} INFO - Filling up the DagBag from /home/airflow/.local/lib/python3.12/site-packages/airflow/example_dags/tutorial_taskflow_api.py
[2024-09-02T21:48:42.159+0000] {processor.py:840} INFO - DAG(s) 'tutorial_taskflow_api' retrieved from /home/airflow/.local/lib/python3.12/site-packages/airflow/example_dags/tutorial_taskflow_api.py
[2024-09-02T21:48:42.199+0000] {logging_mixin.py:188} INFO - [2024-09-02T21:48:42.199+0000] {dag.py:3096} INFO - Sync 1 DAGs
[2024-09-02T21:48:42.218+0000] {logging_mixin.py:188} INFO - [2024-09-02T21:48:42.218+0000] {dag.py:3954} INFO - Setting next_dagrun for tutorial_taskflow_api to None, run_after=None
[2024-09-02T21:48:42.247+0000] {processor.py:183} INFO - Processing /home/airflow/.local/lib/python3.12/site-packages/airflow/example_dags/tutorial_taskflow_api.py took 0.125 seconds
[2024-09-02T21:49:12.412+0000] {processor.py:161} INFO - Started process (PID=637) to work on /home/airflow/.local/lib/python3.12/site-packages/airflow/example_dags/tutorial_taskflow_api.py
[2024-09-02T21:49:12.413+0000] {processor.py:830} INFO - Processing file /home/airflow/.local/lib/python3.12/site-packages/airflow/example_dags/tutorial_taskflow_api.py for tasks to queue
[2024-09-02T21:49:12.415+0000] {logging_mixin.py:188} INFO - [2024-09-02T21:49:12.415+0000] {dagbag.py:545} INFO - Filling up the DagBag from /home/airflow/.local/lib/python3.12/site-packages/airflow/example_dags/tutorial_taskflow_api.py
[2024-09-02T21:49:12.424+0000] {processor.py:840} INFO - DAG(s) 'tutorial_taskflow_api' retrieved from /home/airflow/.local/lib/python3.12/site-packages/airflow/example_dags/tutorial_taskflow_api.py
[2024-09-02T21:49:12.451+0000] {logging_mixin.py:188} INFO - [2024-09-02T21:49:12.451+0000] {dag.py:3096} INFO - Sync 1 DAGs
[2024-09-02T21:49:12.471+0000] {logging_mixin.py:188} INFO - [2024-09-02T21:49:12.471+0000] {dag.py:3954} INFO - Setting next_dagrun for tutorial_taskflow_api to None, run_after=None
[2024-09-02T21:49:12.504+0000] {processor.py:183} INFO - Processing /home/airflow/.local/lib/python3.12/site-packages/airflow/example_dags/tutorial_taskflow_api.py took 0.099 seconds
[2024-09-02T21:49:43.011+0000] {processor.py:161} INFO - Started process (PID=697) to work on /home/airflow/.local/lib/python3.12/site-packages/airflow/example_dags/tutorial_taskflow_api.py
[2024-09-02T21:49:43.013+0000] {processor.py:830} INFO - Processing file /home/airflow/.local/lib/python3.12/site-packages/airflow/example_dags/tutorial_taskflow_api.py for tasks to queue
[2024-09-02T21:49:43.016+0000] {logging_mixin.py:188} INFO - [2024-09-02T21:49:43.015+0000] {dagbag.py:545} INFO - Filling up the DagBag from /home/airflow/.local/lib/python3.12/site-packages/airflow/example_dags/tutorial_taskflow_api.py
[2024-09-02T21:49:43.029+0000] {processor.py:840} INFO - DAG(s) 'tutorial_taskflow_api' retrieved from /home/airflow/.local/lib/python3.12/site-packages/airflow/example_dags/tutorial_taskflow_api.py
[2024-09-02T21:49:43.074+0000] {logging_mixin.py:188} INFO - [2024-09-02T21:49:43.073+0000] {dag.py:3096} INFO - Sync 1 DAGs
[2024-09-02T21:49:43.111+0000] {logging_mixin.py:188} INFO - [2024-09-02T21:49:43.110+0000] {dag.py:3954} INFO - Setting next_dagrun for tutorial_taskflow_api to None, run_after=None
[2024-09-02T21:49:43.170+0000] {processor.py:183} INFO - Processing /home/airflow/.local/lib/python3.12/site-packages/airflow/example_dags/tutorial_taskflow_api.py took 0.170 seconds
[2024-09-02T21:50:13.538+0000] {processor.py:161} INFO - Started process (PID=757) to work on /home/airflow/.local/lib/python3.12/site-packages/airflow/example_dags/tutorial_taskflow_api.py
[2024-09-02T21:50:13.539+0000] {processor.py:830} INFO - Processing file /home/airflow/.local/lib/python3.12/site-packages/airflow/example_dags/tutorial_taskflow_api.py for tasks to queue
[2024-09-02T21:50:13.542+0000] {logging_mixin.py:188} INFO - [2024-09-02T21:50:13.542+0000] {dagbag.py:545} INFO - Filling up the DagBag from /home/airflow/.local/lib/python3.12/site-packages/airflow/example_dags/tutorial_taskflow_api.py
[2024-09-02T21:50:13.551+0000] {processor.py:840} INFO - DAG(s) 'tutorial_taskflow_api' retrieved from /home/airflow/.local/lib/python3.12/site-packages/airflow/example_dags/tutorial_taskflow_api.py
[2024-09-02T21:50:13.580+0000] {logging_mixin.py:188} INFO - [2024-09-02T21:50:13.580+0000] {dag.py:3096} INFO - Sync 1 DAGs
[2024-09-02T21:50:13.607+0000] {logging_mixin.py:188} INFO - [2024-09-02T21:50:13.607+0000] {dag.py:3954} INFO - Setting next_dagrun for tutorial_taskflow_api to None, run_after=None
[2024-09-02T21:50:13.645+0000] {processor.py:183} INFO - Processing /home/airflow/.local/lib/python3.12/site-packages/airflow/example_dags/tutorial_taskflow_api.py took 0.116 seconds
[2024-09-02T21:50:43.927+0000] {processor.py:161} INFO - Started process (PID=817) to work on /home/airflow/.local/lib/python3.12/site-packages/airflow/example_dags/tutorial_taskflow_api.py
[2024-09-02T21:50:43.928+0000] {processor.py:830} INFO - Processing file /home/airflow/.local/lib/python3.12/site-packages/airflow/example_dags/tutorial_taskflow_api.py for tasks to queue
[2024-09-02T21:50:43.930+0000] {logging_mixin.py:188} INFO - [2024-09-02T21:50:43.930+0000] {dagbag.py:545} INFO - Filling up the DagBag from /home/airflow/.local/lib/python3.12/site-packages/airflow/example_dags/tutorial_taskflow_api.py
[2024-09-02T21:50:43.937+0000] {processor.py:840} INFO - DAG(s) 'tutorial_taskflow_api' retrieved from /home/airflow/.local/lib/python3.12/site-packages/airflow/example_dags/tutorial_taskflow_api.py
[2024-09-02T21:50:43.956+0000] {logging_mixin.py:188} INFO - [2024-09-02T21:50:43.956+0000] {dag.py:3096} INFO - Sync 1 DAGs
[2024-09-02T21:50:43.968+0000] {logging_mixin.py:188} INFO - [2024-09-02T21:50:43.968+0000] {dag.py:3954} INFO - Setting next_dagrun for tutorial_taskflow_api to None, run_after=None
[2024-09-02T21:50:43.994+0000] {processor.py:183} INFO - Processing /home/airflow/.local/lib/python3.12/site-packages/airflow/example_dags/tutorial_taskflow_api.py took 0.071 seconds
[2024-09-02T21:51:14.289+0000] {processor.py:161} INFO - Started process (PID=877) to work on /home/airflow/.local/lib/python3.12/site-packages/airflow/example_dags/tutorial_taskflow_api.py
[2024-09-02T21:51:14.291+0000] {processor.py:830} INFO - Processing file /home/airflow/.local/lib/python3.12/site-packages/airflow/example_dags/tutorial_taskflow_api.py for tasks to queue
[2024-09-02T21:51:14.295+0000] {logging_mixin.py:188} INFO - [2024-09-02T21:51:14.294+0000] {dagbag.py:545} INFO - Filling up the DagBag from /home/airflow/.local/lib/python3.12/site-packages/airflow/example_dags/tutorial_taskflow_api.py
[2024-09-02T21:51:14.307+0000] {processor.py:840} INFO - DAG(s) 'tutorial_taskflow_api' retrieved from /home/airflow/.local/lib/python3.12/site-packages/airflow/example_dags/tutorial_taskflow_api.py
[2024-09-02T21:51:14.344+0000] {logging_mixin.py:188} INFO - [2024-09-02T21:51:14.343+0000] {dag.py:3096} INFO - Sync 1 DAGs
[2024-09-02T21:51:14.359+0000] {logging_mixin.py:188} INFO - [2024-09-02T21:51:14.358+0000] {dag.py:3954} INFO - Setting next_dagrun for tutorial_taskflow_api to None, run_after=None
[2024-09-02T21:51:14.403+0000] {processor.py:183} INFO - Processing /home/airflow/.local/lib/python3.12/site-packages/airflow/example_dags/tutorial_taskflow_api.py took 0.128 seconds
[2024-09-02T21:51:45.228+0000] {processor.py:161} INFO - Started process (PID=937) to work on /home/airflow/.local/lib/python3.12/site-packages/airflow/example_dags/tutorial_taskflow_api.py
[2024-09-02T21:51:45.229+0000] {processor.py:830} INFO - Processing file /home/airflow/.local/lib/python3.12/site-packages/airflow/example_dags/tutorial_taskflow_api.py for tasks to queue
[2024-09-02T21:51:45.231+0000] {logging_mixin.py:188} INFO - [2024-09-02T21:51:45.231+0000] {dagbag.py:545} INFO - Filling up the DagBag from /home/airflow/.local/lib/python3.12/site-packages/airflow/example_dags/tutorial_taskflow_api.py
[2024-09-02T21:51:45.237+0000] {processor.py:840} INFO - DAG(s) 'tutorial_taskflow_api' retrieved from /home/airflow/.local/lib/python3.12/site-packages/airflow/example_dags/tutorial_taskflow_api.py
[2024-09-02T21:51:45.267+0000] {logging_mixin.py:188} INFO - [2024-09-02T21:51:45.267+0000] {dag.py:3096} INFO - Sync 1 DAGs
[2024-09-02T21:51:45.279+0000] {logging_mixin.py:188} INFO - [2024-09-02T21:51:45.279+0000] {dag.py:3954} INFO - Setting next_dagrun for tutorial_taskflow_api to None, run_after=None
[2024-09-02T21:51:45.299+0000] {processor.py:183} INFO - Processing /home/airflow/.local/lib/python3.12/site-packages/airflow/example_dags/tutorial_taskflow_api.py took 0.077 seconds
[2024-09-02T21:52:16.131+0000] {processor.py:161} INFO - Started process (PID=997) to work on /home/airflow/.local/lib/python3.12/site-packages/airflow/example_dags/tutorial_taskflow_api.py
[2024-09-02T21:52:16.132+0000] {processor.py:830} INFO - Processing file /home/airflow/.local/lib/python3.12/site-packages/airflow/example_dags/tutorial_taskflow_api.py for tasks to queue
[2024-09-02T21:52:16.133+0000] {logging_mixin.py:188} INFO - [2024-09-02T21:52:16.133+0000] {dagbag.py:545} INFO - Filling up the DagBag from /home/airflow/.local/lib/python3.12/site-packages/airflow/example_dags/tutorial_taskflow_api.py
[2024-09-02T21:52:16.145+0000] {processor.py:840} INFO - DAG(s) 'tutorial_taskflow_api' retrieved from /home/airflow/.local/lib/python3.12/site-packages/airflow/example_dags/tutorial_taskflow_api.py
[2024-09-02T21:52:16.183+0000] {logging_mixin.py:188} INFO - [2024-09-02T21:52:16.183+0000] {dag.py:3096} INFO - Sync 1 DAGs
[2024-09-02T21:52:16.205+0000] {logging_mixin.py:188} INFO - [2024-09-02T21:52:16.204+0000] {dag.py:3954} INFO - Setting next_dagrun for tutorial_taskflow_api to None, run_after=None
[2024-09-02T21:52:16.239+0000] {processor.py:183} INFO - Processing /home/airflow/.local/lib/python3.12/site-packages/airflow/example_dags/tutorial_taskflow_api.py took 0.115 seconds
[2024-09-02T21:52:46.684+0000] {processor.py:161} INFO - Started process (PID=1057) to work on /home/airflow/.local/lib/python3.12/site-packages/airflow/example_dags/tutorial_taskflow_api.py
[2024-09-02T21:52:46.685+0000] {processor.py:830} INFO - Processing file /home/airflow/.local/lib/python3.12/site-packages/airflow/example_dags/tutorial_taskflow_api.py for tasks to queue
[2024-09-02T21:52:46.687+0000] {logging_mixin.py:188} INFO - [2024-09-02T21:52:46.687+0000] {dagbag.py:545} INFO - Filling up the DagBag from /home/airflow/.local/lib/python3.12/site-packages/airflow/example_dags/tutorial_taskflow_api.py
[2024-09-02T21:52:46.693+0000] {processor.py:840} INFO - DAG(s) 'tutorial_taskflow_api' retrieved from /home/airflow/.local/lib/python3.12/site-packages/airflow/example_dags/tutorial_taskflow_api.py
[2024-09-02T21:52:46.722+0000] {logging_mixin.py:188} INFO - [2024-09-02T21:52:46.721+0000] {dag.py:3096} INFO - Sync 1 DAGs
[2024-09-02T21:52:46.739+0000] {logging_mixin.py:188} INFO - [2024-09-02T21:52:46.739+0000] {dag.py:3954} INFO - Setting next_dagrun for tutorial_taskflow_api to None, run_after=None
[2024-09-02T21:52:46.756+0000] {processor.py:183} INFO - Processing /home/airflow/.local/lib/python3.12/site-packages/airflow/example_dags/tutorial_taskflow_api.py took 0.077 seconds
[2024-09-02T21:53:17.206+0000] {processor.py:161} INFO - Started process (PID=1117) to work on /home/airflow/.local/lib/python3.12/site-packages/airflow/example_dags/tutorial_taskflow_api.py
[2024-09-02T21:53:17.207+0000] {processor.py:830} INFO - Processing file /home/airflow/.local/lib/python3.12/site-packages/airflow/example_dags/tutorial_taskflow_api.py for tasks to queue
[2024-09-02T21:53:17.209+0000] {logging_mixin.py:188} INFO - [2024-09-02T21:53:17.209+0000] {dagbag.py:545} INFO - Filling up the DagBag from /home/airflow/.local/lib/python3.12/site-packages/airflow/example_dags/tutorial_taskflow_api.py
[2024-09-02T21:53:17.219+0000] {processor.py:840} INFO - DAG(s) 'tutorial_taskflow_api' retrieved from /home/airflow/.local/lib/python3.12/site-packages/airflow/example_dags/tutorial_taskflow_api.py
[2024-09-02T21:53:17.241+0000] {logging_mixin.py:188} INFO - [2024-09-02T21:53:17.241+0000] {dag.py:3096} INFO - Sync 1 DAGs
[2024-09-02T21:53:17.253+0000] {logging_mixin.py:188} INFO - [2024-09-02T21:53:17.253+0000] {dag.py:3954} INFO - Setting next_dagrun for tutorial_taskflow_api to None, run_after=None
[2024-09-02T21:53:17.277+0000] {processor.py:183} INFO - Processing /home/airflow/.local/lib/python3.12/site-packages/airflow/example_dags/tutorial_taskflow_api.py took 0.077 seconds
[2024-09-02T21:53:48.049+0000] {processor.py:161} INFO - Started process (PID=1183) to work on /home/airflow/.local/lib/python3.12/site-packages/airflow/example_dags/tutorial_taskflow_api.py
[2024-09-02T21:53:48.050+0000] {processor.py:830} INFO - Processing file /home/airflow/.local/lib/python3.12/site-packages/airflow/example_dags/tutorial_taskflow_api.py for tasks to queue
[2024-09-02T21:53:48.054+0000] {logging_mixin.py:188} INFO - [2024-09-02T21:53:48.053+0000] {dagbag.py:545} INFO - Filling up the DagBag from /home/airflow/.local/lib/python3.12/site-packages/airflow/example_dags/tutorial_taskflow_api.py
[2024-09-02T21:53:48.064+0000] {processor.py:840} INFO - DAG(s) 'tutorial_taskflow_api' retrieved from /home/airflow/.local/lib/python3.12/site-packages/airflow/example_dags/tutorial_taskflow_api.py
[2024-09-02T21:53:48.097+0000] {logging_mixin.py:188} INFO - [2024-09-02T21:53:48.096+0000] {dag.py:3096} INFO - Sync 1 DAGs
[2024-09-02T21:53:48.112+0000] {logging_mixin.py:188} INFO - [2024-09-02T21:53:48.112+0000] {dag.py:3954} INFO - Setting next_dagrun for tutorial_taskflow_api to None, run_after=None
[2024-09-02T21:53:48.135+0000] {processor.py:183} INFO - Processing /home/airflow/.local/lib/python3.12/site-packages/airflow/example_dags/tutorial_taskflow_api.py took 0.100 seconds
[2024-09-02T21:54:18.595+0000] {processor.py:161} INFO - Started process (PID=1243) to work on /home/airflow/.local/lib/python3.12/site-packages/airflow/example_dags/tutorial_taskflow_api.py
[2024-09-02T21:54:18.597+0000] {processor.py:830} INFO - Processing file /home/airflow/.local/lib/python3.12/site-packages/airflow/example_dags/tutorial_taskflow_api.py for tasks to queue
[2024-09-02T21:54:18.599+0000] {logging_mixin.py:188} INFO - [2024-09-02T21:54:18.599+0000] {dagbag.py:545} INFO - Filling up the DagBag from /home/airflow/.local/lib/python3.12/site-packages/airflow/example_dags/tutorial_taskflow_api.py
[2024-09-02T21:54:18.609+0000] {processor.py:840} INFO - DAG(s) 'tutorial_taskflow_api' retrieved from /home/airflow/.local/lib/python3.12/site-packages/airflow/example_dags/tutorial_taskflow_api.py
[2024-09-02T21:54:18.637+0000] {logging_mixin.py:188} INFO - [2024-09-02T21:54:18.636+0000] {dag.py:3096} INFO - Sync 1 DAGs
[2024-09-02T21:54:18.659+0000] {logging_mixin.py:188} INFO - [2024-09-02T21:54:18.658+0000] {dag.py:3954} INFO - Setting next_dagrun for tutorial_taskflow_api to None, run_after=None
[2024-09-02T21:54:18.687+0000] {processor.py:183} INFO - Processing /home/airflow/.local/lib/python3.12/site-packages/airflow/example_dags/tutorial_taskflow_api.py took 0.102 seconds
[2024-09-02T21:54:48.988+0000] {processor.py:161} INFO - Started process (PID=1303) to work on /home/airflow/.local/lib/python3.12/site-packages/airflow/example_dags/tutorial_taskflow_api.py
[2024-09-02T21:54:48.989+0000] {processor.py:830} INFO - Processing file /home/airflow/.local/lib/python3.12/site-packages/airflow/example_dags/tutorial_taskflow_api.py for tasks to queue
[2024-09-02T21:54:48.991+0000] {logging_mixin.py:188} INFO - [2024-09-02T21:54:48.991+0000] {dagbag.py:545} INFO - Filling up the DagBag from /home/airflow/.local/lib/python3.12/site-packages/airflow/example_dags/tutorial_taskflow_api.py
[2024-09-02T21:54:48.997+0000] {processor.py:840} INFO - DAG(s) 'tutorial_taskflow_api' retrieved from /home/airflow/.local/lib/python3.12/site-packages/airflow/example_dags/tutorial_taskflow_api.py
[2024-09-02T21:54:49.018+0000] {logging_mixin.py:188} INFO - [2024-09-02T21:54:49.018+0000] {dag.py:3096} INFO - Sync 1 DAGs
[2024-09-02T21:54:49.032+0000] {logging_mixin.py:188} INFO - [2024-09-02T21:54:49.032+0000] {dag.py:3954} INFO - Setting next_dagrun for tutorial_taskflow_api to None, run_after=None
[2024-09-02T21:54:49.051+0000] {processor.py:183} INFO - Processing /home/airflow/.local/lib/python3.12/site-packages/airflow/example_dags/tutorial_taskflow_api.py took 0.069 seconds
[2024-09-02T21:55:19.843+0000] {processor.py:161} INFO - Started process (PID=1367) to work on /home/airflow/.local/lib/python3.12/site-packages/airflow/example_dags/tutorial_taskflow_api.py
[2024-09-02T21:55:19.844+0000] {processor.py:830} INFO - Processing file /home/airflow/.local/lib/python3.12/site-packages/airflow/example_dags/tutorial_taskflow_api.py for tasks to queue
[2024-09-02T21:55:19.846+0000] {logging_mixin.py:188} INFO - [2024-09-02T21:55:19.846+0000] {dagbag.py:545} INFO - Filling up the DagBag from /home/airflow/.local/lib/python3.12/site-packages/airflow/example_dags/tutorial_taskflow_api.py
[2024-09-02T21:55:19.855+0000] {processor.py:840} INFO - DAG(s) 'tutorial_taskflow_api' retrieved from /home/airflow/.local/lib/python3.12/site-packages/airflow/example_dags/tutorial_taskflow_api.py
[2024-09-02T21:55:19.880+0000] {logging_mixin.py:188} INFO - [2024-09-02T21:55:19.880+0000] {dag.py:3096} INFO - Sync 1 DAGs
[2024-09-02T21:55:19.895+0000] {logging_mixin.py:188} INFO - [2024-09-02T21:55:19.895+0000] {dag.py:3954} INFO - Setting next_dagrun for tutorial_taskflow_api to None, run_after=None
[2024-09-02T21:55:19.921+0000] {processor.py:183} INFO - Processing /home/airflow/.local/lib/python3.12/site-packages/airflow/example_dags/tutorial_taskflow_api.py took 0.084 seconds
[2024-09-02T21:55:50.286+0000] {processor.py:161} INFO - Started process (PID=1430) to work on /home/airflow/.local/lib/python3.12/site-packages/airflow/example_dags/tutorial_taskflow_api.py
[2024-09-02T21:55:50.287+0000] {processor.py:830} INFO - Processing file /home/airflow/.local/lib/python3.12/site-packages/airflow/example_dags/tutorial_taskflow_api.py for tasks to queue
[2024-09-02T21:55:50.290+0000] {logging_mixin.py:188} INFO - [2024-09-02T21:55:50.290+0000] {dagbag.py:545} INFO - Filling up the DagBag from /home/airflow/.local/lib/python3.12/site-packages/airflow/example_dags/tutorial_taskflow_api.py
[2024-09-02T21:55:50.300+0000] {processor.py:840} INFO - DAG(s) 'tutorial_taskflow_api' retrieved from /home/airflow/.local/lib/python3.12/site-packages/airflow/example_dags/tutorial_taskflow_api.py
[2024-09-02T21:55:50.324+0000] {logging_mixin.py:188} INFO - [2024-09-02T21:55:50.324+0000] {dag.py:3096} INFO - Sync 1 DAGs
[2024-09-02T21:55:50.343+0000] {logging_mixin.py:188} INFO - [2024-09-02T21:55:50.343+0000] {dag.py:3954} INFO - Setting next_dagrun for tutorial_taskflow_api to None, run_after=None
[2024-09-02T21:55:50.373+0000] {processor.py:183} INFO - Processing /home/airflow/.local/lib/python3.12/site-packages/airflow/example_dags/tutorial_taskflow_api.py took 0.097 seconds
