[2024-09-07T19:35:22.609+0000] {local_task_job_runner.py:120} INFO - ::group::Pre task execution logs
[2024-09-07T19:35:22.661+0000] {taskinstance.py:2076} INFO - Dependencies all met for dep_context=non-requeueable deps ti=<TaskInstance: solar_adoption_dag.extract manual__2024-09-07T19:35:20.890225+00:00 [queued]>
[2024-09-07T19:35:22.850+0000] {taskinstance.py:2076} INFO - Dependencies all met for dep_context=requeueable deps ti=<TaskInstance: solar_adoption_dag.extract manual__2024-09-07T19:35:20.890225+00:00 [queued]>
[2024-09-07T19:35:22.851+0000] {taskinstance.py:2306} INFO - Starting attempt 1 of 1
[2024-09-07T19:35:22.887+0000] {taskinstance.py:2330} INFO - Executing <Task(BashOperator): extract> on 2024-09-07 19:35:20.890225+00:00
[2024-09-07T19:35:22.898+0000] {warnings.py:112} WARNING - /home/***/.local/lib/python3.12/site-packages/***/task/task_runner/standard_task_runner.py:61: DeprecationWarning: This process (pid=451) is multi-threaded, use of fork() may lead to deadlocks in the child.
  pid = os.fork()

[2024-09-07T19:35:22.902+0000] {standard_task_runner.py:63} INFO - Started process 453 to run task
[2024-09-07T19:35:22.903+0000] {standard_task_runner.py:90} INFO - Running: ['***', 'tasks', 'run', 'solar_adoption_dag', 'extract', 'manual__2024-09-07T19:35:20.890225+00:00', '--job-id', '23', '--raw', '--subdir', 'DAGS_FOLDER/etl_dag.py', '--cfg-path', '/tmp/tmpp2ld2s4v']
[2024-09-07T19:35:22.908+0000] {standard_task_runner.py:91} INFO - Job 23: Subtask extract
[2024-09-07T19:35:22.949+0000] {task_command.py:426} INFO - Running <TaskInstance: solar_adoption_dag.extract manual__2024-09-07T19:35:20.890225+00:00 [running]> on host a319a30e0358
[2024-09-07T19:35:23.061+0000] {taskinstance.py:2648} INFO - Exporting env vars: AIRFLOW_CTX_DAG_OWNER='***' AIRFLOW_CTX_DAG_ID='solar_adoption_dag' AIRFLOW_CTX_TASK_ID='extract' AIRFLOW_CTX_EXECUTION_DATE='2024-09-07T19:35:20.890225+00:00' AIRFLOW_CTX_TRY_NUMBER='1' AIRFLOW_CTX_DAG_RUN_ID='manual__2024-09-07T19:35:20.890225+00:00'
[2024-09-07T19:35:23.063+0000] {taskinstance.py:430} INFO - ::endgroup::
[2024-09-07T19:35:23.075+0000] {subprocess.py:63} INFO - Tmp dir root location: /tmp
[2024-09-07T19:35:23.076+0000] {subprocess.py:75} INFO - Running command: ['/usr/bin/bash', '-c', "echo 'initiating extraction'; cd /opt/***/data/raw/; files=(*); mv -v $files /opt/***/data/raw/z_CurrentDataBatch.csv; echo *"]
[2024-09-07T19:35:23.087+0000] {subprocess.py:86} INFO - Output:
[2024-09-07T19:35:23.088+0000] {subprocess.py:93} INFO - initiating extraction
[2024-09-07T19:35:23.094+0000] {subprocess.py:93} INFO - mv: 'z_CurrentDataBatch.csv' and '/opt/***/data/raw/z_CurrentDataBatch.csv' are the same file
[2024-09-07T19:35:23.096+0000] {subprocess.py:93} INFO - z_CurrentDataBatch.csv
[2024-09-07T19:35:23.096+0000] {subprocess.py:97} INFO - Command exited with return code 0
[2024-09-07T19:35:23.097+0000] {taskinstance.py:441} INFO - ::group::Post task execution logs
[2024-09-07T19:35:23.118+0000] {taskinstance.py:1206} INFO - Marking task as SUCCESS. dag_id=solar_adoption_dag, task_id=extract, run_id=manual__2024-09-07T19:35:20.890225+00:00, execution_date=20240907T193520, start_date=20240907T193522, end_date=20240907T193523
[2024-09-07T19:35:23.160+0000] {local_task_job_runner.py:240} INFO - Task exited with return code 0
[2024-09-07T19:35:23.194+0000] {taskinstance.py:3503} INFO - 1 downstream tasks scheduled from follow-on schedule check
[2024-09-07T19:35:23.197+0000] {local_task_job_runner.py:222} INFO - ::endgroup::
