[2024-09-03T17:36:10.269+0000] {processor.py:161} INFO - Started process (PID=66) to work on /opt/airflow/dags/etl_dag.py
[2024-09-03T17:36:10.271+0000] {processor.py:830} INFO - Processing file /opt/airflow/dags/etl_dag.py for tasks to queue
[2024-09-03T17:36:10.274+0000] {logging_mixin.py:188} INFO - [2024-09-03T17:36:10.274+0000] {dagbag.py:545} INFO - Filling up the DagBag from /opt/airflow/dags/etl_dag.py
[2024-09-03T17:36:14.470+0000] {processor.py:840} INFO - DAG(s) 'solar_adoption_dag' retrieved from /opt/airflow/dags/etl_dag.py
[2024-09-03T17:36:15.069+0000] {logging_mixin.py:188} INFO - [2024-09-03T17:36:15.067+0000] {override.py:1829} INFO - Created Permission View: can delete on DAG:solar_adoption_dag
[2024-09-03T17:36:15.088+0000] {logging_mixin.py:188} INFO - [2024-09-03T17:36:15.088+0000] {override.py:1829} INFO - Created Permission View: can edit on DAG:solar_adoption_dag
[2024-09-03T17:36:15.111+0000] {logging_mixin.py:188} INFO - [2024-09-03T17:36:15.110+0000] {override.py:1829} INFO - Created Permission View: can read on DAG:solar_adoption_dag
[2024-09-03T17:36:15.112+0000] {logging_mixin.py:188} INFO - [2024-09-03T17:36:15.112+0000] {dag.py:3096} INFO - Sync 1 DAGs
[2024-09-03T17:36:15.141+0000] {logging_mixin.py:188} INFO - [2024-09-03T17:36:15.139+0000] {dag.py:3118} INFO - Creating ORM DAG for solar_adoption_dag
[2024-09-03T17:36:15.165+0000] {logging_mixin.py:188} INFO - [2024-09-03T17:36:15.165+0000] {dag.py:3954} INFO - Setting next_dagrun for solar_adoption_dag to 2024-09-02 00:00:00+00:00, run_after=2024-09-03 00:00:00+00:00
[2024-09-03T17:36:15.213+0000] {processor.py:183} INFO - Processing /opt/airflow/dags/etl_dag.py took 4.960 seconds
[2024-09-03T17:36:46.358+0000] {processor.py:161} INFO - Started process (PID=133) to work on /opt/airflow/dags/etl_dag.py
[2024-09-03T17:36:46.359+0000] {processor.py:830} INFO - Processing file /opt/airflow/dags/etl_dag.py for tasks to queue
[2024-09-03T17:36:46.362+0000] {logging_mixin.py:188} INFO - [2024-09-03T17:36:46.361+0000] {dagbag.py:545} INFO - Filling up the DagBag from /opt/airflow/dags/etl_dag.py
[2024-09-03T17:36:46.950+0000] {processor.py:840} INFO - DAG(s) 'solar_adoption_dag' retrieved from /opt/airflow/dags/etl_dag.py
[2024-09-03T17:36:46.969+0000] {logging_mixin.py:188} INFO - [2024-09-03T17:36:46.969+0000] {dag.py:3096} INFO - Sync 1 DAGs
[2024-09-03T17:36:46.985+0000] {logging_mixin.py:188} INFO - [2024-09-03T17:36:46.985+0000] {dag.py:3954} INFO - Setting next_dagrun for solar_adoption_dag to 2024-09-02 00:00:00+00:00, run_after=2024-09-03 00:00:00+00:00
[2024-09-03T17:36:47.004+0000] {processor.py:183} INFO - Processing /opt/airflow/dags/etl_dag.py took 0.653 seconds
[2024-09-03T17:37:17.690+0000] {processor.py:161} INFO - Started process (PID=194) to work on /opt/airflow/dags/etl_dag.py
[2024-09-03T17:37:17.691+0000] {processor.py:830} INFO - Processing file /opt/airflow/dags/etl_dag.py for tasks to queue
[2024-09-03T17:37:17.693+0000] {logging_mixin.py:188} INFO - [2024-09-03T17:37:17.693+0000] {dagbag.py:545} INFO - Filling up the DagBag from /opt/airflow/dags/etl_dag.py
[2024-09-03T17:37:18.151+0000] {processor.py:840} INFO - DAG(s) 'solar_adoption_dag' retrieved from /opt/airflow/dags/etl_dag.py
[2024-09-03T17:37:18.169+0000] {logging_mixin.py:188} INFO - [2024-09-03T17:37:18.169+0000] {dag.py:3096} INFO - Sync 1 DAGs
[2024-09-03T17:37:18.191+0000] {logging_mixin.py:188} INFO - [2024-09-03T17:37:18.190+0000] {dag.py:3954} INFO - Setting next_dagrun for solar_adoption_dag to 2024-09-02 00:00:00+00:00, run_after=2024-09-03 00:00:00+00:00
[2024-09-03T17:37:18.226+0000] {processor.py:183} INFO - Processing /opt/airflow/dags/etl_dag.py took 0.540 seconds
[2024-09-03T17:37:48.407+0000] {processor.py:161} INFO - Started process (PID=256) to work on /opt/airflow/dags/etl_dag.py
[2024-09-03T17:37:48.409+0000] {processor.py:830} INFO - Processing file /opt/airflow/dags/etl_dag.py for tasks to queue
[2024-09-03T17:37:48.413+0000] {logging_mixin.py:188} INFO - [2024-09-03T17:37:48.412+0000] {dagbag.py:545} INFO - Filling up the DagBag from /opt/airflow/dags/etl_dag.py
[2024-09-03T17:37:48.837+0000] {processor.py:840} INFO - DAG(s) 'solar_adoption_dag' retrieved from /opt/airflow/dags/etl_dag.py
[2024-09-03T17:37:48.855+0000] {logging_mixin.py:188} INFO - [2024-09-03T17:37:48.855+0000] {dag.py:3096} INFO - Sync 1 DAGs
[2024-09-03T17:37:48.871+0000] {logging_mixin.py:188} INFO - [2024-09-03T17:37:48.871+0000] {dag.py:3954} INFO - Setting next_dagrun for solar_adoption_dag to 2024-09-02 00:00:00+00:00, run_after=2024-09-03 00:00:00+00:00
[2024-09-03T17:37:48.904+0000] {processor.py:183} INFO - Processing /opt/airflow/dags/etl_dag.py took 0.504 seconds
[2024-09-03T17:38:19.732+0000] {processor.py:161} INFO - Started process (PID=316) to work on /opt/airflow/dags/etl_dag.py
[2024-09-03T17:38:19.734+0000] {processor.py:830} INFO - Processing file /opt/airflow/dags/etl_dag.py for tasks to queue
[2024-09-03T17:38:19.737+0000] {logging_mixin.py:188} INFO - [2024-09-03T17:38:19.737+0000] {dagbag.py:545} INFO - Filling up the DagBag from /opt/airflow/dags/etl_dag.py
[2024-09-03T17:38:20.400+0000] {processor.py:840} INFO - DAG(s) 'solar_adoption_dag' retrieved from /opt/airflow/dags/etl_dag.py
[2024-09-03T17:38:20.447+0000] {logging_mixin.py:188} INFO - [2024-09-03T17:38:20.446+0000] {dag.py:3096} INFO - Sync 1 DAGs
[2024-09-03T17:38:20.486+0000] {logging_mixin.py:188} INFO - [2024-09-03T17:38:20.486+0000] {dag.py:3954} INFO - Setting next_dagrun for solar_adoption_dag to 2024-09-02 00:00:00+00:00, run_after=2024-09-03 00:00:00+00:00
[2024-09-03T17:38:20.519+0000] {processor.py:183} INFO - Processing /opt/airflow/dags/etl_dag.py took 0.796 seconds
[2024-09-03T17:38:50.751+0000] {processor.py:161} INFO - Started process (PID=379) to work on /opt/airflow/dags/etl_dag.py
[2024-09-03T17:38:50.752+0000] {processor.py:830} INFO - Processing file /opt/airflow/dags/etl_dag.py for tasks to queue
[2024-09-03T17:38:50.755+0000] {logging_mixin.py:188} INFO - [2024-09-03T17:38:50.754+0000] {dagbag.py:545} INFO - Filling up the DagBag from /opt/airflow/dags/etl_dag.py
[2024-09-03T17:38:51.311+0000] {processor.py:840} INFO - DAG(s) 'solar_adoption_dag' retrieved from /opt/airflow/dags/etl_dag.py
[2024-09-03T17:38:51.330+0000] {logging_mixin.py:188} INFO - [2024-09-03T17:38:51.330+0000] {dag.py:3096} INFO - Sync 1 DAGs
[2024-09-03T17:38:51.345+0000] {logging_mixin.py:188} INFO - [2024-09-03T17:38:51.345+0000] {dag.py:3954} INFO - Setting next_dagrun for solar_adoption_dag to 2024-09-02 00:00:00+00:00, run_after=2024-09-03 00:00:00+00:00
[2024-09-03T17:38:51.367+0000] {processor.py:183} INFO - Processing /opt/airflow/dags/etl_dag.py took 0.623 seconds
[2024-09-03T17:39:21.490+0000] {processor.py:161} INFO - Started process (PID=441) to work on /opt/airflow/dags/etl_dag.py
[2024-09-03T17:39:21.491+0000] {processor.py:830} INFO - Processing file /opt/airflow/dags/etl_dag.py for tasks to queue
[2024-09-03T17:39:21.493+0000] {logging_mixin.py:188} INFO - [2024-09-03T17:39:21.492+0000] {dagbag.py:545} INFO - Filling up the DagBag from /opt/airflow/dags/etl_dag.py
[2024-09-03T17:39:21.936+0000] {processor.py:840} INFO - DAG(s) 'solar_adoption_dag' retrieved from /opt/airflow/dags/etl_dag.py
[2024-09-03T17:39:21.955+0000] {logging_mixin.py:188} INFO - [2024-09-03T17:39:21.955+0000] {dag.py:3096} INFO - Sync 1 DAGs
[2024-09-03T17:39:21.974+0000] {logging_mixin.py:188} INFO - [2024-09-03T17:39:21.974+0000] {dag.py:3954} INFO - Setting next_dagrun for solar_adoption_dag to 2024-09-02 00:00:00+00:00, run_after=2024-09-03 00:00:00+00:00
[2024-09-03T17:39:21.993+0000] {processor.py:183} INFO - Processing /opt/airflow/dags/etl_dag.py took 0.509 seconds
[2024-09-03T17:39:52.127+0000] {processor.py:161} INFO - Started process (PID=501) to work on /opt/airflow/dags/etl_dag.py
[2024-09-03T17:39:52.128+0000] {processor.py:830} INFO - Processing file /opt/airflow/dags/etl_dag.py for tasks to queue
[2024-09-03T17:39:52.130+0000] {logging_mixin.py:188} INFO - [2024-09-03T17:39:52.130+0000] {dagbag.py:545} INFO - Filling up the DagBag from /opt/airflow/dags/etl_dag.py
[2024-09-03T17:39:52.770+0000] {processor.py:840} INFO - DAG(s) 'solar_adoption_dag' retrieved from /opt/airflow/dags/etl_dag.py
[2024-09-03T17:39:52.799+0000] {logging_mixin.py:188} INFO - [2024-09-03T17:39:52.799+0000] {dag.py:3096} INFO - Sync 1 DAGs
[2024-09-03T17:39:52.831+0000] {logging_mixin.py:188} INFO - [2024-09-03T17:39:52.831+0000] {dag.py:3954} INFO - Setting next_dagrun for solar_adoption_dag to 2024-09-02 00:00:00+00:00, run_after=2024-09-03 00:00:00+00:00
[2024-09-03T17:39:52.872+0000] {processor.py:183} INFO - Processing /opt/airflow/dags/etl_dag.py took 0.753 seconds
[2024-09-03T17:40:23.443+0000] {processor.py:161} INFO - Started process (PID=561) to work on /opt/airflow/dags/etl_dag.py
[2024-09-03T17:40:23.445+0000] {processor.py:830} INFO - Processing file /opt/airflow/dags/etl_dag.py for tasks to queue
[2024-09-03T17:40:23.447+0000] {logging_mixin.py:188} INFO - [2024-09-03T17:40:23.447+0000] {dagbag.py:545} INFO - Filling up the DagBag from /opt/airflow/dags/etl_dag.py
[2024-09-03T17:40:23.974+0000] {processor.py:840} INFO - DAG(s) 'solar_adoption_dag' retrieved from /opt/airflow/dags/etl_dag.py
[2024-09-03T17:40:23.996+0000] {logging_mixin.py:188} INFO - [2024-09-03T17:40:23.996+0000] {dag.py:3096} INFO - Sync 1 DAGs
[2024-09-03T17:40:24.018+0000] {logging_mixin.py:188} INFO - [2024-09-03T17:40:24.017+0000] {dag.py:3954} INFO - Setting next_dagrun for solar_adoption_dag to 2024-09-02 00:00:00+00:00, run_after=2024-09-03 00:00:00+00:00
[2024-09-03T17:40:24.039+0000] {processor.py:183} INFO - Processing /opt/airflow/dags/etl_dag.py took 0.604 seconds
[2024-09-03T17:40:54.221+0000] {processor.py:161} INFO - Started process (PID=639) to work on /opt/airflow/dags/etl_dag.py
[2024-09-03T17:40:54.223+0000] {processor.py:830} INFO - Processing file /opt/airflow/dags/etl_dag.py for tasks to queue
[2024-09-03T17:40:54.229+0000] {logging_mixin.py:188} INFO - [2024-09-03T17:40:54.229+0000] {dagbag.py:545} INFO - Filling up the DagBag from /opt/airflow/dags/etl_dag.py
[2024-09-03T17:40:54.941+0000] {processor.py:840} INFO - DAG(s) 'solar_adoption_dag' retrieved from /opt/airflow/dags/etl_dag.py
[2024-09-03T17:40:54.978+0000] {logging_mixin.py:188} INFO - [2024-09-03T17:40:54.977+0000] {dag.py:3096} INFO - Sync 1 DAGs
[2024-09-03T17:40:55.015+0000] {logging_mixin.py:188} INFO - [2024-09-03T17:40:55.015+0000] {dag.py:3954} INFO - Setting next_dagrun for solar_adoption_dag to 2024-09-03 00:00:00+00:00, run_after=2024-09-04 00:00:00+00:00
[2024-09-03T17:40:55.052+0000] {processor.py:183} INFO - Processing /opt/airflow/dags/etl_dag.py took 0.845 seconds
[2024-09-03T17:41:25.456+0000] {processor.py:161} INFO - Started process (PID=699) to work on /opt/airflow/dags/etl_dag.py
[2024-09-03T17:41:25.458+0000] {processor.py:830} INFO - Processing file /opt/airflow/dags/etl_dag.py for tasks to queue
[2024-09-03T17:41:25.461+0000] {logging_mixin.py:188} INFO - [2024-09-03T17:41:25.460+0000] {dagbag.py:545} INFO - Filling up the DagBag from /opt/airflow/dags/etl_dag.py
[2024-09-03T17:41:26.437+0000] {processor.py:840} INFO - DAG(s) 'solar_adoption_dag' retrieved from /opt/airflow/dags/etl_dag.py
[2024-09-03T17:41:26.472+0000] {logging_mixin.py:188} INFO - [2024-09-03T17:41:26.472+0000] {dag.py:3096} INFO - Sync 1 DAGs
[2024-09-03T17:41:26.513+0000] {logging_mixin.py:188} INFO - [2024-09-03T17:41:26.513+0000] {dag.py:3954} INFO - Setting next_dagrun for solar_adoption_dag to 2024-09-03 00:00:00+00:00, run_after=2024-09-04 00:00:00+00:00
[2024-09-03T17:41:26.553+0000] {processor.py:183} INFO - Processing /opt/airflow/dags/etl_dag.py took 1.106 seconds
[2024-09-03T17:41:57.178+0000] {processor.py:161} INFO - Started process (PID=761) to work on /opt/airflow/dags/etl_dag.py
[2024-09-03T17:41:57.179+0000] {processor.py:830} INFO - Processing file /opt/airflow/dags/etl_dag.py for tasks to queue
[2024-09-03T17:41:57.181+0000] {logging_mixin.py:188} INFO - [2024-09-03T17:41:57.181+0000] {dagbag.py:545} INFO - Filling up the DagBag from /opt/airflow/dags/etl_dag.py
[2024-09-03T17:41:57.804+0000] {processor.py:840} INFO - DAG(s) 'solar_adoption_dag' retrieved from /opt/airflow/dags/etl_dag.py
[2024-09-03T17:41:57.842+0000] {logging_mixin.py:188} INFO - [2024-09-03T17:41:57.842+0000] {dag.py:3096} INFO - Sync 1 DAGs
[2024-09-03T17:41:57.885+0000] {logging_mixin.py:188} INFO - [2024-09-03T17:41:57.884+0000] {dag.py:3954} INFO - Setting next_dagrun for solar_adoption_dag to 2024-09-03 00:00:00+00:00, run_after=2024-09-04 00:00:00+00:00
[2024-09-03T17:41:57.916+0000] {processor.py:183} INFO - Processing /opt/airflow/dags/etl_dag.py took 0.744 seconds
[2024-09-03T17:42:27.962+0000] {processor.py:161} INFO - Started process (PID=825) to work on /opt/airflow/dags/etl_dag.py
[2024-09-03T17:42:27.962+0000] {processor.py:830} INFO - Processing file /opt/airflow/dags/etl_dag.py for tasks to queue
[2024-09-03T17:42:27.964+0000] {logging_mixin.py:188} INFO - [2024-09-03T17:42:27.964+0000] {dagbag.py:545} INFO - Filling up the DagBag from /opt/airflow/dags/etl_dag.py
[2024-09-03T17:42:28.363+0000] {processor.py:840} INFO - DAG(s) 'solar_adoption_dag' retrieved from /opt/airflow/dags/etl_dag.py
[2024-09-03T17:42:28.382+0000] {logging_mixin.py:188} INFO - [2024-09-03T17:42:28.381+0000] {dag.py:3096} INFO - Sync 1 DAGs
[2024-09-03T17:42:28.397+0000] {logging_mixin.py:188} INFO - [2024-09-03T17:42:28.397+0000] {dag.py:3954} INFO - Setting next_dagrun for solar_adoption_dag to 2024-09-03 00:00:00+00:00, run_after=2024-09-04 00:00:00+00:00
[2024-09-03T17:42:28.428+0000] {processor.py:183} INFO - Processing /opt/airflow/dags/etl_dag.py took 0.471 seconds
[2024-09-03T17:57:14.204+0000] {processor.py:161} INFO - Started process (PID=65) to work on /opt/airflow/dags/etl_dag.py
[2024-09-03T17:57:14.206+0000] {processor.py:830} INFO - Processing file /opt/airflow/dags/etl_dag.py for tasks to queue
[2024-09-03T17:57:14.210+0000] {logging_mixin.py:188} INFO - [2024-09-03T17:57:14.209+0000] {dagbag.py:545} INFO - Filling up the DagBag from /opt/airflow/dags/etl_dag.py
[2024-09-03T17:57:17.824+0000] {processor.py:840} INFO - DAG(s) 'solar_adoption_dag' retrieved from /opt/airflow/dags/etl_dag.py
[2024-09-03T17:57:18.487+0000] {logging_mixin.py:188} INFO - [2024-09-03T17:57:18.486+0000] {dag.py:3096} INFO - Sync 1 DAGs
[2024-09-03T17:57:18.538+0000] {logging_mixin.py:188} INFO - [2024-09-03T17:57:18.538+0000] {dag.py:3954} INFO - Setting next_dagrun for solar_adoption_dag to 2024-09-03 00:00:00+00:00, run_after=2024-09-04 00:00:00+00:00
[2024-09-03T17:57:18.593+0000] {processor.py:183} INFO - Processing /opt/airflow/dags/etl_dag.py took 4.401 seconds
[2024-09-03T17:57:48.747+0000] {processor.py:161} INFO - Started process (PID=131) to work on /opt/airflow/dags/etl_dag.py
[2024-09-03T17:57:48.748+0000] {processor.py:830} INFO - Processing file /opt/airflow/dags/etl_dag.py for tasks to queue
[2024-09-03T17:57:48.750+0000] {logging_mixin.py:188} INFO - [2024-09-03T17:57:48.750+0000] {dagbag.py:545} INFO - Filling up the DagBag from /opt/airflow/dags/etl_dag.py
[2024-09-03T17:57:49.234+0000] {processor.py:840} INFO - DAG(s) 'solar_adoption_dag' retrieved from /opt/airflow/dags/etl_dag.py
[2024-09-03T17:57:49.252+0000] {logging_mixin.py:188} INFO - [2024-09-03T17:57:49.252+0000] {dag.py:3096} INFO - Sync 1 DAGs
[2024-09-03T17:57:49.274+0000] {logging_mixin.py:188} INFO - [2024-09-03T17:57:49.273+0000] {dag.py:3954} INFO - Setting next_dagrun for solar_adoption_dag to 2024-09-03 00:00:00+00:00, run_after=2024-09-04 00:00:00+00:00
[2024-09-03T17:57:49.293+0000] {processor.py:183} INFO - Processing /opt/airflow/dags/etl_dag.py took 0.552 seconds
[2024-09-03T17:58:19.980+0000] {processor.py:161} INFO - Started process (PID=191) to work on /opt/airflow/dags/etl_dag.py
[2024-09-03T17:58:19.981+0000] {processor.py:830} INFO - Processing file /opt/airflow/dags/etl_dag.py for tasks to queue
[2024-09-03T17:58:19.984+0000] {logging_mixin.py:188} INFO - [2024-09-03T17:58:19.984+0000] {dagbag.py:545} INFO - Filling up the DagBag from /opt/airflow/dags/etl_dag.py
[2024-09-03T17:58:20.540+0000] {processor.py:840} INFO - DAG(s) 'solar_adoption_dag' retrieved from /opt/airflow/dags/etl_dag.py
[2024-09-03T17:58:20.558+0000] {logging_mixin.py:188} INFO - [2024-09-03T17:58:20.558+0000] {dag.py:3096} INFO - Sync 1 DAGs
[2024-09-03T17:58:20.577+0000] {logging_mixin.py:188} INFO - [2024-09-03T17:58:20.577+0000] {dag.py:3954} INFO - Setting next_dagrun for solar_adoption_dag to 2024-09-03 00:00:00+00:00, run_after=2024-09-04 00:00:00+00:00
[2024-09-03T17:58:20.595+0000] {processor.py:183} INFO - Processing /opt/airflow/dags/etl_dag.py took 0.622 seconds
[2024-09-03T17:58:50.655+0000] {processor.py:161} INFO - Started process (PID=252) to work on /opt/airflow/dags/etl_dag.py
[2024-09-03T17:58:50.657+0000] {processor.py:830} INFO - Processing file /opt/airflow/dags/etl_dag.py for tasks to queue
[2024-09-03T17:58:50.659+0000] {logging_mixin.py:188} INFO - [2024-09-03T17:58:50.659+0000] {dagbag.py:545} INFO - Filling up the DagBag from /opt/airflow/dags/etl_dag.py
[2024-09-03T17:58:51.097+0000] {processor.py:840} INFO - DAG(s) 'solar_adoption_dag' retrieved from /opt/airflow/dags/etl_dag.py
[2024-09-03T17:58:51.116+0000] {logging_mixin.py:188} INFO - [2024-09-03T17:58:51.116+0000] {dag.py:3096} INFO - Sync 1 DAGs
[2024-09-03T17:58:51.134+0000] {logging_mixin.py:188} INFO - [2024-09-03T17:58:51.134+0000] {dag.py:3954} INFO - Setting next_dagrun for solar_adoption_dag to 2024-09-03 00:00:00+00:00, run_after=2024-09-04 00:00:00+00:00
[2024-09-03T17:58:51.152+0000] {processor.py:183} INFO - Processing /opt/airflow/dags/etl_dag.py took 0.503 seconds
[2024-09-03T17:59:21.588+0000] {processor.py:161} INFO - Started process (PID=321) to work on /opt/airflow/dags/etl_dag.py
[2024-09-03T17:59:21.592+0000] {processor.py:830} INFO - Processing file /opt/airflow/dags/etl_dag.py for tasks to queue
[2024-09-03T17:59:21.613+0000] {logging_mixin.py:188} INFO - [2024-09-03T17:59:21.611+0000] {dagbag.py:545} INFO - Filling up the DagBag from /opt/airflow/dags/etl_dag.py
[2024-09-03T17:59:26.764+0000] {processor.py:840} INFO - DAG(s) 'solar_adoption_dag' retrieved from /opt/airflow/dags/etl_dag.py
[2024-09-03T17:59:27.220+0000] {logging_mixin.py:188} INFO - [2024-09-03T17:59:27.219+0000] {dag.py:3096} INFO - Sync 1 DAGs
[2024-09-03T17:59:27.543+0000] {logging_mixin.py:188} INFO - [2024-09-03T17:59:27.543+0000] {dag.py:3954} INFO - Setting next_dagrun for solar_adoption_dag to 2024-09-03 00:00:00+00:00, run_after=2024-09-04 00:00:00+00:00
[2024-09-03T17:59:30.174+0000] {processor.py:183} INFO - Processing /opt/airflow/dags/etl_dag.py took 8.658 seconds
[2024-09-03T18:00:00.377+0000] {processor.py:161} INFO - Started process (PID=382) to work on /opt/airflow/dags/etl_dag.py
[2024-09-03T18:00:00.379+0000] {processor.py:830} INFO - Processing file /opt/airflow/dags/etl_dag.py for tasks to queue
[2024-09-03T18:00:00.383+0000] {logging_mixin.py:188} INFO - [2024-09-03T18:00:00.382+0000] {dagbag.py:545} INFO - Filling up the DagBag from /opt/airflow/dags/etl_dag.py
[2024-09-03T18:00:01.216+0000] {processor.py:840} INFO - DAG(s) 'solar_adoption_dag' retrieved from /opt/airflow/dags/etl_dag.py
[2024-09-03T18:00:01.237+0000] {logging_mixin.py:188} INFO - [2024-09-03T18:00:01.237+0000] {dag.py:3096} INFO - Sync 1 DAGs
[2024-09-03T18:00:01.265+0000] {logging_mixin.py:188} INFO - [2024-09-03T18:00:01.265+0000] {dag.py:3954} INFO - Setting next_dagrun for solar_adoption_dag to 2024-09-03 00:00:00+00:00, run_after=2024-09-04 00:00:00+00:00
[2024-09-03T18:00:01.303+0000] {processor.py:183} INFO - Processing /opt/airflow/dags/etl_dag.py took 0.943 seconds
[2024-09-03T18:00:31.511+0000] {processor.py:161} INFO - Started process (PID=448) to work on /opt/airflow/dags/etl_dag.py
[2024-09-03T18:00:31.512+0000] {processor.py:830} INFO - Processing file /opt/airflow/dags/etl_dag.py for tasks to queue
[2024-09-03T18:00:31.513+0000] {logging_mixin.py:188} INFO - [2024-09-03T18:00:31.513+0000] {dagbag.py:545} INFO - Filling up the DagBag from /opt/airflow/dags/etl_dag.py
[2024-09-03T18:00:32.050+0000] {processor.py:840} INFO - DAG(s) 'solar_adoption_dag' retrieved from /opt/airflow/dags/etl_dag.py
[2024-09-03T18:00:32.068+0000] {logging_mixin.py:188} INFO - [2024-09-03T18:00:32.068+0000] {dag.py:3096} INFO - Sync 1 DAGs
[2024-09-03T18:00:32.087+0000] {logging_mixin.py:188} INFO - [2024-09-03T18:00:32.087+0000] {dag.py:3954} INFO - Setting next_dagrun for solar_adoption_dag to 2024-09-03 00:00:00+00:00, run_after=2024-09-04 00:00:00+00:00
[2024-09-03T18:00:32.123+0000] {processor.py:183} INFO - Processing /opt/airflow/dags/etl_dag.py took 0.617 seconds
[2024-09-03T18:01:03.018+0000] {processor.py:161} INFO - Started process (PID=509) to work on /opt/airflow/dags/etl_dag.py
[2024-09-03T18:01:03.019+0000] {processor.py:830} INFO - Processing file /opt/airflow/dags/etl_dag.py for tasks to queue
[2024-09-03T18:01:03.021+0000] {logging_mixin.py:188} INFO - [2024-09-03T18:01:03.021+0000] {dagbag.py:545} INFO - Filling up the DagBag from /opt/airflow/dags/etl_dag.py
[2024-09-03T18:01:03.508+0000] {processor.py:840} INFO - DAG(s) 'solar_adoption_dag' retrieved from /opt/airflow/dags/etl_dag.py
[2024-09-03T18:01:03.529+0000] {logging_mixin.py:188} INFO - [2024-09-03T18:01:03.529+0000] {dag.py:3096} INFO - Sync 1 DAGs
[2024-09-03T18:01:03.553+0000] {logging_mixin.py:188} INFO - [2024-09-03T18:01:03.553+0000] {dag.py:3954} INFO - Setting next_dagrun for solar_adoption_dag to 2024-09-03 00:00:00+00:00, run_after=2024-09-04 00:00:00+00:00
[2024-09-03T18:01:03.576+0000] {processor.py:183} INFO - Processing /opt/airflow/dags/etl_dag.py took 0.563 seconds
[2024-09-03T18:01:33.693+0000] {processor.py:161} INFO - Started process (PID=571) to work on /opt/airflow/dags/etl_dag.py
[2024-09-03T18:01:33.695+0000] {processor.py:830} INFO - Processing file /opt/airflow/dags/etl_dag.py for tasks to queue
[2024-09-03T18:01:33.698+0000] {logging_mixin.py:188} INFO - [2024-09-03T18:01:33.697+0000] {dagbag.py:545} INFO - Filling up the DagBag from /opt/airflow/dags/etl_dag.py
[2024-09-03T18:01:34.132+0000] {processor.py:840} INFO - DAG(s) 'solar_adoption_dag' retrieved from /opt/airflow/dags/etl_dag.py
[2024-09-03T18:01:34.150+0000] {logging_mixin.py:188} INFO - [2024-09-03T18:01:34.149+0000] {dag.py:3096} INFO - Sync 1 DAGs
[2024-09-03T18:01:34.167+0000] {logging_mixin.py:188} INFO - [2024-09-03T18:01:34.166+0000] {dag.py:3954} INFO - Setting next_dagrun for solar_adoption_dag to 2024-09-03 00:00:00+00:00, run_after=2024-09-04 00:00:00+00:00
[2024-09-03T18:01:34.185+0000] {processor.py:183} INFO - Processing /opt/airflow/dags/etl_dag.py took 0.498 seconds
[2024-09-03T18:02:05.153+0000] {processor.py:161} INFO - Started process (PID=631) to work on /opt/airflow/dags/etl_dag.py
[2024-09-03T18:02:05.154+0000] {processor.py:830} INFO - Processing file /opt/airflow/dags/etl_dag.py for tasks to queue
[2024-09-03T18:02:05.158+0000] {logging_mixin.py:188} INFO - [2024-09-03T18:02:05.157+0000] {dagbag.py:545} INFO - Filling up the DagBag from /opt/airflow/dags/etl_dag.py
[2024-09-03T18:02:05.815+0000] {processor.py:840} INFO - DAG(s) 'solar_adoption_dag' retrieved from /opt/airflow/dags/etl_dag.py
[2024-09-03T18:02:05.840+0000] {logging_mixin.py:188} INFO - [2024-09-03T18:02:05.840+0000] {dag.py:3096} INFO - Sync 1 DAGs
[2024-09-03T18:02:05.860+0000] {logging_mixin.py:188} INFO - [2024-09-03T18:02:05.859+0000] {dag.py:3954} INFO - Setting next_dagrun for solar_adoption_dag to 2024-09-03 00:00:00+00:00, run_after=2024-09-04 00:00:00+00:00
[2024-09-03T18:02:05.877+0000] {processor.py:183} INFO - Processing /opt/airflow/dags/etl_dag.py took 0.734 seconds
[2024-09-03T18:02:17.339+0000] {processor.py:161} INFO - Started process (PID=674) to work on /opt/airflow/dags/etl_dag.py
[2024-09-03T18:02:17.340+0000] {processor.py:830} INFO - Processing file /opt/airflow/dags/etl_dag.py for tasks to queue
[2024-09-03T18:02:17.343+0000] {logging_mixin.py:188} INFO - [2024-09-03T18:02:17.343+0000] {dagbag.py:545} INFO - Filling up the DagBag from /opt/airflow/dags/etl_dag.py
[2024-09-03T18:02:17.936+0000] {processor.py:840} INFO - DAG(s) 'solar_adoption_dag' retrieved from /opt/airflow/dags/etl_dag.py
[2024-09-03T18:02:18.077+0000] {logging_mixin.py:188} INFO - [2024-09-03T18:02:18.076+0000] {dag.py:3096} INFO - Sync 1 DAGs
[2024-09-03T18:02:18.109+0000] {logging_mixin.py:188} INFO - [2024-09-03T18:02:18.108+0000] {dag.py:3954} INFO - Setting next_dagrun for solar_adoption_dag to 2024-09-03 00:00:00+00:00, run_after=2024-09-04 00:00:00+00:00
[2024-09-03T18:02:18.142+0000] {processor.py:183} INFO - Processing /opt/airflow/dags/etl_dag.py took 0.812 seconds
[2024-09-03T18:02:48.576+0000] {processor.py:161} INFO - Started process (PID=734) to work on /opt/airflow/dags/etl_dag.py
[2024-09-03T18:02:48.577+0000] {processor.py:830} INFO - Processing file /opt/airflow/dags/etl_dag.py for tasks to queue
[2024-09-03T18:02:48.579+0000] {logging_mixin.py:188} INFO - [2024-09-03T18:02:48.579+0000] {dagbag.py:545} INFO - Filling up the DagBag from /opt/airflow/dags/etl_dag.py
[2024-09-03T18:02:49.146+0000] {processor.py:840} INFO - DAG(s) 'solar_adoption_dag' retrieved from /opt/airflow/dags/etl_dag.py
[2024-09-03T18:02:49.178+0000] {logging_mixin.py:188} INFO - [2024-09-03T18:02:49.177+0000] {dag.py:3096} INFO - Sync 1 DAGs
[2024-09-03T18:02:49.204+0000] {logging_mixin.py:188} INFO - [2024-09-03T18:02:49.203+0000] {dag.py:3954} INFO - Setting next_dagrun for solar_adoption_dag to 2024-09-03 00:00:00+00:00, run_after=2024-09-04 00:00:00+00:00
[2024-09-03T18:02:49.240+0000] {processor.py:183} INFO - Processing /opt/airflow/dags/etl_dag.py took 0.674 seconds
[2024-09-03T18:03:19.567+0000] {processor.py:161} INFO - Started process (PID=794) to work on /opt/airflow/dags/etl_dag.py
[2024-09-03T18:03:19.568+0000] {processor.py:830} INFO - Processing file /opt/airflow/dags/etl_dag.py for tasks to queue
[2024-09-03T18:03:19.570+0000] {logging_mixin.py:188} INFO - [2024-09-03T18:03:19.570+0000] {dagbag.py:545} INFO - Filling up the DagBag from /opt/airflow/dags/etl_dag.py
[2024-09-03T18:03:20.026+0000] {processor.py:840} INFO - DAG(s) 'solar_adoption_dag' retrieved from /opt/airflow/dags/etl_dag.py
[2024-09-03T18:03:20.057+0000] {logging_mixin.py:188} INFO - [2024-09-03T18:03:20.057+0000] {dag.py:3096} INFO - Sync 1 DAGs
[2024-09-03T18:03:20.090+0000] {logging_mixin.py:188} INFO - [2024-09-03T18:03:20.089+0000] {dag.py:3954} INFO - Setting next_dagrun for solar_adoption_dag to 2024-09-03 00:00:00+00:00, run_after=2024-09-04 00:00:00+00:00
[2024-09-03T18:03:20.130+0000] {processor.py:183} INFO - Processing /opt/airflow/dags/etl_dag.py took 0.569 seconds
[2024-09-03T18:03:50.600+0000] {processor.py:161} INFO - Started process (PID=854) to work on /opt/airflow/dags/etl_dag.py
[2024-09-03T18:03:50.601+0000] {processor.py:830} INFO - Processing file /opt/airflow/dags/etl_dag.py for tasks to queue
[2024-09-03T18:03:50.603+0000] {logging_mixin.py:188} INFO - [2024-09-03T18:03:50.603+0000] {dagbag.py:545} INFO - Filling up the DagBag from /opt/airflow/dags/etl_dag.py
[2024-09-03T18:03:51.163+0000] {processor.py:840} INFO - DAG(s) 'solar_adoption_dag' retrieved from /opt/airflow/dags/etl_dag.py
[2024-09-03T18:03:51.181+0000] {logging_mixin.py:188} INFO - [2024-09-03T18:03:51.181+0000] {dag.py:3096} INFO - Sync 1 DAGs
[2024-09-03T18:03:51.203+0000] {logging_mixin.py:188} INFO - [2024-09-03T18:03:51.202+0000] {dag.py:3954} INFO - Setting next_dagrun for solar_adoption_dag to 2024-09-03 00:00:00+00:00, run_after=2024-09-04 00:00:00+00:00
[2024-09-03T18:03:51.220+0000] {processor.py:183} INFO - Processing /opt/airflow/dags/etl_dag.py took 0.626 seconds
[2024-09-03T18:04:21.506+0000] {processor.py:161} INFO - Started process (PID=915) to work on /opt/airflow/dags/etl_dag.py
[2024-09-03T18:04:21.507+0000] {processor.py:830} INFO - Processing file /opt/airflow/dags/etl_dag.py for tasks to queue
[2024-09-03T18:04:21.509+0000] {logging_mixin.py:188} INFO - [2024-09-03T18:04:21.508+0000] {dagbag.py:545} INFO - Filling up the DagBag from /opt/airflow/dags/etl_dag.py
[2024-09-03T18:04:21.949+0000] {processor.py:840} INFO - DAG(s) 'solar_adoption_dag' retrieved from /opt/airflow/dags/etl_dag.py
[2024-09-03T18:04:21.967+0000] {logging_mixin.py:188} INFO - [2024-09-03T18:04:21.967+0000] {dag.py:3096} INFO - Sync 1 DAGs
[2024-09-03T18:04:21.983+0000] {logging_mixin.py:188} INFO - [2024-09-03T18:04:21.983+0000] {dag.py:3954} INFO - Setting next_dagrun for solar_adoption_dag to 2024-09-03 00:00:00+00:00, run_after=2024-09-04 00:00:00+00:00
[2024-09-03T18:04:22.003+0000] {processor.py:183} INFO - Processing /opt/airflow/dags/etl_dag.py took 0.504 seconds
[2024-09-03T18:04:52.332+0000] {processor.py:161} INFO - Started process (PID=973) to work on /opt/airflow/dags/etl_dag.py
[2024-09-03T18:04:52.335+0000] {processor.py:830} INFO - Processing file /opt/airflow/dags/etl_dag.py for tasks to queue
[2024-09-03T18:04:52.344+0000] {logging_mixin.py:188} INFO - [2024-09-03T18:04:52.343+0000] {dagbag.py:545} INFO - Filling up the DagBag from /opt/airflow/dags/etl_dag.py
[2024-09-03T18:04:53.055+0000] {processor.py:840} INFO - DAG(s) 'solar_adoption_dag' retrieved from /opt/airflow/dags/etl_dag.py
[2024-09-03T18:04:53.079+0000] {logging_mixin.py:188} INFO - [2024-09-03T18:04:53.079+0000] {dag.py:3096} INFO - Sync 1 DAGs
[2024-09-03T18:04:53.100+0000] {logging_mixin.py:188} INFO - [2024-09-03T18:04:53.099+0000] {dag.py:3954} INFO - Setting next_dagrun for solar_adoption_dag to 2024-09-03 00:00:00+00:00, run_after=2024-09-04 00:00:00+00:00
[2024-09-03T18:04:53.123+0000] {processor.py:183} INFO - Processing /opt/airflow/dags/etl_dag.py took 0.817 seconds
[2024-09-03T18:05:11.151+0000] {processor.py:161} INFO - Started process (PID=998) to work on /opt/airflow/dags/etl_dag.py
[2024-09-03T18:05:11.152+0000] {processor.py:830} INFO - Processing file /opt/airflow/dags/etl_dag.py for tasks to queue
[2024-09-03T18:05:11.154+0000] {logging_mixin.py:188} INFO - [2024-09-03T18:05:11.154+0000] {dagbag.py:545} INFO - Filling up the DagBag from /opt/airflow/dags/etl_dag.py
[2024-09-03T18:05:11.167+0000] {logging_mixin.py:188} INFO - [2024-09-03T18:05:11.166+0000] {dagbag.py:355} ERROR - Failed to import: /opt/airflow/dags/etl_dag.py
Traceback (most recent call last):
  File "/home/airflow/.local/lib/python3.12/site-packages/airflow/models/dagbag.py", line 351, in parse
    loader.exec_module(new_module)
  File "<frozen importlib._bootstrap_external>", line 991, in exec_module
  File "<frozen importlib._bootstrap_external>", line 1129, in get_code
  File "<frozen importlib._bootstrap_external>", line 1059, in source_to_code
  File "<frozen importlib._bootstrap>", line 488, in _call_with_frames_removed
  File "/opt/airflow/dags/etl_dag.py", line 30
    bash_command = f"echo 'initiating extraction'; 
                   ^
SyntaxError: unterminated f-string literal (detected at line 30)
[2024-09-03T18:05:11.168+0000] {processor.py:842} WARNING - No viable dags retrieved from /opt/airflow/dags/etl_dag.py
[2024-09-03T18:05:11.190+0000] {processor.py:183} INFO - Processing /opt/airflow/dags/etl_dag.py took 0.047 seconds
[2024-09-03T18:05:41.600+0000] {processor.py:161} INFO - Started process (PID=1057) to work on /opt/airflow/dags/etl_dag.py
[2024-09-03T18:05:41.608+0000] {processor.py:830} INFO - Processing file /opt/airflow/dags/etl_dag.py for tasks to queue
[2024-09-03T18:05:41.619+0000] {logging_mixin.py:188} INFO - [2024-09-03T18:05:41.618+0000] {dagbag.py:545} INFO - Filling up the DagBag from /opt/airflow/dags/etl_dag.py
[2024-09-03T18:05:41.703+0000] {logging_mixin.py:188} INFO - [2024-09-03T18:05:41.701+0000] {dagbag.py:355} ERROR - Failed to import: /opt/airflow/dags/etl_dag.py
Traceback (most recent call last):
  File "/home/airflow/.local/lib/python3.12/site-packages/airflow/models/dagbag.py", line 351, in parse
    loader.exec_module(new_module)
  File "<frozen importlib._bootstrap_external>", line 991, in exec_module
  File "<frozen importlib._bootstrap_external>", line 1129, in get_code
  File "<frozen importlib._bootstrap_external>", line 1059, in source_to_code
  File "<frozen importlib._bootstrap>", line 488, in _call_with_frames_removed
  File "/opt/airflow/dags/etl_dag.py", line 30
    bash_command = f"echo 'initiating extraction'; 
                   ^
SyntaxError: unterminated f-string literal (detected at line 30)
[2024-09-03T18:05:41.704+0000] {processor.py:842} WARNING - No viable dags retrieved from /opt/airflow/dags/etl_dag.py
[2024-09-03T18:05:41.731+0000] {processor.py:183} INFO - Processing /opt/airflow/dags/etl_dag.py took 0.154 seconds
[2024-09-03T18:06:11.870+0000] {processor.py:161} INFO - Started process (PID=1115) to work on /opt/airflow/dags/etl_dag.py
[2024-09-03T18:06:11.872+0000] {processor.py:830} INFO - Processing file /opt/airflow/dags/etl_dag.py for tasks to queue
[2024-09-03T18:06:11.877+0000] {logging_mixin.py:188} INFO - [2024-09-03T18:06:11.876+0000] {dagbag.py:545} INFO - Filling up the DagBag from /opt/airflow/dags/etl_dag.py
[2024-09-03T18:06:11.908+0000] {logging_mixin.py:188} INFO - [2024-09-03T18:06:11.905+0000] {dagbag.py:355} ERROR - Failed to import: /opt/airflow/dags/etl_dag.py
Traceback (most recent call last):
  File "/home/airflow/.local/lib/python3.12/site-packages/airflow/models/dagbag.py", line 351, in parse
    loader.exec_module(new_module)
  File "<frozen importlib._bootstrap_external>", line 991, in exec_module
  File "<frozen importlib._bootstrap_external>", line 1129, in get_code
  File "<frozen importlib._bootstrap_external>", line 1059, in source_to_code
  File "<frozen importlib._bootstrap>", line 488, in _call_with_frames_removed
  File "/opt/airflow/dags/etl_dag.py", line 30
    bash_command = f"echo 'initiating extraction'; 
                   ^
SyntaxError: unterminated f-string literal (detected at line 30)
[2024-09-03T18:06:11.910+0000] {processor.py:842} WARNING - No viable dags retrieved from /opt/airflow/dags/etl_dag.py
[2024-09-03T18:06:11.952+0000] {processor.py:183} INFO - Processing /opt/airflow/dags/etl_dag.py took 0.096 seconds
[2024-09-03T18:06:42.122+0000] {processor.py:161} INFO - Started process (PID=1174) to work on /opt/airflow/dags/etl_dag.py
[2024-09-03T18:06:42.123+0000] {processor.py:830} INFO - Processing file /opt/airflow/dags/etl_dag.py for tasks to queue
[2024-09-03T18:06:42.124+0000] {logging_mixin.py:188} INFO - [2024-09-03T18:06:42.124+0000] {dagbag.py:545} INFO - Filling up the DagBag from /opt/airflow/dags/etl_dag.py
[2024-09-03T18:06:42.149+0000] {logging_mixin.py:188} INFO - [2024-09-03T18:06:42.147+0000] {dagbag.py:355} ERROR - Failed to import: /opt/airflow/dags/etl_dag.py
Traceback (most recent call last):
  File "/home/airflow/.local/lib/python3.12/site-packages/airflow/models/dagbag.py", line 351, in parse
    loader.exec_module(new_module)
  File "<frozen importlib._bootstrap_external>", line 991, in exec_module
  File "<frozen importlib._bootstrap_external>", line 1129, in get_code
  File "<frozen importlib._bootstrap_external>", line 1059, in source_to_code
  File "<frozen importlib._bootstrap>", line 488, in _call_with_frames_removed
  File "/opt/airflow/dags/etl_dag.py", line 30
    bash_command = f"echo 'initiating extraction'; 
                   ^
SyntaxError: unterminated f-string literal (detected at line 30)
[2024-09-03T18:06:42.151+0000] {processor.py:842} WARNING - No viable dags retrieved from /opt/airflow/dags/etl_dag.py
[2024-09-03T18:06:42.212+0000] {processor.py:183} INFO - Processing /opt/airflow/dags/etl_dag.py took 0.097 seconds
[2024-09-03T18:07:12.430+0000] {processor.py:161} INFO - Started process (PID=1233) to work on /opt/airflow/dags/etl_dag.py
[2024-09-03T18:07:12.431+0000] {processor.py:830} INFO - Processing file /opt/airflow/dags/etl_dag.py for tasks to queue
[2024-09-03T18:07:12.432+0000] {logging_mixin.py:188} INFO - [2024-09-03T18:07:12.431+0000] {dagbag.py:545} INFO - Filling up the DagBag from /opt/airflow/dags/etl_dag.py
[2024-09-03T18:07:12.442+0000] {logging_mixin.py:188} INFO - [2024-09-03T18:07:12.441+0000] {dagbag.py:355} ERROR - Failed to import: /opt/airflow/dags/etl_dag.py
Traceback (most recent call last):
  File "/home/airflow/.local/lib/python3.12/site-packages/airflow/models/dagbag.py", line 351, in parse
    loader.exec_module(new_module)
  File "<frozen importlib._bootstrap_external>", line 991, in exec_module
  File "<frozen importlib._bootstrap_external>", line 1129, in get_code
  File "<frozen importlib._bootstrap_external>", line 1059, in source_to_code
  File "<frozen importlib._bootstrap>", line 488, in _call_with_frames_removed
  File "/opt/airflow/dags/etl_dag.py", line 30
    bash_command = f"echo 'initiating extraction'; 
                   ^
SyntaxError: unterminated f-string literal (detected at line 30)
[2024-09-03T18:07:12.443+0000] {processor.py:842} WARNING - No viable dags retrieved from /opt/airflow/dags/etl_dag.py
[2024-09-03T18:07:12.458+0000] {processor.py:183} INFO - Processing /opt/airflow/dags/etl_dag.py took 0.033 seconds
[2024-09-03T18:07:34.954+0000] {processor.py:161} INFO - Started process (PID=1287) to work on /opt/airflow/dags/etl_dag.py
[2024-09-03T18:07:34.956+0000] {processor.py:830} INFO - Processing file /opt/airflow/dags/etl_dag.py for tasks to queue
[2024-09-03T18:07:34.958+0000] {logging_mixin.py:188} INFO - [2024-09-03T18:07:34.957+0000] {dagbag.py:545} INFO - Filling up the DagBag from /opt/airflow/dags/etl_dag.py
[2024-09-03T18:07:34.976+0000] {logging_mixin.py:188} INFO - [2024-09-03T18:07:34.974+0000] {dagbag.py:355} ERROR - Failed to import: /opt/airflow/dags/etl_dag.py
Traceback (most recent call last):
  File "/home/airflow/.local/lib/python3.12/site-packages/airflow/models/dagbag.py", line 351, in parse
    loader.exec_module(new_module)
  File "<frozen importlib._bootstrap_external>", line 991, in exec_module
  File "<frozen importlib._bootstrap_external>", line 1129, in get_code
  File "<frozen importlib._bootstrap_external>", line 1059, in source_to_code
  File "<frozen importlib._bootstrap>", line 488, in _call_with_frames_removed
  File "/opt/airflow/dags/etl_dag.py", line 30
    bash_command = f"echo 'initiating extraction'; 
                   ^
SyntaxError: unterminated f-string literal (detected at line 30)
[2024-09-03T18:07:34.977+0000] {processor.py:842} WARNING - No viable dags retrieved from /opt/airflow/dags/etl_dag.py
[2024-09-03T18:07:35.003+0000] {processor.py:183} INFO - Processing /opt/airflow/dags/etl_dag.py took 0.065 seconds
[2024-09-03T18:08:05.195+0000] {processor.py:161} INFO - Started process (PID=1346) to work on /opt/airflow/dags/etl_dag.py
[2024-09-03T18:08:05.196+0000] {processor.py:830} INFO - Processing file /opt/airflow/dags/etl_dag.py for tasks to queue
[2024-09-03T18:08:05.198+0000] {logging_mixin.py:188} INFO - [2024-09-03T18:08:05.197+0000] {dagbag.py:545} INFO - Filling up the DagBag from /opt/airflow/dags/etl_dag.py
[2024-09-03T18:08:05.210+0000] {logging_mixin.py:188} INFO - [2024-09-03T18:08:05.209+0000] {dagbag.py:355} ERROR - Failed to import: /opt/airflow/dags/etl_dag.py
Traceback (most recent call last):
  File "/home/airflow/.local/lib/python3.12/site-packages/airflow/models/dagbag.py", line 351, in parse
    loader.exec_module(new_module)
  File "<frozen importlib._bootstrap_external>", line 991, in exec_module
  File "<frozen importlib._bootstrap_external>", line 1129, in get_code
  File "<frozen importlib._bootstrap_external>", line 1059, in source_to_code
  File "<frozen importlib._bootstrap>", line 488, in _call_with_frames_removed
  File "/opt/airflow/dags/etl_dag.py", line 30
    bash_command = f"echo 'initiating extraction'; 
                   ^
SyntaxError: unterminated f-string literal (detected at line 30)
[2024-09-03T18:08:05.211+0000] {processor.py:842} WARNING - No viable dags retrieved from /opt/airflow/dags/etl_dag.py
[2024-09-03T18:08:05.266+0000] {processor.py:183} INFO - Processing /opt/airflow/dags/etl_dag.py took 0.078 seconds
[2024-09-03T18:08:35.510+0000] {processor.py:161} INFO - Started process (PID=1405) to work on /opt/airflow/dags/etl_dag.py
[2024-09-03T18:08:35.512+0000] {processor.py:830} INFO - Processing file /opt/airflow/dags/etl_dag.py for tasks to queue
[2024-09-03T18:08:35.513+0000] {logging_mixin.py:188} INFO - [2024-09-03T18:08:35.513+0000] {dagbag.py:545} INFO - Filling up the DagBag from /opt/airflow/dags/etl_dag.py
[2024-09-03T18:08:35.534+0000] {logging_mixin.py:188} INFO - [2024-09-03T18:08:35.533+0000] {dagbag.py:355} ERROR - Failed to import: /opt/airflow/dags/etl_dag.py
Traceback (most recent call last):
  File "/home/airflow/.local/lib/python3.12/site-packages/airflow/models/dagbag.py", line 351, in parse
    loader.exec_module(new_module)
  File "<frozen importlib._bootstrap_external>", line 991, in exec_module
  File "<frozen importlib._bootstrap_external>", line 1129, in get_code
  File "<frozen importlib._bootstrap_external>", line 1059, in source_to_code
  File "<frozen importlib._bootstrap>", line 488, in _call_with_frames_removed
  File "/opt/airflow/dags/etl_dag.py", line 30
    bash_command = f"echo 'initiating extraction'; 
                   ^
SyntaxError: unterminated f-string literal (detected at line 30)
[2024-09-03T18:08:35.536+0000] {processor.py:842} WARNING - No viable dags retrieved from /opt/airflow/dags/etl_dag.py
[2024-09-03T18:08:35.572+0000] {processor.py:183} INFO - Processing /opt/airflow/dags/etl_dag.py took 0.074 seconds
[2024-09-03T18:09:05.828+0000] {processor.py:161} INFO - Started process (PID=1464) to work on /opt/airflow/dags/etl_dag.py
[2024-09-03T18:09:05.829+0000] {processor.py:830} INFO - Processing file /opt/airflow/dags/etl_dag.py for tasks to queue
[2024-09-03T18:09:05.830+0000] {logging_mixin.py:188} INFO - [2024-09-03T18:09:05.830+0000] {dagbag.py:545} INFO - Filling up the DagBag from /opt/airflow/dags/etl_dag.py
[2024-09-03T18:09:05.844+0000] {logging_mixin.py:188} INFO - [2024-09-03T18:09:05.843+0000] {dagbag.py:355} ERROR - Failed to import: /opt/airflow/dags/etl_dag.py
Traceback (most recent call last):
  File "/home/airflow/.local/lib/python3.12/site-packages/airflow/models/dagbag.py", line 351, in parse
    loader.exec_module(new_module)
  File "<frozen importlib._bootstrap_external>", line 991, in exec_module
  File "<frozen importlib._bootstrap_external>", line 1129, in get_code
  File "<frozen importlib._bootstrap_external>", line 1059, in source_to_code
  File "<frozen importlib._bootstrap>", line 488, in _call_with_frames_removed
  File "/opt/airflow/dags/etl_dag.py", line 30
    bash_command = f"echo 'initiating extraction'; 
                   ^
SyntaxError: unterminated f-string literal (detected at line 30)
[2024-09-03T18:09:05.845+0000] {processor.py:842} WARNING - No viable dags retrieved from /opt/airflow/dags/etl_dag.py
[2024-09-03T18:09:05.881+0000] {processor.py:183} INFO - Processing /opt/airflow/dags/etl_dag.py took 0.060 seconds
[2024-09-03T18:09:08.984+0000] {processor.py:161} INFO - Started process (PID=1466) to work on /opt/airflow/dags/etl_dag.py
[2024-09-03T18:09:08.986+0000] {processor.py:830} INFO - Processing file /opt/airflow/dags/etl_dag.py for tasks to queue
[2024-09-03T18:09:08.987+0000] {logging_mixin.py:188} INFO - [2024-09-03T18:09:08.987+0000] {dagbag.py:545} INFO - Filling up the DagBag from /opt/airflow/dags/etl_dag.py
[2024-09-03T18:09:09.004+0000] {logging_mixin.py:188} INFO - [2024-09-03T18:09:09.003+0000] {dagbag.py:355} ERROR - Failed to import: /opt/airflow/dags/etl_dag.py
Traceback (most recent call last):
  File "/home/airflow/.local/lib/python3.12/site-packages/airflow/models/dagbag.py", line 351, in parse
    loader.exec_module(new_module)
  File "<frozen importlib._bootstrap_external>", line 991, in exec_module
  File "<frozen importlib._bootstrap_external>", line 1129, in get_code
  File "<frozen importlib._bootstrap_external>", line 1059, in source_to_code
  File "<frozen importlib._bootstrap>", line 488, in _call_with_frames_removed
  File "/opt/airflow/dags/etl_dag.py", line 30
    bash_command = f"echo 'initiating extraction'; 
                   ^
SyntaxError: unterminated f-string literal (detected at line 30)
[2024-09-03T18:09:09.005+0000] {processor.py:842} WARNING - No viable dags retrieved from /opt/airflow/dags/etl_dag.py
[2024-09-03T18:09:09.037+0000] {processor.py:183} INFO - Processing /opt/airflow/dags/etl_dag.py took 0.059 seconds
[2024-09-03T18:09:29.398+0000] {processor.py:161} INFO - Started process (PID=1512) to work on /opt/airflow/dags/etl_dag.py
[2024-09-03T18:09:29.400+0000] {processor.py:830} INFO - Processing file /opt/airflow/dags/etl_dag.py for tasks to queue
[2024-09-03T18:09:29.401+0000] {logging_mixin.py:188} INFO - [2024-09-03T18:09:29.401+0000] {dagbag.py:545} INFO - Filling up the DagBag from /opt/airflow/dags/etl_dag.py
[2024-09-03T18:09:29.419+0000] {logging_mixin.py:188} INFO - [2024-09-03T18:09:29.417+0000] {dagbag.py:355} ERROR - Failed to import: /opt/airflow/dags/etl_dag.py
Traceback (most recent call last):
  File "/home/airflow/.local/lib/python3.12/site-packages/airflow/models/dagbag.py", line 351, in parse
    loader.exec_module(new_module)
  File "<frozen importlib._bootstrap_external>", line 991, in exec_module
  File "<frozen importlib._bootstrap_external>", line 1129, in get_code
  File "<frozen importlib._bootstrap_external>", line 1059, in source_to_code
  File "<frozen importlib._bootstrap>", line 488, in _call_with_frames_removed
  File "/opt/airflow/dags/etl_dag.py", line 30
    bash_command = f"echo 'initiating extraction'; 
                   ^
SyntaxError: unterminated f-string literal (detected at line 30)
[2024-09-03T18:09:29.420+0000] {processor.py:842} WARNING - No viable dags retrieved from /opt/airflow/dags/etl_dag.py
[2024-09-03T18:09:29.450+0000] {processor.py:183} INFO - Processing /opt/airflow/dags/etl_dag.py took 0.060 seconds
[2024-09-03T18:10:58.231+0000] {processor.py:161} INFO - Started process (PID=65) to work on /opt/airflow/dags/etl_dag.py
[2024-09-03T18:10:58.235+0000] {processor.py:830} INFO - Processing file /opt/airflow/dags/etl_dag.py for tasks to queue
[2024-09-03T18:10:58.241+0000] {logging_mixin.py:188} INFO - [2024-09-03T18:10:58.240+0000] {dagbag.py:545} INFO - Filling up the DagBag from /opt/airflow/dags/etl_dag.py
[2024-09-03T18:10:58.268+0000] {logging_mixin.py:188} INFO - [2024-09-03T18:10:58.265+0000] {dagbag.py:355} ERROR - Failed to import: /opt/airflow/dags/etl_dag.py
Traceback (most recent call last):
  File "/home/airflow/.local/lib/python3.12/site-packages/airflow/models/dagbag.py", line 351, in parse
    loader.exec_module(new_module)
  File "<frozen importlib._bootstrap_external>", line 991, in exec_module
  File "<frozen importlib._bootstrap_external>", line 1129, in get_code
  File "<frozen importlib._bootstrap_external>", line 1059, in source_to_code
  File "<frozen importlib._bootstrap>", line 488, in _call_with_frames_removed
  File "/opt/airflow/dags/etl_dag.py", line 30
    bash_command = f"echo 'initiating extraction'; 
                   ^
SyntaxError: unterminated f-string literal (detected at line 30)
[2024-09-03T18:10:58.270+0000] {processor.py:842} WARNING - No viable dags retrieved from /opt/airflow/dags/etl_dag.py
[2024-09-03T18:10:58.319+0000] {processor.py:183} INFO - Processing /opt/airflow/dags/etl_dag.py took 0.104 seconds
[2024-09-03T18:11:29.150+0000] {processor.py:161} INFO - Started process (PID=124) to work on /opt/airflow/dags/etl_dag.py
[2024-09-03T18:11:29.151+0000] {processor.py:830} INFO - Processing file /opt/airflow/dags/etl_dag.py for tasks to queue
[2024-09-03T18:11:29.153+0000] {logging_mixin.py:188} INFO - [2024-09-03T18:11:29.153+0000] {dagbag.py:545} INFO - Filling up the DagBag from /opt/airflow/dags/etl_dag.py
[2024-09-03T18:11:29.168+0000] {logging_mixin.py:188} INFO - [2024-09-03T18:11:29.167+0000] {dagbag.py:355} ERROR - Failed to import: /opt/airflow/dags/etl_dag.py
Traceback (most recent call last):
  File "/home/airflow/.local/lib/python3.12/site-packages/airflow/models/dagbag.py", line 351, in parse
    loader.exec_module(new_module)
  File "<frozen importlib._bootstrap_external>", line 991, in exec_module
  File "<frozen importlib._bootstrap_external>", line 1129, in get_code
  File "<frozen importlib._bootstrap_external>", line 1059, in source_to_code
  File "<frozen importlib._bootstrap>", line 488, in _call_with_frames_removed
  File "/opt/airflow/dags/etl_dag.py", line 30
    bash_command = f"echo 'initiating extraction'; 
                   ^
SyntaxError: unterminated f-string literal (detected at line 30)
[2024-09-03T18:11:29.169+0000] {processor.py:842} WARNING - No viable dags retrieved from /opt/airflow/dags/etl_dag.py
[2024-09-03T18:11:29.197+0000] {processor.py:183} INFO - Processing /opt/airflow/dags/etl_dag.py took 0.054 seconds
[2024-09-03T18:11:59.465+0000] {processor.py:161} INFO - Started process (PID=183) to work on /opt/airflow/dags/etl_dag.py
[2024-09-03T18:11:59.467+0000] {processor.py:830} INFO - Processing file /opt/airflow/dags/etl_dag.py for tasks to queue
[2024-09-03T18:11:59.471+0000] {logging_mixin.py:188} INFO - [2024-09-03T18:11:59.471+0000] {dagbag.py:545} INFO - Filling up the DagBag from /opt/airflow/dags/etl_dag.py
[2024-09-03T18:11:59.491+0000] {logging_mixin.py:188} INFO - [2024-09-03T18:11:59.490+0000] {dagbag.py:355} ERROR - Failed to import: /opt/airflow/dags/etl_dag.py
Traceback (most recent call last):
  File "/home/airflow/.local/lib/python3.12/site-packages/airflow/models/dagbag.py", line 351, in parse
    loader.exec_module(new_module)
  File "<frozen importlib._bootstrap_external>", line 991, in exec_module
  File "<frozen importlib._bootstrap_external>", line 1129, in get_code
  File "<frozen importlib._bootstrap_external>", line 1059, in source_to_code
  File "<frozen importlib._bootstrap>", line 488, in _call_with_frames_removed
  File "/opt/airflow/dags/etl_dag.py", line 30
    bash_command = f"echo 'initiating extraction'; 
                   ^
SyntaxError: unterminated f-string literal (detected at line 30)
[2024-09-03T18:11:59.493+0000] {processor.py:842} WARNING - No viable dags retrieved from /opt/airflow/dags/etl_dag.py
[2024-09-03T18:11:59.512+0000] {processor.py:183} INFO - Processing /opt/airflow/dags/etl_dag.py took 0.062 seconds
[2024-09-03T18:12:29.783+0000] {processor.py:161} INFO - Started process (PID=242) to work on /opt/airflow/dags/etl_dag.py
[2024-09-03T18:12:29.784+0000] {processor.py:830} INFO - Processing file /opt/airflow/dags/etl_dag.py for tasks to queue
[2024-09-03T18:12:29.787+0000] {logging_mixin.py:188} INFO - [2024-09-03T18:12:29.787+0000] {dagbag.py:545} INFO - Filling up the DagBag from /opt/airflow/dags/etl_dag.py
[2024-09-03T18:12:29.808+0000] {logging_mixin.py:188} INFO - [2024-09-03T18:12:29.806+0000] {dagbag.py:355} ERROR - Failed to import: /opt/airflow/dags/etl_dag.py
Traceback (most recent call last):
  File "/home/airflow/.local/lib/python3.12/site-packages/airflow/models/dagbag.py", line 351, in parse
    loader.exec_module(new_module)
  File "<frozen importlib._bootstrap_external>", line 991, in exec_module
  File "<frozen importlib._bootstrap_external>", line 1129, in get_code
  File "<frozen importlib._bootstrap_external>", line 1059, in source_to_code
  File "<frozen importlib._bootstrap>", line 488, in _call_with_frames_removed
  File "/opt/airflow/dags/etl_dag.py", line 30
    bash_command = f"echo 'initiating extraction'; 
                   ^
SyntaxError: unterminated f-string literal (detected at line 30)
[2024-09-03T18:12:29.809+0000] {processor.py:842} WARNING - No viable dags retrieved from /opt/airflow/dags/etl_dag.py
[2024-09-03T18:12:29.843+0000] {processor.py:183} INFO - Processing /opt/airflow/dags/etl_dag.py took 0.072 seconds
[2024-09-03T18:12:59.983+0000] {processor.py:161} INFO - Started process (PID=301) to work on /opt/airflow/dags/etl_dag.py
[2024-09-03T18:12:59.985+0000] {processor.py:830} INFO - Processing file /opt/airflow/dags/etl_dag.py for tasks to queue
[2024-09-03T18:12:59.988+0000] {logging_mixin.py:188} INFO - [2024-09-03T18:12:59.987+0000] {dagbag.py:545} INFO - Filling up the DagBag from /opt/airflow/dags/etl_dag.py
[2024-09-03T18:13:00.003+0000] {logging_mixin.py:188} INFO - [2024-09-03T18:13:00.002+0000] {dagbag.py:355} ERROR - Failed to import: /opt/airflow/dags/etl_dag.py
Traceback (most recent call last):
  File "/home/airflow/.local/lib/python3.12/site-packages/airflow/models/dagbag.py", line 351, in parse
    loader.exec_module(new_module)
  File "<frozen importlib._bootstrap_external>", line 991, in exec_module
  File "<frozen importlib._bootstrap_external>", line 1129, in get_code
  File "<frozen importlib._bootstrap_external>", line 1059, in source_to_code
  File "<frozen importlib._bootstrap>", line 488, in _call_with_frames_removed
  File "/opt/airflow/dags/etl_dag.py", line 30
    bash_command = f"echo 'initiating extraction'; 
                   ^
SyntaxError: unterminated f-string literal (detected at line 30)
[2024-09-03T18:13:00.004+0000] {processor.py:842} WARNING - No viable dags retrieved from /opt/airflow/dags/etl_dag.py
[2024-09-03T18:13:00.030+0000] {processor.py:183} INFO - Processing /opt/airflow/dags/etl_dag.py took 0.056 seconds
[2024-09-03T18:13:30.627+0000] {processor.py:161} INFO - Started process (PID=360) to work on /opt/airflow/dags/etl_dag.py
[2024-09-03T18:13:30.628+0000] {processor.py:830} INFO - Processing file /opt/airflow/dags/etl_dag.py for tasks to queue
[2024-09-03T18:13:30.631+0000] {logging_mixin.py:188} INFO - [2024-09-03T18:13:30.630+0000] {dagbag.py:545} INFO - Filling up the DagBag from /opt/airflow/dags/etl_dag.py
[2024-09-03T18:13:31.112+0000] {processor.py:840} INFO - DAG(s) 'solar_adoption_dag' retrieved from /opt/airflow/dags/etl_dag.py
[2024-09-03T18:13:31.198+0000] {logging_mixin.py:188} INFO - [2024-09-03T18:13:31.198+0000] {override.py:1829} INFO - Created Permission View: can edit on DAG:solar_adoption_dag
[2024-09-03T18:13:31.209+0000] {logging_mixin.py:188} INFO - [2024-09-03T18:13:31.208+0000] {override.py:1829} INFO - Created Permission View: can delete on DAG:solar_adoption_dag
[2024-09-03T18:13:31.215+0000] {logging_mixin.py:188} INFO - [2024-09-03T18:13:31.214+0000] {override.py:1829} INFO - Created Permission View: can read on DAG:solar_adoption_dag
[2024-09-03T18:13:31.215+0000] {logging_mixin.py:188} INFO - [2024-09-03T18:13:31.215+0000] {dag.py:3096} INFO - Sync 1 DAGs
[2024-09-03T18:13:31.225+0000] {logging_mixin.py:188} INFO - [2024-09-03T18:13:31.224+0000] {dag.py:3118} INFO - Creating ORM DAG for solar_adoption_dag
[2024-09-03T18:13:31.232+0000] {logging_mixin.py:188} INFO - [2024-09-03T18:13:31.232+0000] {dag.py:3954} INFO - Setting next_dagrun for solar_adoption_dag to 2024-09-03 00:00:00+00:00, run_after=2024-09-04 00:00:00+00:00
[2024-09-03T18:13:31.248+0000] {processor.py:183} INFO - Processing /opt/airflow/dags/etl_dag.py took 0.628 seconds
[2024-09-03T18:13:33.886+0000] {processor.py:161} INFO - Started process (PID=370) to work on /opt/airflow/dags/etl_dag.py
[2024-09-03T18:13:33.888+0000] {processor.py:830} INFO - Processing file /opt/airflow/dags/etl_dag.py for tasks to queue
[2024-09-03T18:13:33.891+0000] {logging_mixin.py:188} INFO - [2024-09-03T18:13:33.890+0000] {dagbag.py:545} INFO - Filling up the DagBag from /opt/airflow/dags/etl_dag.py
[2024-09-03T18:13:34.513+0000] {processor.py:840} INFO - DAG(s) 'solar_adoption_dag' retrieved from /opt/airflow/dags/etl_dag.py
[2024-09-03T18:13:34.524+0000] {logging_mixin.py:188} INFO - [2024-09-03T18:13:34.524+0000] {dag.py:3096} INFO - Sync 1 DAGs
[2024-09-03T18:13:34.572+0000] {logging_mixin.py:188} INFO - [2024-09-03T18:13:34.571+0000] {dag.py:3954} INFO - Setting next_dagrun for solar_adoption_dag to 2024-09-03 00:00:00+00:00, run_after=2024-09-04 00:00:00+00:00
[2024-09-03T18:13:34.610+0000] {processor.py:183} INFO - Processing /opt/airflow/dags/etl_dag.py took 0.732 seconds
[2024-09-03T18:13:38.196+0000] {processor.py:161} INFO - Started process (PID=395) to work on /opt/airflow/dags/etl_dag.py
[2024-09-03T18:13:38.198+0000] {processor.py:830} INFO - Processing file /opt/airflow/dags/etl_dag.py for tasks to queue
[2024-09-03T18:13:38.202+0000] {logging_mixin.py:188} INFO - [2024-09-03T18:13:38.201+0000] {dagbag.py:545} INFO - Filling up the DagBag from /opt/airflow/dags/etl_dag.py
[2024-09-03T18:13:38.931+0000] {processor.py:840} INFO - DAG(s) 'solar_adoption_dag' retrieved from /opt/airflow/dags/etl_dag.py
[2024-09-03T18:13:38.943+0000] {logging_mixin.py:188} INFO - [2024-09-03T18:13:38.942+0000] {dag.py:3096} INFO - Sync 1 DAGs
[2024-09-03T18:13:38.962+0000] {logging_mixin.py:188} INFO - [2024-09-03T18:13:38.962+0000] {dag.py:3954} INFO - Setting next_dagrun for solar_adoption_dag to 2024-09-03 00:00:00+00:00, run_after=2024-09-04 00:00:00+00:00
[2024-09-03T18:13:38.984+0000] {processor.py:183} INFO - Processing /opt/airflow/dags/etl_dag.py took 0.800 seconds
[2024-09-03T18:13:41.433+0000] {processor.py:161} INFO - Started process (PID=404) to work on /opt/airflow/dags/etl_dag.py
[2024-09-03T18:13:41.435+0000] {processor.py:830} INFO - Processing file /opt/airflow/dags/etl_dag.py for tasks to queue
[2024-09-03T18:13:41.437+0000] {logging_mixin.py:188} INFO - [2024-09-03T18:13:41.437+0000] {dagbag.py:545} INFO - Filling up the DagBag from /opt/airflow/dags/etl_dag.py
[2024-09-03T18:13:42.279+0000] {processor.py:840} INFO - DAG(s) 'solar_adoption_dag' retrieved from /opt/airflow/dags/etl_dag.py
[2024-09-03T18:13:42.288+0000] {logging_mixin.py:188} INFO - [2024-09-03T18:13:42.288+0000] {dag.py:3096} INFO - Sync 1 DAGs
[2024-09-03T18:13:42.319+0000] {logging_mixin.py:188} INFO - [2024-09-03T18:13:42.318+0000] {dag.py:3954} INFO - Setting next_dagrun for solar_adoption_dag to 2024-09-03 00:00:00+00:00, run_after=2024-09-04 00:00:00+00:00
[2024-09-03T18:13:42.354+0000] {processor.py:183} INFO - Processing /opt/airflow/dags/etl_dag.py took 0.927 seconds
[2024-09-03T18:14:12.515+0000] {processor.py:161} INFO - Started process (PID=469) to work on /opt/airflow/dags/etl_dag.py
[2024-09-03T18:14:12.516+0000] {processor.py:830} INFO - Processing file /opt/airflow/dags/etl_dag.py for tasks to queue
[2024-09-03T18:14:12.518+0000] {logging_mixin.py:188} INFO - [2024-09-03T18:14:12.517+0000] {dagbag.py:545} INFO - Filling up the DagBag from /opt/airflow/dags/etl_dag.py
[2024-09-03T18:14:13.014+0000] {processor.py:840} INFO - DAG(s) 'solar_adoption_dag' retrieved from /opt/airflow/dags/etl_dag.py
[2024-09-03T18:14:13.102+0000] {logging_mixin.py:188} INFO - [2024-09-03T18:14:13.102+0000] {dag.py:3096} INFO - Sync 1 DAGs
[2024-09-03T18:14:13.119+0000] {logging_mixin.py:188} INFO - [2024-09-03T18:14:13.119+0000] {dag.py:3954} INFO - Setting next_dagrun for solar_adoption_dag to 2024-09-03 00:00:00+00:00, run_after=2024-09-04 00:00:00+00:00
[2024-09-03T18:14:13.142+0000] {processor.py:183} INFO - Processing /opt/airflow/dags/etl_dag.py took 0.633 seconds
[2024-09-03T18:14:43.673+0000] {processor.py:161} INFO - Started process (PID=529) to work on /opt/airflow/dags/etl_dag.py
[2024-09-03T18:14:43.675+0000] {processor.py:830} INFO - Processing file /opt/airflow/dags/etl_dag.py for tasks to queue
[2024-09-03T18:14:43.678+0000] {logging_mixin.py:188} INFO - [2024-09-03T18:14:43.678+0000] {dagbag.py:545} INFO - Filling up the DagBag from /opt/airflow/dags/etl_dag.py
[2024-09-03T18:14:44.356+0000] {processor.py:840} INFO - DAG(s) 'solar_adoption_dag' retrieved from /opt/airflow/dags/etl_dag.py
[2024-09-03T18:14:44.390+0000] {logging_mixin.py:188} INFO - [2024-09-03T18:14:44.389+0000] {dag.py:3096} INFO - Sync 1 DAGs
[2024-09-03T18:14:44.414+0000] {logging_mixin.py:188} INFO - [2024-09-03T18:14:44.414+0000] {dag.py:3954} INFO - Setting next_dagrun for solar_adoption_dag to 2024-09-03 00:00:00+00:00, run_after=2024-09-04 00:00:00+00:00
[2024-09-03T18:14:44.450+0000] {processor.py:183} INFO - Processing /opt/airflow/dags/etl_dag.py took 0.788 seconds
[2024-09-03T18:16:27.551+0000] {processor.py:161} INFO - Started process (PID=63) to work on /opt/airflow/dags/etl_dag.py
[2024-09-03T18:16:27.552+0000] {processor.py:830} INFO - Processing file /opt/airflow/dags/etl_dag.py for tasks to queue
[2024-09-03T18:16:27.556+0000] {logging_mixin.py:188} INFO - [2024-09-03T18:16:27.556+0000] {dagbag.py:545} INFO - Filling up the DagBag from /opt/airflow/dags/etl_dag.py
[2024-09-03T18:16:30.975+0000] {processor.py:840} INFO - DAG(s) 'solar_adoption_dag' retrieved from /opt/airflow/dags/etl_dag.py
[2024-09-03T18:16:31.450+0000] {logging_mixin.py:188} INFO - [2024-09-03T18:16:31.449+0000] {override.py:1829} INFO - Created Permission View: can edit on DAG:solar_adoption_dag
[2024-09-03T18:16:31.465+0000] {logging_mixin.py:188} INFO - [2024-09-03T18:16:31.465+0000] {override.py:1829} INFO - Created Permission View: can read on DAG:solar_adoption_dag
[2024-09-03T18:16:31.477+0000] {logging_mixin.py:188} INFO - [2024-09-03T18:16:31.477+0000] {override.py:1829} INFO - Created Permission View: can delete on DAG:solar_adoption_dag
[2024-09-03T18:16:31.482+0000] {logging_mixin.py:188} INFO - [2024-09-03T18:16:31.481+0000] {dag.py:3096} INFO - Sync 1 DAGs
[2024-09-03T18:16:31.502+0000] {logging_mixin.py:188} INFO - [2024-09-03T18:16:31.501+0000] {dag.py:3118} INFO - Creating ORM DAG for solar_adoption_dag
[2024-09-03T18:16:31.523+0000] {logging_mixin.py:188} INFO - [2024-09-03T18:16:31.522+0000] {dag.py:3954} INFO - Setting next_dagrun for solar_adoption_dag to 2024-09-03 00:00:00+00:00, run_after=2024-09-04 00:00:00+00:00
[2024-09-03T18:16:31.556+0000] {processor.py:183} INFO - Processing /opt/airflow/dags/etl_dag.py took 4.016 seconds
[2024-09-03T18:17:01.877+0000] {processor.py:161} INFO - Started process (PID=127) to work on /opt/airflow/dags/etl_dag.py
[2024-09-03T18:17:01.878+0000] {processor.py:830} INFO - Processing file /opt/airflow/dags/etl_dag.py for tasks to queue
[2024-09-03T18:17:01.881+0000] {logging_mixin.py:188} INFO - [2024-09-03T18:17:01.880+0000] {dagbag.py:545} INFO - Filling up the DagBag from /opt/airflow/dags/etl_dag.py
[2024-09-03T18:17:02.555+0000] {processor.py:840} INFO - DAG(s) 'solar_adoption_dag' retrieved from /opt/airflow/dags/etl_dag.py
[2024-09-03T18:17:02.572+0000] {logging_mixin.py:188} INFO - [2024-09-03T18:17:02.572+0000] {dag.py:3096} INFO - Sync 1 DAGs
[2024-09-03T18:17:02.588+0000] {logging_mixin.py:188} INFO - [2024-09-03T18:17:02.588+0000] {dag.py:3954} INFO - Setting next_dagrun for solar_adoption_dag to 2024-09-03 00:00:00+00:00, run_after=2024-09-04 00:00:00+00:00
[2024-09-03T18:17:02.608+0000] {processor.py:183} INFO - Processing /opt/airflow/dags/etl_dag.py took 0.741 seconds
[2024-09-03T18:17:32.743+0000] {processor.py:161} INFO - Started process (PID=190) to work on /opt/airflow/dags/etl_dag.py
[2024-09-03T18:17:32.744+0000] {processor.py:830} INFO - Processing file /opt/airflow/dags/etl_dag.py for tasks to queue
[2024-09-03T18:17:32.746+0000] {logging_mixin.py:188} INFO - [2024-09-03T18:17:32.745+0000] {dagbag.py:545} INFO - Filling up the DagBag from /opt/airflow/dags/etl_dag.py
[2024-09-03T18:17:33.208+0000] {processor.py:840} INFO - DAG(s) 'solar_adoption_dag' retrieved from /opt/airflow/dags/etl_dag.py
[2024-09-03T18:17:33.227+0000] {logging_mixin.py:188} INFO - [2024-09-03T18:17:33.226+0000] {dag.py:3096} INFO - Sync 1 DAGs
[2024-09-03T18:17:33.243+0000] {logging_mixin.py:188} INFO - [2024-09-03T18:17:33.243+0000] {dag.py:3954} INFO - Setting next_dagrun for solar_adoption_dag to 2024-09-03 00:00:00+00:00, run_after=2024-09-04 00:00:00+00:00
[2024-09-03T18:17:33.274+0000] {processor.py:183} INFO - Processing /opt/airflow/dags/etl_dag.py took 0.537 seconds
[2024-09-03T18:18:04.052+0000] {processor.py:161} INFO - Started process (PID=251) to work on /opt/airflow/dags/etl_dag.py
[2024-09-03T18:18:04.053+0000] {processor.py:830} INFO - Processing file /opt/airflow/dags/etl_dag.py for tasks to queue
[2024-09-03T18:18:04.055+0000] {logging_mixin.py:188} INFO - [2024-09-03T18:18:04.055+0000] {dagbag.py:545} INFO - Filling up the DagBag from /opt/airflow/dags/etl_dag.py
[2024-09-03T18:18:04.597+0000] {processor.py:840} INFO - DAG(s) 'solar_adoption_dag' retrieved from /opt/airflow/dags/etl_dag.py
[2024-09-03T18:18:04.617+0000] {logging_mixin.py:188} INFO - [2024-09-03T18:18:04.617+0000] {dag.py:3096} INFO - Sync 1 DAGs
[2024-09-03T18:18:04.637+0000] {logging_mixin.py:188} INFO - [2024-09-03T18:18:04.637+0000] {dag.py:3954} INFO - Setting next_dagrun for solar_adoption_dag to 2024-09-03 00:00:00+00:00, run_after=2024-09-04 00:00:00+00:00
[2024-09-03T18:18:04.658+0000] {processor.py:183} INFO - Processing /opt/airflow/dags/etl_dag.py took 0.611 seconds
[2024-09-03T18:18:34.887+0000] {processor.py:161} INFO - Started process (PID=315) to work on /opt/airflow/dags/etl_dag.py
[2024-09-03T18:18:34.889+0000] {processor.py:830} INFO - Processing file /opt/airflow/dags/etl_dag.py for tasks to queue
[2024-09-03T18:18:34.891+0000] {logging_mixin.py:188} INFO - [2024-09-03T18:18:34.891+0000] {dagbag.py:545} INFO - Filling up the DagBag from /opt/airflow/dags/etl_dag.py
[2024-09-03T18:18:35.559+0000] {processor.py:840} INFO - DAG(s) 'solar_adoption_dag' retrieved from /opt/airflow/dags/etl_dag.py
[2024-09-03T18:18:35.586+0000] {logging_mixin.py:188} INFO - [2024-09-03T18:18:35.586+0000] {dag.py:3096} INFO - Sync 1 DAGs
[2024-09-03T18:18:35.602+0000] {logging_mixin.py:188} INFO - [2024-09-03T18:18:35.601+0000] {dag.py:3954} INFO - Setting next_dagrun for solar_adoption_dag to 2024-09-03 00:00:00+00:00, run_after=2024-09-04 00:00:00+00:00
[2024-09-03T18:18:35.621+0000] {processor.py:183} INFO - Processing /opt/airflow/dags/etl_dag.py took 0.741 seconds
[2024-09-03T18:19:05.810+0000] {processor.py:161} INFO - Started process (PID=374) to work on /opt/airflow/dags/etl_dag.py
[2024-09-03T18:19:05.811+0000] {processor.py:830} INFO - Processing file /opt/airflow/dags/etl_dag.py for tasks to queue
[2024-09-03T18:19:05.814+0000] {logging_mixin.py:188} INFO - [2024-09-03T18:19:05.814+0000] {dagbag.py:545} INFO - Filling up the DagBag from /opt/airflow/dags/etl_dag.py
[2024-09-03T18:19:06.639+0000] {processor.py:840} INFO - DAG(s) 'solar_adoption_dag' retrieved from /opt/airflow/dags/etl_dag.py
[2024-09-03T18:19:06.667+0000] {logging_mixin.py:188} INFO - [2024-09-03T18:19:06.666+0000] {dag.py:3096} INFO - Sync 1 DAGs
[2024-09-03T18:19:06.696+0000] {logging_mixin.py:188} INFO - [2024-09-03T18:19:06.695+0000] {dag.py:3954} INFO - Setting next_dagrun for solar_adoption_dag to 2024-09-03 00:00:00+00:00, run_after=2024-09-04 00:00:00+00:00
[2024-09-03T18:19:06.717+0000] {processor.py:183} INFO - Processing /opt/airflow/dags/etl_dag.py took 0.918 seconds
[2024-09-03T18:19:37.231+0000] {processor.py:161} INFO - Started process (PID=434) to work on /opt/airflow/dags/etl_dag.py
[2024-09-03T18:19:37.232+0000] {processor.py:830} INFO - Processing file /opt/airflow/dags/etl_dag.py for tasks to queue
[2024-09-03T18:19:37.233+0000] {logging_mixin.py:188} INFO - [2024-09-03T18:19:37.233+0000] {dagbag.py:545} INFO - Filling up the DagBag from /opt/airflow/dags/etl_dag.py
[2024-09-03T18:19:37.745+0000] {processor.py:840} INFO - DAG(s) 'solar_adoption_dag' retrieved from /opt/airflow/dags/etl_dag.py
[2024-09-03T18:19:37.767+0000] {logging_mixin.py:188} INFO - [2024-09-03T18:19:37.767+0000] {dag.py:3096} INFO - Sync 1 DAGs
[2024-09-03T18:19:37.788+0000] {logging_mixin.py:188} INFO - [2024-09-03T18:19:37.788+0000] {dag.py:3954} INFO - Setting next_dagrun for solar_adoption_dag to 2024-09-03 00:00:00+00:00, run_after=2024-09-04 00:00:00+00:00
[2024-09-03T18:19:37.809+0000] {processor.py:183} INFO - Processing /opt/airflow/dags/etl_dag.py took 0.584 seconds
[2024-09-03T18:20:07.891+0000] {processor.py:161} INFO - Started process (PID=495) to work on /opt/airflow/dags/etl_dag.py
[2024-09-03T18:20:07.893+0000] {processor.py:830} INFO - Processing file /opt/airflow/dags/etl_dag.py for tasks to queue
[2024-09-03T18:20:07.895+0000] {logging_mixin.py:188} INFO - [2024-09-03T18:20:07.894+0000] {dagbag.py:545} INFO - Filling up the DagBag from /opt/airflow/dags/etl_dag.py
[2024-09-03T18:20:08.367+0000] {processor.py:840} INFO - DAG(s) 'solar_adoption_dag' retrieved from /opt/airflow/dags/etl_dag.py
[2024-09-03T18:20:08.387+0000] {logging_mixin.py:188} INFO - [2024-09-03T18:20:08.387+0000] {dag.py:3096} INFO - Sync 1 DAGs
[2024-09-03T18:20:08.409+0000] {logging_mixin.py:188} INFO - [2024-09-03T18:20:08.409+0000] {dag.py:3954} INFO - Setting next_dagrun for solar_adoption_dag to 2024-09-03 00:00:00+00:00, run_after=2024-09-04 00:00:00+00:00
[2024-09-03T18:20:08.429+0000] {processor.py:183} INFO - Processing /opt/airflow/dags/etl_dag.py took 0.544 seconds
[2024-09-03T18:20:39.356+0000] {processor.py:161} INFO - Started process (PID=557) to work on /opt/airflow/dags/etl_dag.py
[2024-09-03T18:20:39.359+0000] {processor.py:830} INFO - Processing file /opt/airflow/dags/etl_dag.py for tasks to queue
[2024-09-03T18:20:39.371+0000] {logging_mixin.py:188} INFO - [2024-09-03T18:20:39.370+0000] {dagbag.py:545} INFO - Filling up the DagBag from /opt/airflow/dags/etl_dag.py
[2024-09-03T18:20:39.975+0000] {processor.py:840} INFO - DAG(s) 'solar_adoption_dag' retrieved from /opt/airflow/dags/etl_dag.py
[2024-09-03T18:20:39.996+0000] {logging_mixin.py:188} INFO - [2024-09-03T18:20:39.996+0000] {dag.py:3096} INFO - Sync 1 DAGs
[2024-09-03T18:20:40.017+0000] {logging_mixin.py:188} INFO - [2024-09-03T18:20:40.017+0000] {dag.py:3954} INFO - Setting next_dagrun for solar_adoption_dag to 2024-09-03 00:00:00+00:00, run_after=2024-09-04 00:00:00+00:00
[2024-09-03T18:20:40.037+0000] {processor.py:183} INFO - Processing /opt/airflow/dags/etl_dag.py took 0.703 seconds
[2024-09-03T18:21:10.268+0000] {processor.py:161} INFO - Started process (PID=620) to work on /opt/airflow/dags/etl_dag.py
[2024-09-03T18:21:10.269+0000] {processor.py:830} INFO - Processing file /opt/airflow/dags/etl_dag.py for tasks to queue
[2024-09-03T18:21:10.272+0000] {logging_mixin.py:188} INFO - [2024-09-03T18:21:10.272+0000] {dagbag.py:545} INFO - Filling up the DagBag from /opt/airflow/dags/etl_dag.py
[2024-09-03T18:21:10.901+0000] {processor.py:840} INFO - DAG(s) 'solar_adoption_dag' retrieved from /opt/airflow/dags/etl_dag.py
[2024-09-03T18:21:10.926+0000] {logging_mixin.py:188} INFO - [2024-09-03T18:21:10.926+0000] {dag.py:3096} INFO - Sync 1 DAGs
[2024-09-03T18:21:10.946+0000] {logging_mixin.py:188} INFO - [2024-09-03T18:21:10.946+0000] {dag.py:3954} INFO - Setting next_dagrun for solar_adoption_dag to 2024-09-03 00:00:00+00:00, run_after=2024-09-04 00:00:00+00:00
[2024-09-03T18:21:10.966+0000] {processor.py:183} INFO - Processing /opt/airflow/dags/etl_dag.py took 0.705 seconds
[2024-09-03T18:21:41.023+0000] {processor.py:161} INFO - Started process (PID=683) to work on /opt/airflow/dags/etl_dag.py
[2024-09-03T18:21:41.024+0000] {processor.py:830} INFO - Processing file /opt/airflow/dags/etl_dag.py for tasks to queue
[2024-09-03T18:21:41.026+0000] {logging_mixin.py:188} INFO - [2024-09-03T18:21:41.026+0000] {dagbag.py:545} INFO - Filling up the DagBag from /opt/airflow/dags/etl_dag.py
[2024-09-03T18:21:41.624+0000] {processor.py:840} INFO - DAG(s) 'solar_adoption_dag' retrieved from /opt/airflow/dags/etl_dag.py
[2024-09-03T18:21:41.651+0000] {logging_mixin.py:188} INFO - [2024-09-03T18:21:41.651+0000] {dag.py:3096} INFO - Sync 1 DAGs
[2024-09-03T18:21:41.675+0000] {logging_mixin.py:188} INFO - [2024-09-03T18:21:41.674+0000] {dag.py:3954} INFO - Setting next_dagrun for solar_adoption_dag to 2024-09-03 00:00:00+00:00, run_after=2024-09-04 00:00:00+00:00
[2024-09-03T18:21:41.701+0000] {processor.py:183} INFO - Processing /opt/airflow/dags/etl_dag.py took 0.687 seconds
[2024-09-03T18:22:12.587+0000] {processor.py:161} INFO - Started process (PID=747) to work on /opt/airflow/dags/etl_dag.py
[2024-09-03T18:22:12.589+0000] {processor.py:830} INFO - Processing file /opt/airflow/dags/etl_dag.py for tasks to queue
[2024-09-03T18:22:12.592+0000] {logging_mixin.py:188} INFO - [2024-09-03T18:22:12.591+0000] {dagbag.py:545} INFO - Filling up the DagBag from /opt/airflow/dags/etl_dag.py
[2024-09-03T18:22:13.323+0000] {processor.py:840} INFO - DAG(s) 'solar_adoption_dag' retrieved from /opt/airflow/dags/etl_dag.py
[2024-09-03T18:22:13.389+0000] {logging_mixin.py:188} INFO - [2024-09-03T18:22:13.388+0000] {dag.py:3096} INFO - Sync 1 DAGs
[2024-09-03T18:22:13.419+0000] {logging_mixin.py:188} INFO - [2024-09-03T18:22:13.419+0000] {dag.py:3954} INFO - Setting next_dagrun for solar_adoption_dag to 2024-09-03 00:00:00+00:00, run_after=2024-09-04 00:00:00+00:00
[2024-09-03T18:22:13.450+0000] {processor.py:183} INFO - Processing /opt/airflow/dags/etl_dag.py took 0.871 seconds
[2024-09-03T18:22:44.295+0000] {processor.py:161} INFO - Started process (PID=817) to work on /opt/airflow/dags/etl_dag.py
[2024-09-03T18:22:44.296+0000] {processor.py:830} INFO - Processing file /opt/airflow/dags/etl_dag.py for tasks to queue
[2024-09-03T18:22:44.299+0000] {logging_mixin.py:188} INFO - [2024-09-03T18:22:44.298+0000] {dagbag.py:545} INFO - Filling up the DagBag from /opt/airflow/dags/etl_dag.py
[2024-09-03T18:22:44.911+0000] {processor.py:840} INFO - DAG(s) 'solar_adoption_dag' retrieved from /opt/airflow/dags/etl_dag.py
[2024-09-03T18:22:44.940+0000] {logging_mixin.py:188} INFO - [2024-09-03T18:22:44.940+0000] {dag.py:3096} INFO - Sync 1 DAGs
[2024-09-03T18:22:44.965+0000] {logging_mixin.py:188} INFO - [2024-09-03T18:22:44.965+0000] {dag.py:3954} INFO - Setting next_dagrun for solar_adoption_dag to 2024-09-03 00:00:00+00:00, run_after=2024-09-04 00:00:00+00:00
[2024-09-03T18:22:45.002+0000] {processor.py:183} INFO - Processing /opt/airflow/dags/etl_dag.py took 0.713 seconds
[2024-09-03T18:22:52.557+0000] {processor.py:161} INFO - Started process (PID=841) to work on /opt/airflow/dags/etl_dag.py
[2024-09-03T18:22:52.558+0000] {processor.py:830} INFO - Processing file /opt/airflow/dags/etl_dag.py for tasks to queue
[2024-09-03T18:22:52.560+0000] {logging_mixin.py:188} INFO - [2024-09-03T18:22:52.560+0000] {dagbag.py:545} INFO - Filling up the DagBag from /opt/airflow/dags/etl_dag.py
[2024-09-03T18:22:53.012+0000] {processor.py:840} INFO - DAG(s) 'solar_adoption_dag' retrieved from /opt/airflow/dags/etl_dag.py
[2024-09-03T18:22:53.108+0000] {logging_mixin.py:188} INFO - [2024-09-03T18:22:53.107+0000] {dag.py:3096} INFO - Sync 1 DAGs
[2024-09-03T18:22:53.123+0000] {logging_mixin.py:188} INFO - [2024-09-03T18:22:53.123+0000] {dag.py:3954} INFO - Setting next_dagrun for solar_adoption_dag to 2024-09-03 00:00:00+00:00, run_after=2024-09-04 00:00:00+00:00
[2024-09-03T18:22:53.160+0000] {processor.py:183} INFO - Processing /opt/airflow/dags/etl_dag.py took 0.608 seconds
[2024-09-03T18:23:24.008+0000] {processor.py:161} INFO - Started process (PID=901) to work on /opt/airflow/dags/etl_dag.py
[2024-09-03T18:23:24.009+0000] {processor.py:830} INFO - Processing file /opt/airflow/dags/etl_dag.py for tasks to queue
[2024-09-03T18:23:24.011+0000] {logging_mixin.py:188} INFO - [2024-09-03T18:23:24.010+0000] {dagbag.py:545} INFO - Filling up the DagBag from /opt/airflow/dags/etl_dag.py
[2024-09-03T18:23:24.530+0000] {processor.py:840} INFO - DAG(s) 'solar_adoption_dag' retrieved from /opt/airflow/dags/etl_dag.py
[2024-09-03T18:23:24.557+0000] {logging_mixin.py:188} INFO - [2024-09-03T18:23:24.557+0000] {dag.py:3096} INFO - Sync 1 DAGs
[2024-09-03T18:23:24.573+0000] {logging_mixin.py:188} INFO - [2024-09-03T18:23:24.572+0000] {dag.py:3954} INFO - Setting next_dagrun for solar_adoption_dag to 2024-09-03 00:00:00+00:00, run_after=2024-09-04 00:00:00+00:00
[2024-09-03T18:23:24.598+0000] {processor.py:183} INFO - Processing /opt/airflow/dags/etl_dag.py took 0.596 seconds
[2024-09-03T18:37:01.650+0000] {processor.py:161} INFO - Started process (PID=59) to work on /opt/airflow/dags/etl_dag.py
[2024-09-03T18:37:01.653+0000] {processor.py:830} INFO - Processing file /opt/airflow/dags/etl_dag.py for tasks to queue
[2024-09-03T18:37:01.662+0000] {logging_mixin.py:188} INFO - [2024-09-03T18:37:01.660+0000] {dagbag.py:545} INFO - Filling up the DagBag from /opt/airflow/dags/etl_dag.py
[2024-09-03T18:37:02.843+0000] {processor.py:840} INFO - DAG(s) 'solar_adoption_dag' retrieved from /opt/airflow/dags/etl_dag.py
[2024-09-03T18:37:03.450+0000] {logging_mixin.py:188} INFO - [2024-09-03T18:37:03.450+0000] {dag.py:3096} INFO - Sync 1 DAGs
[2024-09-03T18:37:03.496+0000] {logging_mixin.py:188} INFO - [2024-09-03T18:37:03.495+0000] {dag.py:3954} INFO - Setting next_dagrun for solar_adoption_dag to 2024-09-03 00:00:00+00:00, run_after=2024-09-04 00:00:00+00:00
[2024-09-03T18:37:03.544+0000] {processor.py:183} INFO - Processing /opt/airflow/dags/etl_dag.py took 1.915 seconds
[2024-09-03T18:37:33.654+0000] {processor.py:161} INFO - Started process (PID=120) to work on /opt/airflow/dags/etl_dag.py
[2024-09-03T18:37:33.654+0000] {processor.py:830} INFO - Processing file /opt/airflow/dags/etl_dag.py for tasks to queue
[2024-09-03T18:37:33.656+0000] {logging_mixin.py:188} INFO - [2024-09-03T18:37:33.656+0000] {dagbag.py:545} INFO - Filling up the DagBag from /opt/airflow/dags/etl_dag.py
[2024-09-03T18:37:34.128+0000] {processor.py:840} INFO - DAG(s) 'solar_adoption_dag' retrieved from /opt/airflow/dags/etl_dag.py
[2024-09-03T18:37:34.157+0000] {logging_mixin.py:188} INFO - [2024-09-03T18:37:34.156+0000] {dag.py:3096} INFO - Sync 1 DAGs
[2024-09-03T18:37:34.195+0000] {logging_mixin.py:188} INFO - [2024-09-03T18:37:34.195+0000] {dag.py:3954} INFO - Setting next_dagrun for solar_adoption_dag to 2024-09-03 00:00:00+00:00, run_after=2024-09-04 00:00:00+00:00
[2024-09-03T18:37:34.235+0000] {processor.py:183} INFO - Processing /opt/airflow/dags/etl_dag.py took 0.586 seconds
[2024-09-03T18:38:05.174+0000] {processor.py:161} INFO - Started process (PID=182) to work on /opt/airflow/dags/etl_dag.py
[2024-09-03T18:38:05.175+0000] {processor.py:830} INFO - Processing file /opt/airflow/dags/etl_dag.py for tasks to queue
[2024-09-03T18:38:05.177+0000] {logging_mixin.py:188} INFO - [2024-09-03T18:38:05.177+0000] {dagbag.py:545} INFO - Filling up the DagBag from /opt/airflow/dags/etl_dag.py
[2024-09-03T18:38:05.634+0000] {processor.py:840} INFO - DAG(s) 'solar_adoption_dag' retrieved from /opt/airflow/dags/etl_dag.py
[2024-09-03T18:38:05.653+0000] {logging_mixin.py:188} INFO - [2024-09-03T18:38:05.653+0000] {dag.py:3096} INFO - Sync 1 DAGs
[2024-09-03T18:38:05.670+0000] {logging_mixin.py:188} INFO - [2024-09-03T18:38:05.670+0000] {dag.py:3954} INFO - Setting next_dagrun for solar_adoption_dag to 2024-09-03 00:00:00+00:00, run_after=2024-09-04 00:00:00+00:00
[2024-09-03T18:38:05.686+0000] {processor.py:183} INFO - Processing /opt/airflow/dags/etl_dag.py took 0.519 seconds
[2024-09-03T18:38:36.517+0000] {processor.py:161} INFO - Started process (PID=244) to work on /opt/airflow/dags/etl_dag.py
[2024-09-03T18:38:36.518+0000] {processor.py:830} INFO - Processing file /opt/airflow/dags/etl_dag.py for tasks to queue
[2024-09-03T18:38:36.521+0000] {logging_mixin.py:188} INFO - [2024-09-03T18:38:36.520+0000] {dagbag.py:545} INFO - Filling up the DagBag from /opt/airflow/dags/etl_dag.py
[2024-09-03T18:38:37.016+0000] {processor.py:840} INFO - DAG(s) 'solar_adoption_dag' retrieved from /opt/airflow/dags/etl_dag.py
[2024-09-03T18:38:37.035+0000] {logging_mixin.py:188} INFO - [2024-09-03T18:38:37.035+0000] {dag.py:3096} INFO - Sync 1 DAGs
[2024-09-03T18:38:37.071+0000] {logging_mixin.py:188} INFO - [2024-09-03T18:38:37.071+0000] {dag.py:3954} INFO - Setting next_dagrun for solar_adoption_dag to 2024-09-03 00:00:00+00:00, run_after=2024-09-04 00:00:00+00:00
[2024-09-03T18:38:37.089+0000] {processor.py:183} INFO - Processing /opt/airflow/dags/etl_dag.py took 0.584 seconds
[2024-09-03T18:39:07.930+0000] {processor.py:161} INFO - Started process (PID=306) to work on /opt/airflow/dags/etl_dag.py
[2024-09-03T18:39:07.931+0000] {processor.py:830} INFO - Processing file /opt/airflow/dags/etl_dag.py for tasks to queue
[2024-09-03T18:39:07.933+0000] {logging_mixin.py:188} INFO - [2024-09-03T18:39:07.933+0000] {dagbag.py:545} INFO - Filling up the DagBag from /opt/airflow/dags/etl_dag.py
[2024-09-03T18:39:08.515+0000] {processor.py:840} INFO - DAG(s) 'solar_adoption_dag' retrieved from /opt/airflow/dags/etl_dag.py
[2024-09-03T18:39:08.537+0000] {logging_mixin.py:188} INFO - [2024-09-03T18:39:08.537+0000] {dag.py:3096} INFO - Sync 1 DAGs
[2024-09-03T18:39:08.562+0000] {logging_mixin.py:188} INFO - [2024-09-03T18:39:08.561+0000] {dag.py:3954} INFO - Setting next_dagrun for solar_adoption_dag to 2024-09-03 00:00:00+00:00, run_after=2024-09-04 00:00:00+00:00
[2024-09-03T18:39:08.600+0000] {processor.py:183} INFO - Processing /opt/airflow/dags/etl_dag.py took 0.678 seconds
[2024-09-03T18:39:38.802+0000] {processor.py:161} INFO - Started process (PID=370) to work on /opt/airflow/dags/etl_dag.py
[2024-09-03T18:39:38.803+0000] {processor.py:830} INFO - Processing file /opt/airflow/dags/etl_dag.py for tasks to queue
[2024-09-03T18:39:38.805+0000] {logging_mixin.py:188} INFO - [2024-09-03T18:39:38.804+0000] {dagbag.py:545} INFO - Filling up the DagBag from /opt/airflow/dags/etl_dag.py
[2024-09-03T18:39:39.393+0000] {processor.py:840} INFO - DAG(s) 'solar_adoption_dag' retrieved from /opt/airflow/dags/etl_dag.py
[2024-09-03T18:39:39.436+0000] {logging_mixin.py:188} INFO - [2024-09-03T18:39:39.436+0000] {dag.py:3096} INFO - Sync 1 DAGs
[2024-09-03T18:39:39.474+0000] {logging_mixin.py:188} INFO - [2024-09-03T18:39:39.474+0000] {dag.py:3954} INFO - Setting next_dagrun for solar_adoption_dag to 2024-09-03 00:00:00+00:00, run_after=2024-09-04 00:00:00+00:00
[2024-09-03T18:39:39.508+0000] {processor.py:183} INFO - Processing /opt/airflow/dags/etl_dag.py took 0.712 seconds
[2024-09-03T18:40:10.185+0000] {processor.py:161} INFO - Started process (PID=430) to work on /opt/airflow/dags/etl_dag.py
[2024-09-03T18:40:10.186+0000] {processor.py:830} INFO - Processing file /opt/airflow/dags/etl_dag.py for tasks to queue
[2024-09-03T18:40:10.188+0000] {logging_mixin.py:188} INFO - [2024-09-03T18:40:10.188+0000] {dagbag.py:545} INFO - Filling up the DagBag from /opt/airflow/dags/etl_dag.py
[2024-09-03T18:40:10.786+0000] {processor.py:840} INFO - DAG(s) 'solar_adoption_dag' retrieved from /opt/airflow/dags/etl_dag.py
[2024-09-03T18:40:10.815+0000] {logging_mixin.py:188} INFO - [2024-09-03T18:40:10.815+0000] {dag.py:3096} INFO - Sync 1 DAGs
[2024-09-03T18:40:10.875+0000] {logging_mixin.py:188} INFO - [2024-09-03T18:40:10.875+0000] {dag.py:3954} INFO - Setting next_dagrun for solar_adoption_dag to 2024-09-03 00:00:00+00:00, run_after=2024-09-04 00:00:00+00:00
[2024-09-03T18:40:10.917+0000] {processor.py:183} INFO - Processing /opt/airflow/dags/etl_dag.py took 0.740 seconds
[2024-09-03T18:40:41.393+0000] {processor.py:161} INFO - Started process (PID=491) to work on /opt/airflow/dags/etl_dag.py
[2024-09-03T18:40:41.394+0000] {processor.py:830} INFO - Processing file /opt/airflow/dags/etl_dag.py for tasks to queue
[2024-09-03T18:40:41.396+0000] {logging_mixin.py:188} INFO - [2024-09-03T18:40:41.396+0000] {dagbag.py:545} INFO - Filling up the DagBag from /opt/airflow/dags/etl_dag.py
[2024-09-03T18:40:41.883+0000] {processor.py:840} INFO - DAG(s) 'solar_adoption_dag' retrieved from /opt/airflow/dags/etl_dag.py
[2024-09-03T18:40:41.907+0000] {logging_mixin.py:188} INFO - [2024-09-03T18:40:41.907+0000] {dag.py:3096} INFO - Sync 1 DAGs
[2024-09-03T18:40:41.926+0000] {logging_mixin.py:188} INFO - [2024-09-03T18:40:41.925+0000] {dag.py:3954} INFO - Setting next_dagrun for solar_adoption_dag to 2024-09-03 00:00:00+00:00, run_after=2024-09-04 00:00:00+00:00
[2024-09-03T18:40:41.952+0000] {processor.py:183} INFO - Processing /opt/airflow/dags/etl_dag.py took 0.564 seconds
[2024-09-03T18:41:12.080+0000] {processor.py:161} INFO - Started process (PID=551) to work on /opt/airflow/dags/etl_dag.py
[2024-09-03T18:41:12.081+0000] {processor.py:830} INFO - Processing file /opt/airflow/dags/etl_dag.py for tasks to queue
[2024-09-03T18:41:12.084+0000] {logging_mixin.py:188} INFO - [2024-09-03T18:41:12.083+0000] {dagbag.py:545} INFO - Filling up the DagBag from /opt/airflow/dags/etl_dag.py
[2024-09-03T18:41:12.717+0000] {processor.py:840} INFO - DAG(s) 'solar_adoption_dag' retrieved from /opt/airflow/dags/etl_dag.py
[2024-09-03T18:41:12.765+0000] {logging_mixin.py:188} INFO - [2024-09-03T18:41:12.764+0000] {dag.py:3096} INFO - Sync 1 DAGs
[2024-09-03T18:41:12.816+0000] {logging_mixin.py:188} INFO - [2024-09-03T18:41:12.816+0000] {dag.py:3954} INFO - Setting next_dagrun for solar_adoption_dag to 2024-09-03 00:00:00+00:00, run_after=2024-09-04 00:00:00+00:00
[2024-09-03T18:41:12.864+0000] {processor.py:183} INFO - Processing /opt/airflow/dags/etl_dag.py took 0.791 seconds
[2024-09-03T18:41:43.373+0000] {processor.py:161} INFO - Started process (PID=611) to work on /opt/airflow/dags/etl_dag.py
[2024-09-03T18:41:43.374+0000] {processor.py:830} INFO - Processing file /opt/airflow/dags/etl_dag.py for tasks to queue
[2024-09-03T18:41:43.376+0000] {logging_mixin.py:188} INFO - [2024-09-03T18:41:43.376+0000] {dagbag.py:545} INFO - Filling up the DagBag from /opt/airflow/dags/etl_dag.py
[2024-09-03T18:41:43.850+0000] {processor.py:840} INFO - DAG(s) 'solar_adoption_dag' retrieved from /opt/airflow/dags/etl_dag.py
[2024-09-03T18:41:43.871+0000] {logging_mixin.py:188} INFO - [2024-09-03T18:41:43.871+0000] {dag.py:3096} INFO - Sync 1 DAGs
[2024-09-03T18:41:43.890+0000] {logging_mixin.py:188} INFO - [2024-09-03T18:41:43.889+0000] {dag.py:3954} INFO - Setting next_dagrun for solar_adoption_dag to 2024-09-03 00:00:00+00:00, run_after=2024-09-04 00:00:00+00:00
[2024-09-03T18:41:43.911+0000] {processor.py:183} INFO - Processing /opt/airflow/dags/etl_dag.py took 0.542 seconds
[2024-09-03T18:42:10.467+0000] {processor.py:161} INFO - Started process (PID=666) to work on /opt/airflow/dags/etl_dag.py
[2024-09-03T18:42:10.468+0000] {processor.py:830} INFO - Processing file /opt/airflow/dags/etl_dag.py for tasks to queue
[2024-09-03T18:42:10.470+0000] {logging_mixin.py:188} INFO - [2024-09-03T18:42:10.470+0000] {dagbag.py:545} INFO - Filling up the DagBag from /opt/airflow/dags/etl_dag.py
[2024-09-03T18:42:11.011+0000] {processor.py:840} INFO - DAG(s) 'solar_adoption_dag' retrieved from /opt/airflow/dags/etl_dag.py
[2024-09-03T18:42:11.033+0000] {logging_mixin.py:188} INFO - [2024-09-03T18:42:11.033+0000] {dag.py:3096} INFO - Sync 1 DAGs
[2024-09-03T18:42:11.054+0000] {logging_mixin.py:188} INFO - [2024-09-03T18:42:11.054+0000] {dag.py:3954} INFO - Setting next_dagrun for solar_adoption_dag to 2024-09-03 00:00:00+00:00, run_after=2024-09-04 00:00:00+00:00
[2024-09-03T18:42:11.079+0000] {processor.py:183} INFO - Processing /opt/airflow/dags/etl_dag.py took 0.618 seconds
[2024-09-03T18:44:06.637+0000] {processor.py:161} INFO - Started process (PID=64) to work on /opt/airflow/dags/etl_dag.py
[2024-09-03T18:44:06.639+0000] {processor.py:830} INFO - Processing file /opt/airflow/dags/etl_dag.py for tasks to queue
[2024-09-03T18:44:06.644+0000] {logging_mixin.py:188} INFO - [2024-09-03T18:44:06.643+0000] {dagbag.py:545} INFO - Filling up the DagBag from /opt/airflow/dags/etl_dag.py
[2024-09-03T18:44:09.814+0000] {processor.py:840} INFO - DAG(s) 'solar_adoption_dag' retrieved from /opt/airflow/dags/etl_dag.py
[2024-09-03T18:44:10.232+0000] {logging_mixin.py:188} INFO - [2024-09-03T18:44:10.231+0000] {override.py:1829} INFO - Created Permission View: can delete on DAG:solar_adoption_dag
[2024-09-03T18:44:10.248+0000] {logging_mixin.py:188} INFO - [2024-09-03T18:44:10.248+0000] {override.py:1829} INFO - Created Permission View: can read on DAG:solar_adoption_dag
[2024-09-03T18:44:10.260+0000] {logging_mixin.py:188} INFO - [2024-09-03T18:44:10.259+0000] {override.py:1829} INFO - Created Permission View: can edit on DAG:solar_adoption_dag
[2024-09-03T18:44:10.262+0000] {logging_mixin.py:188} INFO - [2024-09-03T18:44:10.261+0000] {dag.py:3096} INFO - Sync 1 DAGs
[2024-09-03T18:44:10.286+0000] {logging_mixin.py:188} INFO - [2024-09-03T18:44:10.285+0000] {dag.py:3118} INFO - Creating ORM DAG for solar_adoption_dag
[2024-09-03T18:44:10.305+0000] {logging_mixin.py:188} INFO - [2024-09-03T18:44:10.305+0000] {dag.py:3954} INFO - Setting next_dagrun for solar_adoption_dag to 2024-09-03 00:00:00+00:00, run_after=2024-09-04 00:00:00+00:00
[2024-09-03T18:44:10.334+0000] {processor.py:183} INFO - Processing /opt/airflow/dags/etl_dag.py took 3.710 seconds
[2024-09-03T18:44:40.503+0000] {processor.py:161} INFO - Started process (PID=128) to work on /opt/airflow/dags/etl_dag.py
[2024-09-03T18:44:40.504+0000] {processor.py:830} INFO - Processing file /opt/airflow/dags/etl_dag.py for tasks to queue
[2024-09-03T18:44:40.506+0000] {logging_mixin.py:188} INFO - [2024-09-03T18:44:40.506+0000] {dagbag.py:545} INFO - Filling up the DagBag from /opt/airflow/dags/etl_dag.py
[2024-09-03T18:44:40.998+0000] {processor.py:840} INFO - DAG(s) 'solar_adoption_dag' retrieved from /opt/airflow/dags/etl_dag.py
[2024-09-03T18:44:41.016+0000] {logging_mixin.py:188} INFO - [2024-09-03T18:44:41.016+0000] {dag.py:3096} INFO - Sync 1 DAGs
[2024-09-03T18:44:41.031+0000] {logging_mixin.py:188} INFO - [2024-09-03T18:44:41.031+0000] {dag.py:3954} INFO - Setting next_dagrun for solar_adoption_dag to 2024-09-03 00:00:00+00:00, run_after=2024-09-04 00:00:00+00:00
[2024-09-03T18:44:41.049+0000] {processor.py:183} INFO - Processing /opt/airflow/dags/etl_dag.py took 0.552 seconds
[2024-09-03T18:45:11.979+0000] {processor.py:161} INFO - Started process (PID=192) to work on /opt/airflow/dags/etl_dag.py
[2024-09-03T18:45:11.981+0000] {processor.py:830} INFO - Processing file /opt/airflow/dags/etl_dag.py for tasks to queue
[2024-09-03T18:45:11.986+0000] {logging_mixin.py:188} INFO - [2024-09-03T18:45:11.984+0000] {dagbag.py:545} INFO - Filling up the DagBag from /opt/airflow/dags/etl_dag.py
[2024-09-03T18:45:12.997+0000] {processor.py:840} INFO - DAG(s) 'solar_adoption_dag' retrieved from /opt/airflow/dags/etl_dag.py
[2024-09-03T18:45:13.017+0000] {logging_mixin.py:188} INFO - [2024-09-03T18:45:13.017+0000] {dag.py:3096} INFO - Sync 1 DAGs
[2024-09-03T18:45:13.037+0000] {logging_mixin.py:188} INFO - [2024-09-03T18:45:13.036+0000] {dag.py:3954} INFO - Setting next_dagrun for solar_adoption_dag to 2024-09-03 00:00:00+00:00, run_after=2024-09-04 00:00:00+00:00
[2024-09-03T18:45:13.065+0000] {processor.py:183} INFO - Processing /opt/airflow/dags/etl_dag.py took 1.102 seconds
[2024-09-03T18:45:43.342+0000] {processor.py:161} INFO - Started process (PID=256) to work on /opt/airflow/dags/etl_dag.py
[2024-09-03T18:45:43.343+0000] {processor.py:830} INFO - Processing file /opt/airflow/dags/etl_dag.py for tasks to queue
[2024-09-03T18:45:43.346+0000] {logging_mixin.py:188} INFO - [2024-09-03T18:45:43.345+0000] {dagbag.py:545} INFO - Filling up the DagBag from /opt/airflow/dags/etl_dag.py
[2024-09-03T18:45:43.761+0000] {processor.py:840} INFO - DAG(s) 'solar_adoption_dag' retrieved from /opt/airflow/dags/etl_dag.py
[2024-09-03T18:45:43.779+0000] {logging_mixin.py:188} INFO - [2024-09-03T18:45:43.779+0000] {dag.py:3096} INFO - Sync 1 DAGs
[2024-09-03T18:45:43.798+0000] {logging_mixin.py:188} INFO - [2024-09-03T18:45:43.798+0000] {dag.py:3954} INFO - Setting next_dagrun for solar_adoption_dag to 2024-09-03 00:00:00+00:00, run_after=2024-09-04 00:00:00+00:00
[2024-09-03T18:45:43.833+0000] {processor.py:183} INFO - Processing /opt/airflow/dags/etl_dag.py took 0.498 seconds
[2024-09-03T18:46:14.609+0000] {processor.py:161} INFO - Started process (PID=316) to work on /opt/airflow/dags/etl_dag.py
[2024-09-03T18:46:14.610+0000] {processor.py:830} INFO - Processing file /opt/airflow/dags/etl_dag.py for tasks to queue
[2024-09-03T18:46:14.612+0000] {logging_mixin.py:188} INFO - [2024-09-03T18:46:14.612+0000] {dagbag.py:545} INFO - Filling up the DagBag from /opt/airflow/dags/etl_dag.py
[2024-09-03T18:46:15.165+0000] {processor.py:840} INFO - DAG(s) 'solar_adoption_dag' retrieved from /opt/airflow/dags/etl_dag.py
[2024-09-03T18:46:15.186+0000] {logging_mixin.py:188} INFO - [2024-09-03T18:46:15.185+0000] {dag.py:3096} INFO - Sync 1 DAGs
[2024-09-03T18:46:15.206+0000] {logging_mixin.py:188} INFO - [2024-09-03T18:46:15.206+0000] {dag.py:3954} INFO - Setting next_dagrun for solar_adoption_dag to 2024-09-03 00:00:00+00:00, run_after=2024-09-04 00:00:00+00:00
[2024-09-03T18:46:15.229+0000] {processor.py:183} INFO - Processing /opt/airflow/dags/etl_dag.py took 0.626 seconds
[2024-09-03T18:46:45.975+0000] {processor.py:161} INFO - Started process (PID=378) to work on /opt/airflow/dags/etl_dag.py
[2024-09-03T18:46:45.976+0000] {processor.py:830} INFO - Processing file /opt/airflow/dags/etl_dag.py for tasks to queue
[2024-09-03T18:46:45.978+0000] {logging_mixin.py:188} INFO - [2024-09-03T18:46:45.978+0000] {dagbag.py:545} INFO - Filling up the DagBag from /opt/airflow/dags/etl_dag.py
[2024-09-03T18:46:46.495+0000] {processor.py:840} INFO - DAG(s) 'solar_adoption_dag' retrieved from /opt/airflow/dags/etl_dag.py
[2024-09-03T18:46:46.516+0000] {logging_mixin.py:188} INFO - [2024-09-03T18:46:46.515+0000] {dag.py:3096} INFO - Sync 1 DAGs
[2024-09-03T18:46:46.538+0000] {logging_mixin.py:188} INFO - [2024-09-03T18:46:46.537+0000] {dag.py:3954} INFO - Setting next_dagrun for solar_adoption_dag to 2024-09-03 00:00:00+00:00, run_after=2024-09-04 00:00:00+00:00
[2024-09-03T18:46:46.568+0000] {processor.py:183} INFO - Processing /opt/airflow/dags/etl_dag.py took 0.600 seconds
[2024-09-03T18:47:16.757+0000] {processor.py:161} INFO - Started process (PID=441) to work on /opt/airflow/dags/etl_dag.py
[2024-09-03T18:47:16.758+0000] {processor.py:830} INFO - Processing file /opt/airflow/dags/etl_dag.py for tasks to queue
[2024-09-03T18:47:16.760+0000] {logging_mixin.py:188} INFO - [2024-09-03T18:47:16.760+0000] {dagbag.py:545} INFO - Filling up the DagBag from /opt/airflow/dags/etl_dag.py
[2024-09-03T18:47:17.487+0000] {processor.py:840} INFO - DAG(s) 'solar_adoption_dag' retrieved from /opt/airflow/dags/etl_dag.py
[2024-09-03T18:47:17.512+0000] {logging_mixin.py:188} INFO - [2024-09-03T18:47:17.512+0000] {dag.py:3096} INFO - Sync 1 DAGs
[2024-09-03T18:47:17.531+0000] {logging_mixin.py:188} INFO - [2024-09-03T18:47:17.531+0000] {dag.py:3954} INFO - Setting next_dagrun for solar_adoption_dag to 2024-09-03 00:00:00+00:00, run_after=2024-09-04 00:00:00+00:00
[2024-09-03T18:47:17.550+0000] {processor.py:183} INFO - Processing /opt/airflow/dags/etl_dag.py took 0.800 seconds
[2024-09-03T18:47:47.605+0000] {processor.py:161} INFO - Started process (PID=503) to work on /opt/airflow/dags/etl_dag.py
[2024-09-03T18:47:47.606+0000] {processor.py:830} INFO - Processing file /opt/airflow/dags/etl_dag.py for tasks to queue
[2024-09-03T18:47:47.608+0000] {logging_mixin.py:188} INFO - [2024-09-03T18:47:47.608+0000] {dagbag.py:545} INFO - Filling up the DagBag from /opt/airflow/dags/etl_dag.py
[2024-09-03T18:47:48.122+0000] {processor.py:840} INFO - DAG(s) 'solar_adoption_dag' retrieved from /opt/airflow/dags/etl_dag.py
[2024-09-03T18:47:48.144+0000] {logging_mixin.py:188} INFO - [2024-09-03T18:47:48.143+0000] {dag.py:3096} INFO - Sync 1 DAGs
[2024-09-03T18:47:48.163+0000] {logging_mixin.py:188} INFO - [2024-09-03T18:47:48.163+0000] {dag.py:3954} INFO - Setting next_dagrun for solar_adoption_dag to 2024-09-03 00:00:00+00:00, run_after=2024-09-04 00:00:00+00:00
[2024-09-03T18:47:48.192+0000] {processor.py:183} INFO - Processing /opt/airflow/dags/etl_dag.py took 0.594 seconds
[2024-09-03T18:48:02.992+0000] {processor.py:161} INFO - Started process (PID=545) to work on /opt/airflow/dags/etl_dag.py
[2024-09-03T18:48:02.992+0000] {processor.py:830} INFO - Processing file /opt/airflow/dags/etl_dag.py for tasks to queue
[2024-09-03T18:48:02.994+0000] {logging_mixin.py:188} INFO - [2024-09-03T18:48:02.994+0000] {dagbag.py:545} INFO - Filling up the DagBag from /opt/airflow/dags/etl_dag.py
[2024-09-03T18:48:03.430+0000] {processor.py:840} INFO - DAG(s) 'solar_adoption_dag' retrieved from /opt/airflow/dags/etl_dag.py
[2024-09-03T18:48:03.505+0000] {logging_mixin.py:188} INFO - [2024-09-03T18:48:03.505+0000] {dag.py:3096} INFO - Sync 1 DAGs
[2024-09-03T18:48:03.521+0000] {logging_mixin.py:188} INFO - [2024-09-03T18:48:03.521+0000] {dag.py:3954} INFO - Setting next_dagrun for solar_adoption_dag to 2024-09-03 00:00:00+00:00, run_after=2024-09-04 00:00:00+00:00
[2024-09-03T18:48:03.546+0000] {processor.py:183} INFO - Processing /opt/airflow/dags/etl_dag.py took 0.560 seconds
