[2024-09-07T19:14:04.456+0000] {local_task_job_runner.py:120} INFO - ::group::Pre task execution logs
[2024-09-07T19:14:04.509+0000] {taskinstance.py:2076} INFO - Dependencies all met for dep_context=non-requeueable deps ti=<TaskInstance: solar_adoption_dag.extract manual__2024-09-07T19:14:02.621080+00:00 [queued]>
[2024-09-07T19:14:04.734+0000] {taskinstance.py:2076} INFO - Dependencies all met for dep_context=requeueable deps ti=<TaskInstance: solar_adoption_dag.extract manual__2024-09-07T19:14:02.621080+00:00 [queued]>
[2024-09-07T19:14:04.735+0000] {taskinstance.py:2306} INFO - Starting attempt 1 of 1
[2024-09-07T19:14:04.764+0000] {taskinstance.py:2330} INFO - Executing <Task(BashOperator): extract> on 2024-09-07 19:14:02.621080+00:00
[2024-09-07T19:14:04.774+0000] {warnings.py:112} WARNING - /home/***/.local/lib/python3.12/site-packages/***/task/task_runner/standard_task_runner.py:61: DeprecationWarning: This process (pid=115) is multi-threaded, use of fork() may lead to deadlocks in the child.
  pid = os.fork()

[2024-09-07T19:14:04.780+0000] {standard_task_runner.py:63} INFO - Started process 117 to run task
[2024-09-07T19:14:04.780+0000] {standard_task_runner.py:90} INFO - Running: ['***', 'tasks', 'run', 'solar_adoption_dag', 'extract', 'manual__2024-09-07T19:14:02.621080+00:00', '--job-id', '7', '--raw', '--subdir', 'DAGS_FOLDER/etl_dag.py', '--cfg-path', '/tmp/tmpmg9c473r']
[2024-09-07T19:14:04.786+0000] {standard_task_runner.py:91} INFO - Job 7: Subtask extract
[2024-09-07T19:14:04.899+0000] {task_command.py:426} INFO - Running <TaskInstance: solar_adoption_dag.extract manual__2024-09-07T19:14:02.621080+00:00 [running]> on host a319a30e0358
[2024-09-07T19:14:04.994+0000] {taskinstance.py:2648} INFO - Exporting env vars: AIRFLOW_CTX_DAG_OWNER='***' AIRFLOW_CTX_DAG_ID='solar_adoption_dag' AIRFLOW_CTX_TASK_ID='extract' AIRFLOW_CTX_EXECUTION_DATE='2024-09-07T19:14:02.621080+00:00' AIRFLOW_CTX_TRY_NUMBER='1' AIRFLOW_CTX_DAG_RUN_ID='manual__2024-09-07T19:14:02.621080+00:00'
[2024-09-07T19:14:04.996+0000] {taskinstance.py:430} INFO - ::endgroup::
[2024-09-07T19:14:05.012+0000] {subprocess.py:63} INFO - Tmp dir root location: /tmp
[2024-09-07T19:14:05.013+0000] {subprocess.py:75} INFO - Running command: ['/usr/bin/bash', '-c', "echo 'initiating extraction'; cd /opt/***/data/raw/; files=(*); mv -v $files /opt/***/data/raw/z_CurrentDataBatch.csv; echo *"]
[2024-09-07T19:14:05.022+0000] {subprocess.py:86} INFO - Output:
[2024-09-07T19:14:05.024+0000] {subprocess.py:93} INFO - initiating extraction
[2024-09-07T19:14:05.032+0000] {subprocess.py:93} INFO - renamed 'STEADy_200_sample_2.csv' -> '/opt/***/data/raw/z_CurrentDataBatch.csv'
[2024-09-07T19:14:05.033+0000] {subprocess.py:93} INFO - STEADy_200_sample_3.csv z_CurrentDataBatch.csv
[2024-09-07T19:14:05.033+0000] {subprocess.py:97} INFO - Command exited with return code 0
[2024-09-07T19:14:05.034+0000] {taskinstance.py:441} INFO - ::group::Post task execution logs
[2024-09-07T19:14:05.052+0000] {taskinstance.py:1206} INFO - Marking task as SUCCESS. dag_id=solar_adoption_dag, task_id=extract, run_id=manual__2024-09-07T19:14:02.621080+00:00, execution_date=20240907T191402, start_date=20240907T191404, end_date=20240907T191405
[2024-09-07T19:14:05.078+0000] {local_task_job_runner.py:240} INFO - Task exited with return code 0
[2024-09-07T19:14:05.105+0000] {taskinstance.py:3503} INFO - 1 downstream tasks scheduled from follow-on schedule check
[2024-09-07T19:14:05.107+0000] {local_task_job_runner.py:222} INFO - ::endgroup::
