[2024-09-03T18:45:09.448+0000] {local_task_job_runner.py:120} INFO - ::group::Pre task execution logs
[2024-09-03T18:45:09.497+0000] {taskinstance.py:2076} INFO - Dependencies all met for dep_context=non-requeueable deps ti=<TaskInstance: solar_adoption_dag.extract manual__2024-09-03T18:45:05.851224+00:00 [queued]>
[2024-09-03T18:45:09.512+0000] {taskinstance.py:2076} INFO - Dependencies all met for dep_context=requeueable deps ti=<TaskInstance: solar_adoption_dag.extract manual__2024-09-03T18:45:05.851224+00:00 [queued]>
[2024-09-03T18:45:09.512+0000] {taskinstance.py:2306} INFO - Starting attempt 1 of 1
[2024-09-03T18:45:09.527+0000] {taskinstance.py:2330} INFO - Executing <Task(BashOperator): extract> on 2024-09-03 18:45:05.851224+00:00
[2024-09-03T18:45:09.533+0000] {warnings.py:112} WARNING - /home/***/.local/lib/python3.12/site-packages/***/task/task_runner/standard_task_runner.py:61: DeprecationWarning: This process (pid=76) is multi-threaded, use of fork() may lead to deadlocks in the child.
  pid = os.fork()

[2024-09-03T18:45:09.536+0000] {standard_task_runner.py:63} INFO - Started process 78 to run task
[2024-09-03T18:45:09.536+0000] {standard_task_runner.py:90} INFO - Running: ['***', 'tasks', 'run', 'solar_adoption_dag', 'extract', 'manual__2024-09-03T18:45:05.851224+00:00', '--job-id', '3', '--raw', '--subdir', 'DAGS_FOLDER/etl_dag.py', '--cfg-path', '/tmp/tmp4nxp9rbo']
[2024-09-03T18:45:09.538+0000] {standard_task_runner.py:91} INFO - Job 3: Subtask extract
[2024-09-03T18:45:09.585+0000] {task_command.py:426} INFO - Running <TaskInstance: solar_adoption_dag.extract manual__2024-09-03T18:45:05.851224+00:00 [running]> on host 6f81e200fad1
[2024-09-03T18:45:09.710+0000] {taskinstance.py:2648} INFO - Exporting env vars: AIRFLOW_CTX_DAG_OWNER='***' AIRFLOW_CTX_DAG_ID='solar_adoption_dag' AIRFLOW_CTX_TASK_ID='extract' AIRFLOW_CTX_EXECUTION_DATE='2024-09-03T18:45:05.851224+00:00' AIRFLOW_CTX_TRY_NUMBER='1' AIRFLOW_CTX_DAG_RUN_ID='manual__2024-09-03T18:45:05.851224+00:00'
[2024-09-03T18:45:09.713+0000] {taskinstance.py:430} INFO - ::endgroup::
[2024-09-03T18:45:09.715+0000] {subprocess.py:63} INFO - Tmp dir root location: /tmp
[2024-09-03T18:45:09.716+0000] {subprocess.py:75} INFO - Running command: ['/usr/bin/bash', '-c', "echo 'initiating extraction'; cd /opt/***/data/raw/; files=(*); mv -v $files /opt/***/data/raw/z_CurrentDataBatch.csv; echo *"]
[2024-09-03T18:45:09.735+0000] {subprocess.py:86} INFO - Output:
[2024-09-03T18:45:09.737+0000] {subprocess.py:93} INFO - initiating extraction
[2024-09-03T18:45:09.753+0000] {subprocess.py:93} INFO - renamed 'STEADy_200_sample_2.csv' -> '/opt/***/data/raw/z_CurrentDataBatch.csv'
[2024-09-03T18:45:09.756+0000] {subprocess.py:93} INFO - STEADy_200_sample_3.csv z_CurrentDataBatch.csv
[2024-09-03T18:45:09.758+0000] {subprocess.py:97} INFO - Command exited with return code 0
[2024-09-03T18:45:09.759+0000] {taskinstance.py:441} INFO - ::group::Post task execution logs
[2024-09-03T18:45:09.785+0000] {taskinstance.py:1206} INFO - Marking task as SUCCESS. dag_id=solar_adoption_dag, task_id=extract, run_id=manual__2024-09-03T18:45:05.851224+00:00, execution_date=20240903T184505, start_date=20240903T184509, end_date=20240903T184509
[2024-09-03T18:45:09.831+0000] {local_task_job_runner.py:240} INFO - Task exited with return code 0
[2024-09-03T18:45:09.890+0000] {taskinstance.py:3503} INFO - 1 downstream tasks scheduled from follow-on schedule check
[2024-09-03T18:45:09.893+0000] {local_task_job_runner.py:222} INFO - ::endgroup::
