[2024-09-06T16:13:02.677+0000] {local_task_job_runner.py:120} INFO - ::group::Pre task execution logs
[2024-09-06T16:13:02.755+0000] {taskinstance.py:2076} INFO - Dependencies all met for dep_context=non-requeueable deps ti=<TaskInstance: solar_adoption_dag.extract scheduled__2024-09-05T00:00:00+00:00 [queued]>
[2024-09-06T16:13:02.783+0000] {taskinstance.py:2076} INFO - Dependencies all met for dep_context=requeueable deps ti=<TaskInstance: solar_adoption_dag.extract scheduled__2024-09-05T00:00:00+00:00 [queued]>
[2024-09-06T16:13:02.784+0000] {taskinstance.py:2306} INFO - Starting attempt 1 of 1
[2024-09-06T16:13:02.835+0000] {taskinstance.py:2330} INFO - Executing <Task(BashOperator): extract> on 2024-09-05 00:00:00+00:00
[2024-09-06T16:13:02.853+0000] {warnings.py:112} WARNING - /home/***/.local/lib/python3.12/site-packages/***/task/task_runner/standard_task_runner.py:61: DeprecationWarning: This process (pid=80) is multi-threaded, use of fork() may lead to deadlocks in the child.
  pid = os.fork()

[2024-09-06T16:13:02.859+0000] {standard_task_runner.py:63} INFO - Started process 84 to run task
[2024-09-06T16:13:02.858+0000] {standard_task_runner.py:90} INFO - Running: ['***', 'tasks', 'run', 'solar_adoption_dag', 'extract', 'scheduled__2024-09-05T00:00:00+00:00', '--job-id', '5', '--raw', '--subdir', 'DAGS_FOLDER/etl_dag.py', '--cfg-path', '/tmp/tmptckfrisl']
[2024-09-06T16:13:02.867+0000] {standard_task_runner.py:91} INFO - Job 5: Subtask extract
[2024-09-06T16:13:02.982+0000] {task_command.py:426} INFO - Running <TaskInstance: solar_adoption_dag.extract scheduled__2024-09-05T00:00:00+00:00 [running]> on host 2e8f108d9bc4
[2024-09-06T16:13:03.210+0000] {taskinstance.py:2648} INFO - Exporting env vars: AIRFLOW_CTX_DAG_OWNER='***' AIRFLOW_CTX_DAG_ID='solar_adoption_dag' AIRFLOW_CTX_TASK_ID='extract' AIRFLOW_CTX_EXECUTION_DATE='2024-09-05T00:00:00+00:00' AIRFLOW_CTX_TRY_NUMBER='1' AIRFLOW_CTX_DAG_RUN_ID='scheduled__2024-09-05T00:00:00+00:00'
[2024-09-06T16:13:03.222+0000] {taskinstance.py:430} INFO - ::endgroup::
[2024-09-06T16:13:03.306+0000] {subprocess.py:63} INFO - Tmp dir root location: /tmp
[2024-09-06T16:13:03.309+0000] {subprocess.py:75} INFO - Running command: ['/usr/bin/bash', '-c', "echo 'initiating extraction'; cd /opt/***/data/raw/; files=(*); mv -v $files /opt/***/data/raw/z_CurrentDataBatch.csv; echo *"]
[2024-09-06T16:13:03.346+0000] {subprocess.py:86} INFO - Output:
[2024-09-06T16:13:03.351+0000] {subprocess.py:93} INFO - initiating extraction
[2024-09-06T16:13:03.403+0000] {subprocess.py:93} INFO - renamed 'STEADy_200_sample_3.csv' -> '/opt/***/data/raw/z_CurrentDataBatch.csv'
[2024-09-06T16:13:03.420+0000] {subprocess.py:93} INFO - z_CurrentDataBatch.csv
[2024-09-06T16:13:03.421+0000] {subprocess.py:97} INFO - Command exited with return code 0
[2024-09-06T16:13:03.426+0000] {taskinstance.py:441} INFO - ::group::Post task execution logs
[2024-09-06T16:13:03.531+0000] {taskinstance.py:1206} INFO - Marking task as SUCCESS. dag_id=solar_adoption_dag, task_id=extract, run_id=scheduled__2024-09-05T00:00:00+00:00, execution_date=20240905T000000, start_date=20240906T161302, end_date=20240906T161303
[2024-09-06T16:13:03.626+0000] {local_task_job_runner.py:240} INFO - Task exited with return code 0
[2024-09-06T16:13:03.734+0000] {taskinstance.py:3503} INFO - 1 downstream tasks scheduled from follow-on schedule check
[2024-09-06T16:13:03.737+0000] {local_task_job_runner.py:222} INFO - ::endgroup::
