[2024-09-07T19:26:31.746+0000] {local_task_job_runner.py:120} INFO - ::group::Pre task execution logs
[2024-09-07T19:26:31.828+0000] {taskinstance.py:2076} INFO - Dependencies all met for dep_context=non-requeueable deps ti=<TaskInstance: solar_adoption_dag.transform manual__2024-09-07T19:26:28.085088+00:00 [queued]>
[2024-09-07T19:26:32.042+0000] {taskinstance.py:2076} INFO - Dependencies all met for dep_context=requeueable deps ti=<TaskInstance: solar_adoption_dag.transform manual__2024-09-07T19:26:28.085088+00:00 [queued]>
[2024-09-07T19:26:32.043+0000] {taskinstance.py:2306} INFO - Starting attempt 1 of 1
[2024-09-07T19:26:32.055+0000] {taskinstance.py:2330} INFO - Executing <Task(PythonOperator): transform> on 2024-09-07 19:26:28.085088+00:00
[2024-09-07T19:26:32.061+0000] {warnings.py:112} WARNING - /home/***/.local/lib/python3.12/site-packages/***/task/task_runner/standard_task_runner.py:61: DeprecationWarning: This process (pid=320) is multi-threaded, use of fork() may lead to deadlocks in the child.
  pid = os.fork()

[2024-09-07T19:26:32.062+0000] {standard_task_runner.py:63} INFO - Started process 322 to run task
[2024-09-07T19:26:32.062+0000] {standard_task_runner.py:90} INFO - Running: ['***', 'tasks', 'run', 'solar_adoption_dag', 'transform', 'manual__2024-09-07T19:26:28.085088+00:00', '--job-id', '18', '--raw', '--subdir', 'DAGS_FOLDER/etl_dag.py', '--cfg-path', '/tmp/tmp860fc19q']
[2024-09-07T19:26:32.065+0000] {standard_task_runner.py:91} INFO - Job 18: Subtask transform
[2024-09-07T19:26:32.109+0000] {task_command.py:426} INFO - Running <TaskInstance: solar_adoption_dag.transform manual__2024-09-07T19:26:28.085088+00:00 [running]> on host a319a30e0358
[2024-09-07T19:26:32.198+0000] {taskinstance.py:2648} INFO - Exporting env vars: AIRFLOW_CTX_DAG_OWNER='***' AIRFLOW_CTX_DAG_ID='solar_adoption_dag' AIRFLOW_CTX_TASK_ID='transform' AIRFLOW_CTX_EXECUTION_DATE='2024-09-07T19:26:28.085088+00:00' AIRFLOW_CTX_TRY_NUMBER='1' AIRFLOW_CTX_DAG_RUN_ID='manual__2024-09-07T19:26:28.085088+00:00'
[2024-09-07T19:26:32.199+0000] {taskinstance.py:430} INFO - ::endgroup::
[2024-09-07T19:26:32.265+0000] {logging_mixin.py:188} INFO -             GEOID     StateName  ... EDU2_kW_ca EDU2_kWh_p
403  9.110416e+09   Connecticut  ...        0.0        0.0
404  9.110462e+09   Connecticut  ...        0.0        0.0
405  9.140406e+09   Connecticut  ...        0.0        0.0

[3 rows x 49 columns]
[2024-09-07T19:26:32.266+0000] {logging_mixin.py:188} INFO - Renamed
[2024-09-07T19:26:32.269+0000] {logging_mixin.py:188} INFO - Keys created
[2024-09-07T19:26:32.271+0000] {logging_mixin.py:188} INFO - keys appended
[2024-09-07T19:26:32.273+0000] {taskinstance.py:441} INFO - ::group::Post task execution logs
[2024-09-07T19:26:32.274+0000] {taskinstance.py:2905} ERROR - Task failed with exception
Traceback (most recent call last):
  File "/home/airflow/.local/lib/python3.12/site-packages/airflow/models/taskinstance.py", line 465, in _execute_task
    result = _execute_callable(context=context, **execute_callable_kwargs)
             ^^^^^^^^^^^^^^^^^^^^^^^^^^^^^^^^^^^^^^^^^^^^^^^^^^^^^^^^^^^^^
  File "/home/airflow/.local/lib/python3.12/site-packages/airflow/models/taskinstance.py", line 432, in _execute_callable
    return execute_callable(context=context, **execute_callable_kwargs)
           ^^^^^^^^^^^^^^^^^^^^^^^^^^^^^^^^^^^^^^^^^^^^^^^^^^^^^^^^^^^^
  File "/home/airflow/.local/lib/python3.12/site-packages/airflow/models/baseoperator.py", line 401, in wrapper
    return func(self, *args, **kwargs)
           ^^^^^^^^^^^^^^^^^^^^^^^^^^^
  File "/home/airflow/.local/lib/python3.12/site-packages/airflow/operators/python.py", line 235, in execute
    return_value = self.execute_callable()
                   ^^^^^^^^^^^^^^^^^^^^^^^
  File "/home/airflow/.local/lib/python3.12/site-packages/airflow/operators/python.py", line 252, in execute_callable
    return self.python_callable(*self.op_args, **self.op_kwargs)
           ^^^^^^^^^^^^^^^^^^^^^^^^^^^^^^^^^^^^^^^^^^^^^^^^^^^^^
  File "/opt/airflow/dags/etl_scripts/airflow_pipeline.py", line 66, in transform_data
    TractRecords_fct['state_id'] = pd.Series(data=ids,index=ind)
                                   ^^^^^^^^^^^^^^^^^^^^^^^^^^^^^
  File "/home/airflow/.local/lib/python3.12/site-packages/pandas/core/series.py", line 428, in __init__
    index = ensure_index(index)
            ^^^^^^^^^^^^^^^^^^^
  File "/home/airflow/.local/lib/python3.12/site-packages/pandas/core/indexes/base.py", line 7577, in ensure_index
    return Index(index_like, copy=copy)
           ^^^^^^^^^^^^^^^^^^^^^^^^^^^^
  File "/home/airflow/.local/lib/python3.12/site-packages/pandas/core/indexes/base.py", line 531, in __new__
    raise cls._raise_scalar_data_error(data)
          ^^^^^^^^^^^^^^^^^^^^^^^^^^^^^^^^^^
  File "/home/airflow/.local/lib/python3.12/site-packages/pandas/core/indexes/base.py", line 5266, in _raise_scalar_data_error
    raise TypeError(
TypeError: Index(...) must be called with a collection of some kind, <bound method Series.keys of 403                                                                                                                                                                                                                                                                                                                                          Connecticut
404                                                                                                                                                                                                                                                                                                                                          Connecticut
405                                                                                                                                                                                                                                                                                                                                          Connecticut
406                                                                                                                                                                                                                                                                                                                                          Connecticut
407                                                                                                                                                                                                                                                                                                                                          Connecticut
                                                                                                                                                                                                                                                                                                                                                ...     
598                                                                                                                                                                                                                                                                                                                                          Connecticut
599                                                                                                                                                                                                                                                                                                                                          Connecticut
600                                                                                                                                                                                                                                                                                                                                          Connecticut
601                                                                                                                                                                                                                                                                                                                                          Connecticut
199\t9110502700\t Connecticut\t Capitol Planning Region\tCensus Tract 5027\t1011637\t0\t1\t0\t4\t100\t0\t1\t10\t100\tMiddle third\t45\t3\t9661.516\t63\t15.317\tUpper third\t89\t0\t3823.465\t11\t10.327\t5074\t42.04\t13.99\t33.84\t5.52\t0.06\t4.55\t30423\t30.2\t8.8\t97.2\t4\t586\t718977\t0\t0\t0\t5\t1447\t1775545\t1\t215\t263761             NaN
Name: s_name, Length: 200, dtype: object> was passed
[2024-09-07T19:26:32.288+0000] {taskinstance.py:1206} INFO - Marking task as FAILED. dag_id=solar_adoption_dag, task_id=transform, run_id=manual__2024-09-07T19:26:28.085088+00:00, execution_date=20240907T192628, start_date=20240907T192631, end_date=20240907T192632
[2024-09-07T19:26:32.300+0000] {standard_task_runner.py:110} ERROR - Failed to execute job 18 for task transform (Index(...) must be called with a collection of some kind, <bound method Series.keys of 403                                                                                                                                                                                                                                                                                                                                          Connecticut
404                                                                                                                                                                                                                                                                                                                                          Connecticut
405                                                                                                                                                                                                                                                                                                                                          Connecticut
406                                                                                                                                                                                                                                                                                                                                          Connecticut
407                                                                                                                                                                                                                                                                                                                                          Connecticut
                                                                                                                                                                                                                                                                                                                                                ...     
598                                                                                                                                                                                                                                                                                                                                          Connecticut
599                                                                                                                                                                                                                                                                                                                                          Connecticut
600                                                                                                                                                                                                                                                                                                                                          Connecticut
601                                                                                                                                                                                                                                                                                                                                          Connecticut
199\t9110502700\t Connecticut\t Capitol Planning Region\tCensus Tract 5027\t1011637\t0\t1\t0\t4\t100\t0\t1\t10\t100\tMiddle third\t45\t3\t9661.516\t63\t15.317\tUpper third\t89\t0\t3823.465\t11\t10.327\t5074\t42.04\t13.99\t33.84\t5.52\t0.06\t4.55\t30423\t30.2\t8.8\t97.2\t4\t586\t718977\t0\t0\t0\t5\t1447\t1775545\t1\t215\t263761             NaN
Name: s_name, Length: 200, dtype: object> was passed; 322)
[2024-09-07T19:26:32.317+0000] {local_task_job_runner.py:240} INFO - Task exited with return code 1
[2024-09-07T19:26:32.347+0000] {taskinstance.py:3503} INFO - 0 downstream tasks scheduled from follow-on schedule check
[2024-09-07T19:26:32.352+0000] {local_task_job_runner.py:222} INFO - ::endgroup::
