[2024-09-03T18:41:10.927+0000] {local_task_job_runner.py:120} INFO - ::group::Pre task execution logs
[2024-09-03T18:41:10.990+0000] {taskinstance.py:2076} INFO - Dependencies all met for dep_context=non-requeueable deps ti=<TaskInstance: solar_adoption_dag.extract manual__2024-09-03T18:41:08.296565+00:00 [queued]>
[2024-09-03T18:41:11.020+0000] {taskinstance.py:2076} INFO - Dependencies all met for dep_context=requeueable deps ti=<TaskInstance: solar_adoption_dag.extract manual__2024-09-03T18:41:08.296565+00:00 [queued]>
[2024-09-03T18:41:11.024+0000] {taskinstance.py:2306} INFO - Starting attempt 1 of 1
[2024-09-03T18:41:11.078+0000] {taskinstance.py:2330} INFO - Executing <Task(BashOperator): extract> on 2024-09-03 18:41:08.296565+00:00
[2024-09-03T18:41:11.097+0000] {standard_task_runner.py:90} INFO - Running: ['***', 'tasks', 'run', 'solar_adoption_dag', 'extract', 'manual__2024-09-03T18:41:08.296565+00:00', '--job-id', '7', '--raw', '--subdir', 'DAGS_FOLDER/etl_dag.py', '--cfg-path', '/tmp/tmpg24jlqhb']
[2024-09-03T18:41:11.097+0000] {warnings.py:112} WARNING - /home/***/.local/lib/python3.12/site-packages/***/task/task_runner/standard_task_runner.py:61: DeprecationWarning: This process (pid=113) is multi-threaded, use of fork() may lead to deadlocks in the child.
  pid = os.fork()

[2024-09-03T18:41:11.100+0000] {standard_task_runner.py:91} INFO - Job 7: Subtask extract
[2024-09-03T18:41:11.100+0000] {standard_task_runner.py:63} INFO - Started process 115 to run task
[2024-09-03T18:41:11.161+0000] {task_command.py:426} INFO - Running <TaskInstance: solar_adoption_dag.extract manual__2024-09-03T18:41:08.296565+00:00 [running]> on host cd0632279a4b
[2024-09-03T18:41:11.263+0000] {taskinstance.py:2648} INFO - Exporting env vars: AIRFLOW_CTX_DAG_OWNER='***' AIRFLOW_CTX_DAG_ID='solar_adoption_dag' AIRFLOW_CTX_TASK_ID='extract' AIRFLOW_CTX_EXECUTION_DATE='2024-09-03T18:41:08.296565+00:00' AIRFLOW_CTX_TRY_NUMBER='1' AIRFLOW_CTX_DAG_RUN_ID='manual__2024-09-03T18:41:08.296565+00:00'
[2024-09-03T18:41:11.266+0000] {taskinstance.py:430} INFO - ::endgroup::
[2024-09-03T18:41:11.269+0000] {subprocess.py:63} INFO - Tmp dir root location: /tmp
[2024-09-03T18:41:11.271+0000] {subprocess.py:75} INFO - Running command: ['/usr/bin/bash', '-c', "echo 'initiating extraction'; cd /opt/***/data/raw/; files=(*); mv -v $files /opt/***/data/raw/z_CurrentDataBatch.csv; echo *"]
[2024-09-03T18:41:11.291+0000] {subprocess.py:86} INFO - Output:
[2024-09-03T18:41:11.294+0000] {subprocess.py:93} INFO - initiating extraction
[2024-09-03T18:41:11.312+0000] {subprocess.py:93} INFO - renamed 'STEADy_200_sample_1.csv' -> '/opt/***/data/raw/z_CurrentDataBatch.csv'
[2024-09-03T18:41:11.315+0000] {subprocess.py:93} INFO - STEADy_200_sample_2.csv STEADy_200_sample_3.csv z_CurrentDataBatch.csv
[2024-09-03T18:41:11.316+0000] {subprocess.py:97} INFO - Command exited with return code 0
[2024-09-03T18:41:11.318+0000] {taskinstance.py:441} INFO - ::group::Post task execution logs
[2024-09-03T18:41:11.343+0000] {taskinstance.py:1206} INFO - Marking task as SUCCESS. dag_id=solar_adoption_dag, task_id=extract, run_id=manual__2024-09-03T18:41:08.296565+00:00, execution_date=20240903T184108, start_date=20240903T184110, end_date=20240903T184111
[2024-09-03T18:41:11.396+0000] {local_task_job_runner.py:240} INFO - Task exited with return code 0
[2024-09-03T18:41:11.439+0000] {taskinstance.py:3503} INFO - 1 downstream tasks scheduled from follow-on schedule check
[2024-09-03T18:41:11.442+0000] {local_task_job_runner.py:222} INFO - ::endgroup::
