[2024-09-07T19:11:04.548+0000] {processor.py:161} INFO - Started process (PID=65) to work on /opt/airflow/dags/etl_dag.py
[2024-09-07T19:11:04.551+0000] {processor.py:830} INFO - Processing file /opt/airflow/dags/etl_dag.py for tasks to queue
[2024-09-07T19:11:04.556+0000] {logging_mixin.py:188} INFO - [2024-09-07T19:11:04.555+0000] {dagbag.py:545} INFO - Filling up the DagBag from /opt/airflow/dags/etl_dag.py
[2024-09-07T19:11:08.253+0000] {processor.py:840} INFO - DAG(s) 'solar_adoption_dag' retrieved from /opt/airflow/dags/etl_dag.py
[2024-09-07T19:11:09.112+0000] {logging_mixin.py:188} INFO - [2024-09-07T19:11:09.110+0000] {override.py:1829} INFO - Created Permission View: can edit on DAG:solar_adoption_dag
[2024-09-07T19:11:09.135+0000] {logging_mixin.py:188} INFO - [2024-09-07T19:11:09.134+0000] {override.py:1829} INFO - Created Permission View: can read on DAG:solar_adoption_dag
[2024-09-07T19:11:09.150+0000] {logging_mixin.py:188} INFO - [2024-09-07T19:11:09.149+0000] {override.py:1829} INFO - Created Permission View: can delete on DAG:solar_adoption_dag
[2024-09-07T19:11:09.152+0000] {logging_mixin.py:188} INFO - [2024-09-07T19:11:09.151+0000] {dag.py:3096} INFO - Sync 1 DAGs
[2024-09-07T19:11:09.175+0000] {logging_mixin.py:188} INFO - [2024-09-07T19:11:09.174+0000] {dag.py:3118} INFO - Creating ORM DAG for solar_adoption_dag
[2024-09-07T19:11:09.195+0000] {logging_mixin.py:188} INFO - [2024-09-07T19:11:09.195+0000] {dag.py:3954} INFO - Setting next_dagrun for solar_adoption_dag to 2024-09-06 00:00:00+00:00, run_after=2024-09-07 00:00:00+00:00
[2024-09-07T19:11:09.229+0000] {processor.py:183} INFO - Processing /opt/airflow/dags/etl_dag.py took 4.694 seconds
[2024-09-07T19:11:39.483+0000] {processor.py:161} INFO - Started process (PID=73) to work on /opt/airflow/dags/etl_dag.py
[2024-09-07T19:11:39.484+0000] {processor.py:830} INFO - Processing file /opt/airflow/dags/etl_dag.py for tasks to queue
[2024-09-07T19:11:39.486+0000] {logging_mixin.py:188} INFO - [2024-09-07T19:11:39.485+0000] {dagbag.py:545} INFO - Filling up the DagBag from /opt/airflow/dags/etl_dag.py
[2024-09-07T19:11:39.812+0000] {processor.py:840} INFO - DAG(s) 'solar_adoption_dag' retrieved from /opt/airflow/dags/etl_dag.py
[2024-09-07T19:11:39.966+0000] {logging_mixin.py:188} INFO - [2024-09-07T19:11:39.966+0000] {dag.py:3096} INFO - Sync 1 DAGs
[2024-09-07T19:11:39.982+0000] {logging_mixin.py:188} INFO - [2024-09-07T19:11:39.982+0000] {dag.py:3954} INFO - Setting next_dagrun for solar_adoption_dag to 2024-09-06 00:00:00+00:00, run_after=2024-09-07 00:00:00+00:00
[2024-09-07T19:11:40.006+0000] {processor.py:183} INFO - Processing /opt/airflow/dags/etl_dag.py took 0.529 seconds
[2024-09-07T19:12:10.150+0000] {processor.py:161} INFO - Started process (PID=82) to work on /opt/airflow/dags/etl_dag.py
[2024-09-07T19:12:10.150+0000] {processor.py:830} INFO - Processing file /opt/airflow/dags/etl_dag.py for tasks to queue
[2024-09-07T19:12:10.152+0000] {logging_mixin.py:188} INFO - [2024-09-07T19:12:10.152+0000] {dagbag.py:545} INFO - Filling up the DagBag from /opt/airflow/dags/etl_dag.py
[2024-09-07T19:12:10.445+0000] {processor.py:840} INFO - DAG(s) 'solar_adoption_dag' retrieved from /opt/airflow/dags/etl_dag.py
[2024-09-07T19:12:10.605+0000] {logging_mixin.py:188} INFO - [2024-09-07T19:12:10.605+0000] {dag.py:3096} INFO - Sync 1 DAGs
[2024-09-07T19:12:10.622+0000] {logging_mixin.py:188} INFO - [2024-09-07T19:12:10.622+0000] {dag.py:3954} INFO - Setting next_dagrun for solar_adoption_dag to 2024-09-06 00:00:00+00:00, run_after=2024-09-07 00:00:00+00:00
[2024-09-07T19:12:10.639+0000] {processor.py:183} INFO - Processing /opt/airflow/dags/etl_dag.py took 0.494 seconds
[2024-09-07T19:12:40.924+0000] {processor.py:161} INFO - Started process (PID=98) to work on /opt/airflow/dags/etl_dag.py
[2024-09-07T19:12:40.925+0000] {processor.py:830} INFO - Processing file /opt/airflow/dags/etl_dag.py for tasks to queue
[2024-09-07T19:12:40.927+0000] {logging_mixin.py:188} INFO - [2024-09-07T19:12:40.926+0000] {dagbag.py:545} INFO - Filling up the DagBag from /opt/airflow/dags/etl_dag.py
[2024-09-07T19:12:41.568+0000] {processor.py:840} INFO - DAG(s) 'solar_adoption_dag' retrieved from /opt/airflow/dags/etl_dag.py
[2024-09-07T19:12:41.596+0000] {logging_mixin.py:188} INFO - [2024-09-07T19:12:41.596+0000] {dag.py:3096} INFO - Sync 1 DAGs
[2024-09-07T19:12:41.617+0000] {logging_mixin.py:188} INFO - [2024-09-07T19:12:41.617+0000] {dag.py:3954} INFO - Setting next_dagrun for solar_adoption_dag to 2024-09-07 00:00:00+00:00, run_after=2024-09-08 00:00:00+00:00
[2024-09-07T19:12:41.637+0000] {processor.py:183} INFO - Processing /opt/airflow/dags/etl_dag.py took 0.720 seconds
[2024-09-07T19:13:11.758+0000] {processor.py:161} INFO - Started process (PID=106) to work on /opt/airflow/dags/etl_dag.py
[2024-09-07T19:13:11.758+0000] {processor.py:830} INFO - Processing file /opt/airflow/dags/etl_dag.py for tasks to queue
[2024-09-07T19:13:11.761+0000] {logging_mixin.py:188} INFO - [2024-09-07T19:13:11.760+0000] {dagbag.py:545} INFO - Filling up the DagBag from /opt/airflow/dags/etl_dag.py
[2024-09-07T19:13:12.184+0000] {processor.py:840} INFO - DAG(s) 'solar_adoption_dag' retrieved from /opt/airflow/dags/etl_dag.py
[2024-09-07T19:13:12.213+0000] {logging_mixin.py:188} INFO - [2024-09-07T19:13:12.213+0000] {dag.py:3096} INFO - Sync 1 DAGs
[2024-09-07T19:13:12.246+0000] {logging_mixin.py:188} INFO - [2024-09-07T19:13:12.245+0000] {dag.py:3954} INFO - Setting next_dagrun for solar_adoption_dag to 2024-09-07 00:00:00+00:00, run_after=2024-09-08 00:00:00+00:00
[2024-09-07T19:13:12.288+0000] {processor.py:183} INFO - Processing /opt/airflow/dags/etl_dag.py took 0.536 seconds
[2024-09-07T19:13:42.550+0000] {processor.py:161} INFO - Started process (PID=114) to work on /opt/airflow/dags/etl_dag.py
[2024-09-07T19:13:42.552+0000] {processor.py:830} INFO - Processing file /opt/airflow/dags/etl_dag.py for tasks to queue
[2024-09-07T19:13:42.554+0000] {logging_mixin.py:188} INFO - [2024-09-07T19:13:42.554+0000] {dagbag.py:545} INFO - Filling up the DagBag from /opt/airflow/dags/etl_dag.py
[2024-09-07T19:13:43.105+0000] {processor.py:840} INFO - DAG(s) 'solar_adoption_dag' retrieved from /opt/airflow/dags/etl_dag.py
[2024-09-07T19:13:43.134+0000] {logging_mixin.py:188} INFO - [2024-09-07T19:13:43.133+0000] {dag.py:3096} INFO - Sync 1 DAGs
[2024-09-07T19:13:43.152+0000] {logging_mixin.py:188} INFO - [2024-09-07T19:13:43.152+0000] {dag.py:3954} INFO - Setting next_dagrun for solar_adoption_dag to 2024-09-07 00:00:00+00:00, run_after=2024-09-08 00:00:00+00:00
[2024-09-07T19:13:43.172+0000] {processor.py:183} INFO - Processing /opt/airflow/dags/etl_dag.py took 0.631 seconds
[2024-09-07T19:14:13.334+0000] {processor.py:161} INFO - Started process (PID=122) to work on /opt/airflow/dags/etl_dag.py
[2024-09-07T19:14:13.336+0000] {processor.py:830} INFO - Processing file /opt/airflow/dags/etl_dag.py for tasks to queue
[2024-09-07T19:14:13.339+0000] {logging_mixin.py:188} INFO - [2024-09-07T19:14:13.339+0000] {dagbag.py:545} INFO - Filling up the DagBag from /opt/airflow/dags/etl_dag.py
[2024-09-07T19:14:14.015+0000] {processor.py:840} INFO - DAG(s) 'solar_adoption_dag' retrieved from /opt/airflow/dags/etl_dag.py
[2024-09-07T19:14:14.089+0000] {logging_mixin.py:188} INFO - [2024-09-07T19:14:14.089+0000] {dag.py:3096} INFO - Sync 1 DAGs
[2024-09-07T19:14:14.419+0000] {logging_mixin.py:188} INFO - [2024-09-07T19:14:14.419+0000] {dag.py:3954} INFO - Setting next_dagrun for solar_adoption_dag to 2024-09-07 00:00:00+00:00, run_after=2024-09-08 00:00:00+00:00
[2024-09-07T19:14:14.469+0000] {processor.py:183} INFO - Processing /opt/airflow/dags/etl_dag.py took 1.145 seconds
[2024-09-07T19:14:44.686+0000] {processor.py:161} INFO - Started process (PID=131) to work on /opt/airflow/dags/etl_dag.py
[2024-09-07T19:14:44.687+0000] {processor.py:830} INFO - Processing file /opt/airflow/dags/etl_dag.py for tasks to queue
[2024-09-07T19:14:44.689+0000] {logging_mixin.py:188} INFO - [2024-09-07T19:14:44.689+0000] {dagbag.py:545} INFO - Filling up the DagBag from /opt/airflow/dags/etl_dag.py
[2024-09-07T19:14:45.049+0000] {processor.py:840} INFO - DAG(s) 'solar_adoption_dag' retrieved from /opt/airflow/dags/etl_dag.py
[2024-09-07T19:14:45.203+0000] {logging_mixin.py:188} INFO - [2024-09-07T19:14:45.203+0000] {dag.py:3096} INFO - Sync 1 DAGs
[2024-09-07T19:14:45.219+0000] {logging_mixin.py:188} INFO - [2024-09-07T19:14:45.219+0000] {dag.py:3954} INFO - Setting next_dagrun for solar_adoption_dag to 2024-09-07 00:00:00+00:00, run_after=2024-09-08 00:00:00+00:00
[2024-09-07T19:14:45.237+0000] {processor.py:183} INFO - Processing /opt/airflow/dags/etl_dag.py took 0.557 seconds
[2024-09-07T19:15:15.520+0000] {processor.py:161} INFO - Started process (PID=140) to work on /opt/airflow/dags/etl_dag.py
[2024-09-07T19:15:15.521+0000] {processor.py:830} INFO - Processing file /opt/airflow/dags/etl_dag.py for tasks to queue
[2024-09-07T19:15:15.523+0000] {logging_mixin.py:188} INFO - [2024-09-07T19:15:15.523+0000] {dagbag.py:545} INFO - Filling up the DagBag from /opt/airflow/dags/etl_dag.py
[2024-09-07T19:15:15.836+0000] {processor.py:840} INFO - DAG(s) 'solar_adoption_dag' retrieved from /opt/airflow/dags/etl_dag.py
[2024-09-07T19:15:15.986+0000] {logging_mixin.py:188} INFO - [2024-09-07T19:15:15.986+0000] {dag.py:3096} INFO - Sync 1 DAGs
[2024-09-07T19:15:16.019+0000] {logging_mixin.py:188} INFO - [2024-09-07T19:15:16.018+0000] {dag.py:3954} INFO - Setting next_dagrun for solar_adoption_dag to 2024-09-07 00:00:00+00:00, run_after=2024-09-08 00:00:00+00:00
[2024-09-07T19:15:16.048+0000] {processor.py:183} INFO - Processing /opt/airflow/dags/etl_dag.py took 0.533 seconds
[2024-09-07T19:15:46.159+0000] {processor.py:161} INFO - Started process (PID=149) to work on /opt/airflow/dags/etl_dag.py
[2024-09-07T19:15:46.160+0000] {processor.py:830} INFO - Processing file /opt/airflow/dags/etl_dag.py for tasks to queue
[2024-09-07T19:15:46.162+0000] {logging_mixin.py:188} INFO - [2024-09-07T19:15:46.162+0000] {dagbag.py:545} INFO - Filling up the DagBag from /opt/airflow/dags/etl_dag.py
[2024-09-07T19:15:46.688+0000] {processor.py:840} INFO - DAG(s) 'solar_adoption_dag' retrieved from /opt/airflow/dags/etl_dag.py
[2024-09-07T19:15:46.711+0000] {logging_mixin.py:188} INFO - [2024-09-07T19:15:46.711+0000] {dag.py:3096} INFO - Sync 1 DAGs
[2024-09-07T19:15:46.734+0000] {logging_mixin.py:188} INFO - [2024-09-07T19:15:46.734+0000] {dag.py:3954} INFO - Setting next_dagrun for solar_adoption_dag to 2024-09-07 00:00:00+00:00, run_after=2024-09-08 00:00:00+00:00
[2024-09-07T19:15:46.750+0000] {processor.py:183} INFO - Processing /opt/airflow/dags/etl_dag.py took 0.596 seconds
[2024-09-07T19:16:17.028+0000] {processor.py:161} INFO - Started process (PID=157) to work on /opt/airflow/dags/etl_dag.py
[2024-09-07T19:16:17.029+0000] {processor.py:830} INFO - Processing file /opt/airflow/dags/etl_dag.py for tasks to queue
[2024-09-07T19:16:17.031+0000] {logging_mixin.py:188} INFO - [2024-09-07T19:16:17.030+0000] {dagbag.py:545} INFO - Filling up the DagBag from /opt/airflow/dags/etl_dag.py
[2024-09-07T19:16:17.464+0000] {processor.py:840} INFO - DAG(s) 'solar_adoption_dag' retrieved from /opt/airflow/dags/etl_dag.py
[2024-09-07T19:16:17.496+0000] {logging_mixin.py:188} INFO - [2024-09-07T19:16:17.495+0000] {dag.py:3096} INFO - Sync 1 DAGs
[2024-09-07T19:16:17.512+0000] {logging_mixin.py:188} INFO - [2024-09-07T19:16:17.512+0000] {dag.py:3954} INFO - Setting next_dagrun for solar_adoption_dag to 2024-09-07 00:00:00+00:00, run_after=2024-09-08 00:00:00+00:00
[2024-09-07T19:16:17.544+0000] {processor.py:183} INFO - Processing /opt/airflow/dags/etl_dag.py took 0.521 seconds
[2024-09-07T19:16:47.817+0000] {processor.py:161} INFO - Started process (PID=165) to work on /opt/airflow/dags/etl_dag.py
[2024-09-07T19:16:47.818+0000] {processor.py:830} INFO - Processing file /opt/airflow/dags/etl_dag.py for tasks to queue
[2024-09-07T19:16:47.820+0000] {logging_mixin.py:188} INFO - [2024-09-07T19:16:47.820+0000] {dagbag.py:545} INFO - Filling up the DagBag from /opt/airflow/dags/etl_dag.py
[2024-09-07T19:16:48.297+0000] {processor.py:840} INFO - DAG(s) 'solar_adoption_dag' retrieved from /opt/airflow/dags/etl_dag.py
[2024-09-07T19:16:48.322+0000] {logging_mixin.py:188} INFO - [2024-09-07T19:16:48.322+0000] {dag.py:3096} INFO - Sync 1 DAGs
[2024-09-07T19:16:48.338+0000] {logging_mixin.py:188} INFO - [2024-09-07T19:16:48.338+0000] {dag.py:3954} INFO - Setting next_dagrun for solar_adoption_dag to 2024-09-07 00:00:00+00:00, run_after=2024-09-08 00:00:00+00:00
[2024-09-07T19:16:48.354+0000] {processor.py:183} INFO - Processing /opt/airflow/dags/etl_dag.py took 0.541 seconds
[2024-09-07T19:17:18.553+0000] {processor.py:161} INFO - Started process (PID=173) to work on /opt/airflow/dags/etl_dag.py
[2024-09-07T19:17:18.555+0000] {processor.py:830} INFO - Processing file /opt/airflow/dags/etl_dag.py for tasks to queue
[2024-09-07T19:17:18.562+0000] {logging_mixin.py:188} INFO - [2024-09-07T19:17:18.561+0000] {dagbag.py:545} INFO - Filling up the DagBag from /opt/airflow/dags/etl_dag.py
[2024-09-07T19:17:18.966+0000] {processor.py:840} INFO - DAG(s) 'solar_adoption_dag' retrieved from /opt/airflow/dags/etl_dag.py
[2024-09-07T19:17:19.000+0000] {logging_mixin.py:188} INFO - [2024-09-07T19:17:19.000+0000] {dag.py:3096} INFO - Sync 1 DAGs
[2024-09-07T19:17:19.156+0000] {logging_mixin.py:188} INFO - [2024-09-07T19:17:19.156+0000] {dag.py:3954} INFO - Setting next_dagrun for solar_adoption_dag to 2024-09-07 00:00:00+00:00, run_after=2024-09-08 00:00:00+00:00
[2024-09-07T19:17:19.175+0000] {processor.py:183} INFO - Processing /opt/airflow/dags/etl_dag.py took 0.644 seconds
[2024-09-07T19:17:49.447+0000] {processor.py:161} INFO - Started process (PID=181) to work on /opt/airflow/dags/etl_dag.py
[2024-09-07T19:17:49.448+0000] {processor.py:830} INFO - Processing file /opt/airflow/dags/etl_dag.py for tasks to queue
[2024-09-07T19:17:49.449+0000] {logging_mixin.py:188} INFO - [2024-09-07T19:17:49.449+0000] {dagbag.py:545} INFO - Filling up the DagBag from /opt/airflow/dags/etl_dag.py
[2024-09-07T19:17:49.768+0000] {processor.py:840} INFO - DAG(s) 'solar_adoption_dag' retrieved from /opt/airflow/dags/etl_dag.py
[2024-09-07T19:17:49.913+0000] {logging_mixin.py:188} INFO - [2024-09-07T19:17:49.913+0000] {dag.py:3096} INFO - Sync 1 DAGs
[2024-09-07T19:17:49.928+0000] {logging_mixin.py:188} INFO - [2024-09-07T19:17:49.928+0000] {dag.py:3954} INFO - Setting next_dagrun for solar_adoption_dag to 2024-09-07 00:00:00+00:00, run_after=2024-09-08 00:00:00+00:00
[2024-09-07T19:17:49.945+0000] {processor.py:183} INFO - Processing /opt/airflow/dags/etl_dag.py took 0.503 seconds
[2024-09-07T19:18:20.083+0000] {processor.py:161} INFO - Started process (PID=189) to work on /opt/airflow/dags/etl_dag.py
[2024-09-07T19:18:20.084+0000] {processor.py:830} INFO - Processing file /opt/airflow/dags/etl_dag.py for tasks to queue
[2024-09-07T19:18:20.086+0000] {logging_mixin.py:188} INFO - [2024-09-07T19:18:20.086+0000] {dagbag.py:545} INFO - Filling up the DagBag from /opt/airflow/dags/etl_dag.py
[2024-09-07T19:18:20.596+0000] {processor.py:840} INFO - DAG(s) 'solar_adoption_dag' retrieved from /opt/airflow/dags/etl_dag.py
[2024-09-07T19:18:20.621+0000] {logging_mixin.py:188} INFO - [2024-09-07T19:18:20.620+0000] {dag.py:3096} INFO - Sync 1 DAGs
[2024-09-07T19:18:20.636+0000] {logging_mixin.py:188} INFO - [2024-09-07T19:18:20.636+0000] {dag.py:3954} INFO - Setting next_dagrun for solar_adoption_dag to 2024-09-07 00:00:00+00:00, run_after=2024-09-08 00:00:00+00:00
[2024-09-07T19:18:20.651+0000] {processor.py:183} INFO - Processing /opt/airflow/dags/etl_dag.py took 0.573 seconds
[2024-09-07T19:18:50.930+0000] {processor.py:161} INFO - Started process (PID=198) to work on /opt/airflow/dags/etl_dag.py
[2024-09-07T19:18:50.931+0000] {processor.py:830} INFO - Processing file /opt/airflow/dags/etl_dag.py for tasks to queue
[2024-09-07T19:18:50.933+0000] {logging_mixin.py:188} INFO - [2024-09-07T19:18:50.932+0000] {dagbag.py:545} INFO - Filling up the DagBag from /opt/airflow/dags/etl_dag.py
[2024-09-07T19:18:51.398+0000] {processor.py:840} INFO - DAG(s) 'solar_adoption_dag' retrieved from /opt/airflow/dags/etl_dag.py
[2024-09-07T19:18:51.421+0000] {logging_mixin.py:188} INFO - [2024-09-07T19:18:51.421+0000] {dag.py:3096} INFO - Sync 1 DAGs
[2024-09-07T19:18:51.439+0000] {logging_mixin.py:188} INFO - [2024-09-07T19:18:51.439+0000] {dag.py:3954} INFO - Setting next_dagrun for solar_adoption_dag to 2024-09-07 00:00:00+00:00, run_after=2024-09-08 00:00:00+00:00
[2024-09-07T19:18:51.459+0000] {processor.py:183} INFO - Processing /opt/airflow/dags/etl_dag.py took 0.535 seconds
[2024-09-07T19:19:21.633+0000] {processor.py:161} INFO - Started process (PID=206) to work on /opt/airflow/dags/etl_dag.py
[2024-09-07T19:19:21.634+0000] {processor.py:830} INFO - Processing file /opt/airflow/dags/etl_dag.py for tasks to queue
[2024-09-07T19:19:21.636+0000] {logging_mixin.py:188} INFO - [2024-09-07T19:19:21.636+0000] {dagbag.py:545} INFO - Filling up the DagBag from /opt/airflow/dags/etl_dag.py
[2024-09-07T19:19:22.058+0000] {processor.py:840} INFO - DAG(s) 'solar_adoption_dag' retrieved from /opt/airflow/dags/etl_dag.py
[2024-09-07T19:19:22.085+0000] {logging_mixin.py:188} INFO - [2024-09-07T19:19:22.085+0000] {dag.py:3096} INFO - Sync 1 DAGs
[2024-09-07T19:19:22.101+0000] {logging_mixin.py:188} INFO - [2024-09-07T19:19:22.101+0000] {dag.py:3954} INFO - Setting next_dagrun for solar_adoption_dag to 2024-09-07 00:00:00+00:00, run_after=2024-09-08 00:00:00+00:00
[2024-09-07T19:19:22.118+0000] {processor.py:183} INFO - Processing /opt/airflow/dags/etl_dag.py took 0.491 seconds
[2024-09-07T19:19:52.380+0000] {processor.py:161} INFO - Started process (PID=214) to work on /opt/airflow/dags/etl_dag.py
[2024-09-07T19:19:52.380+0000] {processor.py:830} INFO - Processing file /opt/airflow/dags/etl_dag.py for tasks to queue
[2024-09-07T19:19:52.382+0000] {logging_mixin.py:188} INFO - [2024-09-07T19:19:52.382+0000] {dagbag.py:545} INFO - Filling up the DagBag from /opt/airflow/dags/etl_dag.py
[2024-09-07T19:19:52.850+0000] {processor.py:840} INFO - DAG(s) 'solar_adoption_dag' retrieved from /opt/airflow/dags/etl_dag.py
[2024-09-07T19:19:52.878+0000] {logging_mixin.py:188} INFO - [2024-09-07T19:19:52.878+0000] {dag.py:3096} INFO - Sync 1 DAGs
[2024-09-07T19:19:52.899+0000] {logging_mixin.py:188} INFO - [2024-09-07T19:19:52.899+0000] {dag.py:3954} INFO - Setting next_dagrun for solar_adoption_dag to 2024-09-07 00:00:00+00:00, run_after=2024-09-08 00:00:00+00:00
[2024-09-07T19:19:52.918+0000] {processor.py:183} INFO - Processing /opt/airflow/dags/etl_dag.py took 0.544 seconds
[2024-09-07T19:20:23.118+0000] {processor.py:161} INFO - Started process (PID=222) to work on /opt/airflow/dags/etl_dag.py
[2024-09-07T19:20:23.119+0000] {processor.py:830} INFO - Processing file /opt/airflow/dags/etl_dag.py for tasks to queue
[2024-09-07T19:20:23.121+0000] {logging_mixin.py:188} INFO - [2024-09-07T19:20:23.121+0000] {dagbag.py:545} INFO - Filling up the DagBag from /opt/airflow/dags/etl_dag.py
[2024-09-07T19:20:23.541+0000] {processor.py:840} INFO - DAG(s) 'solar_adoption_dag' retrieved from /opt/airflow/dags/etl_dag.py
[2024-09-07T19:20:23.563+0000] {logging_mixin.py:188} INFO - [2024-09-07T19:20:23.563+0000] {dag.py:3096} INFO - Sync 1 DAGs
[2024-09-07T19:20:23.580+0000] {logging_mixin.py:188} INFO - [2024-09-07T19:20:23.580+0000] {dag.py:3954} INFO - Setting next_dagrun for solar_adoption_dag to 2024-09-07 00:00:00+00:00, run_after=2024-09-08 00:00:00+00:00
[2024-09-07T19:20:23.608+0000] {processor.py:183} INFO - Processing /opt/airflow/dags/etl_dag.py took 0.496 seconds
[2024-09-07T19:20:53.860+0000] {processor.py:161} INFO - Started process (PID=230) to work on /opt/airflow/dags/etl_dag.py
[2024-09-07T19:20:53.861+0000] {processor.py:830} INFO - Processing file /opt/airflow/dags/etl_dag.py for tasks to queue
[2024-09-07T19:20:53.863+0000] {logging_mixin.py:188} INFO - [2024-09-07T19:20:53.863+0000] {dagbag.py:545} INFO - Filling up the DagBag from /opt/airflow/dags/etl_dag.py
[2024-09-07T19:20:54.242+0000] {processor.py:840} INFO - DAG(s) 'solar_adoption_dag' retrieved from /opt/airflow/dags/etl_dag.py
[2024-09-07T19:20:54.426+0000] {logging_mixin.py:188} INFO - [2024-09-07T19:20:54.426+0000] {dag.py:3096} INFO - Sync 1 DAGs
[2024-09-07T19:20:54.446+0000] {logging_mixin.py:188} INFO - [2024-09-07T19:20:54.446+0000] {dag.py:3954} INFO - Setting next_dagrun for solar_adoption_dag to 2024-09-07 00:00:00+00:00, run_after=2024-09-08 00:00:00+00:00
[2024-09-07T19:20:54.466+0000] {processor.py:183} INFO - Processing /opt/airflow/dags/etl_dag.py took 0.613 seconds
[2024-09-07T19:21:24.651+0000] {processor.py:161} INFO - Started process (PID=238) to work on /opt/airflow/dags/etl_dag.py
[2024-09-07T19:21:24.652+0000] {processor.py:830} INFO - Processing file /opt/airflow/dags/etl_dag.py for tasks to queue
[2024-09-07T19:21:24.654+0000] {logging_mixin.py:188} INFO - [2024-09-07T19:21:24.654+0000] {dagbag.py:545} INFO - Filling up the DagBag from /opt/airflow/dags/etl_dag.py
[2024-09-07T19:21:25.350+0000] {processor.py:840} INFO - DAG(s) 'solar_adoption_dag' retrieved from /opt/airflow/dags/etl_dag.py
[2024-09-07T19:21:25.399+0000] {logging_mixin.py:188} INFO - [2024-09-07T19:21:25.398+0000] {dag.py:3096} INFO - Sync 1 DAGs
[2024-09-07T19:21:25.446+0000] {logging_mixin.py:188} INFO - [2024-09-07T19:21:25.445+0000] {dag.py:3954} INFO - Setting next_dagrun for solar_adoption_dag to 2024-09-07 00:00:00+00:00, run_after=2024-09-08 00:00:00+00:00
[2024-09-07T19:21:25.476+0000] {processor.py:183} INFO - Processing /opt/airflow/dags/etl_dag.py took 0.831 seconds
[2024-09-07T19:21:55.779+0000] {processor.py:161} INFO - Started process (PID=252) to work on /opt/airflow/dags/etl_dag.py
[2024-09-07T19:21:55.780+0000] {processor.py:830} INFO - Processing file /opt/airflow/dags/etl_dag.py for tasks to queue
[2024-09-07T19:21:55.783+0000] {logging_mixin.py:188} INFO - [2024-09-07T19:21:55.782+0000] {dagbag.py:545} INFO - Filling up the DagBag from /opt/airflow/dags/etl_dag.py
[2024-09-07T19:21:56.384+0000] {processor.py:840} INFO - DAG(s) 'solar_adoption_dag' retrieved from /opt/airflow/dags/etl_dag.py
[2024-09-07T19:21:56.413+0000] {logging_mixin.py:188} INFO - [2024-09-07T19:21:56.413+0000] {dag.py:3096} INFO - Sync 1 DAGs
[2024-09-07T19:21:56.433+0000] {logging_mixin.py:188} INFO - [2024-09-07T19:21:56.433+0000] {dag.py:3954} INFO - Setting next_dagrun for solar_adoption_dag to 2024-09-07 00:00:00+00:00, run_after=2024-09-08 00:00:00+00:00
[2024-09-07T19:21:56.458+0000] {processor.py:183} INFO - Processing /opt/airflow/dags/etl_dag.py took 0.687 seconds
[2024-09-07T19:22:26.754+0000] {processor.py:161} INFO - Started process (PID=260) to work on /opt/airflow/dags/etl_dag.py
[2024-09-07T19:22:26.754+0000] {processor.py:830} INFO - Processing file /opt/airflow/dags/etl_dag.py for tasks to queue
[2024-09-07T19:22:26.756+0000] {logging_mixin.py:188} INFO - [2024-09-07T19:22:26.756+0000] {dagbag.py:545} INFO - Filling up the DagBag from /opt/airflow/dags/etl_dag.py
[2024-09-07T19:22:27.211+0000] {processor.py:840} INFO - DAG(s) 'solar_adoption_dag' retrieved from /opt/airflow/dags/etl_dag.py
[2024-09-07T19:22:27.248+0000] {logging_mixin.py:188} INFO - [2024-09-07T19:22:27.248+0000] {dag.py:3096} INFO - Sync 1 DAGs
[2024-09-07T19:22:27.264+0000] {logging_mixin.py:188} INFO - [2024-09-07T19:22:27.264+0000] {dag.py:3954} INFO - Setting next_dagrun for solar_adoption_dag to 2024-09-07 00:00:00+00:00, run_after=2024-09-08 00:00:00+00:00
[2024-09-07T19:22:27.283+0000] {processor.py:183} INFO - Processing /opt/airflow/dags/etl_dag.py took 0.534 seconds
[2024-09-07T19:22:57.556+0000] {processor.py:161} INFO - Started process (PID=268) to work on /opt/airflow/dags/etl_dag.py
[2024-09-07T19:22:57.557+0000] {processor.py:830} INFO - Processing file /opt/airflow/dags/etl_dag.py for tasks to queue
[2024-09-07T19:22:57.558+0000] {logging_mixin.py:188} INFO - [2024-09-07T19:22:57.558+0000] {dagbag.py:545} INFO - Filling up the DagBag from /opt/airflow/dags/etl_dag.py
[2024-09-07T19:22:58.028+0000] {processor.py:840} INFO - DAG(s) 'solar_adoption_dag' retrieved from /opt/airflow/dags/etl_dag.py
[2024-09-07T19:22:58.052+0000] {logging_mixin.py:188} INFO - [2024-09-07T19:22:58.052+0000] {dag.py:3096} INFO - Sync 1 DAGs
[2024-09-07T19:22:58.070+0000] {logging_mixin.py:188} INFO - [2024-09-07T19:22:58.070+0000] {dag.py:3954} INFO - Setting next_dagrun for solar_adoption_dag to 2024-09-07 00:00:00+00:00, run_after=2024-09-08 00:00:00+00:00
[2024-09-07T19:22:58.102+0000] {processor.py:183} INFO - Processing /opt/airflow/dags/etl_dag.py took 0.551 seconds
[2024-09-07T19:23:28.278+0000] {processor.py:161} INFO - Started process (PID=276) to work on /opt/airflow/dags/etl_dag.py
[2024-09-07T19:23:28.279+0000] {processor.py:830} INFO - Processing file /opt/airflow/dags/etl_dag.py for tasks to queue
[2024-09-07T19:23:28.281+0000] {logging_mixin.py:188} INFO - [2024-09-07T19:23:28.281+0000] {dagbag.py:545} INFO - Filling up the DagBag from /opt/airflow/dags/etl_dag.py
[2024-09-07T19:23:28.644+0000] {processor.py:840} INFO - DAG(s) 'solar_adoption_dag' retrieved from /opt/airflow/dags/etl_dag.py
[2024-09-07T19:23:28.796+0000] {logging_mixin.py:188} INFO - [2024-09-07T19:23:28.796+0000] {dag.py:3096} INFO - Sync 1 DAGs
[2024-09-07T19:23:28.817+0000] {logging_mixin.py:188} INFO - [2024-09-07T19:23:28.817+0000] {dag.py:3954} INFO - Setting next_dagrun for solar_adoption_dag to 2024-09-07 00:00:00+00:00, run_after=2024-09-08 00:00:00+00:00
[2024-09-07T19:23:28.835+0000] {processor.py:183} INFO - Processing /opt/airflow/dags/etl_dag.py took 0.563 seconds
[2024-09-07T19:23:59.102+0000] {processor.py:161} INFO - Started process (PID=284) to work on /opt/airflow/dags/etl_dag.py
[2024-09-07T19:23:59.103+0000] {processor.py:830} INFO - Processing file /opt/airflow/dags/etl_dag.py for tasks to queue
[2024-09-07T19:23:59.105+0000] {logging_mixin.py:188} INFO - [2024-09-07T19:23:59.105+0000] {dagbag.py:545} INFO - Filling up the DagBag from /opt/airflow/dags/etl_dag.py
[2024-09-07T19:23:59.395+0000] {processor.py:840} INFO - DAG(s) 'solar_adoption_dag' retrieved from /opt/airflow/dags/etl_dag.py
[2024-09-07T19:23:59.538+0000] {logging_mixin.py:188} INFO - [2024-09-07T19:23:59.538+0000] {dag.py:3096} INFO - Sync 1 DAGs
[2024-09-07T19:23:59.562+0000] {logging_mixin.py:188} INFO - [2024-09-07T19:23:59.561+0000] {dag.py:3954} INFO - Setting next_dagrun for solar_adoption_dag to 2024-09-07 00:00:00+00:00, run_after=2024-09-08 00:00:00+00:00
[2024-09-07T19:23:59.594+0000] {processor.py:183} INFO - Processing /opt/airflow/dags/etl_dag.py took 0.497 seconds
[2024-09-07T19:24:29.882+0000] {processor.py:161} INFO - Started process (PID=292) to work on /opt/airflow/dags/etl_dag.py
[2024-09-07T19:24:29.882+0000] {processor.py:830} INFO - Processing file /opt/airflow/dags/etl_dag.py for tasks to queue
[2024-09-07T19:24:29.884+0000] {logging_mixin.py:188} INFO - [2024-09-07T19:24:29.884+0000] {dagbag.py:545} INFO - Filling up the DagBag from /opt/airflow/dags/etl_dag.py
[2024-09-07T19:24:30.308+0000] {processor.py:840} INFO - DAG(s) 'solar_adoption_dag' retrieved from /opt/airflow/dags/etl_dag.py
[2024-09-07T19:24:30.331+0000] {logging_mixin.py:188} INFO - [2024-09-07T19:24:30.331+0000] {dag.py:3096} INFO - Sync 1 DAGs
[2024-09-07T19:24:30.347+0000] {logging_mixin.py:188} INFO - [2024-09-07T19:24:30.347+0000] {dag.py:3954} INFO - Setting next_dagrun for solar_adoption_dag to 2024-09-07 00:00:00+00:00, run_after=2024-09-08 00:00:00+00:00
[2024-09-07T19:24:30.377+0000] {processor.py:183} INFO - Processing /opt/airflow/dags/etl_dag.py took 0.501 seconds
[2024-09-07T19:25:00.686+0000] {processor.py:161} INFO - Started process (PID=300) to work on /opt/airflow/dags/etl_dag.py
[2024-09-07T19:25:00.687+0000] {processor.py:830} INFO - Processing file /opt/airflow/dags/etl_dag.py for tasks to queue
[2024-09-07T19:25:00.689+0000] {logging_mixin.py:188} INFO - [2024-09-07T19:25:00.688+0000] {dagbag.py:545} INFO - Filling up the DagBag from /opt/airflow/dags/etl_dag.py
[2024-09-07T19:25:01.113+0000] {processor.py:840} INFO - DAG(s) 'solar_adoption_dag' retrieved from /opt/airflow/dags/etl_dag.py
[2024-09-07T19:25:01.137+0000] {logging_mixin.py:188} INFO - [2024-09-07T19:25:01.137+0000] {dag.py:3096} INFO - Sync 1 DAGs
[2024-09-07T19:25:01.160+0000] {logging_mixin.py:188} INFO - [2024-09-07T19:25:01.160+0000] {dag.py:3954} INFO - Setting next_dagrun for solar_adoption_dag to 2024-09-07 00:00:00+00:00, run_after=2024-09-08 00:00:00+00:00
[2024-09-07T19:25:01.180+0000] {processor.py:183} INFO - Processing /opt/airflow/dags/etl_dag.py took 0.499 seconds
[2024-09-07T19:25:31.361+0000] {processor.py:161} INFO - Started process (PID=308) to work on /opt/airflow/dags/etl_dag.py
[2024-09-07T19:25:31.362+0000] {processor.py:830} INFO - Processing file /opt/airflow/dags/etl_dag.py for tasks to queue
[2024-09-07T19:25:31.365+0000] {logging_mixin.py:188} INFO - [2024-09-07T19:25:31.365+0000] {dagbag.py:545} INFO - Filling up the DagBag from /opt/airflow/dags/etl_dag.py
[2024-09-07T19:25:32.157+0000] {processor.py:840} INFO - DAG(s) 'solar_adoption_dag' retrieved from /opt/airflow/dags/etl_dag.py
[2024-09-07T19:25:32.203+0000] {logging_mixin.py:188} INFO - [2024-09-07T19:25:32.202+0000] {dag.py:3096} INFO - Sync 1 DAGs
[2024-09-07T19:25:32.233+0000] {logging_mixin.py:188} INFO - [2024-09-07T19:25:32.232+0000] {dag.py:3954} INFO - Setting next_dagrun for solar_adoption_dag to 2024-09-07 00:00:00+00:00, run_after=2024-09-08 00:00:00+00:00
[2024-09-07T19:25:32.270+0000] {processor.py:183} INFO - Processing /opt/airflow/dags/etl_dag.py took 0.918 seconds
[2024-09-07T19:26:02.545+0000] {processor.py:161} INFO - Started process (PID=316) to work on /opt/airflow/dags/etl_dag.py
[2024-09-07T19:26:02.546+0000] {processor.py:830} INFO - Processing file /opt/airflow/dags/etl_dag.py for tasks to queue
[2024-09-07T19:26:02.549+0000] {logging_mixin.py:188} INFO - [2024-09-07T19:26:02.549+0000] {dagbag.py:545} INFO - Filling up the DagBag from /opt/airflow/dags/etl_dag.py
[2024-09-07T19:26:03.587+0000] {processor.py:840} INFO - DAG(s) 'solar_adoption_dag' retrieved from /opt/airflow/dags/etl_dag.py
[2024-09-07T19:26:03.627+0000] {logging_mixin.py:188} INFO - [2024-09-07T19:26:03.627+0000] {dag.py:3096} INFO - Sync 1 DAGs
[2024-09-07T19:26:03.649+0000] {logging_mixin.py:188} INFO - [2024-09-07T19:26:03.649+0000] {dag.py:3954} INFO - Setting next_dagrun for solar_adoption_dag to 2024-09-07 00:00:00+00:00, run_after=2024-09-08 00:00:00+00:00
[2024-09-07T19:26:03.669+0000] {processor.py:183} INFO - Processing /opt/airflow/dags/etl_dag.py took 1.132 seconds
[2024-09-07T19:26:33.990+0000] {processor.py:161} INFO - Started process (PID=324) to work on /opt/airflow/dags/etl_dag.py
[2024-09-07T19:26:33.991+0000] {processor.py:830} INFO - Processing file /opt/airflow/dags/etl_dag.py for tasks to queue
[2024-09-07T19:26:33.993+0000] {logging_mixin.py:188} INFO - [2024-09-07T19:26:33.992+0000] {dagbag.py:545} INFO - Filling up the DagBag from /opt/airflow/dags/etl_dag.py
[2024-09-07T19:26:34.459+0000] {processor.py:840} INFO - DAG(s) 'solar_adoption_dag' retrieved from /opt/airflow/dags/etl_dag.py
[2024-09-07T19:26:34.484+0000] {logging_mixin.py:188} INFO - [2024-09-07T19:26:34.483+0000] {dag.py:3096} INFO - Sync 1 DAGs
[2024-09-07T19:26:34.500+0000] {logging_mixin.py:188} INFO - [2024-09-07T19:26:34.499+0000] {dag.py:3954} INFO - Setting next_dagrun for solar_adoption_dag to 2024-09-07 00:00:00+00:00, run_after=2024-09-08 00:00:00+00:00
[2024-09-07T19:26:34.519+0000] {processor.py:183} INFO - Processing /opt/airflow/dags/etl_dag.py took 0.533 seconds
[2024-09-07T19:27:04.794+0000] {processor.py:161} INFO - Started process (PID=332) to work on /opt/airflow/dags/etl_dag.py
[2024-09-07T19:27:04.794+0000] {processor.py:830} INFO - Processing file /opt/airflow/dags/etl_dag.py for tasks to queue
[2024-09-07T19:27:04.796+0000] {logging_mixin.py:188} INFO - [2024-09-07T19:27:04.796+0000] {dagbag.py:545} INFO - Filling up the DagBag from /opt/airflow/dags/etl_dag.py
[2024-09-07T19:27:05.210+0000] {processor.py:840} INFO - DAG(s) 'solar_adoption_dag' retrieved from /opt/airflow/dags/etl_dag.py
[2024-09-07T19:27:05.241+0000] {logging_mixin.py:188} INFO - [2024-09-07T19:27:05.240+0000] {dag.py:3096} INFO - Sync 1 DAGs
[2024-09-07T19:27:05.260+0000] {logging_mixin.py:188} INFO - [2024-09-07T19:27:05.260+0000] {dag.py:3954} INFO - Setting next_dagrun for solar_adoption_dag to 2024-09-07 00:00:00+00:00, run_after=2024-09-08 00:00:00+00:00
[2024-09-07T19:27:05.279+0000] {processor.py:183} INFO - Processing /opt/airflow/dags/etl_dag.py took 0.491 seconds
[2024-09-07T19:27:35.533+0000] {processor.py:161} INFO - Started process (PID=340) to work on /opt/airflow/dags/etl_dag.py
[2024-09-07T19:27:35.534+0000] {processor.py:830} INFO - Processing file /opt/airflow/dags/etl_dag.py for tasks to queue
[2024-09-07T19:27:35.536+0000] {logging_mixin.py:188} INFO - [2024-09-07T19:27:35.536+0000] {dagbag.py:545} INFO - Filling up the DagBag from /opt/airflow/dags/etl_dag.py
[2024-09-07T19:27:35.940+0000] {processor.py:840} INFO - DAG(s) 'solar_adoption_dag' retrieved from /opt/airflow/dags/etl_dag.py
[2024-09-07T19:27:35.965+0000] {logging_mixin.py:188} INFO - [2024-09-07T19:27:35.965+0000] {dag.py:3096} INFO - Sync 1 DAGs
[2024-09-07T19:27:35.982+0000] {logging_mixin.py:188} INFO - [2024-09-07T19:27:35.982+0000] {dag.py:3954} INFO - Setting next_dagrun for solar_adoption_dag to 2024-09-07 00:00:00+00:00, run_after=2024-09-08 00:00:00+00:00
[2024-09-07T19:27:36.011+0000] {processor.py:183} INFO - Processing /opt/airflow/dags/etl_dag.py took 0.483 seconds
[2024-09-07T19:28:06.337+0000] {processor.py:161} INFO - Started process (PID=348) to work on /opt/airflow/dags/etl_dag.py
[2024-09-07T19:28:06.338+0000] {processor.py:830} INFO - Processing file /opt/airflow/dags/etl_dag.py for tasks to queue
[2024-09-07T19:28:06.339+0000] {logging_mixin.py:188} INFO - [2024-09-07T19:28:06.339+0000] {dagbag.py:545} INFO - Filling up the DagBag from /opt/airflow/dags/etl_dag.py
[2024-09-07T19:28:06.739+0000] {processor.py:840} INFO - DAG(s) 'solar_adoption_dag' retrieved from /opt/airflow/dags/etl_dag.py
[2024-09-07T19:28:06.762+0000] {logging_mixin.py:188} INFO - [2024-09-07T19:28:06.762+0000] {dag.py:3096} INFO - Sync 1 DAGs
[2024-09-07T19:28:06.781+0000] {logging_mixin.py:188} INFO - [2024-09-07T19:28:06.780+0000] {dag.py:3954} INFO - Setting next_dagrun for solar_adoption_dag to 2024-09-07 00:00:00+00:00, run_after=2024-09-08 00:00:00+00:00
[2024-09-07T19:28:06.812+0000] {processor.py:183} INFO - Processing /opt/airflow/dags/etl_dag.py took 0.481 seconds
[2024-09-07T19:28:37.063+0000] {processor.py:161} INFO - Started process (PID=356) to work on /opt/airflow/dags/etl_dag.py
[2024-09-07T19:28:37.064+0000] {processor.py:830} INFO - Processing file /opt/airflow/dags/etl_dag.py for tasks to queue
[2024-09-07T19:28:37.066+0000] {logging_mixin.py:188} INFO - [2024-09-07T19:28:37.065+0000] {dagbag.py:545} INFO - Filling up the DagBag from /opt/airflow/dags/etl_dag.py
[2024-09-07T19:28:37.460+0000] {processor.py:840} INFO - DAG(s) 'solar_adoption_dag' retrieved from /opt/airflow/dags/etl_dag.py
[2024-09-07T19:28:37.482+0000] {logging_mixin.py:188} INFO - [2024-09-07T19:28:37.482+0000] {dag.py:3096} INFO - Sync 1 DAGs
[2024-09-07T19:28:37.498+0000] {logging_mixin.py:188} INFO - [2024-09-07T19:28:37.498+0000] {dag.py:3954} INFO - Setting next_dagrun for solar_adoption_dag to 2024-09-07 00:00:00+00:00, run_after=2024-09-08 00:00:00+00:00
[2024-09-07T19:28:37.524+0000] {processor.py:183} INFO - Processing /opt/airflow/dags/etl_dag.py took 0.467 seconds
[2024-09-07T19:29:07.813+0000] {processor.py:161} INFO - Started process (PID=364) to work on /opt/airflow/dags/etl_dag.py
[2024-09-07T19:29:07.814+0000] {processor.py:830} INFO - Processing file /opt/airflow/dags/etl_dag.py for tasks to queue
[2024-09-07T19:29:07.816+0000] {logging_mixin.py:188} INFO - [2024-09-07T19:29:07.816+0000] {dagbag.py:545} INFO - Filling up the DagBag from /opt/airflow/dags/etl_dag.py
[2024-09-07T19:29:08.356+0000] {processor.py:840} INFO - DAG(s) 'solar_adoption_dag' retrieved from /opt/airflow/dags/etl_dag.py
[2024-09-07T19:29:08.387+0000] {logging_mixin.py:188} INFO - [2024-09-07T19:29:08.387+0000] {dag.py:3096} INFO - Sync 1 DAGs
[2024-09-07T19:29:08.408+0000] {logging_mixin.py:188} INFO - [2024-09-07T19:29:08.408+0000] {dag.py:3954} INFO - Setting next_dagrun for solar_adoption_dag to 2024-09-07 00:00:00+00:00, run_after=2024-09-08 00:00:00+00:00
[2024-09-07T19:29:08.440+0000] {processor.py:183} INFO - Processing /opt/airflow/dags/etl_dag.py took 0.632 seconds
[2024-09-07T19:29:38.655+0000] {processor.py:161} INFO - Started process (PID=372) to work on /opt/airflow/dags/etl_dag.py
[2024-09-07T19:29:38.656+0000] {processor.py:830} INFO - Processing file /opt/airflow/dags/etl_dag.py for tasks to queue
[2024-09-07T19:29:38.659+0000] {logging_mixin.py:188} INFO - [2024-09-07T19:29:38.658+0000] {dagbag.py:545} INFO - Filling up the DagBag from /opt/airflow/dags/etl_dag.py
[2024-09-07T19:29:39.071+0000] {processor.py:840} INFO - DAG(s) 'solar_adoption_dag' retrieved from /opt/airflow/dags/etl_dag.py
[2024-09-07T19:29:39.227+0000] {logging_mixin.py:188} INFO - [2024-09-07T19:29:39.226+0000] {dag.py:3096} INFO - Sync 1 DAGs
[2024-09-07T19:29:39.246+0000] {logging_mixin.py:188} INFO - [2024-09-07T19:29:39.246+0000] {dag.py:3954} INFO - Setting next_dagrun for solar_adoption_dag to 2024-09-07 00:00:00+00:00, run_after=2024-09-08 00:00:00+00:00
[2024-09-07T19:29:39.277+0000] {processor.py:183} INFO - Processing /opt/airflow/dags/etl_dag.py took 0.628 seconds
[2024-09-07T19:30:09.561+0000] {processor.py:161} INFO - Started process (PID=380) to work on /opt/airflow/dags/etl_dag.py
[2024-09-07T19:30:09.562+0000] {processor.py:830} INFO - Processing file /opt/airflow/dags/etl_dag.py for tasks to queue
[2024-09-07T19:30:09.564+0000] {logging_mixin.py:188} INFO - [2024-09-07T19:30:09.564+0000] {dagbag.py:545} INFO - Filling up the DagBag from /opt/airflow/dags/etl_dag.py
[2024-09-07T19:30:10.058+0000] {processor.py:840} INFO - DAG(s) 'solar_adoption_dag' retrieved from /opt/airflow/dags/etl_dag.py
[2024-09-07T19:30:10.092+0000] {logging_mixin.py:188} INFO - [2024-09-07T19:30:10.092+0000] {dag.py:3096} INFO - Sync 1 DAGs
[2024-09-07T19:30:10.112+0000] {logging_mixin.py:188} INFO - [2024-09-07T19:30:10.112+0000] {dag.py:3954} INFO - Setting next_dagrun for solar_adoption_dag to 2024-09-07 00:00:00+00:00, run_after=2024-09-08 00:00:00+00:00
[2024-09-07T19:30:10.145+0000] {processor.py:183} INFO - Processing /opt/airflow/dags/etl_dag.py took 0.591 seconds
[2024-09-07T19:30:40.263+0000] {processor.py:161} INFO - Started process (PID=388) to work on /opt/airflow/dags/etl_dag.py
[2024-09-07T19:30:40.264+0000] {processor.py:830} INFO - Processing file /opt/airflow/dags/etl_dag.py for tasks to queue
[2024-09-07T19:30:40.266+0000] {logging_mixin.py:188} INFO - [2024-09-07T19:30:40.266+0000] {dagbag.py:545} INFO - Filling up the DagBag from /opt/airflow/dags/etl_dag.py
[2024-09-07T19:30:40.716+0000] {processor.py:840} INFO - DAG(s) 'solar_adoption_dag' retrieved from /opt/airflow/dags/etl_dag.py
[2024-09-07T19:30:40.745+0000] {logging_mixin.py:188} INFO - [2024-09-07T19:30:40.745+0000] {dag.py:3096} INFO - Sync 1 DAGs
[2024-09-07T19:30:40.768+0000] {logging_mixin.py:188} INFO - [2024-09-07T19:30:40.768+0000] {dag.py:3954} INFO - Setting next_dagrun for solar_adoption_dag to 2024-09-07 00:00:00+00:00, run_after=2024-09-08 00:00:00+00:00
[2024-09-07T19:30:40.798+0000] {processor.py:183} INFO - Processing /opt/airflow/dags/etl_dag.py took 0.540 seconds
[2024-09-07T19:31:11.159+0000] {processor.py:161} INFO - Started process (PID=397) to work on /opt/airflow/dags/etl_dag.py
[2024-09-07T19:31:11.160+0000] {processor.py:830} INFO - Processing file /opt/airflow/dags/etl_dag.py for tasks to queue
[2024-09-07T19:31:11.162+0000] {logging_mixin.py:188} INFO - [2024-09-07T19:31:11.162+0000] {dagbag.py:545} INFO - Filling up the DagBag from /opt/airflow/dags/etl_dag.py
[2024-09-07T19:31:11.575+0000] {processor.py:840} INFO - DAG(s) 'solar_adoption_dag' retrieved from /opt/airflow/dags/etl_dag.py
[2024-09-07T19:31:11.596+0000] {logging_mixin.py:188} INFO - [2024-09-07T19:31:11.596+0000] {dag.py:3096} INFO - Sync 1 DAGs
[2024-09-07T19:31:11.614+0000] {logging_mixin.py:188} INFO - [2024-09-07T19:31:11.614+0000] {dag.py:3954} INFO - Setting next_dagrun for solar_adoption_dag to 2024-09-07 00:00:00+00:00, run_after=2024-09-08 00:00:00+00:00
[2024-09-07T19:31:11.631+0000] {processor.py:183} INFO - Processing /opt/airflow/dags/etl_dag.py took 0.477 seconds
[2024-09-07T19:31:41.936+0000] {processor.py:161} INFO - Started process (PID=405) to work on /opt/airflow/dags/etl_dag.py
[2024-09-07T19:31:41.937+0000] {processor.py:830} INFO - Processing file /opt/airflow/dags/etl_dag.py for tasks to queue
[2024-09-07T19:31:41.938+0000] {logging_mixin.py:188} INFO - [2024-09-07T19:31:41.938+0000] {dagbag.py:545} INFO - Filling up the DagBag from /opt/airflow/dags/etl_dag.py
[2024-09-07T19:31:42.336+0000] {processor.py:840} INFO - DAG(s) 'solar_adoption_dag' retrieved from /opt/airflow/dags/etl_dag.py
[2024-09-07T19:31:42.358+0000] {logging_mixin.py:188} INFO - [2024-09-07T19:31:42.358+0000] {dag.py:3096} INFO - Sync 1 DAGs
[2024-09-07T19:31:42.374+0000] {logging_mixin.py:188} INFO - [2024-09-07T19:31:42.374+0000] {dag.py:3954} INFO - Setting next_dagrun for solar_adoption_dag to 2024-09-07 00:00:00+00:00, run_after=2024-09-08 00:00:00+00:00
[2024-09-07T19:31:42.390+0000] {processor.py:183} INFO - Processing /opt/airflow/dags/etl_dag.py took 0.460 seconds
[2024-09-07T19:32:12.722+0000] {processor.py:161} INFO - Started process (PID=413) to work on /opt/airflow/dags/etl_dag.py
[2024-09-07T19:32:12.723+0000] {processor.py:830} INFO - Processing file /opt/airflow/dags/etl_dag.py for tasks to queue
[2024-09-07T19:32:12.725+0000] {logging_mixin.py:188} INFO - [2024-09-07T19:32:12.724+0000] {dagbag.py:545} INFO - Filling up the DagBag from /opt/airflow/dags/etl_dag.py
[2024-09-07T19:32:13.128+0000] {processor.py:840} INFO - DAG(s) 'solar_adoption_dag' retrieved from /opt/airflow/dags/etl_dag.py
[2024-09-07T19:32:13.150+0000] {logging_mixin.py:188} INFO - [2024-09-07T19:32:13.150+0000] {dag.py:3096} INFO - Sync 1 DAGs
[2024-09-07T19:32:13.166+0000] {logging_mixin.py:188} INFO - [2024-09-07T19:32:13.166+0000] {dag.py:3954} INFO - Setting next_dagrun for solar_adoption_dag to 2024-09-07 00:00:00+00:00, run_after=2024-09-08 00:00:00+00:00
[2024-09-07T19:32:13.193+0000] {processor.py:183} INFO - Processing /opt/airflow/dags/etl_dag.py took 0.475 seconds
[2024-09-07T19:32:43.526+0000] {processor.py:161} INFO - Started process (PID=421) to work on /opt/airflow/dags/etl_dag.py
[2024-09-07T19:32:43.528+0000] {processor.py:830} INFO - Processing file /opt/airflow/dags/etl_dag.py for tasks to queue
[2024-09-07T19:32:43.532+0000] {logging_mixin.py:188} INFO - [2024-09-07T19:32:43.531+0000] {dagbag.py:545} INFO - Filling up the DagBag from /opt/airflow/dags/etl_dag.py
[2024-09-07T19:32:43.921+0000] {processor.py:840} INFO - DAG(s) 'solar_adoption_dag' retrieved from /opt/airflow/dags/etl_dag.py
[2024-09-07T19:32:44.063+0000] {logging_mixin.py:188} INFO - [2024-09-07T19:32:44.063+0000] {dag.py:3096} INFO - Sync 1 DAGs
[2024-09-07T19:32:44.094+0000] {logging_mixin.py:188} INFO - [2024-09-07T19:32:44.094+0000] {dag.py:3954} INFO - Setting next_dagrun for solar_adoption_dag to 2024-09-07 00:00:00+00:00, run_after=2024-09-08 00:00:00+00:00
[2024-09-07T19:32:44.129+0000] {processor.py:183} INFO - Processing /opt/airflow/dags/etl_dag.py took 0.619 seconds
[2024-09-07T19:33:14.238+0000] {processor.py:161} INFO - Started process (PID=429) to work on /opt/airflow/dags/etl_dag.py
[2024-09-07T19:33:14.239+0000] {processor.py:830} INFO - Processing file /opt/airflow/dags/etl_dag.py for tasks to queue
[2024-09-07T19:33:14.241+0000] {logging_mixin.py:188} INFO - [2024-09-07T19:33:14.241+0000] {dagbag.py:545} INFO - Filling up the DagBag from /opt/airflow/dags/etl_dag.py
[2024-09-07T19:33:14.713+0000] {processor.py:840} INFO - DAG(s) 'solar_adoption_dag' retrieved from /opt/airflow/dags/etl_dag.py
[2024-09-07T19:33:14.741+0000] {logging_mixin.py:188} INFO - [2024-09-07T19:33:14.741+0000] {dag.py:3096} INFO - Sync 1 DAGs
[2024-09-07T19:33:14.762+0000] {logging_mixin.py:188} INFO - [2024-09-07T19:33:14.762+0000] {dag.py:3954} INFO - Setting next_dagrun for solar_adoption_dag to 2024-09-07 00:00:00+00:00, run_after=2024-09-08 00:00:00+00:00
[2024-09-07T19:33:14.794+0000] {processor.py:183} INFO - Processing /opt/airflow/dags/etl_dag.py took 0.562 seconds
[2024-09-07T19:33:45.079+0000] {processor.py:161} INFO - Started process (PID=437) to work on /opt/airflow/dags/etl_dag.py
[2024-09-07T19:33:45.080+0000] {processor.py:830} INFO - Processing file /opt/airflow/dags/etl_dag.py for tasks to queue
[2024-09-07T19:33:45.082+0000] {logging_mixin.py:188} INFO - [2024-09-07T19:33:45.082+0000] {dagbag.py:545} INFO - Filling up the DagBag from /opt/airflow/dags/etl_dag.py
[2024-09-07T19:33:45.479+0000] {processor.py:840} INFO - DAG(s) 'solar_adoption_dag' retrieved from /opt/airflow/dags/etl_dag.py
[2024-09-07T19:33:45.502+0000] {logging_mixin.py:188} INFO - [2024-09-07T19:33:45.502+0000] {dag.py:3096} INFO - Sync 1 DAGs
[2024-09-07T19:33:45.519+0000] {logging_mixin.py:188} INFO - [2024-09-07T19:33:45.519+0000] {dag.py:3954} INFO - Setting next_dagrun for solar_adoption_dag to 2024-09-07 00:00:00+00:00, run_after=2024-09-08 00:00:00+00:00
[2024-09-07T19:33:45.537+0000] {processor.py:183} INFO - Processing /opt/airflow/dags/etl_dag.py took 0.462 seconds
[2024-09-07T19:34:15.845+0000] {processor.py:161} INFO - Started process (PID=445) to work on /opt/airflow/dags/etl_dag.py
[2024-09-07T19:34:15.846+0000] {processor.py:830} INFO - Processing file /opt/airflow/dags/etl_dag.py for tasks to queue
[2024-09-07T19:34:15.848+0000] {logging_mixin.py:188} INFO - [2024-09-07T19:34:15.847+0000] {dagbag.py:545} INFO - Filling up the DagBag from /opt/airflow/dags/etl_dag.py
[2024-09-07T19:34:16.273+0000] {processor.py:840} INFO - DAG(s) 'solar_adoption_dag' retrieved from /opt/airflow/dags/etl_dag.py
[2024-09-07T19:34:16.297+0000] {logging_mixin.py:188} INFO - [2024-09-07T19:34:16.297+0000] {dag.py:3096} INFO - Sync 1 DAGs
[2024-09-07T19:34:16.315+0000] {logging_mixin.py:188} INFO - [2024-09-07T19:34:16.315+0000] {dag.py:3954} INFO - Setting next_dagrun for solar_adoption_dag to 2024-09-07 00:00:00+00:00, run_after=2024-09-08 00:00:00+00:00
[2024-09-07T19:34:16.334+0000] {processor.py:183} INFO - Processing /opt/airflow/dags/etl_dag.py took 0.494 seconds
[2024-09-07T19:34:46.600+0000] {processor.py:161} INFO - Started process (PID=453) to work on /opt/airflow/dags/etl_dag.py
[2024-09-07T19:34:46.601+0000] {processor.py:830} INFO - Processing file /opt/airflow/dags/etl_dag.py for tasks to queue
[2024-09-07T19:34:46.603+0000] {logging_mixin.py:188} INFO - [2024-09-07T19:34:46.603+0000] {dagbag.py:545} INFO - Filling up the DagBag from /opt/airflow/dags/etl_dag.py
[2024-09-07T19:34:47.059+0000] {processor.py:840} INFO - DAG(s) 'solar_adoption_dag' retrieved from /opt/airflow/dags/etl_dag.py
[2024-09-07T19:34:47.083+0000] {logging_mixin.py:188} INFO - [2024-09-07T19:34:47.083+0000] {dag.py:3096} INFO - Sync 1 DAGs
[2024-09-07T19:34:47.104+0000] {logging_mixin.py:188} INFO - [2024-09-07T19:34:47.103+0000] {dag.py:3954} INFO - Setting next_dagrun for solar_adoption_dag to 2024-09-07 00:00:00+00:00, run_after=2024-09-08 00:00:00+00:00
[2024-09-07T19:34:47.141+0000] {processor.py:183} INFO - Processing /opt/airflow/dags/etl_dag.py took 0.549 seconds
[2024-09-07T19:35:17.431+0000] {processor.py:161} INFO - Started process (PID=461) to work on /opt/airflow/dags/etl_dag.py
[2024-09-07T19:35:17.432+0000] {processor.py:830} INFO - Processing file /opt/airflow/dags/etl_dag.py for tasks to queue
[2024-09-07T19:35:17.434+0000] {logging_mixin.py:188} INFO - [2024-09-07T19:35:17.434+0000] {dagbag.py:545} INFO - Filling up the DagBag from /opt/airflow/dags/etl_dag.py
[2024-09-07T19:35:17.941+0000] {processor.py:840} INFO - DAG(s) 'solar_adoption_dag' retrieved from /opt/airflow/dags/etl_dag.py
[2024-09-07T19:35:17.968+0000] {logging_mixin.py:188} INFO - [2024-09-07T19:35:17.967+0000] {dag.py:3096} INFO - Sync 1 DAGs
[2024-09-07T19:35:17.984+0000] {logging_mixin.py:188} INFO - [2024-09-07T19:35:17.984+0000] {dag.py:3954} INFO - Setting next_dagrun for solar_adoption_dag to 2024-09-07 00:00:00+00:00, run_after=2024-09-08 00:00:00+00:00
[2024-09-07T19:35:18.001+0000] {processor.py:183} INFO - Processing /opt/airflow/dags/etl_dag.py took 0.576 seconds
[2024-09-07T19:35:48.135+0000] {processor.py:161} INFO - Started process (PID=469) to work on /opt/airflow/dags/etl_dag.py
[2024-09-07T19:35:48.136+0000] {processor.py:830} INFO - Processing file /opt/airflow/dags/etl_dag.py for tasks to queue
[2024-09-07T19:35:48.137+0000] {logging_mixin.py:188} INFO - [2024-09-07T19:35:48.137+0000] {dagbag.py:545} INFO - Filling up the DagBag from /opt/airflow/dags/etl_dag.py
[2024-09-07T19:35:48.733+0000] {processor.py:840} INFO - DAG(s) 'solar_adoption_dag' retrieved from /opt/airflow/dags/etl_dag.py
[2024-09-07T19:35:48.761+0000] {logging_mixin.py:188} INFO - [2024-09-07T19:35:48.761+0000] {dag.py:3096} INFO - Sync 1 DAGs
[2024-09-07T19:35:48.783+0000] {logging_mixin.py:188} INFO - [2024-09-07T19:35:48.783+0000] {dag.py:3954} INFO - Setting next_dagrun for solar_adoption_dag to 2024-09-07 00:00:00+00:00, run_after=2024-09-08 00:00:00+00:00
[2024-09-07T19:35:48.802+0000] {processor.py:183} INFO - Processing /opt/airflow/dags/etl_dag.py took 0.673 seconds
[2024-09-07T19:36:19.093+0000] {processor.py:161} INFO - Started process (PID=477) to work on /opt/airflow/dags/etl_dag.py
[2024-09-07T19:36:19.094+0000] {processor.py:830} INFO - Processing file /opt/airflow/dags/etl_dag.py for tasks to queue
[2024-09-07T19:36:19.097+0000] {logging_mixin.py:188} INFO - [2024-09-07T19:36:19.097+0000] {dagbag.py:545} INFO - Filling up the DagBag from /opt/airflow/dags/etl_dag.py
[2024-09-07T19:36:19.608+0000] {processor.py:840} INFO - DAG(s) 'solar_adoption_dag' retrieved from /opt/airflow/dags/etl_dag.py
[2024-09-07T19:36:19.632+0000] {logging_mixin.py:188} INFO - [2024-09-07T19:36:19.631+0000] {dag.py:3096} INFO - Sync 1 DAGs
[2024-09-07T19:36:19.648+0000] {logging_mixin.py:188} INFO - [2024-09-07T19:36:19.648+0000] {dag.py:3954} INFO - Setting next_dagrun for solar_adoption_dag to 2024-09-07 00:00:00+00:00, run_after=2024-09-08 00:00:00+00:00
[2024-09-07T19:36:19.666+0000] {processor.py:183} INFO - Processing /opt/airflow/dags/etl_dag.py took 0.580 seconds
[2024-09-07T19:36:49.786+0000] {processor.py:161} INFO - Started process (PID=485) to work on /opt/airflow/dags/etl_dag.py
[2024-09-07T19:36:49.787+0000] {processor.py:830} INFO - Processing file /opt/airflow/dags/etl_dag.py for tasks to queue
[2024-09-07T19:36:49.789+0000] {logging_mixin.py:188} INFO - [2024-09-07T19:36:49.789+0000] {dagbag.py:545} INFO - Filling up the DagBag from /opt/airflow/dags/etl_dag.py
[2024-09-07T19:36:50.209+0000] {processor.py:840} INFO - DAG(s) 'solar_adoption_dag' retrieved from /opt/airflow/dags/etl_dag.py
[2024-09-07T19:36:50.241+0000] {logging_mixin.py:188} INFO - [2024-09-07T19:36:50.240+0000] {dag.py:3096} INFO - Sync 1 DAGs
[2024-09-07T19:36:50.263+0000] {logging_mixin.py:188} INFO - [2024-09-07T19:36:50.262+0000] {dag.py:3954} INFO - Setting next_dagrun for solar_adoption_dag to 2024-09-07 00:00:00+00:00, run_after=2024-09-08 00:00:00+00:00
[2024-09-07T19:36:50.290+0000] {processor.py:183} INFO - Processing /opt/airflow/dags/etl_dag.py took 0.509 seconds
[2024-09-07T19:37:20.587+0000] {processor.py:161} INFO - Started process (PID=493) to work on /opt/airflow/dags/etl_dag.py
[2024-09-07T19:37:20.588+0000] {processor.py:830} INFO - Processing file /opt/airflow/dags/etl_dag.py for tasks to queue
[2024-09-07T19:37:20.590+0000] {logging_mixin.py:188} INFO - [2024-09-07T19:37:20.589+0000] {dagbag.py:545} INFO - Filling up the DagBag from /opt/airflow/dags/etl_dag.py
[2024-09-07T19:37:21.014+0000] {processor.py:840} INFO - DAG(s) 'solar_adoption_dag' retrieved from /opt/airflow/dags/etl_dag.py
[2024-09-07T19:37:21.038+0000] {logging_mixin.py:188} INFO - [2024-09-07T19:37:21.038+0000] {dag.py:3096} INFO - Sync 1 DAGs
[2024-09-07T19:37:21.058+0000] {logging_mixin.py:188} INFO - [2024-09-07T19:37:21.058+0000] {dag.py:3954} INFO - Setting next_dagrun for solar_adoption_dag to 2024-09-07 00:00:00+00:00, run_after=2024-09-08 00:00:00+00:00
[2024-09-07T19:37:21.089+0000] {processor.py:183} INFO - Processing /opt/airflow/dags/etl_dag.py took 0.507 seconds
[2024-09-07T19:37:51.360+0000] {processor.py:161} INFO - Started process (PID=501) to work on /opt/airflow/dags/etl_dag.py
[2024-09-07T19:37:51.361+0000] {processor.py:830} INFO - Processing file /opt/airflow/dags/etl_dag.py for tasks to queue
[2024-09-07T19:37:51.363+0000] {logging_mixin.py:188} INFO - [2024-09-07T19:37:51.363+0000] {dagbag.py:545} INFO - Filling up the DagBag from /opt/airflow/dags/etl_dag.py
[2024-09-07T19:37:51.839+0000] {processor.py:840} INFO - DAG(s) 'solar_adoption_dag' retrieved from /opt/airflow/dags/etl_dag.py
[2024-09-07T19:37:51.867+0000] {logging_mixin.py:188} INFO - [2024-09-07T19:37:51.867+0000] {dag.py:3096} INFO - Sync 1 DAGs
[2024-09-07T19:37:51.886+0000] {logging_mixin.py:188} INFO - [2024-09-07T19:37:51.885+0000] {dag.py:3954} INFO - Setting next_dagrun for solar_adoption_dag to 2024-09-07 00:00:00+00:00, run_after=2024-09-08 00:00:00+00:00
[2024-09-07T19:37:51.903+0000] {processor.py:183} INFO - Processing /opt/airflow/dags/etl_dag.py took 0.548 seconds
[2024-09-07T19:38:03.039+0000] {processor.py:161} INFO - Started process (PID=509) to work on /opt/airflow/dags/etl_dag.py
[2024-09-07T19:38:03.040+0000] {processor.py:830} INFO - Processing file /opt/airflow/dags/etl_dag.py for tasks to queue
[2024-09-07T19:38:03.041+0000] {logging_mixin.py:188} INFO - [2024-09-07T19:38:03.041+0000] {dagbag.py:545} INFO - Filling up the DagBag from /opt/airflow/dags/etl_dag.py
[2024-09-07T19:38:03.536+0000] {processor.py:840} INFO - DAG(s) 'solar_adoption_dag' retrieved from /opt/airflow/dags/etl_dag.py
[2024-09-07T19:38:03.563+0000] {logging_mixin.py:188} INFO - [2024-09-07T19:38:03.562+0000] {dag.py:3096} INFO - Sync 1 DAGs
[2024-09-07T19:38:03.578+0000] {logging_mixin.py:188} INFO - [2024-09-07T19:38:03.578+0000] {dag.py:3954} INFO - Setting next_dagrun for solar_adoption_dag to 2024-09-07 00:00:00+00:00, run_after=2024-09-08 00:00:00+00:00
[2024-09-07T19:38:03.601+0000] {processor.py:183} INFO - Processing /opt/airflow/dags/etl_dag.py took 0.567 seconds
[2024-09-07T19:38:05.725+0000] {processor.py:161} INFO - Started process (PID=511) to work on /opt/airflow/dags/etl_dag.py
[2024-09-07T19:38:05.726+0000] {processor.py:830} INFO - Processing file /opt/airflow/dags/etl_dag.py for tasks to queue
[2024-09-07T19:38:05.728+0000] {logging_mixin.py:188} INFO - [2024-09-07T19:38:05.728+0000] {dagbag.py:545} INFO - Filling up the DagBag from /opt/airflow/dags/etl_dag.py
[2024-09-07T19:38:06.168+0000] {processor.py:840} INFO - DAG(s) 'solar_adoption_dag' retrieved from /opt/airflow/dags/etl_dag.py
[2024-09-07T19:38:06.262+0000] {logging_mixin.py:188} INFO - [2024-09-07T19:38:06.262+0000] {dag.py:3096} INFO - Sync 1 DAGs
[2024-09-07T19:38:06.277+0000] {logging_mixin.py:188} INFO - [2024-09-07T19:38:06.277+0000] {dag.py:3954} INFO - Setting next_dagrun for solar_adoption_dag to 2024-09-07 00:00:00+00:00, run_after=2024-09-08 00:00:00+00:00
[2024-09-07T19:38:06.310+0000] {processor.py:183} INFO - Processing /opt/airflow/dags/etl_dag.py took 0.590 seconds
[2024-09-07T19:38:36.595+0000] {processor.py:161} INFO - Started process (PID=519) to work on /opt/airflow/dags/etl_dag.py
[2024-09-07T19:38:36.596+0000] {processor.py:830} INFO - Processing file /opt/airflow/dags/etl_dag.py for tasks to queue
[2024-09-07T19:38:36.598+0000] {logging_mixin.py:188} INFO - [2024-09-07T19:38:36.597+0000] {dagbag.py:545} INFO - Filling up the DagBag from /opt/airflow/dags/etl_dag.py
[2024-09-07T19:38:37.012+0000] {processor.py:840} INFO - DAG(s) 'solar_adoption_dag' retrieved from /opt/airflow/dags/etl_dag.py
[2024-09-07T19:38:37.039+0000] {logging_mixin.py:188} INFO - [2024-09-07T19:38:37.038+0000] {dag.py:3096} INFO - Sync 1 DAGs
[2024-09-07T19:38:37.059+0000] {logging_mixin.py:188} INFO - [2024-09-07T19:38:37.058+0000] {dag.py:3954} INFO - Setting next_dagrun for solar_adoption_dag to 2024-09-07 00:00:00+00:00, run_after=2024-09-08 00:00:00+00:00
[2024-09-07T19:38:37.079+0000] {processor.py:183} INFO - Processing /opt/airflow/dags/etl_dag.py took 0.489 seconds
[2024-09-07T19:38:51.242+0000] {processor.py:161} INFO - Started process (PID=521) to work on /opt/airflow/dags/etl_dag.py
[2024-09-07T19:38:51.243+0000] {processor.py:830} INFO - Processing file /opt/airflow/dags/etl_dag.py for tasks to queue
[2024-09-07T19:38:51.246+0000] {logging_mixin.py:188} INFO - [2024-09-07T19:38:51.245+0000] {dagbag.py:545} INFO - Filling up the DagBag from /opt/airflow/dags/etl_dag.py
[2024-09-07T19:38:51.779+0000] {processor.py:840} INFO - DAG(s) 'solar_adoption_dag' retrieved from /opt/airflow/dags/etl_dag.py
[2024-09-07T19:38:51.819+0000] {logging_mixin.py:188} INFO - [2024-09-07T19:38:51.819+0000] {dag.py:3096} INFO - Sync 1 DAGs
[2024-09-07T19:38:51.838+0000] {logging_mixin.py:188} INFO - [2024-09-07T19:38:51.838+0000] {dag.py:3954} INFO - Setting next_dagrun for solar_adoption_dag to 2024-09-07 00:00:00+00:00, run_after=2024-09-08 00:00:00+00:00
[2024-09-07T19:38:51.883+0000] {processor.py:183} INFO - Processing /opt/airflow/dags/etl_dag.py took 0.647 seconds
[2024-09-07T19:39:22.001+0000] {processor.py:161} INFO - Started process (PID=529) to work on /opt/airflow/dags/etl_dag.py
[2024-09-07T19:39:22.002+0000] {processor.py:830} INFO - Processing file /opt/airflow/dags/etl_dag.py for tasks to queue
[2024-09-07T19:39:22.004+0000] {logging_mixin.py:188} INFO - [2024-09-07T19:39:22.003+0000] {dagbag.py:545} INFO - Filling up the DagBag from /opt/airflow/dags/etl_dag.py
[2024-09-07T19:39:22.491+0000] {processor.py:840} INFO - DAG(s) 'solar_adoption_dag' retrieved from /opt/airflow/dags/etl_dag.py
[2024-09-07T19:39:22.520+0000] {logging_mixin.py:188} INFO - [2024-09-07T19:39:22.520+0000] {dag.py:3096} INFO - Sync 1 DAGs
[2024-09-07T19:39:22.540+0000] {logging_mixin.py:188} INFO - [2024-09-07T19:39:22.540+0000] {dag.py:3954} INFO - Setting next_dagrun for solar_adoption_dag to 2024-09-07 00:00:00+00:00, run_after=2024-09-08 00:00:00+00:00
[2024-09-07T19:39:22.572+0000] {processor.py:183} INFO - Processing /opt/airflow/dags/etl_dag.py took 0.577 seconds
[2024-09-07T19:39:32.715+0000] {processor.py:161} INFO - Started process (PID=537) to work on /opt/airflow/dags/etl_dag.py
[2024-09-07T19:39:32.716+0000] {processor.py:830} INFO - Processing file /opt/airflow/dags/etl_dag.py for tasks to queue
[2024-09-07T19:39:32.718+0000] {logging_mixin.py:188} INFO - [2024-09-07T19:39:32.718+0000] {dagbag.py:545} INFO - Filling up the DagBag from /opt/airflow/dags/etl_dag.py
[2024-09-07T19:39:33.163+0000] {processor.py:840} INFO - DAG(s) 'solar_adoption_dag' retrieved from /opt/airflow/dags/etl_dag.py
[2024-09-07T19:39:33.250+0000] {logging_mixin.py:188} INFO - [2024-09-07T19:39:33.250+0000] {dag.py:3096} INFO - Sync 1 DAGs
[2024-09-07T19:39:33.268+0000] {logging_mixin.py:188} INFO - [2024-09-07T19:39:33.268+0000] {dag.py:3954} INFO - Setting next_dagrun for solar_adoption_dag to 2024-09-07 00:00:00+00:00, run_after=2024-09-08 00:00:00+00:00
[2024-09-07T19:39:33.311+0000] {processor.py:183} INFO - Processing /opt/airflow/dags/etl_dag.py took 0.602 seconds
[2024-09-07T19:40:03.510+0000] {processor.py:161} INFO - Started process (PID=545) to work on /opt/airflow/dags/etl_dag.py
[2024-09-07T19:40:03.511+0000] {processor.py:830} INFO - Processing file /opt/airflow/dags/etl_dag.py for tasks to queue
[2024-09-07T19:40:03.513+0000] {logging_mixin.py:188} INFO - [2024-09-07T19:40:03.513+0000] {dagbag.py:545} INFO - Filling up the DagBag from /opt/airflow/dags/etl_dag.py
[2024-09-07T19:40:03.927+0000] {processor.py:840} INFO - DAG(s) 'solar_adoption_dag' retrieved from /opt/airflow/dags/etl_dag.py
[2024-09-07T19:40:03.950+0000] {logging_mixin.py:188} INFO - [2024-09-07T19:40:03.949+0000] {dag.py:3096} INFO - Sync 1 DAGs
[2024-09-07T19:40:03.969+0000] {logging_mixin.py:188} INFO - [2024-09-07T19:40:03.969+0000] {dag.py:3954} INFO - Setting next_dagrun for solar_adoption_dag to 2024-09-07 00:00:00+00:00, run_after=2024-09-08 00:00:00+00:00
[2024-09-07T19:40:03.988+0000] {processor.py:183} INFO - Processing /opt/airflow/dags/etl_dag.py took 0.483 seconds
[2024-09-07T19:40:34.285+0000] {processor.py:161} INFO - Started process (PID=554) to work on /opt/airflow/dags/etl_dag.py
[2024-09-07T19:40:34.286+0000] {processor.py:830} INFO - Processing file /opt/airflow/dags/etl_dag.py for tasks to queue
[2024-09-07T19:40:34.288+0000] {logging_mixin.py:188} INFO - [2024-09-07T19:40:34.287+0000] {dagbag.py:545} INFO - Filling up the DagBag from /opt/airflow/dags/etl_dag.py
[2024-09-07T19:40:34.694+0000] {processor.py:840} INFO - DAG(s) 'solar_adoption_dag' retrieved from /opt/airflow/dags/etl_dag.py
[2024-09-07T19:40:34.722+0000] {logging_mixin.py:188} INFO - [2024-09-07T19:40:34.722+0000] {dag.py:3096} INFO - Sync 1 DAGs
[2024-09-07T19:40:34.740+0000] {logging_mixin.py:188} INFO - [2024-09-07T19:40:34.740+0000] {dag.py:3954} INFO - Setting next_dagrun for solar_adoption_dag to 2024-09-07 00:00:00+00:00, run_after=2024-09-08 00:00:00+00:00
[2024-09-07T19:40:34.773+0000] {processor.py:183} INFO - Processing /opt/airflow/dags/etl_dag.py took 0.493 seconds
[2024-09-07T19:41:05.050+0000] {processor.py:161} INFO - Started process (PID=562) to work on /opt/airflow/dags/etl_dag.py
[2024-09-07T19:41:05.052+0000] {processor.py:830} INFO - Processing file /opt/airflow/dags/etl_dag.py for tasks to queue
[2024-09-07T19:41:05.055+0000] {logging_mixin.py:188} INFO - [2024-09-07T19:41:05.054+0000] {dagbag.py:545} INFO - Filling up the DagBag from /opt/airflow/dags/etl_dag.py
[2024-09-07T19:41:05.864+0000] {processor.py:840} INFO - DAG(s) 'solar_adoption_dag' retrieved from /opt/airflow/dags/etl_dag.py
[2024-09-07T19:41:05.906+0000] {logging_mixin.py:188} INFO - [2024-09-07T19:41:05.906+0000] {dag.py:3096} INFO - Sync 1 DAGs
[2024-09-07T19:41:05.934+0000] {logging_mixin.py:188} INFO - [2024-09-07T19:41:05.934+0000] {dag.py:3954} INFO - Setting next_dagrun for solar_adoption_dag to 2024-09-07 00:00:00+00:00, run_after=2024-09-08 00:00:00+00:00
[2024-09-07T19:41:05.961+0000] {processor.py:183} INFO - Processing /opt/airflow/dags/etl_dag.py took 0.920 seconds
[2024-09-07T19:41:36.022+0000] {processor.py:161} INFO - Started process (PID=570) to work on /opt/airflow/dags/etl_dag.py
[2024-09-07T19:41:36.023+0000] {processor.py:830} INFO - Processing file /opt/airflow/dags/etl_dag.py for tasks to queue
[2024-09-07T19:41:36.026+0000] {logging_mixin.py:188} INFO - [2024-09-07T19:41:36.025+0000] {dagbag.py:545} INFO - Filling up the DagBag from /opt/airflow/dags/etl_dag.py
[2024-09-07T19:41:36.537+0000] {processor.py:840} INFO - DAG(s) 'solar_adoption_dag' retrieved from /opt/airflow/dags/etl_dag.py
[2024-09-07T19:41:36.565+0000] {logging_mixin.py:188} INFO - [2024-09-07T19:41:36.565+0000] {dag.py:3096} INFO - Sync 1 DAGs
[2024-09-07T19:41:36.586+0000] {logging_mixin.py:188} INFO - [2024-09-07T19:41:36.586+0000] {dag.py:3954} INFO - Setting next_dagrun for solar_adoption_dag to 2024-09-07 00:00:00+00:00, run_after=2024-09-08 00:00:00+00:00
[2024-09-07T19:41:36.606+0000] {processor.py:183} INFO - Processing /opt/airflow/dags/etl_dag.py took 0.591 seconds
[2024-09-07T19:42:06.887+0000] {processor.py:161} INFO - Started process (PID=578) to work on /opt/airflow/dags/etl_dag.py
[2024-09-07T19:42:06.888+0000] {processor.py:830} INFO - Processing file /opt/airflow/dags/etl_dag.py for tasks to queue
[2024-09-07T19:42:06.890+0000] {logging_mixin.py:188} INFO - [2024-09-07T19:42:06.889+0000] {dagbag.py:545} INFO - Filling up the DagBag from /opt/airflow/dags/etl_dag.py
[2024-09-07T19:42:07.481+0000] {processor.py:840} INFO - DAG(s) 'solar_adoption_dag' retrieved from /opt/airflow/dags/etl_dag.py
[2024-09-07T19:42:07.526+0000] {logging_mixin.py:188} INFO - [2024-09-07T19:42:07.525+0000] {dag.py:3096} INFO - Sync 1 DAGs
[2024-09-07T19:42:07.565+0000] {logging_mixin.py:188} INFO - [2024-09-07T19:42:07.564+0000] {dag.py:3954} INFO - Setting next_dagrun for solar_adoption_dag to 2024-09-07 00:00:00+00:00, run_after=2024-09-08 00:00:00+00:00
[2024-09-07T19:42:07.622+0000] {processor.py:183} INFO - Processing /opt/airflow/dags/etl_dag.py took 0.741 seconds
[2024-09-07T19:42:37.801+0000] {processor.py:161} INFO - Started process (PID=586) to work on /opt/airflow/dags/etl_dag.py
[2024-09-07T19:42:37.802+0000] {processor.py:830} INFO - Processing file /opt/airflow/dags/etl_dag.py for tasks to queue
[2024-09-07T19:42:37.804+0000] {logging_mixin.py:188} INFO - [2024-09-07T19:42:37.804+0000] {dagbag.py:545} INFO - Filling up the DagBag from /opt/airflow/dags/etl_dag.py
[2024-09-07T19:42:38.217+0000] {processor.py:840} INFO - DAG(s) 'solar_adoption_dag' retrieved from /opt/airflow/dags/etl_dag.py
[2024-09-07T19:42:38.239+0000] {logging_mixin.py:188} INFO - [2024-09-07T19:42:38.239+0000] {dag.py:3096} INFO - Sync 1 DAGs
[2024-09-07T19:42:38.255+0000] {logging_mixin.py:188} INFO - [2024-09-07T19:42:38.255+0000] {dag.py:3954} INFO - Setting next_dagrun for solar_adoption_dag to 2024-09-07 00:00:00+00:00, run_after=2024-09-08 00:00:00+00:00
[2024-09-07T19:42:38.271+0000] {processor.py:183} INFO - Processing /opt/airflow/dags/etl_dag.py took 0.474 seconds
[2024-09-07T19:43:08.550+0000] {processor.py:161} INFO - Started process (PID=594) to work on /opt/airflow/dags/etl_dag.py
[2024-09-07T19:43:08.551+0000] {processor.py:830} INFO - Processing file /opt/airflow/dags/etl_dag.py for tasks to queue
[2024-09-07T19:43:08.552+0000] {logging_mixin.py:188} INFO - [2024-09-07T19:43:08.552+0000] {dagbag.py:545} INFO - Filling up the DagBag from /opt/airflow/dags/etl_dag.py
[2024-09-07T19:43:09.010+0000] {processor.py:840} INFO - DAG(s) 'solar_adoption_dag' retrieved from /opt/airflow/dags/etl_dag.py
[2024-09-07T19:43:09.033+0000] {logging_mixin.py:188} INFO - [2024-09-07T19:43:09.033+0000] {dag.py:3096} INFO - Sync 1 DAGs
[2024-09-07T19:43:09.053+0000] {logging_mixin.py:188} INFO - [2024-09-07T19:43:09.053+0000] {dag.py:3954} INFO - Setting next_dagrun for solar_adoption_dag to 2024-09-07 00:00:00+00:00, run_after=2024-09-08 00:00:00+00:00
[2024-09-07T19:43:09.071+0000] {processor.py:183} INFO - Processing /opt/airflow/dags/etl_dag.py took 0.527 seconds
[2024-09-07T19:43:39.362+0000] {processor.py:161} INFO - Started process (PID=602) to work on /opt/airflow/dags/etl_dag.py
[2024-09-07T19:43:39.363+0000] {processor.py:830} INFO - Processing file /opt/airflow/dags/etl_dag.py for tasks to queue
[2024-09-07T19:43:39.365+0000] {logging_mixin.py:188} INFO - [2024-09-07T19:43:39.364+0000] {dagbag.py:545} INFO - Filling up the DagBag from /opt/airflow/dags/etl_dag.py
[2024-09-07T19:43:39.846+0000] {processor.py:840} INFO - DAG(s) 'solar_adoption_dag' retrieved from /opt/airflow/dags/etl_dag.py
[2024-09-07T19:43:39.869+0000] {logging_mixin.py:188} INFO - [2024-09-07T19:43:39.869+0000] {dag.py:3096} INFO - Sync 1 DAGs
[2024-09-07T19:43:39.888+0000] {logging_mixin.py:188} INFO - [2024-09-07T19:43:39.888+0000] {dag.py:3954} INFO - Setting next_dagrun for solar_adoption_dag to 2024-09-07 00:00:00+00:00, run_after=2024-09-08 00:00:00+00:00
[2024-09-07T19:43:39.904+0000] {processor.py:183} INFO - Processing /opt/airflow/dags/etl_dag.py took 0.547 seconds
[2024-09-07T19:43:56.989+0000] {processor.py:161} INFO - Started process (PID=604) to work on /opt/airflow/dags/etl_dag.py
[2024-09-07T19:43:56.990+0000] {processor.py:830} INFO - Processing file /opt/airflow/dags/etl_dag.py for tasks to queue
[2024-09-07T19:43:56.992+0000] {logging_mixin.py:188} INFO - [2024-09-07T19:43:56.992+0000] {dagbag.py:545} INFO - Filling up the DagBag from /opt/airflow/dags/etl_dag.py
[2024-09-07T19:43:57.485+0000] {processor.py:840} INFO - DAG(s) 'solar_adoption_dag' retrieved from /opt/airflow/dags/etl_dag.py
[2024-09-07T19:43:57.510+0000] {logging_mixin.py:188} INFO - [2024-09-07T19:43:57.510+0000] {dag.py:3096} INFO - Sync 1 DAGs
[2024-09-07T19:43:57.527+0000] {logging_mixin.py:188} INFO - [2024-09-07T19:43:57.527+0000] {dag.py:3954} INFO - Setting next_dagrun for solar_adoption_dag to 2024-09-07 00:00:00+00:00, run_after=2024-09-08 00:00:00+00:00
[2024-09-07T19:43:57.556+0000] {processor.py:183} INFO - Processing /opt/airflow/dags/etl_dag.py took 0.572 seconds
[2024-09-07T19:44:27.878+0000] {processor.py:161} INFO - Started process (PID=618) to work on /opt/airflow/dags/etl_dag.py
[2024-09-07T19:44:27.881+0000] {processor.py:830} INFO - Processing file /opt/airflow/dags/etl_dag.py for tasks to queue
[2024-09-07T19:44:27.884+0000] {logging_mixin.py:188} INFO - [2024-09-07T19:44:27.883+0000] {dagbag.py:545} INFO - Filling up the DagBag from /opt/airflow/dags/etl_dag.py
[2024-09-07T19:44:28.333+0000] {processor.py:840} INFO - DAG(s) 'solar_adoption_dag' retrieved from /opt/airflow/dags/etl_dag.py
[2024-09-07T19:44:28.359+0000] {logging_mixin.py:188} INFO - [2024-09-07T19:44:28.359+0000] {dag.py:3096} INFO - Sync 1 DAGs
[2024-09-07T19:44:28.376+0000] {logging_mixin.py:188} INFO - [2024-09-07T19:44:28.376+0000] {dag.py:3954} INFO - Setting next_dagrun for solar_adoption_dag to 2024-09-07 00:00:00+00:00, run_after=2024-09-08 00:00:00+00:00
[2024-09-07T19:44:28.394+0000] {processor.py:183} INFO - Processing /opt/airflow/dags/etl_dag.py took 0.532 seconds
[2024-09-07T19:46:18.490+0000] {processor.py:161} INFO - Started process (PID=66) to work on /opt/airflow/dags/etl_dag.py
[2024-09-07T19:46:18.492+0000] {processor.py:830} INFO - Processing file /opt/airflow/dags/etl_dag.py for tasks to queue
[2024-09-07T19:46:18.498+0000] {logging_mixin.py:188} INFO - [2024-09-07T19:46:18.497+0000] {dagbag.py:545} INFO - Filling up the DagBag from /opt/airflow/dags/etl_dag.py
[2024-09-07T19:46:21.420+0000] {processor.py:840} INFO - DAG(s) 'solar_adoption_dag' retrieved from /opt/airflow/dags/etl_dag.py
[2024-09-07T19:46:22.074+0000] {logging_mixin.py:188} INFO - [2024-09-07T19:46:22.073+0000] {override.py:1829} INFO - Created Permission View: can delete on DAG:solar_adoption_dag
[2024-09-07T19:46:22.090+0000] {logging_mixin.py:188} INFO - [2024-09-07T19:46:22.090+0000] {override.py:1829} INFO - Created Permission View: can read on DAG:solar_adoption_dag
[2024-09-07T19:46:22.102+0000] {logging_mixin.py:188} INFO - [2024-09-07T19:46:22.101+0000] {override.py:1829} INFO - Created Permission View: can edit on DAG:solar_adoption_dag
[2024-09-07T19:46:22.103+0000] {logging_mixin.py:188} INFO - [2024-09-07T19:46:22.103+0000] {dag.py:3096} INFO - Sync 1 DAGs
[2024-09-07T19:46:22.121+0000] {logging_mixin.py:188} INFO - [2024-09-07T19:46:22.120+0000] {dag.py:3118} INFO - Creating ORM DAG for solar_adoption_dag
[2024-09-07T19:46:22.136+0000] {logging_mixin.py:188} INFO - [2024-09-07T19:46:22.135+0000] {dag.py:3954} INFO - Setting next_dagrun for solar_adoption_dag to 2024-09-06 00:00:00+00:00, run_after=2024-09-07 00:00:00+00:00
[2024-09-07T19:46:22.170+0000] {processor.py:183} INFO - Processing /opt/airflow/dags/etl_dag.py took 3.709 seconds
[2024-09-07T19:46:52.460+0000] {processor.py:161} INFO - Started process (PID=74) to work on /opt/airflow/dags/etl_dag.py
[2024-09-07T19:46:52.461+0000] {processor.py:830} INFO - Processing file /opt/airflow/dags/etl_dag.py for tasks to queue
[2024-09-07T19:46:52.463+0000] {logging_mixin.py:188} INFO - [2024-09-07T19:46:52.462+0000] {dagbag.py:545} INFO - Filling up the DagBag from /opt/airflow/dags/etl_dag.py
[2024-09-07T19:46:52.783+0000] {processor.py:840} INFO - DAG(s) 'solar_adoption_dag' retrieved from /opt/airflow/dags/etl_dag.py
[2024-09-07T19:46:52.968+0000] {logging_mixin.py:188} INFO - [2024-09-07T19:46:52.968+0000] {dag.py:3096} INFO - Sync 1 DAGs
[2024-09-07T19:46:52.988+0000] {logging_mixin.py:188} INFO - [2024-09-07T19:46:52.988+0000] {dag.py:3954} INFO - Setting next_dagrun for solar_adoption_dag to 2024-09-06 00:00:00+00:00, run_after=2024-09-07 00:00:00+00:00
[2024-09-07T19:46:53.005+0000] {processor.py:183} INFO - Processing /opt/airflow/dags/etl_dag.py took 0.552 seconds
[2024-09-07T19:47:23.097+0000] {processor.py:161} INFO - Started process (PID=82) to work on /opt/airflow/dags/etl_dag.py
[2024-09-07T19:47:23.098+0000] {processor.py:830} INFO - Processing file /opt/airflow/dags/etl_dag.py for tasks to queue
[2024-09-07T19:47:23.101+0000] {logging_mixin.py:188} INFO - [2024-09-07T19:47:23.100+0000] {dagbag.py:545} INFO - Filling up the DagBag from /opt/airflow/dags/etl_dag.py
[2024-09-07T19:47:23.403+0000] {processor.py:840} INFO - DAG(s) 'solar_adoption_dag' retrieved from /opt/airflow/dags/etl_dag.py
[2024-09-07T19:47:23.552+0000] {logging_mixin.py:188} INFO - [2024-09-07T19:47:23.551+0000] {dag.py:3096} INFO - Sync 1 DAGs
[2024-09-07T19:47:23.578+0000] {logging_mixin.py:188} INFO - [2024-09-07T19:47:23.577+0000] {dag.py:3954} INFO - Setting next_dagrun for solar_adoption_dag to 2024-09-06 00:00:00+00:00, run_after=2024-09-07 00:00:00+00:00
[2024-09-07T19:47:23.620+0000] {processor.py:183} INFO - Processing /opt/airflow/dags/etl_dag.py took 0.528 seconds
[2024-09-07T19:47:53.931+0000] {processor.py:161} INFO - Started process (PID=90) to work on /opt/airflow/dags/etl_dag.py
[2024-09-07T19:47:53.932+0000] {processor.py:830} INFO - Processing file /opt/airflow/dags/etl_dag.py for tasks to queue
[2024-09-07T19:47:53.934+0000] {logging_mixin.py:188} INFO - [2024-09-07T19:47:53.933+0000] {dagbag.py:545} INFO - Filling up the DagBag from /opt/airflow/dags/etl_dag.py
[2024-09-07T19:47:54.509+0000] {processor.py:840} INFO - DAG(s) 'solar_adoption_dag' retrieved from /opt/airflow/dags/etl_dag.py
[2024-09-07T19:47:54.531+0000] {logging_mixin.py:188} INFO - [2024-09-07T19:47:54.530+0000] {dag.py:3096} INFO - Sync 1 DAGs
[2024-09-07T19:47:54.545+0000] {logging_mixin.py:188} INFO - [2024-09-07T19:47:54.545+0000] {dag.py:3954} INFO - Setting next_dagrun for solar_adoption_dag to 2024-09-06 00:00:00+00:00, run_after=2024-09-07 00:00:00+00:00
[2024-09-07T19:47:54.570+0000] {processor.py:183} INFO - Processing /opt/airflow/dags/etl_dag.py took 0.646 seconds
[2024-09-07T19:48:24.812+0000] {processor.py:161} INFO - Started process (PID=106) to work on /opt/airflow/dags/etl_dag.py
[2024-09-07T19:48:24.813+0000] {processor.py:830} INFO - Processing file /opt/airflow/dags/etl_dag.py for tasks to queue
[2024-09-07T19:48:24.814+0000] {logging_mixin.py:188} INFO - [2024-09-07T19:48:24.814+0000] {dagbag.py:545} INFO - Filling up the DagBag from /opt/airflow/dags/etl_dag.py
[2024-09-07T19:48:25.238+0000] {processor.py:840} INFO - DAG(s) 'solar_adoption_dag' retrieved from /opt/airflow/dags/etl_dag.py
[2024-09-07T19:48:25.263+0000] {logging_mixin.py:188} INFO - [2024-09-07T19:48:25.263+0000] {dag.py:3096} INFO - Sync 1 DAGs
[2024-09-07T19:48:25.278+0000] {logging_mixin.py:188} INFO - [2024-09-07T19:48:25.278+0000] {dag.py:3954} INFO - Setting next_dagrun for solar_adoption_dag to 2024-09-07 00:00:00+00:00, run_after=2024-09-08 00:00:00+00:00
[2024-09-07T19:48:25.305+0000] {processor.py:183} INFO - Processing /opt/airflow/dags/etl_dag.py took 0.498 seconds
[2024-09-07T19:48:43.509+0000] {processor.py:161} INFO - Started process (PID=114) to work on /opt/airflow/dags/etl_dag.py
[2024-09-07T19:48:43.511+0000] {processor.py:830} INFO - Processing file /opt/airflow/dags/etl_dag.py for tasks to queue
[2024-09-07T19:48:43.512+0000] {logging_mixin.py:188} INFO - [2024-09-07T19:48:43.512+0000] {dagbag.py:545} INFO - Filling up the DagBag from /opt/airflow/dags/etl_dag.py
[2024-09-07T19:48:43.957+0000] {processor.py:840} INFO - DAG(s) 'solar_adoption_dag' retrieved from /opt/airflow/dags/etl_dag.py
[2024-09-07T19:48:43.980+0000] {logging_mixin.py:188} INFO - [2024-09-07T19:48:43.980+0000] {dag.py:3096} INFO - Sync 1 DAGs
[2024-09-07T19:48:43.997+0000] {logging_mixin.py:188} INFO - [2024-09-07T19:48:43.997+0000] {dag.py:3954} INFO - Setting next_dagrun for solar_adoption_dag to 2024-09-07 00:00:00+00:00, run_after=2024-09-08 00:00:00+00:00
[2024-09-07T19:48:44.035+0000] {processor.py:183} INFO - Processing /opt/airflow/dags/etl_dag.py took 0.531 seconds
[2024-09-07T19:49:14.281+0000] {processor.py:161} INFO - Started process (PID=122) to work on /opt/airflow/dags/etl_dag.py
[2024-09-07T19:49:14.282+0000] {processor.py:830} INFO - Processing file /opt/airflow/dags/etl_dag.py for tasks to queue
[2024-09-07T19:49:14.283+0000] {logging_mixin.py:188} INFO - [2024-09-07T19:49:14.283+0000] {dagbag.py:545} INFO - Filling up the DagBag from /opt/airflow/dags/etl_dag.py
[2024-09-07T19:49:14.609+0000] {processor.py:840} INFO - DAG(s) 'solar_adoption_dag' retrieved from /opt/airflow/dags/etl_dag.py
[2024-09-07T19:49:14.634+0000] {logging_mixin.py:188} INFO - [2024-09-07T19:49:14.634+0000] {dag.py:3096} INFO - Sync 1 DAGs
[2024-09-07T19:49:14.767+0000] {logging_mixin.py:188} INFO - [2024-09-07T19:49:14.767+0000] {dag.py:3954} INFO - Setting next_dagrun for solar_adoption_dag to 2024-09-07 00:00:00+00:00, run_after=2024-09-08 00:00:00+00:00
[2024-09-07T19:49:14.784+0000] {processor.py:183} INFO - Processing /opt/airflow/dags/etl_dag.py took 0.508 seconds
[2024-09-07T19:49:45.122+0000] {processor.py:161} INFO - Started process (PID=130) to work on /opt/airflow/dags/etl_dag.py
[2024-09-07T19:49:45.124+0000] {processor.py:830} INFO - Processing file /opt/airflow/dags/etl_dag.py for tasks to queue
[2024-09-07T19:49:45.127+0000] {logging_mixin.py:188} INFO - [2024-09-07T19:49:45.127+0000] {dagbag.py:545} INFO - Filling up the DagBag from /opt/airflow/dags/etl_dag.py
[2024-09-07T19:49:45.409+0000] {processor.py:840} INFO - DAG(s) 'solar_adoption_dag' retrieved from /opt/airflow/dags/etl_dag.py
[2024-09-07T19:49:45.566+0000] {logging_mixin.py:188} INFO - [2024-09-07T19:49:45.566+0000] {dag.py:3096} INFO - Sync 1 DAGs
[2024-09-07T19:49:45.582+0000] {logging_mixin.py:188} INFO - [2024-09-07T19:49:45.582+0000] {dag.py:3954} INFO - Setting next_dagrun for solar_adoption_dag to 2024-09-07 00:00:00+00:00, run_after=2024-09-08 00:00:00+00:00
[2024-09-07T19:49:45.601+0000] {processor.py:183} INFO - Processing /opt/airflow/dags/etl_dag.py took 0.492 seconds
[2024-09-07T19:49:52.686+0000] {processor.py:161} INFO - Started process (PID=132) to work on /opt/airflow/dags/etl_dag.py
[2024-09-07T19:49:52.687+0000] {processor.py:830} INFO - Processing file /opt/airflow/dags/etl_dag.py for tasks to queue
[2024-09-07T19:49:52.689+0000] {logging_mixin.py:188} INFO - [2024-09-07T19:49:52.689+0000] {dagbag.py:545} INFO - Filling up the DagBag from /opt/airflow/dags/etl_dag.py
[2024-09-07T19:49:53.011+0000] {processor.py:840} INFO - DAG(s) 'solar_adoption_dag' retrieved from /opt/airflow/dags/etl_dag.py
[2024-09-07T19:49:53.210+0000] {logging_mixin.py:188} INFO - [2024-09-07T19:49:53.210+0000] {dag.py:3096} INFO - Sync 1 DAGs
[2024-09-07T19:49:53.225+0000] {logging_mixin.py:188} INFO - [2024-09-07T19:49:53.225+0000] {dag.py:3954} INFO - Setting next_dagrun for solar_adoption_dag to 2024-09-07 00:00:00+00:00, run_after=2024-09-08 00:00:00+00:00
[2024-09-07T19:49:53.260+0000] {processor.py:183} INFO - Processing /opt/airflow/dags/etl_dag.py took 0.580 seconds
[2024-09-07T19:49:59.760+0000] {processor.py:161} INFO - Started process (PID=134) to work on /opt/airflow/dags/etl_dag.py
[2024-09-07T19:49:59.761+0000] {processor.py:830} INFO - Processing file /opt/airflow/dags/etl_dag.py for tasks to queue
[2024-09-07T19:49:59.764+0000] {logging_mixin.py:188} INFO - [2024-09-07T19:49:59.763+0000] {dagbag.py:545} INFO - Filling up the DagBag from /opt/airflow/dags/etl_dag.py
[2024-09-07T19:50:00.194+0000] {processor.py:840} INFO - DAG(s) 'solar_adoption_dag' retrieved from /opt/airflow/dags/etl_dag.py
[2024-09-07T19:50:00.211+0000] {logging_mixin.py:188} INFO - [2024-09-07T19:50:00.210+0000] {dag.py:3096} INFO - Sync 1 DAGs
[2024-09-07T19:50:00.391+0000] {logging_mixin.py:188} INFO - [2024-09-07T19:50:00.391+0000] {dag.py:3954} INFO - Setting next_dagrun for solar_adoption_dag to 2024-09-07 00:00:00+00:00, run_after=2024-09-08 00:00:00+00:00
[2024-09-07T19:50:00.420+0000] {processor.py:183} INFO - Processing /opt/airflow/dags/etl_dag.py took 0.667 seconds
[2024-09-07T19:50:01.399+0000] {processor.py:161} INFO - Started process (PID=136) to work on /opt/airflow/dags/etl_dag.py
[2024-09-07T19:50:01.400+0000] {processor.py:830} INFO - Processing file /opt/airflow/dags/etl_dag.py for tasks to queue
[2024-09-07T19:50:01.402+0000] {logging_mixin.py:188} INFO - [2024-09-07T19:50:01.402+0000] {dagbag.py:545} INFO - Filling up the DagBag from /opt/airflow/dags/etl_dag.py
[2024-09-07T19:50:01.813+0000] {processor.py:840} INFO - DAG(s) 'solar_adoption_dag' retrieved from /opt/airflow/dags/etl_dag.py
[2024-09-07T19:50:01.824+0000] {logging_mixin.py:188} INFO - [2024-09-07T19:50:01.824+0000] {dag.py:3096} INFO - Sync 1 DAGs
[2024-09-07T19:50:01.963+0000] {logging_mixin.py:188} INFO - [2024-09-07T19:50:01.963+0000] {dag.py:3954} INFO - Setting next_dagrun for solar_adoption_dag to 2024-09-07 00:00:00+00:00, run_after=2024-09-08 00:00:00+00:00
[2024-09-07T19:50:01.982+0000] {processor.py:183} INFO - Processing /opt/airflow/dags/etl_dag.py took 0.588 seconds
[2024-09-07T19:50:32.283+0000] {processor.py:161} INFO - Started process (PID=144) to work on /opt/airflow/dags/etl_dag.py
[2024-09-07T19:50:32.285+0000] {processor.py:830} INFO - Processing file /opt/airflow/dags/etl_dag.py for tasks to queue
[2024-09-07T19:50:32.289+0000] {logging_mixin.py:188} INFO - [2024-09-07T19:50:32.288+0000] {dagbag.py:545} INFO - Filling up the DagBag from /opt/airflow/dags/etl_dag.py
[2024-09-07T19:50:32.934+0000] {processor.py:840} INFO - DAG(s) 'solar_adoption_dag' retrieved from /opt/airflow/dags/etl_dag.py
[2024-09-07T19:50:32.965+0000] {logging_mixin.py:188} INFO - [2024-09-07T19:50:32.964+0000] {dag.py:3096} INFO - Sync 1 DAGs
[2024-09-07T19:50:32.990+0000] {logging_mixin.py:188} INFO - [2024-09-07T19:50:32.990+0000] {dag.py:3954} INFO - Setting next_dagrun for solar_adoption_dag to 2024-09-07 00:00:00+00:00, run_after=2024-09-08 00:00:00+00:00
[2024-09-07T19:50:33.022+0000] {processor.py:183} INFO - Processing /opt/airflow/dags/etl_dag.py took 0.747 seconds
[2024-09-07T19:52:43.321+0000] {processor.py:161} INFO - Started process (PID=65) to work on /opt/airflow/dags/etl_dag.py
[2024-09-07T19:52:43.323+0000] {processor.py:830} INFO - Processing file /opt/airflow/dags/etl_dag.py for tasks to queue
[2024-09-07T19:52:43.328+0000] {logging_mixin.py:188} INFO - [2024-09-07T19:52:43.328+0000] {dagbag.py:545} INFO - Filling up the DagBag from /opt/airflow/dags/etl_dag.py
[2024-09-07T19:52:46.045+0000] {processor.py:840} INFO - DAG(s) 'solar_adoption_dag' retrieved from /opt/airflow/dags/etl_dag.py
[2024-09-07T19:52:46.586+0000] {logging_mixin.py:188} INFO - [2024-09-07T19:52:46.585+0000] {override.py:1829} INFO - Created Permission View: can read on DAG:solar_adoption_dag
[2024-09-07T19:52:46.600+0000] {logging_mixin.py:188} INFO - [2024-09-07T19:52:46.600+0000] {override.py:1829} INFO - Created Permission View: can delete on DAG:solar_adoption_dag
[2024-09-07T19:52:46.611+0000] {logging_mixin.py:188} INFO - [2024-09-07T19:52:46.610+0000] {override.py:1829} INFO - Created Permission View: can edit on DAG:solar_adoption_dag
[2024-09-07T19:52:46.612+0000] {logging_mixin.py:188} INFO - [2024-09-07T19:52:46.612+0000] {dag.py:3096} INFO - Sync 1 DAGs
[2024-09-07T19:52:46.626+0000] {logging_mixin.py:188} INFO - [2024-09-07T19:52:46.625+0000] {dag.py:3118} INFO - Creating ORM DAG for solar_adoption_dag
[2024-09-07T19:52:46.639+0000] {logging_mixin.py:188} INFO - [2024-09-07T19:52:46.639+0000] {dag.py:3954} INFO - Setting next_dagrun for solar_adoption_dag to 2024-09-06 00:00:00+00:00, run_after=2024-09-07 00:00:00+00:00
[2024-09-07T19:52:46.668+0000] {processor.py:183} INFO - Processing /opt/airflow/dags/etl_dag.py took 3.360 seconds
[2024-09-07T19:53:16.942+0000] {processor.py:161} INFO - Started process (PID=73) to work on /opt/airflow/dags/etl_dag.py
[2024-09-07T19:53:16.943+0000] {processor.py:830} INFO - Processing file /opt/airflow/dags/etl_dag.py for tasks to queue
[2024-09-07T19:53:16.944+0000] {logging_mixin.py:188} INFO - [2024-09-07T19:53:16.944+0000] {dagbag.py:545} INFO - Filling up the DagBag from /opt/airflow/dags/etl_dag.py
[2024-09-07T19:53:17.224+0000] {processor.py:840} INFO - DAG(s) 'solar_adoption_dag' retrieved from /opt/airflow/dags/etl_dag.py
[2024-09-07T19:53:17.379+0000] {logging_mixin.py:188} INFO - [2024-09-07T19:53:17.379+0000] {dag.py:3096} INFO - Sync 1 DAGs
[2024-09-07T19:53:17.401+0000] {logging_mixin.py:188} INFO - [2024-09-07T19:53:17.401+0000] {dag.py:3954} INFO - Setting next_dagrun for solar_adoption_dag to 2024-09-06 00:00:00+00:00, run_after=2024-09-07 00:00:00+00:00
[2024-09-07T19:53:17.437+0000] {processor.py:183} INFO - Processing /opt/airflow/dags/etl_dag.py took 0.499 seconds
[2024-09-07T19:53:47.735+0000] {processor.py:161} INFO - Started process (PID=85) to work on /opt/airflow/dags/etl_dag.py
[2024-09-07T19:53:47.737+0000] {processor.py:830} INFO - Processing file /opt/airflow/dags/etl_dag.py for tasks to queue
[2024-09-07T19:53:47.745+0000] {logging_mixin.py:188} INFO - [2024-09-07T19:53:47.744+0000] {dagbag.py:545} INFO - Filling up the DagBag from /opt/airflow/dags/etl_dag.py
[2024-09-07T19:53:48.382+0000] {processor.py:840} INFO - DAG(s) 'solar_adoption_dag' retrieved from /opt/airflow/dags/etl_dag.py
[2024-09-07T19:53:48.824+0000] {logging_mixin.py:188} INFO - [2024-09-07T19:53:48.824+0000] {dag.py:3096} INFO - Sync 1 DAGs
[2024-09-07T19:53:48.864+0000] {logging_mixin.py:188} INFO - [2024-09-07T19:53:48.863+0000] {dag.py:3954} INFO - Setting next_dagrun for solar_adoption_dag to 2024-09-07 00:00:00+00:00, run_after=2024-09-08 00:00:00+00:00
[2024-09-07T19:53:48.911+0000] {processor.py:183} INFO - Processing /opt/airflow/dags/etl_dag.py took 1.192 seconds
[2024-09-07T19:54:19.014+0000] {processor.py:161} INFO - Started process (PID=103) to work on /opt/airflow/dags/etl_dag.py
[2024-09-07T19:54:19.015+0000] {processor.py:830} INFO - Processing file /opt/airflow/dags/etl_dag.py for tasks to queue
[2024-09-07T19:54:19.017+0000] {logging_mixin.py:188} INFO - [2024-09-07T19:54:19.016+0000] {dagbag.py:545} INFO - Filling up the DagBag from /opt/airflow/dags/etl_dag.py
[2024-09-07T19:54:19.444+0000] {processor.py:840} INFO - DAG(s) 'solar_adoption_dag' retrieved from /opt/airflow/dags/etl_dag.py
[2024-09-07T19:54:19.467+0000] {logging_mixin.py:188} INFO - [2024-09-07T19:54:19.467+0000] {dag.py:3096} INFO - Sync 1 DAGs
[2024-09-07T19:54:19.483+0000] {logging_mixin.py:188} INFO - [2024-09-07T19:54:19.482+0000] {dag.py:3954} INFO - Setting next_dagrun for solar_adoption_dag to 2024-09-07 00:00:00+00:00, run_after=2024-09-08 00:00:00+00:00
[2024-09-07T19:54:19.512+0000] {processor.py:183} INFO - Processing /opt/airflow/dags/etl_dag.py took 0.503 seconds
[2024-09-07T19:54:49.816+0000] {processor.py:161} INFO - Started process (PID=111) to work on /opt/airflow/dags/etl_dag.py
[2024-09-07T19:54:49.817+0000] {processor.py:830} INFO - Processing file /opt/airflow/dags/etl_dag.py for tasks to queue
[2024-09-07T19:54:49.819+0000] {logging_mixin.py:188} INFO - [2024-09-07T19:54:49.819+0000] {dagbag.py:545} INFO - Filling up the DagBag from /opt/airflow/dags/etl_dag.py
[2024-09-07T19:54:50.298+0000] {processor.py:840} INFO - DAG(s) 'solar_adoption_dag' retrieved from /opt/airflow/dags/etl_dag.py
[2024-09-07T19:54:50.323+0000] {logging_mixin.py:188} INFO - [2024-09-07T19:54:50.322+0000] {dag.py:3096} INFO - Sync 1 DAGs
[2024-09-07T19:54:50.340+0000] {logging_mixin.py:188} INFO - [2024-09-07T19:54:50.340+0000] {dag.py:3954} INFO - Setting next_dagrun for solar_adoption_dag to 2024-09-07 00:00:00+00:00, run_after=2024-09-08 00:00:00+00:00
[2024-09-07T19:54:50.358+0000] {processor.py:183} INFO - Processing /opt/airflow/dags/etl_dag.py took 0.547 seconds
[2024-09-07T19:55:20.667+0000] {processor.py:161} INFO - Started process (PID=119) to work on /opt/airflow/dags/etl_dag.py
[2024-09-07T19:55:20.668+0000] {processor.py:830} INFO - Processing file /opt/airflow/dags/etl_dag.py for tasks to queue
[2024-09-07T19:55:20.671+0000] {logging_mixin.py:188} INFO - [2024-09-07T19:55:20.670+0000] {dagbag.py:545} INFO - Filling up the DagBag from /opt/airflow/dags/etl_dag.py
[2024-09-07T19:55:21.146+0000] {processor.py:840} INFO - DAG(s) 'solar_adoption_dag' retrieved from /opt/airflow/dags/etl_dag.py
[2024-09-07T19:55:21.170+0000] {logging_mixin.py:188} INFO - [2024-09-07T19:55:21.170+0000] {dag.py:3096} INFO - Sync 1 DAGs
[2024-09-07T19:55:21.188+0000] {logging_mixin.py:188} INFO - [2024-09-07T19:55:21.188+0000] {dag.py:3954} INFO - Setting next_dagrun for solar_adoption_dag to 2024-09-07 00:00:00+00:00, run_after=2024-09-08 00:00:00+00:00
[2024-09-07T19:55:21.206+0000] {processor.py:183} INFO - Processing /opt/airflow/dags/etl_dag.py took 0.544 seconds
