[2024-09-06T16:13:02.706+0000] {local_task_job_runner.py:120} INFO - ::group::Pre task execution logs
[2024-09-06T16:13:02.771+0000] {taskinstance.py:2076} INFO - Dependencies all met for dep_context=non-requeueable deps ti=<TaskInstance: solar_adoption_dag.extract scheduled__2024-09-03T00:00:00+00:00 [queued]>
[2024-09-06T16:13:02.803+0000] {taskinstance.py:2076} INFO - Dependencies all met for dep_context=requeueable deps ti=<TaskInstance: solar_adoption_dag.extract scheduled__2024-09-03T00:00:00+00:00 [queued]>
[2024-09-06T16:13:02.804+0000] {taskinstance.py:2306} INFO - Starting attempt 1 of 1
[2024-09-06T16:13:02.840+0000] {taskinstance.py:2330} INFO - Executing <Task(BashOperator): extract> on 2024-09-03 00:00:00+00:00
[2024-09-06T16:13:02.856+0000] {warnings.py:112} WARNING - /home/***/.local/lib/python3.12/site-packages/***/task/task_runner/standard_task_runner.py:61: DeprecationWarning: This process (pid=76) is multi-threaded, use of fork() may lead to deadlocks in the child.
  pid = os.fork()

[2024-09-06T16:13:02.859+0000] {standard_task_runner.py:63} INFO - Started process 85 to run task
[2024-09-06T16:13:02.864+0000] {standard_task_runner.py:90} INFO - Running: ['***', 'tasks', 'run', 'solar_adoption_dag', 'extract', 'scheduled__2024-09-03T00:00:00+00:00', '--job-id', '6', '--raw', '--subdir', 'DAGS_FOLDER/etl_dag.py', '--cfg-path', '/tmp/tmpz2bc6kzs']
[2024-09-06T16:13:02.872+0000] {standard_task_runner.py:91} INFO - Job 6: Subtask extract
[2024-09-06T16:13:03.004+0000] {task_command.py:426} INFO - Running <TaskInstance: solar_adoption_dag.extract scheduled__2024-09-03T00:00:00+00:00 [running]> on host 2e8f108d9bc4
[2024-09-06T16:13:03.240+0000] {taskinstance.py:2648} INFO - Exporting env vars: AIRFLOW_CTX_DAG_OWNER='***' AIRFLOW_CTX_DAG_ID='solar_adoption_dag' AIRFLOW_CTX_TASK_ID='extract' AIRFLOW_CTX_EXECUTION_DATE='2024-09-03T00:00:00+00:00' AIRFLOW_CTX_TRY_NUMBER='1' AIRFLOW_CTX_DAG_RUN_ID='scheduled__2024-09-03T00:00:00+00:00'
[2024-09-06T16:13:03.243+0000] {taskinstance.py:430} INFO - ::endgroup::
[2024-09-06T16:13:03.306+0000] {subprocess.py:63} INFO - Tmp dir root location: /tmp
[2024-09-06T16:13:03.308+0000] {subprocess.py:75} INFO - Running command: ['/usr/bin/bash', '-c', "echo 'initiating extraction'; cd /opt/***/data/raw/; files=(*); mv -v $files /opt/***/data/raw/z_CurrentDataBatch.csv; echo *"]
[2024-09-06T16:13:03.339+0000] {subprocess.py:86} INFO - Output:
[2024-09-06T16:13:03.342+0000] {subprocess.py:93} INFO - initiating extraction
[2024-09-06T16:13:03.410+0000] {subprocess.py:93} INFO - mv: cannot move 'STEADy_200_sample_3.csv' to '/opt/***/data/raw/z_CurrentDataBatch.csv': No such file or directory
[2024-09-06T16:13:03.425+0000] {subprocess.py:93} INFO - z_CurrentDataBatch.csv
[2024-09-06T16:13:03.428+0000] {subprocess.py:97} INFO - Command exited with return code 0
[2024-09-06T16:13:03.430+0000] {taskinstance.py:441} INFO - ::group::Post task execution logs
[2024-09-06T16:13:03.527+0000] {taskinstance.py:1206} INFO - Marking task as SUCCESS. dag_id=solar_adoption_dag, task_id=extract, run_id=scheduled__2024-09-03T00:00:00+00:00, execution_date=20240903T000000, start_date=20240906T161302, end_date=20240906T161303
[2024-09-06T16:13:03.612+0000] {local_task_job_runner.py:240} INFO - Task exited with return code 0
[2024-09-06T16:13:03.718+0000] {taskinstance.py:3503} INFO - 1 downstream tasks scheduled from follow-on schedule check
[2024-09-06T16:13:03.725+0000] {local_task_job_runner.py:222} INFO - ::endgroup::
