[2024-09-07T19:12:37.852+0000] {local_task_job_runner.py:120} INFO - ::group::Pre task execution logs
[2024-09-07T19:12:37.901+0000] {taskinstance.py:2076} INFO - Dependencies all met for dep_context=non-requeueable deps ti=<TaskInstance: solar_adoption_dag.extract manual__2024-09-07T19:12:34.360923+00:00 [queued]>
[2024-09-07T19:12:37.916+0000] {taskinstance.py:2076} INFO - Dependencies all met for dep_context=requeueable deps ti=<TaskInstance: solar_adoption_dag.extract manual__2024-09-07T19:12:34.360923+00:00 [queued]>
[2024-09-07T19:12:37.917+0000] {taskinstance.py:2306} INFO - Starting attempt 1 of 1
[2024-09-07T19:12:37.944+0000] {taskinstance.py:2330} INFO - Executing <Task(BashOperator): extract> on 2024-09-07 19:12:34.360923+00:00
[2024-09-07T19:12:37.967+0000] {warnings.py:112} WARNING - /home/***/.local/lib/python3.12/site-packages/***/task/task_runner/standard_task_runner.py:61: DeprecationWarning: This process (pid=86) is multi-threaded, use of fork() may lead to deadlocks in the child.
  pid = os.fork()

[2024-09-07T19:12:37.971+0000] {standard_task_runner.py:63} INFO - Started process 89 to run task
[2024-09-07T19:12:37.970+0000] {standard_task_runner.py:90} INFO - Running: ['***', 'tasks', 'run', 'solar_adoption_dag', 'extract', 'manual__2024-09-07T19:12:34.360923+00:00', '--job-id', '4', '--raw', '--subdir', 'DAGS_FOLDER/etl_dag.py', '--cfg-path', '/tmp/tmpc5r9ywyq']
[2024-09-07T19:12:37.975+0000] {standard_task_runner.py:91} INFO - Job 4: Subtask extract
[2024-09-07T19:12:38.097+0000] {task_command.py:426} INFO - Running <TaskInstance: solar_adoption_dag.extract manual__2024-09-07T19:12:34.360923+00:00 [running]> on host a319a30e0358
[2024-09-07T19:12:38.271+0000] {taskinstance.py:2648} INFO - Exporting env vars: AIRFLOW_CTX_DAG_OWNER='***' AIRFLOW_CTX_DAG_ID='solar_adoption_dag' AIRFLOW_CTX_TASK_ID='extract' AIRFLOW_CTX_EXECUTION_DATE='2024-09-07T19:12:34.360923+00:00' AIRFLOW_CTX_TRY_NUMBER='1' AIRFLOW_CTX_DAG_RUN_ID='manual__2024-09-07T19:12:34.360923+00:00'
[2024-09-07T19:12:38.272+0000] {taskinstance.py:430} INFO - ::endgroup::
[2024-09-07T19:12:38.321+0000] {subprocess.py:63} INFO - Tmp dir root location: /tmp
[2024-09-07T19:12:38.323+0000] {subprocess.py:75} INFO - Running command: ['/usr/bin/bash', '-c', "echo 'initiating extraction'; cd /opt/***/data/raw/; files=(*); mv -v $files /opt/***/data/raw/z_CurrentDataBatch.csv; echo *"]
[2024-09-07T19:12:38.340+0000] {subprocess.py:86} INFO - Output:
[2024-09-07T19:12:38.344+0000] {subprocess.py:93} INFO - initiating extraction
[2024-09-07T19:12:38.355+0000] {subprocess.py:93} INFO - renamed 'STEADy_200_sample_1.csv' -> '/opt/***/data/raw/z_CurrentDataBatch.csv'
[2024-09-07T19:12:38.358+0000] {subprocess.py:93} INFO - STEADy_200_sample_2.csv STEADy_200_sample_3.csv z_CurrentDataBatch.csv
[2024-09-07T19:12:38.358+0000] {subprocess.py:97} INFO - Command exited with return code 0
[2024-09-07T19:12:38.360+0000] {taskinstance.py:441} INFO - ::group::Post task execution logs
[2024-09-07T19:12:38.388+0000] {taskinstance.py:1206} INFO - Marking task as SUCCESS. dag_id=solar_adoption_dag, task_id=extract, run_id=manual__2024-09-07T19:12:34.360923+00:00, execution_date=20240907T191234, start_date=20240907T191237, end_date=20240907T191238
[2024-09-07T19:12:38.429+0000] {local_task_job_runner.py:240} INFO - Task exited with return code 0
[2024-09-07T19:12:38.464+0000] {taskinstance.py:3503} INFO - 1 downstream tasks scheduled from follow-on schedule check
[2024-09-07T19:12:38.466+0000] {local_task_job_runner.py:222} INFO - ::endgroup::
