[2024-09-07T19:42:14.198+0000] {local_task_job_runner.py:120} INFO - ::group::Pre task execution logs
[2024-09-07T19:42:14.249+0000] {taskinstance.py:2076} INFO - Dependencies all met for dep_context=non-requeueable deps ti=<TaskInstance: solar_adoption_dag.extract manual__2024-09-07T19:42:12.830493+00:00 [queued]>
[2024-09-07T19:42:14.469+0000] {taskinstance.py:2076} INFO - Dependencies all met for dep_context=requeueable deps ti=<TaskInstance: solar_adoption_dag.extract manual__2024-09-07T19:42:12.830493+00:00 [queued]>
[2024-09-07T19:42:14.470+0000] {taskinstance.py:2306} INFO - Starting attempt 1 of 1
[2024-09-07T19:42:14.485+0000] {taskinstance.py:2330} INFO - Executing <Task(BashOperator): extract> on 2024-09-07 19:42:12.830493+00:00
[2024-09-07T19:42:14.492+0000] {warnings.py:112} WARNING - /home/***/.local/lib/python3.12/site-packages/***/task/task_runner/standard_task_runner.py:61: DeprecationWarning: This process (pid=575) is multi-threaded, use of fork() may lead to deadlocks in the child.
  pid = os.fork()

[2024-09-07T19:42:14.494+0000] {standard_task_runner.py:63} INFO - Started process 577 to run task
[2024-09-07T19:42:14.495+0000] {standard_task_runner.py:90} INFO - Running: ['***', 'tasks', 'run', 'solar_adoption_dag', 'extract', 'manual__2024-09-07T19:42:12.830493+00:00', '--job-id', '31', '--raw', '--subdir', 'DAGS_FOLDER/etl_dag.py', '--cfg-path', '/tmp/tmpciyuiori']
[2024-09-07T19:42:14.499+0000] {standard_task_runner.py:91} INFO - Job 31: Subtask extract
[2024-09-07T19:42:14.588+0000] {task_command.py:426} INFO - Running <TaskInstance: solar_adoption_dag.extract manual__2024-09-07T19:42:12.830493+00:00 [running]> on host a319a30e0358
[2024-09-07T19:42:14.697+0000] {taskinstance.py:2648} INFO - Exporting env vars: AIRFLOW_CTX_DAG_OWNER='***' AIRFLOW_CTX_DAG_ID='solar_adoption_dag' AIRFLOW_CTX_TASK_ID='extract' AIRFLOW_CTX_EXECUTION_DATE='2024-09-07T19:42:12.830493+00:00' AIRFLOW_CTX_TRY_NUMBER='1' AIRFLOW_CTX_DAG_RUN_ID='manual__2024-09-07T19:42:12.830493+00:00'
[2024-09-07T19:42:14.699+0000] {taskinstance.py:430} INFO - ::endgroup::
[2024-09-07T19:42:14.717+0000] {subprocess.py:63} INFO - Tmp dir root location: /tmp
[2024-09-07T19:42:14.718+0000] {subprocess.py:75} INFO - Running command: ['/usr/bin/bash', '-c', "echo 'initiating extraction'; cd /opt/***/data/raw/; files=(*); mv -v $files /opt/***/data/raw/z_CurrentDataBatch.csv; echo *"]
[2024-09-07T19:42:14.728+0000] {subprocess.py:86} INFO - Output:
[2024-09-07T19:42:14.729+0000] {subprocess.py:93} INFO - initiating extraction
[2024-09-07T19:42:14.736+0000] {subprocess.py:93} INFO - mv: 'z_CurrentDataBatch.csv' and '/opt/***/data/raw/z_CurrentDataBatch.csv' are the same file
[2024-09-07T19:42:14.737+0000] {subprocess.py:93} INFO - z_CurrentDataBatch.csv
[2024-09-07T19:42:14.737+0000] {subprocess.py:97} INFO - Command exited with return code 0
[2024-09-07T19:42:14.738+0000] {taskinstance.py:441} INFO - ::group::Post task execution logs
[2024-09-07T19:42:14.757+0000] {taskinstance.py:1206} INFO - Marking task as SUCCESS. dag_id=solar_adoption_dag, task_id=extract, run_id=manual__2024-09-07T19:42:12.830493+00:00, execution_date=20240907T194212, start_date=20240907T194214, end_date=20240907T194214
[2024-09-07T19:42:14.791+0000] {local_task_job_runner.py:240} INFO - Task exited with return code 0
[2024-09-07T19:42:14.828+0000] {taskinstance.py:3503} INFO - 1 downstream tasks scheduled from follow-on schedule check
[2024-09-07T19:42:14.830+0000] {local_task_job_runner.py:222} INFO - ::endgroup::
