[2024-09-03T17:40:44.982+0000] {local_task_job_runner.py:120} INFO - ::group::Pre task execution logs
[2024-09-03T17:40:45.077+0000] {taskinstance.py:2076} INFO - Dependencies all met for dep_context=non-requeueable deps ti=<TaskInstance: solar_adoption_dag.load_Household_Attr_dim manual__2024-09-03T17:40:26.117727+00:00 [queued]>
[2024-09-03T17:40:45.133+0000] {taskinstance.py:2076} INFO - Dependencies all met for dep_context=requeueable deps ti=<TaskInstance: solar_adoption_dag.load_Household_Attr_dim manual__2024-09-03T17:40:26.117727+00:00 [queued]>
[2024-09-03T17:40:45.142+0000] {taskinstance.py:2306} INFO - Starting attempt 1 of 1
[2024-09-03T17:40:45.241+0000] {taskinstance.py:2330} INFO - Executing <Task(PythonOperator): load_Household_Attr_dim> on 2024-09-03 17:40:26.117727+00:00
[2024-09-03T17:40:45.280+0000] {warnings.py:112} WARNING - /home/***/.local/lib/python3.12/site-packages/***/task/task_runner/standard_task_runner.py:61: DeprecationWarning: This process (pid=127) is multi-threaded, use of fork() may lead to deadlocks in the child.
  pid = os.fork()

[2024-09-03T17:40:45.303+0000] {standard_task_runner.py:63} INFO - Started process 150 to run task
[2024-09-03T17:40:45.310+0000] {standard_task_runner.py:90} INFO - Running: ['***', 'tasks', 'run', 'solar_adoption_dag', 'load_Household_Attr_dim', 'manual__2024-09-03T17:40:26.117727+00:00', '--job-id', '11', '--raw', '--subdir', 'DAGS_FOLDER/etl_dag.py', '--cfg-path', '/tmp/tmphme_p9xn']
[2024-09-03T17:40:45.324+0000] {standard_task_runner.py:91} INFO - Job 11: Subtask load_Household_Attr_dim
[2024-09-03T17:40:45.681+0000] {task_command.py:426} INFO - Running <TaskInstance: solar_adoption_dag.load_Household_Attr_dim manual__2024-09-03T17:40:26.117727+00:00 [running]> on host 9dc6cf14139e
[2024-09-03T17:40:46.722+0000] {taskinstance.py:2648} INFO - Exporting env vars: AIRFLOW_CTX_DAG_OWNER='***' AIRFLOW_CTX_DAG_ID='solar_adoption_dag' AIRFLOW_CTX_TASK_ID='load_Household_Attr_dim' AIRFLOW_CTX_EXECUTION_DATE='2024-09-03T17:40:26.117727+00:00' AIRFLOW_CTX_TRY_NUMBER='1' AIRFLOW_CTX_DAG_RUN_ID='manual__2024-09-03T17:40:26.117727+00:00'
[2024-09-03T17:40:46.740+0000] {taskinstance.py:430} INFO - ::endgroup::
[2024-09-03T17:40:46.883+0000] {taskinstance.py:441} INFO - ::group::Post task execution logs
[2024-09-03T17:40:46.896+0000] {taskinstance.py:2905} ERROR - Task failed with exception
Traceback (most recent call last):
  File "/home/airflow/.local/lib/python3.12/site-packages/airflow/models/taskinstance.py", line 465, in _execute_task
    result = _execute_callable(context=context, **execute_callable_kwargs)
             ^^^^^^^^^^^^^^^^^^^^^^^^^^^^^^^^^^^^^^^^^^^^^^^^^^^^^^^^^^^^^
  File "/home/airflow/.local/lib/python3.12/site-packages/airflow/models/taskinstance.py", line 432, in _execute_callable
    return execute_callable(context=context, **execute_callable_kwargs)
           ^^^^^^^^^^^^^^^^^^^^^^^^^^^^^^^^^^^^^^^^^^^^^^^^^^^^^^^^^^^^
  File "/home/airflow/.local/lib/python3.12/site-packages/airflow/models/baseoperator.py", line 401, in wrapper
    return func(self, *args, **kwargs)
           ^^^^^^^^^^^^^^^^^^^^^^^^^^^
  File "/home/airflow/.local/lib/python3.12/site-packages/airflow/operators/python.py", line 235, in execute
    return_value = self.execute_callable()
                   ^^^^^^^^^^^^^^^^^^^^^^^
  File "/home/airflow/.local/lib/python3.12/site-packages/airflow/operators/python.py", line 252, in execute_callable
    return self.python_callable(*self.op_args, **self.op_kwargs)
           ^^^^^^^^^^^^^^^^^^^^^^^^^^^^^^^^^^^^^^^^^^^^^^^^^^^^^
  File "/opt/airflow/dags/etl_scripts/airflow_pipeline.py", line 122, in load_data
    pd.read_parquet(table_file).to_sql(table_name, conn, if_exists='append', index=False, method=insert_on_conflict_nothing)
    ^^^^^^^^^^^^^^^^^^^^^^^^^^^
  File "/home/airflow/.local/lib/python3.12/site-packages/pandas/io/parquet.py", line 670, in read_parquet
    return impl.read(
           ^^^^^^^^^^
  File "/home/airflow/.local/lib/python3.12/site-packages/pandas/io/parquet.py", line 265, in read
    path_or_handle, handles, filesystem = _get_path_or_handle(
                                          ^^^^^^^^^^^^^^^^^^^^
  File "/home/airflow/.local/lib/python3.12/site-packages/pandas/io/parquet.py", line 139, in _get_path_or_handle
    handles = get_handle(
              ^^^^^^^^^^^
  File "/home/airflow/.local/lib/python3.12/site-packages/pandas/io/common.py", line 872, in get_handle
    handle = open(handle, ioargs.mode)
             ^^^^^^^^^^^^^^^^^^^^^^^^^
FileNotFoundError: [Errno 2] No such file or directory: '/opt/airflow/data/processed/Household_Attr_dim.parquet'
[2024-09-03T17:40:47.181+0000] {taskinstance.py:1206} INFO - Marking task as FAILED. dag_id=solar_adoption_dag, task_id=load_Household_Attr_dim, run_id=manual__2024-09-03T17:40:26.117727+00:00, execution_date=20240903T174026, start_date=20240903T174045, end_date=20240903T174047
[2024-09-03T17:40:47.914+0000] {standard_task_runner.py:110} ERROR - Failed to execute job 11 for task load_Household_Attr_dim ([Errno 2] No such file or directory: '/opt/airflow/data/processed/Household_Attr_dim.parquet'; 150)
[2024-09-03T17:40:48.121+0000] {local_task_job_runner.py:240} INFO - Task exited with return code 1
[2024-09-03T17:40:48.194+0000] {local_task_job_runner.py:222} INFO - ::endgroup::
