[2024-09-03T17:36:20.631+0000] {processor.py:161} INFO - Started process (PID=90) to work on /home/airflow/.local/lib/python3.12/site-packages/airflow/example_dags/tutorial_dag.py
[2024-09-03T17:36:20.633+0000] {processor.py:830} INFO - Processing file /home/airflow/.local/lib/python3.12/site-packages/airflow/example_dags/tutorial_dag.py for tasks to queue
[2024-09-03T17:36:20.638+0000] {logging_mixin.py:188} INFO - [2024-09-03T17:36:20.637+0000] {dagbag.py:545} INFO - Filling up the DagBag from /home/airflow/.local/lib/python3.12/site-packages/airflow/example_dags/tutorial_dag.py
[2024-09-03T17:36:20.657+0000] {processor.py:840} INFO - DAG(s) 'tutorial_dag' retrieved from /home/airflow/.local/lib/python3.12/site-packages/airflow/example_dags/tutorial_dag.py
[2024-09-03T17:36:20.886+0000] {logging_mixin.py:188} INFO - [2024-09-03T17:36:20.884+0000] {override.py:1829} INFO - Created Permission View: can delete on DAG:tutorial_dag
[2024-09-03T17:36:20.907+0000] {logging_mixin.py:188} INFO - [2024-09-03T17:36:20.906+0000] {override.py:1829} INFO - Created Permission View: can edit on DAG:tutorial_dag
[2024-09-03T17:36:20.921+0000] {logging_mixin.py:188} INFO - [2024-09-03T17:36:20.920+0000] {override.py:1829} INFO - Created Permission View: can read on DAG:tutorial_dag
[2024-09-03T17:36:20.922+0000] {logging_mixin.py:188} INFO - [2024-09-03T17:36:20.921+0000] {dag.py:3096} INFO - Sync 1 DAGs
[2024-09-03T17:36:20.946+0000] {logging_mixin.py:188} INFO - [2024-09-03T17:36:20.946+0000] {dag.py:3118} INFO - Creating ORM DAG for tutorial_dag
[2024-09-03T17:36:20.948+0000] {logging_mixin.py:188} INFO - [2024-09-03T17:36:20.948+0000] {dag.py:3954} INFO - Setting next_dagrun for tutorial_dag to None, run_after=None
[2024-09-03T17:36:20.981+0000] {processor.py:183} INFO - Processing /home/airflow/.local/lib/python3.12/site-packages/airflow/example_dags/tutorial_dag.py took 0.364 seconds
[2024-09-03T17:36:51.517+0000] {processor.py:161} INFO - Started process (PID=150) to work on /home/airflow/.local/lib/python3.12/site-packages/airflow/example_dags/tutorial_dag.py
[2024-09-03T17:36:51.519+0000] {processor.py:830} INFO - Processing file /home/airflow/.local/lib/python3.12/site-packages/airflow/example_dags/tutorial_dag.py for tasks to queue
[2024-09-03T17:36:51.521+0000] {logging_mixin.py:188} INFO - [2024-09-03T17:36:51.520+0000] {dagbag.py:545} INFO - Filling up the DagBag from /home/airflow/.local/lib/python3.12/site-packages/airflow/example_dags/tutorial_dag.py
[2024-09-03T17:36:51.527+0000] {processor.py:840} INFO - DAG(s) 'tutorial_dag' retrieved from /home/airflow/.local/lib/python3.12/site-packages/airflow/example_dags/tutorial_dag.py
[2024-09-03T17:36:51.552+0000] {logging_mixin.py:188} INFO - [2024-09-03T17:36:51.552+0000] {dag.py:3096} INFO - Sync 1 DAGs
[2024-09-03T17:36:51.569+0000] {logging_mixin.py:188} INFO - [2024-09-03T17:36:51.568+0000] {dag.py:3954} INFO - Setting next_dagrun for tutorial_dag to None, run_after=None
[2024-09-03T17:36:51.613+0000] {processor.py:183} INFO - Processing /home/airflow/.local/lib/python3.12/site-packages/airflow/example_dags/tutorial_dag.py took 0.104 seconds
[2024-09-03T17:37:21.940+0000] {processor.py:161} INFO - Started process (PID=210) to work on /home/airflow/.local/lib/python3.12/site-packages/airflow/example_dags/tutorial_dag.py
[2024-09-03T17:37:21.942+0000] {processor.py:830} INFO - Processing file /home/airflow/.local/lib/python3.12/site-packages/airflow/example_dags/tutorial_dag.py for tasks to queue
[2024-09-03T17:37:21.944+0000] {logging_mixin.py:188} INFO - [2024-09-03T17:37:21.944+0000] {dagbag.py:545} INFO - Filling up the DagBag from /home/airflow/.local/lib/python3.12/site-packages/airflow/example_dags/tutorial_dag.py
[2024-09-03T17:37:21.951+0000] {processor.py:840} INFO - DAG(s) 'tutorial_dag' retrieved from /home/airflow/.local/lib/python3.12/site-packages/airflow/example_dags/tutorial_dag.py
[2024-09-03T17:37:21.977+0000] {logging_mixin.py:188} INFO - [2024-09-03T17:37:21.977+0000] {dag.py:3096} INFO - Sync 1 DAGs
[2024-09-03T17:37:21.995+0000] {logging_mixin.py:188} INFO - [2024-09-03T17:37:21.995+0000] {dag.py:3954} INFO - Setting next_dagrun for tutorial_dag to None, run_after=None
[2024-09-03T17:37:22.027+0000] {processor.py:183} INFO - Processing /home/airflow/.local/lib/python3.12/site-packages/airflow/example_dags/tutorial_dag.py took 0.096 seconds
[2024-09-03T17:37:52.311+0000] {processor.py:161} INFO - Started process (PID=270) to work on /home/airflow/.local/lib/python3.12/site-packages/airflow/example_dags/tutorial_dag.py
[2024-09-03T17:37:52.312+0000] {processor.py:830} INFO - Processing file /home/airflow/.local/lib/python3.12/site-packages/airflow/example_dags/tutorial_dag.py for tasks to queue
[2024-09-03T17:37:52.315+0000] {logging_mixin.py:188} INFO - [2024-09-03T17:37:52.314+0000] {dagbag.py:545} INFO - Filling up the DagBag from /home/airflow/.local/lib/python3.12/site-packages/airflow/example_dags/tutorial_dag.py
[2024-09-03T17:37:52.320+0000] {processor.py:840} INFO - DAG(s) 'tutorial_dag' retrieved from /home/airflow/.local/lib/python3.12/site-packages/airflow/example_dags/tutorial_dag.py
[2024-09-03T17:37:52.346+0000] {logging_mixin.py:188} INFO - [2024-09-03T17:37:52.346+0000] {dag.py:3096} INFO - Sync 1 DAGs
[2024-09-03T17:37:52.362+0000] {logging_mixin.py:188} INFO - [2024-09-03T17:37:52.362+0000] {dag.py:3954} INFO - Setting next_dagrun for tutorial_dag to None, run_after=None
[2024-09-03T17:37:52.386+0000] {processor.py:183} INFO - Processing /home/airflow/.local/lib/python3.12/site-packages/airflow/example_dags/tutorial_dag.py took 0.081 seconds
[2024-09-03T17:38:23.109+0000] {processor.py:161} INFO - Started process (PID=330) to work on /home/airflow/.local/lib/python3.12/site-packages/airflow/example_dags/tutorial_dag.py
[2024-09-03T17:38:23.110+0000] {processor.py:830} INFO - Processing file /home/airflow/.local/lib/python3.12/site-packages/airflow/example_dags/tutorial_dag.py for tasks to queue
[2024-09-03T17:38:23.112+0000] {logging_mixin.py:188} INFO - [2024-09-03T17:38:23.112+0000] {dagbag.py:545} INFO - Filling up the DagBag from /home/airflow/.local/lib/python3.12/site-packages/airflow/example_dags/tutorial_dag.py
[2024-09-03T17:38:23.117+0000] {processor.py:840} INFO - DAG(s) 'tutorial_dag' retrieved from /home/airflow/.local/lib/python3.12/site-packages/airflow/example_dags/tutorial_dag.py
[2024-09-03T17:38:23.141+0000] {logging_mixin.py:188} INFO - [2024-09-03T17:38:23.141+0000] {dag.py:3096} INFO - Sync 1 DAGs
[2024-09-03T17:38:23.166+0000] {logging_mixin.py:188} INFO - [2024-09-03T17:38:23.165+0000] {dag.py:3954} INFO - Setting next_dagrun for tutorial_dag to None, run_after=None
[2024-09-03T17:38:23.210+0000] {processor.py:183} INFO - Processing /home/airflow/.local/lib/python3.12/site-packages/airflow/example_dags/tutorial_dag.py took 0.108 seconds
[2024-09-03T17:38:53.617+0000] {processor.py:161} INFO - Started process (PID=390) to work on /home/airflow/.local/lib/python3.12/site-packages/airflow/example_dags/tutorial_dag.py
[2024-09-03T17:38:53.618+0000] {processor.py:830} INFO - Processing file /home/airflow/.local/lib/python3.12/site-packages/airflow/example_dags/tutorial_dag.py for tasks to queue
[2024-09-03T17:38:53.620+0000] {logging_mixin.py:188} INFO - [2024-09-03T17:38:53.620+0000] {dagbag.py:545} INFO - Filling up the DagBag from /home/airflow/.local/lib/python3.12/site-packages/airflow/example_dags/tutorial_dag.py
[2024-09-03T17:38:53.626+0000] {processor.py:840} INFO - DAG(s) 'tutorial_dag' retrieved from /home/airflow/.local/lib/python3.12/site-packages/airflow/example_dags/tutorial_dag.py
[2024-09-03T17:38:53.651+0000] {logging_mixin.py:188} INFO - [2024-09-03T17:38:53.650+0000] {dag.py:3096} INFO - Sync 1 DAGs
[2024-09-03T17:38:53.666+0000] {logging_mixin.py:188} INFO - [2024-09-03T17:38:53.665+0000] {dag.py:3954} INFO - Setting next_dagrun for tutorial_dag to None, run_after=None
[2024-09-03T17:38:53.688+0000] {processor.py:183} INFO - Processing /home/airflow/.local/lib/python3.12/site-packages/airflow/example_dags/tutorial_dag.py took 0.078 seconds
[2024-09-03T17:39:23.903+0000] {processor.py:161} INFO - Started process (PID=450) to work on /home/airflow/.local/lib/python3.12/site-packages/airflow/example_dags/tutorial_dag.py
[2024-09-03T17:39:23.905+0000] {processor.py:830} INFO - Processing file /home/airflow/.local/lib/python3.12/site-packages/airflow/example_dags/tutorial_dag.py for tasks to queue
[2024-09-03T17:39:23.907+0000] {logging_mixin.py:188} INFO - [2024-09-03T17:39:23.907+0000] {dagbag.py:545} INFO - Filling up the DagBag from /home/airflow/.local/lib/python3.12/site-packages/airflow/example_dags/tutorial_dag.py
[2024-09-03T17:39:23.913+0000] {processor.py:840} INFO - DAG(s) 'tutorial_dag' retrieved from /home/airflow/.local/lib/python3.12/site-packages/airflow/example_dags/tutorial_dag.py
[2024-09-03T17:39:23.937+0000] {logging_mixin.py:188} INFO - [2024-09-03T17:39:23.937+0000] {dag.py:3096} INFO - Sync 1 DAGs
[2024-09-03T17:39:23.952+0000] {logging_mixin.py:188} INFO - [2024-09-03T17:39:23.952+0000] {dag.py:3954} INFO - Setting next_dagrun for tutorial_dag to None, run_after=None
[2024-09-03T17:39:23.978+0000] {processor.py:183} INFO - Processing /home/airflow/.local/lib/python3.12/site-packages/airflow/example_dags/tutorial_dag.py took 0.082 seconds
[2024-09-03T17:39:54.578+0000] {processor.py:161} INFO - Started process (PID=510) to work on /home/airflow/.local/lib/python3.12/site-packages/airflow/example_dags/tutorial_dag.py
[2024-09-03T17:39:54.580+0000] {processor.py:830} INFO - Processing file /home/airflow/.local/lib/python3.12/site-packages/airflow/example_dags/tutorial_dag.py for tasks to queue
[2024-09-03T17:39:54.583+0000] {logging_mixin.py:188} INFO - [2024-09-03T17:39:54.582+0000] {dagbag.py:545} INFO - Filling up the DagBag from /home/airflow/.local/lib/python3.12/site-packages/airflow/example_dags/tutorial_dag.py
[2024-09-03T17:39:54.591+0000] {processor.py:840} INFO - DAG(s) 'tutorial_dag' retrieved from /home/airflow/.local/lib/python3.12/site-packages/airflow/example_dags/tutorial_dag.py
[2024-09-03T17:39:54.626+0000] {logging_mixin.py:188} INFO - [2024-09-03T17:39:54.625+0000] {dag.py:3096} INFO - Sync 1 DAGs
[2024-09-03T17:39:54.656+0000] {logging_mixin.py:188} INFO - [2024-09-03T17:39:54.655+0000] {dag.py:3954} INFO - Setting next_dagrun for tutorial_dag to None, run_after=None
[2024-09-03T17:39:54.687+0000] {processor.py:183} INFO - Processing /home/airflow/.local/lib/python3.12/site-packages/airflow/example_dags/tutorial_dag.py took 0.119 seconds
[2024-09-03T17:40:25.145+0000] {processor.py:161} INFO - Started process (PID=570) to work on /home/airflow/.local/lib/python3.12/site-packages/airflow/example_dags/tutorial_dag.py
[2024-09-03T17:40:25.147+0000] {processor.py:830} INFO - Processing file /home/airflow/.local/lib/python3.12/site-packages/airflow/example_dags/tutorial_dag.py for tasks to queue
[2024-09-03T17:40:25.149+0000] {logging_mixin.py:188} INFO - [2024-09-03T17:40:25.148+0000] {dagbag.py:545} INFO - Filling up the DagBag from /home/airflow/.local/lib/python3.12/site-packages/airflow/example_dags/tutorial_dag.py
[2024-09-03T17:40:25.155+0000] {processor.py:840} INFO - DAG(s) 'tutorial_dag' retrieved from /home/airflow/.local/lib/python3.12/site-packages/airflow/example_dags/tutorial_dag.py
[2024-09-03T17:40:25.178+0000] {logging_mixin.py:188} INFO - [2024-09-03T17:40:25.177+0000] {dag.py:3096} INFO - Sync 1 DAGs
[2024-09-03T17:40:25.194+0000] {logging_mixin.py:188} INFO - [2024-09-03T17:40:25.194+0000] {dag.py:3954} INFO - Setting next_dagrun for tutorial_dag to None, run_after=None
[2024-09-03T17:40:25.217+0000] {processor.py:183} INFO - Processing /home/airflow/.local/lib/python3.12/site-packages/airflow/example_dags/tutorial_dag.py took 0.079 seconds
[2024-09-03T17:40:55.441+0000] {processor.py:161} INFO - Started process (PID=648) to work on /home/airflow/.local/lib/python3.12/site-packages/airflow/example_dags/tutorial_dag.py
[2024-09-03T17:40:55.443+0000] {processor.py:830} INFO - Processing file /home/airflow/.local/lib/python3.12/site-packages/airflow/example_dags/tutorial_dag.py for tasks to queue
[2024-09-03T17:40:55.446+0000] {logging_mixin.py:188} INFO - [2024-09-03T17:40:55.445+0000] {dagbag.py:545} INFO - Filling up the DagBag from /home/airflow/.local/lib/python3.12/site-packages/airflow/example_dags/tutorial_dag.py
[2024-09-03T17:40:55.455+0000] {processor.py:840} INFO - DAG(s) 'tutorial_dag' retrieved from /home/airflow/.local/lib/python3.12/site-packages/airflow/example_dags/tutorial_dag.py
[2024-09-03T17:40:55.483+0000] {logging_mixin.py:188} INFO - [2024-09-03T17:40:55.483+0000] {dag.py:3096} INFO - Sync 1 DAGs
[2024-09-03T17:40:55.503+0000] {logging_mixin.py:188} INFO - [2024-09-03T17:40:55.502+0000] {dag.py:3954} INFO - Setting next_dagrun for tutorial_dag to None, run_after=None
[2024-09-03T17:40:55.546+0000] {processor.py:183} INFO - Processing /home/airflow/.local/lib/python3.12/site-packages/airflow/example_dags/tutorial_dag.py took 0.113 seconds
[2024-09-03T17:41:26.849+0000] {processor.py:161} INFO - Started process (PID=708) to work on /home/airflow/.local/lib/python3.12/site-packages/airflow/example_dags/tutorial_dag.py
[2024-09-03T17:41:26.850+0000] {processor.py:830} INFO - Processing file /home/airflow/.local/lib/python3.12/site-packages/airflow/example_dags/tutorial_dag.py for tasks to queue
[2024-09-03T17:41:26.852+0000] {logging_mixin.py:188} INFO - [2024-09-03T17:41:26.852+0000] {dagbag.py:545} INFO - Filling up the DagBag from /home/airflow/.local/lib/python3.12/site-packages/airflow/example_dags/tutorial_dag.py
[2024-09-03T17:41:26.858+0000] {processor.py:840} INFO - DAG(s) 'tutorial_dag' retrieved from /home/airflow/.local/lib/python3.12/site-packages/airflow/example_dags/tutorial_dag.py
[2024-09-03T17:41:26.896+0000] {logging_mixin.py:188} INFO - [2024-09-03T17:41:26.896+0000] {dag.py:3096} INFO - Sync 1 DAGs
[2024-09-03T17:41:26.918+0000] {logging_mixin.py:188} INFO - [2024-09-03T17:41:26.918+0000] {dag.py:3954} INFO - Setting next_dagrun for tutorial_dag to None, run_after=None
[2024-09-03T17:41:26.942+0000] {processor.py:183} INFO - Processing /home/airflow/.local/lib/python3.12/site-packages/airflow/example_dags/tutorial_dag.py took 0.099 seconds
[2024-09-03T17:41:57.966+0000] {processor.py:161} INFO - Started process (PID=768) to work on /home/airflow/.local/lib/python3.12/site-packages/airflow/example_dags/tutorial_dag.py
[2024-09-03T17:41:57.967+0000] {processor.py:830} INFO - Processing file /home/airflow/.local/lib/python3.12/site-packages/airflow/example_dags/tutorial_dag.py for tasks to queue
[2024-09-03T17:41:57.972+0000] {logging_mixin.py:188} INFO - [2024-09-03T17:41:57.971+0000] {dagbag.py:545} INFO - Filling up the DagBag from /home/airflow/.local/lib/python3.12/site-packages/airflow/example_dags/tutorial_dag.py
[2024-09-03T17:41:57.984+0000] {processor.py:840} INFO - DAG(s) 'tutorial_dag' retrieved from /home/airflow/.local/lib/python3.12/site-packages/airflow/example_dags/tutorial_dag.py
[2024-09-03T17:41:58.028+0000] {logging_mixin.py:188} INFO - [2024-09-03T17:41:58.028+0000] {dag.py:3096} INFO - Sync 1 DAGs
[2024-09-03T17:41:58.046+0000] {logging_mixin.py:188} INFO - [2024-09-03T17:41:58.046+0000] {dag.py:3954} INFO - Setting next_dagrun for tutorial_dag to None, run_after=None
[2024-09-03T17:41:58.073+0000] {processor.py:183} INFO - Processing /home/airflow/.local/lib/python3.12/site-packages/airflow/example_dags/tutorial_dag.py took 0.115 seconds
[2024-09-03T17:42:28.485+0000] {processor.py:161} INFO - Started process (PID=828) to work on /home/airflow/.local/lib/python3.12/site-packages/airflow/example_dags/tutorial_dag.py
[2024-09-03T17:42:28.486+0000] {processor.py:830} INFO - Processing file /home/airflow/.local/lib/python3.12/site-packages/airflow/example_dags/tutorial_dag.py for tasks to queue
[2024-09-03T17:42:28.488+0000] {logging_mixin.py:188} INFO - [2024-09-03T17:42:28.487+0000] {dagbag.py:545} INFO - Filling up the DagBag from /home/airflow/.local/lib/python3.12/site-packages/airflow/example_dags/tutorial_dag.py
[2024-09-03T17:42:28.493+0000] {processor.py:840} INFO - DAG(s) 'tutorial_dag' retrieved from /home/airflow/.local/lib/python3.12/site-packages/airflow/example_dags/tutorial_dag.py
[2024-09-03T17:42:28.519+0000] {logging_mixin.py:188} INFO - [2024-09-03T17:42:28.518+0000] {dag.py:3096} INFO - Sync 1 DAGs
[2024-09-03T17:42:28.537+0000] {logging_mixin.py:188} INFO - [2024-09-03T17:42:28.536+0000] {dag.py:3954} INFO - Setting next_dagrun for tutorial_dag to None, run_after=None
[2024-09-03T17:42:28.568+0000] {processor.py:183} INFO - Processing /home/airflow/.local/lib/python3.12/site-packages/airflow/example_dags/tutorial_dag.py took 0.089 seconds
[2024-09-03T17:57:23.690+0000] {processor.py:161} INFO - Started process (PID=89) to work on /home/airflow/.local/lib/python3.12/site-packages/airflow/example_dags/tutorial_dag.py
[2024-09-03T17:57:23.692+0000] {processor.py:830} INFO - Processing file /home/airflow/.local/lib/python3.12/site-packages/airflow/example_dags/tutorial_dag.py for tasks to queue
[2024-09-03T17:57:23.698+0000] {logging_mixin.py:188} INFO - [2024-09-03T17:57:23.696+0000] {dagbag.py:545} INFO - Filling up the DagBag from /home/airflow/.local/lib/python3.12/site-packages/airflow/example_dags/tutorial_dag.py
[2024-09-03T17:57:23.720+0000] {processor.py:840} INFO - DAG(s) 'tutorial_dag' retrieved from /home/airflow/.local/lib/python3.12/site-packages/airflow/example_dags/tutorial_dag.py
[2024-09-03T17:57:23.984+0000] {logging_mixin.py:188} INFO - [2024-09-03T17:57:23.983+0000] {dag.py:3096} INFO - Sync 1 DAGs
[2024-09-03T17:57:24.012+0000] {logging_mixin.py:188} INFO - [2024-09-03T17:57:24.012+0000] {dag.py:3954} INFO - Setting next_dagrun for tutorial_dag to None, run_after=None
[2024-09-03T17:57:24.052+0000] {processor.py:183} INFO - Processing /home/airflow/.local/lib/python3.12/site-packages/airflow/example_dags/tutorial_dag.py took 0.375 seconds
[2024-09-03T17:57:54.530+0000] {processor.py:161} INFO - Started process (PID=149) to work on /home/airflow/.local/lib/python3.12/site-packages/airflow/example_dags/tutorial_dag.py
[2024-09-03T17:57:54.531+0000] {processor.py:830} INFO - Processing file /home/airflow/.local/lib/python3.12/site-packages/airflow/example_dags/tutorial_dag.py for tasks to queue
[2024-09-03T17:57:54.534+0000] {logging_mixin.py:188} INFO - [2024-09-03T17:57:54.533+0000] {dagbag.py:545} INFO - Filling up the DagBag from /home/airflow/.local/lib/python3.12/site-packages/airflow/example_dags/tutorial_dag.py
[2024-09-03T17:57:54.540+0000] {processor.py:840} INFO - DAG(s) 'tutorial_dag' retrieved from /home/airflow/.local/lib/python3.12/site-packages/airflow/example_dags/tutorial_dag.py
[2024-09-03T17:57:54.567+0000] {logging_mixin.py:188} INFO - [2024-09-03T17:57:54.567+0000] {dag.py:3096} INFO - Sync 1 DAGs
[2024-09-03T17:57:54.593+0000] {logging_mixin.py:188} INFO - [2024-09-03T17:57:54.593+0000] {dag.py:3954} INFO - Setting next_dagrun for tutorial_dag to None, run_after=None
[2024-09-03T17:57:54.624+0000] {processor.py:183} INFO - Processing /home/airflow/.local/lib/python3.12/site-packages/airflow/example_dags/tutorial_dag.py took 0.100 seconds
[2024-09-03T17:58:24.912+0000] {processor.py:161} INFO - Started process (PID=209) to work on /home/airflow/.local/lib/python3.12/site-packages/airflow/example_dags/tutorial_dag.py
[2024-09-03T17:58:24.914+0000] {processor.py:830} INFO - Processing file /home/airflow/.local/lib/python3.12/site-packages/airflow/example_dags/tutorial_dag.py for tasks to queue
[2024-09-03T17:58:24.918+0000] {logging_mixin.py:188} INFO - [2024-09-03T17:58:24.917+0000] {dagbag.py:545} INFO - Filling up the DagBag from /home/airflow/.local/lib/python3.12/site-packages/airflow/example_dags/tutorial_dag.py
[2024-09-03T17:58:24.927+0000] {processor.py:840} INFO - DAG(s) 'tutorial_dag' retrieved from /home/airflow/.local/lib/python3.12/site-packages/airflow/example_dags/tutorial_dag.py
[2024-09-03T17:58:24.962+0000] {logging_mixin.py:188} INFO - [2024-09-03T17:58:24.962+0000] {dag.py:3096} INFO - Sync 1 DAGs
[2024-09-03T17:58:24.984+0000] {logging_mixin.py:188} INFO - [2024-09-03T17:58:24.984+0000] {dag.py:3954} INFO - Setting next_dagrun for tutorial_dag to None, run_after=None
[2024-09-03T17:58:25.016+0000] {processor.py:183} INFO - Processing /home/airflow/.local/lib/python3.12/site-packages/airflow/example_dags/tutorial_dag.py took 0.114 seconds
[2024-09-03T17:58:55.393+0000] {processor.py:161} INFO - Started process (PID=269) to work on /home/airflow/.local/lib/python3.12/site-packages/airflow/example_dags/tutorial_dag.py
[2024-09-03T17:58:55.394+0000] {processor.py:830} INFO - Processing file /home/airflow/.local/lib/python3.12/site-packages/airflow/example_dags/tutorial_dag.py for tasks to queue
[2024-09-03T17:58:55.397+0000] {logging_mixin.py:188} INFO - [2024-09-03T17:58:55.396+0000] {dagbag.py:545} INFO - Filling up the DagBag from /home/airflow/.local/lib/python3.12/site-packages/airflow/example_dags/tutorial_dag.py
[2024-09-03T17:58:55.403+0000] {processor.py:840} INFO - DAG(s) 'tutorial_dag' retrieved from /home/airflow/.local/lib/python3.12/site-packages/airflow/example_dags/tutorial_dag.py
[2024-09-03T17:58:55.426+0000] {logging_mixin.py:188} INFO - [2024-09-03T17:58:55.426+0000] {dag.py:3096} INFO - Sync 1 DAGs
[2024-09-03T17:58:55.442+0000] {logging_mixin.py:188} INFO - [2024-09-03T17:58:55.442+0000] {dag.py:3954} INFO - Setting next_dagrun for tutorial_dag to None, run_after=None
[2024-09-03T17:58:55.466+0000] {processor.py:183} INFO - Processing /home/airflow/.local/lib/python3.12/site-packages/airflow/example_dags/tutorial_dag.py took 0.081 seconds
[2024-09-03T17:59:36.722+0000] {processor.py:161} INFO - Started process (PID=343) to work on /home/airflow/.local/lib/python3.12/site-packages/airflow/example_dags/tutorial_dag.py
[2024-09-03T17:59:36.725+0000] {processor.py:830} INFO - Processing file /home/airflow/.local/lib/python3.12/site-packages/airflow/example_dags/tutorial_dag.py for tasks to queue
[2024-09-03T17:59:36.732+0000] {logging_mixin.py:188} INFO - [2024-09-03T17:59:36.731+0000] {dagbag.py:545} INFO - Filling up the DagBag from /home/airflow/.local/lib/python3.12/site-packages/airflow/example_dags/tutorial_dag.py
[2024-09-03T17:59:36.746+0000] {processor.py:840} INFO - DAG(s) 'tutorial_dag' retrieved from /home/airflow/.local/lib/python3.12/site-packages/airflow/example_dags/tutorial_dag.py
[2024-09-03T17:59:36.807+0000] {logging_mixin.py:188} INFO - [2024-09-03T17:59:36.806+0000] {dag.py:3096} INFO - Sync 1 DAGs
[2024-09-03T17:59:36.848+0000] {logging_mixin.py:188} INFO - [2024-09-03T17:59:36.848+0000] {dag.py:3954} INFO - Setting next_dagrun for tutorial_dag to None, run_after=None
[2024-09-03T17:59:36.901+0000] {processor.py:183} INFO - Processing /home/airflow/.local/lib/python3.12/site-packages/airflow/example_dags/tutorial_dag.py took 0.197 seconds
[2024-09-03T18:00:07.647+0000] {processor.py:161} INFO - Started process (PID=403) to work on /home/airflow/.local/lib/python3.12/site-packages/airflow/example_dags/tutorial_dag.py
[2024-09-03T18:00:07.649+0000] {processor.py:830} INFO - Processing file /home/airflow/.local/lib/python3.12/site-packages/airflow/example_dags/tutorial_dag.py for tasks to queue
[2024-09-03T18:00:07.651+0000] {logging_mixin.py:188} INFO - [2024-09-03T18:00:07.651+0000] {dagbag.py:545} INFO - Filling up the DagBag from /home/airflow/.local/lib/python3.12/site-packages/airflow/example_dags/tutorial_dag.py
[2024-09-03T18:00:07.657+0000] {processor.py:840} INFO - DAG(s) 'tutorial_dag' retrieved from /home/airflow/.local/lib/python3.12/site-packages/airflow/example_dags/tutorial_dag.py
[2024-09-03T18:00:07.689+0000] {logging_mixin.py:188} INFO - [2024-09-03T18:00:07.688+0000] {dag.py:3096} INFO - Sync 1 DAGs
[2024-09-03T18:00:07.703+0000] {logging_mixin.py:188} INFO - [2024-09-03T18:00:07.702+0000] {dag.py:3954} INFO - Setting next_dagrun for tutorial_dag to None, run_after=None
[2024-09-03T18:00:07.727+0000] {processor.py:183} INFO - Processing /home/airflow/.local/lib/python3.12/site-packages/airflow/example_dags/tutorial_dag.py took 0.088 seconds
[2024-09-03T18:00:38.045+0000] {processor.py:161} INFO - Started process (PID=463) to work on /home/airflow/.local/lib/python3.12/site-packages/airflow/example_dags/tutorial_dag.py
[2024-09-03T18:00:38.047+0000] {processor.py:830} INFO - Processing file /home/airflow/.local/lib/python3.12/site-packages/airflow/example_dags/tutorial_dag.py for tasks to queue
[2024-09-03T18:00:38.049+0000] {logging_mixin.py:188} INFO - [2024-09-03T18:00:38.048+0000] {dagbag.py:545} INFO - Filling up the DagBag from /home/airflow/.local/lib/python3.12/site-packages/airflow/example_dags/tutorial_dag.py
[2024-09-03T18:00:38.054+0000] {processor.py:840} INFO - DAG(s) 'tutorial_dag' retrieved from /home/airflow/.local/lib/python3.12/site-packages/airflow/example_dags/tutorial_dag.py
[2024-09-03T18:00:38.077+0000] {logging_mixin.py:188} INFO - [2024-09-03T18:00:38.077+0000] {dag.py:3096} INFO - Sync 1 DAGs
[2024-09-03T18:00:38.092+0000] {logging_mixin.py:188} INFO - [2024-09-03T18:00:38.092+0000] {dag.py:3954} INFO - Setting next_dagrun for tutorial_dag to None, run_after=None
[2024-09-03T18:00:38.116+0000] {processor.py:183} INFO - Processing /home/airflow/.local/lib/python3.12/site-packages/airflow/example_dags/tutorial_dag.py took 0.078 seconds
[2024-09-03T18:01:08.580+0000] {processor.py:161} INFO - Started process (PID=523) to work on /home/airflow/.local/lib/python3.12/site-packages/airflow/example_dags/tutorial_dag.py
[2024-09-03T18:01:08.581+0000] {processor.py:830} INFO - Processing file /home/airflow/.local/lib/python3.12/site-packages/airflow/example_dags/tutorial_dag.py for tasks to queue
[2024-09-03T18:01:08.584+0000] {logging_mixin.py:188} INFO - [2024-09-03T18:01:08.583+0000] {dagbag.py:545} INFO - Filling up the DagBag from /home/airflow/.local/lib/python3.12/site-packages/airflow/example_dags/tutorial_dag.py
[2024-09-03T18:01:08.591+0000] {processor.py:840} INFO - DAG(s) 'tutorial_dag' retrieved from /home/airflow/.local/lib/python3.12/site-packages/airflow/example_dags/tutorial_dag.py
[2024-09-03T18:01:08.615+0000] {logging_mixin.py:188} INFO - [2024-09-03T18:01:08.614+0000] {dag.py:3096} INFO - Sync 1 DAGs
[2024-09-03T18:01:08.629+0000] {logging_mixin.py:188} INFO - [2024-09-03T18:01:08.629+0000] {dag.py:3954} INFO - Setting next_dagrun for tutorial_dag to None, run_after=None
[2024-09-03T18:01:08.655+0000] {processor.py:183} INFO - Processing /home/airflow/.local/lib/python3.12/site-packages/airflow/example_dags/tutorial_dag.py took 0.085 seconds
[2024-09-03T18:01:39.076+0000] {processor.py:161} INFO - Started process (PID=584) to work on /home/airflow/.local/lib/python3.12/site-packages/airflow/example_dags/tutorial_dag.py
[2024-09-03T18:01:39.077+0000] {processor.py:830} INFO - Processing file /home/airflow/.local/lib/python3.12/site-packages/airflow/example_dags/tutorial_dag.py for tasks to queue
[2024-09-03T18:01:39.081+0000] {logging_mixin.py:188} INFO - [2024-09-03T18:01:39.080+0000] {dagbag.py:545} INFO - Filling up the DagBag from /home/airflow/.local/lib/python3.12/site-packages/airflow/example_dags/tutorial_dag.py
[2024-09-03T18:01:39.090+0000] {processor.py:840} INFO - DAG(s) 'tutorial_dag' retrieved from /home/airflow/.local/lib/python3.12/site-packages/airflow/example_dags/tutorial_dag.py
[2024-09-03T18:01:39.118+0000] {logging_mixin.py:188} INFO - [2024-09-03T18:01:39.117+0000] {dag.py:3096} INFO - Sync 1 DAGs
[2024-09-03T18:01:39.138+0000] {logging_mixin.py:188} INFO - [2024-09-03T18:01:39.138+0000] {dag.py:3954} INFO - Setting next_dagrun for tutorial_dag to None, run_after=None
[2024-09-03T18:01:39.165+0000] {processor.py:183} INFO - Processing /home/airflow/.local/lib/python3.12/site-packages/airflow/example_dags/tutorial_dag.py took 0.099 seconds
[2024-09-03T18:02:09.728+0000] {processor.py:161} INFO - Started process (PID=644) to work on /home/airflow/.local/lib/python3.12/site-packages/airflow/example_dags/tutorial_dag.py
[2024-09-03T18:02:09.729+0000] {processor.py:830} INFO - Processing file /home/airflow/.local/lib/python3.12/site-packages/airflow/example_dags/tutorial_dag.py for tasks to queue
[2024-09-03T18:02:09.733+0000] {logging_mixin.py:188} INFO - [2024-09-03T18:02:09.732+0000] {dagbag.py:545} INFO - Filling up the DagBag from /home/airflow/.local/lib/python3.12/site-packages/airflow/example_dags/tutorial_dag.py
[2024-09-03T18:02:09.739+0000] {processor.py:840} INFO - DAG(s) 'tutorial_dag' retrieved from /home/airflow/.local/lib/python3.12/site-packages/airflow/example_dags/tutorial_dag.py
[2024-09-03T18:02:09.762+0000] {logging_mixin.py:188} INFO - [2024-09-03T18:02:09.762+0000] {dag.py:3096} INFO - Sync 1 DAGs
[2024-09-03T18:02:09.782+0000] {logging_mixin.py:188} INFO - [2024-09-03T18:02:09.781+0000] {dag.py:3954} INFO - Setting next_dagrun for tutorial_dag to None, run_after=None
[2024-09-03T18:02:09.813+0000] {processor.py:183} INFO - Processing /home/airflow/.local/lib/python3.12/site-packages/airflow/example_dags/tutorial_dag.py took 0.091 seconds
[2024-09-03T18:02:40.388+0000] {processor.py:161} INFO - Started process (PID=704) to work on /home/airflow/.local/lib/python3.12/site-packages/airflow/example_dags/tutorial_dag.py
[2024-09-03T18:02:40.389+0000] {processor.py:830} INFO - Processing file /home/airflow/.local/lib/python3.12/site-packages/airflow/example_dags/tutorial_dag.py for tasks to queue
[2024-09-03T18:02:40.392+0000] {logging_mixin.py:188} INFO - [2024-09-03T18:02:40.391+0000] {dagbag.py:545} INFO - Filling up the DagBag from /home/airflow/.local/lib/python3.12/site-packages/airflow/example_dags/tutorial_dag.py
[2024-09-03T18:02:40.398+0000] {processor.py:840} INFO - DAG(s) 'tutorial_dag' retrieved from /home/airflow/.local/lib/python3.12/site-packages/airflow/example_dags/tutorial_dag.py
[2024-09-03T18:02:40.428+0000] {logging_mixin.py:188} INFO - [2024-09-03T18:02:40.427+0000] {dag.py:3096} INFO - Sync 1 DAGs
[2024-09-03T18:02:40.444+0000] {logging_mixin.py:188} INFO - [2024-09-03T18:02:40.444+0000] {dag.py:3954} INFO - Setting next_dagrun for tutorial_dag to None, run_after=None
[2024-09-03T18:02:40.479+0000] {processor.py:183} INFO - Processing /home/airflow/.local/lib/python3.12/site-packages/airflow/example_dags/tutorial_dag.py took 0.098 seconds
[2024-09-03T18:03:10.938+0000] {processor.py:161} INFO - Started process (PID=764) to work on /home/airflow/.local/lib/python3.12/site-packages/airflow/example_dags/tutorial_dag.py
[2024-09-03T18:03:10.939+0000] {processor.py:830} INFO - Processing file /home/airflow/.local/lib/python3.12/site-packages/airflow/example_dags/tutorial_dag.py for tasks to queue
[2024-09-03T18:03:10.941+0000] {logging_mixin.py:188} INFO - [2024-09-03T18:03:10.941+0000] {dagbag.py:545} INFO - Filling up the DagBag from /home/airflow/.local/lib/python3.12/site-packages/airflow/example_dags/tutorial_dag.py
[2024-09-03T18:03:10.947+0000] {processor.py:840} INFO - DAG(s) 'tutorial_dag' retrieved from /home/airflow/.local/lib/python3.12/site-packages/airflow/example_dags/tutorial_dag.py
[2024-09-03T18:03:10.968+0000] {logging_mixin.py:188} INFO - [2024-09-03T18:03:10.967+0000] {dag.py:3096} INFO - Sync 1 DAGs
[2024-09-03T18:03:10.985+0000] {logging_mixin.py:188} INFO - [2024-09-03T18:03:10.985+0000] {dag.py:3954} INFO - Setting next_dagrun for tutorial_dag to None, run_after=None
[2024-09-03T18:03:11.006+0000] {processor.py:183} INFO - Processing /home/airflow/.local/lib/python3.12/site-packages/airflow/example_dags/tutorial_dag.py took 0.076 seconds
[2024-09-03T18:03:41.179+0000] {processor.py:161} INFO - Started process (PID=824) to work on /home/airflow/.local/lib/python3.12/site-packages/airflow/example_dags/tutorial_dag.py
[2024-09-03T18:03:41.181+0000] {processor.py:830} INFO - Processing file /home/airflow/.local/lib/python3.12/site-packages/airflow/example_dags/tutorial_dag.py for tasks to queue
[2024-09-03T18:03:41.186+0000] {logging_mixin.py:188} INFO - [2024-09-03T18:03:41.185+0000] {dagbag.py:545} INFO - Filling up the DagBag from /home/airflow/.local/lib/python3.12/site-packages/airflow/example_dags/tutorial_dag.py
[2024-09-03T18:03:41.198+0000] {processor.py:840} INFO - DAG(s) 'tutorial_dag' retrieved from /home/airflow/.local/lib/python3.12/site-packages/airflow/example_dags/tutorial_dag.py
[2024-09-03T18:03:41.226+0000] {logging_mixin.py:188} INFO - [2024-09-03T18:03:41.225+0000] {dag.py:3096} INFO - Sync 1 DAGs
[2024-09-03T18:03:41.251+0000] {logging_mixin.py:188} INFO - [2024-09-03T18:03:41.251+0000] {dag.py:3954} INFO - Setting next_dagrun for tutorial_dag to None, run_after=None
[2024-09-03T18:03:41.284+0000] {processor.py:183} INFO - Processing /home/airflow/.local/lib/python3.12/site-packages/airflow/example_dags/tutorial_dag.py took 0.118 seconds
[2024-09-03T18:04:11.682+0000] {processor.py:161} INFO - Started process (PID=884) to work on /home/airflow/.local/lib/python3.12/site-packages/airflow/example_dags/tutorial_dag.py
[2024-09-03T18:04:11.683+0000] {processor.py:830} INFO - Processing file /home/airflow/.local/lib/python3.12/site-packages/airflow/example_dags/tutorial_dag.py for tasks to queue
[2024-09-03T18:04:11.686+0000] {logging_mixin.py:188} INFO - [2024-09-03T18:04:11.686+0000] {dagbag.py:545} INFO - Filling up the DagBag from /home/airflow/.local/lib/python3.12/site-packages/airflow/example_dags/tutorial_dag.py
[2024-09-03T18:04:11.693+0000] {processor.py:840} INFO - DAG(s) 'tutorial_dag' retrieved from /home/airflow/.local/lib/python3.12/site-packages/airflow/example_dags/tutorial_dag.py
[2024-09-03T18:04:11.716+0000] {logging_mixin.py:188} INFO - [2024-09-03T18:04:11.716+0000] {dag.py:3096} INFO - Sync 1 DAGs
[2024-09-03T18:04:11.730+0000] {logging_mixin.py:188} INFO - [2024-09-03T18:04:11.729+0000] {dag.py:3954} INFO - Setting next_dagrun for tutorial_dag to None, run_after=None
[2024-09-03T18:04:11.761+0000] {processor.py:183} INFO - Processing /home/airflow/.local/lib/python3.12/site-packages/airflow/example_dags/tutorial_dag.py took 0.086 seconds
[2024-09-03T18:04:42.025+0000] {processor.py:161} INFO - Started process (PID=944) to work on /home/airflow/.local/lib/python3.12/site-packages/airflow/example_dags/tutorial_dag.py
[2024-09-03T18:04:42.026+0000] {processor.py:830} INFO - Processing file /home/airflow/.local/lib/python3.12/site-packages/airflow/example_dags/tutorial_dag.py for tasks to queue
[2024-09-03T18:04:42.028+0000] {logging_mixin.py:188} INFO - [2024-09-03T18:04:42.028+0000] {dagbag.py:545} INFO - Filling up the DagBag from /home/airflow/.local/lib/python3.12/site-packages/airflow/example_dags/tutorial_dag.py
[2024-09-03T18:04:42.034+0000] {processor.py:840} INFO - DAG(s) 'tutorial_dag' retrieved from /home/airflow/.local/lib/python3.12/site-packages/airflow/example_dags/tutorial_dag.py
[2024-09-03T18:04:42.058+0000] {logging_mixin.py:188} INFO - [2024-09-03T18:04:42.058+0000] {dag.py:3096} INFO - Sync 1 DAGs
[2024-09-03T18:04:42.075+0000] {logging_mixin.py:188} INFO - [2024-09-03T18:04:42.075+0000] {dag.py:3954} INFO - Setting next_dagrun for tutorial_dag to None, run_after=None
[2024-09-03T18:04:42.100+0000] {processor.py:183} INFO - Processing /home/airflow/.local/lib/python3.12/site-packages/airflow/example_dags/tutorial_dag.py took 0.081 seconds
[2024-09-03T18:05:12.607+0000] {processor.py:161} INFO - Started process (PID=1005) to work on /home/airflow/.local/lib/python3.12/site-packages/airflow/example_dags/tutorial_dag.py
[2024-09-03T18:05:12.608+0000] {processor.py:830} INFO - Processing file /home/airflow/.local/lib/python3.12/site-packages/airflow/example_dags/tutorial_dag.py for tasks to queue
[2024-09-03T18:05:12.615+0000] {logging_mixin.py:188} INFO - [2024-09-03T18:05:12.614+0000] {dagbag.py:545} INFO - Filling up the DagBag from /home/airflow/.local/lib/python3.12/site-packages/airflow/example_dags/tutorial_dag.py
[2024-09-03T18:05:12.625+0000] {processor.py:840} INFO - DAG(s) 'tutorial_dag' retrieved from /home/airflow/.local/lib/python3.12/site-packages/airflow/example_dags/tutorial_dag.py
[2024-09-03T18:05:12.656+0000] {logging_mixin.py:188} INFO - [2024-09-03T18:05:12.655+0000] {dag.py:3096} INFO - Sync 1 DAGs
[2024-09-03T18:05:12.676+0000] {logging_mixin.py:188} INFO - [2024-09-03T18:05:12.675+0000] {dag.py:3954} INFO - Setting next_dagrun for tutorial_dag to None, run_after=None
[2024-09-03T18:05:12.704+0000] {processor.py:183} INFO - Processing /home/airflow/.local/lib/python3.12/site-packages/airflow/example_dags/tutorial_dag.py took 0.105 seconds
[2024-09-03T18:05:43.145+0000] {processor.py:161} INFO - Started process (PID=1064) to work on /home/airflow/.local/lib/python3.12/site-packages/airflow/example_dags/tutorial_dag.py
[2024-09-03T18:05:43.147+0000] {processor.py:830} INFO - Processing file /home/airflow/.local/lib/python3.12/site-packages/airflow/example_dags/tutorial_dag.py for tasks to queue
[2024-09-03T18:05:43.149+0000] {logging_mixin.py:188} INFO - [2024-09-03T18:05:43.149+0000] {dagbag.py:545} INFO - Filling up the DagBag from /home/airflow/.local/lib/python3.12/site-packages/airflow/example_dags/tutorial_dag.py
[2024-09-03T18:05:43.155+0000] {processor.py:840} INFO - DAG(s) 'tutorial_dag' retrieved from /home/airflow/.local/lib/python3.12/site-packages/airflow/example_dags/tutorial_dag.py
[2024-09-03T18:05:43.178+0000] {logging_mixin.py:188} INFO - [2024-09-03T18:05:43.178+0000] {dag.py:3096} INFO - Sync 1 DAGs
[2024-09-03T18:05:43.193+0000] {logging_mixin.py:188} INFO - [2024-09-03T18:05:43.192+0000] {dag.py:3954} INFO - Setting next_dagrun for tutorial_dag to None, run_after=None
[2024-09-03T18:05:43.214+0000] {processor.py:183} INFO - Processing /home/airflow/.local/lib/python3.12/site-packages/airflow/example_dags/tutorial_dag.py took 0.076 seconds
[2024-09-03T18:06:13.755+0000] {processor.py:161} INFO - Started process (PID=1123) to work on /home/airflow/.local/lib/python3.12/site-packages/airflow/example_dags/tutorial_dag.py
[2024-09-03T18:06:13.757+0000] {processor.py:830} INFO - Processing file /home/airflow/.local/lib/python3.12/site-packages/airflow/example_dags/tutorial_dag.py for tasks to queue
[2024-09-03T18:06:13.763+0000] {logging_mixin.py:188} INFO - [2024-09-03T18:06:13.762+0000] {dagbag.py:545} INFO - Filling up the DagBag from /home/airflow/.local/lib/python3.12/site-packages/airflow/example_dags/tutorial_dag.py
[2024-09-03T18:06:13.778+0000] {processor.py:840} INFO - DAG(s) 'tutorial_dag' retrieved from /home/airflow/.local/lib/python3.12/site-packages/airflow/example_dags/tutorial_dag.py
[2024-09-03T18:06:13.859+0000] {logging_mixin.py:188} INFO - [2024-09-03T18:06:13.857+0000] {dag.py:3096} INFO - Sync 1 DAGs
[2024-09-03T18:06:13.914+0000] {logging_mixin.py:188} INFO - [2024-09-03T18:06:13.913+0000] {dag.py:3954} INFO - Setting next_dagrun for tutorial_dag to None, run_after=None
[2024-09-03T18:06:13.961+0000] {processor.py:183} INFO - Processing /home/airflow/.local/lib/python3.12/site-packages/airflow/example_dags/tutorial_dag.py took 0.219 seconds
[2024-09-03T18:06:44.146+0000] {processor.py:161} INFO - Started process (PID=1182) to work on /home/airflow/.local/lib/python3.12/site-packages/airflow/example_dags/tutorial_dag.py
[2024-09-03T18:06:44.147+0000] {processor.py:830} INFO - Processing file /home/airflow/.local/lib/python3.12/site-packages/airflow/example_dags/tutorial_dag.py for tasks to queue
[2024-09-03T18:06:44.148+0000] {logging_mixin.py:188} INFO - [2024-09-03T18:06:44.148+0000] {dagbag.py:545} INFO - Filling up the DagBag from /home/airflow/.local/lib/python3.12/site-packages/airflow/example_dags/tutorial_dag.py
[2024-09-03T18:06:44.153+0000] {processor.py:840} INFO - DAG(s) 'tutorial_dag' retrieved from /home/airflow/.local/lib/python3.12/site-packages/airflow/example_dags/tutorial_dag.py
[2024-09-03T18:06:44.176+0000] {logging_mixin.py:188} INFO - [2024-09-03T18:06:44.175+0000] {dag.py:3096} INFO - Sync 1 DAGs
[2024-09-03T18:06:44.198+0000] {logging_mixin.py:188} INFO - [2024-09-03T18:06:44.197+0000] {dag.py:3954} INFO - Setting next_dagrun for tutorial_dag to None, run_after=None
[2024-09-03T18:06:44.226+0000] {processor.py:183} INFO - Processing /home/airflow/.local/lib/python3.12/site-packages/airflow/example_dags/tutorial_dag.py took 0.085 seconds
[2024-09-03T18:07:14.351+0000] {processor.py:161} INFO - Started process (PID=1241) to work on /home/airflow/.local/lib/python3.12/site-packages/airflow/example_dags/tutorial_dag.py
[2024-09-03T18:07:14.352+0000] {processor.py:830} INFO - Processing file /home/airflow/.local/lib/python3.12/site-packages/airflow/example_dags/tutorial_dag.py for tasks to queue
[2024-09-03T18:07:14.353+0000] {logging_mixin.py:188} INFO - [2024-09-03T18:07:14.353+0000] {dagbag.py:545} INFO - Filling up the DagBag from /home/airflow/.local/lib/python3.12/site-packages/airflow/example_dags/tutorial_dag.py
[2024-09-03T18:07:14.359+0000] {processor.py:840} INFO - DAG(s) 'tutorial_dag' retrieved from /home/airflow/.local/lib/python3.12/site-packages/airflow/example_dags/tutorial_dag.py
[2024-09-03T18:07:14.387+0000] {logging_mixin.py:188} INFO - [2024-09-03T18:07:14.387+0000] {dag.py:3096} INFO - Sync 1 DAGs
[2024-09-03T18:07:14.405+0000] {logging_mixin.py:188} INFO - [2024-09-03T18:07:14.405+0000] {dag.py:3954} INFO - Setting next_dagrun for tutorial_dag to None, run_after=None
[2024-09-03T18:07:14.427+0000] {processor.py:183} INFO - Processing /home/airflow/.local/lib/python3.12/site-packages/airflow/example_dags/tutorial_dag.py took 0.083 seconds
[2024-09-03T18:07:44.863+0000] {processor.py:161} INFO - Started process (PID=1301) to work on /home/airflow/.local/lib/python3.12/site-packages/airflow/example_dags/tutorial_dag.py
[2024-09-03T18:07:44.864+0000] {processor.py:830} INFO - Processing file /home/airflow/.local/lib/python3.12/site-packages/airflow/example_dags/tutorial_dag.py for tasks to queue
[2024-09-03T18:07:44.866+0000] {logging_mixin.py:188} INFO - [2024-09-03T18:07:44.865+0000] {dagbag.py:545} INFO - Filling up the DagBag from /home/airflow/.local/lib/python3.12/site-packages/airflow/example_dags/tutorial_dag.py
[2024-09-03T18:07:44.872+0000] {processor.py:840} INFO - DAG(s) 'tutorial_dag' retrieved from /home/airflow/.local/lib/python3.12/site-packages/airflow/example_dags/tutorial_dag.py
[2024-09-03T18:07:44.897+0000] {logging_mixin.py:188} INFO - [2024-09-03T18:07:44.897+0000] {dag.py:3096} INFO - Sync 1 DAGs
[2024-09-03T18:07:44.926+0000] {logging_mixin.py:188} INFO - [2024-09-03T18:07:44.925+0000] {dag.py:3954} INFO - Setting next_dagrun for tutorial_dag to None, run_after=None
[2024-09-03T18:07:44.984+0000] {processor.py:183} INFO - Processing /home/airflow/.local/lib/python3.12/site-packages/airflow/example_dags/tutorial_dag.py took 0.129 seconds
[2024-09-03T18:08:15.815+0000] {processor.py:161} INFO - Started process (PID=1360) to work on /home/airflow/.local/lib/python3.12/site-packages/airflow/example_dags/tutorial_dag.py
[2024-09-03T18:08:15.816+0000] {processor.py:830} INFO - Processing file /home/airflow/.local/lib/python3.12/site-packages/airflow/example_dags/tutorial_dag.py for tasks to queue
[2024-09-03T18:08:15.818+0000] {logging_mixin.py:188} INFO - [2024-09-03T18:08:15.817+0000] {dagbag.py:545} INFO - Filling up the DagBag from /home/airflow/.local/lib/python3.12/site-packages/airflow/example_dags/tutorial_dag.py
[2024-09-03T18:08:15.824+0000] {processor.py:840} INFO - DAG(s) 'tutorial_dag' retrieved from /home/airflow/.local/lib/python3.12/site-packages/airflow/example_dags/tutorial_dag.py
[2024-09-03T18:08:15.858+0000] {logging_mixin.py:188} INFO - [2024-09-03T18:08:15.857+0000] {dag.py:3096} INFO - Sync 1 DAGs
[2024-09-03T18:08:15.891+0000] {logging_mixin.py:188} INFO - [2024-09-03T18:08:15.890+0000] {dag.py:3954} INFO - Setting next_dagrun for tutorial_dag to None, run_after=None
[2024-09-03T18:08:15.939+0000] {processor.py:183} INFO - Processing /home/airflow/.local/lib/python3.12/site-packages/airflow/example_dags/tutorial_dag.py took 0.131 seconds
[2024-09-03T18:08:46.711+0000] {processor.py:161} INFO - Started process (PID=1419) to work on /home/airflow/.local/lib/python3.12/site-packages/airflow/example_dags/tutorial_dag.py
[2024-09-03T18:08:46.714+0000] {processor.py:830} INFO - Processing file /home/airflow/.local/lib/python3.12/site-packages/airflow/example_dags/tutorial_dag.py for tasks to queue
[2024-09-03T18:08:46.716+0000] {logging_mixin.py:188} INFO - [2024-09-03T18:08:46.715+0000] {dagbag.py:545} INFO - Filling up the DagBag from /home/airflow/.local/lib/python3.12/site-packages/airflow/example_dags/tutorial_dag.py
[2024-09-03T18:08:46.728+0000] {processor.py:840} INFO - DAG(s) 'tutorial_dag' retrieved from /home/airflow/.local/lib/python3.12/site-packages/airflow/example_dags/tutorial_dag.py
[2024-09-03T18:08:46.761+0000] {logging_mixin.py:188} INFO - [2024-09-03T18:08:46.760+0000] {dag.py:3096} INFO - Sync 1 DAGs
[2024-09-03T18:08:46.773+0000] {logging_mixin.py:188} INFO - [2024-09-03T18:08:46.773+0000] {dag.py:3954} INFO - Setting next_dagrun for tutorial_dag to None, run_after=None
[2024-09-03T18:08:46.793+0000] {processor.py:183} INFO - Processing /home/airflow/.local/lib/python3.12/site-packages/airflow/example_dags/tutorial_dag.py took 0.090 seconds
[2024-09-03T18:09:17.059+0000] {processor.py:161} INFO - Started process (PID=1478) to work on /home/airflow/.local/lib/python3.12/site-packages/airflow/example_dags/tutorial_dag.py
[2024-09-03T18:09:17.061+0000] {processor.py:830} INFO - Processing file /home/airflow/.local/lib/python3.12/site-packages/airflow/example_dags/tutorial_dag.py for tasks to queue
[2024-09-03T18:09:17.062+0000] {logging_mixin.py:188} INFO - [2024-09-03T18:09:17.062+0000] {dagbag.py:545} INFO - Filling up the DagBag from /home/airflow/.local/lib/python3.12/site-packages/airflow/example_dags/tutorial_dag.py
[2024-09-03T18:09:17.070+0000] {processor.py:840} INFO - DAG(s) 'tutorial_dag' retrieved from /home/airflow/.local/lib/python3.12/site-packages/airflow/example_dags/tutorial_dag.py
[2024-09-03T18:09:17.094+0000] {logging_mixin.py:188} INFO - [2024-09-03T18:09:17.093+0000] {dag.py:3096} INFO - Sync 1 DAGs
[2024-09-03T18:09:17.109+0000] {logging_mixin.py:188} INFO - [2024-09-03T18:09:17.109+0000] {dag.py:3954} INFO - Setting next_dagrun for tutorial_dag to None, run_after=None
[2024-09-03T18:09:17.132+0000] {processor.py:183} INFO - Processing /home/airflow/.local/lib/python3.12/site-packages/airflow/example_dags/tutorial_dag.py took 0.084 seconds
[2024-09-03T18:11:04.967+0000] {processor.py:161} INFO - Started process (PID=88) to work on /home/airflow/.local/lib/python3.12/site-packages/airflow/example_dags/tutorial_dag.py
[2024-09-03T18:11:04.969+0000] {processor.py:830} INFO - Processing file /home/airflow/.local/lib/python3.12/site-packages/airflow/example_dags/tutorial_dag.py for tasks to queue
[2024-09-03T18:11:04.972+0000] {logging_mixin.py:188} INFO - [2024-09-03T18:11:04.971+0000] {dagbag.py:545} INFO - Filling up the DagBag from /home/airflow/.local/lib/python3.12/site-packages/airflow/example_dags/tutorial_dag.py
[2024-09-03T18:11:04.986+0000] {processor.py:840} INFO - DAG(s) 'tutorial_dag' retrieved from /home/airflow/.local/lib/python3.12/site-packages/airflow/example_dags/tutorial_dag.py
[2024-09-03T18:11:05.187+0000] {logging_mixin.py:188} INFO - [2024-09-03T18:11:05.186+0000] {override.py:1829} INFO - Created Permission View: can edit on DAG:tutorial_dag
[2024-09-03T18:11:05.204+0000] {logging_mixin.py:188} INFO - [2024-09-03T18:11:05.204+0000] {override.py:1829} INFO - Created Permission View: can delete on DAG:tutorial_dag
[2024-09-03T18:11:05.215+0000] {logging_mixin.py:188} INFO - [2024-09-03T18:11:05.214+0000] {override.py:1829} INFO - Created Permission View: can read on DAG:tutorial_dag
[2024-09-03T18:11:05.216+0000] {logging_mixin.py:188} INFO - [2024-09-03T18:11:05.216+0000] {dag.py:3096} INFO - Sync 1 DAGs
[2024-09-03T18:11:05.234+0000] {logging_mixin.py:188} INFO - [2024-09-03T18:11:05.234+0000] {dag.py:3118} INFO - Creating ORM DAG for tutorial_dag
[2024-09-03T18:11:05.236+0000] {logging_mixin.py:188} INFO - [2024-09-03T18:11:05.235+0000] {dag.py:3954} INFO - Setting next_dagrun for tutorial_dag to None, run_after=None
[2024-09-03T18:11:05.261+0000] {processor.py:183} INFO - Processing /home/airflow/.local/lib/python3.12/site-packages/airflow/example_dags/tutorial_dag.py took 0.302 seconds
[2024-09-03T18:11:35.844+0000] {processor.py:161} INFO - Started process (PID=147) to work on /home/airflow/.local/lib/python3.12/site-packages/airflow/example_dags/tutorial_dag.py
[2024-09-03T18:11:35.845+0000] {processor.py:830} INFO - Processing file /home/airflow/.local/lib/python3.12/site-packages/airflow/example_dags/tutorial_dag.py for tasks to queue
[2024-09-03T18:11:35.847+0000] {logging_mixin.py:188} INFO - [2024-09-03T18:11:35.847+0000] {dagbag.py:545} INFO - Filling up the DagBag from /home/airflow/.local/lib/python3.12/site-packages/airflow/example_dags/tutorial_dag.py
[2024-09-03T18:11:35.853+0000] {processor.py:840} INFO - DAG(s) 'tutorial_dag' retrieved from /home/airflow/.local/lib/python3.12/site-packages/airflow/example_dags/tutorial_dag.py
[2024-09-03T18:11:35.891+0000] {logging_mixin.py:188} INFO - [2024-09-03T18:11:35.890+0000] {dag.py:3096} INFO - Sync 1 DAGs
[2024-09-03T18:11:35.923+0000] {logging_mixin.py:188} INFO - [2024-09-03T18:11:35.922+0000] {dag.py:3954} INFO - Setting next_dagrun for tutorial_dag to None, run_after=None
[2024-09-03T18:11:35.971+0000] {processor.py:183} INFO - Processing /home/airflow/.local/lib/python3.12/site-packages/airflow/example_dags/tutorial_dag.py took 0.133 seconds
[2024-09-03T18:12:06.108+0000] {processor.py:161} INFO - Started process (PID=206) to work on /home/airflow/.local/lib/python3.12/site-packages/airflow/example_dags/tutorial_dag.py
[2024-09-03T18:12:06.110+0000] {processor.py:830} INFO - Processing file /home/airflow/.local/lib/python3.12/site-packages/airflow/example_dags/tutorial_dag.py for tasks to queue
[2024-09-03T18:12:06.112+0000] {logging_mixin.py:188} INFO - [2024-09-03T18:12:06.112+0000] {dagbag.py:545} INFO - Filling up the DagBag from /home/airflow/.local/lib/python3.12/site-packages/airflow/example_dags/tutorial_dag.py
[2024-09-03T18:12:06.118+0000] {processor.py:840} INFO - DAG(s) 'tutorial_dag' retrieved from /home/airflow/.local/lib/python3.12/site-packages/airflow/example_dags/tutorial_dag.py
[2024-09-03T18:12:06.147+0000] {logging_mixin.py:188} INFO - [2024-09-03T18:12:06.146+0000] {dag.py:3096} INFO - Sync 1 DAGs
[2024-09-03T18:12:06.163+0000] {logging_mixin.py:188} INFO - [2024-09-03T18:12:06.163+0000] {dag.py:3954} INFO - Setting next_dagrun for tutorial_dag to None, run_after=None
[2024-09-03T18:12:06.194+0000] {processor.py:183} INFO - Processing /home/airflow/.local/lib/python3.12/site-packages/airflow/example_dags/tutorial_dag.py took 0.093 seconds
[2024-09-03T18:12:36.715+0000] {processor.py:161} INFO - Started process (PID=265) to work on /home/airflow/.local/lib/python3.12/site-packages/airflow/example_dags/tutorial_dag.py
[2024-09-03T18:12:36.716+0000] {processor.py:830} INFO - Processing file /home/airflow/.local/lib/python3.12/site-packages/airflow/example_dags/tutorial_dag.py for tasks to queue
[2024-09-03T18:12:36.719+0000] {logging_mixin.py:188} INFO - [2024-09-03T18:12:36.718+0000] {dagbag.py:545} INFO - Filling up the DagBag from /home/airflow/.local/lib/python3.12/site-packages/airflow/example_dags/tutorial_dag.py
[2024-09-03T18:12:36.726+0000] {processor.py:840} INFO - DAG(s) 'tutorial_dag' retrieved from /home/airflow/.local/lib/python3.12/site-packages/airflow/example_dags/tutorial_dag.py
[2024-09-03T18:12:36.753+0000] {logging_mixin.py:188} INFO - [2024-09-03T18:12:36.753+0000] {dag.py:3096} INFO - Sync 1 DAGs
[2024-09-03T18:12:36.767+0000] {logging_mixin.py:188} INFO - [2024-09-03T18:12:36.767+0000] {dag.py:3954} INFO - Setting next_dagrun for tutorial_dag to None, run_after=None
[2024-09-03T18:12:36.792+0000] {processor.py:183} INFO - Processing /home/airflow/.local/lib/python3.12/site-packages/airflow/example_dags/tutorial_dag.py took 0.084 seconds
[2024-09-03T18:13:07.010+0000] {processor.py:161} INFO - Started process (PID=324) to work on /home/airflow/.local/lib/python3.12/site-packages/airflow/example_dags/tutorial_dag.py
[2024-09-03T18:13:07.012+0000] {processor.py:830} INFO - Processing file /home/airflow/.local/lib/python3.12/site-packages/airflow/example_dags/tutorial_dag.py for tasks to queue
[2024-09-03T18:13:07.017+0000] {logging_mixin.py:188} INFO - [2024-09-03T18:13:07.017+0000] {dagbag.py:545} INFO - Filling up the DagBag from /home/airflow/.local/lib/python3.12/site-packages/airflow/example_dags/tutorial_dag.py
[2024-09-03T18:13:07.031+0000] {processor.py:840} INFO - DAG(s) 'tutorial_dag' retrieved from /home/airflow/.local/lib/python3.12/site-packages/airflow/example_dags/tutorial_dag.py
[2024-09-03T18:13:07.081+0000] {logging_mixin.py:188} INFO - [2024-09-03T18:13:07.080+0000] {dag.py:3096} INFO - Sync 1 DAGs
[2024-09-03T18:13:07.102+0000] {logging_mixin.py:188} INFO - [2024-09-03T18:13:07.101+0000] {dag.py:3954} INFO - Setting next_dagrun for tutorial_dag to None, run_after=None
[2024-09-03T18:13:07.171+0000] {processor.py:183} INFO - Processing /home/airflow/.local/lib/python3.12/site-packages/airflow/example_dags/tutorial_dag.py took 0.175 seconds
[2024-09-03T18:13:37.453+0000] {processor.py:161} INFO - Started process (PID=386) to work on /home/airflow/.local/lib/python3.12/site-packages/airflow/example_dags/tutorial_dag.py
[2024-09-03T18:13:37.455+0000] {processor.py:830} INFO - Processing file /home/airflow/.local/lib/python3.12/site-packages/airflow/example_dags/tutorial_dag.py for tasks to queue
[2024-09-03T18:13:37.459+0000] {logging_mixin.py:188} INFO - [2024-09-03T18:13:37.458+0000] {dagbag.py:545} INFO - Filling up the DagBag from /home/airflow/.local/lib/python3.12/site-packages/airflow/example_dags/tutorial_dag.py
[2024-09-03T18:13:37.469+0000] {processor.py:840} INFO - DAG(s) 'tutorial_dag' retrieved from /home/airflow/.local/lib/python3.12/site-packages/airflow/example_dags/tutorial_dag.py
[2024-09-03T18:13:37.497+0000] {logging_mixin.py:188} INFO - [2024-09-03T18:13:37.497+0000] {dag.py:3096} INFO - Sync 1 DAGs
[2024-09-03T18:13:37.519+0000] {logging_mixin.py:188} INFO - [2024-09-03T18:13:37.518+0000] {dag.py:3954} INFO - Setting next_dagrun for tutorial_dag to None, run_after=None
[2024-09-03T18:13:37.549+0000] {processor.py:183} INFO - Processing /home/airflow/.local/lib/python3.12/site-packages/airflow/example_dags/tutorial_dag.py took 0.105 seconds
[2024-09-03T18:14:07.844+0000] {processor.py:161} INFO - Started process (PID=448) to work on /home/airflow/.local/lib/python3.12/site-packages/airflow/example_dags/tutorial_dag.py
[2024-09-03T18:14:07.846+0000] {processor.py:830} INFO - Processing file /home/airflow/.local/lib/python3.12/site-packages/airflow/example_dags/tutorial_dag.py for tasks to queue
[2024-09-03T18:14:07.849+0000] {logging_mixin.py:188} INFO - [2024-09-03T18:14:07.849+0000] {dagbag.py:545} INFO - Filling up the DagBag from /home/airflow/.local/lib/python3.12/site-packages/airflow/example_dags/tutorial_dag.py
[2024-09-03T18:14:07.857+0000] {processor.py:840} INFO - DAG(s) 'tutorial_dag' retrieved from /home/airflow/.local/lib/python3.12/site-packages/airflow/example_dags/tutorial_dag.py
[2024-09-03T18:14:07.881+0000] {logging_mixin.py:188} INFO - [2024-09-03T18:14:07.881+0000] {dag.py:3096} INFO - Sync 1 DAGs
[2024-09-03T18:14:07.900+0000] {logging_mixin.py:188} INFO - [2024-09-03T18:14:07.900+0000] {dag.py:3954} INFO - Setting next_dagrun for tutorial_dag to None, run_after=None
[2024-09-03T18:14:07.922+0000] {processor.py:183} INFO - Processing /home/airflow/.local/lib/python3.12/site-packages/airflow/example_dags/tutorial_dag.py took 0.085 seconds
[2024-09-03T18:14:38.065+0000] {processor.py:161} INFO - Started process (PID=508) to work on /home/airflow/.local/lib/python3.12/site-packages/airflow/example_dags/tutorial_dag.py
[2024-09-03T18:14:38.066+0000] {processor.py:830} INFO - Processing file /home/airflow/.local/lib/python3.12/site-packages/airflow/example_dags/tutorial_dag.py for tasks to queue
[2024-09-03T18:14:38.069+0000] {logging_mixin.py:188} INFO - [2024-09-03T18:14:38.068+0000] {dagbag.py:545} INFO - Filling up the DagBag from /home/airflow/.local/lib/python3.12/site-packages/airflow/example_dags/tutorial_dag.py
[2024-09-03T18:14:38.075+0000] {processor.py:840} INFO - DAG(s) 'tutorial_dag' retrieved from /home/airflow/.local/lib/python3.12/site-packages/airflow/example_dags/tutorial_dag.py
[2024-09-03T18:14:38.102+0000] {logging_mixin.py:188} INFO - [2024-09-03T18:14:38.102+0000] {dag.py:3096} INFO - Sync 1 DAGs
[2024-09-03T18:14:38.121+0000] {logging_mixin.py:188} INFO - [2024-09-03T18:14:38.120+0000] {dag.py:3954} INFO - Setting next_dagrun for tutorial_dag to None, run_after=None
[2024-09-03T18:14:38.149+0000] {processor.py:183} INFO - Processing /home/airflow/.local/lib/python3.12/site-packages/airflow/example_dags/tutorial_dag.py took 0.090 seconds
[2024-09-03T18:16:35.531+0000] {processor.py:161} INFO - Started process (PID=87) to work on /home/airflow/.local/lib/python3.12/site-packages/airflow/example_dags/tutorial_dag.py
[2024-09-03T18:16:35.533+0000] {processor.py:830} INFO - Processing file /home/airflow/.local/lib/python3.12/site-packages/airflow/example_dags/tutorial_dag.py for tasks to queue
[2024-09-03T18:16:35.537+0000] {logging_mixin.py:188} INFO - [2024-09-03T18:16:35.537+0000] {dagbag.py:545} INFO - Filling up the DagBag from /home/airflow/.local/lib/python3.12/site-packages/airflow/example_dags/tutorial_dag.py
[2024-09-03T18:16:35.551+0000] {processor.py:840} INFO - DAG(s) 'tutorial_dag' retrieved from /home/airflow/.local/lib/python3.12/site-packages/airflow/example_dags/tutorial_dag.py
[2024-09-03T18:16:35.745+0000] {logging_mixin.py:188} INFO - [2024-09-03T18:16:35.744+0000] {override.py:1829} INFO - Created Permission View: can edit on DAG:tutorial_dag
[2024-09-03T18:16:35.764+0000] {logging_mixin.py:188} INFO - [2024-09-03T18:16:35.764+0000] {override.py:1829} INFO - Created Permission View: can read on DAG:tutorial_dag
[2024-09-03T18:16:35.777+0000] {logging_mixin.py:188} INFO - [2024-09-03T18:16:35.776+0000] {override.py:1829} INFO - Created Permission View: can delete on DAG:tutorial_dag
[2024-09-03T18:16:35.778+0000] {logging_mixin.py:188} INFO - [2024-09-03T18:16:35.778+0000] {dag.py:3096} INFO - Sync 1 DAGs
[2024-09-03T18:16:35.797+0000] {logging_mixin.py:188} INFO - [2024-09-03T18:16:35.796+0000] {dag.py:3118} INFO - Creating ORM DAG for tutorial_dag
[2024-09-03T18:16:35.798+0000] {logging_mixin.py:188} INFO - [2024-09-03T18:16:35.798+0000] {dag.py:3954} INFO - Setting next_dagrun for tutorial_dag to None, run_after=None
[2024-09-03T18:16:35.827+0000] {processor.py:183} INFO - Processing /home/airflow/.local/lib/python3.12/site-packages/airflow/example_dags/tutorial_dag.py took 0.306 seconds
[2024-09-03T18:17:05.891+0000] {processor.py:161} INFO - Started process (PID=147) to work on /home/airflow/.local/lib/python3.12/site-packages/airflow/example_dags/tutorial_dag.py
[2024-09-03T18:17:05.892+0000] {processor.py:830} INFO - Processing file /home/airflow/.local/lib/python3.12/site-packages/airflow/example_dags/tutorial_dag.py for tasks to queue
[2024-09-03T18:17:05.894+0000] {logging_mixin.py:188} INFO - [2024-09-03T18:17:05.894+0000] {dagbag.py:545} INFO - Filling up the DagBag from /home/airflow/.local/lib/python3.12/site-packages/airflow/example_dags/tutorial_dag.py
[2024-09-03T18:17:05.900+0000] {processor.py:840} INFO - DAG(s) 'tutorial_dag' retrieved from /home/airflow/.local/lib/python3.12/site-packages/airflow/example_dags/tutorial_dag.py
[2024-09-03T18:17:05.951+0000] {logging_mixin.py:188} INFO - [2024-09-03T18:17:05.950+0000] {dag.py:3096} INFO - Sync 1 DAGs
[2024-09-03T18:17:05.980+0000] {logging_mixin.py:188} INFO - [2024-09-03T18:17:05.980+0000] {dag.py:3954} INFO - Setting next_dagrun for tutorial_dag to None, run_after=None
[2024-09-03T18:17:06.029+0000] {processor.py:183} INFO - Processing /home/airflow/.local/lib/python3.12/site-packages/airflow/example_dags/tutorial_dag.py took 0.146 seconds
[2024-09-03T18:17:36.171+0000] {processor.py:161} INFO - Started process (PID=207) to work on /home/airflow/.local/lib/python3.12/site-packages/airflow/example_dags/tutorial_dag.py
[2024-09-03T18:17:36.174+0000] {processor.py:830} INFO - Processing file /home/airflow/.local/lib/python3.12/site-packages/airflow/example_dags/tutorial_dag.py for tasks to queue
[2024-09-03T18:17:36.178+0000] {logging_mixin.py:188} INFO - [2024-09-03T18:17:36.178+0000] {dagbag.py:545} INFO - Filling up the DagBag from /home/airflow/.local/lib/python3.12/site-packages/airflow/example_dags/tutorial_dag.py
[2024-09-03T18:17:36.190+0000] {processor.py:840} INFO - DAG(s) 'tutorial_dag' retrieved from /home/airflow/.local/lib/python3.12/site-packages/airflow/example_dags/tutorial_dag.py
[2024-09-03T18:17:36.242+0000] {logging_mixin.py:188} INFO - [2024-09-03T18:17:36.241+0000] {dag.py:3096} INFO - Sync 1 DAGs
[2024-09-03T18:17:36.266+0000] {logging_mixin.py:188} INFO - [2024-09-03T18:17:36.265+0000] {dag.py:3954} INFO - Setting next_dagrun for tutorial_dag to None, run_after=None
[2024-09-03T18:17:36.285+0000] {processor.py:183} INFO - Processing /home/airflow/.local/lib/python3.12/site-packages/airflow/example_dags/tutorial_dag.py took 0.128 seconds
[2024-09-03T18:18:06.476+0000] {processor.py:161} INFO - Started process (PID=267) to work on /home/airflow/.local/lib/python3.12/site-packages/airflow/example_dags/tutorial_dag.py
[2024-09-03T18:18:06.478+0000] {processor.py:830} INFO - Processing file /home/airflow/.local/lib/python3.12/site-packages/airflow/example_dags/tutorial_dag.py for tasks to queue
[2024-09-03T18:18:06.480+0000] {logging_mixin.py:188} INFO - [2024-09-03T18:18:06.480+0000] {dagbag.py:545} INFO - Filling up the DagBag from /home/airflow/.local/lib/python3.12/site-packages/airflow/example_dags/tutorial_dag.py
[2024-09-03T18:18:06.488+0000] {processor.py:840} INFO - DAG(s) 'tutorial_dag' retrieved from /home/airflow/.local/lib/python3.12/site-packages/airflow/example_dags/tutorial_dag.py
[2024-09-03T18:18:06.519+0000] {logging_mixin.py:188} INFO - [2024-09-03T18:18:06.519+0000] {dag.py:3096} INFO - Sync 1 DAGs
[2024-09-03T18:18:06.537+0000] {logging_mixin.py:188} INFO - [2024-09-03T18:18:06.537+0000] {dag.py:3954} INFO - Setting next_dagrun for tutorial_dag to None, run_after=None
[2024-09-03T18:18:06.569+0000] {processor.py:183} INFO - Processing /home/airflow/.local/lib/python3.12/site-packages/airflow/example_dags/tutorial_dag.py took 0.101 seconds
[2024-09-03T18:18:37.326+0000] {processor.py:161} INFO - Started process (PID=327) to work on /home/airflow/.local/lib/python3.12/site-packages/airflow/example_dags/tutorial_dag.py
[2024-09-03T18:18:37.328+0000] {processor.py:830} INFO - Processing file /home/airflow/.local/lib/python3.12/site-packages/airflow/example_dags/tutorial_dag.py for tasks to queue
[2024-09-03T18:18:37.331+0000] {logging_mixin.py:188} INFO - [2024-09-03T18:18:37.330+0000] {dagbag.py:545} INFO - Filling up the DagBag from /home/airflow/.local/lib/python3.12/site-packages/airflow/example_dags/tutorial_dag.py
[2024-09-03T18:18:37.341+0000] {processor.py:840} INFO - DAG(s) 'tutorial_dag' retrieved from /home/airflow/.local/lib/python3.12/site-packages/airflow/example_dags/tutorial_dag.py
[2024-09-03T18:18:37.368+0000] {logging_mixin.py:188} INFO - [2024-09-03T18:18:37.367+0000] {dag.py:3096} INFO - Sync 1 DAGs
[2024-09-03T18:18:37.388+0000] {logging_mixin.py:188} INFO - [2024-09-03T18:18:37.387+0000] {dag.py:3954} INFO - Setting next_dagrun for tutorial_dag to None, run_after=None
[2024-09-03T18:18:37.410+0000] {processor.py:183} INFO - Processing /home/airflow/.local/lib/python3.12/site-packages/airflow/example_dags/tutorial_dag.py took 0.094 seconds
[2024-09-03T18:19:08.031+0000] {processor.py:161} INFO - Started process (PID=387) to work on /home/airflow/.local/lib/python3.12/site-packages/airflow/example_dags/tutorial_dag.py
[2024-09-03T18:19:08.033+0000] {processor.py:830} INFO - Processing file /home/airflow/.local/lib/python3.12/site-packages/airflow/example_dags/tutorial_dag.py for tasks to queue
[2024-09-03T18:19:08.037+0000] {logging_mixin.py:188} INFO - [2024-09-03T18:19:08.037+0000] {dagbag.py:545} INFO - Filling up the DagBag from /home/airflow/.local/lib/python3.12/site-packages/airflow/example_dags/tutorial_dag.py
[2024-09-03T18:19:08.044+0000] {processor.py:840} INFO - DAG(s) 'tutorial_dag' retrieved from /home/airflow/.local/lib/python3.12/site-packages/airflow/example_dags/tutorial_dag.py
[2024-09-03T18:19:08.067+0000] {logging_mixin.py:188} INFO - [2024-09-03T18:19:08.067+0000] {dag.py:3096} INFO - Sync 1 DAGs
[2024-09-03T18:19:08.082+0000] {logging_mixin.py:188} INFO - [2024-09-03T18:19:08.082+0000] {dag.py:3954} INFO - Setting next_dagrun for tutorial_dag to None, run_after=None
[2024-09-03T18:19:08.105+0000] {processor.py:183} INFO - Processing /home/airflow/.local/lib/python3.12/site-packages/airflow/example_dags/tutorial_dag.py took 0.084 seconds
[2024-09-03T18:19:38.420+0000] {processor.py:161} INFO - Started process (PID=447) to work on /home/airflow/.local/lib/python3.12/site-packages/airflow/example_dags/tutorial_dag.py
[2024-09-03T18:19:38.421+0000] {processor.py:830} INFO - Processing file /home/airflow/.local/lib/python3.12/site-packages/airflow/example_dags/tutorial_dag.py for tasks to queue
[2024-09-03T18:19:38.424+0000] {logging_mixin.py:188} INFO - [2024-09-03T18:19:38.424+0000] {dagbag.py:545} INFO - Filling up the DagBag from /home/airflow/.local/lib/python3.12/site-packages/airflow/example_dags/tutorial_dag.py
[2024-09-03T18:19:38.430+0000] {processor.py:840} INFO - DAG(s) 'tutorial_dag' retrieved from /home/airflow/.local/lib/python3.12/site-packages/airflow/example_dags/tutorial_dag.py
[2024-09-03T18:19:38.457+0000] {logging_mixin.py:188} INFO - [2024-09-03T18:19:38.457+0000] {dag.py:3096} INFO - Sync 1 DAGs
[2024-09-03T18:19:38.474+0000] {logging_mixin.py:188} INFO - [2024-09-03T18:19:38.474+0000] {dag.py:3954} INFO - Setting next_dagrun for tutorial_dag to None, run_after=None
[2024-09-03T18:19:38.501+0000] {processor.py:183} INFO - Processing /home/airflow/.local/lib/python3.12/site-packages/airflow/example_dags/tutorial_dag.py took 0.089 seconds
[2024-09-03T18:20:08.843+0000] {processor.py:161} INFO - Started process (PID=507) to work on /home/airflow/.local/lib/python3.12/site-packages/airflow/example_dags/tutorial_dag.py
[2024-09-03T18:20:08.845+0000] {processor.py:830} INFO - Processing file /home/airflow/.local/lib/python3.12/site-packages/airflow/example_dags/tutorial_dag.py for tasks to queue
[2024-09-03T18:20:08.848+0000] {logging_mixin.py:188} INFO - [2024-09-03T18:20:08.847+0000] {dagbag.py:545} INFO - Filling up the DagBag from /home/airflow/.local/lib/python3.12/site-packages/airflow/example_dags/tutorial_dag.py
[2024-09-03T18:20:08.856+0000] {processor.py:840} INFO - DAG(s) 'tutorial_dag' retrieved from /home/airflow/.local/lib/python3.12/site-packages/airflow/example_dags/tutorial_dag.py
[2024-09-03T18:20:08.879+0000] {logging_mixin.py:188} INFO - [2024-09-03T18:20:08.878+0000] {dag.py:3096} INFO - Sync 1 DAGs
[2024-09-03T18:20:08.893+0000] {logging_mixin.py:188} INFO - [2024-09-03T18:20:08.892+0000] {dag.py:3954} INFO - Setting next_dagrun for tutorial_dag to None, run_after=None
[2024-09-03T18:20:08.916+0000] {processor.py:183} INFO - Processing /home/airflow/.local/lib/python3.12/site-packages/airflow/example_dags/tutorial_dag.py took 0.082 seconds
[2024-09-03T18:20:40.403+0000] {processor.py:161} INFO - Started process (PID=567) to work on /home/airflow/.local/lib/python3.12/site-packages/airflow/example_dags/tutorial_dag.py
[2024-09-03T18:20:40.404+0000] {processor.py:830} INFO - Processing file /home/airflow/.local/lib/python3.12/site-packages/airflow/example_dags/tutorial_dag.py for tasks to queue
[2024-09-03T18:20:40.406+0000] {logging_mixin.py:188} INFO - [2024-09-03T18:20:40.406+0000] {dagbag.py:545} INFO - Filling up the DagBag from /home/airflow/.local/lib/python3.12/site-packages/airflow/example_dags/tutorial_dag.py
[2024-09-03T18:20:40.412+0000] {processor.py:840} INFO - DAG(s) 'tutorial_dag' retrieved from /home/airflow/.local/lib/python3.12/site-packages/airflow/example_dags/tutorial_dag.py
[2024-09-03T18:20:40.434+0000] {logging_mixin.py:188} INFO - [2024-09-03T18:20:40.434+0000] {dag.py:3096} INFO - Sync 1 DAGs
[2024-09-03T18:20:40.449+0000] {logging_mixin.py:188} INFO - [2024-09-03T18:20:40.449+0000] {dag.py:3954} INFO - Setting next_dagrun for tutorial_dag to None, run_after=None
[2024-09-03T18:20:40.472+0000] {processor.py:183} INFO - Processing /home/airflow/.local/lib/python3.12/site-packages/airflow/example_dags/tutorial_dag.py took 0.076 seconds
[2024-09-03T18:21:11.014+0000] {processor.py:161} INFO - Started process (PID=627) to work on /home/airflow/.local/lib/python3.12/site-packages/airflow/example_dags/tutorial_dag.py
[2024-09-03T18:21:11.016+0000] {processor.py:830} INFO - Processing file /home/airflow/.local/lib/python3.12/site-packages/airflow/example_dags/tutorial_dag.py for tasks to queue
[2024-09-03T18:21:11.019+0000] {logging_mixin.py:188} INFO - [2024-09-03T18:21:11.018+0000] {dagbag.py:545} INFO - Filling up the DagBag from /home/airflow/.local/lib/python3.12/site-packages/airflow/example_dags/tutorial_dag.py
[2024-09-03T18:21:11.027+0000] {processor.py:840} INFO - DAG(s) 'tutorial_dag' retrieved from /home/airflow/.local/lib/python3.12/site-packages/airflow/example_dags/tutorial_dag.py
[2024-09-03T18:21:11.057+0000] {logging_mixin.py:188} INFO - [2024-09-03T18:21:11.056+0000] {dag.py:3096} INFO - Sync 1 DAGs
[2024-09-03T18:21:11.076+0000] {logging_mixin.py:188} INFO - [2024-09-03T18:21:11.075+0000] {dag.py:3954} INFO - Setting next_dagrun for tutorial_dag to None, run_after=None
[2024-09-03T18:21:11.109+0000] {processor.py:183} INFO - Processing /home/airflow/.local/lib/python3.12/site-packages/airflow/example_dags/tutorial_dag.py took 0.105 seconds
[2024-09-03T18:21:41.300+0000] {processor.py:161} INFO - Started process (PID=687) to work on /home/airflow/.local/lib/python3.12/site-packages/airflow/example_dags/tutorial_dag.py
[2024-09-03T18:21:41.302+0000] {processor.py:830} INFO - Processing file /home/airflow/.local/lib/python3.12/site-packages/airflow/example_dags/tutorial_dag.py for tasks to queue
[2024-09-03T18:21:41.305+0000] {logging_mixin.py:188} INFO - [2024-09-03T18:21:41.304+0000] {dagbag.py:545} INFO - Filling up the DagBag from /home/airflow/.local/lib/python3.12/site-packages/airflow/example_dags/tutorial_dag.py
[2024-09-03T18:21:41.312+0000] {processor.py:840} INFO - DAG(s) 'tutorial_dag' retrieved from /home/airflow/.local/lib/python3.12/site-packages/airflow/example_dags/tutorial_dag.py
[2024-09-03T18:21:41.340+0000] {logging_mixin.py:188} INFO - [2024-09-03T18:21:41.339+0000] {dag.py:3096} INFO - Sync 1 DAGs
[2024-09-03T18:21:41.359+0000] {logging_mixin.py:188} INFO - [2024-09-03T18:21:41.359+0000] {dag.py:3954} INFO - Setting next_dagrun for tutorial_dag to None, run_after=None
[2024-09-03T18:21:41.387+0000] {processor.py:183} INFO - Processing /home/airflow/.local/lib/python3.12/site-packages/airflow/example_dags/tutorial_dag.py took 0.094 seconds
[2024-09-03T18:22:11.468+0000] {processor.py:161} INFO - Started process (PID=745) to work on /home/airflow/.local/lib/python3.12/site-packages/airflow/example_dags/tutorial_dag.py
[2024-09-03T18:22:11.469+0000] {processor.py:830} INFO - Processing file /home/airflow/.local/lib/python3.12/site-packages/airflow/example_dags/tutorial_dag.py for tasks to queue
[2024-09-03T18:22:11.471+0000] {logging_mixin.py:188} INFO - [2024-09-03T18:22:11.470+0000] {dagbag.py:545} INFO - Filling up the DagBag from /home/airflow/.local/lib/python3.12/site-packages/airflow/example_dags/tutorial_dag.py
[2024-09-03T18:22:11.475+0000] {processor.py:840} INFO - DAG(s) 'tutorial_dag' retrieved from /home/airflow/.local/lib/python3.12/site-packages/airflow/example_dags/tutorial_dag.py
[2024-09-03T18:22:11.496+0000] {logging_mixin.py:188} INFO - [2024-09-03T18:22:11.496+0000] {dag.py:3096} INFO - Sync 1 DAGs
[2024-09-03T18:22:11.510+0000] {logging_mixin.py:188} INFO - [2024-09-03T18:22:11.509+0000] {dag.py:3954} INFO - Setting next_dagrun for tutorial_dag to None, run_after=None
[2024-09-03T18:22:11.528+0000] {processor.py:183} INFO - Processing /home/airflow/.local/lib/python3.12/site-packages/airflow/example_dags/tutorial_dag.py took 0.067 seconds
[2024-09-03T18:22:41.740+0000] {processor.py:161} INFO - Started process (PID=805) to work on /home/airflow/.local/lib/python3.12/site-packages/airflow/example_dags/tutorial_dag.py
[2024-09-03T18:22:41.742+0000] {processor.py:830} INFO - Processing file /home/airflow/.local/lib/python3.12/site-packages/airflow/example_dags/tutorial_dag.py for tasks to queue
[2024-09-03T18:22:41.745+0000] {logging_mixin.py:188} INFO - [2024-09-03T18:22:41.745+0000] {dagbag.py:545} INFO - Filling up the DagBag from /home/airflow/.local/lib/python3.12/site-packages/airflow/example_dags/tutorial_dag.py
[2024-09-03T18:22:41.752+0000] {processor.py:840} INFO - DAG(s) 'tutorial_dag' retrieved from /home/airflow/.local/lib/python3.12/site-packages/airflow/example_dags/tutorial_dag.py
[2024-09-03T18:22:41.781+0000] {logging_mixin.py:188} INFO - [2024-09-03T18:22:41.780+0000] {dag.py:3096} INFO - Sync 1 DAGs
[2024-09-03T18:22:41.799+0000] {logging_mixin.py:188} INFO - [2024-09-03T18:22:41.799+0000] {dag.py:3954} INFO - Setting next_dagrun for tutorial_dag to None, run_after=None
[2024-09-03T18:22:41.835+0000] {processor.py:183} INFO - Processing /home/airflow/.local/lib/python3.12/site-packages/airflow/example_dags/tutorial_dag.py took 0.101 seconds
[2024-09-03T18:23:12.453+0000] {processor.py:161} INFO - Started process (PID=867) to work on /home/airflow/.local/lib/python3.12/site-packages/airflow/example_dags/tutorial_dag.py
[2024-09-03T18:23:12.454+0000] {processor.py:830} INFO - Processing file /home/airflow/.local/lib/python3.12/site-packages/airflow/example_dags/tutorial_dag.py for tasks to queue
[2024-09-03T18:23:12.456+0000] {logging_mixin.py:188} INFO - [2024-09-03T18:23:12.455+0000] {dagbag.py:545} INFO - Filling up the DagBag from /home/airflow/.local/lib/python3.12/site-packages/airflow/example_dags/tutorial_dag.py
[2024-09-03T18:23:12.461+0000] {processor.py:840} INFO - DAG(s) 'tutorial_dag' retrieved from /home/airflow/.local/lib/python3.12/site-packages/airflow/example_dags/tutorial_dag.py
[2024-09-03T18:23:12.496+0000] {logging_mixin.py:188} INFO - [2024-09-03T18:23:12.495+0000] {dag.py:3096} INFO - Sync 1 DAGs
[2024-09-03T18:23:12.525+0000] {logging_mixin.py:188} INFO - [2024-09-03T18:23:12.524+0000] {dag.py:3954} INFO - Setting next_dagrun for tutorial_dag to None, run_after=None
[2024-09-03T18:23:12.576+0000] {processor.py:183} INFO - Processing /home/airflow/.local/lib/python3.12/site-packages/airflow/example_dags/tutorial_dag.py took 0.129 seconds
[2024-09-03T18:37:09.564+0000] {processor.py:161} INFO - Started process (PID=83) to work on /home/airflow/.local/lib/python3.12/site-packages/airflow/example_dags/tutorial_dag.py
[2024-09-03T18:37:09.566+0000] {processor.py:830} INFO - Processing file /home/airflow/.local/lib/python3.12/site-packages/airflow/example_dags/tutorial_dag.py for tasks to queue
[2024-09-03T18:37:09.571+0000] {logging_mixin.py:188} INFO - [2024-09-03T18:37:09.571+0000] {dagbag.py:545} INFO - Filling up the DagBag from /home/airflow/.local/lib/python3.12/site-packages/airflow/example_dags/tutorial_dag.py
[2024-09-03T18:37:09.589+0000] {processor.py:840} INFO - DAG(s) 'tutorial_dag' retrieved from /home/airflow/.local/lib/python3.12/site-packages/airflow/example_dags/tutorial_dag.py
[2024-09-03T18:37:09.854+0000] {logging_mixin.py:188} INFO - [2024-09-03T18:37:09.853+0000] {dag.py:3096} INFO - Sync 1 DAGs
[2024-09-03T18:37:09.878+0000] {logging_mixin.py:188} INFO - [2024-09-03T18:37:09.877+0000] {dag.py:3954} INFO - Setting next_dagrun for tutorial_dag to None, run_after=None
[2024-09-03T18:37:09.917+0000] {processor.py:183} INFO - Processing /home/airflow/.local/lib/python3.12/site-packages/airflow/example_dags/tutorial_dag.py took 0.367 seconds
[2024-09-03T18:37:40.017+0000] {processor.py:161} INFO - Started process (PID=143) to work on /home/airflow/.local/lib/python3.12/site-packages/airflow/example_dags/tutorial_dag.py
[2024-09-03T18:37:40.018+0000] {processor.py:830} INFO - Processing file /home/airflow/.local/lib/python3.12/site-packages/airflow/example_dags/tutorial_dag.py for tasks to queue
[2024-09-03T18:37:40.020+0000] {logging_mixin.py:188} INFO - [2024-09-03T18:37:40.020+0000] {dagbag.py:545} INFO - Filling up the DagBag from /home/airflow/.local/lib/python3.12/site-packages/airflow/example_dags/tutorial_dag.py
[2024-09-03T18:37:40.025+0000] {processor.py:840} INFO - DAG(s) 'tutorial_dag' retrieved from /home/airflow/.local/lib/python3.12/site-packages/airflow/example_dags/tutorial_dag.py
[2024-09-03T18:37:40.052+0000] {logging_mixin.py:188} INFO - [2024-09-03T18:37:40.052+0000] {dag.py:3096} INFO - Sync 1 DAGs
[2024-09-03T18:37:40.064+0000] {logging_mixin.py:188} INFO - [2024-09-03T18:37:40.064+0000] {dag.py:3954} INFO - Setting next_dagrun for tutorial_dag to None, run_after=None
[2024-09-03T18:37:40.082+0000] {processor.py:183} INFO - Processing /home/airflow/.local/lib/python3.12/site-packages/airflow/example_dags/tutorial_dag.py took 0.070 seconds
[2024-09-03T18:38:10.299+0000] {processor.py:161} INFO - Started process (PID=203) to work on /home/airflow/.local/lib/python3.12/site-packages/airflow/example_dags/tutorial_dag.py
[2024-09-03T18:38:10.301+0000] {processor.py:830} INFO - Processing file /home/airflow/.local/lib/python3.12/site-packages/airflow/example_dags/tutorial_dag.py for tasks to queue
[2024-09-03T18:38:10.303+0000] {logging_mixin.py:188} INFO - [2024-09-03T18:38:10.303+0000] {dagbag.py:545} INFO - Filling up the DagBag from /home/airflow/.local/lib/python3.12/site-packages/airflow/example_dags/tutorial_dag.py
[2024-09-03T18:38:10.309+0000] {processor.py:840} INFO - DAG(s) 'tutorial_dag' retrieved from /home/airflow/.local/lib/python3.12/site-packages/airflow/example_dags/tutorial_dag.py
[2024-09-03T18:38:10.335+0000] {logging_mixin.py:188} INFO - [2024-09-03T18:38:10.334+0000] {dag.py:3096} INFO - Sync 1 DAGs
[2024-09-03T18:38:10.349+0000] {logging_mixin.py:188} INFO - [2024-09-03T18:38:10.349+0000] {dag.py:3954} INFO - Setting next_dagrun for tutorial_dag to None, run_after=None
[2024-09-03T18:38:10.373+0000] {processor.py:183} INFO - Processing /home/airflow/.local/lib/python3.12/site-packages/airflow/example_dags/tutorial_dag.py took 0.080 seconds
[2024-09-03T18:38:40.508+0000] {processor.py:161} INFO - Started process (PID=263) to work on /home/airflow/.local/lib/python3.12/site-packages/airflow/example_dags/tutorial_dag.py
[2024-09-03T18:38:40.511+0000] {processor.py:830} INFO - Processing file /home/airflow/.local/lib/python3.12/site-packages/airflow/example_dags/tutorial_dag.py for tasks to queue
[2024-09-03T18:38:40.514+0000] {logging_mixin.py:188} INFO - [2024-09-03T18:38:40.514+0000] {dagbag.py:545} INFO - Filling up the DagBag from /home/airflow/.local/lib/python3.12/site-packages/airflow/example_dags/tutorial_dag.py
[2024-09-03T18:38:40.525+0000] {processor.py:840} INFO - DAG(s) 'tutorial_dag' retrieved from /home/airflow/.local/lib/python3.12/site-packages/airflow/example_dags/tutorial_dag.py
[2024-09-03T18:38:40.574+0000] {logging_mixin.py:188} INFO - [2024-09-03T18:38:40.573+0000] {dag.py:3096} INFO - Sync 1 DAGs
[2024-09-03T18:38:40.603+0000] {logging_mixin.py:188} INFO - [2024-09-03T18:38:40.603+0000] {dag.py:3954} INFO - Setting next_dagrun for tutorial_dag to None, run_after=None
[2024-09-03T18:38:40.650+0000] {processor.py:183} INFO - Processing /home/airflow/.local/lib/python3.12/site-packages/airflow/example_dags/tutorial_dag.py took 0.154 seconds
[2024-09-03T18:39:10.799+0000] {processor.py:161} INFO - Started process (PID=323) to work on /home/airflow/.local/lib/python3.12/site-packages/airflow/example_dags/tutorial_dag.py
[2024-09-03T18:39:10.800+0000] {processor.py:830} INFO - Processing file /home/airflow/.local/lib/python3.12/site-packages/airflow/example_dags/tutorial_dag.py for tasks to queue
[2024-09-03T18:39:10.803+0000] {logging_mixin.py:188} INFO - [2024-09-03T18:39:10.803+0000] {dagbag.py:545} INFO - Filling up the DagBag from /home/airflow/.local/lib/python3.12/site-packages/airflow/example_dags/tutorial_dag.py
[2024-09-03T18:39:10.814+0000] {processor.py:840} INFO - DAG(s) 'tutorial_dag' retrieved from /home/airflow/.local/lib/python3.12/site-packages/airflow/example_dags/tutorial_dag.py
[2024-09-03T18:39:10.859+0000] {logging_mixin.py:188} INFO - [2024-09-03T18:39:10.858+0000] {dag.py:3096} INFO - Sync 1 DAGs
[2024-09-03T18:39:10.888+0000] {logging_mixin.py:188} INFO - [2024-09-03T18:39:10.888+0000] {dag.py:3954} INFO - Setting next_dagrun for tutorial_dag to None, run_after=None
[2024-09-03T18:39:10.933+0000] {processor.py:183} INFO - Processing /home/airflow/.local/lib/python3.12/site-packages/airflow/example_dags/tutorial_dag.py took 0.141 seconds
[2024-09-03T18:39:41.245+0000] {processor.py:161} INFO - Started process (PID=383) to work on /home/airflow/.local/lib/python3.12/site-packages/airflow/example_dags/tutorial_dag.py
[2024-09-03T18:39:41.247+0000] {processor.py:830} INFO - Processing file /home/airflow/.local/lib/python3.12/site-packages/airflow/example_dags/tutorial_dag.py for tasks to queue
[2024-09-03T18:39:41.250+0000] {logging_mixin.py:188} INFO - [2024-09-03T18:39:41.249+0000] {dagbag.py:545} INFO - Filling up the DagBag from /home/airflow/.local/lib/python3.12/site-packages/airflow/example_dags/tutorial_dag.py
[2024-09-03T18:39:41.261+0000] {processor.py:840} INFO - DAG(s) 'tutorial_dag' retrieved from /home/airflow/.local/lib/python3.12/site-packages/airflow/example_dags/tutorial_dag.py
[2024-09-03T18:39:41.296+0000] {logging_mixin.py:188} INFO - [2024-09-03T18:39:41.295+0000] {dag.py:3096} INFO - Sync 1 DAGs
[2024-09-03T18:39:41.319+0000] {logging_mixin.py:188} INFO - [2024-09-03T18:39:41.319+0000] {dag.py:3954} INFO - Setting next_dagrun for tutorial_dag to None, run_after=None
[2024-09-03T18:39:41.358+0000] {processor.py:183} INFO - Processing /home/airflow/.local/lib/python3.12/site-packages/airflow/example_dags/tutorial_dag.py took 0.123 seconds
[2024-09-03T18:40:11.568+0000] {processor.py:161} INFO - Started process (PID=443) to work on /home/airflow/.local/lib/python3.12/site-packages/airflow/example_dags/tutorial_dag.py
[2024-09-03T18:40:11.570+0000] {processor.py:830} INFO - Processing file /home/airflow/.local/lib/python3.12/site-packages/airflow/example_dags/tutorial_dag.py for tasks to queue
[2024-09-03T18:40:11.574+0000] {logging_mixin.py:188} INFO - [2024-09-03T18:40:11.574+0000] {dagbag.py:545} INFO - Filling up the DagBag from /home/airflow/.local/lib/python3.12/site-packages/airflow/example_dags/tutorial_dag.py
[2024-09-03T18:40:11.580+0000] {processor.py:840} INFO - DAG(s) 'tutorial_dag' retrieved from /home/airflow/.local/lib/python3.12/site-packages/airflow/example_dags/tutorial_dag.py
[2024-09-03T18:40:11.602+0000] {logging_mixin.py:188} INFO - [2024-09-03T18:40:11.602+0000] {dag.py:3096} INFO - Sync 1 DAGs
[2024-09-03T18:40:11.621+0000] {logging_mixin.py:188} INFO - [2024-09-03T18:40:11.621+0000] {dag.py:3954} INFO - Setting next_dagrun for tutorial_dag to None, run_after=None
[2024-09-03T18:40:11.650+0000] {processor.py:183} INFO - Processing /home/airflow/.local/lib/python3.12/site-packages/airflow/example_dags/tutorial_dag.py took 0.091 seconds
[2024-09-03T18:40:42.629+0000] {processor.py:161} INFO - Started process (PID=503) to work on /home/airflow/.local/lib/python3.12/site-packages/airflow/example_dags/tutorial_dag.py
[2024-09-03T18:40:42.631+0000] {processor.py:830} INFO - Processing file /home/airflow/.local/lib/python3.12/site-packages/airflow/example_dags/tutorial_dag.py for tasks to queue
[2024-09-03T18:40:42.633+0000] {logging_mixin.py:188} INFO - [2024-09-03T18:40:42.633+0000] {dagbag.py:545} INFO - Filling up the DagBag from /home/airflow/.local/lib/python3.12/site-packages/airflow/example_dags/tutorial_dag.py
[2024-09-03T18:40:42.639+0000] {processor.py:840} INFO - DAG(s) 'tutorial_dag' retrieved from /home/airflow/.local/lib/python3.12/site-packages/airflow/example_dags/tutorial_dag.py
[2024-09-03T18:40:42.663+0000] {logging_mixin.py:188} INFO - [2024-09-03T18:40:42.662+0000] {dag.py:3096} INFO - Sync 1 DAGs
[2024-09-03T18:40:42.684+0000] {logging_mixin.py:188} INFO - [2024-09-03T18:40:42.683+0000] {dag.py:3954} INFO - Setting next_dagrun for tutorial_dag to None, run_after=None
[2024-09-03T18:40:42.727+0000] {processor.py:183} INFO - Processing /home/airflow/.local/lib/python3.12/site-packages/airflow/example_dags/tutorial_dag.py took 0.105 seconds
[2024-09-03T18:41:13.566+0000] {processor.py:161} INFO - Started process (PID=563) to work on /home/airflow/.local/lib/python3.12/site-packages/airflow/example_dags/tutorial_dag.py
[2024-09-03T18:41:13.568+0000] {processor.py:830} INFO - Processing file /home/airflow/.local/lib/python3.12/site-packages/airflow/example_dags/tutorial_dag.py for tasks to queue
[2024-09-03T18:41:13.572+0000] {logging_mixin.py:188} INFO - [2024-09-03T18:41:13.571+0000] {dagbag.py:545} INFO - Filling up the DagBag from /home/airflow/.local/lib/python3.12/site-packages/airflow/example_dags/tutorial_dag.py
[2024-09-03T18:41:13.579+0000] {processor.py:840} INFO - DAG(s) 'tutorial_dag' retrieved from /home/airflow/.local/lib/python3.12/site-packages/airflow/example_dags/tutorial_dag.py
[2024-09-03T18:41:13.608+0000] {logging_mixin.py:188} INFO - [2024-09-03T18:41:13.608+0000] {dag.py:3096} INFO - Sync 1 DAGs
[2024-09-03T18:41:13.625+0000] {logging_mixin.py:188} INFO - [2024-09-03T18:41:13.625+0000] {dag.py:3954} INFO - Setting next_dagrun for tutorial_dag to None, run_after=None
[2024-09-03T18:41:13.649+0000] {processor.py:183} INFO - Processing /home/airflow/.local/lib/python3.12/site-packages/airflow/example_dags/tutorial_dag.py took 0.094 seconds
[2024-09-03T18:41:44.663+0000] {processor.py:161} INFO - Started process (PID=623) to work on /home/airflow/.local/lib/python3.12/site-packages/airflow/example_dags/tutorial_dag.py
[2024-09-03T18:41:44.664+0000] {processor.py:830} INFO - Processing file /home/airflow/.local/lib/python3.12/site-packages/airflow/example_dags/tutorial_dag.py for tasks to queue
[2024-09-03T18:41:44.667+0000] {logging_mixin.py:188} INFO - [2024-09-03T18:41:44.666+0000] {dagbag.py:545} INFO - Filling up the DagBag from /home/airflow/.local/lib/python3.12/site-packages/airflow/example_dags/tutorial_dag.py
[2024-09-03T18:41:44.675+0000] {processor.py:840} INFO - DAG(s) 'tutorial_dag' retrieved from /home/airflow/.local/lib/python3.12/site-packages/airflow/example_dags/tutorial_dag.py
[2024-09-03T18:41:44.711+0000] {logging_mixin.py:188} INFO - [2024-09-03T18:41:44.710+0000] {dag.py:3096} INFO - Sync 1 DAGs
[2024-09-03T18:41:44.734+0000] {logging_mixin.py:188} INFO - [2024-09-03T18:41:44.734+0000] {dag.py:3954} INFO - Setting next_dagrun for tutorial_dag to None, run_after=None
[2024-09-03T18:41:44.759+0000] {processor.py:183} INFO - Processing /home/airflow/.local/lib/python3.12/site-packages/airflow/example_dags/tutorial_dag.py took 0.102 seconds
[2024-09-03T18:42:14.993+0000] {processor.py:161} INFO - Started process (PID=683) to work on /home/airflow/.local/lib/python3.12/site-packages/airflow/example_dags/tutorial_dag.py
[2024-09-03T18:42:14.995+0000] {processor.py:830} INFO - Processing file /home/airflow/.local/lib/python3.12/site-packages/airflow/example_dags/tutorial_dag.py for tasks to queue
[2024-09-03T18:42:14.997+0000] {logging_mixin.py:188} INFO - [2024-09-03T18:42:14.997+0000] {dagbag.py:545} INFO - Filling up the DagBag from /home/airflow/.local/lib/python3.12/site-packages/airflow/example_dags/tutorial_dag.py
[2024-09-03T18:42:15.004+0000] {processor.py:840} INFO - DAG(s) 'tutorial_dag' retrieved from /home/airflow/.local/lib/python3.12/site-packages/airflow/example_dags/tutorial_dag.py
[2024-09-03T18:42:15.031+0000] {logging_mixin.py:188} INFO - [2024-09-03T18:42:15.031+0000] {dag.py:3096} INFO - Sync 1 DAGs
[2024-09-03T18:42:15.049+0000] {logging_mixin.py:188} INFO - [2024-09-03T18:42:15.049+0000] {dag.py:3954} INFO - Setting next_dagrun for tutorial_dag to None, run_after=None
[2024-09-03T18:42:15.074+0000] {processor.py:183} INFO - Processing /home/airflow/.local/lib/python3.12/site-packages/airflow/example_dags/tutorial_dag.py took 0.088 seconds
[2024-09-03T18:44:14.598+0000] {processor.py:161} INFO - Started process (PID=88) to work on /home/airflow/.local/lib/python3.12/site-packages/airflow/example_dags/tutorial_dag.py
[2024-09-03T18:44:14.600+0000] {processor.py:830} INFO - Processing file /home/airflow/.local/lib/python3.12/site-packages/airflow/example_dags/tutorial_dag.py for tasks to queue
[2024-09-03T18:44:14.603+0000] {logging_mixin.py:188} INFO - [2024-09-03T18:44:14.602+0000] {dagbag.py:545} INFO - Filling up the DagBag from /home/airflow/.local/lib/python3.12/site-packages/airflow/example_dags/tutorial_dag.py
[2024-09-03T18:44:14.621+0000] {processor.py:840} INFO - DAG(s) 'tutorial_dag' retrieved from /home/airflow/.local/lib/python3.12/site-packages/airflow/example_dags/tutorial_dag.py
[2024-09-03T18:44:14.855+0000] {logging_mixin.py:188} INFO - [2024-09-03T18:44:14.854+0000] {override.py:1829} INFO - Created Permission View: can delete on DAG:tutorial_dag
[2024-09-03T18:44:14.877+0000] {logging_mixin.py:188} INFO - [2024-09-03T18:44:14.877+0000] {override.py:1829} INFO - Created Permission View: can read on DAG:tutorial_dag
[2024-09-03T18:44:14.889+0000] {logging_mixin.py:188} INFO - [2024-09-03T18:44:14.888+0000] {override.py:1829} INFO - Created Permission View: can edit on DAG:tutorial_dag
[2024-09-03T18:44:14.890+0000] {logging_mixin.py:188} INFO - [2024-09-03T18:44:14.890+0000] {dag.py:3096} INFO - Sync 1 DAGs
[2024-09-03T18:44:14.911+0000] {logging_mixin.py:188} INFO - [2024-09-03T18:44:14.911+0000] {dag.py:3118} INFO - Creating ORM DAG for tutorial_dag
[2024-09-03T18:44:14.913+0000] {logging_mixin.py:188} INFO - [2024-09-03T18:44:14.913+0000] {dag.py:3954} INFO - Setting next_dagrun for tutorial_dag to None, run_after=None
[2024-09-03T18:44:14.946+0000] {processor.py:183} INFO - Processing /home/airflow/.local/lib/python3.12/site-packages/airflow/example_dags/tutorial_dag.py took 0.366 seconds
[2024-09-03T18:44:45.115+0000] {processor.py:161} INFO - Started process (PID=148) to work on /home/airflow/.local/lib/python3.12/site-packages/airflow/example_dags/tutorial_dag.py
[2024-09-03T18:44:45.116+0000] {processor.py:830} INFO - Processing file /home/airflow/.local/lib/python3.12/site-packages/airflow/example_dags/tutorial_dag.py for tasks to queue
[2024-09-03T18:44:45.118+0000] {logging_mixin.py:188} INFO - [2024-09-03T18:44:45.118+0000] {dagbag.py:545} INFO - Filling up the DagBag from /home/airflow/.local/lib/python3.12/site-packages/airflow/example_dags/tutorial_dag.py
[2024-09-03T18:44:45.122+0000] {processor.py:840} INFO - DAG(s) 'tutorial_dag' retrieved from /home/airflow/.local/lib/python3.12/site-packages/airflow/example_dags/tutorial_dag.py
[2024-09-03T18:44:45.146+0000] {logging_mixin.py:188} INFO - [2024-09-03T18:44:45.146+0000] {dag.py:3096} INFO - Sync 1 DAGs
[2024-09-03T18:44:45.157+0000] {logging_mixin.py:188} INFO - [2024-09-03T18:44:45.157+0000] {dag.py:3954} INFO - Setting next_dagrun for tutorial_dag to None, run_after=None
[2024-09-03T18:44:45.176+0000] {processor.py:183} INFO - Processing /home/airflow/.local/lib/python3.12/site-packages/airflow/example_dags/tutorial_dag.py took 0.066 seconds
[2024-09-03T18:45:16.114+0000] {processor.py:161} INFO - Started process (PID=209) to work on /home/airflow/.local/lib/python3.12/site-packages/airflow/example_dags/tutorial_dag.py
[2024-09-03T18:45:16.116+0000] {processor.py:830} INFO - Processing file /home/airflow/.local/lib/python3.12/site-packages/airflow/example_dags/tutorial_dag.py for tasks to queue
[2024-09-03T18:45:16.119+0000] {logging_mixin.py:188} INFO - [2024-09-03T18:45:16.119+0000] {dagbag.py:545} INFO - Filling up the DagBag from /home/airflow/.local/lib/python3.12/site-packages/airflow/example_dags/tutorial_dag.py
[2024-09-03T18:45:16.126+0000] {processor.py:840} INFO - DAG(s) 'tutorial_dag' retrieved from /home/airflow/.local/lib/python3.12/site-packages/airflow/example_dags/tutorial_dag.py
[2024-09-03T18:45:16.154+0000] {logging_mixin.py:188} INFO - [2024-09-03T18:45:16.153+0000] {dag.py:3096} INFO - Sync 1 DAGs
[2024-09-03T18:45:16.167+0000] {logging_mixin.py:188} INFO - [2024-09-03T18:45:16.166+0000] {dag.py:3954} INFO - Setting next_dagrun for tutorial_dag to None, run_after=None
[2024-09-03T18:45:16.186+0000] {processor.py:183} INFO - Processing /home/airflow/.local/lib/python3.12/site-packages/airflow/example_dags/tutorial_dag.py took 0.082 seconds
[2024-09-03T18:45:46.377+0000] {processor.py:161} INFO - Started process (PID=269) to work on /home/airflow/.local/lib/python3.12/site-packages/airflow/example_dags/tutorial_dag.py
[2024-09-03T18:45:46.378+0000] {processor.py:830} INFO - Processing file /home/airflow/.local/lib/python3.12/site-packages/airflow/example_dags/tutorial_dag.py for tasks to queue
[2024-09-03T18:45:46.380+0000] {logging_mixin.py:188} INFO - [2024-09-03T18:45:46.380+0000] {dagbag.py:545} INFO - Filling up the DagBag from /home/airflow/.local/lib/python3.12/site-packages/airflow/example_dags/tutorial_dag.py
[2024-09-03T18:45:46.386+0000] {processor.py:840} INFO - DAG(s) 'tutorial_dag' retrieved from /home/airflow/.local/lib/python3.12/site-packages/airflow/example_dags/tutorial_dag.py
[2024-09-03T18:45:46.409+0000] {logging_mixin.py:188} INFO - [2024-09-03T18:45:46.409+0000] {dag.py:3096} INFO - Sync 1 DAGs
[2024-09-03T18:45:46.427+0000] {logging_mixin.py:188} INFO - [2024-09-03T18:45:46.427+0000] {dag.py:3954} INFO - Setting next_dagrun for tutorial_dag to None, run_after=None
[2024-09-03T18:45:46.448+0000] {processor.py:183} INFO - Processing /home/airflow/.local/lib/python3.12/site-packages/airflow/example_dags/tutorial_dag.py took 0.076 seconds
[2024-09-03T18:46:16.834+0000] {processor.py:161} INFO - Started process (PID=329) to work on /home/airflow/.local/lib/python3.12/site-packages/airflow/example_dags/tutorial_dag.py
[2024-09-03T18:46:16.837+0000] {processor.py:830} INFO - Processing file /home/airflow/.local/lib/python3.12/site-packages/airflow/example_dags/tutorial_dag.py for tasks to queue
[2024-09-03T18:46:16.842+0000] {logging_mixin.py:188} INFO - [2024-09-03T18:46:16.841+0000] {dagbag.py:545} INFO - Filling up the DagBag from /home/airflow/.local/lib/python3.12/site-packages/airflow/example_dags/tutorial_dag.py
[2024-09-03T18:46:16.853+0000] {processor.py:840} INFO - DAG(s) 'tutorial_dag' retrieved from /home/airflow/.local/lib/python3.12/site-packages/airflow/example_dags/tutorial_dag.py
[2024-09-03T18:46:16.892+0000] {logging_mixin.py:188} INFO - [2024-09-03T18:46:16.891+0000] {dag.py:3096} INFO - Sync 1 DAGs
[2024-09-03T18:46:16.903+0000] {logging_mixin.py:188} INFO - [2024-09-03T18:46:16.903+0000] {dag.py:3954} INFO - Setting next_dagrun for tutorial_dag to None, run_after=None
[2024-09-03T18:46:16.922+0000] {processor.py:183} INFO - Processing /home/airflow/.local/lib/python3.12/site-packages/airflow/example_dags/tutorial_dag.py took 0.100 seconds
[2024-09-03T18:46:47.149+0000] {processor.py:161} INFO - Started process (PID=389) to work on /home/airflow/.local/lib/python3.12/site-packages/airflow/example_dags/tutorial_dag.py
[2024-09-03T18:46:47.150+0000] {processor.py:830} INFO - Processing file /home/airflow/.local/lib/python3.12/site-packages/airflow/example_dags/tutorial_dag.py for tasks to queue
[2024-09-03T18:46:47.152+0000] {logging_mixin.py:188} INFO - [2024-09-03T18:46:47.152+0000] {dagbag.py:545} INFO - Filling up the DagBag from /home/airflow/.local/lib/python3.12/site-packages/airflow/example_dags/tutorial_dag.py
[2024-09-03T18:46:47.158+0000] {processor.py:840} INFO - DAG(s) 'tutorial_dag' retrieved from /home/airflow/.local/lib/python3.12/site-packages/airflow/example_dags/tutorial_dag.py
[2024-09-03T18:46:47.179+0000] {logging_mixin.py:188} INFO - [2024-09-03T18:46:47.179+0000] {dag.py:3096} INFO - Sync 1 DAGs
[2024-09-03T18:46:47.191+0000] {logging_mixin.py:188} INFO - [2024-09-03T18:46:47.191+0000] {dag.py:3954} INFO - Setting next_dagrun for tutorial_dag to None, run_after=None
[2024-09-03T18:46:47.212+0000] {processor.py:183} INFO - Processing /home/airflow/.local/lib/python3.12/site-packages/airflow/example_dags/tutorial_dag.py took 0.075 seconds
[2024-09-03T18:47:17.759+0000] {processor.py:161} INFO - Started process (PID=455) to work on /home/airflow/.local/lib/python3.12/site-packages/airflow/example_dags/tutorial_dag.py
[2024-09-03T18:47:17.760+0000] {processor.py:830} INFO - Processing file /home/airflow/.local/lib/python3.12/site-packages/airflow/example_dags/tutorial_dag.py for tasks to queue
[2024-09-03T18:47:17.762+0000] {logging_mixin.py:188} INFO - [2024-09-03T18:47:17.762+0000] {dagbag.py:545} INFO - Filling up the DagBag from /home/airflow/.local/lib/python3.12/site-packages/airflow/example_dags/tutorial_dag.py
[2024-09-03T18:47:17.767+0000] {processor.py:840} INFO - DAG(s) 'tutorial_dag' retrieved from /home/airflow/.local/lib/python3.12/site-packages/airflow/example_dags/tutorial_dag.py
[2024-09-03T18:47:17.802+0000] {logging_mixin.py:188} INFO - [2024-09-03T18:47:17.802+0000] {dag.py:3096} INFO - Sync 1 DAGs
[2024-09-03T18:47:17.822+0000] {logging_mixin.py:188} INFO - [2024-09-03T18:47:17.822+0000] {dag.py:3954} INFO - Setting next_dagrun for tutorial_dag to None, run_after=None
[2024-09-03T18:47:17.840+0000] {processor.py:183} INFO - Processing /home/airflow/.local/lib/python3.12/site-packages/airflow/example_dags/tutorial_dag.py took 0.088 seconds
[2024-09-03T18:47:48.563+0000] {processor.py:161} INFO - Started process (PID=515) to work on /home/airflow/.local/lib/python3.12/site-packages/airflow/example_dags/tutorial_dag.py
[2024-09-03T18:47:48.566+0000] {processor.py:830} INFO - Processing file /home/airflow/.local/lib/python3.12/site-packages/airflow/example_dags/tutorial_dag.py for tasks to queue
[2024-09-03T18:47:48.569+0000] {logging_mixin.py:188} INFO - [2024-09-03T18:47:48.569+0000] {dagbag.py:545} INFO - Filling up the DagBag from /home/airflow/.local/lib/python3.12/site-packages/airflow/example_dags/tutorial_dag.py
[2024-09-03T18:47:48.583+0000] {processor.py:840} INFO - DAG(s) 'tutorial_dag' retrieved from /home/airflow/.local/lib/python3.12/site-packages/airflow/example_dags/tutorial_dag.py
[2024-09-03T18:47:48.609+0000] {logging_mixin.py:188} INFO - [2024-09-03T18:47:48.609+0000] {dag.py:3096} INFO - Sync 1 DAGs
[2024-09-03T18:47:48.627+0000] {logging_mixin.py:188} INFO - [2024-09-03T18:47:48.626+0000] {dag.py:3954} INFO - Setting next_dagrun for tutorial_dag to None, run_after=None
[2024-09-03T18:47:48.652+0000] {processor.py:183} INFO - Processing /home/airflow/.local/lib/python3.12/site-packages/airflow/example_dags/tutorial_dag.py took 0.103 seconds
