[2024-09-06T16:13:02.362+0000] {local_task_job_runner.py:120} INFO - ::group::Pre task execution logs
[2024-09-06T16:13:02.822+0000] {taskinstance.py:2076} INFO - Dependencies all met for dep_context=non-requeueable deps ti=<TaskInstance: solar_adoption_dag.extract scheduled__2024-09-04T00:00:00+00:00 [queued]>
[2024-09-06T16:13:02.841+0000] {taskinstance.py:2076} INFO - Dependencies all met for dep_context=requeueable deps ti=<TaskInstance: solar_adoption_dag.extract scheduled__2024-09-04T00:00:00+00:00 [queued]>
[2024-09-06T16:13:02.841+0000] {taskinstance.py:2306} INFO - Starting attempt 1 of 1
[2024-09-06T16:13:02.880+0000] {taskinstance.py:2330} INFO - Executing <Task(BashOperator): extract> on 2024-09-04 00:00:00+00:00
[2024-09-06T16:13:02.893+0000] {warnings.py:112} WARNING - /home/***/.local/lib/python3.12/site-packages/***/task/task_runner/standard_task_runner.py:61: DeprecationWarning: This process (pid=77) is multi-threaded, use of fork() may lead to deadlocks in the child.
  pid = os.fork()

[2024-09-06T16:13:02.900+0000] {standard_task_runner.py:63} INFO - Started process 86 to run task
[2024-09-06T16:13:02.898+0000] {standard_task_runner.py:90} INFO - Running: ['***', 'tasks', 'run', 'solar_adoption_dag', 'extract', 'scheduled__2024-09-04T00:00:00+00:00', '--job-id', '3', '--raw', '--subdir', 'DAGS_FOLDER/etl_dag.py', '--cfg-path', '/tmp/tmpvwxkn8_0']
[2024-09-06T16:13:02.903+0000] {standard_task_runner.py:91} INFO - Job 3: Subtask extract
[2024-09-06T16:13:03.011+0000] {task_command.py:426} INFO - Running <TaskInstance: solar_adoption_dag.extract scheduled__2024-09-04T00:00:00+00:00 [running]> on host 2e8f108d9bc4
[2024-09-06T16:13:03.270+0000] {taskinstance.py:2648} INFO - Exporting env vars: AIRFLOW_CTX_DAG_OWNER='***' AIRFLOW_CTX_DAG_ID='solar_adoption_dag' AIRFLOW_CTX_TASK_ID='extract' AIRFLOW_CTX_EXECUTION_DATE='2024-09-04T00:00:00+00:00' AIRFLOW_CTX_TRY_NUMBER='1' AIRFLOW_CTX_DAG_RUN_ID='scheduled__2024-09-04T00:00:00+00:00'
[2024-09-06T16:13:03.283+0000] {taskinstance.py:430} INFO - ::endgroup::
[2024-09-06T16:13:03.326+0000] {subprocess.py:63} INFO - Tmp dir root location: /tmp
[2024-09-06T16:13:03.342+0000] {subprocess.py:75} INFO - Running command: ['/usr/bin/bash', '-c', "echo 'initiating extraction'; cd /opt/***/data/raw/; files=(*); mv -v $files /opt/***/data/raw/z_CurrentDataBatch.csv; echo *"]
[2024-09-06T16:13:03.374+0000] {subprocess.py:86} INFO - Output:
[2024-09-06T16:13:03.379+0000] {subprocess.py:93} INFO - initiating extraction
[2024-09-06T16:13:03.421+0000] {subprocess.py:93} INFO - mv: cannot stat 'STEADy_200_sample_3.csv': No such file or directory
[2024-09-06T16:13:03.436+0000] {subprocess.py:93} INFO - z_CurrentDataBatch.csv
[2024-09-06T16:13:03.439+0000] {subprocess.py:97} INFO - Command exited with return code 0
[2024-09-06T16:13:03.442+0000] {taskinstance.py:441} INFO - ::group::Post task execution logs
[2024-09-06T16:13:03.554+0000] {taskinstance.py:1206} INFO - Marking task as SUCCESS. dag_id=solar_adoption_dag, task_id=extract, run_id=scheduled__2024-09-04T00:00:00+00:00, execution_date=20240904T000000, start_date=20240906T161302, end_date=20240906T161303
[2024-09-06T16:13:03.630+0000] {local_task_job_runner.py:240} INFO - Task exited with return code 0
[2024-09-06T16:13:03.732+0000] {taskinstance.py:3503} INFO - 1 downstream tasks scheduled from follow-on schedule check
[2024-09-06T16:13:03.735+0000] {local_task_job_runner.py:222} INFO - ::endgroup::
