[2024-09-03T17:59:32.726+0000] {local_task_job_runner.py:120} INFO - ::group::Pre task execution logs
[2024-09-03T17:59:32.982+0000] {taskinstance.py:2076} INFO - Dependencies all met for dep_context=non-requeueable deps ti=<TaskInstance: solar_adoption_dag.load_Gov_Buildings_Attr_dim manual__2024-09-03T17:59:06.450178+00:00 [queued]>
[2024-09-03T17:59:33.038+0000] {taskinstance.py:2076} INFO - Dependencies all met for dep_context=requeueable deps ti=<TaskInstance: solar_adoption_dag.load_Gov_Buildings_Attr_dim manual__2024-09-03T17:59:06.450178+00:00 [queued]>
[2024-09-03T17:59:33.041+0000] {taskinstance.py:2306} INFO - Starting attempt 1 of 1
[2024-09-03T17:59:33.251+0000] {taskinstance.py:2330} INFO - Executing <Task(PythonOperator): load_Gov_Buildings_Attr_dim> on 2024-09-03 17:59:06.450178+00:00
[2024-09-03T17:59:33.440+0000] {warnings.py:112} WARNING - /home/***/.local/lib/python3.12/site-packages/***/task/task_runner/standard_task_runner.py:61: DeprecationWarning: This process (pid=90) is multi-threaded, use of fork() may lead to deadlocks in the child.
  pid = os.fork()

[2024-09-03T17:59:33.466+0000] {standard_task_runner.py:63} INFO - Started process 120 to run task
[2024-09-03T17:59:33.560+0000] {standard_task_runner.py:90} INFO - Running: ['***', 'tasks', 'run', 'solar_adoption_dag', 'load_Gov_Buildings_Attr_dim', 'manual__2024-09-03T17:59:06.450178+00:00', '--job-id', '26', '--raw', '--subdir', 'DAGS_FOLDER/etl_dag.py', '--cfg-path', '/tmp/tmpqyu_0g47']
[2024-09-03T17:59:33.575+0000] {standard_task_runner.py:91} INFO - Job 26: Subtask load_Gov_Buildings_Attr_dim
[2024-09-03T17:59:34.405+0000] {task_command.py:426} INFO - Running <TaskInstance: solar_adoption_dag.load_Gov_Buildings_Attr_dim manual__2024-09-03T17:59:06.450178+00:00 [running]> on host fdc592a3d39f
[2024-09-03T17:59:35.355+0000] {taskinstance.py:2648} INFO - Exporting env vars: AIRFLOW_CTX_DAG_OWNER='***' AIRFLOW_CTX_DAG_ID='solar_adoption_dag' AIRFLOW_CTX_TASK_ID='load_Gov_Buildings_Attr_dim' AIRFLOW_CTX_EXECUTION_DATE='2024-09-03T17:59:06.450178+00:00' AIRFLOW_CTX_TRY_NUMBER='1' AIRFLOW_CTX_DAG_RUN_ID='manual__2024-09-03T17:59:06.450178+00:00'
[2024-09-03T17:59:35.367+0000] {taskinstance.py:430} INFO - ::endgroup::
[2024-09-03T17:59:35.487+0000] {taskinstance.py:441} INFO - ::group::Post task execution logs
[2024-09-03T17:59:35.490+0000] {taskinstance.py:2905} ERROR - Task failed with exception
Traceback (most recent call last):
  File "/home/airflow/.local/lib/python3.12/site-packages/airflow/models/taskinstance.py", line 465, in _execute_task
    result = _execute_callable(context=context, **execute_callable_kwargs)
             ^^^^^^^^^^^^^^^^^^^^^^^^^^^^^^^^^^^^^^^^^^^^^^^^^^^^^^^^^^^^^
  File "/home/airflow/.local/lib/python3.12/site-packages/airflow/models/taskinstance.py", line 432, in _execute_callable
    return execute_callable(context=context, **execute_callable_kwargs)
           ^^^^^^^^^^^^^^^^^^^^^^^^^^^^^^^^^^^^^^^^^^^^^^^^^^^^^^^^^^^^
  File "/home/airflow/.local/lib/python3.12/site-packages/airflow/models/baseoperator.py", line 401, in wrapper
    return func(self, *args, **kwargs)
           ^^^^^^^^^^^^^^^^^^^^^^^^^^^
  File "/home/airflow/.local/lib/python3.12/site-packages/airflow/operators/python.py", line 235, in execute
    return_value = self.execute_callable()
                   ^^^^^^^^^^^^^^^^^^^^^^^
  File "/home/airflow/.local/lib/python3.12/site-packages/airflow/operators/python.py", line 252, in execute_callable
    return self.python_callable(*self.op_args, **self.op_kwargs)
           ^^^^^^^^^^^^^^^^^^^^^^^^^^^^^^^^^^^^^^^^^^^^^^^^^^^^^
  File "/opt/airflow/dags/etl_scripts/airflow_pipeline.py", line 122, in load_data
    pd.read_parquet(table_file).to_sql(table_name, conn, if_exists='append', index=False, method=insert_on_conflict_nothing)
    ^^^^^^^^^^^^^^^^^^^^^^^^^^^
  File "/home/airflow/.local/lib/python3.12/site-packages/pandas/io/parquet.py", line 670, in read_parquet
    return impl.read(
           ^^^^^^^^^^
  File "/home/airflow/.local/lib/python3.12/site-packages/pandas/io/parquet.py", line 265, in read
    path_or_handle, handles, filesystem = _get_path_or_handle(
                                          ^^^^^^^^^^^^^^^^^^^^
  File "/home/airflow/.local/lib/python3.12/site-packages/pandas/io/parquet.py", line 139, in _get_path_or_handle
    handles = get_handle(
              ^^^^^^^^^^^
  File "/home/airflow/.local/lib/python3.12/site-packages/pandas/io/common.py", line 872, in get_handle
    handle = open(handle, ioargs.mode)
             ^^^^^^^^^^^^^^^^^^^^^^^^^
FileNotFoundError: [Errno 2] No such file or directory: '/opt/airflow/data/processed/Gov_Buildings_Attr_dim.parquet'
[2024-09-03T17:59:35.565+0000] {taskinstance.py:1206} INFO - Marking task as FAILED. dag_id=solar_adoption_dag, task_id=load_Gov_Buildings_Attr_dim, run_id=manual__2024-09-03T17:59:06.450178+00:00, execution_date=20240903T175906, start_date=20240903T175932, end_date=20240903T175935
[2024-09-03T17:59:35.625+0000] {standard_task_runner.py:110} ERROR - Failed to execute job 26 for task load_Gov_Buildings_Attr_dim ([Errno 2] No such file or directory: '/opt/airflow/data/processed/Gov_Buildings_Attr_dim.parquet'; 120)
[2024-09-03T17:59:35.691+0000] {local_task_job_runner.py:240} INFO - Task exited with return code 1
[2024-09-03T17:59:35.763+0000] {taskinstance.py:3503} INFO - 0 downstream tasks scheduled from follow-on schedule check
[2024-09-03T17:59:35.773+0000] {local_task_job_runner.py:222} INFO - ::endgroup::
