[2024-09-03T17:59:31.605+0000] {local_task_job_runner.py:120} INFO - ::group::Pre task execution logs
[2024-09-03T17:59:31.980+0000] {taskinstance.py:2076} INFO - Dependencies all met for dep_context=non-requeueable deps ti=<TaskInstance: solar_adoption_dag.extract manual__2024-09-03T17:59:06.450178+00:00 [queued]>
[2024-09-03T17:59:32.069+0000] {taskinstance.py:2076} INFO - Dependencies all met for dep_context=requeueable deps ti=<TaskInstance: solar_adoption_dag.extract manual__2024-09-03T17:59:06.450178+00:00 [queued]>
[2024-09-03T17:59:32.081+0000] {taskinstance.py:2306} INFO - Starting attempt 1 of 1
[2024-09-03T17:59:32.191+0000] {taskinstance.py:2330} INFO - Executing <Task(BashOperator): extract> on 2024-09-03 17:59:06.450178+00:00
[2024-09-03T17:59:32.259+0000] {warnings.py:112} WARNING - /home/***/.local/lib/python3.12/site-packages/***/task/task_runner/standard_task_runner.py:61: DeprecationWarning: This process (pid=83) is multi-threaded, use of fork() may lead to deadlocks in the child.
  pid = os.fork()

[2024-09-03T17:59:32.280+0000] {standard_task_runner.py:63} INFO - Started process 115 to run task
[2024-09-03T17:59:32.325+0000] {standard_task_runner.py:90} INFO - Running: ['***', 'tasks', 'run', 'solar_adoption_dag', 'extract', 'manual__2024-09-03T17:59:06.450178+00:00', '--job-id', '22', '--raw', '--subdir', 'DAGS_FOLDER/etl_dag.py', '--cfg-path', '/tmp/tmp2j60ytq8']
[2024-09-03T17:59:32.366+0000] {standard_task_runner.py:91} INFO - Job 22: Subtask extract
[2024-09-03T17:59:32.940+0000] {task_command.py:426} INFO - Running <TaskInstance: solar_adoption_dag.extract manual__2024-09-03T17:59:06.450178+00:00 [running]> on host fdc592a3d39f
[2024-09-03T17:59:34.304+0000] {taskinstance.py:2648} INFO - Exporting env vars: AIRFLOW_CTX_DAG_OWNER='***' AIRFLOW_CTX_DAG_ID='solar_adoption_dag' AIRFLOW_CTX_TASK_ID='extract' AIRFLOW_CTX_EXECUTION_DATE='2024-09-03T17:59:06.450178+00:00' AIRFLOW_CTX_TRY_NUMBER='1' AIRFLOW_CTX_DAG_RUN_ID='manual__2024-09-03T17:59:06.450178+00:00'
[2024-09-03T17:59:34.321+0000] {taskinstance.py:430} INFO - ::endgroup::
[2024-09-03T17:59:34.350+0000] {subprocess.py:63} INFO - Tmp dir root location: /tmp
[2024-09-03T17:59:34.373+0000] {subprocess.py:75} INFO - Running command: ['/usr/bin/bash', '-c', "echo 'initiating extraction'; pwd; cd /opt/***/data/raw/; mv -v $files /opt/***/data/downloads/CurrentDataBatch.csv; cd /opt/***/data/downloads/; echo *"]
[2024-09-03T17:59:34.626+0000] {subprocess.py:86} INFO - Output:
[2024-09-03T17:59:34.667+0000] {subprocess.py:93} INFO - initiating extraction
[2024-09-03T17:59:34.674+0000] {subprocess.py:93} INFO - /tmp/***tmpug5yhcpu
[2024-09-03T17:59:34.844+0000] {subprocess.py:93} INFO - mv: missing destination file operand after '/opt/***/data/downloads/CurrentDataBatch.csv'
[2024-09-03T17:59:34.846+0000] {subprocess.py:93} INFO - Try 'mv --help' for more information.
[2024-09-03T17:59:34.861+0000] {subprocess.py:93} INFO - /usr/bin/bash: line 1: cd: /opt/***/data/downloads/: No such file or directory
[2024-09-03T17:59:34.897+0000] {subprocess.py:93} INFO - STEADy_200_sample_1.csv STEADy_200_sample_2.csv STEADy_200_sample_3.csv
[2024-09-03T17:59:34.899+0000] {subprocess.py:97} INFO - Command exited with return code 0
[2024-09-03T17:59:34.943+0000] {taskinstance.py:441} INFO - ::group::Post task execution logs
[2024-09-03T17:59:35.134+0000] {taskinstance.py:1206} INFO - Marking task as SUCCESS. dag_id=solar_adoption_dag, task_id=extract, run_id=manual__2024-09-03T17:59:06.450178+00:00, execution_date=20240903T175906, start_date=20240903T175931, end_date=20240903T175935
[2024-09-03T17:59:35.303+0000] {local_task_job_runner.py:240} INFO - Task exited with return code 0
[2024-09-03T17:59:35.361+0000] {taskinstance.py:3503} INFO - 0 downstream tasks scheduled from follow-on schedule check
[2024-09-03T17:59:35.400+0000] {local_task_job_runner.py:222} INFO - ::endgroup::
