[2024-09-07T19:12:37.857+0000] {local_task_job_runner.py:120} INFO - ::group::Pre task execution logs
[2024-09-07T19:12:37.903+0000] {taskinstance.py:2076} INFO - Dependencies all met for dep_context=non-requeueable deps ti=<TaskInstance: solar_adoption_dag.extract scheduled__2024-09-06T00:00:00+00:00 [queued]>
[2024-09-07T19:12:37.918+0000] {taskinstance.py:2076} INFO - Dependencies all met for dep_context=requeueable deps ti=<TaskInstance: solar_adoption_dag.extract scheduled__2024-09-06T00:00:00+00:00 [queued]>
[2024-09-07T19:12:37.919+0000] {taskinstance.py:2306} INFO - Starting attempt 1 of 1
[2024-09-07T19:12:37.950+0000] {taskinstance.py:2330} INFO - Executing <Task(BashOperator): extract> on 2024-09-06 00:00:00+00:00
[2024-09-07T19:12:37.972+0000] {warnings.py:112} WARNING - /home/***/.local/lib/python3.12/site-packages/***/task/task_runner/standard_task_runner.py:61: DeprecationWarning: This process (pid=85) is multi-threaded, use of fork() may lead to deadlocks in the child.
  pid = os.fork()

[2024-09-07T19:12:37.976+0000] {standard_task_runner.py:63} INFO - Started process 90 to run task
[2024-09-07T19:12:37.985+0000] {standard_task_runner.py:90} INFO - Running: ['***', 'tasks', 'run', 'solar_adoption_dag', 'extract', 'scheduled__2024-09-06T00:00:00+00:00', '--job-id', '3', '--raw', '--subdir', 'DAGS_FOLDER/etl_dag.py', '--cfg-path', '/tmp/tmp0nmyedlp']
[2024-09-07T19:12:37.990+0000] {standard_task_runner.py:91} INFO - Job 3: Subtask extract
[2024-09-07T19:12:38.112+0000] {task_command.py:426} INFO - Running <TaskInstance: solar_adoption_dag.extract scheduled__2024-09-06T00:00:00+00:00 [running]> on host a319a30e0358
[2024-09-07T19:12:38.278+0000] {taskinstance.py:2648} INFO - Exporting env vars: AIRFLOW_CTX_DAG_OWNER='***' AIRFLOW_CTX_DAG_ID='solar_adoption_dag' AIRFLOW_CTX_TASK_ID='extract' AIRFLOW_CTX_EXECUTION_DATE='2024-09-06T00:00:00+00:00' AIRFLOW_CTX_TRY_NUMBER='1' AIRFLOW_CTX_DAG_RUN_ID='scheduled__2024-09-06T00:00:00+00:00'
[2024-09-07T19:12:38.280+0000] {taskinstance.py:430} INFO - ::endgroup::
[2024-09-07T19:12:38.321+0000] {subprocess.py:63} INFO - Tmp dir root location: /tmp
[2024-09-07T19:12:38.323+0000] {subprocess.py:75} INFO - Running command: ['/usr/bin/bash', '-c', "echo 'initiating extraction'; cd /opt/***/data/raw/; files=(*); mv -v $files /opt/***/data/raw/z_CurrentDataBatch.csv; echo *"]
[2024-09-07T19:12:38.341+0000] {subprocess.py:86} INFO - Output:
[2024-09-07T19:12:38.344+0000] {subprocess.py:93} INFO - initiating extraction
[2024-09-07T19:12:38.357+0000] {subprocess.py:93} INFO - mv: cannot stat 'STEADy_200_sample_1.csv': No such file or directory
[2024-09-07T19:12:38.359+0000] {subprocess.py:93} INFO - STEADy_200_sample_2.csv STEADy_200_sample_3.csv z_CurrentDataBatch.csv
[2024-09-07T19:12:38.359+0000] {subprocess.py:97} INFO - Command exited with return code 0
[2024-09-07T19:12:38.361+0000] {taskinstance.py:441} INFO - ::group::Post task execution logs
[2024-09-07T19:12:38.386+0000] {taskinstance.py:1206} INFO - Marking task as SUCCESS. dag_id=solar_adoption_dag, task_id=extract, run_id=scheduled__2024-09-06T00:00:00+00:00, execution_date=20240906T000000, start_date=20240907T191237, end_date=20240907T191238
[2024-09-07T19:12:38.435+0000] {local_task_job_runner.py:240} INFO - Task exited with return code 0
[2024-09-07T19:12:38.472+0000] {taskinstance.py:3503} INFO - 1 downstream tasks scheduled from follow-on schedule check
[2024-09-07T19:12:38.474+0000] {local_task_job_runner.py:222} INFO - ::endgroup::
[2024-09-07T19:48:07.193+0000] {local_task_job_runner.py:120} INFO - ::group::Pre task execution logs
[2024-09-07T19:48:07.241+0000] {taskinstance.py:2076} INFO - Dependencies all met for dep_context=non-requeueable deps ti=<TaskInstance: solar_adoption_dag.extract scheduled__2024-09-06T00:00:00+00:00 [queued]>
[2024-09-07T19:48:07.257+0000] {taskinstance.py:2076} INFO - Dependencies all met for dep_context=requeueable deps ti=<TaskInstance: solar_adoption_dag.extract scheduled__2024-09-06T00:00:00+00:00 [queued]>
[2024-09-07T19:48:07.258+0000] {taskinstance.py:2306} INFO - Starting attempt 1 of 1
[2024-09-07T19:48:07.290+0000] {taskinstance.py:2330} INFO - Executing <Task(BashOperator): extract> on 2024-09-06 00:00:00+00:00
[2024-09-07T19:48:07.301+0000] {warnings.py:112} WARNING - /home/***/.local/lib/python3.12/site-packages/***/task/task_runner/standard_task_runner.py:61: DeprecationWarning: This process (pid=86) is multi-threaded, use of fork() may lead to deadlocks in the child.
  pid = os.fork()

[2024-09-07T19:48:07.305+0000] {standard_task_runner.py:63} INFO - Started process 89 to run task
[2024-09-07T19:48:07.306+0000] {standard_task_runner.py:90} INFO - Running: ['***', 'tasks', 'run', 'solar_adoption_dag', 'extract', 'scheduled__2024-09-06T00:00:00+00:00', '--job-id', '3', '--raw', '--subdir', 'DAGS_FOLDER/etl_dag.py', '--cfg-path', '/tmp/tmpnahs3b2j']
[2024-09-07T19:48:07.311+0000] {standard_task_runner.py:91} INFO - Job 3: Subtask extract
[2024-09-07T19:48:07.380+0000] {task_command.py:426} INFO - Running <TaskInstance: solar_adoption_dag.extract scheduled__2024-09-06T00:00:00+00:00 [running]> on host 12b5a669b840
[2024-09-07T19:48:07.490+0000] {taskinstance.py:2648} INFO - Exporting env vars: AIRFLOW_CTX_DAG_OWNER='***' AIRFLOW_CTX_DAG_ID='solar_adoption_dag' AIRFLOW_CTX_TASK_ID='extract' AIRFLOW_CTX_EXECUTION_DATE='2024-09-06T00:00:00+00:00' AIRFLOW_CTX_TRY_NUMBER='1' AIRFLOW_CTX_DAG_RUN_ID='scheduled__2024-09-06T00:00:00+00:00'
[2024-09-07T19:48:07.491+0000] {taskinstance.py:430} INFO - ::endgroup::
[2024-09-07T19:48:07.522+0000] {subprocess.py:63} INFO - Tmp dir root location: /tmp
[2024-09-07T19:48:07.523+0000] {subprocess.py:75} INFO - Running command: ['/usr/bin/bash', '-c', "echo 'initiating extraction'; cd /opt/***/data/raw/; files=(*); mv -v $files /opt/***/data/raw/z_CurrentDataBatch.csv; echo *"]
[2024-09-07T19:48:07.537+0000] {subprocess.py:86} INFO - Output:
[2024-09-07T19:48:07.538+0000] {subprocess.py:93} INFO - initiating extraction
[2024-09-07T19:48:07.548+0000] {subprocess.py:93} INFO - mv: 'z_CurrentDataBatch.csv' and '/opt/***/data/raw/z_CurrentDataBatch.csv' are the same file
[2024-09-07T19:48:07.550+0000] {subprocess.py:93} INFO - z_CurrentDataBatch.csv
[2024-09-07T19:48:07.550+0000] {subprocess.py:97} INFO - Command exited with return code 0
[2024-09-07T19:48:07.551+0000] {taskinstance.py:441} INFO - ::group::Post task execution logs
[2024-09-07T19:48:07.576+0000] {taskinstance.py:1206} INFO - Marking task as SUCCESS. dag_id=solar_adoption_dag, task_id=extract, run_id=scheduled__2024-09-06T00:00:00+00:00, execution_date=20240906T000000, start_date=20240907T194807, end_date=20240907T194807
[2024-09-07T19:48:07.603+0000] {local_task_job_runner.py:240} INFO - Task exited with return code 0
[2024-09-07T19:48:07.653+0000] {taskinstance.py:3503} INFO - 1 downstream tasks scheduled from follow-on schedule check
[2024-09-07T19:48:07.656+0000] {local_task_job_runner.py:222} INFO - ::endgroup::
[2024-09-07T19:53:48.111+0000] {local_task_job_runner.py:120} INFO - ::group::Pre task execution logs
[2024-09-07T19:53:48.165+0000] {taskinstance.py:2076} INFO - Dependencies all met for dep_context=non-requeueable deps ti=<TaskInstance: solar_adoption_dag.extract scheduled__2024-09-06T00:00:00+00:00 [queued]>
[2024-09-07T19:53:48.187+0000] {taskinstance.py:2076} INFO - Dependencies all met for dep_context=requeueable deps ti=<TaskInstance: solar_adoption_dag.extract scheduled__2024-09-06T00:00:00+00:00 [queued]>
[2024-09-07T19:53:48.188+0000] {taskinstance.py:2306} INFO - Starting attempt 1 of 1
[2024-09-07T19:53:48.215+0000] {taskinstance.py:2330} INFO - Executing <Task(BashOperator): extract> on 2024-09-06 00:00:00+00:00
[2024-09-07T19:53:48.225+0000] {warnings.py:112} WARNING - /home/***/.local/lib/python3.12/site-packages/***/task/task_runner/standard_task_runner.py:61: DeprecationWarning: This process (pid=78) is multi-threaded, use of fork() may lead to deadlocks in the child.
  pid = os.fork()

[2024-09-07T19:53:48.228+0000] {standard_task_runner.py:63} INFO - Started process 82 to run task
[2024-09-07T19:53:48.228+0000] {standard_task_runner.py:90} INFO - Running: ['***', 'tasks', 'run', 'solar_adoption_dag', 'extract', 'scheduled__2024-09-06T00:00:00+00:00', '--job-id', '3', '--raw', '--subdir', 'DAGS_FOLDER/etl_dag.py', '--cfg-path', '/tmp/tmpdmimilb2']
[2024-09-07T19:53:48.234+0000] {standard_task_runner.py:91} INFO - Job 3: Subtask extract
[2024-09-07T19:53:48.321+0000] {task_command.py:426} INFO - Running <TaskInstance: solar_adoption_dag.extract scheduled__2024-09-06T00:00:00+00:00 [running]> on host d49a8c6f87aa
[2024-09-07T19:53:48.445+0000] {taskinstance.py:2648} INFO - Exporting env vars: AIRFLOW_CTX_DAG_OWNER='***' AIRFLOW_CTX_DAG_ID='solar_adoption_dag' AIRFLOW_CTX_TASK_ID='extract' AIRFLOW_CTX_EXECUTION_DATE='2024-09-06T00:00:00+00:00' AIRFLOW_CTX_TRY_NUMBER='1' AIRFLOW_CTX_DAG_RUN_ID='scheduled__2024-09-06T00:00:00+00:00'
[2024-09-07T19:53:48.446+0000] {taskinstance.py:430} INFO - ::endgroup::
[2024-09-07T19:53:48.542+0000] {subprocess.py:63} INFO - Tmp dir root location: /tmp
[2024-09-07T19:53:48.553+0000] {subprocess.py:75} INFO - Running command: ['/usr/bin/bash', '-c', "echo 'initiating extraction'; cd /opt/***/data/raw/; files=(*); mv -v $files /opt/***/data/raw/z_CurrentDataBatch.csv; echo *"]
[2024-09-07T19:53:48.584+0000] {subprocess.py:86} INFO - Output:
[2024-09-07T19:53:48.601+0000] {subprocess.py:93} INFO - initiating extraction
[2024-09-07T19:53:48.638+0000] {subprocess.py:93} INFO - mv: 'z_CurrentDataBatch.csv' and '/opt/***/data/raw/z_CurrentDataBatch.csv' are the same file
[2024-09-07T19:53:48.651+0000] {subprocess.py:93} INFO - z_CurrentDataBatch.csv
[2024-09-07T19:53:48.667+0000] {subprocess.py:97} INFO - Command exited with return code 0
[2024-09-07T19:53:48.669+0000] {taskinstance.py:441} INFO - ::group::Post task execution logs
[2024-09-07T19:53:48.745+0000] {taskinstance.py:1206} INFO - Marking task as SUCCESS. dag_id=solar_adoption_dag, task_id=extract, run_id=scheduled__2024-09-06T00:00:00+00:00, execution_date=20240906T000000, start_date=20240907T195348, end_date=20240907T195348
[2024-09-07T19:53:48.778+0000] {local_task_job_runner.py:240} INFO - Task exited with return code 0
[2024-09-07T19:53:48.842+0000] {taskinstance.py:3503} INFO - 1 downstream tasks scheduled from follow-on schedule check
[2024-09-07T19:53:48.845+0000] {local_task_job_runner.py:222} INFO - ::endgroup::
